[2025-07-17T12:45:03.722-0500] {processor.py:161} INFO - Started process (PID=13482) to work on /home/abhiram/jobtrak-stack/venv/lib/python3.12/site-packages/airflow/example_dags/example_task_group_decorator.py
[2025-07-17T12:45:03.722-0500] {processor.py:830} INFO - Processing file /home/abhiram/jobtrak-stack/venv/lib/python3.12/site-packages/airflow/example_dags/example_task_group_decorator.py for tasks to queue
[2025-07-17T12:45:03.723-0500] {logging_mixin.py:188} INFO - [2025-07-17T12:45:03.723-0500] {dagbag.py:545} INFO - Filling up the DagBag from /home/abhiram/jobtrak-stack/venv/lib/python3.12/site-packages/airflow/example_dags/example_task_group_decorator.py
[2025-07-17T12:45:03.731-0500] {processor.py:840} INFO - DAG(s) 'example_task_group_decorator' retrieved from /home/abhiram/jobtrak-stack/venv/lib/python3.12/site-packages/airflow/example_dags/example_task_group_decorator.py
[2025-07-17T12:45:03.811-0500] {logging_mixin.py:188} INFO - [2025-07-17T12:45:03.811-0500] {dag.py:3096} INFO - Sync 1 DAGs
[2025-07-17T12:45:03.827-0500] {logging_mixin.py:188} INFO - [2025-07-17T12:45:03.827-0500] {dag.py:3954} INFO - Setting next_dagrun for example_task_group_decorator to 2025-07-16 00:00:00+00:00, run_after=2025-07-17 00:00:00+00:00
[2025-07-17T12:45:03.848-0500] {processor.py:183} INFO - Processing /home/abhiram/jobtrak-stack/venv/lib/python3.12/site-packages/airflow/example_dags/example_task_group_decorator.py took 0.131 seconds
[2025-07-17T12:45:34.949-0500] {processor.py:161} INFO - Started process (PID=13610) to work on /home/abhiram/jobtrak-stack/venv/lib/python3.12/site-packages/airflow/example_dags/example_task_group_decorator.py
[2025-07-17T12:45:34.951-0500] {processor.py:830} INFO - Processing file /home/abhiram/jobtrak-stack/venv/lib/python3.12/site-packages/airflow/example_dags/example_task_group_decorator.py for tasks to queue
[2025-07-17T12:45:34.952-0500] {logging_mixin.py:188} INFO - [2025-07-17T12:45:34.952-0500] {dagbag.py:545} INFO - Filling up the DagBag from /home/abhiram/jobtrak-stack/venv/lib/python3.12/site-packages/airflow/example_dags/example_task_group_decorator.py
[2025-07-17T12:45:34.964-0500] {processor.py:840} INFO - DAG(s) 'example_task_group_decorator' retrieved from /home/abhiram/jobtrak-stack/venv/lib/python3.12/site-packages/airflow/example_dags/example_task_group_decorator.py
[2025-07-17T12:45:35.015-0500] {logging_mixin.py:188} INFO - [2025-07-17T12:45:35.015-0500] {dag.py:3096} INFO - Sync 1 DAGs
[2025-07-17T12:45:35.049-0500] {logging_mixin.py:188} INFO - [2025-07-17T12:45:35.048-0500] {dag.py:3954} INFO - Setting next_dagrun for example_task_group_decorator to 2025-07-16 00:00:00+00:00, run_after=2025-07-17 00:00:00+00:00
[2025-07-17T12:45:35.091-0500] {processor.py:183} INFO - Processing /home/abhiram/jobtrak-stack/venv/lib/python3.12/site-packages/airflow/example_dags/example_task_group_decorator.py took 0.151 seconds
[2025-07-17T12:46:05.940-0500] {processor.py:161} INFO - Started process (PID=13727) to work on /home/abhiram/jobtrak-stack/venv/lib/python3.12/site-packages/airflow/example_dags/example_task_group_decorator.py
[2025-07-17T12:46:05.942-0500] {processor.py:830} INFO - Processing file /home/abhiram/jobtrak-stack/venv/lib/python3.12/site-packages/airflow/example_dags/example_task_group_decorator.py for tasks to queue
[2025-07-17T12:46:05.945-0500] {logging_mixin.py:188} INFO - [2025-07-17T12:46:05.945-0500] {dagbag.py:545} INFO - Filling up the DagBag from /home/abhiram/jobtrak-stack/venv/lib/python3.12/site-packages/airflow/example_dags/example_task_group_decorator.py
[2025-07-17T12:46:05.961-0500] {processor.py:840} INFO - DAG(s) 'example_task_group_decorator' retrieved from /home/abhiram/jobtrak-stack/venv/lib/python3.12/site-packages/airflow/example_dags/example_task_group_decorator.py
[2025-07-17T12:46:06.000-0500] {logging_mixin.py:188} INFO - [2025-07-17T12:46:06.000-0500] {dag.py:3096} INFO - Sync 1 DAGs
[2025-07-17T12:46:06.029-0500] {logging_mixin.py:188} INFO - [2025-07-17T12:46:06.029-0500] {dag.py:3954} INFO - Setting next_dagrun for example_task_group_decorator to 2025-07-16 00:00:00+00:00, run_after=2025-07-17 00:00:00+00:00
[2025-07-17T12:46:06.050-0500] {processor.py:183} INFO - Processing /home/abhiram/jobtrak-stack/venv/lib/python3.12/site-packages/airflow/example_dags/example_task_group_decorator.py took 0.115 seconds
[2025-07-17T12:46:36.953-0500] {processor.py:161} INFO - Started process (PID=13843) to work on /home/abhiram/jobtrak-stack/venv/lib/python3.12/site-packages/airflow/example_dags/example_task_group_decorator.py
[2025-07-17T12:46:36.954-0500] {processor.py:830} INFO - Processing file /home/abhiram/jobtrak-stack/venv/lib/python3.12/site-packages/airflow/example_dags/example_task_group_decorator.py for tasks to queue
[2025-07-17T12:46:36.956-0500] {logging_mixin.py:188} INFO - [2025-07-17T12:46:36.955-0500] {dagbag.py:545} INFO - Filling up the DagBag from /home/abhiram/jobtrak-stack/venv/lib/python3.12/site-packages/airflow/example_dags/example_task_group_decorator.py
[2025-07-17T12:46:36.973-0500] {processor.py:840} INFO - DAG(s) 'example_task_group_decorator' retrieved from /home/abhiram/jobtrak-stack/venv/lib/python3.12/site-packages/airflow/example_dags/example_task_group_decorator.py
[2025-07-17T12:46:37.020-0500] {logging_mixin.py:188} INFO - [2025-07-17T12:46:37.020-0500] {dag.py:3096} INFO - Sync 1 DAGs
[2025-07-17T12:46:37.054-0500] {logging_mixin.py:188} INFO - [2025-07-17T12:46:37.053-0500] {dag.py:3954} INFO - Setting next_dagrun for example_task_group_decorator to 2025-07-16 00:00:00+00:00, run_after=2025-07-17 00:00:00+00:00
[2025-07-17T12:46:37.111-0500] {processor.py:183} INFO - Processing /home/abhiram/jobtrak-stack/venv/lib/python3.12/site-packages/airflow/example_dags/example_task_group_decorator.py took 0.166 seconds
[2025-07-17T12:47:08.145-0500] {processor.py:161} INFO - Started process (PID=13958) to work on /home/abhiram/jobtrak-stack/venv/lib/python3.12/site-packages/airflow/example_dags/example_task_group_decorator.py
[2025-07-17T12:47:08.146-0500] {processor.py:830} INFO - Processing file /home/abhiram/jobtrak-stack/venv/lib/python3.12/site-packages/airflow/example_dags/example_task_group_decorator.py for tasks to queue
[2025-07-17T12:47:08.148-0500] {logging_mixin.py:188} INFO - [2025-07-17T12:47:08.148-0500] {dagbag.py:545} INFO - Filling up the DagBag from /home/abhiram/jobtrak-stack/venv/lib/python3.12/site-packages/airflow/example_dags/example_task_group_decorator.py
[2025-07-17T12:47:08.163-0500] {processor.py:840} INFO - DAG(s) 'example_task_group_decorator' retrieved from /home/abhiram/jobtrak-stack/venv/lib/python3.12/site-packages/airflow/example_dags/example_task_group_decorator.py
[2025-07-17T12:47:08.199-0500] {logging_mixin.py:188} INFO - [2025-07-17T12:47:08.198-0500] {dag.py:3096} INFO - Sync 1 DAGs
[2025-07-17T12:47:08.222-0500] {logging_mixin.py:188} INFO - [2025-07-17T12:47:08.222-0500] {dag.py:3954} INFO - Setting next_dagrun for example_task_group_decorator to 2025-07-16 00:00:00+00:00, run_after=2025-07-17 00:00:00+00:00
[2025-07-17T12:47:08.248-0500] {processor.py:183} INFO - Processing /home/abhiram/jobtrak-stack/venv/lib/python3.12/site-packages/airflow/example_dags/example_task_group_decorator.py took 0.110 seconds
[2025-07-17T12:47:38.367-0500] {processor.py:161} INFO - Started process (PID=14062) to work on /home/abhiram/jobtrak-stack/venv/lib/python3.12/site-packages/airflow/example_dags/example_task_group_decorator.py
[2025-07-17T12:47:38.368-0500] {processor.py:830} INFO - Processing file /home/abhiram/jobtrak-stack/venv/lib/python3.12/site-packages/airflow/example_dags/example_task_group_decorator.py for tasks to queue
[2025-07-17T12:47:38.371-0500] {logging_mixin.py:188} INFO - [2025-07-17T12:47:38.370-0500] {dagbag.py:545} INFO - Filling up the DagBag from /home/abhiram/jobtrak-stack/venv/lib/python3.12/site-packages/airflow/example_dags/example_task_group_decorator.py
[2025-07-17T12:47:38.392-0500] {processor.py:840} INFO - DAG(s) 'example_task_group_decorator' retrieved from /home/abhiram/jobtrak-stack/venv/lib/python3.12/site-packages/airflow/example_dags/example_task_group_decorator.py
[2025-07-17T12:47:38.435-0500] {logging_mixin.py:188} INFO - [2025-07-17T12:47:38.435-0500] {dag.py:3096} INFO - Sync 1 DAGs
[2025-07-17T12:47:38.466-0500] {logging_mixin.py:188} INFO - [2025-07-17T12:47:38.465-0500] {dag.py:3954} INFO - Setting next_dagrun for example_task_group_decorator to 2025-07-16 00:00:00+00:00, run_after=2025-07-17 00:00:00+00:00
[2025-07-17T12:47:38.564-0500] {processor.py:183} INFO - Processing /home/abhiram/jobtrak-stack/venv/lib/python3.12/site-packages/airflow/example_dags/example_task_group_decorator.py took 0.205 seconds
