[2025-07-17T12:45:04.326-0500] {processor.py:161} INFO - Started process (PID=13502) to work on /home/abhiram/jobtrak-stack/venv/lib/python3.12/site-packages/airflow/example_dags/example_nested_branch_dag.py
[2025-07-17T12:45:04.327-0500] {processor.py:830} INFO - Processing file /home/abhiram/jobtrak-stack/venv/lib/python3.12/site-packages/airflow/example_dags/example_nested_branch_dag.py for tasks to queue
[2025-07-17T12:45:04.328-0500] {logging_mixin.py:188} INFO - [2025-07-17T12:45:04.328-0500] {dagbag.py:545} INFO - Filling up the DagBag from /home/abhiram/jobtrak-stack/venv/lib/python3.12/site-packages/airflow/example_dags/example_nested_branch_dag.py
[2025-07-17T12:45:04.334-0500] {processor.py:840} INFO - DAG(s) 'example_nested_branch_dag' retrieved from /home/abhiram/jobtrak-stack/venv/lib/python3.12/site-packages/airflow/example_dags/example_nested_branch_dag.py
[2025-07-17T12:45:04.405-0500] {logging_mixin.py:188} INFO - [2025-07-17T12:45:04.405-0500] {dag.py:3096} INFO - Sync 1 DAGs
[2025-07-17T12:45:04.424-0500] {logging_mixin.py:188} INFO - [2025-07-17T12:45:04.423-0500] {dag.py:3954} INFO - Setting next_dagrun for example_nested_branch_dag to 2025-07-16 00:00:00+00:00, run_after=2025-07-17 00:00:00+00:00
[2025-07-17T12:45:04.441-0500] {processor.py:183} INFO - Processing /home/abhiram/jobtrak-stack/venv/lib/python3.12/site-packages/airflow/example_dags/example_nested_branch_dag.py took 0.118 seconds
[2025-07-17T12:45:35.750-0500] {processor.py:161} INFO - Started process (PID=13630) to work on /home/abhiram/jobtrak-stack/venv/lib/python3.12/site-packages/airflow/example_dags/example_nested_branch_dag.py
[2025-07-17T12:45:35.753-0500] {processor.py:830} INFO - Processing file /home/abhiram/jobtrak-stack/venv/lib/python3.12/site-packages/airflow/example_dags/example_nested_branch_dag.py for tasks to queue
[2025-07-17T12:45:35.755-0500] {logging_mixin.py:188} INFO - [2025-07-17T12:45:35.755-0500] {dagbag.py:545} INFO - Filling up the DagBag from /home/abhiram/jobtrak-stack/venv/lib/python3.12/site-packages/airflow/example_dags/example_nested_branch_dag.py
[2025-07-17T12:45:35.778-0500] {processor.py:840} INFO - DAG(s) 'example_nested_branch_dag' retrieved from /home/abhiram/jobtrak-stack/venv/lib/python3.12/site-packages/airflow/example_dags/example_nested_branch_dag.py
[2025-07-17T12:45:35.840-0500] {logging_mixin.py:188} INFO - [2025-07-17T12:45:35.838-0500] {dag.py:3096} INFO - Sync 1 DAGs
[2025-07-17T12:45:35.875-0500] {logging_mixin.py:188} INFO - [2025-07-17T12:45:35.875-0500] {dag.py:3954} INFO - Setting next_dagrun for example_nested_branch_dag to 2025-07-16 00:00:00+00:00, run_after=2025-07-17 00:00:00+00:00
[2025-07-17T12:45:35.909-0500] {processor.py:183} INFO - Processing /home/abhiram/jobtrak-stack/venv/lib/python3.12/site-packages/airflow/example_dags/example_nested_branch_dag.py took 0.169 seconds
[2025-07-17T12:46:06.577-0500] {processor.py:161} INFO - Started process (PID=13747) to work on /home/abhiram/jobtrak-stack/venv/lib/python3.12/site-packages/airflow/example_dags/example_nested_branch_dag.py
[2025-07-17T12:46:06.579-0500] {processor.py:830} INFO - Processing file /home/abhiram/jobtrak-stack/venv/lib/python3.12/site-packages/airflow/example_dags/example_nested_branch_dag.py for tasks to queue
[2025-07-17T12:46:06.581-0500] {logging_mixin.py:188} INFO - [2025-07-17T12:46:06.580-0500] {dagbag.py:545} INFO - Filling up the DagBag from /home/abhiram/jobtrak-stack/venv/lib/python3.12/site-packages/airflow/example_dags/example_nested_branch_dag.py
[2025-07-17T12:46:06.594-0500] {processor.py:840} INFO - DAG(s) 'example_nested_branch_dag' retrieved from /home/abhiram/jobtrak-stack/venv/lib/python3.12/site-packages/airflow/example_dags/example_nested_branch_dag.py
[2025-07-17T12:46:06.621-0500] {logging_mixin.py:188} INFO - [2025-07-17T12:46:06.621-0500] {dag.py:3096} INFO - Sync 1 DAGs
[2025-07-17T12:46:06.641-0500] {logging_mixin.py:188} INFO - [2025-07-17T12:46:06.641-0500] {dag.py:3954} INFO - Setting next_dagrun for example_nested_branch_dag to 2025-07-16 00:00:00+00:00, run_after=2025-07-17 00:00:00+00:00
[2025-07-17T12:46:06.661-0500] {processor.py:183} INFO - Processing /home/abhiram/jobtrak-stack/venv/lib/python3.12/site-packages/airflow/example_dags/example_nested_branch_dag.py took 0.094 seconds
[2025-07-17T12:46:38.020-0500] {processor.py:161} INFO - Started process (PID=13863) to work on /home/abhiram/jobtrak-stack/venv/lib/python3.12/site-packages/airflow/example_dags/example_nested_branch_dag.py
[2025-07-17T12:46:38.021-0500] {processor.py:830} INFO - Processing file /home/abhiram/jobtrak-stack/venv/lib/python3.12/site-packages/airflow/example_dags/example_nested_branch_dag.py for tasks to queue
[2025-07-17T12:46:38.022-0500] {logging_mixin.py:188} INFO - [2025-07-17T12:46:38.022-0500] {dagbag.py:545} INFO - Filling up the DagBag from /home/abhiram/jobtrak-stack/venv/lib/python3.12/site-packages/airflow/example_dags/example_nested_branch_dag.py
[2025-07-17T12:46:38.041-0500] {processor.py:840} INFO - DAG(s) 'example_nested_branch_dag' retrieved from /home/abhiram/jobtrak-stack/venv/lib/python3.12/site-packages/airflow/example_dags/example_nested_branch_dag.py
[2025-07-17T12:46:38.089-0500] {logging_mixin.py:188} INFO - [2025-07-17T12:46:38.088-0500] {dag.py:3096} INFO - Sync 1 DAGs
[2025-07-17T12:46:38.121-0500] {logging_mixin.py:188} INFO - [2025-07-17T12:46:38.120-0500] {dag.py:3954} INFO - Setting next_dagrun for example_nested_branch_dag to 2025-07-16 00:00:00+00:00, run_after=2025-07-17 00:00:00+00:00
[2025-07-17T12:46:38.153-0500] {processor.py:183} INFO - Processing /home/abhiram/jobtrak-stack/venv/lib/python3.12/site-packages/airflow/example_dags/example_nested_branch_dag.py took 0.144 seconds
[2025-07-17T12:47:09.238-0500] {processor.py:161} INFO - Started process (PID=13978) to work on /home/abhiram/jobtrak-stack/venv/lib/python3.12/site-packages/airflow/example_dags/example_nested_branch_dag.py
[2025-07-17T12:47:09.240-0500] {processor.py:830} INFO - Processing file /home/abhiram/jobtrak-stack/venv/lib/python3.12/site-packages/airflow/example_dags/example_nested_branch_dag.py for tasks to queue
[2025-07-17T12:47:09.241-0500] {logging_mixin.py:188} INFO - [2025-07-17T12:47:09.241-0500] {dagbag.py:545} INFO - Filling up the DagBag from /home/abhiram/jobtrak-stack/venv/lib/python3.12/site-packages/airflow/example_dags/example_nested_branch_dag.py
[2025-07-17T12:47:09.250-0500] {processor.py:840} INFO - DAG(s) 'example_nested_branch_dag' retrieved from /home/abhiram/jobtrak-stack/venv/lib/python3.12/site-packages/airflow/example_dags/example_nested_branch_dag.py
[2025-07-17T12:47:09.294-0500] {logging_mixin.py:188} INFO - [2025-07-17T12:47:09.293-0500] {dag.py:3096} INFO - Sync 1 DAGs
[2025-07-17T12:47:09.325-0500] {logging_mixin.py:188} INFO - [2025-07-17T12:47:09.325-0500] {dag.py:3954} INFO - Setting next_dagrun for example_nested_branch_dag to 2025-07-16 00:00:00+00:00, run_after=2025-07-17 00:00:00+00:00
[2025-07-17T12:47:09.353-0500] {processor.py:183} INFO - Processing /home/abhiram/jobtrak-stack/venv/lib/python3.12/site-packages/airflow/example_dags/example_nested_branch_dag.py took 0.120 seconds
[2025-07-17T12:47:40.350-0500] {processor.py:161} INFO - Started process (PID=14083) to work on /home/abhiram/jobtrak-stack/venv/lib/python3.12/site-packages/airflow/example_dags/example_nested_branch_dag.py
[2025-07-17T12:47:40.351-0500] {processor.py:830} INFO - Processing file /home/abhiram/jobtrak-stack/venv/lib/python3.12/site-packages/airflow/example_dags/example_nested_branch_dag.py for tasks to queue
[2025-07-17T12:47:40.352-0500] {logging_mixin.py:188} INFO - [2025-07-17T12:47:40.352-0500] {dagbag.py:545} INFO - Filling up the DagBag from /home/abhiram/jobtrak-stack/venv/lib/python3.12/site-packages/airflow/example_dags/example_nested_branch_dag.py
[2025-07-17T12:47:40.365-0500] {processor.py:840} INFO - DAG(s) 'example_nested_branch_dag' retrieved from /home/abhiram/jobtrak-stack/venv/lib/python3.12/site-packages/airflow/example_dags/example_nested_branch_dag.py
[2025-07-17T12:47:40.402-0500] {logging_mixin.py:188} INFO - [2025-07-17T12:47:40.401-0500] {dag.py:3096} INFO - Sync 1 DAGs
[2025-07-17T12:47:40.429-0500] {logging_mixin.py:188} INFO - [2025-07-17T12:47:40.428-0500] {dag.py:3954} INFO - Setting next_dagrun for example_nested_branch_dag to 2025-07-16 00:00:00+00:00, run_after=2025-07-17 00:00:00+00:00
[2025-07-17T12:47:40.458-0500] {processor.py:183} INFO - Processing /home/abhiram/jobtrak-stack/venv/lib/python3.12/site-packages/airflow/example_dags/example_nested_branch_dag.py took 0.115 seconds
