[2025-07-17T12:45:04.816-0500] {processor.py:161} INFO - Started process (PID=13514) to work on /home/abhiram/jobtrak-stack/venv/lib/python3.12/site-packages/airflow/example_dags/example_trigger_controller_dag.py
[2025-07-17T12:45:04.816-0500] {processor.py:830} INFO - Processing file /home/abhiram/jobtrak-stack/venv/lib/python3.12/site-packages/airflow/example_dags/example_trigger_controller_dag.py for tasks to queue
[2025-07-17T12:45:04.817-0500] {logging_mixin.py:188} INFO - [2025-07-17T12:45:04.817-0500] {dagbag.py:545} INFO - Filling up the DagBag from /home/abhiram/jobtrak-stack/venv/lib/python3.12/site-packages/airflow/example_dags/example_trigger_controller_dag.py
[2025-07-17T12:45:04.821-0500] {processor.py:840} INFO - DAG(s) 'example_trigger_controller_dag' retrieved from /home/abhiram/jobtrak-stack/venv/lib/python3.12/site-packages/airflow/example_dags/example_trigger_controller_dag.py
[2025-07-17T12:45:04.887-0500] {logging_mixin.py:188} INFO - [2025-07-17T12:45:04.887-0500] {dag.py:3096} INFO - Sync 1 DAGs
[2025-07-17T12:45:04.899-0500] {logging_mixin.py:188} INFO - [2025-07-17T12:45:04.899-0500] {dag.py:3954} INFO - Setting next_dagrun for example_trigger_controller_dag to 2021-01-01 00:00:00+00:00, run_after=2021-01-01 00:00:00+00:00
[2025-07-17T12:45:04.915-0500] {processor.py:183} INFO - Processing /home/abhiram/jobtrak-stack/venv/lib/python3.12/site-packages/airflow/example_dags/example_trigger_controller_dag.py took 0.103 seconds
[2025-07-17T12:45:36.483-0500] {processor.py:161} INFO - Started process (PID=13645) to work on /home/abhiram/jobtrak-stack/venv/lib/python3.12/site-packages/airflow/example_dags/example_trigger_controller_dag.py
[2025-07-17T12:45:36.486-0500] {processor.py:830} INFO - Processing file /home/abhiram/jobtrak-stack/venv/lib/python3.12/site-packages/airflow/example_dags/example_trigger_controller_dag.py for tasks to queue
[2025-07-17T12:45:36.489-0500] {logging_mixin.py:188} INFO - [2025-07-17T12:45:36.488-0500] {dagbag.py:545} INFO - Filling up the DagBag from /home/abhiram/jobtrak-stack/venv/lib/python3.12/site-packages/airflow/example_dags/example_trigger_controller_dag.py
[2025-07-17T12:45:36.494-0500] {processor.py:840} INFO - DAG(s) 'example_trigger_controller_dag' retrieved from /home/abhiram/jobtrak-stack/venv/lib/python3.12/site-packages/airflow/example_dags/example_trigger_controller_dag.py
[2025-07-17T12:45:36.526-0500] {logging_mixin.py:188} INFO - [2025-07-17T12:45:36.526-0500] {dag.py:3096} INFO - Sync 1 DAGs
[2025-07-17T12:45:36.553-0500] {logging_mixin.py:188} INFO - [2025-07-17T12:45:36.553-0500] {dag.py:3954} INFO - Setting next_dagrun for example_trigger_controller_dag to 2021-01-01 00:00:00+00:00, run_after=2021-01-01 00:00:00+00:00
[2025-07-17T12:45:36.583-0500] {processor.py:183} INFO - Processing /home/abhiram/jobtrak-stack/venv/lib/python3.12/site-packages/airflow/example_dags/example_trigger_controller_dag.py took 0.106 seconds
[2025-07-17T12:46:06.883-0500] {processor.py:161} INFO - Started process (PID=13759) to work on /home/abhiram/jobtrak-stack/venv/lib/python3.12/site-packages/airflow/example_dags/example_trigger_controller_dag.py
[2025-07-17T12:46:06.884-0500] {processor.py:830} INFO - Processing file /home/abhiram/jobtrak-stack/venv/lib/python3.12/site-packages/airflow/example_dags/example_trigger_controller_dag.py for tasks to queue
[2025-07-17T12:46:06.885-0500] {logging_mixin.py:188} INFO - [2025-07-17T12:46:06.885-0500] {dagbag.py:545} INFO - Filling up the DagBag from /home/abhiram/jobtrak-stack/venv/lib/python3.12/site-packages/airflow/example_dags/example_trigger_controller_dag.py
[2025-07-17T12:46:06.889-0500] {processor.py:840} INFO - DAG(s) 'example_trigger_controller_dag' retrieved from /home/abhiram/jobtrak-stack/venv/lib/python3.12/site-packages/airflow/example_dags/example_trigger_controller_dag.py
[2025-07-17T12:46:06.910-0500] {logging_mixin.py:188} INFO - [2025-07-17T12:46:06.910-0500] {dag.py:3096} INFO - Sync 1 DAGs
[2025-07-17T12:46:06.929-0500] {logging_mixin.py:188} INFO - [2025-07-17T12:46:06.929-0500] {dag.py:3954} INFO - Setting next_dagrun for example_trigger_controller_dag to 2021-01-01 00:00:00+00:00, run_after=2021-01-01 00:00:00+00:00
[2025-07-17T12:46:06.950-0500] {processor.py:183} INFO - Processing /home/abhiram/jobtrak-stack/venv/lib/python3.12/site-packages/airflow/example_dags/example_trigger_controller_dag.py took 0.072 seconds
[2025-07-17T12:46:38.611-0500] {processor.py:161} INFO - Started process (PID=13875) to work on /home/abhiram/jobtrak-stack/venv/lib/python3.12/site-packages/airflow/example_dags/example_trigger_controller_dag.py
[2025-07-17T12:46:38.614-0500] {processor.py:830} INFO - Processing file /home/abhiram/jobtrak-stack/venv/lib/python3.12/site-packages/airflow/example_dags/example_trigger_controller_dag.py for tasks to queue
[2025-07-17T12:46:38.616-0500] {logging_mixin.py:188} INFO - [2025-07-17T12:46:38.615-0500] {dagbag.py:545} INFO - Filling up the DagBag from /home/abhiram/jobtrak-stack/venv/lib/python3.12/site-packages/airflow/example_dags/example_trigger_controller_dag.py
[2025-07-17T12:46:38.621-0500] {processor.py:840} INFO - DAG(s) 'example_trigger_controller_dag' retrieved from /home/abhiram/jobtrak-stack/venv/lib/python3.12/site-packages/airflow/example_dags/example_trigger_controller_dag.py
[2025-07-17T12:46:38.680-0500] {logging_mixin.py:188} INFO - [2025-07-17T12:46:38.679-0500] {dag.py:3096} INFO - Sync 1 DAGs
[2025-07-17T12:46:38.699-0500] {logging_mixin.py:188} INFO - [2025-07-17T12:46:38.698-0500] {dag.py:3954} INFO - Setting next_dagrun for example_trigger_controller_dag to 2021-01-01 00:00:00+00:00, run_after=2021-01-01 00:00:00+00:00
[2025-07-17T12:46:38.761-0500] {processor.py:183} INFO - Processing /home/abhiram/jobtrak-stack/venv/lib/python3.12/site-packages/airflow/example_dags/example_trigger_controller_dag.py took 0.155 seconds
[2025-07-17T12:47:09.665-0500] {processor.py:161} INFO - Started process (PID=13990) to work on /home/abhiram/jobtrak-stack/venv/lib/python3.12/site-packages/airflow/example_dags/example_trigger_controller_dag.py
[2025-07-17T12:47:09.667-0500] {processor.py:830} INFO - Processing file /home/abhiram/jobtrak-stack/venv/lib/python3.12/site-packages/airflow/example_dags/example_trigger_controller_dag.py for tasks to queue
[2025-07-17T12:47:09.668-0500] {logging_mixin.py:188} INFO - [2025-07-17T12:47:09.668-0500] {dagbag.py:545} INFO - Filling up the DagBag from /home/abhiram/jobtrak-stack/venv/lib/python3.12/site-packages/airflow/example_dags/example_trigger_controller_dag.py
[2025-07-17T12:47:09.672-0500] {processor.py:840} INFO - DAG(s) 'example_trigger_controller_dag' retrieved from /home/abhiram/jobtrak-stack/venv/lib/python3.12/site-packages/airflow/example_dags/example_trigger_controller_dag.py
[2025-07-17T12:47:09.702-0500] {logging_mixin.py:188} INFO - [2025-07-17T12:47:09.702-0500] {dag.py:3096} INFO - Sync 1 DAGs
[2025-07-17T12:47:09.723-0500] {logging_mixin.py:188} INFO - [2025-07-17T12:47:09.723-0500] {dag.py:3954} INFO - Setting next_dagrun for example_trigger_controller_dag to 2021-01-01 00:00:00+00:00, run_after=2021-01-01 00:00:00+00:00
[2025-07-17T12:47:09.746-0500] {processor.py:183} INFO - Processing /home/abhiram/jobtrak-stack/venv/lib/python3.12/site-packages/airflow/example_dags/example_trigger_controller_dag.py took 0.086 seconds
[2025-07-17T12:47:40.882-0500] {processor.py:161} INFO - Started process (PID=14095) to work on /home/abhiram/jobtrak-stack/venv/lib/python3.12/site-packages/airflow/example_dags/example_trigger_controller_dag.py
[2025-07-17T12:47:40.884-0500] {processor.py:830} INFO - Processing file /home/abhiram/jobtrak-stack/venv/lib/python3.12/site-packages/airflow/example_dags/example_trigger_controller_dag.py for tasks to queue
[2025-07-17T12:47:40.887-0500] {logging_mixin.py:188} INFO - [2025-07-17T12:47:40.887-0500] {dagbag.py:545} INFO - Filling up the DagBag from /home/abhiram/jobtrak-stack/venv/lib/python3.12/site-packages/airflow/example_dags/example_trigger_controller_dag.py
[2025-07-17T12:47:40.893-0500] {processor.py:840} INFO - DAG(s) 'example_trigger_controller_dag' retrieved from /home/abhiram/jobtrak-stack/venv/lib/python3.12/site-packages/airflow/example_dags/example_trigger_controller_dag.py
[2025-07-17T12:47:40.930-0500] {logging_mixin.py:188} INFO - [2025-07-17T12:47:40.929-0500] {dag.py:3096} INFO - Sync 1 DAGs
[2025-07-17T12:47:40.964-0500] {logging_mixin.py:188} INFO - [2025-07-17T12:47:40.964-0500] {dag.py:3954} INFO - Setting next_dagrun for example_trigger_controller_dag to 2021-01-01 00:00:00+00:00, run_after=2021-01-01 00:00:00+00:00
[2025-07-17T12:47:41.001-0500] {processor.py:183} INFO - Processing /home/abhiram/jobtrak-stack/venv/lib/python3.12/site-packages/airflow/example_dags/example_trigger_controller_dag.py took 0.128 seconds
