[2025-07-17T12:45:04.758-0500] {processor.py:161} INFO - Started process (PID=13512) to work on /home/abhiram/jobtrak-stack/venv/lib/python3.12/site-packages/airflow/example_dags/example_dynamic_task_mapping.py
[2025-07-17T12:45:04.758-0500] {processor.py:830} INFO - Processing file /home/abhiram/jobtrak-stack/venv/lib/python3.12/site-packages/airflow/example_dags/example_dynamic_task_mapping.py for tasks to queue
[2025-07-17T12:45:04.760-0500] {logging_mixin.py:188} INFO - [2025-07-17T12:45:04.759-0500] {dagbag.py:545} INFO - Filling up the DagBag from /home/abhiram/jobtrak-stack/venv/lib/python3.12/site-packages/airflow/example_dags/example_dynamic_task_mapping.py
[2025-07-17T12:45:04.764-0500] {processor.py:840} INFO - DAG(s) 'example_dynamic_task_mapping' retrieved from /home/abhiram/jobtrak-stack/venv/lib/python3.12/site-packages/airflow/example_dags/example_dynamic_task_mapping.py
[2025-07-17T12:45:04.834-0500] {logging_mixin.py:188} INFO - [2025-07-17T12:45:04.834-0500] {dag.py:3096} INFO - Sync 1 DAGs
[2025-07-17T12:45:04.847-0500] {logging_mixin.py:188} INFO - [2025-07-17T12:45:04.847-0500] {dag.py:3954} INFO - Setting next_dagrun for example_dynamic_task_mapping to 2022-03-04 00:00:00+00:00, run_after=2022-03-05 00:00:00+00:00
[2025-07-17T12:45:04.863-0500] {processor.py:183} INFO - Processing /home/abhiram/jobtrak-stack/venv/lib/python3.12/site-packages/airflow/example_dags/example_dynamic_task_mapping.py took 0.109 seconds
[2025-07-17T12:45:36.357-0500] {processor.py:161} INFO - Started process (PID=13642) to work on /home/abhiram/jobtrak-stack/venv/lib/python3.12/site-packages/airflow/example_dags/example_dynamic_task_mapping.py
[2025-07-17T12:45:36.359-0500] {processor.py:830} INFO - Processing file /home/abhiram/jobtrak-stack/venv/lib/python3.12/site-packages/airflow/example_dags/example_dynamic_task_mapping.py for tasks to queue
[2025-07-17T12:45:36.361-0500] {logging_mixin.py:188} INFO - [2025-07-17T12:45:36.361-0500] {dagbag.py:545} INFO - Filling up the DagBag from /home/abhiram/jobtrak-stack/venv/lib/python3.12/site-packages/airflow/example_dags/example_dynamic_task_mapping.py
[2025-07-17T12:45:36.375-0500] {processor.py:840} INFO - DAG(s) 'example_dynamic_task_mapping' retrieved from /home/abhiram/jobtrak-stack/venv/lib/python3.12/site-packages/airflow/example_dags/example_dynamic_task_mapping.py
[2025-07-17T12:45:36.418-0500] {logging_mixin.py:188} INFO - [2025-07-17T12:45:36.417-0500] {dag.py:3096} INFO - Sync 1 DAGs
[2025-07-17T12:45:36.449-0500] {logging_mixin.py:188} INFO - [2025-07-17T12:45:36.448-0500] {dag.py:3954} INFO - Setting next_dagrun for example_dynamic_task_mapping to 2022-03-04 00:00:00+00:00, run_after=2022-03-05 00:00:00+00:00
[2025-07-17T12:45:36.476-0500] {processor.py:183} INFO - Processing /home/abhiram/jobtrak-stack/venv/lib/python3.12/site-packages/airflow/example_dags/example_dynamic_task_mapping.py took 0.126 seconds
[2025-07-17T12:46:06.855-0500] {processor.py:161} INFO - Started process (PID=13757) to work on /home/abhiram/jobtrak-stack/venv/lib/python3.12/site-packages/airflow/example_dags/example_dynamic_task_mapping.py
[2025-07-17T12:46:06.857-0500] {processor.py:830} INFO - Processing file /home/abhiram/jobtrak-stack/venv/lib/python3.12/site-packages/airflow/example_dags/example_dynamic_task_mapping.py for tasks to queue
[2025-07-17T12:46:06.858-0500] {logging_mixin.py:188} INFO - [2025-07-17T12:46:06.858-0500] {dagbag.py:545} INFO - Filling up the DagBag from /home/abhiram/jobtrak-stack/venv/lib/python3.12/site-packages/airflow/example_dags/example_dynamic_task_mapping.py
[2025-07-17T12:46:06.863-0500] {processor.py:840} INFO - DAG(s) 'example_dynamic_task_mapping' retrieved from /home/abhiram/jobtrak-stack/venv/lib/python3.12/site-packages/airflow/example_dags/example_dynamic_task_mapping.py
[2025-07-17T12:46:06.887-0500] {logging_mixin.py:188} INFO - [2025-07-17T12:46:06.886-0500] {dag.py:3096} INFO - Sync 1 DAGs
[2025-07-17T12:46:06.904-0500] {logging_mixin.py:188} INFO - [2025-07-17T12:46:06.904-0500] {dag.py:3954} INFO - Setting next_dagrun for example_dynamic_task_mapping to 2022-03-04 00:00:00+00:00, run_after=2022-03-05 00:00:00+00:00
[2025-07-17T12:46:06.924-0500] {processor.py:183} INFO - Processing /home/abhiram/jobtrak-stack/venv/lib/python3.12/site-packages/airflow/example_dags/example_dynamic_task_mapping.py took 0.073 seconds
[2025-07-17T12:46:38.535-0500] {processor.py:161} INFO - Started process (PID=13873) to work on /home/abhiram/jobtrak-stack/venv/lib/python3.12/site-packages/airflow/example_dags/example_dynamic_task_mapping.py
[2025-07-17T12:46:38.536-0500] {processor.py:830} INFO - Processing file /home/abhiram/jobtrak-stack/venv/lib/python3.12/site-packages/airflow/example_dags/example_dynamic_task_mapping.py for tasks to queue
[2025-07-17T12:46:38.538-0500] {logging_mixin.py:188} INFO - [2025-07-17T12:46:38.537-0500] {dagbag.py:545} INFO - Filling up the DagBag from /home/abhiram/jobtrak-stack/venv/lib/python3.12/site-packages/airflow/example_dags/example_dynamic_task_mapping.py
[2025-07-17T12:46:38.550-0500] {processor.py:840} INFO - DAG(s) 'example_dynamic_task_mapping' retrieved from /home/abhiram/jobtrak-stack/venv/lib/python3.12/site-packages/airflow/example_dags/example_dynamic_task_mapping.py
[2025-07-17T12:46:38.617-0500] {logging_mixin.py:188} INFO - [2025-07-17T12:46:38.617-0500] {dag.py:3096} INFO - Sync 1 DAGs
[2025-07-17T12:46:38.667-0500] {logging_mixin.py:188} INFO - [2025-07-17T12:46:38.667-0500] {dag.py:3954} INFO - Setting next_dagrun for example_dynamic_task_mapping to 2022-03-04 00:00:00+00:00, run_after=2022-03-05 00:00:00+00:00
[2025-07-17T12:46:38.696-0500] {processor.py:183} INFO - Processing /home/abhiram/jobtrak-stack/venv/lib/python3.12/site-packages/airflow/example_dags/example_dynamic_task_mapping.py took 0.174 seconds
[2025-07-17T12:47:09.591-0500] {processor.py:161} INFO - Started process (PID=13987) to work on /home/abhiram/jobtrak-stack/venv/lib/python3.12/site-packages/airflow/example_dags/example_dynamic_task_mapping.py
[2025-07-17T12:47:09.593-0500] {processor.py:830} INFO - Processing file /home/abhiram/jobtrak-stack/venv/lib/python3.12/site-packages/airflow/example_dags/example_dynamic_task_mapping.py for tasks to queue
[2025-07-17T12:47:09.595-0500] {logging_mixin.py:188} INFO - [2025-07-17T12:47:09.595-0500] {dagbag.py:545} INFO - Filling up the DagBag from /home/abhiram/jobtrak-stack/venv/lib/python3.12/site-packages/airflow/example_dags/example_dynamic_task_mapping.py
[2025-07-17T12:47:09.600-0500] {processor.py:840} INFO - DAG(s) 'example_dynamic_task_mapping' retrieved from /home/abhiram/jobtrak-stack/venv/lib/python3.12/site-packages/airflow/example_dags/example_dynamic_task_mapping.py
[2025-07-17T12:47:09.622-0500] {logging_mixin.py:188} INFO - [2025-07-17T12:47:09.622-0500] {dag.py:3096} INFO - Sync 1 DAGs
[2025-07-17T12:47:09.639-0500] {logging_mixin.py:188} INFO - [2025-07-17T12:47:09.639-0500] {dag.py:3954} INFO - Setting next_dagrun for example_dynamic_task_mapping to 2022-03-04 00:00:00+00:00, run_after=2022-03-05 00:00:00+00:00
[2025-07-17T12:47:09.658-0500] {processor.py:183} INFO - Processing /home/abhiram/jobtrak-stack/venv/lib/python3.12/site-packages/airflow/example_dags/example_dynamic_task_mapping.py took 0.072 seconds
[2025-07-17T12:47:40.766-0500] {processor.py:161} INFO - Started process (PID=14092) to work on /home/abhiram/jobtrak-stack/venv/lib/python3.12/site-packages/airflow/example_dags/example_dynamic_task_mapping.py
[2025-07-17T12:47:40.769-0500] {processor.py:830} INFO - Processing file /home/abhiram/jobtrak-stack/venv/lib/python3.12/site-packages/airflow/example_dags/example_dynamic_task_mapping.py for tasks to queue
[2025-07-17T12:47:40.770-0500] {logging_mixin.py:188} INFO - [2025-07-17T12:47:40.770-0500] {dagbag.py:545} INFO - Filling up the DagBag from /home/abhiram/jobtrak-stack/venv/lib/python3.12/site-packages/airflow/example_dags/example_dynamic_task_mapping.py
[2025-07-17T12:47:40.778-0500] {processor.py:840} INFO - DAG(s) 'example_dynamic_task_mapping' retrieved from /home/abhiram/jobtrak-stack/venv/lib/python3.12/site-packages/airflow/example_dags/example_dynamic_task_mapping.py
[2025-07-17T12:47:40.822-0500] {logging_mixin.py:188} INFO - [2025-07-17T12:47:40.821-0500] {dag.py:3096} INFO - Sync 1 DAGs
[2025-07-17T12:47:40.848-0500] {logging_mixin.py:188} INFO - [2025-07-17T12:47:40.848-0500] {dag.py:3954} INFO - Setting next_dagrun for example_dynamic_task_mapping to 2022-03-04 00:00:00+00:00, run_after=2022-03-05 00:00:00+00:00
[2025-07-17T12:47:40.879-0500] {processor.py:183} INFO - Processing /home/abhiram/jobtrak-stack/venv/lib/python3.12/site-packages/airflow/example_dags/example_dynamic_task_mapping.py took 0.119 seconds
