[2025-07-17T12:45:04.988-0500] {processor.py:161} INFO - Started process (PID=13520) to work on /home/abhiram/jobtrak-stack/venv/lib/python3.12/site-packages/airflow/example_dags/example_branch_datetime_operator.py
[2025-07-17T12:45:04.988-0500] {processor.py:830} INFO - Processing file /home/abhiram/jobtrak-stack/venv/lib/python3.12/site-packages/airflow/example_dags/example_branch_datetime_operator.py for tasks to queue
[2025-07-17T12:45:04.989-0500] {logging_mixin.py:188} INFO - [2025-07-17T12:45:04.989-0500] {dagbag.py:545} INFO - Filling up the DagBag from /home/abhiram/jobtrak-stack/venv/lib/python3.12/site-packages/airflow/example_dags/example_branch_datetime_operator.py
[2025-07-17T12:45:04.995-0500] {processor.py:840} INFO - DAG(s) 'example_branch_datetime_operator_2', 'example_branch_datetime_operator_3', 'example_branch_datetime_operator' retrieved from /home/abhiram/jobtrak-stack/venv/lib/python3.12/site-packages/airflow/example_dags/example_branch_datetime_operator.py
[2025-07-17T12:45:05.078-0500] {logging_mixin.py:188} INFO - [2025-07-17T12:45:05.078-0500] {dag.py:3096} INFO - Sync 3 DAGs
[2025-07-17T12:45:05.105-0500] {logging_mixin.py:188} INFO - [2025-07-17T12:45:05.105-0500] {dag.py:3954} INFO - Setting next_dagrun for example_branch_datetime_operator to 2025-07-16 00:00:00+00:00, run_after=2025-07-17 00:00:00+00:00
[2025-07-17T12:45:05.112-0500] {logging_mixin.py:188} INFO - [2025-07-17T12:45:05.112-0500] {dag.py:3954} INFO - Setting next_dagrun for example_branch_datetime_operator_2 to 2025-07-16 00:00:00+00:00, run_after=2025-07-17 00:00:00+00:00
[2025-07-17T12:45:05.116-0500] {logging_mixin.py:188} INFO - [2025-07-17T12:45:05.115-0500] {dag.py:3954} INFO - Setting next_dagrun for example_branch_datetime_operator_3 to 2025-07-16 00:00:00+00:00, run_after=2025-07-17 00:00:00+00:00
[2025-07-17T12:45:05.183-0500] {processor.py:183} INFO - Processing /home/abhiram/jobtrak-stack/venv/lib/python3.12/site-packages/airflow/example_dags/example_branch_datetime_operator.py took 0.199 seconds
[2025-07-17T12:45:36.775-0500] {processor.py:161} INFO - Started process (PID=13653) to work on /home/abhiram/jobtrak-stack/venv/lib/python3.12/site-packages/airflow/example_dags/example_branch_datetime_operator.py
[2025-07-17T12:45:36.778-0500] {processor.py:830} INFO - Processing file /home/abhiram/jobtrak-stack/venv/lib/python3.12/site-packages/airflow/example_dags/example_branch_datetime_operator.py for tasks to queue
[2025-07-17T12:45:36.779-0500] {logging_mixin.py:188} INFO - [2025-07-17T12:45:36.779-0500] {dagbag.py:545} INFO - Filling up the DagBag from /home/abhiram/jobtrak-stack/venv/lib/python3.12/site-packages/airflow/example_dags/example_branch_datetime_operator.py
[2025-07-17T12:45:36.791-0500] {processor.py:840} INFO - DAG(s) 'example_branch_datetime_operator_2', 'example_branch_datetime_operator_3', 'example_branch_datetime_operator' retrieved from /home/abhiram/jobtrak-stack/venv/lib/python3.12/site-packages/airflow/example_dags/example_branch_datetime_operator.py
[2025-07-17T12:45:36.836-0500] {logging_mixin.py:188} INFO - [2025-07-17T12:45:36.835-0500] {dag.py:3096} INFO - Sync 3 DAGs
[2025-07-17T12:45:36.863-0500] {logging_mixin.py:188} INFO - [2025-07-17T12:45:36.862-0500] {dag.py:3954} INFO - Setting next_dagrun for example_branch_datetime_operator to 2025-07-16 00:00:00+00:00, run_after=2025-07-17 00:00:00+00:00
[2025-07-17T12:45:36.868-0500] {logging_mixin.py:188} INFO - [2025-07-17T12:45:36.868-0500] {dag.py:3954} INFO - Setting next_dagrun for example_branch_datetime_operator_2 to 2025-07-16 00:00:00+00:00, run_after=2025-07-17 00:00:00+00:00
[2025-07-17T12:45:36.873-0500] {logging_mixin.py:188} INFO - [2025-07-17T12:45:36.873-0500] {dag.py:3954} INFO - Setting next_dagrun for example_branch_datetime_operator_3 to 2025-07-16 00:00:00+00:00, run_after=2025-07-17 00:00:00+00:00
[2025-07-17T12:45:36.899-0500] {processor.py:183} INFO - Processing /home/abhiram/jobtrak-stack/venv/lib/python3.12/site-packages/airflow/example_dags/example_branch_datetime_operator.py took 0.130 seconds
[2025-07-17T12:46:07.082-0500] {processor.py:161} INFO - Started process (PID=13769) to work on /home/abhiram/jobtrak-stack/venv/lib/python3.12/site-packages/airflow/example_dags/example_branch_datetime_operator.py
[2025-07-17T12:46:07.084-0500] {processor.py:830} INFO - Processing file /home/abhiram/jobtrak-stack/venv/lib/python3.12/site-packages/airflow/example_dags/example_branch_datetime_operator.py for tasks to queue
[2025-07-17T12:46:07.085-0500] {logging_mixin.py:188} INFO - [2025-07-17T12:46:07.085-0500] {dagbag.py:545} INFO - Filling up the DagBag from /home/abhiram/jobtrak-stack/venv/lib/python3.12/site-packages/airflow/example_dags/example_branch_datetime_operator.py
[2025-07-17T12:46:07.094-0500] {processor.py:840} INFO - DAG(s) 'example_branch_datetime_operator_3', 'example_branch_datetime_operator', 'example_branch_datetime_operator_2' retrieved from /home/abhiram/jobtrak-stack/venv/lib/python3.12/site-packages/airflow/example_dags/example_branch_datetime_operator.py
[2025-07-17T12:46:07.119-0500] {logging_mixin.py:188} INFO - [2025-07-17T12:46:07.119-0500] {dag.py:3096} INFO - Sync 3 DAGs
[2025-07-17T12:46:07.137-0500] {logging_mixin.py:188} INFO - [2025-07-17T12:46:07.137-0500] {dag.py:3954} INFO - Setting next_dagrun for example_branch_datetime_operator to 2025-07-16 00:00:00+00:00, run_after=2025-07-17 00:00:00+00:00
[2025-07-17T12:46:07.141-0500] {logging_mixin.py:188} INFO - [2025-07-17T12:46:07.141-0500] {dag.py:3954} INFO - Setting next_dagrun for example_branch_datetime_operator_2 to 2025-07-16 00:00:00+00:00, run_after=2025-07-17 00:00:00+00:00
[2025-07-17T12:46:07.147-0500] {logging_mixin.py:188} INFO - [2025-07-17T12:46:07.145-0500] {dag.py:3954} INFO - Setting next_dagrun for example_branch_datetime_operator_3 to 2025-07-16 00:00:00+00:00, run_after=2025-07-17 00:00:00+00:00
[2025-07-17T12:46:07.181-0500] {processor.py:183} INFO - Processing /home/abhiram/jobtrak-stack/venv/lib/python3.12/site-packages/airflow/example_dags/example_branch_datetime_operator.py took 0.103 seconds
[2025-07-17T12:46:38.879-0500] {processor.py:161} INFO - Started process (PID=13881) to work on /home/abhiram/jobtrak-stack/venv/lib/python3.12/site-packages/airflow/example_dags/example_branch_datetime_operator.py
[2025-07-17T12:46:38.882-0500] {processor.py:830} INFO - Processing file /home/abhiram/jobtrak-stack/venv/lib/python3.12/site-packages/airflow/example_dags/example_branch_datetime_operator.py for tasks to queue
[2025-07-17T12:46:38.885-0500] {logging_mixin.py:188} INFO - [2025-07-17T12:46:38.884-0500] {dagbag.py:545} INFO - Filling up the DagBag from /home/abhiram/jobtrak-stack/venv/lib/python3.12/site-packages/airflow/example_dags/example_branch_datetime_operator.py
[2025-07-17T12:46:38.905-0500] {processor.py:840} INFO - DAG(s) 'example_branch_datetime_operator_2', 'example_branch_datetime_operator', 'example_branch_datetime_operator_3' retrieved from /home/abhiram/jobtrak-stack/venv/lib/python3.12/site-packages/airflow/example_dags/example_branch_datetime_operator.py
[2025-07-17T12:46:38.969-0500] {logging_mixin.py:188} INFO - [2025-07-17T12:46:38.968-0500] {dag.py:3096} INFO - Sync 3 DAGs
[2025-07-17T12:46:39.024-0500] {logging_mixin.py:188} INFO - [2025-07-17T12:46:39.024-0500] {dag.py:3954} INFO - Setting next_dagrun for example_branch_datetime_operator to 2025-07-16 00:00:00+00:00, run_after=2025-07-17 00:00:00+00:00
[2025-07-17T12:46:39.033-0500] {logging_mixin.py:188} INFO - [2025-07-17T12:46:39.033-0500] {dag.py:3954} INFO - Setting next_dagrun for example_branch_datetime_operator_2 to 2025-07-16 00:00:00+00:00, run_after=2025-07-17 00:00:00+00:00
[2025-07-17T12:46:39.038-0500] {logging_mixin.py:188} INFO - [2025-07-17T12:46:39.038-0500] {dag.py:3954} INFO - Setting next_dagrun for example_branch_datetime_operator_3 to 2025-07-16 00:00:00+00:00, run_after=2025-07-17 00:00:00+00:00
[2025-07-17T12:46:39.089-0500] {processor.py:183} INFO - Processing /home/abhiram/jobtrak-stack/venv/lib/python3.12/site-packages/airflow/example_dags/example_branch_datetime_operator.py took 0.222 seconds
[2025-07-17T12:47:09.929-0500] {processor.py:161} INFO - Started process (PID=13998) to work on /home/abhiram/jobtrak-stack/venv/lib/python3.12/site-packages/airflow/example_dags/example_branch_datetime_operator.py
[2025-07-17T12:47:09.929-0500] {processor.py:830} INFO - Processing file /home/abhiram/jobtrak-stack/venv/lib/python3.12/site-packages/airflow/example_dags/example_branch_datetime_operator.py for tasks to queue
[2025-07-17T12:47:09.930-0500] {logging_mixin.py:188} INFO - [2025-07-17T12:47:09.930-0500] {dagbag.py:545} INFO - Filling up the DagBag from /home/abhiram/jobtrak-stack/venv/lib/python3.12/site-packages/airflow/example_dags/example_branch_datetime_operator.py
[2025-07-17T12:47:09.949-0500] {processor.py:840} INFO - DAG(s) 'example_branch_datetime_operator_2', 'example_branch_datetime_operator', 'example_branch_datetime_operator_3' retrieved from /home/abhiram/jobtrak-stack/venv/lib/python3.12/site-packages/airflow/example_dags/example_branch_datetime_operator.py
[2025-07-17T12:47:09.985-0500] {logging_mixin.py:188} INFO - [2025-07-17T12:47:09.984-0500] {dag.py:3096} INFO - Sync 3 DAGs
[2025-07-17T12:47:10.004-0500] {logging_mixin.py:188} INFO - [2025-07-17T12:47:10.004-0500] {dag.py:3954} INFO - Setting next_dagrun for example_branch_datetime_operator to 2025-07-16 00:00:00+00:00, run_after=2025-07-17 00:00:00+00:00
[2025-07-17T12:47:10.008-0500] {logging_mixin.py:188} INFO - [2025-07-17T12:47:10.008-0500] {dag.py:3954} INFO - Setting next_dagrun for example_branch_datetime_operator_2 to 2025-07-16 00:00:00+00:00, run_after=2025-07-17 00:00:00+00:00
[2025-07-17T12:47:10.012-0500] {logging_mixin.py:188} INFO - [2025-07-17T12:47:10.012-0500] {dag.py:3954} INFO - Setting next_dagrun for example_branch_datetime_operator_3 to 2025-07-16 00:00:00+00:00, run_after=2025-07-17 00:00:00+00:00
[2025-07-17T12:47:10.037-0500] {processor.py:183} INFO - Processing /home/abhiram/jobtrak-stack/venv/lib/python3.12/site-packages/airflow/example_dags/example_branch_datetime_operator.py took 0.114 seconds
[2025-07-17T12:47:41.047-0500] {processor.py:161} INFO - Started process (PID=14100) to work on /home/abhiram/jobtrak-stack/venv/lib/python3.12/site-packages/airflow/example_dags/example_branch_datetime_operator.py
[2025-07-17T12:47:41.050-0500] {processor.py:830} INFO - Processing file /home/abhiram/jobtrak-stack/venv/lib/python3.12/site-packages/airflow/example_dags/example_branch_datetime_operator.py for tasks to queue
[2025-07-17T12:47:41.056-0500] {logging_mixin.py:188} INFO - [2025-07-17T12:47:41.056-0500] {dagbag.py:545} INFO - Filling up the DagBag from /home/abhiram/jobtrak-stack/venv/lib/python3.12/site-packages/airflow/example_dags/example_branch_datetime_operator.py
[2025-07-17T12:47:41.072-0500] {processor.py:840} INFO - DAG(s) 'example_branch_datetime_operator_2', 'example_branch_datetime_operator', 'example_branch_datetime_operator_3' retrieved from /home/abhiram/jobtrak-stack/venv/lib/python3.12/site-packages/airflow/example_dags/example_branch_datetime_operator.py
[2025-07-17T12:47:41.126-0500] {logging_mixin.py:188} INFO - [2025-07-17T12:47:41.122-0500] {dag.py:3096} INFO - Sync 3 DAGs
[2025-07-17T12:47:41.164-0500] {logging_mixin.py:188} INFO - [2025-07-17T12:47:41.164-0500] {dag.py:3954} INFO - Setting next_dagrun for example_branch_datetime_operator to 2025-07-16 00:00:00+00:00, run_after=2025-07-17 00:00:00+00:00
[2025-07-17T12:47:41.171-0500] {logging_mixin.py:188} INFO - [2025-07-17T12:47:41.170-0500] {dag.py:3954} INFO - Setting next_dagrun for example_branch_datetime_operator_2 to 2025-07-16 00:00:00+00:00, run_after=2025-07-17 00:00:00+00:00
[2025-07-17T12:47:41.174-0500] {logging_mixin.py:188} INFO - [2025-07-17T12:47:41.174-0500] {dag.py:3954} INFO - Setting next_dagrun for example_branch_datetime_operator_3 to 2025-07-16 00:00:00+00:00, run_after=2025-07-17 00:00:00+00:00
[2025-07-17T12:47:41.200-0500] {processor.py:183} INFO - Processing /home/abhiram/jobtrak-stack/venv/lib/python3.12/site-packages/airflow/example_dags/example_branch_datetime_operator.py took 0.161 seconds
