[2025-07-17T12:45:02.499-0500] {processor.py:161} INFO - Started process (PID=13457) to work on /home/abhiram/jobtrak-stack/venv/lib/python3.12/site-packages/airflow/example_dags/example_branch_python_dop_operator_3.py
[2025-07-17T12:45:02.500-0500] {processor.py:830} INFO - Processing file /home/abhiram/jobtrak-stack/venv/lib/python3.12/site-packages/airflow/example_dags/example_branch_python_dop_operator_3.py for tasks to queue
[2025-07-17T12:45:02.501-0500] {logging_mixin.py:188} INFO - [2025-07-17T12:45:02.500-0500] {dagbag.py:545} INFO - Filling up the DagBag from /home/abhiram/jobtrak-stack/venv/lib/python3.12/site-packages/airflow/example_dags/example_branch_python_dop_operator_3.py
[2025-07-17T12:45:02.509-0500] {processor.py:840} INFO - DAG(s) 'example_branch_dop_operator_v3' retrieved from /home/abhiram/jobtrak-stack/venv/lib/python3.12/site-packages/airflow/example_dags/example_branch_python_dop_operator_3.py
[2025-07-17T12:45:02.602-0500] {logging_mixin.py:188} INFO - [2025-07-17T12:45:02.602-0500] {dag.py:3096} INFO - Sync 1 DAGs
[2025-07-17T12:45:02.617-0500] {logging_mixin.py:188} INFO - [2025-07-17T12:45:02.617-0500] {dag.py:3954} INFO - Setting next_dagrun for example_branch_dop_operator_v3 to 2025-07-17 17:44:00+00:00, run_after=2025-07-17 17:45:00+00:00
[2025-07-17T12:45:02.669-0500] {processor.py:183} INFO - Processing /home/abhiram/jobtrak-stack/venv/lib/python3.12/site-packages/airflow/example_dags/example_branch_python_dop_operator_3.py took 0.174 seconds
[2025-07-17T12:45:33.295-0500] {processor.py:161} INFO - Started process (PID=13586) to work on /home/abhiram/jobtrak-stack/venv/lib/python3.12/site-packages/airflow/example_dags/example_branch_python_dop_operator_3.py
[2025-07-17T12:45:33.299-0500] {processor.py:830} INFO - Processing file /home/abhiram/jobtrak-stack/venv/lib/python3.12/site-packages/airflow/example_dags/example_branch_python_dop_operator_3.py for tasks to queue
[2025-07-17T12:45:33.301-0500] {logging_mixin.py:188} INFO - [2025-07-17T12:45:33.301-0500] {dagbag.py:545} INFO - Filling up the DagBag from /home/abhiram/jobtrak-stack/venv/lib/python3.12/site-packages/airflow/example_dags/example_branch_python_dop_operator_3.py
[2025-07-17T12:45:33.314-0500] {processor.py:840} INFO - DAG(s) 'example_branch_dop_operator_v3' retrieved from /home/abhiram/jobtrak-stack/venv/lib/python3.12/site-packages/airflow/example_dags/example_branch_python_dop_operator_3.py
[2025-07-17T12:45:33.354-0500] {logging_mixin.py:188} INFO - [2025-07-17T12:45:33.353-0500] {dag.py:3096} INFO - Sync 1 DAGs
[2025-07-17T12:45:33.393-0500] {logging_mixin.py:188} INFO - [2025-07-17T12:45:33.392-0500] {dag.py:3954} INFO - Setting next_dagrun for example_branch_dop_operator_v3 to 2025-07-17 17:44:00+00:00, run_after=2025-07-17 17:45:00+00:00
[2025-07-17T12:45:33.427-0500] {processor.py:183} INFO - Processing /home/abhiram/jobtrak-stack/venv/lib/python3.12/site-packages/airflow/example_dags/example_branch_python_dop_operator_3.py took 0.140 seconds
[2025-07-17T12:46:04.458-0500] {processor.py:161} INFO - Started process (PID=13702) to work on /home/abhiram/jobtrak-stack/venv/lib/python3.12/site-packages/airflow/example_dags/example_branch_python_dop_operator_3.py
[2025-07-17T12:46:04.460-0500] {processor.py:830} INFO - Processing file /home/abhiram/jobtrak-stack/venv/lib/python3.12/site-packages/airflow/example_dags/example_branch_python_dop_operator_3.py for tasks to queue
[2025-07-17T12:46:04.462-0500] {logging_mixin.py:188} INFO - [2025-07-17T12:46:04.462-0500] {dagbag.py:545} INFO - Filling up the DagBag from /home/abhiram/jobtrak-stack/venv/lib/python3.12/site-packages/airflow/example_dags/example_branch_python_dop_operator_3.py
[2025-07-17T12:46:04.478-0500] {processor.py:840} INFO - DAG(s) 'example_branch_dop_operator_v3' retrieved from /home/abhiram/jobtrak-stack/venv/lib/python3.12/site-packages/airflow/example_dags/example_branch_python_dop_operator_3.py
[2025-07-17T12:46:04.538-0500] {logging_mixin.py:188} INFO - [2025-07-17T12:46:04.537-0500] {dag.py:3096} INFO - Sync 1 DAGs
[2025-07-17T12:46:04.572-0500] {logging_mixin.py:188} INFO - [2025-07-17T12:46:04.572-0500] {dag.py:3954} INFO - Setting next_dagrun for example_branch_dop_operator_v3 to 2025-07-17 17:45:00+00:00, run_after=2025-07-17 17:46:00+00:00
[2025-07-17T12:46:04.610-0500] {processor.py:183} INFO - Processing /home/abhiram/jobtrak-stack/venv/lib/python3.12/site-packages/airflow/example_dags/example_branch_python_dop_operator_3.py took 0.166 seconds
[2025-07-17T12:46:35.282-0500] {processor.py:161} INFO - Started process (PID=13819) to work on /home/abhiram/jobtrak-stack/venv/lib/python3.12/site-packages/airflow/example_dags/example_branch_python_dop_operator_3.py
[2025-07-17T12:46:35.283-0500] {processor.py:830} INFO - Processing file /home/abhiram/jobtrak-stack/venv/lib/python3.12/site-packages/airflow/example_dags/example_branch_python_dop_operator_3.py for tasks to queue
[2025-07-17T12:46:35.286-0500] {logging_mixin.py:188} INFO - [2025-07-17T12:46:35.285-0500] {dagbag.py:545} INFO - Filling up the DagBag from /home/abhiram/jobtrak-stack/venv/lib/python3.12/site-packages/airflow/example_dags/example_branch_python_dop_operator_3.py
[2025-07-17T12:46:35.302-0500] {processor.py:840} INFO - DAG(s) 'example_branch_dop_operator_v3' retrieved from /home/abhiram/jobtrak-stack/venv/lib/python3.12/site-packages/airflow/example_dags/example_branch_python_dop_operator_3.py
[2025-07-17T12:46:35.354-0500] {logging_mixin.py:188} INFO - [2025-07-17T12:46:35.354-0500] {dag.py:3096} INFO - Sync 1 DAGs
[2025-07-17T12:46:35.425-0500] {logging_mixin.py:188} INFO - [2025-07-17T12:46:35.425-0500] {dag.py:3954} INFO - Setting next_dagrun for example_branch_dop_operator_v3 to 2025-07-17 17:45:00+00:00, run_after=2025-07-17 17:46:00+00:00
[2025-07-17T12:46:35.483-0500] {processor.py:183} INFO - Processing /home/abhiram/jobtrak-stack/venv/lib/python3.12/site-packages/airflow/example_dags/example_branch_python_dop_operator_3.py took 0.211 seconds
[2025-07-17T12:47:06.226-0500] {processor.py:161} INFO - Started process (PID=13934) to work on /home/abhiram/jobtrak-stack/venv/lib/python3.12/site-packages/airflow/example_dags/example_branch_python_dop_operator_3.py
[2025-07-17T12:47:06.228-0500] {processor.py:830} INFO - Processing file /home/abhiram/jobtrak-stack/venv/lib/python3.12/site-packages/airflow/example_dags/example_branch_python_dop_operator_3.py for tasks to queue
[2025-07-17T12:47:06.229-0500] {logging_mixin.py:188} INFO - [2025-07-17T12:47:06.229-0500] {dagbag.py:545} INFO - Filling up the DagBag from /home/abhiram/jobtrak-stack/venv/lib/python3.12/site-packages/airflow/example_dags/example_branch_python_dop_operator_3.py
[2025-07-17T12:47:06.236-0500] {processor.py:840} INFO - DAG(s) 'example_branch_dop_operator_v3' retrieved from /home/abhiram/jobtrak-stack/venv/lib/python3.12/site-packages/airflow/example_dags/example_branch_python_dop_operator_3.py
[2025-07-17T12:47:06.257-0500] {logging_mixin.py:188} INFO - [2025-07-17T12:47:06.256-0500] {dag.py:3096} INFO - Sync 1 DAGs
[2025-07-17T12:47:06.283-0500] {logging_mixin.py:188} INFO - [2025-07-17T12:47:06.283-0500] {dag.py:3954} INFO - Setting next_dagrun for example_branch_dop_operator_v3 to 2025-07-17 17:46:00+00:00, run_after=2025-07-17 17:47:00+00:00
[2025-07-17T12:47:06.302-0500] {processor.py:183} INFO - Processing /home/abhiram/jobtrak-stack/venv/lib/python3.12/site-packages/airflow/example_dags/example_branch_python_dop_operator_3.py took 0.081 seconds
[2025-07-17T12:47:36.981-0500] {processor.py:161} INFO - Started process (PID=14039) to work on /home/abhiram/jobtrak-stack/venv/lib/python3.12/site-packages/airflow/example_dags/example_branch_python_dop_operator_3.py
[2025-07-17T12:47:36.982-0500] {processor.py:830} INFO - Processing file /home/abhiram/jobtrak-stack/venv/lib/python3.12/site-packages/airflow/example_dags/example_branch_python_dop_operator_3.py for tasks to queue
[2025-07-17T12:47:36.983-0500] {logging_mixin.py:188} INFO - [2025-07-17T12:47:36.983-0500] {dagbag.py:545} INFO - Filling up the DagBag from /home/abhiram/jobtrak-stack/venv/lib/python3.12/site-packages/airflow/example_dags/example_branch_python_dop_operator_3.py
[2025-07-17T12:47:36.993-0500] {processor.py:840} INFO - DAG(s) 'example_branch_dop_operator_v3' retrieved from /home/abhiram/jobtrak-stack/venv/lib/python3.12/site-packages/airflow/example_dags/example_branch_python_dop_operator_3.py
[2025-07-17T12:47:37.031-0500] {logging_mixin.py:188} INFO - [2025-07-17T12:47:37.031-0500] {dag.py:3096} INFO - Sync 1 DAGs
[2025-07-17T12:47:37.064-0500] {logging_mixin.py:188} INFO - [2025-07-17T12:47:37.064-0500] {dag.py:3954} INFO - Setting next_dagrun for example_branch_dop_operator_v3 to 2025-07-17 17:46:00+00:00, run_after=2025-07-17 17:47:00+00:00
[2025-07-17T12:47:37.099-0500] {processor.py:183} INFO - Processing /home/abhiram/jobtrak-stack/venv/lib/python3.12/site-packages/airflow/example_dags/example_branch_python_dop_operator_3.py took 0.125 seconds
