[2025-07-17T12:45:04.877-0500] {processor.py:161} INFO - Started process (PID=13516) to work on /home/abhiram/jobtrak-stack/venv/lib/python3.12/site-packages/airflow/example_dags/example_time_delta_sensor_async.py
[2025-07-17T12:45:04.878-0500] {processor.py:830} INFO - Processing file /home/abhiram/jobtrak-stack/venv/lib/python3.12/site-packages/airflow/example_dags/example_time_delta_sensor_async.py for tasks to queue
[2025-07-17T12:45:04.879-0500] {logging_mixin.py:188} INFO - [2025-07-17T12:45:04.879-0500] {dagbag.py:545} INFO - Filling up the DagBag from /home/abhiram/jobtrak-stack/venv/lib/python3.12/site-packages/airflow/example_dags/example_time_delta_sensor_async.py
[2025-07-17T12:45:04.882-0500] {processor.py:840} INFO - DAG(s) 'example_time_delta_sensor_async' retrieved from /home/abhiram/jobtrak-stack/venv/lib/python3.12/site-packages/airflow/example_dags/example_time_delta_sensor_async.py
[2025-07-17T12:45:04.948-0500] {logging_mixin.py:188} INFO - [2025-07-17T12:45:04.948-0500] {dag.py:3096} INFO - Sync 1 DAGs
[2025-07-17T12:45:04.955-0500] {logging_mixin.py:188} INFO - [2025-07-17T12:45:04.955-0500] {dag.py:3954} INFO - Setting next_dagrun for example_time_delta_sensor_async to None, run_after=None
[2025-07-17T12:45:04.973-0500] {processor.py:183} INFO - Processing /home/abhiram/jobtrak-stack/venv/lib/python3.12/site-packages/airflow/example_dags/example_time_delta_sensor_async.py took 0.099 seconds
[2025-07-17T12:45:36.500-0500] {processor.py:161} INFO - Started process (PID=13646) to work on /home/abhiram/jobtrak-stack/venv/lib/python3.12/site-packages/airflow/example_dags/example_time_delta_sensor_async.py
[2025-07-17T12:45:36.503-0500] {processor.py:830} INFO - Processing file /home/abhiram/jobtrak-stack/venv/lib/python3.12/site-packages/airflow/example_dags/example_time_delta_sensor_async.py for tasks to queue
[2025-07-17T12:45:36.504-0500] {logging_mixin.py:188} INFO - [2025-07-17T12:45:36.504-0500] {dagbag.py:545} INFO - Filling up the DagBag from /home/abhiram/jobtrak-stack/venv/lib/python3.12/site-packages/airflow/example_dags/example_time_delta_sensor_async.py
[2025-07-17T12:45:36.511-0500] {processor.py:840} INFO - DAG(s) 'example_time_delta_sensor_async' retrieved from /home/abhiram/jobtrak-stack/venv/lib/python3.12/site-packages/airflow/example_dags/example_time_delta_sensor_async.py
[2025-07-17T12:45:36.541-0500] {logging_mixin.py:188} INFO - [2025-07-17T12:45:36.541-0500] {dag.py:3096} INFO - Sync 1 DAGs
[2025-07-17T12:45:36.558-0500] {logging_mixin.py:188} INFO - [2025-07-17T12:45:36.557-0500] {dag.py:3954} INFO - Setting next_dagrun for example_time_delta_sensor_async to None, run_after=None
[2025-07-17T12:45:36.587-0500] {processor.py:183} INFO - Processing /home/abhiram/jobtrak-stack/venv/lib/python3.12/site-packages/airflow/example_dags/example_time_delta_sensor_async.py took 0.094 seconds
[2025-07-17T12:46:06.945-0500] {processor.py:161} INFO - Started process (PID=13761) to work on /home/abhiram/jobtrak-stack/venv/lib/python3.12/site-packages/airflow/example_dags/example_time_delta_sensor_async.py
[2025-07-17T12:46:06.946-0500] {processor.py:830} INFO - Processing file /home/abhiram/jobtrak-stack/venv/lib/python3.12/site-packages/airflow/example_dags/example_time_delta_sensor_async.py for tasks to queue
[2025-07-17T12:46:06.947-0500] {logging_mixin.py:188} INFO - [2025-07-17T12:46:06.947-0500] {dagbag.py:545} INFO - Filling up the DagBag from /home/abhiram/jobtrak-stack/venv/lib/python3.12/site-packages/airflow/example_dags/example_time_delta_sensor_async.py
[2025-07-17T12:46:06.951-0500] {processor.py:840} INFO - DAG(s) 'example_time_delta_sensor_async' retrieved from /home/abhiram/jobtrak-stack/venv/lib/python3.12/site-packages/airflow/example_dags/example_time_delta_sensor_async.py
[2025-07-17T12:46:06.974-0500] {logging_mixin.py:188} INFO - [2025-07-17T12:46:06.974-0500] {dag.py:3096} INFO - Sync 1 DAGs
[2025-07-17T12:46:06.984-0500] {logging_mixin.py:188} INFO - [2025-07-17T12:46:06.984-0500] {dag.py:3954} INFO - Setting next_dagrun for example_time_delta_sensor_async to None, run_after=None
[2025-07-17T12:46:07.003-0500] {processor.py:183} INFO - Processing /home/abhiram/jobtrak-stack/venv/lib/python3.12/site-packages/airflow/example_dags/example_time_delta_sensor_async.py took 0.063 seconds
[2025-07-17T12:46:38.722-0500] {processor.py:161} INFO - Started process (PID=13877) to work on /home/abhiram/jobtrak-stack/venv/lib/python3.12/site-packages/airflow/example_dags/example_time_delta_sensor_async.py
[2025-07-17T12:46:38.724-0500] {processor.py:830} INFO - Processing file /home/abhiram/jobtrak-stack/venv/lib/python3.12/site-packages/airflow/example_dags/example_time_delta_sensor_async.py for tasks to queue
[2025-07-17T12:46:38.726-0500] {logging_mixin.py:188} INFO - [2025-07-17T12:46:38.726-0500] {dagbag.py:545} INFO - Filling up the DagBag from /home/abhiram/jobtrak-stack/venv/lib/python3.12/site-packages/airflow/example_dags/example_time_delta_sensor_async.py
[2025-07-17T12:46:38.738-0500] {processor.py:840} INFO - DAG(s) 'example_time_delta_sensor_async' retrieved from /home/abhiram/jobtrak-stack/venv/lib/python3.12/site-packages/airflow/example_dags/example_time_delta_sensor_async.py
[2025-07-17T12:46:38.791-0500] {logging_mixin.py:188} INFO - [2025-07-17T12:46:38.791-0500] {dag.py:3096} INFO - Sync 1 DAGs
[2025-07-17T12:46:38.810-0500] {logging_mixin.py:188} INFO - [2025-07-17T12:46:38.809-0500] {dag.py:3954} INFO - Setting next_dagrun for example_time_delta_sensor_async to None, run_after=None
[2025-07-17T12:46:38.844-0500] {processor.py:183} INFO - Processing /home/abhiram/jobtrak-stack/venv/lib/python3.12/site-packages/airflow/example_dags/example_time_delta_sensor_async.py took 0.130 seconds
[2025-07-17T12:47:09.676-0500] {processor.py:161} INFO - Started process (PID=13991) to work on /home/abhiram/jobtrak-stack/venv/lib/python3.12/site-packages/airflow/example_dags/example_time_delta_sensor_async.py
[2025-07-17T12:47:09.678-0500] {processor.py:830} INFO - Processing file /home/abhiram/jobtrak-stack/venv/lib/python3.12/site-packages/airflow/example_dags/example_time_delta_sensor_async.py for tasks to queue
[2025-07-17T12:47:09.679-0500] {logging_mixin.py:188} INFO - [2025-07-17T12:47:09.679-0500] {dagbag.py:545} INFO - Filling up the DagBag from /home/abhiram/jobtrak-stack/venv/lib/python3.12/site-packages/airflow/example_dags/example_time_delta_sensor_async.py
[2025-07-17T12:47:09.684-0500] {processor.py:840} INFO - DAG(s) 'example_time_delta_sensor_async' retrieved from /home/abhiram/jobtrak-stack/venv/lib/python3.12/site-packages/airflow/example_dags/example_time_delta_sensor_async.py
[2025-07-17T12:47:09.715-0500] {logging_mixin.py:188} INFO - [2025-07-17T12:47:09.714-0500] {dag.py:3096} INFO - Sync 1 DAGs
[2025-07-17T12:47:09.726-0500] {logging_mixin.py:188} INFO - [2025-07-17T12:47:09.726-0500] {dag.py:3954} INFO - Setting next_dagrun for example_time_delta_sensor_async to None, run_after=None
[2025-07-17T12:47:09.750-0500] {processor.py:183} INFO - Processing /home/abhiram/jobtrak-stack/venv/lib/python3.12/site-packages/airflow/example_dags/example_time_delta_sensor_async.py took 0.080 seconds
[2025-07-17T12:47:40.904-0500] {processor.py:161} INFO - Started process (PID=14096) to work on /home/abhiram/jobtrak-stack/venv/lib/python3.12/site-packages/airflow/example_dags/example_time_delta_sensor_async.py
[2025-07-17T12:47:40.907-0500] {processor.py:830} INFO - Processing file /home/abhiram/jobtrak-stack/venv/lib/python3.12/site-packages/airflow/example_dags/example_time_delta_sensor_async.py for tasks to queue
[2025-07-17T12:47:40.909-0500] {logging_mixin.py:188} INFO - [2025-07-17T12:47:40.909-0500] {dagbag.py:545} INFO - Filling up the DagBag from /home/abhiram/jobtrak-stack/venv/lib/python3.12/site-packages/airflow/example_dags/example_time_delta_sensor_async.py
[2025-07-17T12:47:40.917-0500] {processor.py:840} INFO - DAG(s) 'example_time_delta_sensor_async' retrieved from /home/abhiram/jobtrak-stack/venv/lib/python3.12/site-packages/airflow/example_dags/example_time_delta_sensor_async.py
[2025-07-17T12:47:40.960-0500] {logging_mixin.py:188} INFO - [2025-07-17T12:47:40.960-0500] {dag.py:3096} INFO - Sync 1 DAGs
[2025-07-17T12:47:40.980-0500] {logging_mixin.py:188} INFO - [2025-07-17T12:47:40.979-0500] {dag.py:3954} INFO - Setting next_dagrun for example_time_delta_sensor_async to None, run_after=None
[2025-07-17T12:47:41.015-0500] {processor.py:183} INFO - Processing /home/abhiram/jobtrak-stack/venv/lib/python3.12/site-packages/airflow/example_dags/example_time_delta_sensor_async.py took 0.118 seconds
