[2025-07-17T12:45:04.181-0500] {processor.py:161} INFO - Started process (PID=13496) to work on /home/abhiram/jobtrak-stack/venv/lib/python3.12/site-packages/airflow/example_dags/example_short_circuit_decorator.py
[2025-07-17T12:45:04.181-0500] {processor.py:830} INFO - Processing file /home/abhiram/jobtrak-stack/venv/lib/python3.12/site-packages/airflow/example_dags/example_short_circuit_decorator.py for tasks to queue
[2025-07-17T12:45:04.182-0500] {logging_mixin.py:188} INFO - [2025-07-17T12:45:04.182-0500] {dagbag.py:545} INFO - Filling up the DagBag from /home/abhiram/jobtrak-stack/venv/lib/python3.12/site-packages/airflow/example_dags/example_short_circuit_decorator.py
[2025-07-17T12:45:04.188-0500] {processor.py:840} INFO - DAG(s) 'example_short_circuit_decorator' retrieved from /home/abhiram/jobtrak-stack/venv/lib/python3.12/site-packages/airflow/example_dags/example_short_circuit_decorator.py
[2025-07-17T12:45:04.256-0500] {logging_mixin.py:188} INFO - [2025-07-17T12:45:04.255-0500] {dag.py:3096} INFO - Sync 1 DAGs
[2025-07-17T12:45:04.268-0500] {logging_mixin.py:188} INFO - [2025-07-17T12:45:04.268-0500] {dag.py:3954} INFO - Setting next_dagrun for example_short_circuit_decorator to 2025-07-16 00:00:00+00:00, run_after=2025-07-17 00:00:00+00:00
[2025-07-17T12:45:04.282-0500] {processor.py:183} INFO - Processing /home/abhiram/jobtrak-stack/venv/lib/python3.12/site-packages/airflow/example_dags/example_short_circuit_decorator.py took 0.106 seconds
[2025-07-17T12:45:35.484-0500] {processor.py:161} INFO - Started process (PID=13623) to work on /home/abhiram/jobtrak-stack/venv/lib/python3.12/site-packages/airflow/example_dags/example_short_circuit_decorator.py
[2025-07-17T12:45:35.486-0500] {processor.py:830} INFO - Processing file /home/abhiram/jobtrak-stack/venv/lib/python3.12/site-packages/airflow/example_dags/example_short_circuit_decorator.py for tasks to queue
[2025-07-17T12:45:35.487-0500] {logging_mixin.py:188} INFO - [2025-07-17T12:45:35.487-0500] {dagbag.py:545} INFO - Filling up the DagBag from /home/abhiram/jobtrak-stack/venv/lib/python3.12/site-packages/airflow/example_dags/example_short_circuit_decorator.py
[2025-07-17T12:45:35.499-0500] {processor.py:840} INFO - DAG(s) 'example_short_circuit_decorator' retrieved from /home/abhiram/jobtrak-stack/venv/lib/python3.12/site-packages/airflow/example_dags/example_short_circuit_decorator.py
[2025-07-17T12:45:35.543-0500] {logging_mixin.py:188} INFO - [2025-07-17T12:45:35.542-0500] {dag.py:3096} INFO - Sync 1 DAGs
[2025-07-17T12:45:35.587-0500] {logging_mixin.py:188} INFO - [2025-07-17T12:45:35.587-0500] {dag.py:3954} INFO - Setting next_dagrun for example_short_circuit_decorator to 2025-07-16 00:00:00+00:00, run_after=2025-07-17 00:00:00+00:00
[2025-07-17T12:45:35.656-0500] {processor.py:183} INFO - Processing /home/abhiram/jobtrak-stack/venv/lib/python3.12/site-packages/airflow/example_dags/example_short_circuit_decorator.py took 0.181 seconds
[2025-07-17T12:46:06.406-0500] {processor.py:161} INFO - Started process (PID=13741) to work on /home/abhiram/jobtrak-stack/venv/lib/python3.12/site-packages/airflow/example_dags/example_short_circuit_decorator.py
[2025-07-17T12:46:06.407-0500] {processor.py:830} INFO - Processing file /home/abhiram/jobtrak-stack/venv/lib/python3.12/site-packages/airflow/example_dags/example_short_circuit_decorator.py for tasks to queue
[2025-07-17T12:46:06.411-0500] {logging_mixin.py:188} INFO - [2025-07-17T12:46:06.410-0500] {dagbag.py:545} INFO - Filling up the DagBag from /home/abhiram/jobtrak-stack/venv/lib/python3.12/site-packages/airflow/example_dags/example_short_circuit_decorator.py
[2025-07-17T12:46:06.421-0500] {processor.py:840} INFO - DAG(s) 'example_short_circuit_decorator' retrieved from /home/abhiram/jobtrak-stack/venv/lib/python3.12/site-packages/airflow/example_dags/example_short_circuit_decorator.py
[2025-07-17T12:46:06.455-0500] {logging_mixin.py:188} INFO - [2025-07-17T12:46:06.455-0500] {dag.py:3096} INFO - Sync 1 DAGs
[2025-07-17T12:46:06.476-0500] {logging_mixin.py:188} INFO - [2025-07-17T12:46:06.476-0500] {dag.py:3954} INFO - Setting next_dagrun for example_short_circuit_decorator to 2025-07-16 00:00:00+00:00, run_after=2025-07-17 00:00:00+00:00
[2025-07-17T12:46:06.502-0500] {processor.py:183} INFO - Processing /home/abhiram/jobtrak-stack/venv/lib/python3.12/site-packages/airflow/example_dags/example_short_circuit_decorator.py took 0.103 seconds
[2025-07-17T12:46:37.734-0500] {processor.py:161} INFO - Started process (PID=13857) to work on /home/abhiram/jobtrak-stack/venv/lib/python3.12/site-packages/airflow/example_dags/example_short_circuit_decorator.py
[2025-07-17T12:46:37.735-0500] {processor.py:830} INFO - Processing file /home/abhiram/jobtrak-stack/venv/lib/python3.12/site-packages/airflow/example_dags/example_short_circuit_decorator.py for tasks to queue
[2025-07-17T12:46:37.737-0500] {logging_mixin.py:188} INFO - [2025-07-17T12:46:37.736-0500] {dagbag.py:545} INFO - Filling up the DagBag from /home/abhiram/jobtrak-stack/venv/lib/python3.12/site-packages/airflow/example_dags/example_short_circuit_decorator.py
[2025-07-17T12:46:37.749-0500] {processor.py:840} INFO - DAG(s) 'example_short_circuit_decorator' retrieved from /home/abhiram/jobtrak-stack/venv/lib/python3.12/site-packages/airflow/example_dags/example_short_circuit_decorator.py
[2025-07-17T12:46:37.798-0500] {logging_mixin.py:188} INFO - [2025-07-17T12:46:37.798-0500] {dag.py:3096} INFO - Sync 1 DAGs
[2025-07-17T12:46:37.848-0500] {logging_mixin.py:188} INFO - [2025-07-17T12:46:37.847-0500] {dag.py:3954} INFO - Setting next_dagrun for example_short_circuit_decorator to 2025-07-16 00:00:00+00:00, run_after=2025-07-17 00:00:00+00:00
[2025-07-17T12:46:37.908-0500] {processor.py:183} INFO - Processing /home/abhiram/jobtrak-stack/venv/lib/python3.12/site-packages/airflow/example_dags/example_short_circuit_decorator.py took 0.181 seconds
[2025-07-17T12:47:09.075-0500] {processor.py:161} INFO - Started process (PID=13971) to work on /home/abhiram/jobtrak-stack/venv/lib/python3.12/site-packages/airflow/example_dags/example_short_circuit_decorator.py
[2025-07-17T12:47:09.077-0500] {processor.py:830} INFO - Processing file /home/abhiram/jobtrak-stack/venv/lib/python3.12/site-packages/airflow/example_dags/example_short_circuit_decorator.py for tasks to queue
[2025-07-17T12:47:09.086-0500] {logging_mixin.py:188} INFO - [2025-07-17T12:47:09.085-0500] {dagbag.py:545} INFO - Filling up the DagBag from /home/abhiram/jobtrak-stack/venv/lib/python3.12/site-packages/airflow/example_dags/example_short_circuit_decorator.py
[2025-07-17T12:47:09.101-0500] {processor.py:840} INFO - DAG(s) 'example_short_circuit_decorator' retrieved from /home/abhiram/jobtrak-stack/venv/lib/python3.12/site-packages/airflow/example_dags/example_short_circuit_decorator.py
[2025-07-17T12:47:09.136-0500] {logging_mixin.py:188} INFO - [2025-07-17T12:47:09.135-0500] {dag.py:3096} INFO - Sync 1 DAGs
[2025-07-17T12:47:09.158-0500] {logging_mixin.py:188} INFO - [2025-07-17T12:47:09.158-0500] {dag.py:3954} INFO - Setting next_dagrun for example_short_circuit_decorator to 2025-07-16 00:00:00+00:00, run_after=2025-07-17 00:00:00+00:00
[2025-07-17T12:47:09.179-0500] {processor.py:183} INFO - Processing /home/abhiram/jobtrak-stack/venv/lib/python3.12/site-packages/airflow/example_dags/example_short_circuit_decorator.py took 0.110 seconds
[2025-07-17T12:47:40.134-0500] {processor.py:161} INFO - Started process (PID=14077) to work on /home/abhiram/jobtrak-stack/venv/lib/python3.12/site-packages/airflow/example_dags/example_short_circuit_decorator.py
[2025-07-17T12:47:40.135-0500] {processor.py:830} INFO - Processing file /home/abhiram/jobtrak-stack/venv/lib/python3.12/site-packages/airflow/example_dags/example_short_circuit_decorator.py for tasks to queue
[2025-07-17T12:47:40.137-0500] {logging_mixin.py:188} INFO - [2025-07-17T12:47:40.137-0500] {dagbag.py:545} INFO - Filling up the DagBag from /home/abhiram/jobtrak-stack/venv/lib/python3.12/site-packages/airflow/example_dags/example_short_circuit_decorator.py
[2025-07-17T12:47:40.146-0500] {processor.py:840} INFO - DAG(s) 'example_short_circuit_decorator' retrieved from /home/abhiram/jobtrak-stack/venv/lib/python3.12/site-packages/airflow/example_dags/example_short_circuit_decorator.py
[2025-07-17T12:47:40.180-0500] {logging_mixin.py:188} INFO - [2025-07-17T12:47:40.180-0500] {dag.py:3096} INFO - Sync 1 DAGs
[2025-07-17T12:47:40.228-0500] {logging_mixin.py:188} INFO - [2025-07-17T12:47:40.227-0500] {dag.py:3954} INFO - Setting next_dagrun for example_short_circuit_decorator to 2025-07-16 00:00:00+00:00, run_after=2025-07-17 00:00:00+00:00
[2025-07-17T12:47:40.257-0500] {processor.py:183} INFO - Processing /home/abhiram/jobtrak-stack/venv/lib/python3.12/site-packages/airflow/example_dags/example_short_circuit_decorator.py took 0.130 seconds
