[2025-07-17T12:45:04.048-0500] {processor.py:161} INFO - Started process (PID=13492) to work on /home/abhiram/jobtrak-stack/venv/lib/python3.12/site-packages/airflow/example_dags/example_latest_only_with_trigger.py
[2025-07-17T12:45:04.048-0500] {processor.py:830} INFO - Processing file /home/abhiram/jobtrak-stack/venv/lib/python3.12/site-packages/airflow/example_dags/example_latest_only_with_trigger.py for tasks to queue
[2025-07-17T12:45:04.050-0500] {logging_mixin.py:188} INFO - [2025-07-17T12:45:04.049-0500] {dagbag.py:545} INFO - Filling up the DagBag from /home/abhiram/jobtrak-stack/venv/lib/python3.12/site-packages/airflow/example_dags/example_latest_only_with_trigger.py
[2025-07-17T12:45:04.053-0500] {processor.py:840} INFO - DAG(s) 'latest_only_with_trigger' retrieved from /home/abhiram/jobtrak-stack/venv/lib/python3.12/site-packages/airflow/example_dags/example_latest_only_with_trigger.py
[2025-07-17T12:45:04.136-0500] {logging_mixin.py:188} INFO - [2025-07-17T12:45:04.135-0500] {dag.py:3096} INFO - Sync 1 DAGs
[2025-07-17T12:45:04.152-0500] {logging_mixin.py:188} INFO - [2025-07-17T12:45:04.152-0500] {dag.py:3954} INFO - Setting next_dagrun for latest_only_with_trigger to 2025-07-17 12:00:00+00:00, run_after=2025-07-17 16:00:00+00:00
[2025-07-17T12:45:04.166-0500] {processor.py:183} INFO - Processing /home/abhiram/jobtrak-stack/venv/lib/python3.12/site-packages/airflow/example_dags/example_latest_only_with_trigger.py took 0.122 seconds
[2025-07-17T12:45:35.351-0500] {processor.py:161} INFO - Started process (PID=13619) to work on /home/abhiram/jobtrak-stack/venv/lib/python3.12/site-packages/airflow/example_dags/example_latest_only_with_trigger.py
[2025-07-17T12:45:35.353-0500] {processor.py:830} INFO - Processing file /home/abhiram/jobtrak-stack/venv/lib/python3.12/site-packages/airflow/example_dags/example_latest_only_with_trigger.py for tasks to queue
[2025-07-17T12:45:35.355-0500] {logging_mixin.py:188} INFO - [2025-07-17T12:45:35.355-0500] {dagbag.py:545} INFO - Filling up the DagBag from /home/abhiram/jobtrak-stack/venv/lib/python3.12/site-packages/airflow/example_dags/example_latest_only_with_trigger.py
[2025-07-17T12:45:35.361-0500] {processor.py:840} INFO - DAG(s) 'latest_only_with_trigger' retrieved from /home/abhiram/jobtrak-stack/venv/lib/python3.12/site-packages/airflow/example_dags/example_latest_only_with_trigger.py
[2025-07-17T12:45:35.398-0500] {logging_mixin.py:188} INFO - [2025-07-17T12:45:35.398-0500] {dag.py:3096} INFO - Sync 1 DAGs
[2025-07-17T12:45:35.429-0500] {logging_mixin.py:188} INFO - [2025-07-17T12:45:35.428-0500] {dag.py:3954} INFO - Setting next_dagrun for latest_only_with_trigger to 2025-07-17 12:00:00+00:00, run_after=2025-07-17 16:00:00+00:00
[2025-07-17T12:45:35.458-0500] {processor.py:183} INFO - Processing /home/abhiram/jobtrak-stack/venv/lib/python3.12/site-packages/airflow/example_dags/example_latest_only_with_trigger.py took 0.114 seconds
[2025-07-17T12:46:06.258-0500] {processor.py:161} INFO - Started process (PID=13737) to work on /home/abhiram/jobtrak-stack/venv/lib/python3.12/site-packages/airflow/example_dags/example_latest_only_with_trigger.py
[2025-07-17T12:46:06.259-0500] {processor.py:830} INFO - Processing file /home/abhiram/jobtrak-stack/venv/lib/python3.12/site-packages/airflow/example_dags/example_latest_only_with_trigger.py for tasks to queue
[2025-07-17T12:46:06.261-0500] {logging_mixin.py:188} INFO - [2025-07-17T12:46:06.260-0500] {dagbag.py:545} INFO - Filling up the DagBag from /home/abhiram/jobtrak-stack/venv/lib/python3.12/site-packages/airflow/example_dags/example_latest_only_with_trigger.py
[2025-07-17T12:46:06.265-0500] {processor.py:840} INFO - DAG(s) 'latest_only_with_trigger' retrieved from /home/abhiram/jobtrak-stack/venv/lib/python3.12/site-packages/airflow/example_dags/example_latest_only_with_trigger.py
[2025-07-17T12:46:06.291-0500] {logging_mixin.py:188} INFO - [2025-07-17T12:46:06.290-0500] {dag.py:3096} INFO - Sync 1 DAGs
[2025-07-17T12:46:06.311-0500] {logging_mixin.py:188} INFO - [2025-07-17T12:46:06.311-0500] {dag.py:3954} INFO - Setting next_dagrun for latest_only_with_trigger to 2025-07-17 12:00:00+00:00, run_after=2025-07-17 16:00:00+00:00
[2025-07-17T12:46:06.342-0500] {processor.py:183} INFO - Processing /home/abhiram/jobtrak-stack/venv/lib/python3.12/site-packages/airflow/example_dags/example_latest_only_with_trigger.py took 0.089 seconds
[2025-07-17T12:46:37.292-0500] {processor.py:161} INFO - Started process (PID=13852) to work on /home/abhiram/jobtrak-stack/venv/lib/python3.12/site-packages/airflow/example_dags/example_latest_only_with_trigger.py
[2025-07-17T12:46:37.293-0500] {processor.py:830} INFO - Processing file /home/abhiram/jobtrak-stack/venv/lib/python3.12/site-packages/airflow/example_dags/example_latest_only_with_trigger.py for tasks to queue
[2025-07-17T12:46:37.295-0500] {logging_mixin.py:188} INFO - [2025-07-17T12:46:37.295-0500] {dagbag.py:545} INFO - Filling up the DagBag from /home/abhiram/jobtrak-stack/venv/lib/python3.12/site-packages/airflow/example_dags/example_latest_only_with_trigger.py
[2025-07-17T12:46:37.302-0500] {processor.py:840} INFO - DAG(s) 'latest_only_with_trigger' retrieved from /home/abhiram/jobtrak-stack/venv/lib/python3.12/site-packages/airflow/example_dags/example_latest_only_with_trigger.py
[2025-07-17T12:46:37.340-0500] {logging_mixin.py:188} INFO - [2025-07-17T12:46:37.340-0500] {dag.py:3096} INFO - Sync 1 DAGs
[2025-07-17T12:46:37.370-0500] {logging_mixin.py:188} INFO - [2025-07-17T12:46:37.370-0500] {dag.py:3954} INFO - Setting next_dagrun for latest_only_with_trigger to 2025-07-17 12:00:00+00:00, run_after=2025-07-17 16:00:00+00:00
[2025-07-17T12:46:37.404-0500] {processor.py:183} INFO - Processing /home/abhiram/jobtrak-stack/venv/lib/python3.12/site-packages/airflow/example_dags/example_latest_only_with_trigger.py took 0.119 seconds
[2025-07-17T12:47:08.732-0500] {processor.py:161} INFO - Started process (PID=13968) to work on /home/abhiram/jobtrak-stack/venv/lib/python3.12/site-packages/airflow/example_dags/example_latest_only_with_trigger.py
[2025-07-17T12:47:08.734-0500] {processor.py:830} INFO - Processing file /home/abhiram/jobtrak-stack/venv/lib/python3.12/site-packages/airflow/example_dags/example_latest_only_with_trigger.py for tasks to queue
[2025-07-17T12:47:08.736-0500] {logging_mixin.py:188} INFO - [2025-07-17T12:47:08.736-0500] {dagbag.py:545} INFO - Filling up the DagBag from /home/abhiram/jobtrak-stack/venv/lib/python3.12/site-packages/airflow/example_dags/example_latest_only_with_trigger.py
[2025-07-17T12:47:08.755-0500] {processor.py:840} INFO - DAG(s) 'latest_only_with_trigger' retrieved from /home/abhiram/jobtrak-stack/venv/lib/python3.12/site-packages/airflow/example_dags/example_latest_only_with_trigger.py
[2025-07-17T12:47:08.812-0500] {logging_mixin.py:188} INFO - [2025-07-17T12:47:08.812-0500] {dag.py:3096} INFO - Sync 1 DAGs
[2025-07-17T12:47:08.967-0500] {logging_mixin.py:188} INFO - [2025-07-17T12:47:08.967-0500] {dag.py:3954} INFO - Setting next_dagrun for latest_only_with_trigger to 2025-07-17 12:00:00+00:00, run_after=2025-07-17 16:00:00+00:00
[2025-07-17T12:47:09.019-0500] {processor.py:183} INFO - Processing /home/abhiram/jobtrak-stack/venv/lib/python3.12/site-packages/airflow/example_dags/example_latest_only_with_trigger.py took 0.305 seconds
[2025-07-17T12:47:39.856-0500] {processor.py:161} INFO - Started process (PID=14072) to work on /home/abhiram/jobtrak-stack/venv/lib/python3.12/site-packages/airflow/example_dags/example_latest_only_with_trigger.py
[2025-07-17T12:47:39.857-0500] {processor.py:830} INFO - Processing file /home/abhiram/jobtrak-stack/venv/lib/python3.12/site-packages/airflow/example_dags/example_latest_only_with_trigger.py for tasks to queue
[2025-07-17T12:47:39.859-0500] {logging_mixin.py:188} INFO - [2025-07-17T12:47:39.858-0500] {dagbag.py:545} INFO - Filling up the DagBag from /home/abhiram/jobtrak-stack/venv/lib/python3.12/site-packages/airflow/example_dags/example_latest_only_with_trigger.py
[2025-07-17T12:47:39.865-0500] {processor.py:840} INFO - DAG(s) 'latest_only_with_trigger' retrieved from /home/abhiram/jobtrak-stack/venv/lib/python3.12/site-packages/airflow/example_dags/example_latest_only_with_trigger.py
[2025-07-17T12:47:39.904-0500] {logging_mixin.py:188} INFO - [2025-07-17T12:47:39.904-0500] {dag.py:3096} INFO - Sync 1 DAGs
[2025-07-17T12:47:39.928-0500] {logging_mixin.py:188} INFO - [2025-07-17T12:47:39.928-0500] {dag.py:3954} INFO - Setting next_dagrun for latest_only_with_trigger to 2025-07-17 12:00:00+00:00, run_after=2025-07-17 16:00:00+00:00
[2025-07-17T12:47:39.966-0500] {processor.py:183} INFO - Processing /home/abhiram/jobtrak-stack/venv/lib/python3.12/site-packages/airflow/example_dags/example_latest_only_with_trigger.py took 0.125 seconds
