[2025-07-17T12:45:01.867-0500] {processor.py:161} INFO - Started process (PID=13439) to work on /home/abhiram/jobtrak-stack/venv/lib/python3.12/site-packages/airflow/example_dags/example_sensor_decorator.py
[2025-07-17T12:45:01.867-0500] {processor.py:830} INFO - Processing file /home/abhiram/jobtrak-stack/venv/lib/python3.12/site-packages/airflow/example_dags/example_sensor_decorator.py for tasks to queue
[2025-07-17T12:45:01.868-0500] {logging_mixin.py:188} INFO - [2025-07-17T12:45:01.868-0500] {dagbag.py:545} INFO - Filling up the DagBag from /home/abhiram/jobtrak-stack/venv/lib/python3.12/site-packages/airflow/example_dags/example_sensor_decorator.py
[2025-07-17T12:45:01.874-0500] {processor.py:840} INFO - DAG(s) 'example_sensor_decorator' retrieved from /home/abhiram/jobtrak-stack/venv/lib/python3.12/site-packages/airflow/example_dags/example_sensor_decorator.py
[2025-07-17T12:45:01.961-0500] {logging_mixin.py:188} INFO - [2025-07-17T12:45:01.961-0500] {dag.py:3096} INFO - Sync 1 DAGs
[2025-07-17T12:45:01.970-0500] {logging_mixin.py:188} INFO - [2025-07-17T12:45:01.970-0500] {dag.py:3954} INFO - Setting next_dagrun for example_sensor_decorator to None, run_after=None
[2025-07-17T12:45:01.988-0500] {processor.py:183} INFO - Processing /home/abhiram/jobtrak-stack/venv/lib/python3.12/site-packages/airflow/example_dags/example_sensor_decorator.py took 0.125 seconds
[2025-07-17T12:45:32.605-0500] {processor.py:161} INFO - Started process (PID=13570) to work on /home/abhiram/jobtrak-stack/venv/lib/python3.12/site-packages/airflow/example_dags/example_sensor_decorator.py
[2025-07-17T12:45:32.607-0500] {processor.py:830} INFO - Processing file /home/abhiram/jobtrak-stack/venv/lib/python3.12/site-packages/airflow/example_dags/example_sensor_decorator.py for tasks to queue
[2025-07-17T12:45:32.608-0500] {logging_mixin.py:188} INFO - [2025-07-17T12:45:32.608-0500] {dagbag.py:545} INFO - Filling up the DagBag from /home/abhiram/jobtrak-stack/venv/lib/python3.12/site-packages/airflow/example_dags/example_sensor_decorator.py
[2025-07-17T12:45:32.614-0500] {processor.py:840} INFO - DAG(s) 'example_sensor_decorator' retrieved from /home/abhiram/jobtrak-stack/venv/lib/python3.12/site-packages/airflow/example_dags/example_sensor_decorator.py
[2025-07-17T12:45:32.646-0500] {logging_mixin.py:188} INFO - [2025-07-17T12:45:32.645-0500] {dag.py:3096} INFO - Sync 1 DAGs
[2025-07-17T12:45:32.659-0500] {logging_mixin.py:188} INFO - [2025-07-17T12:45:32.659-0500] {dag.py:3954} INFO - Setting next_dagrun for example_sensor_decorator to None, run_after=None
[2025-07-17T12:45:32.686-0500] {processor.py:183} INFO - Processing /home/abhiram/jobtrak-stack/venv/lib/python3.12/site-packages/airflow/example_dags/example_sensor_decorator.py took 0.088 seconds
[2025-07-17T12:46:03.698-0500] {processor.py:161} INFO - Started process (PID=13687) to work on /home/abhiram/jobtrak-stack/venv/lib/python3.12/site-packages/airflow/example_dags/example_sensor_decorator.py
[2025-07-17T12:46:03.700-0500] {processor.py:830} INFO - Processing file /home/abhiram/jobtrak-stack/venv/lib/python3.12/site-packages/airflow/example_dags/example_sensor_decorator.py for tasks to queue
[2025-07-17T12:46:03.702-0500] {logging_mixin.py:188} INFO - [2025-07-17T12:46:03.701-0500] {dagbag.py:545} INFO - Filling up the DagBag from /home/abhiram/jobtrak-stack/venv/lib/python3.12/site-packages/airflow/example_dags/example_sensor_decorator.py
[2025-07-17T12:46:03.718-0500] {processor.py:840} INFO - DAG(s) 'example_sensor_decorator' retrieved from /home/abhiram/jobtrak-stack/venv/lib/python3.12/site-packages/airflow/example_dags/example_sensor_decorator.py
[2025-07-17T12:46:03.762-0500] {logging_mixin.py:188} INFO - [2025-07-17T12:46:03.761-0500] {dag.py:3096} INFO - Sync 1 DAGs
[2025-07-17T12:46:03.782-0500] {logging_mixin.py:188} INFO - [2025-07-17T12:46:03.782-0500] {dag.py:3954} INFO - Setting next_dagrun for example_sensor_decorator to None, run_after=None
[2025-07-17T12:46:03.820-0500] {processor.py:183} INFO - Processing /home/abhiram/jobtrak-stack/venv/lib/python3.12/site-packages/airflow/example_dags/example_sensor_decorator.py took 0.136 seconds
[2025-07-17T12:46:34.636-0500] {processor.py:161} INFO - Started process (PID=13803) to work on /home/abhiram/jobtrak-stack/venv/lib/python3.12/site-packages/airflow/example_dags/example_sensor_decorator.py
[2025-07-17T12:46:34.637-0500] {processor.py:830} INFO - Processing file /home/abhiram/jobtrak-stack/venv/lib/python3.12/site-packages/airflow/example_dags/example_sensor_decorator.py for tasks to queue
[2025-07-17T12:46:34.639-0500] {logging_mixin.py:188} INFO - [2025-07-17T12:46:34.638-0500] {dagbag.py:545} INFO - Filling up the DagBag from /home/abhiram/jobtrak-stack/venv/lib/python3.12/site-packages/airflow/example_dags/example_sensor_decorator.py
[2025-07-17T12:46:34.646-0500] {processor.py:840} INFO - DAG(s) 'example_sensor_decorator' retrieved from /home/abhiram/jobtrak-stack/venv/lib/python3.12/site-packages/airflow/example_dags/example_sensor_decorator.py
[2025-07-17T12:46:34.688-0500] {logging_mixin.py:188} INFO - [2025-07-17T12:46:34.687-0500] {dag.py:3096} INFO - Sync 1 DAGs
[2025-07-17T12:46:34.717-0500] {logging_mixin.py:188} INFO - [2025-07-17T12:46:34.716-0500] {dag.py:3954} INFO - Setting next_dagrun for example_sensor_decorator to None, run_after=None
[2025-07-17T12:46:34.803-0500] {processor.py:183} INFO - Processing /home/abhiram/jobtrak-stack/venv/lib/python3.12/site-packages/airflow/example_dags/example_sensor_decorator.py took 0.172 seconds
[2025-07-17T12:47:05.786-0500] {processor.py:161} INFO - Started process (PID=13918) to work on /home/abhiram/jobtrak-stack/venv/lib/python3.12/site-packages/airflow/example_dags/example_sensor_decorator.py
[2025-07-17T12:47:05.788-0500] {processor.py:830} INFO - Processing file /home/abhiram/jobtrak-stack/venv/lib/python3.12/site-packages/airflow/example_dags/example_sensor_decorator.py for tasks to queue
[2025-07-17T12:47:05.791-0500] {logging_mixin.py:188} INFO - [2025-07-17T12:47:05.790-0500] {dagbag.py:545} INFO - Filling up the DagBag from /home/abhiram/jobtrak-stack/venv/lib/python3.12/site-packages/airflow/example_dags/example_sensor_decorator.py
[2025-07-17T12:47:05.798-0500] {processor.py:840} INFO - DAG(s) 'example_sensor_decorator' retrieved from /home/abhiram/jobtrak-stack/venv/lib/python3.12/site-packages/airflow/example_dags/example_sensor_decorator.py
[2025-07-17T12:47:05.825-0500] {logging_mixin.py:188} INFO - [2025-07-17T12:47:05.825-0500] {dag.py:3096} INFO - Sync 1 DAGs
[2025-07-17T12:47:05.841-0500] {logging_mixin.py:188} INFO - [2025-07-17T12:47:05.841-0500] {dag.py:3954} INFO - Setting next_dagrun for example_sensor_decorator to None, run_after=None
[2025-07-17T12:47:05.873-0500] {processor.py:183} INFO - Processing /home/abhiram/jobtrak-stack/venv/lib/python3.12/site-packages/airflow/example_dags/example_sensor_decorator.py took 0.093 seconds
[2025-07-17T12:47:36.416-0500] {processor.py:161} INFO - Started process (PID=14023) to work on /home/abhiram/jobtrak-stack/venv/lib/python3.12/site-packages/airflow/example_dags/example_sensor_decorator.py
[2025-07-17T12:47:36.417-0500] {processor.py:830} INFO - Processing file /home/abhiram/jobtrak-stack/venv/lib/python3.12/site-packages/airflow/example_dags/example_sensor_decorator.py for tasks to queue
[2025-07-17T12:47:36.419-0500] {logging_mixin.py:188} INFO - [2025-07-17T12:47:36.419-0500] {dagbag.py:545} INFO - Filling up the DagBag from /home/abhiram/jobtrak-stack/venv/lib/python3.12/site-packages/airflow/example_dags/example_sensor_decorator.py
[2025-07-17T12:47:36.426-0500] {processor.py:840} INFO - DAG(s) 'example_sensor_decorator' retrieved from /home/abhiram/jobtrak-stack/venv/lib/python3.12/site-packages/airflow/example_dags/example_sensor_decorator.py
[2025-07-17T12:47:36.467-0500] {logging_mixin.py:188} INFO - [2025-07-17T12:47:36.466-0500] {dag.py:3096} INFO - Sync 1 DAGs
[2025-07-17T12:47:36.481-0500] {logging_mixin.py:188} INFO - [2025-07-17T12:47:36.481-0500] {dag.py:3954} INFO - Setting next_dagrun for example_sensor_decorator to None, run_after=None
[2025-07-17T12:47:36.510-0500] {processor.py:183} INFO - Processing /home/abhiram/jobtrak-stack/venv/lib/python3.12/site-packages/airflow/example_dags/example_sensor_decorator.py took 0.101 seconds
