[2025-07-17T12:45:03.508-0500] {processor.py:161} INFO - Started process (PID=13476) to work on /home/abhiram/jobtrak-stack/venv/lib/python3.12/site-packages/airflow/example_dags/example_branch_operator.py
[2025-07-17T12:45:03.509-0500] {processor.py:830} INFO - Processing file /home/abhiram/jobtrak-stack/venv/lib/python3.12/site-packages/airflow/example_dags/example_branch_operator.py for tasks to queue
[2025-07-17T12:45:03.510-0500] {logging_mixin.py:188} INFO - [2025-07-17T12:45:03.509-0500] {dagbag.py:545} INFO - Filling up the DagBag from /home/abhiram/jobtrak-stack/venv/lib/python3.12/site-packages/airflow/example_dags/example_branch_operator.py
[2025-07-17T12:45:03.631-0500] {processor.py:842} WARNING - No viable dags retrieved from /home/abhiram/jobtrak-stack/venv/lib/python3.12/site-packages/airflow/example_dags/example_branch_operator.py
[2025-07-17T12:45:03.644-0500] {processor.py:183} INFO - Processing /home/abhiram/jobtrak-stack/venv/lib/python3.12/site-packages/airflow/example_dags/example_branch_operator.py took 0.140 seconds
[2025-07-17T12:45:34.460-0500] {processor.py:161} INFO - Started process (PID=13603) to work on /home/abhiram/jobtrak-stack/venv/lib/python3.12/site-packages/airflow/example_dags/example_branch_operator.py
[2025-07-17T12:45:34.462-0500] {processor.py:830} INFO - Processing file /home/abhiram/jobtrak-stack/venv/lib/python3.12/site-packages/airflow/example_dags/example_branch_operator.py for tasks to queue
[2025-07-17T12:45:34.464-0500] {logging_mixin.py:188} INFO - [2025-07-17T12:45:34.463-0500] {dagbag.py:545} INFO - Filling up the DagBag from /home/abhiram/jobtrak-stack/venv/lib/python3.12/site-packages/airflow/example_dags/example_branch_operator.py
[2025-07-17T12:45:34.903-0500] {processor.py:842} WARNING - No viable dags retrieved from /home/abhiram/jobtrak-stack/venv/lib/python3.12/site-packages/airflow/example_dags/example_branch_operator.py
[2025-07-17T12:45:34.920-0500] {processor.py:183} INFO - Processing /home/abhiram/jobtrak-stack/venv/lib/python3.12/site-packages/airflow/example_dags/example_branch_operator.py took 0.469 seconds
[2025-07-17T12:46:05.733-0500] {processor.py:161} INFO - Started process (PID=13721) to work on /home/abhiram/jobtrak-stack/venv/lib/python3.12/site-packages/airflow/example_dags/example_branch_operator.py
[2025-07-17T12:46:05.734-0500] {processor.py:830} INFO - Processing file /home/abhiram/jobtrak-stack/venv/lib/python3.12/site-packages/airflow/example_dags/example_branch_operator.py for tasks to queue
[2025-07-17T12:46:05.735-0500] {logging_mixin.py:188} INFO - [2025-07-17T12:46:05.735-0500] {dagbag.py:545} INFO - Filling up the DagBag from /home/abhiram/jobtrak-stack/venv/lib/python3.12/site-packages/airflow/example_dags/example_branch_operator.py
[2025-07-17T12:46:05.906-0500] {processor.py:842} WARNING - No viable dags retrieved from /home/abhiram/jobtrak-stack/venv/lib/python3.12/site-packages/airflow/example_dags/example_branch_operator.py
[2025-07-17T12:46:05.924-0500] {processor.py:183} INFO - Processing /home/abhiram/jobtrak-stack/venv/lib/python3.12/site-packages/airflow/example_dags/example_branch_operator.py took 0.197 seconds
[2025-07-17T12:46:36.587-0500] {processor.py:161} INFO - Started process (PID=13837) to work on /home/abhiram/jobtrak-stack/venv/lib/python3.12/site-packages/airflow/example_dags/example_branch_operator.py
[2025-07-17T12:46:36.588-0500] {processor.py:830} INFO - Processing file /home/abhiram/jobtrak-stack/venv/lib/python3.12/site-packages/airflow/example_dags/example_branch_operator.py for tasks to queue
[2025-07-17T12:46:36.590-0500] {logging_mixin.py:188} INFO - [2025-07-17T12:46:36.590-0500] {dagbag.py:545} INFO - Filling up the DagBag from /home/abhiram/jobtrak-stack/venv/lib/python3.12/site-packages/airflow/example_dags/example_branch_operator.py
[2025-07-17T12:46:36.911-0500] {processor.py:842} WARNING - No viable dags retrieved from /home/abhiram/jobtrak-stack/venv/lib/python3.12/site-packages/airflow/example_dags/example_branch_operator.py
[2025-07-17T12:46:36.938-0500] {processor.py:183} INFO - Processing /home/abhiram/jobtrak-stack/venv/lib/python3.12/site-packages/airflow/example_dags/example_branch_operator.py took 0.360 seconds
[2025-07-17T12:47:07.754-0500] {processor.py:161} INFO - Started process (PID=13952) to work on /home/abhiram/jobtrak-stack/venv/lib/python3.12/site-packages/airflow/example_dags/example_branch_operator.py
[2025-07-17T12:47:07.777-0500] {processor.py:830} INFO - Processing file /home/abhiram/jobtrak-stack/venv/lib/python3.12/site-packages/airflow/example_dags/example_branch_operator.py for tasks to queue
[2025-07-17T12:47:07.779-0500] {logging_mixin.py:188} INFO - [2025-07-17T12:47:07.779-0500] {dagbag.py:545} INFO - Filling up the DagBag from /home/abhiram/jobtrak-stack/venv/lib/python3.12/site-packages/airflow/example_dags/example_branch_operator.py
[2025-07-17T12:47:08.120-0500] {processor.py:842} WARNING - No viable dags retrieved from /home/abhiram/jobtrak-stack/venv/lib/python3.12/site-packages/airflow/example_dags/example_branch_operator.py
[2025-07-17T12:47:08.147-0500] {processor.py:183} INFO - Processing /home/abhiram/jobtrak-stack/venv/lib/python3.12/site-packages/airflow/example_dags/example_branch_operator.py took 0.402 seconds
[2025-07-17T12:47:38.189-0500] {processor.py:161} INFO - Started process (PID=14059) to work on /home/abhiram/jobtrak-stack/venv/lib/python3.12/site-packages/airflow/example_dags/example_branch_operator.py
[2025-07-17T12:47:38.199-0500] {processor.py:830} INFO - Processing file /home/abhiram/jobtrak-stack/venv/lib/python3.12/site-packages/airflow/example_dags/example_branch_operator.py for tasks to queue
[2025-07-17T12:47:38.201-0500] {logging_mixin.py:188} INFO - [2025-07-17T12:47:38.201-0500] {dagbag.py:545} INFO - Filling up the DagBag from /home/abhiram/jobtrak-stack/venv/lib/python3.12/site-packages/airflow/example_dags/example_branch_operator.py
[2025-07-17T12:47:38.660-0500] {processor.py:842} WARNING - No viable dags retrieved from /home/abhiram/jobtrak-stack/venv/lib/python3.12/site-packages/airflow/example_dags/example_branch_operator.py
[2025-07-17T12:47:38.686-0500] {processor.py:183} INFO - Processing /home/abhiram/jobtrak-stack/venv/lib/python3.12/site-packages/airflow/example_dags/example_branch_operator.py took 0.504 seconds
