[2025-07-17T12:45:01.256-0500] {processor.py:161} INFO - Started process (PID=13430) to work on /home/abhiram/jobtrak-stack/venv/lib/python3.12/site-packages/airflow/example_dags/example_datasets.py
[2025-07-17T12:45:01.256-0500] {processor.py:830} INFO - Processing file /home/abhiram/jobtrak-stack/venv/lib/python3.12/site-packages/airflow/example_dags/example_datasets.py for tasks to queue
[2025-07-17T12:45:01.257-0500] {logging_mixin.py:188} INFO - [2025-07-17T12:45:01.257-0500] {dagbag.py:545} INFO - Filling up the DagBag from /home/abhiram/jobtrak-stack/venv/lib/python3.12/site-packages/airflow/example_dags/example_datasets.py
[2025-07-17T12:45:01.275-0500] {processor.py:840} INFO - DAG(s) 'dataset_consumes_unknown_never_scheduled', 'dataset_consumes_1_never_scheduled', 'dataset_produces_1', 'consume_1_and_2_with_dataset_expressions', 'consume_1_or_2_with_dataset_expressions', 'dataset_consumes_1_and_2', 'dataset_produces_2', 'dataset_consumes_1', 'consume_1_or_both_2_and_3_with_dataset_expressions', 'conditional_dataset_and_time_based_timetable' retrieved from /home/abhiram/jobtrak-stack/venv/lib/python3.12/site-packages/airflow/example_dags/example_datasets.py
[2025-07-17T12:45:01.453-0500] {logging_mixin.py:188} INFO - [2025-07-17T12:45:01.453-0500] {dag.py:3096} INFO - Sync 10 DAGs
[2025-07-17T12:45:01.469-0500] {logging_mixin.py:188} INFO - [2025-07-17T12:45:01.468-0500] {dag.py:3954} INFO - Setting next_dagrun for conditional_dataset_and_time_based_timetable to 2025-07-16 01:00:00+00:00, run_after=2025-07-16 01:00:00+00:00
[2025-07-17T12:45:01.471-0500] {logging_mixin.py:188} INFO - [2025-07-17T12:45:01.471-0500] {dag.py:3954} INFO - Setting next_dagrun for consume_1_and_2_with_dataset_expressions to None, run_after=None
[2025-07-17T12:45:01.472-0500] {logging_mixin.py:188} INFO - [2025-07-17T12:45:01.472-0500] {dag.py:3954} INFO - Setting next_dagrun for consume_1_or_2_with_dataset_expressions to None, run_after=None
[2025-07-17T12:45:01.473-0500] {logging_mixin.py:188} INFO - [2025-07-17T12:45:01.473-0500] {dag.py:3954} INFO - Setting next_dagrun for consume_1_or_both_2_and_3_with_dataset_expressions to None, run_after=None
[2025-07-17T12:45:01.473-0500] {logging_mixin.py:188} INFO - [2025-07-17T12:45:01.473-0500] {dag.py:3954} INFO - Setting next_dagrun for dataset_consumes_1 to None, run_after=None
[2025-07-17T12:45:01.474-0500] {logging_mixin.py:188} INFO - [2025-07-17T12:45:01.474-0500] {dag.py:3954} INFO - Setting next_dagrun for dataset_consumes_1_and_2 to None, run_after=None
[2025-07-17T12:45:01.475-0500] {logging_mixin.py:188} INFO - [2025-07-17T12:45:01.475-0500] {dag.py:3954} INFO - Setting next_dagrun for dataset_consumes_1_never_scheduled to None, run_after=None
[2025-07-17T12:45:01.476-0500] {logging_mixin.py:188} INFO - [2025-07-17T12:45:01.476-0500] {dag.py:3954} INFO - Setting next_dagrun for dataset_consumes_unknown_never_scheduled to None, run_after=None
[2025-07-17T12:45:01.480-0500] {logging_mixin.py:188} INFO - [2025-07-17T12:45:01.480-0500] {dag.py:3954} INFO - Setting next_dagrun for dataset_produces_1 to 2025-07-16 00:00:00+00:00, run_after=2025-07-17 00:00:00+00:00
[2025-07-17T12:45:01.481-0500] {logging_mixin.py:188} INFO - [2025-07-17T12:45:01.481-0500] {dag.py:3954} INFO - Setting next_dagrun for dataset_produces_2 to None, run_after=None
[2025-07-17T12:45:01.519-0500] {processor.py:183} INFO - Processing /home/abhiram/jobtrak-stack/venv/lib/python3.12/site-packages/airflow/example_dags/example_datasets.py took 0.268 seconds
[2025-07-17T12:45:32.273-0500] {processor.py:161} INFO - Started process (PID=13561) to work on /home/abhiram/jobtrak-stack/venv/lib/python3.12/site-packages/airflow/example_dags/example_datasets.py
[2025-07-17T12:45:32.276-0500] {processor.py:830} INFO - Processing file /home/abhiram/jobtrak-stack/venv/lib/python3.12/site-packages/airflow/example_dags/example_datasets.py for tasks to queue
[2025-07-17T12:45:32.277-0500] {logging_mixin.py:188} INFO - [2025-07-17T12:45:32.277-0500] {dagbag.py:545} INFO - Filling up the DagBag from /home/abhiram/jobtrak-stack/venv/lib/python3.12/site-packages/airflow/example_dags/example_datasets.py
[2025-07-17T12:45:32.292-0500] {processor.py:840} INFO - DAG(s) 'consume_1_and_2_with_dataset_expressions', 'dataset_produces_2', 'dataset_consumes_1_never_scheduled', 'consume_1_or_2_with_dataset_expressions', 'consume_1_or_both_2_and_3_with_dataset_expressions', 'conditional_dataset_and_time_based_timetable', 'dataset_consumes_unknown_never_scheduled', 'dataset_produces_1', 'dataset_consumes_1', 'dataset_consumes_1_and_2' retrieved from /home/abhiram/jobtrak-stack/venv/lib/python3.12/site-packages/airflow/example_dags/example_datasets.py
[2025-07-17T12:45:32.366-0500] {logging_mixin.py:188} INFO - [2025-07-17T12:45:32.365-0500] {dag.py:3096} INFO - Sync 10 DAGs
[2025-07-17T12:45:32.397-0500] {logging_mixin.py:188} INFO - [2025-07-17T12:45:32.396-0500] {dag.py:3954} INFO - Setting next_dagrun for conditional_dataset_and_time_based_timetable to 2025-07-16 01:00:00+00:00, run_after=2025-07-16 01:00:00+00:00
[2025-07-17T12:45:32.401-0500] {logging_mixin.py:188} INFO - [2025-07-17T12:45:32.401-0500] {dag.py:3954} INFO - Setting next_dagrun for consume_1_and_2_with_dataset_expressions to None, run_after=None
[2025-07-17T12:45:32.403-0500] {logging_mixin.py:188} INFO - [2025-07-17T12:45:32.403-0500] {dag.py:3954} INFO - Setting next_dagrun for consume_1_or_2_with_dataset_expressions to None, run_after=None
[2025-07-17T12:45:32.405-0500] {logging_mixin.py:188} INFO - [2025-07-17T12:45:32.405-0500] {dag.py:3954} INFO - Setting next_dagrun for consume_1_or_both_2_and_3_with_dataset_expressions to None, run_after=None
[2025-07-17T12:45:32.407-0500] {logging_mixin.py:188} INFO - [2025-07-17T12:45:32.406-0500] {dag.py:3954} INFO - Setting next_dagrun for dataset_consumes_1 to None, run_after=None
[2025-07-17T12:45:32.408-0500] {logging_mixin.py:188} INFO - [2025-07-17T12:45:32.408-0500] {dag.py:3954} INFO - Setting next_dagrun for dataset_consumes_1_and_2 to None, run_after=None
[2025-07-17T12:45:32.410-0500] {logging_mixin.py:188} INFO - [2025-07-17T12:45:32.410-0500] {dag.py:3954} INFO - Setting next_dagrun for dataset_consumes_1_never_scheduled to None, run_after=None
[2025-07-17T12:45:32.412-0500] {logging_mixin.py:188} INFO - [2025-07-17T12:45:32.411-0500] {dag.py:3954} INFO - Setting next_dagrun for dataset_consumes_unknown_never_scheduled to None, run_after=None
[2025-07-17T12:45:32.414-0500] {logging_mixin.py:188} INFO - [2025-07-17T12:45:32.414-0500] {dag.py:3954} INFO - Setting next_dagrun for dataset_produces_1 to 2025-07-16 00:00:00+00:00, run_after=2025-07-17 00:00:00+00:00
[2025-07-17T12:45:32.416-0500] {logging_mixin.py:188} INFO - [2025-07-17T12:45:32.416-0500] {dag.py:3954} INFO - Setting next_dagrun for dataset_produces_2 to None, run_after=None
[2025-07-17T12:45:32.466-0500] {processor.py:183} INFO - Processing /home/abhiram/jobtrak-stack/venv/lib/python3.12/site-packages/airflow/example_dags/example_datasets.py took 0.200 seconds
[2025-07-17T12:46:03.276-0500] {processor.py:161} INFO - Started process (PID=13679) to work on /home/abhiram/jobtrak-stack/venv/lib/python3.12/site-packages/airflow/example_dags/example_datasets.py
[2025-07-17T12:46:03.278-0500] {processor.py:830} INFO - Processing file /home/abhiram/jobtrak-stack/venv/lib/python3.12/site-packages/airflow/example_dags/example_datasets.py for tasks to queue
[2025-07-17T12:46:03.282-0500] {logging_mixin.py:188} INFO - [2025-07-17T12:46:03.282-0500] {dagbag.py:545} INFO - Filling up the DagBag from /home/abhiram/jobtrak-stack/venv/lib/python3.12/site-packages/airflow/example_dags/example_datasets.py
[2025-07-17T12:46:03.298-0500] {processor.py:840} INFO - DAG(s) 'conditional_dataset_and_time_based_timetable', 'dataset_consumes_unknown_never_scheduled', 'dataset_consumes_1', 'consume_1_or_2_with_dataset_expressions', 'dataset_consumes_1_and_2', 'dataset_produces_1', 'consume_1_or_both_2_and_3_with_dataset_expressions', 'dataset_consumes_1_never_scheduled', 'consume_1_and_2_with_dataset_expressions', 'dataset_produces_2' retrieved from /home/abhiram/jobtrak-stack/venv/lib/python3.12/site-packages/airflow/example_dags/example_datasets.py
[2025-07-17T12:46:03.384-0500] {logging_mixin.py:188} INFO - [2025-07-17T12:46:03.383-0500] {dag.py:3096} INFO - Sync 10 DAGs
[2025-07-17T12:46:03.423-0500] {logging_mixin.py:188} INFO - [2025-07-17T12:46:03.422-0500] {dag.py:3954} INFO - Setting next_dagrun for conditional_dataset_and_time_based_timetable to 2025-07-16 01:00:00+00:00, run_after=2025-07-16 01:00:00+00:00
[2025-07-17T12:46:03.431-0500] {logging_mixin.py:188} INFO - [2025-07-17T12:46:03.431-0500] {dag.py:3954} INFO - Setting next_dagrun for consume_1_and_2_with_dataset_expressions to None, run_after=None
[2025-07-17T12:46:03.433-0500] {logging_mixin.py:188} INFO - [2025-07-17T12:46:03.433-0500] {dag.py:3954} INFO - Setting next_dagrun for consume_1_or_2_with_dataset_expressions to None, run_after=None
[2025-07-17T12:46:03.435-0500] {logging_mixin.py:188} INFO - [2025-07-17T12:46:03.435-0500] {dag.py:3954} INFO - Setting next_dagrun for consume_1_or_both_2_and_3_with_dataset_expressions to None, run_after=None
[2025-07-17T12:46:03.437-0500] {logging_mixin.py:188} INFO - [2025-07-17T12:46:03.437-0500] {dag.py:3954} INFO - Setting next_dagrun for dataset_consumes_1 to None, run_after=None
[2025-07-17T12:46:03.439-0500] {logging_mixin.py:188} INFO - [2025-07-17T12:46:03.439-0500] {dag.py:3954} INFO - Setting next_dagrun for dataset_consumes_1_and_2 to None, run_after=None
[2025-07-17T12:46:03.441-0500] {logging_mixin.py:188} INFO - [2025-07-17T12:46:03.440-0500] {dag.py:3954} INFO - Setting next_dagrun for dataset_consumes_1_never_scheduled to None, run_after=None
[2025-07-17T12:46:03.443-0500] {logging_mixin.py:188} INFO - [2025-07-17T12:46:03.442-0500] {dag.py:3954} INFO - Setting next_dagrun for dataset_consumes_unknown_never_scheduled to None, run_after=None
[2025-07-17T12:46:03.446-0500] {logging_mixin.py:188} INFO - [2025-07-17T12:46:03.446-0500] {dag.py:3954} INFO - Setting next_dagrun for dataset_produces_1 to 2025-07-16 00:00:00+00:00, run_after=2025-07-17 00:00:00+00:00
[2025-07-17T12:46:03.448-0500] {logging_mixin.py:188} INFO - [2025-07-17T12:46:03.448-0500] {dag.py:3954} INFO - Setting next_dagrun for dataset_produces_2 to None, run_after=None
[2025-07-17T12:46:03.506-0500] {processor.py:183} INFO - Processing /home/abhiram/jobtrak-stack/venv/lib/python3.12/site-packages/airflow/example_dags/example_datasets.py took 0.238 seconds
[2025-07-17T12:46:34.263-0500] {processor.py:161} INFO - Started process (PID=13794) to work on /home/abhiram/jobtrak-stack/venv/lib/python3.12/site-packages/airflow/example_dags/example_datasets.py
[2025-07-17T12:46:34.264-0500] {processor.py:830} INFO - Processing file /home/abhiram/jobtrak-stack/venv/lib/python3.12/site-packages/airflow/example_dags/example_datasets.py for tasks to queue
[2025-07-17T12:46:34.266-0500] {logging_mixin.py:188} INFO - [2025-07-17T12:46:34.265-0500] {dagbag.py:545} INFO - Filling up the DagBag from /home/abhiram/jobtrak-stack/venv/lib/python3.12/site-packages/airflow/example_dags/example_datasets.py
[2025-07-17T12:46:34.279-0500] {processor.py:840} INFO - DAG(s) 'dataset_consumes_1_and_2', 'dataset_produces_1', 'conditional_dataset_and_time_based_timetable', 'consume_1_and_2_with_dataset_expressions', 'dataset_consumes_1', 'dataset_consumes_1_never_scheduled', 'dataset_consumes_unknown_never_scheduled', 'consume_1_or_both_2_and_3_with_dataset_expressions', 'dataset_produces_2', 'consume_1_or_2_with_dataset_expressions' retrieved from /home/abhiram/jobtrak-stack/venv/lib/python3.12/site-packages/airflow/example_dags/example_datasets.py
[2025-07-17T12:46:34.415-0500] {logging_mixin.py:188} INFO - [2025-07-17T12:46:34.414-0500] {dag.py:3096} INFO - Sync 10 DAGs
[2025-07-17T12:46:34.447-0500] {logging_mixin.py:188} INFO - [2025-07-17T12:46:34.447-0500] {dag.py:3954} INFO - Setting next_dagrun for conditional_dataset_and_time_based_timetable to 2025-07-16 01:00:00+00:00, run_after=2025-07-16 01:00:00+00:00
[2025-07-17T12:46:34.452-0500] {logging_mixin.py:188} INFO - [2025-07-17T12:46:34.452-0500] {dag.py:3954} INFO - Setting next_dagrun for consume_1_and_2_with_dataset_expressions to None, run_after=None
[2025-07-17T12:46:34.454-0500] {logging_mixin.py:188} INFO - [2025-07-17T12:46:34.454-0500] {dag.py:3954} INFO - Setting next_dagrun for consume_1_or_2_with_dataset_expressions to None, run_after=None
[2025-07-17T12:46:34.455-0500] {logging_mixin.py:188} INFO - [2025-07-17T12:46:34.455-0500] {dag.py:3954} INFO - Setting next_dagrun for consume_1_or_both_2_and_3_with_dataset_expressions to None, run_after=None
[2025-07-17T12:46:34.457-0500] {logging_mixin.py:188} INFO - [2025-07-17T12:46:34.457-0500] {dag.py:3954} INFO - Setting next_dagrun for dataset_consumes_1 to None, run_after=None
[2025-07-17T12:46:34.458-0500] {logging_mixin.py:188} INFO - [2025-07-17T12:46:34.458-0500] {dag.py:3954} INFO - Setting next_dagrun for dataset_consumes_1_and_2 to None, run_after=None
[2025-07-17T12:46:34.460-0500] {logging_mixin.py:188} INFO - [2025-07-17T12:46:34.460-0500] {dag.py:3954} INFO - Setting next_dagrun for dataset_consumes_1_never_scheduled to None, run_after=None
[2025-07-17T12:46:34.462-0500] {logging_mixin.py:188} INFO - [2025-07-17T12:46:34.461-0500] {dag.py:3954} INFO - Setting next_dagrun for dataset_consumes_unknown_never_scheduled to None, run_after=None
[2025-07-17T12:46:34.465-0500] {logging_mixin.py:188} INFO - [2025-07-17T12:46:34.464-0500] {dag.py:3954} INFO - Setting next_dagrun for dataset_produces_1 to 2025-07-16 00:00:00+00:00, run_after=2025-07-17 00:00:00+00:00
[2025-07-17T12:46:34.466-0500] {logging_mixin.py:188} INFO - [2025-07-17T12:46:34.466-0500] {dag.py:3954} INFO - Setting next_dagrun for dataset_produces_2 to None, run_after=None
[2025-07-17T12:46:34.507-0500] {processor.py:183} INFO - Processing /home/abhiram/jobtrak-stack/venv/lib/python3.12/site-packages/airflow/example_dags/example_datasets.py took 0.250 seconds
[2025-07-17T12:47:05.472-0500] {processor.py:161} INFO - Started process (PID=13909) to work on /home/abhiram/jobtrak-stack/venv/lib/python3.12/site-packages/airflow/example_dags/example_datasets.py
[2025-07-17T12:47:05.473-0500] {processor.py:830} INFO - Processing file /home/abhiram/jobtrak-stack/venv/lib/python3.12/site-packages/airflow/example_dags/example_datasets.py for tasks to queue
[2025-07-17T12:47:05.483-0500] {logging_mixin.py:188} INFO - [2025-07-17T12:47:05.483-0500] {dagbag.py:545} INFO - Filling up the DagBag from /home/abhiram/jobtrak-stack/venv/lib/python3.12/site-packages/airflow/example_dags/example_datasets.py
[2025-07-17T12:47:05.515-0500] {processor.py:840} INFO - DAG(s) 'dataset_consumes_1_and_2', 'dataset_consumes_unknown_never_scheduled', 'consume_1_or_2_with_dataset_expressions', 'conditional_dataset_and_time_based_timetable', 'dataset_produces_2', 'dataset_consumes_1_never_scheduled', 'dataset_consumes_1', 'consume_1_and_2_with_dataset_expressions', 'consume_1_or_both_2_and_3_with_dataset_expressions', 'dataset_produces_1' retrieved from /home/abhiram/jobtrak-stack/venv/lib/python3.12/site-packages/airflow/example_dags/example_datasets.py
[2025-07-17T12:47:05.591-0500] {logging_mixin.py:188} INFO - [2025-07-17T12:47:05.590-0500] {dag.py:3096} INFO - Sync 10 DAGs
[2025-07-17T12:47:05.620-0500] {logging_mixin.py:188} INFO - [2025-07-17T12:47:05.619-0500] {dag.py:3954} INFO - Setting next_dagrun for conditional_dataset_and_time_based_timetable to 2025-07-16 01:00:00+00:00, run_after=2025-07-16 01:00:00+00:00
[2025-07-17T12:47:05.623-0500] {logging_mixin.py:188} INFO - [2025-07-17T12:47:05.623-0500] {dag.py:3954} INFO - Setting next_dagrun for consume_1_and_2_with_dataset_expressions to None, run_after=None
[2025-07-17T12:47:05.624-0500] {logging_mixin.py:188} INFO - [2025-07-17T12:47:05.624-0500] {dag.py:3954} INFO - Setting next_dagrun for consume_1_or_2_with_dataset_expressions to None, run_after=None
[2025-07-17T12:47:05.626-0500] {logging_mixin.py:188} INFO - [2025-07-17T12:47:05.626-0500] {dag.py:3954} INFO - Setting next_dagrun for consume_1_or_both_2_and_3_with_dataset_expressions to None, run_after=None
[2025-07-17T12:47:05.627-0500] {logging_mixin.py:188} INFO - [2025-07-17T12:47:05.627-0500] {dag.py:3954} INFO - Setting next_dagrun for dataset_consumes_1 to None, run_after=None
[2025-07-17T12:47:05.629-0500] {logging_mixin.py:188} INFO - [2025-07-17T12:47:05.628-0500] {dag.py:3954} INFO - Setting next_dagrun for dataset_consumes_1_and_2 to None, run_after=None
[2025-07-17T12:47:05.632-0500] {logging_mixin.py:188} INFO - [2025-07-17T12:47:05.631-0500] {dag.py:3954} INFO - Setting next_dagrun for dataset_consumes_1_never_scheduled to None, run_after=None
[2025-07-17T12:47:05.636-0500] {logging_mixin.py:188} INFO - [2025-07-17T12:47:05.636-0500] {dag.py:3954} INFO - Setting next_dagrun for dataset_consumes_unknown_never_scheduled to None, run_after=None
[2025-07-17T12:47:05.638-0500] {logging_mixin.py:188} INFO - [2025-07-17T12:47:05.638-0500] {dag.py:3954} INFO - Setting next_dagrun for dataset_produces_1 to 2025-07-16 00:00:00+00:00, run_after=2025-07-17 00:00:00+00:00
[2025-07-17T12:47:05.639-0500] {logging_mixin.py:188} INFO - [2025-07-17T12:47:05.639-0500] {dag.py:3954} INFO - Setting next_dagrun for dataset_produces_2 to None, run_after=None
[2025-07-17T12:47:05.681-0500] {processor.py:183} INFO - Processing /home/abhiram/jobtrak-stack/venv/lib/python3.12/site-packages/airflow/example_dags/example_datasets.py took 0.215 seconds
[2025-07-17T12:47:36.090-0500] {processor.py:161} INFO - Started process (PID=14014) to work on /home/abhiram/jobtrak-stack/venv/lib/python3.12/site-packages/airflow/example_dags/example_datasets.py
[2025-07-17T12:47:36.091-0500] {processor.py:830} INFO - Processing file /home/abhiram/jobtrak-stack/venv/lib/python3.12/site-packages/airflow/example_dags/example_datasets.py for tasks to queue
[2025-07-17T12:47:36.092-0500] {logging_mixin.py:188} INFO - [2025-07-17T12:47:36.092-0500] {dagbag.py:545} INFO - Filling up the DagBag from /home/abhiram/jobtrak-stack/venv/lib/python3.12/site-packages/airflow/example_dags/example_datasets.py
[2025-07-17T12:47:36.109-0500] {processor.py:840} INFO - DAG(s) 'consume_1_or_both_2_and_3_with_dataset_expressions', 'consume_1_and_2_with_dataset_expressions', 'dataset_produces_1', 'consume_1_or_2_with_dataset_expressions', 'dataset_consumes_unknown_never_scheduled', 'conditional_dataset_and_time_based_timetable', 'dataset_produces_2', 'dataset_consumes_1_never_scheduled', 'dataset_consumes_1_and_2', 'dataset_consumes_1' retrieved from /home/abhiram/jobtrak-stack/venv/lib/python3.12/site-packages/airflow/example_dags/example_datasets.py
[2025-07-17T12:47:36.175-0500] {logging_mixin.py:188} INFO - [2025-07-17T12:47:36.174-0500] {dag.py:3096} INFO - Sync 10 DAGs
[2025-07-17T12:47:36.205-0500] {logging_mixin.py:188} INFO - [2025-07-17T12:47:36.205-0500] {dag.py:3954} INFO - Setting next_dagrun for conditional_dataset_and_time_based_timetable to 2025-07-16 01:00:00+00:00, run_after=2025-07-16 01:00:00+00:00
[2025-07-17T12:47:36.211-0500] {logging_mixin.py:188} INFO - [2025-07-17T12:47:36.210-0500] {dag.py:3954} INFO - Setting next_dagrun for consume_1_and_2_with_dataset_expressions to None, run_after=None
[2025-07-17T12:47:36.213-0500] {logging_mixin.py:188} INFO - [2025-07-17T12:47:36.213-0500] {dag.py:3954} INFO - Setting next_dagrun for consume_1_or_2_with_dataset_expressions to None, run_after=None
[2025-07-17T12:47:36.215-0500] {logging_mixin.py:188} INFO - [2025-07-17T12:47:36.215-0500] {dag.py:3954} INFO - Setting next_dagrun for consume_1_or_both_2_and_3_with_dataset_expressions to None, run_after=None
[2025-07-17T12:47:36.216-0500] {logging_mixin.py:188} INFO - [2025-07-17T12:47:36.216-0500] {dag.py:3954} INFO - Setting next_dagrun for dataset_consumes_1 to None, run_after=None
[2025-07-17T12:47:36.218-0500] {logging_mixin.py:188} INFO - [2025-07-17T12:47:36.218-0500] {dag.py:3954} INFO - Setting next_dagrun for dataset_consumes_1_and_2 to None, run_after=None
[2025-07-17T12:47:36.220-0500] {logging_mixin.py:188} INFO - [2025-07-17T12:47:36.220-0500] {dag.py:3954} INFO - Setting next_dagrun for dataset_consumes_1_never_scheduled to None, run_after=None
[2025-07-17T12:47:36.222-0500] {logging_mixin.py:188} INFO - [2025-07-17T12:47:36.222-0500] {dag.py:3954} INFO - Setting next_dagrun for dataset_consumes_unknown_never_scheduled to None, run_after=None
[2025-07-17T12:47:36.225-0500] {logging_mixin.py:188} INFO - [2025-07-17T12:47:36.225-0500] {dag.py:3954} INFO - Setting next_dagrun for dataset_produces_1 to 2025-07-16 00:00:00+00:00, run_after=2025-07-17 00:00:00+00:00
[2025-07-17T12:47:36.227-0500] {logging_mixin.py:188} INFO - [2025-07-17T12:47:36.226-0500] {dag.py:3954} INFO - Setting next_dagrun for dataset_produces_2 to None, run_after=None
[2025-07-17T12:47:36.283-0500] {processor.py:183} INFO - Processing /home/abhiram/jobtrak-stack/venv/lib/python3.12/site-packages/airflow/example_dags/example_datasets.py took 0.207 seconds
