[2025-07-17T12:45:02.991-0500] {processor.py:161} INFO - Started process (PID=13466) to work on /home/abhiram/jobtrak-stack/venv/lib/python3.12/site-packages/airflow/example_dags/example_complex.py
[2025-07-17T12:45:02.991-0500] {processor.py:830} INFO - Processing file /home/abhiram/jobtrak-stack/venv/lib/python3.12/site-packages/airflow/example_dags/example_complex.py for tasks to queue
[2025-07-17T12:45:02.992-0500] {logging_mixin.py:188} INFO - [2025-07-17T12:45:02.992-0500] {dagbag.py:545} INFO - Filling up the DagBag from /home/abhiram/jobtrak-stack/venv/lib/python3.12/site-packages/airflow/example_dags/example_complex.py
[2025-07-17T12:45:02.999-0500] {processor.py:840} INFO - DAG(s) 'example_complex' retrieved from /home/abhiram/jobtrak-stack/venv/lib/python3.12/site-packages/airflow/example_dags/example_complex.py
[2025-07-17T12:45:03.098-0500] {logging_mixin.py:188} INFO - [2025-07-17T12:45:03.098-0500] {dag.py:3096} INFO - Sync 1 DAGs
[2025-07-17T12:45:03.106-0500] {logging_mixin.py:188} INFO - [2025-07-17T12:45:03.105-0500] {dag.py:3954} INFO - Setting next_dagrun for example_complex to None, run_after=None
[2025-07-17T12:45:03.167-0500] {processor.py:183} INFO - Processing /home/abhiram/jobtrak-stack/venv/lib/python3.12/site-packages/airflow/example_dags/example_complex.py took 0.180 seconds
[2025-07-17T12:45:33.789-0500] {processor.py:161} INFO - Started process (PID=13593) to work on /home/abhiram/jobtrak-stack/venv/lib/python3.12/site-packages/airflow/example_dags/example_complex.py
[2025-07-17T12:45:33.791-0500] {processor.py:830} INFO - Processing file /home/abhiram/jobtrak-stack/venv/lib/python3.12/site-packages/airflow/example_dags/example_complex.py for tasks to queue
[2025-07-17T12:45:33.793-0500] {logging_mixin.py:188} INFO - [2025-07-17T12:45:33.792-0500] {dagbag.py:545} INFO - Filling up the DagBag from /home/abhiram/jobtrak-stack/venv/lib/python3.12/site-packages/airflow/example_dags/example_complex.py
[2025-07-17T12:45:33.803-0500] {processor.py:840} INFO - DAG(s) 'example_complex' retrieved from /home/abhiram/jobtrak-stack/venv/lib/python3.12/site-packages/airflow/example_dags/example_complex.py
[2025-07-17T12:45:33.870-0500] {logging_mixin.py:188} INFO - [2025-07-17T12:45:33.870-0500] {dag.py:3096} INFO - Sync 1 DAGs
[2025-07-17T12:45:33.907-0500] {logging_mixin.py:188} INFO - [2025-07-17T12:45:33.906-0500] {dag.py:3954} INFO - Setting next_dagrun for example_complex to None, run_after=None
[2025-07-17T12:45:33.964-0500] {processor.py:183} INFO - Processing /home/abhiram/jobtrak-stack/venv/lib/python3.12/site-packages/airflow/example_dags/example_complex.py took 0.179 seconds
[2025-07-17T12:46:05.345-0500] {processor.py:161} INFO - Started process (PID=13710) to work on /home/abhiram/jobtrak-stack/venv/lib/python3.12/site-packages/airflow/example_dags/example_complex.py
[2025-07-17T12:46:05.347-0500] {processor.py:830} INFO - Processing file /home/abhiram/jobtrak-stack/venv/lib/python3.12/site-packages/airflow/example_dags/example_complex.py for tasks to queue
[2025-07-17T12:46:05.352-0500] {logging_mixin.py:188} INFO - [2025-07-17T12:46:05.351-0500] {dagbag.py:545} INFO - Filling up the DagBag from /home/abhiram/jobtrak-stack/venv/lib/python3.12/site-packages/airflow/example_dags/example_complex.py
[2025-07-17T12:46:05.359-0500] {processor.py:840} INFO - DAG(s) 'example_complex' retrieved from /home/abhiram/jobtrak-stack/venv/lib/python3.12/site-packages/airflow/example_dags/example_complex.py
[2025-07-17T12:46:05.400-0500] {logging_mixin.py:188} INFO - [2025-07-17T12:46:05.400-0500] {dag.py:3096} INFO - Sync 1 DAGs
[2025-07-17T12:46:05.415-0500] {logging_mixin.py:188} INFO - [2025-07-17T12:46:05.415-0500] {dag.py:3954} INFO - Setting next_dagrun for example_complex to None, run_after=None
[2025-07-17T12:46:05.437-0500] {processor.py:183} INFO - Processing /home/abhiram/jobtrak-stack/venv/lib/python3.12/site-packages/airflow/example_dags/example_complex.py took 0.099 seconds
[2025-07-17T12:46:35.529-0500] {processor.py:161} INFO - Started process (PID=13824) to work on /home/abhiram/jobtrak-stack/venv/lib/python3.12/site-packages/airflow/example_dags/example_complex.py
[2025-07-17T12:46:35.530-0500] {processor.py:830} INFO - Processing file /home/abhiram/jobtrak-stack/venv/lib/python3.12/site-packages/airflow/example_dags/example_complex.py for tasks to queue
[2025-07-17T12:46:35.532-0500] {logging_mixin.py:188} INFO - [2025-07-17T12:46:35.531-0500] {dagbag.py:545} INFO - Filling up the DagBag from /home/abhiram/jobtrak-stack/venv/lib/python3.12/site-packages/airflow/example_dags/example_complex.py
[2025-07-17T12:46:35.547-0500] {processor.py:840} INFO - DAG(s) 'example_complex' retrieved from /home/abhiram/jobtrak-stack/venv/lib/python3.12/site-packages/airflow/example_dags/example_complex.py
[2025-07-17T12:46:35.596-0500] {logging_mixin.py:188} INFO - [2025-07-17T12:46:35.596-0500] {dag.py:3096} INFO - Sync 1 DAGs
[2025-07-17T12:46:35.613-0500] {logging_mixin.py:188} INFO - [2025-07-17T12:46:35.613-0500] {dag.py:3954} INFO - Setting next_dagrun for example_complex to None, run_after=None
[2025-07-17T12:46:35.652-0500] {processor.py:183} INFO - Processing /home/abhiram/jobtrak-stack/venv/lib/python3.12/site-packages/airflow/example_dags/example_complex.py took 0.129 seconds
[2025-07-17T12:47:06.398-0500] {processor.py:161} INFO - Started process (PID=13940) to work on /home/abhiram/jobtrak-stack/venv/lib/python3.12/site-packages/airflow/example_dags/example_complex.py
[2025-07-17T12:47:06.399-0500] {processor.py:830} INFO - Processing file /home/abhiram/jobtrak-stack/venv/lib/python3.12/site-packages/airflow/example_dags/example_complex.py for tasks to queue
[2025-07-17T12:47:06.400-0500] {logging_mixin.py:188} INFO - [2025-07-17T12:47:06.400-0500] {dagbag.py:545} INFO - Filling up the DagBag from /home/abhiram/jobtrak-stack/venv/lib/python3.12/site-packages/airflow/example_dags/example_complex.py
[2025-07-17T12:47:06.408-0500] {processor.py:840} INFO - DAG(s) 'example_complex' retrieved from /home/abhiram/jobtrak-stack/venv/lib/python3.12/site-packages/airflow/example_dags/example_complex.py
[2025-07-17T12:47:06.433-0500] {logging_mixin.py:188} INFO - [2025-07-17T12:47:06.433-0500] {dag.py:3096} INFO - Sync 1 DAGs
[2025-07-17T12:47:06.445-0500] {logging_mixin.py:188} INFO - [2025-07-17T12:47:06.445-0500] {dag.py:3954} INFO - Setting next_dagrun for example_complex to None, run_after=None
[2025-07-17T12:47:06.462-0500] {processor.py:183} INFO - Processing /home/abhiram/jobtrak-stack/venv/lib/python3.12/site-packages/airflow/example_dags/example_complex.py took 0.069 seconds
[2025-07-17T12:47:37.419-0500] {processor.py:161} INFO - Started process (PID=14046) to work on /home/abhiram/jobtrak-stack/venv/lib/python3.12/site-packages/airflow/example_dags/example_complex.py
[2025-07-17T12:47:37.420-0500] {processor.py:830} INFO - Processing file /home/abhiram/jobtrak-stack/venv/lib/python3.12/site-packages/airflow/example_dags/example_complex.py for tasks to queue
[2025-07-17T12:47:37.422-0500] {logging_mixin.py:188} INFO - [2025-07-17T12:47:37.421-0500] {dagbag.py:545} INFO - Filling up the DagBag from /home/abhiram/jobtrak-stack/venv/lib/python3.12/site-packages/airflow/example_dags/example_complex.py
[2025-07-17T12:47:37.434-0500] {processor.py:840} INFO - DAG(s) 'example_complex' retrieved from /home/abhiram/jobtrak-stack/venv/lib/python3.12/site-packages/airflow/example_dags/example_complex.py
[2025-07-17T12:47:37.478-0500] {logging_mixin.py:188} INFO - [2025-07-17T12:47:37.478-0500] {dag.py:3096} INFO - Sync 1 DAGs
[2025-07-17T12:47:37.494-0500] {logging_mixin.py:188} INFO - [2025-07-17T12:47:37.494-0500] {dag.py:3954} INFO - Setting next_dagrun for example_complex to None, run_after=None
[2025-07-17T12:47:37.527-0500] {processor.py:183} INFO - Processing /home/abhiram/jobtrak-stack/venv/lib/python3.12/site-packages/airflow/example_dags/example_complex.py took 0.121 seconds
