[2025-07-17T12:45:04.298-0500] {processor.py:161} INFO - Started process (PID=13500) to work on /home/abhiram/jobtrak-stack/venv/lib/python3.12/site-packages/airflow/example_dags/example_kubernetes_executor.py
[2025-07-17T12:45:04.299-0500] {processor.py:830} INFO - Processing file /home/abhiram/jobtrak-stack/venv/lib/python3.12/site-packages/airflow/example_dags/example_kubernetes_executor.py for tasks to queue
[2025-07-17T12:45:04.300-0500] {logging_mixin.py:188} INFO - [2025-07-17T12:45:04.299-0500] {dagbag.py:545} INFO - Filling up the DagBag from /home/abhiram/jobtrak-stack/venv/lib/python3.12/site-packages/airflow/example_dags/example_kubernetes_executor.py
[2025-07-17T12:45:04.301-0500] {logging_mixin.py:188} INFO - [2025-07-17T12:45:04.301-0500] {example_kubernetes_executor.py:39} WARNING - The example_kubernetes_executor example DAG requires the kubernetes provider. Please install it with: pip install apache-airflow[cncf.kubernetes]
[2025-07-17T12:45:04.301-0500] {processor.py:842} WARNING - No viable dags retrieved from /home/abhiram/jobtrak-stack/venv/lib/python3.12/site-packages/airflow/example_dags/example_kubernetes_executor.py
[2025-07-17T12:45:04.314-0500] {processor.py:183} INFO - Processing /home/abhiram/jobtrak-stack/venv/lib/python3.12/site-packages/airflow/example_dags/example_kubernetes_executor.py took 0.020 seconds
[2025-07-17T12:45:35.699-0500] {processor.py:161} INFO - Started process (PID=13628) to work on /home/abhiram/jobtrak-stack/venv/lib/python3.12/site-packages/airflow/example_dags/example_kubernetes_executor.py
[2025-07-17T12:45:35.701-0500] {processor.py:830} INFO - Processing file /home/abhiram/jobtrak-stack/venv/lib/python3.12/site-packages/airflow/example_dags/example_kubernetes_executor.py for tasks to queue
[2025-07-17T12:45:35.703-0500] {logging_mixin.py:188} INFO - [2025-07-17T12:45:35.702-0500] {dagbag.py:545} INFO - Filling up the DagBag from /home/abhiram/jobtrak-stack/venv/lib/python3.12/site-packages/airflow/example_dags/example_kubernetes_executor.py
[2025-07-17T12:45:35.706-0500] {logging_mixin.py:188} INFO - [2025-07-17T12:45:35.706-0500] {example_kubernetes_executor.py:39} WARNING - The example_kubernetes_executor example DAG requires the kubernetes provider. Please install it with: pip install apache-airflow[cncf.kubernetes]
[2025-07-17T12:45:35.706-0500] {processor.py:842} WARNING - No viable dags retrieved from /home/abhiram/jobtrak-stack/venv/lib/python3.12/site-packages/airflow/example_dags/example_kubernetes_executor.py
[2025-07-17T12:45:35.735-0500] {processor.py:183} INFO - Processing /home/abhiram/jobtrak-stack/venv/lib/python3.12/site-packages/airflow/example_dags/example_kubernetes_executor.py took 0.050 seconds
[2025-07-17T12:46:06.524-0500] {processor.py:161} INFO - Started process (PID=13745) to work on /home/abhiram/jobtrak-stack/venv/lib/python3.12/site-packages/airflow/example_dags/example_kubernetes_executor.py
[2025-07-17T12:46:06.525-0500] {processor.py:830} INFO - Processing file /home/abhiram/jobtrak-stack/venv/lib/python3.12/site-packages/airflow/example_dags/example_kubernetes_executor.py for tasks to queue
[2025-07-17T12:46:06.526-0500] {logging_mixin.py:188} INFO - [2025-07-17T12:46:06.526-0500] {dagbag.py:545} INFO - Filling up the DagBag from /home/abhiram/jobtrak-stack/venv/lib/python3.12/site-packages/airflow/example_dags/example_kubernetes_executor.py
[2025-07-17T12:46:06.529-0500] {logging_mixin.py:188} INFO - [2025-07-17T12:46:06.529-0500] {example_kubernetes_executor.py:39} WARNING - The example_kubernetes_executor example DAG requires the kubernetes provider. Please install it with: pip install apache-airflow[cncf.kubernetes]
[2025-07-17T12:46:06.530-0500] {processor.py:842} WARNING - No viable dags retrieved from /home/abhiram/jobtrak-stack/venv/lib/python3.12/site-packages/airflow/example_dags/example_kubernetes_executor.py
[2025-07-17T12:46:06.550-0500] {processor.py:183} INFO - Processing /home/abhiram/jobtrak-stack/venv/lib/python3.12/site-packages/airflow/example_dags/example_kubernetes_executor.py took 0.032 seconds
[2025-07-17T12:46:37.952-0500] {processor.py:161} INFO - Started process (PID=13860) to work on /home/abhiram/jobtrak-stack/venv/lib/python3.12/site-packages/airflow/example_dags/example_kubernetes_executor.py
[2025-07-17T12:46:37.953-0500] {processor.py:830} INFO - Processing file /home/abhiram/jobtrak-stack/venv/lib/python3.12/site-packages/airflow/example_dags/example_kubernetes_executor.py for tasks to queue
[2025-07-17T12:46:37.957-0500] {logging_mixin.py:188} INFO - [2025-07-17T12:46:37.957-0500] {dagbag.py:545} INFO - Filling up the DagBag from /home/abhiram/jobtrak-stack/venv/lib/python3.12/site-packages/airflow/example_dags/example_kubernetes_executor.py
[2025-07-17T12:46:37.959-0500] {logging_mixin.py:188} INFO - [2025-07-17T12:46:37.959-0500] {example_kubernetes_executor.py:39} WARNING - The example_kubernetes_executor example DAG requires the kubernetes provider. Please install it with: pip install apache-airflow[cncf.kubernetes]
[2025-07-17T12:46:37.959-0500] {processor.py:842} WARNING - No viable dags retrieved from /home/abhiram/jobtrak-stack/venv/lib/python3.12/site-packages/airflow/example_dags/example_kubernetes_executor.py
[2025-07-17T12:46:37.980-0500] {processor.py:183} INFO - Processing /home/abhiram/jobtrak-stack/venv/lib/python3.12/site-packages/airflow/example_dags/example_kubernetes_executor.py took 0.033 seconds
[2025-07-17T12:47:09.200-0500] {processor.py:161} INFO - Started process (PID=13975) to work on /home/abhiram/jobtrak-stack/venv/lib/python3.12/site-packages/airflow/example_dags/example_kubernetes_executor.py
[2025-07-17T12:47:09.201-0500] {processor.py:830} INFO - Processing file /home/abhiram/jobtrak-stack/venv/lib/python3.12/site-packages/airflow/example_dags/example_kubernetes_executor.py for tasks to queue
[2025-07-17T12:47:09.202-0500] {logging_mixin.py:188} INFO - [2025-07-17T12:47:09.202-0500] {dagbag.py:545} INFO - Filling up the DagBag from /home/abhiram/jobtrak-stack/venv/lib/python3.12/site-packages/airflow/example_dags/example_kubernetes_executor.py
[2025-07-17T12:47:09.205-0500] {logging_mixin.py:188} INFO - [2025-07-17T12:47:09.205-0500] {example_kubernetes_executor.py:39} WARNING - The example_kubernetes_executor example DAG requires the kubernetes provider. Please install it with: pip install apache-airflow[cncf.kubernetes]
[2025-07-17T12:47:09.205-0500] {processor.py:842} WARNING - No viable dags retrieved from /home/abhiram/jobtrak-stack/venv/lib/python3.12/site-packages/airflow/example_dags/example_kubernetes_executor.py
[2025-07-17T12:47:09.220-0500] {processor.py:183} INFO - Processing /home/abhiram/jobtrak-stack/venv/lib/python3.12/site-packages/airflow/example_dags/example_kubernetes_executor.py took 0.026 seconds
[2025-07-17T12:47:40.292-0500] {processor.py:161} INFO - Started process (PID=14080) to work on /home/abhiram/jobtrak-stack/venv/lib/python3.12/site-packages/airflow/example_dags/example_kubernetes_executor.py
[2025-07-17T12:47:40.293-0500] {processor.py:830} INFO - Processing file /home/abhiram/jobtrak-stack/venv/lib/python3.12/site-packages/airflow/example_dags/example_kubernetes_executor.py for tasks to queue
[2025-07-17T12:47:40.295-0500] {logging_mixin.py:188} INFO - [2025-07-17T12:47:40.295-0500] {dagbag.py:545} INFO - Filling up the DagBag from /home/abhiram/jobtrak-stack/venv/lib/python3.12/site-packages/airflow/example_dags/example_kubernetes_executor.py
[2025-07-17T12:47:40.298-0500] {logging_mixin.py:188} INFO - [2025-07-17T12:47:40.298-0500] {example_kubernetes_executor.py:39} WARNING - The example_kubernetes_executor example DAG requires the kubernetes provider. Please install it with: pip install apache-airflow[cncf.kubernetes]
[2025-07-17T12:47:40.298-0500] {processor.py:842} WARNING - No viable dags retrieved from /home/abhiram/jobtrak-stack/venv/lib/python3.12/site-packages/airflow/example_dags/example_kubernetes_executor.py
[2025-07-17T12:47:40.322-0500] {processor.py:183} INFO - Processing /home/abhiram/jobtrak-stack/venv/lib/python3.12/site-packages/airflow/example_dags/example_kubernetes_executor.py took 0.037 seconds
