[2025-07-17T12:45:03.186-0500] {processor.py:161} INFO - Started process (PID=13469) to work on /home/abhiram/jobtrak-stack/venv/lib/python3.12/site-packages/airflow/example_dags/example_branch_day_of_week_operator.py
[2025-07-17T12:45:03.186-0500] {processor.py:830} INFO - Processing file /home/abhiram/jobtrak-stack/venv/lib/python3.12/site-packages/airflow/example_dags/example_branch_day_of_week_operator.py for tasks to queue
[2025-07-17T12:45:03.187-0500] {logging_mixin.py:188} INFO - [2025-07-17T12:45:03.187-0500] {dagbag.py:545} INFO - Filling up the DagBag from /home/abhiram/jobtrak-stack/venv/lib/python3.12/site-packages/airflow/example_dags/example_branch_day_of_week_operator.py
[2025-07-17T12:45:03.192-0500] {processor.py:840} INFO - DAG(s) 'example_weekday_branch_operator' retrieved from /home/abhiram/jobtrak-stack/venv/lib/python3.12/site-packages/airflow/example_dags/example_branch_day_of_week_operator.py
[2025-07-17T12:45:03.271-0500] {logging_mixin.py:188} INFO - [2025-07-17T12:45:03.271-0500] {dag.py:3096} INFO - Sync 1 DAGs
[2025-07-17T12:45:03.285-0500] {logging_mixin.py:188} INFO - [2025-07-17T12:45:03.285-0500] {dag.py:3954} INFO - Setting next_dagrun for example_weekday_branch_operator to 2025-07-16 00:00:00+00:00, run_after=2025-07-17 00:00:00+00:00
[2025-07-17T12:45:03.355-0500] {processor.py:183} INFO - Processing /home/abhiram/jobtrak-stack/venv/lib/python3.12/site-packages/airflow/example_dags/example_branch_day_of_week_operator.py took 0.173 seconds
[2025-07-17T12:45:34.004-0500] {processor.py:161} INFO - Started process (PID=13595) to work on /home/abhiram/jobtrak-stack/venv/lib/python3.12/site-packages/airflow/example_dags/example_branch_day_of_week_operator.py
[2025-07-17T12:45:34.006-0500] {processor.py:830} INFO - Processing file /home/abhiram/jobtrak-stack/venv/lib/python3.12/site-packages/airflow/example_dags/example_branch_day_of_week_operator.py for tasks to queue
[2025-07-17T12:45:34.007-0500] {logging_mixin.py:188} INFO - [2025-07-17T12:45:34.007-0500] {dagbag.py:545} INFO - Filling up the DagBag from /home/abhiram/jobtrak-stack/venv/lib/python3.12/site-packages/airflow/example_dags/example_branch_day_of_week_operator.py
[2025-07-17T12:45:34.013-0500] {processor.py:840} INFO - DAG(s) 'example_weekday_branch_operator' retrieved from /home/abhiram/jobtrak-stack/venv/lib/python3.12/site-packages/airflow/example_dags/example_branch_day_of_week_operator.py
[2025-07-17T12:45:34.051-0500] {logging_mixin.py:188} INFO - [2025-07-17T12:45:34.050-0500] {dag.py:3096} INFO - Sync 1 DAGs
[2025-07-17T12:45:34.081-0500] {logging_mixin.py:188} INFO - [2025-07-17T12:45:34.080-0500] {dag.py:3954} INFO - Setting next_dagrun for example_weekday_branch_operator to 2025-07-16 00:00:00+00:00, run_after=2025-07-17 00:00:00+00:00
[2025-07-17T12:45:34.120-0500] {processor.py:183} INFO - Processing /home/abhiram/jobtrak-stack/venv/lib/python3.12/site-packages/airflow/example_dags/example_branch_day_of_week_operator.py took 0.132 seconds
[2025-07-17T12:46:05.543-0500] {processor.py:161} INFO - Started process (PID=13714) to work on /home/abhiram/jobtrak-stack/venv/lib/python3.12/site-packages/airflow/example_dags/example_branch_day_of_week_operator.py
[2025-07-17T12:46:05.544-0500] {processor.py:830} INFO - Processing file /home/abhiram/jobtrak-stack/venv/lib/python3.12/site-packages/airflow/example_dags/example_branch_day_of_week_operator.py for tasks to queue
[2025-07-17T12:46:05.546-0500] {logging_mixin.py:188} INFO - [2025-07-17T12:46:05.546-0500] {dagbag.py:545} INFO - Filling up the DagBag from /home/abhiram/jobtrak-stack/venv/lib/python3.12/site-packages/airflow/example_dags/example_branch_day_of_week_operator.py
[2025-07-17T12:46:05.553-0500] {processor.py:840} INFO - DAG(s) 'example_weekday_branch_operator' retrieved from /home/abhiram/jobtrak-stack/venv/lib/python3.12/site-packages/airflow/example_dags/example_branch_day_of_week_operator.py
[2025-07-17T12:46:05.575-0500] {logging_mixin.py:188} INFO - [2025-07-17T12:46:05.575-0500] {dag.py:3096} INFO - Sync 1 DAGs
[2025-07-17T12:46:05.594-0500] {logging_mixin.py:188} INFO - [2025-07-17T12:46:05.594-0500] {dag.py:3954} INFO - Setting next_dagrun for example_weekday_branch_operator to 2025-07-16 00:00:00+00:00, run_after=2025-07-17 00:00:00+00:00
[2025-07-17T12:46:05.610-0500] {processor.py:183} INFO - Processing /home/abhiram/jobtrak-stack/venv/lib/python3.12/site-packages/airflow/example_dags/example_branch_day_of_week_operator.py took 0.072 seconds
[2025-07-17T12:46:36.252-0500] {processor.py:161} INFO - Started process (PID=13830) to work on /home/abhiram/jobtrak-stack/venv/lib/python3.12/site-packages/airflow/example_dags/example_branch_day_of_week_operator.py
[2025-07-17T12:46:36.253-0500] {processor.py:830} INFO - Processing file /home/abhiram/jobtrak-stack/venv/lib/python3.12/site-packages/airflow/example_dags/example_branch_day_of_week_operator.py for tasks to queue
[2025-07-17T12:46:36.255-0500] {logging_mixin.py:188} INFO - [2025-07-17T12:46:36.254-0500] {dagbag.py:545} INFO - Filling up the DagBag from /home/abhiram/jobtrak-stack/venv/lib/python3.12/site-packages/airflow/example_dags/example_branch_day_of_week_operator.py
[2025-07-17T12:46:36.266-0500] {processor.py:840} INFO - DAG(s) 'example_weekday_branch_operator' retrieved from /home/abhiram/jobtrak-stack/venv/lib/python3.12/site-packages/airflow/example_dags/example_branch_day_of_week_operator.py
[2025-07-17T12:46:36.308-0500] {logging_mixin.py:188} INFO - [2025-07-17T12:46:36.308-0500] {dag.py:3096} INFO - Sync 1 DAGs
[2025-07-17T12:46:36.341-0500] {logging_mixin.py:188} INFO - [2025-07-17T12:46:36.341-0500] {dag.py:3954} INFO - Setting next_dagrun for example_weekday_branch_operator to 2025-07-16 00:00:00+00:00, run_after=2025-07-17 00:00:00+00:00
[2025-07-17T12:46:36.418-0500] {processor.py:183} INFO - Processing /home/abhiram/jobtrak-stack/venv/lib/python3.12/site-packages/airflow/example_dags/example_branch_day_of_week_operator.py took 0.174 seconds
[2025-07-17T12:47:06.480-0500] {processor.py:161} INFO - Started process (PID=13943) to work on /home/abhiram/jobtrak-stack/venv/lib/python3.12/site-packages/airflow/example_dags/example_branch_day_of_week_operator.py
[2025-07-17T12:47:06.482-0500] {processor.py:830} INFO - Processing file /home/abhiram/jobtrak-stack/venv/lib/python3.12/site-packages/airflow/example_dags/example_branch_day_of_week_operator.py for tasks to queue
[2025-07-17T12:47:06.483-0500] {logging_mixin.py:188} INFO - [2025-07-17T12:47:06.483-0500] {dagbag.py:545} INFO - Filling up the DagBag from /home/abhiram/jobtrak-stack/venv/lib/python3.12/site-packages/airflow/example_dags/example_branch_day_of_week_operator.py
[2025-07-17T12:47:06.489-0500] {processor.py:840} INFO - DAG(s) 'example_weekday_branch_operator' retrieved from /home/abhiram/jobtrak-stack/venv/lib/python3.12/site-packages/airflow/example_dags/example_branch_day_of_week_operator.py
[2025-07-17T12:47:06.523-0500] {logging_mixin.py:188} INFO - [2025-07-17T12:47:06.523-0500] {dag.py:3096} INFO - Sync 1 DAGs
[2025-07-17T12:47:06.543-0500] {logging_mixin.py:188} INFO - [2025-07-17T12:47:06.543-0500] {dag.py:3954} INFO - Setting next_dagrun for example_weekday_branch_operator to 2025-07-16 00:00:00+00:00, run_after=2025-07-17 00:00:00+00:00
[2025-07-17T12:47:06.561-0500] {processor.py:183} INFO - Processing /home/abhiram/jobtrak-stack/venv/lib/python3.12/site-packages/airflow/example_dags/example_branch_day_of_week_operator.py took 0.086 seconds
[2025-07-17T12:47:37.687-0500] {processor.py:161} INFO - Started process (PID=14050) to work on /home/abhiram/jobtrak-stack/venv/lib/python3.12/site-packages/airflow/example_dags/example_branch_day_of_week_operator.py
[2025-07-17T12:47:37.688-0500] {processor.py:830} INFO - Processing file /home/abhiram/jobtrak-stack/venv/lib/python3.12/site-packages/airflow/example_dags/example_branch_day_of_week_operator.py for tasks to queue
[2025-07-17T12:47:37.690-0500] {logging_mixin.py:188} INFO - [2025-07-17T12:47:37.689-0500] {dagbag.py:545} INFO - Filling up the DagBag from /home/abhiram/jobtrak-stack/venv/lib/python3.12/site-packages/airflow/example_dags/example_branch_day_of_week_operator.py
[2025-07-17T12:47:37.699-0500] {processor.py:840} INFO - DAG(s) 'example_weekday_branch_operator' retrieved from /home/abhiram/jobtrak-stack/venv/lib/python3.12/site-packages/airflow/example_dags/example_branch_day_of_week_operator.py
[2025-07-17T12:47:37.736-0500] {logging_mixin.py:188} INFO - [2025-07-17T12:47:37.735-0500] {dag.py:3096} INFO - Sync 1 DAGs
[2025-07-17T12:47:37.765-0500] {logging_mixin.py:188} INFO - [2025-07-17T12:47:37.765-0500] {dag.py:3954} INFO - Setting next_dagrun for example_weekday_branch_operator to 2025-07-16 00:00:00+00:00, run_after=2025-07-17 00:00:00+00:00
[2025-07-17T12:47:37.796-0500] {processor.py:183} INFO - Processing /home/abhiram/jobtrak-stack/venv/lib/python3.12/site-packages/airflow/example_dags/example_branch_day_of_week_operator.py took 0.117 seconds
