[2025-07-17T12:45:04.149-0500] {processor.py:161} INFO - Started process (PID=13494) to work on /home/abhiram/jobtrak-stack/venv/lib/python3.12/site-packages/airflow/example_dags/example_short_circuit_operator.py
[2025-07-17T12:45:04.150-0500] {processor.py:830} INFO - Processing file /home/abhiram/jobtrak-stack/venv/lib/python3.12/site-packages/airflow/example_dags/example_short_circuit_operator.py for tasks to queue
[2025-07-17T12:45:04.151-0500] {logging_mixin.py:188} INFO - [2025-07-17T12:45:04.151-0500] {dagbag.py:545} INFO - Filling up the DagBag from /home/abhiram/jobtrak-stack/venv/lib/python3.12/site-packages/airflow/example_dags/example_short_circuit_operator.py
[2025-07-17T12:45:04.155-0500] {processor.py:840} INFO - DAG(s) 'example_short_circuit_operator' retrieved from /home/abhiram/jobtrak-stack/venv/lib/python3.12/site-packages/airflow/example_dags/example_short_circuit_operator.py
[2025-07-17T12:45:04.226-0500] {logging_mixin.py:188} INFO - [2025-07-17T12:45:04.226-0500] {dag.py:3096} INFO - Sync 1 DAGs
[2025-07-17T12:45:04.239-0500] {logging_mixin.py:188} INFO - [2025-07-17T12:45:04.239-0500] {dag.py:3954} INFO - Setting next_dagrun for example_short_circuit_operator to 2025-07-16 00:00:00+00:00, run_after=2025-07-17 00:00:00+00:00
[2025-07-17T12:45:04.252-0500] {processor.py:183} INFO - Processing /home/abhiram/jobtrak-stack/venv/lib/python3.12/site-packages/airflow/example_dags/example_short_circuit_operator.py took 0.108 seconds
[2025-07-17T12:45:35.460-0500] {processor.py:161} INFO - Started process (PID=13622) to work on /home/abhiram/jobtrak-stack/venv/lib/python3.12/site-packages/airflow/example_dags/example_short_circuit_operator.py
[2025-07-17T12:45:35.462-0500] {processor.py:830} INFO - Processing file /home/abhiram/jobtrak-stack/venv/lib/python3.12/site-packages/airflow/example_dags/example_short_circuit_operator.py for tasks to queue
[2025-07-17T12:45:35.463-0500] {logging_mixin.py:188} INFO - [2025-07-17T12:45:35.463-0500] {dagbag.py:545} INFO - Filling up the DagBag from /home/abhiram/jobtrak-stack/venv/lib/python3.12/site-packages/airflow/example_dags/example_short_circuit_operator.py
[2025-07-17T12:45:35.471-0500] {processor.py:840} INFO - DAG(s) 'example_short_circuit_operator' retrieved from /home/abhiram/jobtrak-stack/venv/lib/python3.12/site-packages/airflow/example_dags/example_short_circuit_operator.py
[2025-07-17T12:45:35.506-0500] {logging_mixin.py:188} INFO - [2025-07-17T12:45:35.505-0500] {dag.py:3096} INFO - Sync 1 DAGs
[2025-07-17T12:45:35.539-0500] {logging_mixin.py:188} INFO - [2025-07-17T12:45:35.537-0500] {dag.py:3954} INFO - Setting next_dagrun for example_short_circuit_operator to 2025-07-16 00:00:00+00:00, run_after=2025-07-17 00:00:00+00:00
[2025-07-17T12:45:35.577-0500] {processor.py:183} INFO - Processing /home/abhiram/jobtrak-stack/venv/lib/python3.12/site-packages/airflow/example_dags/example_short_circuit_operator.py took 0.122 seconds
[2025-07-17T12:46:06.368-0500] {processor.py:161} INFO - Started process (PID=13739) to work on /home/abhiram/jobtrak-stack/venv/lib/python3.12/site-packages/airflow/example_dags/example_short_circuit_operator.py
[2025-07-17T12:46:06.372-0500] {processor.py:830} INFO - Processing file /home/abhiram/jobtrak-stack/venv/lib/python3.12/site-packages/airflow/example_dags/example_short_circuit_operator.py for tasks to queue
[2025-07-17T12:46:06.373-0500] {logging_mixin.py:188} INFO - [2025-07-17T12:46:06.373-0500] {dagbag.py:545} INFO - Filling up the DagBag from /home/abhiram/jobtrak-stack/venv/lib/python3.12/site-packages/airflow/example_dags/example_short_circuit_operator.py
[2025-07-17T12:46:06.382-0500] {processor.py:840} INFO - DAG(s) 'example_short_circuit_operator' retrieved from /home/abhiram/jobtrak-stack/venv/lib/python3.12/site-packages/airflow/example_dags/example_short_circuit_operator.py
[2025-07-17T12:46:06.426-0500] {logging_mixin.py:188} INFO - [2025-07-17T12:46:06.426-0500] {dag.py:3096} INFO - Sync 1 DAGs
[2025-07-17T12:46:06.451-0500] {logging_mixin.py:188} INFO - [2025-07-17T12:46:06.450-0500] {dag.py:3954} INFO - Setting next_dagrun for example_short_circuit_operator to 2025-07-16 00:00:00+00:00, run_after=2025-07-17 00:00:00+00:00
[2025-07-17T12:46:06.475-0500] {processor.py:183} INFO - Processing /home/abhiram/jobtrak-stack/venv/lib/python3.12/site-packages/airflow/example_dags/example_short_circuit_operator.py took 0.116 seconds
[2025-07-17T12:46:37.428-0500] {processor.py:161} INFO - Started process (PID=13855) to work on /home/abhiram/jobtrak-stack/venv/lib/python3.12/site-packages/airflow/example_dags/example_short_circuit_operator.py
[2025-07-17T12:46:37.429-0500] {processor.py:830} INFO - Processing file /home/abhiram/jobtrak-stack/venv/lib/python3.12/site-packages/airflow/example_dags/example_short_circuit_operator.py for tasks to queue
[2025-07-17T12:46:37.433-0500] {logging_mixin.py:188} INFO - [2025-07-17T12:46:37.433-0500] {dagbag.py:545} INFO - Filling up the DagBag from /home/abhiram/jobtrak-stack/venv/lib/python3.12/site-packages/airflow/example_dags/example_short_circuit_operator.py
[2025-07-17T12:46:37.442-0500] {processor.py:840} INFO - DAG(s) 'example_short_circuit_operator' retrieved from /home/abhiram/jobtrak-stack/venv/lib/python3.12/site-packages/airflow/example_dags/example_short_circuit_operator.py
[2025-07-17T12:46:37.530-0500] {logging_mixin.py:188} INFO - [2025-07-17T12:46:37.529-0500] {dag.py:3096} INFO - Sync 1 DAGs
[2025-07-17T12:46:37.612-0500] {logging_mixin.py:188} INFO - [2025-07-17T12:46:37.612-0500] {dag.py:3954} INFO - Setting next_dagrun for example_short_circuit_operator to 2025-07-16 00:00:00+00:00, run_after=2025-07-17 00:00:00+00:00
[2025-07-17T12:46:37.704-0500] {processor.py:183} INFO - Processing /home/abhiram/jobtrak-stack/venv/lib/python3.12/site-packages/airflow/example_dags/example_short_circuit_operator.py took 0.282 seconds
[2025-07-17T12:47:09.046-0500] {processor.py:161} INFO - Started process (PID=13970) to work on /home/abhiram/jobtrak-stack/venv/lib/python3.12/site-packages/airflow/example_dags/example_short_circuit_operator.py
[2025-07-17T12:47:09.057-0500] {processor.py:830} INFO - Processing file /home/abhiram/jobtrak-stack/venv/lib/python3.12/site-packages/airflow/example_dags/example_short_circuit_operator.py for tasks to queue
[2025-07-17T12:47:09.058-0500] {logging_mixin.py:188} INFO - [2025-07-17T12:47:09.058-0500] {dagbag.py:545} INFO - Filling up the DagBag from /home/abhiram/jobtrak-stack/venv/lib/python3.12/site-packages/airflow/example_dags/example_short_circuit_operator.py
[2025-07-17T12:47:09.075-0500] {processor.py:840} INFO - DAG(s) 'example_short_circuit_operator' retrieved from /home/abhiram/jobtrak-stack/venv/lib/python3.12/site-packages/airflow/example_dags/example_short_circuit_operator.py
[2025-07-17T12:47:09.122-0500] {logging_mixin.py:188} INFO - [2025-07-17T12:47:09.121-0500] {dag.py:3096} INFO - Sync 1 DAGs
[2025-07-17T12:47:09.147-0500] {logging_mixin.py:188} INFO - [2025-07-17T12:47:09.146-0500] {dag.py:3954} INFO - Setting next_dagrun for example_short_circuit_operator to 2025-07-16 00:00:00+00:00, run_after=2025-07-17 00:00:00+00:00
[2025-07-17T12:47:09.164-0500] {processor.py:183} INFO - Processing /home/abhiram/jobtrak-stack/venv/lib/python3.12/site-packages/airflow/example_dags/example_short_circuit_operator.py took 0.127 seconds
[2025-07-17T12:47:39.988-0500] {processor.py:161} INFO - Started process (PID=14075) to work on /home/abhiram/jobtrak-stack/venv/lib/python3.12/site-packages/airflow/example_dags/example_short_circuit_operator.py
[2025-07-17T12:47:39.989-0500] {processor.py:830} INFO - Processing file /home/abhiram/jobtrak-stack/venv/lib/python3.12/site-packages/airflow/example_dags/example_short_circuit_operator.py for tasks to queue
[2025-07-17T12:47:39.991-0500] {logging_mixin.py:188} INFO - [2025-07-17T12:47:39.990-0500] {dagbag.py:545} INFO - Filling up the DagBag from /home/abhiram/jobtrak-stack/venv/lib/python3.12/site-packages/airflow/example_dags/example_short_circuit_operator.py
[2025-07-17T12:47:40.004-0500] {processor.py:840} INFO - DAG(s) 'example_short_circuit_operator' retrieved from /home/abhiram/jobtrak-stack/venv/lib/python3.12/site-packages/airflow/example_dags/example_short_circuit_operator.py
[2025-07-17T12:47:40.042-0500] {logging_mixin.py:188} INFO - [2025-07-17T12:47:40.041-0500] {dag.py:3096} INFO - Sync 1 DAGs
[2025-07-17T12:47:40.078-0500] {logging_mixin.py:188} INFO - [2025-07-17T12:47:40.078-0500] {dag.py:3954} INFO - Setting next_dagrun for example_short_circuit_operator to 2025-07-16 00:00:00+00:00, run_after=2025-07-17 00:00:00+00:00
[2025-07-17T12:47:40.110-0500] {processor.py:183} INFO - Processing /home/abhiram/jobtrak-stack/venv/lib/python3.12/site-packages/airflow/example_dags/example_short_circuit_operator.py took 0.128 seconds
