[2025-07-17T12:45:01.869-0500] {processor.py:161} INFO - Started process (PID=13440) to work on /home/abhiram/jobtrak-stack/venv/lib/python3.12/site-packages/airflow/example_dags/example_setup_teardown_taskflow.py
[2025-07-17T12:45:01.870-0500] {processor.py:830} INFO - Processing file /home/abhiram/jobtrak-stack/venv/lib/python3.12/site-packages/airflow/example_dags/example_setup_teardown_taskflow.py for tasks to queue
[2025-07-17T12:45:01.871-0500] {logging_mixin.py:188} INFO - [2025-07-17T12:45:01.871-0500] {dagbag.py:545} INFO - Filling up the DagBag from /home/abhiram/jobtrak-stack/venv/lib/python3.12/site-packages/airflow/example_dags/example_setup_teardown_taskflow.py
[2025-07-17T12:45:01.878-0500] {processor.py:840} INFO - DAG(s) 'example_setup_teardown_taskflow' retrieved from /home/abhiram/jobtrak-stack/venv/lib/python3.12/site-packages/airflow/example_dags/example_setup_teardown_taskflow.py
[2025-07-17T12:45:01.972-0500] {logging_mixin.py:188} INFO - [2025-07-17T12:45:01.972-0500] {dag.py:3096} INFO - Sync 1 DAGs
[2025-07-17T12:45:01.988-0500] {logging_mixin.py:188} INFO - [2025-07-17T12:45:01.988-0500] {dag.py:3954} INFO - Setting next_dagrun for example_setup_teardown_taskflow to 2025-07-16 00:00:00+00:00, run_after=2025-07-17 00:00:00+00:00
[2025-07-17T12:45:02.004-0500] {processor.py:183} INFO - Processing /home/abhiram/jobtrak-stack/venv/lib/python3.12/site-packages/airflow/example_dags/example_setup_teardown_taskflow.py took 0.138 seconds
[2025-07-17T12:45:32.644-0500] {processor.py:161} INFO - Started process (PID=13572) to work on /home/abhiram/jobtrak-stack/venv/lib/python3.12/site-packages/airflow/example_dags/example_setup_teardown_taskflow.py
[2025-07-17T12:45:32.645-0500] {processor.py:830} INFO - Processing file /home/abhiram/jobtrak-stack/venv/lib/python3.12/site-packages/airflow/example_dags/example_setup_teardown_taskflow.py for tasks to queue
[2025-07-17T12:45:32.646-0500] {logging_mixin.py:188} INFO - [2025-07-17T12:45:32.646-0500] {dagbag.py:545} INFO - Filling up the DagBag from /home/abhiram/jobtrak-stack/venv/lib/python3.12/site-packages/airflow/example_dags/example_setup_teardown_taskflow.py
[2025-07-17T12:45:32.656-0500] {processor.py:840} INFO - DAG(s) 'example_setup_teardown_taskflow' retrieved from /home/abhiram/jobtrak-stack/venv/lib/python3.12/site-packages/airflow/example_dags/example_setup_teardown_taskflow.py
[2025-07-17T12:45:32.691-0500] {logging_mixin.py:188} INFO - [2025-07-17T12:45:32.691-0500] {dag.py:3096} INFO - Sync 1 DAGs
[2025-07-17T12:45:32.719-0500] {logging_mixin.py:188} INFO - [2025-07-17T12:45:32.718-0500] {dag.py:3954} INFO - Setting next_dagrun for example_setup_teardown_taskflow to 2025-07-16 00:00:00+00:00, run_after=2025-07-17 00:00:00+00:00
[2025-07-17T12:45:32.745-0500] {processor.py:183} INFO - Processing /home/abhiram/jobtrak-stack/venv/lib/python3.12/site-packages/airflow/example_dags/example_setup_teardown_taskflow.py took 0.107 seconds
[2025-07-17T12:46:03.730-0500] {processor.py:161} INFO - Started process (PID=13688) to work on /home/abhiram/jobtrak-stack/venv/lib/python3.12/site-packages/airflow/example_dags/example_setup_teardown_taskflow.py
[2025-07-17T12:46:03.733-0500] {processor.py:830} INFO - Processing file /home/abhiram/jobtrak-stack/venv/lib/python3.12/site-packages/airflow/example_dags/example_setup_teardown_taskflow.py for tasks to queue
[2025-07-17T12:46:03.738-0500] {logging_mixin.py:188} INFO - [2025-07-17T12:46:03.737-0500] {dagbag.py:545} INFO - Filling up the DagBag from /home/abhiram/jobtrak-stack/venv/lib/python3.12/site-packages/airflow/example_dags/example_setup_teardown_taskflow.py
[2025-07-17T12:46:03.756-0500] {processor.py:840} INFO - DAG(s) 'example_setup_teardown_taskflow' retrieved from /home/abhiram/jobtrak-stack/venv/lib/python3.12/site-packages/airflow/example_dags/example_setup_teardown_taskflow.py
[2025-07-17T12:46:03.808-0500] {logging_mixin.py:188} INFO - [2025-07-17T12:46:03.808-0500] {dag.py:3096} INFO - Sync 1 DAGs
[2025-07-17T12:46:03.842-0500] {logging_mixin.py:188} INFO - [2025-07-17T12:46:03.842-0500] {dag.py:3954} INFO - Setting next_dagrun for example_setup_teardown_taskflow to 2025-07-16 00:00:00+00:00, run_after=2025-07-17 00:00:00+00:00
[2025-07-17T12:46:03.886-0500] {processor.py:183} INFO - Processing /home/abhiram/jobtrak-stack/venv/lib/python3.12/site-packages/airflow/example_dags/example_setup_teardown_taskflow.py took 0.166 seconds
[2025-07-17T12:46:34.740-0500] {processor.py:161} INFO - Started process (PID=13805) to work on /home/abhiram/jobtrak-stack/venv/lib/python3.12/site-packages/airflow/example_dags/example_setup_teardown_taskflow.py
[2025-07-17T12:46:34.741-0500] {processor.py:830} INFO - Processing file /home/abhiram/jobtrak-stack/venv/lib/python3.12/site-packages/airflow/example_dags/example_setup_teardown_taskflow.py for tasks to queue
[2025-07-17T12:46:34.743-0500] {logging_mixin.py:188} INFO - [2025-07-17T12:46:34.743-0500] {dagbag.py:545} INFO - Filling up the DagBag from /home/abhiram/jobtrak-stack/venv/lib/python3.12/site-packages/airflow/example_dags/example_setup_teardown_taskflow.py
[2025-07-17T12:46:34.760-0500] {processor.py:840} INFO - DAG(s) 'example_setup_teardown_taskflow' retrieved from /home/abhiram/jobtrak-stack/venv/lib/python3.12/site-packages/airflow/example_dags/example_setup_teardown_taskflow.py
[2025-07-17T12:46:34.817-0500] {logging_mixin.py:188} INFO - [2025-07-17T12:46:34.816-0500] {dag.py:3096} INFO - Sync 1 DAGs
[2025-07-17T12:46:34.847-0500] {logging_mixin.py:188} INFO - [2025-07-17T12:46:34.847-0500] {dag.py:3954} INFO - Setting next_dagrun for example_setup_teardown_taskflow to 2025-07-16 00:00:00+00:00, run_after=2025-07-17 00:00:00+00:00
[2025-07-17T12:46:34.873-0500] {processor.py:183} INFO - Processing /home/abhiram/jobtrak-stack/venv/lib/python3.12/site-packages/airflow/example_dags/example_setup_teardown_taskflow.py took 0.144 seconds
[2025-07-17T12:47:05.839-0500] {processor.py:161} INFO - Started process (PID=13920) to work on /home/abhiram/jobtrak-stack/venv/lib/python3.12/site-packages/airflow/example_dags/example_setup_teardown_taskflow.py
[2025-07-17T12:47:05.841-0500] {processor.py:830} INFO - Processing file /home/abhiram/jobtrak-stack/venv/lib/python3.12/site-packages/airflow/example_dags/example_setup_teardown_taskflow.py for tasks to queue
[2025-07-17T12:47:05.843-0500] {logging_mixin.py:188} INFO - [2025-07-17T12:47:05.843-0500] {dagbag.py:545} INFO - Filling up the DagBag from /home/abhiram/jobtrak-stack/venv/lib/python3.12/site-packages/airflow/example_dags/example_setup_teardown_taskflow.py
[2025-07-17T12:47:05.852-0500] {processor.py:840} INFO - DAG(s) 'example_setup_teardown_taskflow' retrieved from /home/abhiram/jobtrak-stack/venv/lib/python3.12/site-packages/airflow/example_dags/example_setup_teardown_taskflow.py
[2025-07-17T12:47:05.888-0500] {logging_mixin.py:188} INFO - [2025-07-17T12:47:05.887-0500] {dag.py:3096} INFO - Sync 1 DAGs
[2025-07-17T12:47:05.915-0500] {logging_mixin.py:188} INFO - [2025-07-17T12:47:05.914-0500] {dag.py:3954} INFO - Setting next_dagrun for example_setup_teardown_taskflow to 2025-07-16 00:00:00+00:00, run_after=2025-07-17 00:00:00+00:00
[2025-07-17T12:47:05.939-0500] {processor.py:183} INFO - Processing /home/abhiram/jobtrak-stack/venv/lib/python3.12/site-packages/airflow/example_dags/example_setup_teardown_taskflow.py took 0.106 seconds
[2025-07-17T12:47:36.468-0500] {processor.py:161} INFO - Started process (PID=14025) to work on /home/abhiram/jobtrak-stack/venv/lib/python3.12/site-packages/airflow/example_dags/example_setup_teardown_taskflow.py
[2025-07-17T12:47:36.469-0500] {processor.py:830} INFO - Processing file /home/abhiram/jobtrak-stack/venv/lib/python3.12/site-packages/airflow/example_dags/example_setup_teardown_taskflow.py for tasks to queue
[2025-07-17T12:47:36.471-0500] {logging_mixin.py:188} INFO - [2025-07-17T12:47:36.470-0500] {dagbag.py:545} INFO - Filling up the DagBag from /home/abhiram/jobtrak-stack/venv/lib/python3.12/site-packages/airflow/example_dags/example_setup_teardown_taskflow.py
[2025-07-17T12:47:36.481-0500] {processor.py:840} INFO - DAG(s) 'example_setup_teardown_taskflow' retrieved from /home/abhiram/jobtrak-stack/venv/lib/python3.12/site-packages/airflow/example_dags/example_setup_teardown_taskflow.py
[2025-07-17T12:47:36.514-0500] {logging_mixin.py:188} INFO - [2025-07-17T12:47:36.514-0500] {dag.py:3096} INFO - Sync 1 DAGs
[2025-07-17T12:47:36.541-0500] {logging_mixin.py:188} INFO - [2025-07-17T12:47:36.541-0500] {dag.py:3954} INFO - Setting next_dagrun for example_setup_teardown_taskflow to 2025-07-16 00:00:00+00:00, run_after=2025-07-17 00:00:00+00:00
[2025-07-17T12:47:36.568-0500] {processor.py:183} INFO - Processing /home/abhiram/jobtrak-stack/venv/lib/python3.12/site-packages/airflow/example_dags/example_setup_teardown_taskflow.py took 0.107 seconds
