[2025-07-17T12:45:04.000-0500] {processor.py:161} INFO - Started process (PID=13490) to work on /home/abhiram/jobtrak-stack/venv/lib/python3.12/site-packages/airflow/example_dags/example_dag_decorator.py
[2025-07-17T12:45:04.000-0500] {processor.py:830} INFO - Processing file /home/abhiram/jobtrak-stack/venv/lib/python3.12/site-packages/airflow/example_dags/example_dag_decorator.py for tasks to queue
[2025-07-17T12:45:04.001-0500] {logging_mixin.py:188} INFO - [2025-07-17T12:45:04.001-0500] {dagbag.py:545} INFO - Filling up the DagBag from /home/abhiram/jobtrak-stack/venv/lib/python3.12/site-packages/airflow/example_dags/example_dag_decorator.py
[2025-07-17T12:45:04.027-0500] {processor.py:840} INFO - DAG(s) 'example_dag_decorator' retrieved from /home/abhiram/jobtrak-stack/venv/lib/python3.12/site-packages/airflow/example_dags/example_dag_decorator.py
[2025-07-17T12:45:04.107-0500] {logging_mixin.py:188} INFO - [2025-07-17T12:45:04.107-0500] {dag.py:3096} INFO - Sync 1 DAGs
[2025-07-17T12:45:04.114-0500] {logging_mixin.py:188} INFO - [2025-07-17T12:45:04.114-0500] {dag.py:3954} INFO - Setting next_dagrun for example_dag_decorator to None, run_after=None
[2025-07-17T12:45:04.133-0500] {processor.py:183} INFO - Processing /home/abhiram/jobtrak-stack/venv/lib/python3.12/site-packages/airflow/example_dags/example_dag_decorator.py took 0.138 seconds
[2025-07-17T12:45:35.292-0500] {processor.py:161} INFO - Started process (PID=13618) to work on /home/abhiram/jobtrak-stack/venv/lib/python3.12/site-packages/airflow/example_dags/example_dag_decorator.py
[2025-07-17T12:45:35.295-0500] {processor.py:830} INFO - Processing file /home/abhiram/jobtrak-stack/venv/lib/python3.12/site-packages/airflow/example_dags/example_dag_decorator.py for tasks to queue
[2025-07-17T12:45:35.300-0500] {logging_mixin.py:188} INFO - [2025-07-17T12:45:35.299-0500] {dagbag.py:545} INFO - Filling up the DagBag from /home/abhiram/jobtrak-stack/venv/lib/python3.12/site-packages/airflow/example_dags/example_dag_decorator.py
[2025-07-17T12:45:35.360-0500] {processor.py:840} INFO - DAG(s) 'example_dag_decorator' retrieved from /home/abhiram/jobtrak-stack/venv/lib/python3.12/site-packages/airflow/example_dags/example_dag_decorator.py
[2025-07-17T12:45:35.393-0500] {logging_mixin.py:188} INFO - [2025-07-17T12:45:35.393-0500] {dag.py:3096} INFO - Sync 1 DAGs
[2025-07-17T12:45:35.409-0500] {logging_mixin.py:188} INFO - [2025-07-17T12:45:35.408-0500] {dag.py:3954} INFO - Setting next_dagrun for example_dag_decorator to None, run_after=None
[2025-07-17T12:45:35.438-0500] {processor.py:183} INFO - Processing /home/abhiram/jobtrak-stack/venv/lib/python3.12/site-packages/airflow/example_dags/example_dag_decorator.py took 0.152 seconds
[2025-07-17T12:46:06.190-0500] {processor.py:161} INFO - Started process (PID=13735) to work on /home/abhiram/jobtrak-stack/venv/lib/python3.12/site-packages/airflow/example_dags/example_dag_decorator.py
[2025-07-17T12:46:06.193-0500] {processor.py:830} INFO - Processing file /home/abhiram/jobtrak-stack/venv/lib/python3.12/site-packages/airflow/example_dags/example_dag_decorator.py for tasks to queue
[2025-07-17T12:46:06.194-0500] {logging_mixin.py:188} INFO - [2025-07-17T12:46:06.194-0500] {dagbag.py:545} INFO - Filling up the DagBag from /home/abhiram/jobtrak-stack/venv/lib/python3.12/site-packages/airflow/example_dags/example_dag_decorator.py
[2025-07-17T12:46:06.225-0500] {processor.py:840} INFO - DAG(s) 'example_dag_decorator' retrieved from /home/abhiram/jobtrak-stack/venv/lib/python3.12/site-packages/airflow/example_dags/example_dag_decorator.py
[2025-07-17T12:46:06.320-0500] {logging_mixin.py:188} INFO - [2025-07-17T12:46:06.320-0500] {dag.py:3096} INFO - Sync 1 DAGs
[2025-07-17T12:46:06.341-0500] {logging_mixin.py:188} INFO - [2025-07-17T12:46:06.341-0500] {dag.py:3954} INFO - Setting next_dagrun for example_dag_decorator to None, run_after=None
[2025-07-17T12:46:06.380-0500] {processor.py:183} INFO - Processing /home/abhiram/jobtrak-stack/venv/lib/python3.12/site-packages/airflow/example_dags/example_dag_decorator.py took 0.195 seconds
[2025-07-17T12:46:37.271-0500] {processor.py:161} INFO - Started process (PID=13851) to work on /home/abhiram/jobtrak-stack/venv/lib/python3.12/site-packages/airflow/example_dags/example_dag_decorator.py
[2025-07-17T12:46:37.272-0500] {processor.py:830} INFO - Processing file /home/abhiram/jobtrak-stack/venv/lib/python3.12/site-packages/airflow/example_dags/example_dag_decorator.py for tasks to queue
[2025-07-17T12:46:37.273-0500] {logging_mixin.py:188} INFO - [2025-07-17T12:46:37.273-0500] {dagbag.py:545} INFO - Filling up the DagBag from /home/abhiram/jobtrak-stack/venv/lib/python3.12/site-packages/airflow/example_dags/example_dag_decorator.py
[2025-07-17T12:46:37.325-0500] {processor.py:840} INFO - DAG(s) 'example_dag_decorator' retrieved from /home/abhiram/jobtrak-stack/venv/lib/python3.12/site-packages/airflow/example_dags/example_dag_decorator.py
[2025-07-17T12:46:37.585-0500] {logging_mixin.py:188} INFO - [2025-07-17T12:46:37.579-0500] {dag.py:3096} INFO - Sync 1 DAGs
[2025-07-17T12:46:37.608-0500] {logging_mixin.py:188} INFO - [2025-07-17T12:46:37.608-0500] {dag.py:3954} INFO - Setting next_dagrun for example_dag_decorator to None, run_after=None
[2025-07-17T12:46:37.693-0500] {processor.py:183} INFO - Processing /home/abhiram/jobtrak-stack/venv/lib/python3.12/site-packages/airflow/example_dags/example_dag_decorator.py took 0.436 seconds
[2025-07-17T12:47:08.429-0500] {processor.py:161} INFO - Started process (PID=13965) to work on /home/abhiram/jobtrak-stack/venv/lib/python3.12/site-packages/airflow/example_dags/example_dag_decorator.py
[2025-07-17T12:47:08.441-0500] {processor.py:830} INFO - Processing file /home/abhiram/jobtrak-stack/venv/lib/python3.12/site-packages/airflow/example_dags/example_dag_decorator.py for tasks to queue
[2025-07-17T12:47:08.443-0500] {logging_mixin.py:188} INFO - [2025-07-17T12:47:08.442-0500] {dagbag.py:545} INFO - Filling up the DagBag from /home/abhiram/jobtrak-stack/venv/lib/python3.12/site-packages/airflow/example_dags/example_dag_decorator.py
[2025-07-17T12:47:08.543-0500] {processor.py:840} INFO - DAG(s) 'example_dag_decorator' retrieved from /home/abhiram/jobtrak-stack/venv/lib/python3.12/site-packages/airflow/example_dags/example_dag_decorator.py
[2025-07-17T12:47:08.962-0500] {logging_mixin.py:188} INFO - [2025-07-17T12:47:08.962-0500] {dag.py:3096} INFO - Sync 1 DAGs
[2025-07-17T12:47:08.993-0500] {logging_mixin.py:188} INFO - [2025-07-17T12:47:08.992-0500] {dag.py:3954} INFO - Setting next_dagrun for example_dag_decorator to None, run_after=None
[2025-07-17T12:47:09.053-0500] {processor.py:183} INFO - Processing /home/abhiram/jobtrak-stack/venv/lib/python3.12/site-packages/airflow/example_dags/example_dag_decorator.py took 0.641 seconds
[2025-07-17T12:47:39.835-0500] {processor.py:161} INFO - Started process (PID=14071) to work on /home/abhiram/jobtrak-stack/venv/lib/python3.12/site-packages/airflow/example_dags/example_dag_decorator.py
[2025-07-17T12:47:39.843-0500] {processor.py:830} INFO - Processing file /home/abhiram/jobtrak-stack/venv/lib/python3.12/site-packages/airflow/example_dags/example_dag_decorator.py for tasks to queue
[2025-07-17T12:47:39.852-0500] {logging_mixin.py:188} INFO - [2025-07-17T12:47:39.851-0500] {dagbag.py:545} INFO - Filling up the DagBag from /home/abhiram/jobtrak-stack/venv/lib/python3.12/site-packages/airflow/example_dags/example_dag_decorator.py
[2025-07-17T12:47:39.904-0500] {processor.py:840} INFO - DAG(s) 'example_dag_decorator' retrieved from /home/abhiram/jobtrak-stack/venv/lib/python3.12/site-packages/airflow/example_dags/example_dag_decorator.py
[2025-07-17T12:47:40.069-0500] {logging_mixin.py:188} INFO - [2025-07-17T12:47:40.068-0500] {dag.py:3096} INFO - Sync 1 DAGs
[2025-07-17T12:47:40.083-0500] {logging_mixin.py:188} INFO - [2025-07-17T12:47:40.083-0500] {dag.py:3954} INFO - Setting next_dagrun for example_dag_decorator to None, run_after=None
[2025-07-17T12:47:40.117-0500] {processor.py:183} INFO - Processing /home/abhiram/jobtrak-stack/venv/lib/python3.12/site-packages/airflow/example_dags/example_dag_decorator.py took 0.288 seconds
