[2025-07-17T12:45:04.604-0500] {processor.py:161} INFO - Started process (PID=13508) to work on /home/abhiram/jobtrak-stack/venv/lib/python3.12/site-packages/airflow/example_dags/example_external_task_marker_dag.py
[2025-07-17T12:45:04.604-0500] {processor.py:830} INFO - Processing file /home/abhiram/jobtrak-stack/venv/lib/python3.12/site-packages/airflow/example_dags/example_external_task_marker_dag.py for tasks to queue
[2025-07-17T12:45:04.605-0500] {logging_mixin.py:188} INFO - [2025-07-17T12:45:04.605-0500] {dagbag.py:545} INFO - Filling up the DagBag from /home/abhiram/jobtrak-stack/venv/lib/python3.12/site-packages/airflow/example_dags/example_external_task_marker_dag.py
[2025-07-17T12:45:04.609-0500] {processor.py:840} INFO - DAG(s) 'example_external_task_marker_child', 'example_external_task_marker_parent' retrieved from /home/abhiram/jobtrak-stack/venv/lib/python3.12/site-packages/airflow/example_dags/example_external_task_marker_dag.py
[2025-07-17T12:45:04.715-0500] {logging_mixin.py:188} INFO - [2025-07-17T12:45:04.715-0500] {dag.py:3096} INFO - Sync 2 DAGs
[2025-07-17T12:45:04.724-0500] {logging_mixin.py:188} INFO - [2025-07-17T12:45:04.723-0500] {dag.py:3954} INFO - Setting next_dagrun for example_external_task_marker_child to None, run_after=None
[2025-07-17T12:45:04.726-0500] {logging_mixin.py:188} INFO - [2025-07-17T12:45:04.726-0500] {dag.py:3954} INFO - Setting next_dagrun for example_external_task_marker_parent to None, run_after=None
[2025-07-17T12:45:04.745-0500] {processor.py:183} INFO - Processing /home/abhiram/jobtrak-stack/venv/lib/python3.12/site-packages/airflow/example_dags/example_external_task_marker_dag.py took 0.145 seconds
[2025-07-17T12:45:36.190-0500] {processor.py:161} INFO - Started process (PID=13637) to work on /home/abhiram/jobtrak-stack/venv/lib/python3.12/site-packages/airflow/example_dags/example_external_task_marker_dag.py
[2025-07-17T12:45:36.193-0500] {processor.py:830} INFO - Processing file /home/abhiram/jobtrak-stack/venv/lib/python3.12/site-packages/airflow/example_dags/example_external_task_marker_dag.py for tasks to queue
[2025-07-17T12:45:36.195-0500] {logging_mixin.py:188} INFO - [2025-07-17T12:45:36.195-0500] {dagbag.py:545} INFO - Filling up the DagBag from /home/abhiram/jobtrak-stack/venv/lib/python3.12/site-packages/airflow/example_dags/example_external_task_marker_dag.py
[2025-07-17T12:45:36.203-0500] {processor.py:840} INFO - DAG(s) 'example_external_task_marker_parent', 'example_external_task_marker_child' retrieved from /home/abhiram/jobtrak-stack/venv/lib/python3.12/site-packages/airflow/example_dags/example_external_task_marker_dag.py
[2025-07-17T12:45:36.244-0500] {logging_mixin.py:188} INFO - [2025-07-17T12:45:36.244-0500] {dag.py:3096} INFO - Sync 2 DAGs
[2025-07-17T12:45:36.271-0500] {logging_mixin.py:188} INFO - [2025-07-17T12:45:36.270-0500] {dag.py:3954} INFO - Setting next_dagrun for example_external_task_marker_child to None, run_after=None
[2025-07-17T12:45:36.286-0500] {logging_mixin.py:188} INFO - [2025-07-17T12:45:36.286-0500] {dag.py:3954} INFO - Setting next_dagrun for example_external_task_marker_parent to None, run_after=None
[2025-07-17T12:45:36.332-0500] {processor.py:183} INFO - Processing /home/abhiram/jobtrak-stack/venv/lib/python3.12/site-packages/airflow/example_dags/example_external_task_marker_dag.py took 0.148 seconds
[2025-07-17T12:46:06.769-0500] {processor.py:161} INFO - Started process (PID=13753) to work on /home/abhiram/jobtrak-stack/venv/lib/python3.12/site-packages/airflow/example_dags/example_external_task_marker_dag.py
[2025-07-17T12:46:06.770-0500] {processor.py:830} INFO - Processing file /home/abhiram/jobtrak-stack/venv/lib/python3.12/site-packages/airflow/example_dags/example_external_task_marker_dag.py for tasks to queue
[2025-07-17T12:46:06.771-0500] {logging_mixin.py:188} INFO - [2025-07-17T12:46:06.771-0500] {dagbag.py:545} INFO - Filling up the DagBag from /home/abhiram/jobtrak-stack/venv/lib/python3.12/site-packages/airflow/example_dags/example_external_task_marker_dag.py
[2025-07-17T12:46:06.777-0500] {processor.py:840} INFO - DAG(s) 'example_external_task_marker_child', 'example_external_task_marker_parent' retrieved from /home/abhiram/jobtrak-stack/venv/lib/python3.12/site-packages/airflow/example_dags/example_external_task_marker_dag.py
[2025-07-17T12:46:06.803-0500] {logging_mixin.py:188} INFO - [2025-07-17T12:46:06.803-0500] {dag.py:3096} INFO - Sync 2 DAGs
[2025-07-17T12:46:06.816-0500] {logging_mixin.py:188} INFO - [2025-07-17T12:46:06.816-0500] {dag.py:3954} INFO - Setting next_dagrun for example_external_task_marker_child to None, run_after=None
[2025-07-17T12:46:06.820-0500] {logging_mixin.py:188} INFO - [2025-07-17T12:46:06.820-0500] {dag.py:3954} INFO - Setting next_dagrun for example_external_task_marker_parent to None, run_after=None
[2025-07-17T12:46:06.839-0500] {processor.py:183} INFO - Processing /home/abhiram/jobtrak-stack/venv/lib/python3.12/site-packages/airflow/example_dags/example_external_task_marker_dag.py took 0.075 seconds
[2025-07-17T12:46:38.408-0500] {processor.py:161} INFO - Started process (PID=13869) to work on /home/abhiram/jobtrak-stack/venv/lib/python3.12/site-packages/airflow/example_dags/example_external_task_marker_dag.py
[2025-07-17T12:46:38.408-0500] {processor.py:830} INFO - Processing file /home/abhiram/jobtrak-stack/venv/lib/python3.12/site-packages/airflow/example_dags/example_external_task_marker_dag.py for tasks to queue
[2025-07-17T12:46:38.410-0500] {logging_mixin.py:188} INFO - [2025-07-17T12:46:38.409-0500] {dagbag.py:545} INFO - Filling up the DagBag from /home/abhiram/jobtrak-stack/venv/lib/python3.12/site-packages/airflow/example_dags/example_external_task_marker_dag.py
[2025-07-17T12:46:38.420-0500] {processor.py:840} INFO - DAG(s) 'example_external_task_marker_parent', 'example_external_task_marker_child' retrieved from /home/abhiram/jobtrak-stack/venv/lib/python3.12/site-packages/airflow/example_dags/example_external_task_marker_dag.py
[2025-07-17T12:46:38.455-0500] {logging_mixin.py:188} INFO - [2025-07-17T12:46:38.455-0500] {dag.py:3096} INFO - Sync 2 DAGs
[2025-07-17T12:46:38.471-0500] {logging_mixin.py:188} INFO - [2025-07-17T12:46:38.470-0500] {dag.py:3954} INFO - Setting next_dagrun for example_external_task_marker_child to None, run_after=None
[2025-07-17T12:46:38.473-0500] {logging_mixin.py:188} INFO - [2025-07-17T12:46:38.473-0500] {dag.py:3954} INFO - Setting next_dagrun for example_external_task_marker_parent to None, run_after=None
[2025-07-17T12:46:38.500-0500] {processor.py:183} INFO - Processing /home/abhiram/jobtrak-stack/venv/lib/python3.12/site-packages/airflow/example_dags/example_external_task_marker_dag.py took 0.097 seconds
[2025-07-17T12:47:09.464-0500] {processor.py:161} INFO - Started process (PID=13983) to work on /home/abhiram/jobtrak-stack/venv/lib/python3.12/site-packages/airflow/example_dags/example_external_task_marker_dag.py
[2025-07-17T12:47:09.466-0500] {processor.py:830} INFO - Processing file /home/abhiram/jobtrak-stack/venv/lib/python3.12/site-packages/airflow/example_dags/example_external_task_marker_dag.py for tasks to queue
[2025-07-17T12:47:09.467-0500] {logging_mixin.py:188} INFO - [2025-07-17T12:47:09.467-0500] {dagbag.py:545} INFO - Filling up the DagBag from /home/abhiram/jobtrak-stack/venv/lib/python3.12/site-packages/airflow/example_dags/example_external_task_marker_dag.py
[2025-07-17T12:47:09.472-0500] {processor.py:840} INFO - DAG(s) 'example_external_task_marker_parent', 'example_external_task_marker_child' retrieved from /home/abhiram/jobtrak-stack/venv/lib/python3.12/site-packages/airflow/example_dags/example_external_task_marker_dag.py
[2025-07-17T12:47:09.513-0500] {logging_mixin.py:188} INFO - [2025-07-17T12:47:09.512-0500] {dag.py:3096} INFO - Sync 2 DAGs
[2025-07-17T12:47:09.527-0500] {logging_mixin.py:188} INFO - [2025-07-17T12:47:09.527-0500] {dag.py:3954} INFO - Setting next_dagrun for example_external_task_marker_child to None, run_after=None
[2025-07-17T12:47:09.533-0500] {logging_mixin.py:188} INFO - [2025-07-17T12:47:09.533-0500] {dag.py:3954} INFO - Setting next_dagrun for example_external_task_marker_parent to None, run_after=None
[2025-07-17T12:47:09.557-0500] {processor.py:183} INFO - Processing /home/abhiram/jobtrak-stack/venv/lib/python3.12/site-packages/airflow/example_dags/example_external_task_marker_dag.py took 0.098 seconds
[2025-07-17T12:47:40.623-0500] {processor.py:161} INFO - Started process (PID=14088) to work on /home/abhiram/jobtrak-stack/venv/lib/python3.12/site-packages/airflow/example_dags/example_external_task_marker_dag.py
[2025-07-17T12:47:40.625-0500] {processor.py:830} INFO - Processing file /home/abhiram/jobtrak-stack/venv/lib/python3.12/site-packages/airflow/example_dags/example_external_task_marker_dag.py for tasks to queue
[2025-07-17T12:47:40.627-0500] {logging_mixin.py:188} INFO - [2025-07-17T12:47:40.627-0500] {dagbag.py:545} INFO - Filling up the DagBag from /home/abhiram/jobtrak-stack/venv/lib/python3.12/site-packages/airflow/example_dags/example_external_task_marker_dag.py
[2025-07-17T12:47:40.634-0500] {processor.py:840} INFO - DAG(s) 'example_external_task_marker_child', 'example_external_task_marker_parent' retrieved from /home/abhiram/jobtrak-stack/venv/lib/python3.12/site-packages/airflow/example_dags/example_external_task_marker_dag.py
[2025-07-17T12:47:40.673-0500] {logging_mixin.py:188} INFO - [2025-07-17T12:47:40.673-0500] {dag.py:3096} INFO - Sync 2 DAGs
[2025-07-17T12:47:40.688-0500] {logging_mixin.py:188} INFO - [2025-07-17T12:47:40.688-0500] {dag.py:3954} INFO - Setting next_dagrun for example_external_task_marker_child to None, run_after=None
[2025-07-17T12:47:40.694-0500] {logging_mixin.py:188} INFO - [2025-07-17T12:47:40.693-0500] {dag.py:3954} INFO - Setting next_dagrun for example_external_task_marker_parent to None, run_after=None
[2025-07-17T12:47:40.718-0500] {processor.py:183} INFO - Processing /home/abhiram/jobtrak-stack/venv/lib/python3.12/site-packages/airflow/example_dags/example_external_task_marker_dag.py took 0.102 seconds
