[2025-07-17T12:45:02.795-0500] {processor.py:161} INFO - Started process (PID=13462) to work on /home/abhiram/jobtrak-stack/venv/lib/python3.12/site-packages/airflow/example_dags/example_latest_only.py
[2025-07-17T12:45:02.796-0500] {processor.py:830} INFO - Processing file /home/abhiram/jobtrak-stack/venv/lib/python3.12/site-packages/airflow/example_dags/example_latest_only.py for tasks to queue
[2025-07-17T12:45:02.796-0500] {logging_mixin.py:188} INFO - [2025-07-17T12:45:02.796-0500] {dagbag.py:545} INFO - Filling up the DagBag from /home/abhiram/jobtrak-stack/venv/lib/python3.12/site-packages/airflow/example_dags/example_latest_only.py
[2025-07-17T12:45:02.800-0500] {processor.py:840} INFO - DAG(s) 'latest_only' retrieved from /home/abhiram/jobtrak-stack/venv/lib/python3.12/site-packages/airflow/example_dags/example_latest_only.py
[2025-07-17T12:45:02.905-0500] {logging_mixin.py:188} INFO - [2025-07-17T12:45:02.905-0500] {dag.py:3096} INFO - Sync 1 DAGs
[2025-07-17T12:45:02.918-0500] {logging_mixin.py:188} INFO - [2025-07-17T12:45:02.917-0500] {dag.py:3954} INFO - Setting next_dagrun for latest_only to 2025-07-17 12:00:00+00:00, run_after=2025-07-17 16:00:00+00:00
[2025-07-17T12:45:02.978-0500] {processor.py:183} INFO - Processing /home/abhiram/jobtrak-stack/venv/lib/python3.12/site-packages/airflow/example_dags/example_latest_only.py took 0.186 seconds
[2025-07-17T12:45:33.450-0500] {processor.py:161} INFO - Started process (PID=13589) to work on /home/abhiram/jobtrak-stack/venv/lib/python3.12/site-packages/airflow/example_dags/example_latest_only.py
[2025-07-17T12:45:33.453-0500] {processor.py:830} INFO - Processing file /home/abhiram/jobtrak-stack/venv/lib/python3.12/site-packages/airflow/example_dags/example_latest_only.py for tasks to queue
[2025-07-17T12:45:33.455-0500] {logging_mixin.py:188} INFO - [2025-07-17T12:45:33.454-0500] {dagbag.py:545} INFO - Filling up the DagBag from /home/abhiram/jobtrak-stack/venv/lib/python3.12/site-packages/airflow/example_dags/example_latest_only.py
[2025-07-17T12:45:33.460-0500] {processor.py:840} INFO - DAG(s) 'latest_only' retrieved from /home/abhiram/jobtrak-stack/venv/lib/python3.12/site-packages/airflow/example_dags/example_latest_only.py
[2025-07-17T12:45:33.496-0500] {logging_mixin.py:188} INFO - [2025-07-17T12:45:33.495-0500] {dag.py:3096} INFO - Sync 1 DAGs
[2025-07-17T12:45:33.537-0500] {logging_mixin.py:188} INFO - [2025-07-17T12:45:33.537-0500] {dag.py:3954} INFO - Setting next_dagrun for latest_only to 2025-07-17 12:00:00+00:00, run_after=2025-07-17 16:00:00+00:00
[2025-07-17T12:45:33.579-0500] {processor.py:183} INFO - Processing /home/abhiram/jobtrak-stack/venv/lib/python3.12/site-packages/airflow/example_dags/example_latest_only.py took 0.134 seconds
[2025-07-17T12:46:04.664-0500] {processor.py:161} INFO - Started process (PID=13706) to work on /home/abhiram/jobtrak-stack/venv/lib/python3.12/site-packages/airflow/example_dags/example_latest_only.py
[2025-07-17T12:46:04.667-0500] {processor.py:830} INFO - Processing file /home/abhiram/jobtrak-stack/venv/lib/python3.12/site-packages/airflow/example_dags/example_latest_only.py for tasks to queue
[2025-07-17T12:46:04.668-0500] {logging_mixin.py:188} INFO - [2025-07-17T12:46:04.668-0500] {dagbag.py:545} INFO - Filling up the DagBag from /home/abhiram/jobtrak-stack/venv/lib/python3.12/site-packages/airflow/example_dags/example_latest_only.py
[2025-07-17T12:46:04.684-0500] {processor.py:840} INFO - DAG(s) 'latest_only' retrieved from /home/abhiram/jobtrak-stack/venv/lib/python3.12/site-packages/airflow/example_dags/example_latest_only.py
[2025-07-17T12:46:04.729-0500] {logging_mixin.py:188} INFO - [2025-07-17T12:46:04.728-0500] {dag.py:3096} INFO - Sync 1 DAGs
[2025-07-17T12:46:04.763-0500] {logging_mixin.py:188} INFO - [2025-07-17T12:46:04.763-0500] {dag.py:3954} INFO - Setting next_dagrun for latest_only to 2025-07-17 12:00:00+00:00, run_after=2025-07-17 16:00:00+00:00
[2025-07-17T12:46:04.795-0500] {processor.py:183} INFO - Processing /home/abhiram/jobtrak-stack/venv/lib/python3.12/site-packages/airflow/example_dags/example_latest_only.py took 0.145 seconds
[2025-07-17T12:46:35.307-0500] {processor.py:161} INFO - Started process (PID=13820) to work on /home/abhiram/jobtrak-stack/venv/lib/python3.12/site-packages/airflow/example_dags/example_latest_only.py
[2025-07-17T12:46:35.309-0500] {processor.py:830} INFO - Processing file /home/abhiram/jobtrak-stack/venv/lib/python3.12/site-packages/airflow/example_dags/example_latest_only.py for tasks to queue
[2025-07-17T12:46:35.311-0500] {logging_mixin.py:188} INFO - [2025-07-17T12:46:35.310-0500] {dagbag.py:545} INFO - Filling up the DagBag from /home/abhiram/jobtrak-stack/venv/lib/python3.12/site-packages/airflow/example_dags/example_latest_only.py
[2025-07-17T12:46:35.316-0500] {processor.py:840} INFO - DAG(s) 'latest_only' retrieved from /home/abhiram/jobtrak-stack/venv/lib/python3.12/site-packages/airflow/example_dags/example_latest_only.py
[2025-07-17T12:46:35.372-0500] {logging_mixin.py:188} INFO - [2025-07-17T12:46:35.371-0500] {dag.py:3096} INFO - Sync 1 DAGs
[2025-07-17T12:46:35.430-0500] {logging_mixin.py:188} INFO - [2025-07-17T12:46:35.430-0500] {dag.py:3954} INFO - Setting next_dagrun for latest_only to 2025-07-17 12:00:00+00:00, run_after=2025-07-17 16:00:00+00:00
[2025-07-17T12:46:35.507-0500] {processor.py:183} INFO - Processing /home/abhiram/jobtrak-stack/venv/lib/python3.12/site-packages/airflow/example_dags/example_latest_only.py took 0.212 seconds
[2025-07-17T12:47:06.318-0500] {processor.py:161} INFO - Started process (PID=13937) to work on /home/abhiram/jobtrak-stack/venv/lib/python3.12/site-packages/airflow/example_dags/example_latest_only.py
[2025-07-17T12:47:06.320-0500] {processor.py:830} INFO - Processing file /home/abhiram/jobtrak-stack/venv/lib/python3.12/site-packages/airflow/example_dags/example_latest_only.py for tasks to queue
[2025-07-17T12:47:06.321-0500] {logging_mixin.py:188} INFO - [2025-07-17T12:47:06.321-0500] {dagbag.py:545} INFO - Filling up the DagBag from /home/abhiram/jobtrak-stack/venv/lib/python3.12/site-packages/airflow/example_dags/example_latest_only.py
[2025-07-17T12:47:06.326-0500] {processor.py:840} INFO - DAG(s) 'latest_only' retrieved from /home/abhiram/jobtrak-stack/venv/lib/python3.12/site-packages/airflow/example_dags/example_latest_only.py
[2025-07-17T12:47:06.348-0500] {logging_mixin.py:188} INFO - [2025-07-17T12:47:06.348-0500] {dag.py:3096} INFO - Sync 1 DAGs
[2025-07-17T12:47:06.366-0500] {logging_mixin.py:188} INFO - [2025-07-17T12:47:06.365-0500] {dag.py:3954} INFO - Setting next_dagrun for latest_only to 2025-07-17 12:00:00+00:00, run_after=2025-07-17 16:00:00+00:00
[2025-07-17T12:47:06.382-0500] {processor.py:183} INFO - Processing /home/abhiram/jobtrak-stack/venv/lib/python3.12/site-packages/airflow/example_dags/example_latest_only.py took 0.069 seconds
[2025-07-17T12:47:37.127-0500] {processor.py:161} INFO - Started process (PID=14042) to work on /home/abhiram/jobtrak-stack/venv/lib/python3.12/site-packages/airflow/example_dags/example_latest_only.py
[2025-07-17T12:47:37.128-0500] {processor.py:830} INFO - Processing file /home/abhiram/jobtrak-stack/venv/lib/python3.12/site-packages/airflow/example_dags/example_latest_only.py for tasks to queue
[2025-07-17T12:47:37.130-0500] {logging_mixin.py:188} INFO - [2025-07-17T12:47:37.129-0500] {dagbag.py:545} INFO - Filling up the DagBag from /home/abhiram/jobtrak-stack/venv/lib/python3.12/site-packages/airflow/example_dags/example_latest_only.py
[2025-07-17T12:47:37.136-0500] {processor.py:840} INFO - DAG(s) 'latest_only' retrieved from /home/abhiram/jobtrak-stack/venv/lib/python3.12/site-packages/airflow/example_dags/example_latest_only.py
[2025-07-17T12:47:37.173-0500] {logging_mixin.py:188} INFO - [2025-07-17T12:47:37.172-0500] {dag.py:3096} INFO - Sync 1 DAGs
[2025-07-17T12:47:37.205-0500] {logging_mixin.py:188} INFO - [2025-07-17T12:47:37.204-0500] {dag.py:3954} INFO - Setting next_dagrun for latest_only to 2025-07-17 12:00:00+00:00, run_after=2025-07-17 16:00:00+00:00
[2025-07-17T12:47:37.245-0500] {processor.py:183} INFO - Processing /home/abhiram/jobtrak-stack/venv/lib/python3.12/site-packages/airflow/example_dags/example_latest_only.py took 0.125 seconds
