[2025-07-17T12:45:02.798-0500] {processor.py:161} INFO - Started process (PID=13463) to work on /home/abhiram/jobtrak-stack/venv/lib/python3.12/site-packages/airflow/example_dags/example_python_operator.py
[2025-07-17T12:45:02.799-0500] {processor.py:830} INFO - Processing file /home/abhiram/jobtrak-stack/venv/lib/python3.12/site-packages/airflow/example_dags/example_python_operator.py for tasks to queue
[2025-07-17T12:45:02.800-0500] {logging_mixin.py:188} INFO - [2025-07-17T12:45:02.799-0500] {dagbag.py:545} INFO - Filling up the DagBag from /home/abhiram/jobtrak-stack/venv/lib/python3.12/site-packages/airflow/example_dags/example_python_operator.py
[2025-07-17T12:45:02.847-0500] {logging_mixin.py:188} INFO - [2025-07-17T12:45:02.847-0500] {example_python_operator.py:93} WARNING - The virtalenv_python example task requires virtualenv, please install it.
[2025-07-17T12:45:02.847-0500] {processor.py:840} INFO - DAG(s) 'example_python_operator' retrieved from /home/abhiram/jobtrak-stack/venv/lib/python3.12/site-packages/airflow/example_dags/example_python_operator.py
[2025-07-17T12:45:02.920-0500] {logging_mixin.py:188} INFO - [2025-07-17T12:45:02.920-0500] {dag.py:3096} INFO - Sync 1 DAGs
[2025-07-17T12:45:02.928-0500] {logging_mixin.py:188} INFO - [2025-07-17T12:45:02.927-0500] {dag.py:3954} INFO - Setting next_dagrun for example_python_operator to None, run_after=None
[2025-07-17T12:45:02.979-0500] {processor.py:183} INFO - Processing /home/abhiram/jobtrak-stack/venv/lib/python3.12/site-packages/airflow/example_dags/example_python_operator.py took 0.184 seconds
[2025-07-17T12:45:33.622-0500] {processor.py:161} INFO - Started process (PID=13591) to work on /home/abhiram/jobtrak-stack/venv/lib/python3.12/site-packages/airflow/example_dags/example_python_operator.py
[2025-07-17T12:45:33.625-0500] {processor.py:830} INFO - Processing file /home/abhiram/jobtrak-stack/venv/lib/python3.12/site-packages/airflow/example_dags/example_python_operator.py for tasks to queue
[2025-07-17T12:45:33.627-0500] {logging_mixin.py:188} INFO - [2025-07-17T12:45:33.626-0500] {dagbag.py:545} INFO - Filling up the DagBag from /home/abhiram/jobtrak-stack/venv/lib/python3.12/site-packages/airflow/example_dags/example_python_operator.py
[2025-07-17T12:45:34.012-0500] {logging_mixin.py:188} INFO - [2025-07-17T12:45:34.012-0500] {example_python_operator.py:93} WARNING - The virtalenv_python example task requires virtualenv, please install it.
[2025-07-17T12:45:34.013-0500] {processor.py:840} INFO - DAG(s) 'example_python_operator' retrieved from /home/abhiram/jobtrak-stack/venv/lib/python3.12/site-packages/airflow/example_dags/example_python_operator.py
[2025-07-17T12:45:34.047-0500] {logging_mixin.py:188} INFO - [2025-07-17T12:45:34.047-0500] {dag.py:3096} INFO - Sync 1 DAGs
[2025-07-17T12:45:34.065-0500] {logging_mixin.py:188} INFO - [2025-07-17T12:45:34.064-0500] {dag.py:3954} INFO - Setting next_dagrun for example_python_operator to None, run_after=None
[2025-07-17T12:45:34.097-0500] {processor.py:183} INFO - Processing /home/abhiram/jobtrak-stack/venv/lib/python3.12/site-packages/airflow/example_dags/example_python_operator.py took 0.483 seconds
[2025-07-17T12:46:04.847-0500] {processor.py:161} INFO - Started process (PID=13708) to work on /home/abhiram/jobtrak-stack/venv/lib/python3.12/site-packages/airflow/example_dags/example_python_operator.py
[2025-07-17T12:46:04.850-0500] {processor.py:830} INFO - Processing file /home/abhiram/jobtrak-stack/venv/lib/python3.12/site-packages/airflow/example_dags/example_python_operator.py for tasks to queue
[2025-07-17T12:46:04.852-0500] {logging_mixin.py:188} INFO - [2025-07-17T12:46:04.851-0500] {dagbag.py:545} INFO - Filling up the DagBag from /home/abhiram/jobtrak-stack/venv/lib/python3.12/site-packages/airflow/example_dags/example_python_operator.py
[2025-07-17T12:46:05.451-0500] {logging_mixin.py:188} INFO - [2025-07-17T12:46:05.450-0500] {example_python_operator.py:93} WARNING - The virtalenv_python example task requires virtualenv, please install it.
[2025-07-17T12:46:05.451-0500] {processor.py:840} INFO - DAG(s) 'example_python_operator' retrieved from /home/abhiram/jobtrak-stack/venv/lib/python3.12/site-packages/airflow/example_dags/example_python_operator.py
[2025-07-17T12:46:05.480-0500] {logging_mixin.py:188} INFO - [2025-07-17T12:46:05.480-0500] {dag.py:3096} INFO - Sync 1 DAGs
[2025-07-17T12:46:05.498-0500] {logging_mixin.py:188} INFO - [2025-07-17T12:46:05.498-0500] {dag.py:3954} INFO - Setting next_dagrun for example_python_operator to None, run_after=None
[2025-07-17T12:46:05.526-0500] {processor.py:183} INFO - Processing /home/abhiram/jobtrak-stack/venv/lib/python3.12/site-packages/airflow/example_dags/example_python_operator.py took 0.695 seconds
[2025-07-17T12:46:35.689-0500] {processor.py:161} INFO - Started process (PID=13826) to work on /home/abhiram/jobtrak-stack/venv/lib/python3.12/site-packages/airflow/example_dags/example_python_operator.py
[2025-07-17T12:46:35.690-0500] {processor.py:830} INFO - Processing file /home/abhiram/jobtrak-stack/venv/lib/python3.12/site-packages/airflow/example_dags/example_python_operator.py for tasks to queue
[2025-07-17T12:46:35.692-0500] {logging_mixin.py:188} INFO - [2025-07-17T12:46:35.692-0500] {dagbag.py:545} INFO - Filling up the DagBag from /home/abhiram/jobtrak-stack/venv/lib/python3.12/site-packages/airflow/example_dags/example_python_operator.py
[2025-07-17T12:46:36.057-0500] {logging_mixin.py:188} INFO - [2025-07-17T12:46:36.056-0500] {example_python_operator.py:93} WARNING - The virtalenv_python example task requires virtualenv, please install it.
[2025-07-17T12:46:36.057-0500] {processor.py:840} INFO - DAG(s) 'example_python_operator' retrieved from /home/abhiram/jobtrak-stack/venv/lib/python3.12/site-packages/airflow/example_dags/example_python_operator.py
[2025-07-17T12:46:36.102-0500] {logging_mixin.py:188} INFO - [2025-07-17T12:46:36.102-0500] {dag.py:3096} INFO - Sync 1 DAGs
[2025-07-17T12:46:36.131-0500] {logging_mixin.py:188} INFO - [2025-07-17T12:46:36.131-0500] {dag.py:3954} INFO - Setting next_dagrun for example_python_operator to None, run_after=None
[2025-07-17T12:46:36.216-0500] {processor.py:183} INFO - Processing /home/abhiram/jobtrak-stack/venv/lib/python3.12/site-packages/airflow/example_dags/example_python_operator.py took 0.542 seconds
[2025-07-17T12:47:06.408-0500] {processor.py:161} INFO - Started process (PID=13941) to work on /home/abhiram/jobtrak-stack/venv/lib/python3.12/site-packages/airflow/example_dags/example_python_operator.py
[2025-07-17T12:47:06.409-0500] {processor.py:830} INFO - Processing file /home/abhiram/jobtrak-stack/venv/lib/python3.12/site-packages/airflow/example_dags/example_python_operator.py for tasks to queue
[2025-07-17T12:47:06.410-0500] {logging_mixin.py:188} INFO - [2025-07-17T12:47:06.410-0500] {dagbag.py:545} INFO - Filling up the DagBag from /home/abhiram/jobtrak-stack/venv/lib/python3.12/site-packages/airflow/example_dags/example_python_operator.py
[2025-07-17T12:47:06.523-0500] {logging_mixin.py:188} INFO - [2025-07-17T12:47:06.522-0500] {example_python_operator.py:93} WARNING - The virtalenv_python example task requires virtualenv, please install it.
[2025-07-17T12:47:06.523-0500] {processor.py:840} INFO - DAG(s) 'example_python_operator' retrieved from /home/abhiram/jobtrak-stack/venv/lib/python3.12/site-packages/airflow/example_dags/example_python_operator.py
[2025-07-17T12:47:06.547-0500] {logging_mixin.py:188} INFO - [2025-07-17T12:47:06.547-0500] {dag.py:3096} INFO - Sync 1 DAGs
[2025-07-17T12:47:06.557-0500] {logging_mixin.py:188} INFO - [2025-07-17T12:47:06.557-0500] {dag.py:3954} INFO - Setting next_dagrun for example_python_operator to None, run_after=None
[2025-07-17T12:47:06.578-0500] {processor.py:183} INFO - Processing /home/abhiram/jobtrak-stack/venv/lib/python3.12/site-packages/airflow/example_dags/example_python_operator.py took 0.175 seconds
[2025-07-17T12:47:37.272-0500] {processor.py:161} INFO - Started process (PID=14044) to work on /home/abhiram/jobtrak-stack/venv/lib/python3.12/site-packages/airflow/example_dags/example_python_operator.py
[2025-07-17T12:47:37.273-0500] {processor.py:830} INFO - Processing file /home/abhiram/jobtrak-stack/venv/lib/python3.12/site-packages/airflow/example_dags/example_python_operator.py for tasks to queue
[2025-07-17T12:47:37.276-0500] {logging_mixin.py:188} INFO - [2025-07-17T12:47:37.275-0500] {dagbag.py:545} INFO - Filling up the DagBag from /home/abhiram/jobtrak-stack/venv/lib/python3.12/site-packages/airflow/example_dags/example_python_operator.py
[2025-07-17T12:47:37.576-0500] {logging_mixin.py:188} INFO - [2025-07-17T12:47:37.575-0500] {example_python_operator.py:93} WARNING - The virtalenv_python example task requires virtualenv, please install it.
[2025-07-17T12:47:37.576-0500] {processor.py:840} INFO - DAG(s) 'example_python_operator' retrieved from /home/abhiram/jobtrak-stack/venv/lib/python3.12/site-packages/airflow/example_dags/example_python_operator.py
[2025-07-17T12:47:37.611-0500] {logging_mixin.py:188} INFO - [2025-07-17T12:47:37.610-0500] {dag.py:3096} INFO - Sync 1 DAGs
[2025-07-17T12:47:37.631-0500] {logging_mixin.py:188} INFO - [2025-07-17T12:47:37.630-0500] {dag.py:3954} INFO - Setting next_dagrun for example_python_operator to None, run_after=None
[2025-07-17T12:47:37.660-0500] {processor.py:183} INFO - Processing /home/abhiram/jobtrak-stack/venv/lib/python3.12/site-packages/airflow/example_dags/example_python_operator.py took 0.396 seconds
