[2025-07-17T12:45:04.265-0500] {processor.py:161} INFO - Started process (PID=13498) to work on /home/abhiram/jobtrak-stack/venv/lib/python3.12/site-packages/airflow/example_dags/tutorial_dag.py
[2025-07-17T12:45:04.266-0500] {processor.py:830} INFO - Processing file /home/abhiram/jobtrak-stack/venv/lib/python3.12/site-packages/airflow/example_dags/tutorial_dag.py for tasks to queue
[2025-07-17T12:45:04.267-0500] {logging_mixin.py:188} INFO - [2025-07-17T12:45:04.267-0500] {dagbag.py:545} INFO - Filling up the DagBag from /home/abhiram/jobtrak-stack/venv/lib/python3.12/site-packages/airflow/example_dags/tutorial_dag.py
[2025-07-17T12:45:04.270-0500] {processor.py:840} INFO - DAG(s) 'tutorial_dag' retrieved from /home/abhiram/jobtrak-stack/venv/lib/python3.12/site-packages/airflow/example_dags/tutorial_dag.py
[2025-07-17T12:45:04.342-0500] {logging_mixin.py:188} INFO - [2025-07-17T12:45:04.342-0500] {dag.py:3096} INFO - Sync 1 DAGs
[2025-07-17T12:45:04.348-0500] {logging_mixin.py:188} INFO - [2025-07-17T12:45:04.348-0500] {dag.py:3954} INFO - Setting next_dagrun for tutorial_dag to None, run_after=None
[2025-07-17T12:45:04.365-0500] {processor.py:183} INFO - Processing /home/abhiram/jobtrak-stack/venv/lib/python3.12/site-packages/airflow/example_dags/tutorial_dag.py took 0.103 seconds
[2025-07-17T12:45:35.605-0500] {processor.py:161} INFO - Started process (PID=13626) to work on /home/abhiram/jobtrak-stack/venv/lib/python3.12/site-packages/airflow/example_dags/tutorial_dag.py
[2025-07-17T12:45:35.612-0500] {processor.py:830} INFO - Processing file /home/abhiram/jobtrak-stack/venv/lib/python3.12/site-packages/airflow/example_dags/tutorial_dag.py for tasks to queue
[2025-07-17T12:45:35.615-0500] {logging_mixin.py:188} INFO - [2025-07-17T12:45:35.614-0500] {dagbag.py:545} INFO - Filling up the DagBag from /home/abhiram/jobtrak-stack/venv/lib/python3.12/site-packages/airflow/example_dags/tutorial_dag.py
[2025-07-17T12:45:35.629-0500] {processor.py:840} INFO - DAG(s) 'tutorial_dag' retrieved from /home/abhiram/jobtrak-stack/venv/lib/python3.12/site-packages/airflow/example_dags/tutorial_dag.py
[2025-07-17T12:45:35.670-0500] {logging_mixin.py:188} INFO - [2025-07-17T12:45:35.669-0500] {dag.py:3096} INFO - Sync 1 DAGs
[2025-07-17T12:45:35.691-0500] {logging_mixin.py:188} INFO - [2025-07-17T12:45:35.690-0500] {dag.py:3954} INFO - Setting next_dagrun for tutorial_dag to None, run_after=None
[2025-07-17T12:45:35.718-0500] {processor.py:183} INFO - Processing /home/abhiram/jobtrak-stack/venv/lib/python3.12/site-packages/airflow/example_dags/tutorial_dag.py took 0.121 seconds
[2025-07-17T12:46:06.492-0500] {processor.py:161} INFO - Started process (PID=13743) to work on /home/abhiram/jobtrak-stack/venv/lib/python3.12/site-packages/airflow/example_dags/tutorial_dag.py
[2025-07-17T12:46:06.494-0500] {processor.py:830} INFO - Processing file /home/abhiram/jobtrak-stack/venv/lib/python3.12/site-packages/airflow/example_dags/tutorial_dag.py for tasks to queue
[2025-07-17T12:46:06.496-0500] {logging_mixin.py:188} INFO - [2025-07-17T12:46:06.495-0500] {dagbag.py:545} INFO - Filling up the DagBag from /home/abhiram/jobtrak-stack/venv/lib/python3.12/site-packages/airflow/example_dags/tutorial_dag.py
[2025-07-17T12:46:06.503-0500] {processor.py:840} INFO - DAG(s) 'tutorial_dag' retrieved from /home/abhiram/jobtrak-stack/venv/lib/python3.12/site-packages/airflow/example_dags/tutorial_dag.py
[2025-07-17T12:46:06.529-0500] {logging_mixin.py:188} INFO - [2025-07-17T12:46:06.528-0500] {dag.py:3096} INFO - Sync 1 DAGs
[2025-07-17T12:46:06.542-0500] {logging_mixin.py:188} INFO - [2025-07-17T12:46:06.542-0500] {dag.py:3954} INFO - Setting next_dagrun for tutorial_dag to None, run_after=None
[2025-07-17T12:46:06.576-0500] {processor.py:183} INFO - Processing /home/abhiram/jobtrak-stack/venv/lib/python3.12/site-packages/airflow/example_dags/tutorial_dag.py took 0.089 seconds
[2025-07-17T12:46:37.939-0500] {processor.py:161} INFO - Started process (PID=13859) to work on /home/abhiram/jobtrak-stack/venv/lib/python3.12/site-packages/airflow/example_dags/tutorial_dag.py
[2025-07-17T12:46:37.940-0500] {processor.py:830} INFO - Processing file /home/abhiram/jobtrak-stack/venv/lib/python3.12/site-packages/airflow/example_dags/tutorial_dag.py for tasks to queue
[2025-07-17T12:46:37.941-0500] {logging_mixin.py:188} INFO - [2025-07-17T12:46:37.941-0500] {dagbag.py:545} INFO - Filling up the DagBag from /home/abhiram/jobtrak-stack/venv/lib/python3.12/site-packages/airflow/example_dags/tutorial_dag.py
[2025-07-17T12:46:37.946-0500] {processor.py:840} INFO - DAG(s) 'tutorial_dag' retrieved from /home/abhiram/jobtrak-stack/venv/lib/python3.12/site-packages/airflow/example_dags/tutorial_dag.py
[2025-07-17T12:46:37.969-0500] {logging_mixin.py:188} INFO - [2025-07-17T12:46:37.969-0500] {dag.py:3096} INFO - Sync 1 DAGs
[2025-07-17T12:46:37.987-0500] {logging_mixin.py:188} INFO - [2025-07-17T12:46:37.987-0500] {dag.py:3954} INFO - Setting next_dagrun for tutorial_dag to None, run_after=None
[2025-07-17T12:46:38.024-0500] {processor.py:183} INFO - Processing /home/abhiram/jobtrak-stack/venv/lib/python3.12/site-packages/airflow/example_dags/tutorial_dag.py took 0.099 seconds
[2025-07-17T12:47:09.181-0500] {processor.py:161} INFO - Started process (PID=13974) to work on /home/abhiram/jobtrak-stack/venv/lib/python3.12/site-packages/airflow/example_dags/tutorial_dag.py
[2025-07-17T12:47:09.183-0500] {processor.py:830} INFO - Processing file /home/abhiram/jobtrak-stack/venv/lib/python3.12/site-packages/airflow/example_dags/tutorial_dag.py for tasks to queue
[2025-07-17T12:47:09.185-0500] {logging_mixin.py:188} INFO - [2025-07-17T12:47:09.184-0500] {dagbag.py:545} INFO - Filling up the DagBag from /home/abhiram/jobtrak-stack/venv/lib/python3.12/site-packages/airflow/example_dags/tutorial_dag.py
[2025-07-17T12:47:09.189-0500] {processor.py:840} INFO - DAG(s) 'tutorial_dag' retrieved from /home/abhiram/jobtrak-stack/venv/lib/python3.12/site-packages/airflow/example_dags/tutorial_dag.py
[2025-07-17T12:47:09.215-0500] {logging_mixin.py:188} INFO - [2025-07-17T12:47:09.215-0500] {dag.py:3096} INFO - Sync 1 DAGs
[2025-07-17T12:47:09.231-0500] {logging_mixin.py:188} INFO - [2025-07-17T12:47:09.231-0500] {dag.py:3954} INFO - Setting next_dagrun for tutorial_dag to None, run_after=None
[2025-07-17T12:47:09.250-0500] {processor.py:183} INFO - Processing /home/abhiram/jobtrak-stack/venv/lib/python3.12/site-packages/airflow/example_dags/tutorial_dag.py took 0.074 seconds
[2025-07-17T12:47:40.278-0500] {processor.py:161} INFO - Started process (PID=14079) to work on /home/abhiram/jobtrak-stack/venv/lib/python3.12/site-packages/airflow/example_dags/tutorial_dag.py
[2025-07-17T12:47:40.279-0500] {processor.py:830} INFO - Processing file /home/abhiram/jobtrak-stack/venv/lib/python3.12/site-packages/airflow/example_dags/tutorial_dag.py for tasks to queue
[2025-07-17T12:47:40.286-0500] {logging_mixin.py:188} INFO - [2025-07-17T12:47:40.284-0500] {dagbag.py:545} INFO - Filling up the DagBag from /home/abhiram/jobtrak-stack/venv/lib/python3.12/site-packages/airflow/example_dags/tutorial_dag.py
[2025-07-17T12:47:40.292-0500] {processor.py:840} INFO - DAG(s) 'tutorial_dag' retrieved from /home/abhiram/jobtrak-stack/venv/lib/python3.12/site-packages/airflow/example_dags/tutorial_dag.py
[2025-07-17T12:47:40.343-0500] {logging_mixin.py:188} INFO - [2025-07-17T12:47:40.342-0500] {dag.py:3096} INFO - Sync 1 DAGs
[2025-07-17T12:47:40.357-0500] {logging_mixin.py:188} INFO - [2025-07-17T12:47:40.357-0500] {dag.py:3954} INFO - Setting next_dagrun for tutorial_dag to None, run_after=None
[2025-07-17T12:47:40.388-0500] {processor.py:183} INFO - Processing /home/abhiram/jobtrak-stack/venv/lib/python3.12/site-packages/airflow/example_dags/tutorial_dag.py took 0.116 seconds
