[2025-07-17T12:45:02.026-0500] {processor.py:161} INFO - Started process (PID=13446) to work on /home/abhiram/jobtrak-stack/venv/lib/python3.12/site-packages/airflow/example_dags/tutorial_objectstorage.py
[2025-07-17T12:45:02.026-0500] {processor.py:830} INFO - Processing file /home/abhiram/jobtrak-stack/venv/lib/python3.12/site-packages/airflow/example_dags/tutorial_objectstorage.py for tasks to queue
[2025-07-17T12:45:02.027-0500] {logging_mixin.py:188} INFO - [2025-07-17T12:45:02.027-0500] {dagbag.py:545} INFO - Filling up the DagBag from /home/abhiram/jobtrak-stack/venv/lib/python3.12/site-packages/airflow/example_dags/tutorial_objectstorage.py
[2025-07-17T12:45:02.034-0500] {processor.py:840} INFO - DAG(s) 'tutorial_objectstorage' retrieved from /home/abhiram/jobtrak-stack/venv/lib/python3.12/site-packages/airflow/example_dags/tutorial_objectstorage.py
[2025-07-17T12:45:02.116-0500] {logging_mixin.py:188} INFO - [2025-07-17T12:45:02.115-0500] {dag.py:3096} INFO - Sync 1 DAGs
[2025-07-17T12:45:02.122-0500] {logging_mixin.py:188} INFO - [2025-07-17T12:45:02.122-0500] {dag.py:3954} INFO - Setting next_dagrun for tutorial_objectstorage to None, run_after=None
[2025-07-17T12:45:02.159-0500] {processor.py:183} INFO - Processing /home/abhiram/jobtrak-stack/venv/lib/python3.12/site-packages/airflow/example_dags/tutorial_objectstorage.py took 0.137 seconds
[2025-07-17T12:45:32.709-0500] {processor.py:161} INFO - Started process (PID=13574) to work on /home/abhiram/jobtrak-stack/venv/lib/python3.12/site-packages/airflow/example_dags/tutorial_objectstorage.py
[2025-07-17T12:45:32.711-0500] {processor.py:830} INFO - Processing file /home/abhiram/jobtrak-stack/venv/lib/python3.12/site-packages/airflow/example_dags/tutorial_objectstorage.py for tasks to queue
[2025-07-17T12:45:32.713-0500] {logging_mixin.py:188} INFO - [2025-07-17T12:45:32.713-0500] {dagbag.py:545} INFO - Filling up the DagBag from /home/abhiram/jobtrak-stack/venv/lib/python3.12/site-packages/airflow/example_dags/tutorial_objectstorage.py
[2025-07-17T12:45:32.721-0500] {processor.py:840} INFO - DAG(s) 'tutorial_objectstorage' retrieved from /home/abhiram/jobtrak-stack/venv/lib/python3.12/site-packages/airflow/example_dags/tutorial_objectstorage.py
[2025-07-17T12:45:32.769-0500] {logging_mixin.py:188} INFO - [2025-07-17T12:45:32.768-0500] {dag.py:3096} INFO - Sync 1 DAGs
[2025-07-17T12:45:32.807-0500] {logging_mixin.py:188} INFO - [2025-07-17T12:45:32.807-0500] {dag.py:3954} INFO - Setting next_dagrun for tutorial_objectstorage to None, run_after=None
[2025-07-17T12:45:32.887-0500] {processor.py:183} INFO - Processing /home/abhiram/jobtrak-stack/venv/lib/python3.12/site-packages/airflow/example_dags/tutorial_objectstorage.py took 0.185 seconds
[2025-07-17T12:46:03.853-0500] {processor.py:161} INFO - Started process (PID=13691) to work on /home/abhiram/jobtrak-stack/venv/lib/python3.12/site-packages/airflow/example_dags/tutorial_objectstorage.py
[2025-07-17T12:46:03.856-0500] {processor.py:830} INFO - Processing file /home/abhiram/jobtrak-stack/venv/lib/python3.12/site-packages/airflow/example_dags/tutorial_objectstorage.py for tasks to queue
[2025-07-17T12:46:03.858-0500] {logging_mixin.py:188} INFO - [2025-07-17T12:46:03.858-0500] {dagbag.py:545} INFO - Filling up the DagBag from /home/abhiram/jobtrak-stack/venv/lib/python3.12/site-packages/airflow/example_dags/tutorial_objectstorage.py
[2025-07-17T12:46:03.871-0500] {processor.py:840} INFO - DAG(s) 'tutorial_objectstorage' retrieved from /home/abhiram/jobtrak-stack/venv/lib/python3.12/site-packages/airflow/example_dags/tutorial_objectstorage.py
[2025-07-17T12:46:03.921-0500] {logging_mixin.py:188} INFO - [2025-07-17T12:46:03.921-0500] {dag.py:3096} INFO - Sync 1 DAGs
[2025-07-17T12:46:03.942-0500] {logging_mixin.py:188} INFO - [2025-07-17T12:46:03.942-0500] {dag.py:3954} INFO - Setting next_dagrun for tutorial_objectstorage to None, run_after=None
[2025-07-17T12:46:03.985-0500] {processor.py:183} INFO - Processing /home/abhiram/jobtrak-stack/venv/lib/python3.12/site-packages/airflow/example_dags/tutorial_objectstorage.py took 0.144 seconds
[2025-07-17T12:46:34.827-0500] {processor.py:161} INFO - Started process (PID=13807) to work on /home/abhiram/jobtrak-stack/venv/lib/python3.12/site-packages/airflow/example_dags/tutorial_objectstorage.py
[2025-07-17T12:46:34.828-0500] {processor.py:830} INFO - Processing file /home/abhiram/jobtrak-stack/venv/lib/python3.12/site-packages/airflow/example_dags/tutorial_objectstorage.py for tasks to queue
[2025-07-17T12:46:34.830-0500] {logging_mixin.py:188} INFO - [2025-07-17T12:46:34.830-0500] {dagbag.py:545} INFO - Filling up the DagBag from /home/abhiram/jobtrak-stack/venv/lib/python3.12/site-packages/airflow/example_dags/tutorial_objectstorage.py
[2025-07-17T12:46:34.837-0500] {processor.py:840} INFO - DAG(s) 'tutorial_objectstorage' retrieved from /home/abhiram/jobtrak-stack/venv/lib/python3.12/site-packages/airflow/example_dags/tutorial_objectstorage.py
[2025-07-17T12:46:34.867-0500] {logging_mixin.py:188} INFO - [2025-07-17T12:46:34.867-0500] {dag.py:3096} INFO - Sync 1 DAGs
[2025-07-17T12:46:34.881-0500] {logging_mixin.py:188} INFO - [2025-07-17T12:46:34.881-0500] {dag.py:3954} INFO - Setting next_dagrun for tutorial_objectstorage to None, run_after=None
[2025-07-17T12:46:34.910-0500] {processor.py:183} INFO - Processing /home/abhiram/jobtrak-stack/venv/lib/python3.12/site-packages/airflow/example_dags/tutorial_objectstorage.py took 0.090 seconds
[2025-07-17T12:47:05.893-0500] {processor.py:161} INFO - Started process (PID=13922) to work on /home/abhiram/jobtrak-stack/venv/lib/python3.12/site-packages/airflow/example_dags/tutorial_objectstorage.py
[2025-07-17T12:47:05.895-0500] {processor.py:830} INFO - Processing file /home/abhiram/jobtrak-stack/venv/lib/python3.12/site-packages/airflow/example_dags/tutorial_objectstorage.py for tasks to queue
[2025-07-17T12:47:05.897-0500] {logging_mixin.py:188} INFO - [2025-07-17T12:47:05.896-0500] {dagbag.py:545} INFO - Filling up the DagBag from /home/abhiram/jobtrak-stack/venv/lib/python3.12/site-packages/airflow/example_dags/tutorial_objectstorage.py
[2025-07-17T12:47:05.903-0500] {processor.py:840} INFO - DAG(s) 'tutorial_objectstorage' retrieved from /home/abhiram/jobtrak-stack/venv/lib/python3.12/site-packages/airflow/example_dags/tutorial_objectstorage.py
[2025-07-17T12:47:05.931-0500] {logging_mixin.py:188} INFO - [2025-07-17T12:47:05.931-0500] {dag.py:3096} INFO - Sync 1 DAGs
[2025-07-17T12:47:05.949-0500] {logging_mixin.py:188} INFO - [2025-07-17T12:47:05.949-0500] {dag.py:3954} INFO - Setting next_dagrun for tutorial_objectstorage to None, run_after=None
[2025-07-17T12:47:05.973-0500] {processor.py:183} INFO - Processing /home/abhiram/jobtrak-stack/venv/lib/python3.12/site-packages/airflow/example_dags/tutorial_objectstorage.py took 0.086 seconds
[2025-07-17T12:47:36.534-0500] {processor.py:161} INFO - Started process (PID=14027) to work on /home/abhiram/jobtrak-stack/venv/lib/python3.12/site-packages/airflow/example_dags/tutorial_objectstorage.py
[2025-07-17T12:47:36.535-0500] {processor.py:830} INFO - Processing file /home/abhiram/jobtrak-stack/venv/lib/python3.12/site-packages/airflow/example_dags/tutorial_objectstorage.py for tasks to queue
[2025-07-17T12:47:36.537-0500] {logging_mixin.py:188} INFO - [2025-07-17T12:47:36.536-0500] {dagbag.py:545} INFO - Filling up the DagBag from /home/abhiram/jobtrak-stack/venv/lib/python3.12/site-packages/airflow/example_dags/tutorial_objectstorage.py
[2025-07-17T12:47:36.545-0500] {processor.py:840} INFO - DAG(s) 'tutorial_objectstorage' retrieved from /home/abhiram/jobtrak-stack/venv/lib/python3.12/site-packages/airflow/example_dags/tutorial_objectstorage.py
[2025-07-17T12:47:36.576-0500] {logging_mixin.py:188} INFO - [2025-07-17T12:47:36.576-0500] {dag.py:3096} INFO - Sync 1 DAGs
[2025-07-17T12:47:36.592-0500] {logging_mixin.py:188} INFO - [2025-07-17T12:47:36.592-0500] {dag.py:3954} INFO - Setting next_dagrun for tutorial_objectstorage to None, run_after=None
[2025-07-17T12:47:36.619-0500] {processor.py:183} INFO - Processing /home/abhiram/jobtrak-stack/venv/lib/python3.12/site-packages/airflow/example_dags/tutorial_objectstorage.py took 0.091 seconds
