[2025-07-17T12:45:05.069-0500] {processor.py:161} INFO - Started process (PID=13524) to work on /home/abhiram/jobtrak-stack/venv/lib/python3.12/site-packages/airflow/example_dags/plugins/event_listener.py
[2025-07-17T12:45:05.070-0500] {processor.py:830} INFO - Processing file /home/abhiram/jobtrak-stack/venv/lib/python3.12/site-packages/airflow/example_dags/plugins/event_listener.py for tasks to queue
[2025-07-17T12:45:05.071-0500] {logging_mixin.py:188} INFO - [2025-07-17T12:45:05.070-0500] {dagbag.py:545} INFO - Filling up the DagBag from /home/abhiram/jobtrak-stack/venv/lib/python3.12/site-packages/airflow/example_dags/plugins/event_listener.py
[2025-07-17T12:45:05.072-0500] {processor.py:842} WARNING - No viable dags retrieved from /home/abhiram/jobtrak-stack/venv/lib/python3.12/site-packages/airflow/example_dags/plugins/event_listener.py
[2025-07-17T12:45:05.091-0500] {processor.py:183} INFO - Processing /home/abhiram/jobtrak-stack/venv/lib/python3.12/site-packages/airflow/example_dags/plugins/event_listener.py took 0.026 seconds
[2025-07-17T12:45:36.836-0500] {processor.py:161} INFO - Started process (PID=13657) to work on /home/abhiram/jobtrak-stack/venv/lib/python3.12/site-packages/airflow/example_dags/plugins/event_listener.py
[2025-07-17T12:45:36.839-0500] {processor.py:830} INFO - Processing file /home/abhiram/jobtrak-stack/venv/lib/python3.12/site-packages/airflow/example_dags/plugins/event_listener.py for tasks to queue
[2025-07-17T12:45:36.840-0500] {logging_mixin.py:188} INFO - [2025-07-17T12:45:36.840-0500] {dagbag.py:545} INFO - Filling up the DagBag from /home/abhiram/jobtrak-stack/venv/lib/python3.12/site-packages/airflow/example_dags/plugins/event_listener.py
[2025-07-17T12:45:36.842-0500] {processor.py:842} WARNING - No viable dags retrieved from /home/abhiram/jobtrak-stack/venv/lib/python3.12/site-packages/airflow/example_dags/plugins/event_listener.py
[2025-07-17T12:45:36.866-0500] {processor.py:183} INFO - Processing /home/abhiram/jobtrak-stack/venv/lib/python3.12/site-packages/airflow/example_dags/plugins/event_listener.py took 0.038 seconds
[2025-07-17T12:46:07.048-0500] {processor.py:161} INFO - Started process (PID=13767) to work on /home/abhiram/jobtrak-stack/venv/lib/python3.12/site-packages/airflow/example_dags/plugins/event_listener.py
[2025-07-17T12:46:07.049-0500] {processor.py:830} INFO - Processing file /home/abhiram/jobtrak-stack/venv/lib/python3.12/site-packages/airflow/example_dags/plugins/event_listener.py for tasks to queue
[2025-07-17T12:46:07.051-0500] {logging_mixin.py:188} INFO - [2025-07-17T12:46:07.050-0500] {dagbag.py:545} INFO - Filling up the DagBag from /home/abhiram/jobtrak-stack/venv/lib/python3.12/site-packages/airflow/example_dags/plugins/event_listener.py
[2025-07-17T12:46:07.052-0500] {processor.py:842} WARNING - No viable dags retrieved from /home/abhiram/jobtrak-stack/venv/lib/python3.12/site-packages/airflow/example_dags/plugins/event_listener.py
[2025-07-17T12:46:07.069-0500] {processor.py:183} INFO - Processing /home/abhiram/jobtrak-stack/venv/lib/python3.12/site-packages/airflow/example_dags/plugins/event_listener.py took 0.025 seconds
[2025-07-17T12:46:39.067-0500] {processor.py:161} INFO - Started process (PID=13885) to work on /home/abhiram/jobtrak-stack/venv/lib/python3.12/site-packages/airflow/example_dags/plugins/event_listener.py
[2025-07-17T12:46:39.072-0500] {processor.py:830} INFO - Processing file /home/abhiram/jobtrak-stack/venv/lib/python3.12/site-packages/airflow/example_dags/plugins/event_listener.py for tasks to queue
[2025-07-17T12:46:39.075-0500] {logging_mixin.py:188} INFO - [2025-07-17T12:46:39.074-0500] {dagbag.py:545} INFO - Filling up the DagBag from /home/abhiram/jobtrak-stack/venv/lib/python3.12/site-packages/airflow/example_dags/plugins/event_listener.py
[2025-07-17T12:46:39.077-0500] {processor.py:842} WARNING - No viable dags retrieved from /home/abhiram/jobtrak-stack/venv/lib/python3.12/site-packages/airflow/example_dags/plugins/event_listener.py
[2025-07-17T12:46:39.122-0500] {processor.py:183} INFO - Processing /home/abhiram/jobtrak-stack/venv/lib/python3.12/site-packages/airflow/example_dags/plugins/event_listener.py took 0.064 seconds
[2025-07-17T12:47:09.946-0500] {processor.py:161} INFO - Started process (PID=13999) to work on /home/abhiram/jobtrak-stack/venv/lib/python3.12/site-packages/airflow/example_dags/plugins/event_listener.py
[2025-07-17T12:47:09.947-0500] {processor.py:830} INFO - Processing file /home/abhiram/jobtrak-stack/venv/lib/python3.12/site-packages/airflow/example_dags/plugins/event_listener.py for tasks to queue
[2025-07-17T12:47:09.949-0500] {logging_mixin.py:188} INFO - [2025-07-17T12:47:09.948-0500] {dagbag.py:545} INFO - Filling up the DagBag from /home/abhiram/jobtrak-stack/venv/lib/python3.12/site-packages/airflow/example_dags/plugins/event_listener.py
[2025-07-17T12:47:09.951-0500] {processor.py:842} WARNING - No viable dags retrieved from /home/abhiram/jobtrak-stack/venv/lib/python3.12/site-packages/airflow/example_dags/plugins/event_listener.py
[2025-07-17T12:47:09.970-0500] {processor.py:183} INFO - Processing /home/abhiram/jobtrak-stack/venv/lib/python3.12/site-packages/airflow/example_dags/plugins/event_listener.py took 0.029 seconds
[2025-07-17T12:47:41.229-0500] {processor.py:161} INFO - Started process (PID=14105) to work on /home/abhiram/jobtrak-stack/venv/lib/python3.12/site-packages/airflow/example_dags/plugins/event_listener.py
[2025-07-17T12:47:41.232-0500] {processor.py:830} INFO - Processing file /home/abhiram/jobtrak-stack/venv/lib/python3.12/site-packages/airflow/example_dags/plugins/event_listener.py for tasks to queue
[2025-07-17T12:47:41.234-0500] {logging_mixin.py:188} INFO - [2025-07-17T12:47:41.233-0500] {dagbag.py:545} INFO - Filling up the DagBag from /home/abhiram/jobtrak-stack/venv/lib/python3.12/site-packages/airflow/example_dags/plugins/event_listener.py
[2025-07-17T12:47:41.236-0500] {processor.py:842} WARNING - No viable dags retrieved from /home/abhiram/jobtrak-stack/venv/lib/python3.12/site-packages/airflow/example_dags/plugins/event_listener.py
[2025-07-17T12:47:41.264-0500] {processor.py:183} INFO - Processing /home/abhiram/jobtrak-stack/venv/lib/python3.12/site-packages/airflow/example_dags/plugins/event_listener.py took 0.043 seconds
