[2025-07-18T11:49:20.545-0500] {processor.py:161} INFO - Started process (PID=885) to work on /home/abhiram/jobtrak-stack/venv/lib/python3.12/site-packages/airflow/example_dags/plugins/event_listener.py
[2025-07-18T11:49:20.546-0500] {processor.py:830} INFO - Processing file /home/abhiram/jobtrak-stack/venv/lib/python3.12/site-packages/airflow/example_dags/plugins/event_listener.py for tasks to queue
[2025-07-18T11:49:20.547-0500] {logging_mixin.py:188} INFO - [2025-07-18T11:49:20.547-0500] {dagbag.py:545} INFO - Filling up the DagBag from /home/abhiram/jobtrak-stack/venv/lib/python3.12/site-packages/airflow/example_dags/plugins/event_listener.py
[2025-07-18T11:49:20.548-0500] {processor.py:842} WARNING - No viable dags retrieved from /home/abhiram/jobtrak-stack/venv/lib/python3.12/site-packages/airflow/example_dags/plugins/event_listener.py
[2025-07-18T11:49:20.562-0500] {processor.py:183} INFO - Processing /home/abhiram/jobtrak-stack/venv/lib/python3.12/site-packages/airflow/example_dags/plugins/event_listener.py took 0.020 seconds
[2025-07-18T11:49:51.887-0500] {processor.py:161} INFO - Started process (PID=1011) to work on /home/abhiram/jobtrak-stack/venv/lib/python3.12/site-packages/airflow/example_dags/plugins/event_listener.py
[2025-07-18T11:49:51.887-0500] {processor.py:830} INFO - Processing file /home/abhiram/jobtrak-stack/venv/lib/python3.12/site-packages/airflow/example_dags/plugins/event_listener.py for tasks to queue
[2025-07-18T11:49:51.888-0500] {logging_mixin.py:188} INFO - [2025-07-18T11:49:51.888-0500] {dagbag.py:545} INFO - Filling up the DagBag from /home/abhiram/jobtrak-stack/venv/lib/python3.12/site-packages/airflow/example_dags/plugins/event_listener.py
[2025-07-18T11:49:51.890-0500] {processor.py:842} WARNING - No viable dags retrieved from /home/abhiram/jobtrak-stack/venv/lib/python3.12/site-packages/airflow/example_dags/plugins/event_listener.py
[2025-07-18T11:49:51.903-0500] {processor.py:183} INFO - Processing /home/abhiram/jobtrak-stack/venv/lib/python3.12/site-packages/airflow/example_dags/plugins/event_listener.py took 0.020 seconds
[2025-07-18T11:50:22.076-0500] {processor.py:161} INFO - Started process (PID=1138) to work on /home/abhiram/jobtrak-stack/venv/lib/python3.12/site-packages/airflow/example_dags/plugins/event_listener.py
[2025-07-18T11:50:22.078-0500] {processor.py:830} INFO - Processing file /home/abhiram/jobtrak-stack/venv/lib/python3.12/site-packages/airflow/example_dags/plugins/event_listener.py for tasks to queue
[2025-07-18T11:50:22.079-0500] {logging_mixin.py:188} INFO - [2025-07-18T11:50:22.079-0500] {dagbag.py:545} INFO - Filling up the DagBag from /home/abhiram/jobtrak-stack/venv/lib/python3.12/site-packages/airflow/example_dags/plugins/event_listener.py
[2025-07-18T11:50:22.081-0500] {processor.py:842} WARNING - No viable dags retrieved from /home/abhiram/jobtrak-stack/venv/lib/python3.12/site-packages/airflow/example_dags/plugins/event_listener.py
[2025-07-18T11:50:22.096-0500] {processor.py:183} INFO - Processing /home/abhiram/jobtrak-stack/venv/lib/python3.12/site-packages/airflow/example_dags/plugins/event_listener.py took 0.023 seconds
[2025-07-18T11:50:52.168-0500] {processor.py:161} INFO - Started process (PID=1243) to work on /home/abhiram/jobtrak-stack/venv/lib/python3.12/site-packages/airflow/example_dags/plugins/event_listener.py
[2025-07-18T11:50:52.169-0500] {processor.py:830} INFO - Processing file /home/abhiram/jobtrak-stack/venv/lib/python3.12/site-packages/airflow/example_dags/plugins/event_listener.py for tasks to queue
[2025-07-18T11:50:52.170-0500] {logging_mixin.py:188} INFO - [2025-07-18T11:50:52.170-0500] {dagbag.py:545} INFO - Filling up the DagBag from /home/abhiram/jobtrak-stack/venv/lib/python3.12/site-packages/airflow/example_dags/plugins/event_listener.py
[2025-07-18T11:50:52.172-0500] {processor.py:842} WARNING - No viable dags retrieved from /home/abhiram/jobtrak-stack/venv/lib/python3.12/site-packages/airflow/example_dags/plugins/event_listener.py
[2025-07-18T11:50:52.191-0500] {processor.py:183} INFO - Processing /home/abhiram/jobtrak-stack/venv/lib/python3.12/site-packages/airflow/example_dags/plugins/event_listener.py took 0.026 seconds
[2025-07-18T11:51:22.226-0500] {processor.py:161} INFO - Started process (PID=1350) to work on /home/abhiram/jobtrak-stack/venv/lib/python3.12/site-packages/airflow/example_dags/plugins/event_listener.py
[2025-07-18T11:51:22.227-0500] {processor.py:830} INFO - Processing file /home/abhiram/jobtrak-stack/venv/lib/python3.12/site-packages/airflow/example_dags/plugins/event_listener.py for tasks to queue
[2025-07-18T11:51:22.228-0500] {logging_mixin.py:188} INFO - [2025-07-18T11:51:22.228-0500] {dagbag.py:545} INFO - Filling up the DagBag from /home/abhiram/jobtrak-stack/venv/lib/python3.12/site-packages/airflow/example_dags/plugins/event_listener.py
[2025-07-18T11:51:22.229-0500] {processor.py:842} WARNING - No viable dags retrieved from /home/abhiram/jobtrak-stack/venv/lib/python3.12/site-packages/airflow/example_dags/plugins/event_listener.py
[2025-07-18T11:51:22.241-0500] {processor.py:183} INFO - Processing /home/abhiram/jobtrak-stack/venv/lib/python3.12/site-packages/airflow/example_dags/plugins/event_listener.py took 0.019 seconds
[2025-07-18T11:51:52.581-0500] {processor.py:161} INFO - Started process (PID=1456) to work on /home/abhiram/jobtrak-stack/venv/lib/python3.12/site-packages/airflow/example_dags/plugins/event_listener.py
[2025-07-18T11:51:52.582-0500] {processor.py:830} INFO - Processing file /home/abhiram/jobtrak-stack/venv/lib/python3.12/site-packages/airflow/example_dags/plugins/event_listener.py for tasks to queue
[2025-07-18T11:51:52.584-0500] {logging_mixin.py:188} INFO - [2025-07-18T11:51:52.582-0500] {dagbag.py:545} INFO - Filling up the DagBag from /home/abhiram/jobtrak-stack/venv/lib/python3.12/site-packages/airflow/example_dags/plugins/event_listener.py
[2025-07-18T11:51:52.585-0500] {processor.py:842} WARNING - No viable dags retrieved from /home/abhiram/jobtrak-stack/venv/lib/python3.12/site-packages/airflow/example_dags/plugins/event_listener.py
[2025-07-18T11:51:52.599-0500] {processor.py:183} INFO - Processing /home/abhiram/jobtrak-stack/venv/lib/python3.12/site-packages/airflow/example_dags/plugins/event_listener.py took 0.021 seconds
