[2025-07-17T12:45:05.038-0500] {processor.py:161} INFO - Started process (PID=13522) to work on /home/abhiram/jobtrak-stack/venv/lib/python3.12/site-packages/airflow/example_dags/subdags/subdag.py
[2025-07-17T12:45:05.039-0500] {processor.py:830} INFO - Processing file /home/abhiram/jobtrak-stack/venv/lib/python3.12/site-packages/airflow/example_dags/subdags/subdag.py for tasks to queue
[2025-07-17T12:45:05.040-0500] {logging_mixin.py:188} INFO - [2025-07-17T12:45:05.040-0500] {dagbag.py:545} INFO - Filling up the DagBag from /home/abhiram/jobtrak-stack/venv/lib/python3.12/site-packages/airflow/example_dags/subdags/subdag.py
[2025-07-17T12:45:05.041-0500] {processor.py:842} WARNING - No viable dags retrieved from /home/abhiram/jobtrak-stack/venv/lib/python3.12/site-packages/airflow/example_dags/subdags/subdag.py
[2025-07-17T12:45:05.056-0500] {processor.py:183} INFO - Processing /home/abhiram/jobtrak-stack/venv/lib/python3.12/site-packages/airflow/example_dags/subdags/subdag.py took 0.021 seconds
[2025-07-17T12:45:36.779-0500] {processor.py:161} INFO - Started process (PID=13654) to work on /home/abhiram/jobtrak-stack/venv/lib/python3.12/site-packages/airflow/example_dags/subdags/subdag.py
[2025-07-17T12:45:36.781-0500] {processor.py:830} INFO - Processing file /home/abhiram/jobtrak-stack/venv/lib/python3.12/site-packages/airflow/example_dags/subdags/subdag.py for tasks to queue
[2025-07-17T12:45:36.782-0500] {logging_mixin.py:188} INFO - [2025-07-17T12:45:36.782-0500] {dagbag.py:545} INFO - Filling up the DagBag from /home/abhiram/jobtrak-stack/venv/lib/python3.12/site-packages/airflow/example_dags/subdags/subdag.py
[2025-07-17T12:45:36.785-0500] {processor.py:842} WARNING - No viable dags retrieved from /home/abhiram/jobtrak-stack/venv/lib/python3.12/site-packages/airflow/example_dags/subdags/subdag.py
[2025-07-17T12:45:36.812-0500] {processor.py:183} INFO - Processing /home/abhiram/jobtrak-stack/venv/lib/python3.12/site-packages/airflow/example_dags/subdags/subdag.py took 0.039 seconds
[2025-07-17T12:46:07.018-0500] {processor.py:161} INFO - Started process (PID=13765) to work on /home/abhiram/jobtrak-stack/venv/lib/python3.12/site-packages/airflow/example_dags/subdags/subdag.py
[2025-07-17T12:46:07.019-0500] {processor.py:830} INFO - Processing file /home/abhiram/jobtrak-stack/venv/lib/python3.12/site-packages/airflow/example_dags/subdags/subdag.py for tasks to queue
[2025-07-17T12:46:07.020-0500] {logging_mixin.py:188} INFO - [2025-07-17T12:46:07.020-0500] {dagbag.py:545} INFO - Filling up the DagBag from /home/abhiram/jobtrak-stack/venv/lib/python3.12/site-packages/airflow/example_dags/subdags/subdag.py
[2025-07-17T12:46:07.022-0500] {processor.py:842} WARNING - No viable dags retrieved from /home/abhiram/jobtrak-stack/venv/lib/python3.12/site-packages/airflow/example_dags/subdags/subdag.py
[2025-07-17T12:46:07.037-0500] {processor.py:183} INFO - Processing /home/abhiram/jobtrak-stack/venv/lib/python3.12/site-packages/airflow/example_dags/subdags/subdag.py took 0.024 seconds
[2025-07-17T12:46:38.994-0500] {processor.py:161} INFO - Started process (PID=13883) to work on /home/abhiram/jobtrak-stack/venv/lib/python3.12/site-packages/airflow/example_dags/subdags/subdag.py
[2025-07-17T12:46:38.997-0500] {processor.py:830} INFO - Processing file /home/abhiram/jobtrak-stack/venv/lib/python3.12/site-packages/airflow/example_dags/subdags/subdag.py for tasks to queue
[2025-07-17T12:46:39.002-0500] {logging_mixin.py:188} INFO - [2025-07-17T12:46:38.999-0500] {dagbag.py:545} INFO - Filling up the DagBag from /home/abhiram/jobtrak-stack/venv/lib/python3.12/site-packages/airflow/example_dags/subdags/subdag.py
[2025-07-17T12:46:39.007-0500] {processor.py:842} WARNING - No viable dags retrieved from /home/abhiram/jobtrak-stack/venv/lib/python3.12/site-packages/airflow/example_dags/subdags/subdag.py
[2025-07-17T12:46:39.040-0500] {processor.py:183} INFO - Processing /home/abhiram/jobtrak-stack/venv/lib/python3.12/site-packages/airflow/example_dags/subdags/subdag.py took 0.061 seconds
[2025-07-17T12:47:09.875-0500] {processor.py:161} INFO - Started process (PID=13996) to work on /home/abhiram/jobtrak-stack/venv/lib/python3.12/site-packages/airflow/example_dags/subdags/subdag.py
[2025-07-17T12:47:09.876-0500] {processor.py:830} INFO - Processing file /home/abhiram/jobtrak-stack/venv/lib/python3.12/site-packages/airflow/example_dags/subdags/subdag.py for tasks to queue
[2025-07-17T12:47:09.878-0500] {logging_mixin.py:188} INFO - [2025-07-17T12:47:09.877-0500] {dagbag.py:545} INFO - Filling up the DagBag from /home/abhiram/jobtrak-stack/venv/lib/python3.12/site-packages/airflow/example_dags/subdags/subdag.py
[2025-07-17T12:47:09.881-0500] {processor.py:842} WARNING - No viable dags retrieved from /home/abhiram/jobtrak-stack/venv/lib/python3.12/site-packages/airflow/example_dags/subdags/subdag.py
[2025-07-17T12:47:09.907-0500] {processor.py:183} INFO - Processing /home/abhiram/jobtrak-stack/venv/lib/python3.12/site-packages/airflow/example_dags/subdags/subdag.py took 0.038 seconds
[2025-07-17T12:47:41.171-0500] {processor.py:161} INFO - Started process (PID=14103) to work on /home/abhiram/jobtrak-stack/venv/lib/python3.12/site-packages/airflow/example_dags/subdags/subdag.py
[2025-07-17T12:47:41.173-0500] {processor.py:830} INFO - Processing file /home/abhiram/jobtrak-stack/venv/lib/python3.12/site-packages/airflow/example_dags/subdags/subdag.py for tasks to queue
[2025-07-17T12:47:41.175-0500] {logging_mixin.py:188} INFO - [2025-07-17T12:47:41.174-0500] {dagbag.py:545} INFO - Filling up the DagBag from /home/abhiram/jobtrak-stack/venv/lib/python3.12/site-packages/airflow/example_dags/subdags/subdag.py
[2025-07-17T12:47:41.177-0500] {processor.py:842} WARNING - No viable dags retrieved from /home/abhiram/jobtrak-stack/venv/lib/python3.12/site-packages/airflow/example_dags/subdags/subdag.py
[2025-07-17T12:47:41.204-0500] {processor.py:183} INFO - Processing /home/abhiram/jobtrak-stack/venv/lib/python3.12/site-packages/airflow/example_dags/subdags/subdag.py took 0.040 seconds
