[2025-07-18T11:49:19.410-0500] {processor.py:161} INFO - Started process (PID=869) to work on /home/abhiram/jobtrak-stack/venv/lib/python3.12/site-packages/airflow/example_dags/example_external_task_marker_dag.py
[2025-07-18T11:49:19.410-0500] {processor.py:830} INFO - Processing file /home/abhiram/jobtrak-stack/venv/lib/python3.12/site-packages/airflow/example_dags/example_external_task_marker_dag.py for tasks to queue
[2025-07-18T11:49:19.411-0500] {logging_mixin.py:188} INFO - [2025-07-18T11:49:19.411-0500] {dagbag.py:545} INFO - Filling up the DagBag from /home/abhiram/jobtrak-stack/venv/lib/python3.12/site-packages/airflow/example_dags/example_external_task_marker_dag.py
[2025-07-18T11:49:19.415-0500] {processor.py:840} INFO - DAG(s) 'example_external_task_marker_child', 'example_external_task_marker_parent' retrieved from /home/abhiram/jobtrak-stack/venv/lib/python3.12/site-packages/airflow/example_dags/example_external_task_marker_dag.py
[2025-07-18T11:49:19.428-0500] {logging_mixin.py:188} INFO - [2025-07-18T11:49:19.428-0500] {dag.py:3096} INFO - Sync 2 DAGs
[2025-07-18T11:49:19.437-0500] {logging_mixin.py:188} INFO - [2025-07-18T11:49:19.437-0500] {dag.py:3954} INFO - Setting next_dagrun for example_external_task_marker_child to None, run_after=None
[2025-07-18T11:49:19.441-0500] {logging_mixin.py:188} INFO - [2025-07-18T11:49:19.441-0500] {dag.py:3954} INFO - Setting next_dagrun for example_external_task_marker_parent to None, run_after=None
[2025-07-18T11:49:19.455-0500] {processor.py:183} INFO - Processing /home/abhiram/jobtrak-stack/venv/lib/python3.12/site-packages/airflow/example_dags/example_external_task_marker_dag.py took 0.049 seconds
[2025-07-18T11:49:51.424-0500] {processor.py:161} INFO - Started process (PID=995) to work on /home/abhiram/jobtrak-stack/venv/lib/python3.12/site-packages/airflow/example_dags/example_external_task_marker_dag.py
[2025-07-18T11:49:51.425-0500] {processor.py:830} INFO - Processing file /home/abhiram/jobtrak-stack/venv/lib/python3.12/site-packages/airflow/example_dags/example_external_task_marker_dag.py for tasks to queue
[2025-07-18T11:49:51.426-0500] {logging_mixin.py:188} INFO - [2025-07-18T11:49:51.425-0500] {dagbag.py:545} INFO - Filling up the DagBag from /home/abhiram/jobtrak-stack/venv/lib/python3.12/site-packages/airflow/example_dags/example_external_task_marker_dag.py
[2025-07-18T11:49:51.429-0500] {processor.py:840} INFO - DAG(s) 'example_external_task_marker_parent', 'example_external_task_marker_child' retrieved from /home/abhiram/jobtrak-stack/venv/lib/python3.12/site-packages/airflow/example_dags/example_external_task_marker_dag.py
[2025-07-18T11:49:51.506-0500] {logging_mixin.py:188} INFO - [2025-07-18T11:49:51.506-0500] {dag.py:3096} INFO - Sync 2 DAGs
[2025-07-18T11:49:51.516-0500] {logging_mixin.py:188} INFO - [2025-07-18T11:49:51.516-0500] {dag.py:3954} INFO - Setting next_dagrun for example_external_task_marker_child to None, run_after=None
[2025-07-18T11:49:51.518-0500] {logging_mixin.py:188} INFO - [2025-07-18T11:49:51.518-0500] {dag.py:3954} INFO - Setting next_dagrun for example_external_task_marker_parent to None, run_after=None
[2025-07-18T11:49:51.536-0500] {processor.py:183} INFO - Processing /home/abhiram/jobtrak-stack/venv/lib/python3.12/site-packages/airflow/example_dags/example_external_task_marker_dag.py took 0.115 seconds
[2025-07-18T11:50:21.691-0500] {processor.py:161} INFO - Started process (PID=1118) to work on /home/abhiram/jobtrak-stack/venv/lib/python3.12/site-packages/airflow/example_dags/example_external_task_marker_dag.py
[2025-07-18T11:50:21.692-0500] {processor.py:830} INFO - Processing file /home/abhiram/jobtrak-stack/venv/lib/python3.12/site-packages/airflow/example_dags/example_external_task_marker_dag.py for tasks to queue
[2025-07-18T11:50:21.693-0500] {logging_mixin.py:188} INFO - [2025-07-18T11:50:21.693-0500] {dagbag.py:545} INFO - Filling up the DagBag from /home/abhiram/jobtrak-stack/venv/lib/python3.12/site-packages/airflow/example_dags/example_external_task_marker_dag.py
[2025-07-18T11:50:21.697-0500] {processor.py:840} INFO - DAG(s) 'example_external_task_marker_parent', 'example_external_task_marker_child' retrieved from /home/abhiram/jobtrak-stack/venv/lib/python3.12/site-packages/airflow/example_dags/example_external_task_marker_dag.py
[2025-07-18T11:50:21.721-0500] {logging_mixin.py:188} INFO - [2025-07-18T11:50:21.721-0500] {dag.py:3096} INFO - Sync 2 DAGs
[2025-07-18T11:50:21.745-0500] {logging_mixin.py:188} INFO - [2025-07-18T11:50:21.744-0500] {dag.py:3954} INFO - Setting next_dagrun for example_external_task_marker_child to None, run_after=None
[2025-07-18T11:50:21.749-0500] {logging_mixin.py:188} INFO - [2025-07-18T11:50:21.749-0500] {dag.py:3954} INFO - Setting next_dagrun for example_external_task_marker_parent to None, run_after=None
[2025-07-18T11:50:21.771-0500] {processor.py:183} INFO - Processing /home/abhiram/jobtrak-stack/venv/lib/python3.12/site-packages/airflow/example_dags/example_external_task_marker_dag.py took 0.084 seconds
[2025-07-18T11:50:51.855-0500] {processor.py:161} INFO - Started process (PID=1227) to work on /home/abhiram/jobtrak-stack/venv/lib/python3.12/site-packages/airflow/example_dags/example_external_task_marker_dag.py
[2025-07-18T11:50:51.857-0500] {processor.py:830} INFO - Processing file /home/abhiram/jobtrak-stack/venv/lib/python3.12/site-packages/airflow/example_dags/example_external_task_marker_dag.py for tasks to queue
[2025-07-18T11:50:51.858-0500] {logging_mixin.py:188} INFO - [2025-07-18T11:50:51.857-0500] {dagbag.py:545} INFO - Filling up the DagBag from /home/abhiram/jobtrak-stack/venv/lib/python3.12/site-packages/airflow/example_dags/example_external_task_marker_dag.py
[2025-07-18T11:50:51.861-0500] {processor.py:840} INFO - DAG(s) 'example_external_task_marker_child', 'example_external_task_marker_parent' retrieved from /home/abhiram/jobtrak-stack/venv/lib/python3.12/site-packages/airflow/example_dags/example_external_task_marker_dag.py
[2025-07-18T11:50:51.889-0500] {logging_mixin.py:188} INFO - [2025-07-18T11:50:51.888-0500] {dag.py:3096} INFO - Sync 2 DAGs
[2025-07-18T11:50:51.897-0500] {logging_mixin.py:188} INFO - [2025-07-18T11:50:51.897-0500] {dag.py:3954} INFO - Setting next_dagrun for example_external_task_marker_child to None, run_after=None
[2025-07-18T11:50:51.899-0500] {logging_mixin.py:188} INFO - [2025-07-18T11:50:51.899-0500] {dag.py:3954} INFO - Setting next_dagrun for example_external_task_marker_parent to None, run_after=None
[2025-07-18T11:50:51.911-0500] {processor.py:183} INFO - Processing /home/abhiram/jobtrak-stack/venv/lib/python3.12/site-packages/airflow/example_dags/example_external_task_marker_dag.py took 0.060 seconds
[2025-07-18T11:51:22.010-0500] {processor.py:161} INFO - Started process (PID=1334) to work on /home/abhiram/jobtrak-stack/venv/lib/python3.12/site-packages/airflow/example_dags/example_external_task_marker_dag.py
[2025-07-18T11:51:22.010-0500] {processor.py:830} INFO - Processing file /home/abhiram/jobtrak-stack/venv/lib/python3.12/site-packages/airflow/example_dags/example_external_task_marker_dag.py for tasks to queue
[2025-07-18T11:51:22.012-0500] {logging_mixin.py:188} INFO - [2025-07-18T11:51:22.011-0500] {dagbag.py:545} INFO - Filling up the DagBag from /home/abhiram/jobtrak-stack/venv/lib/python3.12/site-packages/airflow/example_dags/example_external_task_marker_dag.py
[2025-07-18T11:51:22.016-0500] {processor.py:840} INFO - DAG(s) 'example_external_task_marker_parent', 'example_external_task_marker_child' retrieved from /home/abhiram/jobtrak-stack/venv/lib/python3.12/site-packages/airflow/example_dags/example_external_task_marker_dag.py
[2025-07-18T11:51:22.038-0500] {logging_mixin.py:188} INFO - [2025-07-18T11:51:22.038-0500] {dag.py:3096} INFO - Sync 2 DAGs
[2025-07-18T11:51:22.047-0500] {logging_mixin.py:188} INFO - [2025-07-18T11:51:22.046-0500] {dag.py:3954} INFO - Setting next_dagrun for example_external_task_marker_child to None, run_after=None
[2025-07-18T11:51:22.049-0500] {logging_mixin.py:188} INFO - [2025-07-18T11:51:22.049-0500] {dag.py:3954} INFO - Setting next_dagrun for example_external_task_marker_parent to None, run_after=None
[2025-07-18T11:51:22.061-0500] {processor.py:183} INFO - Processing /home/abhiram/jobtrak-stack/venv/lib/python3.12/site-packages/airflow/example_dags/example_external_task_marker_dag.py took 0.055 seconds
[2025-07-18T11:51:52.307-0500] {processor.py:161} INFO - Started process (PID=1440) to work on /home/abhiram/jobtrak-stack/venv/lib/python3.12/site-packages/airflow/example_dags/example_external_task_marker_dag.py
[2025-07-18T11:51:52.308-0500] {processor.py:830} INFO - Processing file /home/abhiram/jobtrak-stack/venv/lib/python3.12/site-packages/airflow/example_dags/example_external_task_marker_dag.py for tasks to queue
[2025-07-18T11:51:52.309-0500] {logging_mixin.py:188} INFO - [2025-07-18T11:51:52.309-0500] {dagbag.py:545} INFO - Filling up the DagBag from /home/abhiram/jobtrak-stack/venv/lib/python3.12/site-packages/airflow/example_dags/example_external_task_marker_dag.py
[2025-07-18T11:51:52.313-0500] {processor.py:840} INFO - DAG(s) 'example_external_task_marker_child', 'example_external_task_marker_parent' retrieved from /home/abhiram/jobtrak-stack/venv/lib/python3.12/site-packages/airflow/example_dags/example_external_task_marker_dag.py
[2025-07-18T11:51:52.334-0500] {logging_mixin.py:188} INFO - [2025-07-18T11:51:52.334-0500] {dag.py:3096} INFO - Sync 2 DAGs
[2025-07-18T11:51:52.344-0500] {logging_mixin.py:188} INFO - [2025-07-18T11:51:52.344-0500] {dag.py:3954} INFO - Setting next_dagrun for example_external_task_marker_child to None, run_after=None
[2025-07-18T11:51:52.346-0500] {logging_mixin.py:188} INFO - [2025-07-18T11:51:52.346-0500] {dag.py:3954} INFO - Setting next_dagrun for example_external_task_marker_parent to None, run_after=None
[2025-07-18T11:51:52.362-0500] {processor.py:183} INFO - Processing /home/abhiram/jobtrak-stack/venv/lib/python3.12/site-packages/airflow/example_dags/example_external_task_marker_dag.py took 0.058 seconds
