[2025-07-18T11:49:19.255-0500] {processor.py:161} INFO - Started process (PID=857) to work on /home/abhiram/jobtrak-stack/venv/lib/python3.12/site-packages/airflow/example_dags/example_short_circuit_decorator.py
[2025-07-18T11:49:19.255-0500] {processor.py:830} INFO - Processing file /home/abhiram/jobtrak-stack/venv/lib/python3.12/site-packages/airflow/example_dags/example_short_circuit_decorator.py for tasks to queue
[2025-07-18T11:49:19.256-0500] {logging_mixin.py:188} INFO - [2025-07-18T11:49:19.256-0500] {dagbag.py:545} INFO - Filling up the DagBag from /home/abhiram/jobtrak-stack/venv/lib/python3.12/site-packages/airflow/example_dags/example_short_circuit_decorator.py
[2025-07-18T11:49:19.262-0500] {processor.py:840} INFO - DAG(s) 'example_short_circuit_decorator' retrieved from /home/abhiram/jobtrak-stack/venv/lib/python3.12/site-packages/airflow/example_dags/example_short_circuit_decorator.py
[2025-07-18T11:49:19.273-0500] {logging_mixin.py:188} INFO - [2025-07-18T11:49:19.272-0500] {dag.py:3096} INFO - Sync 1 DAGs
[2025-07-18T11:49:19.287-0500] {logging_mixin.py:188} INFO - [2025-07-18T11:49:19.287-0500] {dag.py:3954} INFO - Setting next_dagrun for example_short_circuit_decorator to 2025-07-17 00:00:00+00:00, run_after=2025-07-18 00:00:00+00:00
[2025-07-18T11:49:19.302-0500] {processor.py:183} INFO - Processing /home/abhiram/jobtrak-stack/venv/lib/python3.12/site-packages/airflow/example_dags/example_short_circuit_decorator.py took 0.051 seconds
[2025-07-18T11:49:51.175-0500] {processor.py:161} INFO - Started process (PID=983) to work on /home/abhiram/jobtrak-stack/venv/lib/python3.12/site-packages/airflow/example_dags/example_short_circuit_decorator.py
[2025-07-18T11:49:51.176-0500] {processor.py:830} INFO - Processing file /home/abhiram/jobtrak-stack/venv/lib/python3.12/site-packages/airflow/example_dags/example_short_circuit_decorator.py for tasks to queue
[2025-07-18T11:49:51.177-0500] {logging_mixin.py:188} INFO - [2025-07-18T11:49:51.176-0500] {dagbag.py:545} INFO - Filling up the DagBag from /home/abhiram/jobtrak-stack/venv/lib/python3.12/site-packages/airflow/example_dags/example_short_circuit_decorator.py
[2025-07-18T11:49:51.182-0500] {processor.py:840} INFO - DAG(s) 'example_short_circuit_decorator' retrieved from /home/abhiram/jobtrak-stack/venv/lib/python3.12/site-packages/airflow/example_dags/example_short_circuit_decorator.py
[2025-07-18T11:49:51.247-0500] {logging_mixin.py:188} INFO - [2025-07-18T11:49:51.246-0500] {dag.py:3096} INFO - Sync 1 DAGs
[2025-07-18T11:49:51.258-0500] {logging_mixin.py:188} INFO - [2025-07-18T11:49:51.258-0500] {dag.py:3954} INFO - Setting next_dagrun for example_short_circuit_decorator to 2025-07-17 00:00:00+00:00, run_after=2025-07-18 00:00:00+00:00
[2025-07-18T11:49:51.272-0500] {processor.py:183} INFO - Processing /home/abhiram/jobtrak-stack/venv/lib/python3.12/site-packages/airflow/example_dags/example_short_circuit_decorator.py took 0.101 seconds
[2025-07-18T11:50:21.431-0500] {processor.py:161} INFO - Started process (PID=1106) to work on /home/abhiram/jobtrak-stack/venv/lib/python3.12/site-packages/airflow/example_dags/example_short_circuit_decorator.py
[2025-07-18T11:50:21.434-0500] {processor.py:830} INFO - Processing file /home/abhiram/jobtrak-stack/venv/lib/python3.12/site-packages/airflow/example_dags/example_short_circuit_decorator.py for tasks to queue
[2025-07-18T11:50:21.436-0500] {logging_mixin.py:188} INFO - [2025-07-18T11:50:21.435-0500] {dagbag.py:545} INFO - Filling up the DagBag from /home/abhiram/jobtrak-stack/venv/lib/python3.12/site-packages/airflow/example_dags/example_short_circuit_decorator.py
[2025-07-18T11:50:21.441-0500] {processor.py:840} INFO - DAG(s) 'example_short_circuit_decorator' retrieved from /home/abhiram/jobtrak-stack/venv/lib/python3.12/site-packages/airflow/example_dags/example_short_circuit_decorator.py
[2025-07-18T11:50:21.461-0500] {logging_mixin.py:188} INFO - [2025-07-18T11:50:21.461-0500] {dag.py:3096} INFO - Sync 1 DAGs
[2025-07-18T11:50:21.480-0500] {logging_mixin.py:188} INFO - [2025-07-18T11:50:21.480-0500] {dag.py:3954} INFO - Setting next_dagrun for example_short_circuit_decorator to 2025-07-17 00:00:00+00:00, run_after=2025-07-18 00:00:00+00:00
[2025-07-18T11:50:21.497-0500] {processor.py:183} INFO - Processing /home/abhiram/jobtrak-stack/venv/lib/python3.12/site-packages/airflow/example_dags/example_short_circuit_decorator.py took 0.073 seconds
[2025-07-18T11:50:51.583-0500] {processor.py:161} INFO - Started process (PID=1215) to work on /home/abhiram/jobtrak-stack/venv/lib/python3.12/site-packages/airflow/example_dags/example_short_circuit_decorator.py
[2025-07-18T11:50:51.583-0500] {processor.py:830} INFO - Processing file /home/abhiram/jobtrak-stack/venv/lib/python3.12/site-packages/airflow/example_dags/example_short_circuit_decorator.py for tasks to queue
[2025-07-18T11:50:51.585-0500] {logging_mixin.py:188} INFO - [2025-07-18T11:50:51.584-0500] {dagbag.py:545} INFO - Filling up the DagBag from /home/abhiram/jobtrak-stack/venv/lib/python3.12/site-packages/airflow/example_dags/example_short_circuit_decorator.py
[2025-07-18T11:50:51.595-0500] {processor.py:840} INFO - DAG(s) 'example_short_circuit_decorator' retrieved from /home/abhiram/jobtrak-stack/venv/lib/python3.12/site-packages/airflow/example_dags/example_short_circuit_decorator.py
[2025-07-18T11:50:51.618-0500] {logging_mixin.py:188} INFO - [2025-07-18T11:50:51.618-0500] {dag.py:3096} INFO - Sync 1 DAGs
[2025-07-18T11:50:51.632-0500] {logging_mixin.py:188} INFO - [2025-07-18T11:50:51.632-0500] {dag.py:3954} INFO - Setting next_dagrun for example_short_circuit_decorator to 2025-07-17 00:00:00+00:00, run_after=2025-07-18 00:00:00+00:00
[2025-07-18T11:50:51.656-0500] {processor.py:183} INFO - Processing /home/abhiram/jobtrak-stack/venv/lib/python3.12/site-packages/airflow/example_dags/example_short_circuit_decorator.py took 0.079 seconds
[2025-07-18T11:51:21.781-0500] {processor.py:161} INFO - Started process (PID=1323) to work on /home/abhiram/jobtrak-stack/venv/lib/python3.12/site-packages/airflow/example_dags/example_short_circuit_decorator.py
[2025-07-18T11:51:21.782-0500] {processor.py:830} INFO - Processing file /home/abhiram/jobtrak-stack/venv/lib/python3.12/site-packages/airflow/example_dags/example_short_circuit_decorator.py for tasks to queue
[2025-07-18T11:51:21.783-0500] {logging_mixin.py:188} INFO - [2025-07-18T11:51:21.783-0500] {dagbag.py:545} INFO - Filling up the DagBag from /home/abhiram/jobtrak-stack/venv/lib/python3.12/site-packages/airflow/example_dags/example_short_circuit_decorator.py
[2025-07-18T11:51:21.788-0500] {processor.py:840} INFO - DAG(s) 'example_short_circuit_decorator' retrieved from /home/abhiram/jobtrak-stack/venv/lib/python3.12/site-packages/airflow/example_dags/example_short_circuit_decorator.py
[2025-07-18T11:51:21.805-0500] {logging_mixin.py:188} INFO - [2025-07-18T11:51:21.805-0500] {dag.py:3096} INFO - Sync 1 DAGs
[2025-07-18T11:51:21.818-0500] {logging_mixin.py:188} INFO - [2025-07-18T11:51:21.818-0500] {dag.py:3954} INFO - Setting next_dagrun for example_short_circuit_decorator to 2025-07-17 00:00:00+00:00, run_after=2025-07-18 00:00:00+00:00
[2025-07-18T11:51:21.836-0500] {processor.py:183} INFO - Processing /home/abhiram/jobtrak-stack/venv/lib/python3.12/site-packages/airflow/example_dags/example_short_circuit_decorator.py took 0.058 seconds
[2025-07-18T11:51:52.101-0500] {processor.py:161} INFO - Started process (PID=1427) to work on /home/abhiram/jobtrak-stack/venv/lib/python3.12/site-packages/airflow/example_dags/example_short_circuit_decorator.py
[2025-07-18T11:51:52.102-0500] {processor.py:830} INFO - Processing file /home/abhiram/jobtrak-stack/venv/lib/python3.12/site-packages/airflow/example_dags/example_short_circuit_decorator.py for tasks to queue
[2025-07-18T11:51:52.103-0500] {logging_mixin.py:188} INFO - [2025-07-18T11:51:52.103-0500] {dagbag.py:545} INFO - Filling up the DagBag from /home/abhiram/jobtrak-stack/venv/lib/python3.12/site-packages/airflow/example_dags/example_short_circuit_decorator.py
[2025-07-18T11:51:52.109-0500] {processor.py:840} INFO - DAG(s) 'example_short_circuit_decorator' retrieved from /home/abhiram/jobtrak-stack/venv/lib/python3.12/site-packages/airflow/example_dags/example_short_circuit_decorator.py
[2025-07-18T11:51:52.131-0500] {logging_mixin.py:188} INFO - [2025-07-18T11:51:52.131-0500] {dag.py:3096} INFO - Sync 1 DAGs
[2025-07-18T11:51:52.146-0500] {logging_mixin.py:188} INFO - [2025-07-18T11:51:52.146-0500] {dag.py:3954} INFO - Setting next_dagrun for example_short_circuit_decorator to 2025-07-17 00:00:00+00:00, run_after=2025-07-18 00:00:00+00:00
[2025-07-18T11:51:52.161-0500] {processor.py:183} INFO - Processing /home/abhiram/jobtrak-stack/venv/lib/python3.12/site-packages/airflow/example_dags/example_short_circuit_decorator.py took 0.063 seconds
[2025-07-18T12:32:16.576-0500] {processor.py:161} INFO - Started process (PID=1969) to work on /home/abhiram/jobtrak-stack/venv/lib/python3.12/site-packages/airflow/example_dags/example_short_circuit_decorator.py
[2025-07-18T12:32:16.578-0500] {processor.py:830} INFO - Processing file /home/abhiram/jobtrak-stack/venv/lib/python3.12/site-packages/airflow/example_dags/example_short_circuit_decorator.py for tasks to queue
[2025-07-18T12:32:16.579-0500] {logging_mixin.py:188} INFO - [2025-07-18T12:32:16.579-0500] {dagbag.py:545} INFO - Filling up the DagBag from /home/abhiram/jobtrak-stack/venv/lib/python3.12/site-packages/airflow/example_dags/example_short_circuit_decorator.py
[2025-07-18T12:32:16.584-0500] {processor.py:840} INFO - DAG(s) 'example_short_circuit_decorator' retrieved from /home/abhiram/jobtrak-stack/venv/lib/python3.12/site-packages/airflow/example_dags/example_short_circuit_decorator.py
[2025-07-18T12:32:16.608-0500] {logging_mixin.py:188} INFO - [2025-07-18T12:32:16.608-0500] {dag.py:3096} INFO - Sync 1 DAGs
[2025-07-18T12:32:16.623-0500] {logging_mixin.py:188} INFO - [2025-07-18T12:32:16.623-0500] {dag.py:3954} INFO - Setting next_dagrun for example_short_circuit_decorator to 2025-07-17 00:00:00+00:00, run_after=2025-07-18 00:00:00+00:00
[2025-07-18T12:32:16.639-0500] {processor.py:183} INFO - Processing /home/abhiram/jobtrak-stack/venv/lib/python3.12/site-packages/airflow/example_dags/example_short_circuit_decorator.py took 0.066 seconds
[2025-07-18T12:32:46.904-0500] {processor.py:161} INFO - Started process (PID=2098) to work on /home/abhiram/jobtrak-stack/venv/lib/python3.12/site-packages/airflow/example_dags/example_short_circuit_decorator.py
[2025-07-18T12:32:46.904-0500] {processor.py:830} INFO - Processing file /home/abhiram/jobtrak-stack/venv/lib/python3.12/site-packages/airflow/example_dags/example_short_circuit_decorator.py for tasks to queue
[2025-07-18T12:32:46.905-0500] {logging_mixin.py:188} INFO - [2025-07-18T12:32:46.905-0500] {dagbag.py:545} INFO - Filling up the DagBag from /home/abhiram/jobtrak-stack/venv/lib/python3.12/site-packages/airflow/example_dags/example_short_circuit_decorator.py
[2025-07-18T12:32:46.910-0500] {processor.py:840} INFO - DAG(s) 'example_short_circuit_decorator' retrieved from /home/abhiram/jobtrak-stack/venv/lib/python3.12/site-packages/airflow/example_dags/example_short_circuit_decorator.py
[2025-07-18T12:32:46.929-0500] {logging_mixin.py:188} INFO - [2025-07-18T12:32:46.929-0500] {dag.py:3096} INFO - Sync 1 DAGs
[2025-07-18T12:32:46.946-0500] {logging_mixin.py:188} INFO - [2025-07-18T12:32:46.946-0500] {dag.py:3954} INFO - Setting next_dagrun for example_short_circuit_decorator to 2025-07-17 00:00:00+00:00, run_after=2025-07-18 00:00:00+00:00
[2025-07-18T12:32:46.960-0500] {processor.py:183} INFO - Processing /home/abhiram/jobtrak-stack/venv/lib/python3.12/site-packages/airflow/example_dags/example_short_circuit_decorator.py took 0.060 seconds
[2025-07-18T12:33:17.157-0500] {processor.py:161} INFO - Started process (PID=2216) to work on /home/abhiram/jobtrak-stack/venv/lib/python3.12/site-packages/airflow/example_dags/example_short_circuit_decorator.py
[2025-07-18T12:33:17.158-0500] {processor.py:830} INFO - Processing file /home/abhiram/jobtrak-stack/venv/lib/python3.12/site-packages/airflow/example_dags/example_short_circuit_decorator.py for tasks to queue
[2025-07-18T12:33:17.159-0500] {logging_mixin.py:188} INFO - [2025-07-18T12:33:17.159-0500] {dagbag.py:545} INFO - Filling up the DagBag from /home/abhiram/jobtrak-stack/venv/lib/python3.12/site-packages/airflow/example_dags/example_short_circuit_decorator.py
[2025-07-18T12:33:17.164-0500] {processor.py:840} INFO - DAG(s) 'example_short_circuit_decorator' retrieved from /home/abhiram/jobtrak-stack/venv/lib/python3.12/site-packages/airflow/example_dags/example_short_circuit_decorator.py
[2025-07-18T12:33:17.182-0500] {logging_mixin.py:188} INFO - [2025-07-18T12:33:17.182-0500] {dag.py:3096} INFO - Sync 1 DAGs
[2025-07-18T12:33:17.196-0500] {logging_mixin.py:188} INFO - [2025-07-18T12:33:17.196-0500] {dag.py:3954} INFO - Setting next_dagrun for example_short_circuit_decorator to 2025-07-17 00:00:00+00:00, run_after=2025-07-18 00:00:00+00:00
[2025-07-18T12:33:17.210-0500] {processor.py:183} INFO - Processing /home/abhiram/jobtrak-stack/venv/lib/python3.12/site-packages/airflow/example_dags/example_short_circuit_decorator.py took 0.057 seconds
[2025-07-18T12:33:47.462-0500] {processor.py:161} INFO - Started process (PID=2331) to work on /home/abhiram/jobtrak-stack/venv/lib/python3.12/site-packages/airflow/example_dags/example_short_circuit_decorator.py
[2025-07-18T12:33:47.463-0500] {processor.py:830} INFO - Processing file /home/abhiram/jobtrak-stack/venv/lib/python3.12/site-packages/airflow/example_dags/example_short_circuit_decorator.py for tasks to queue
[2025-07-18T12:33:47.464-0500] {logging_mixin.py:188} INFO - [2025-07-18T12:33:47.464-0500] {dagbag.py:545} INFO - Filling up the DagBag from /home/abhiram/jobtrak-stack/venv/lib/python3.12/site-packages/airflow/example_dags/example_short_circuit_decorator.py
[2025-07-18T12:33:47.469-0500] {processor.py:840} INFO - DAG(s) 'example_short_circuit_decorator' retrieved from /home/abhiram/jobtrak-stack/venv/lib/python3.12/site-packages/airflow/example_dags/example_short_circuit_decorator.py
[2025-07-18T12:33:47.486-0500] {logging_mixin.py:188} INFO - [2025-07-18T12:33:47.486-0500] {dag.py:3096} INFO - Sync 1 DAGs
[2025-07-18T12:33:47.499-0500] {logging_mixin.py:188} INFO - [2025-07-18T12:33:47.499-0500] {dag.py:3954} INFO - Setting next_dagrun for example_short_circuit_decorator to 2025-07-17 00:00:00+00:00, run_after=2025-07-18 00:00:00+00:00
[2025-07-18T12:33:47.511-0500] {processor.py:183} INFO - Processing /home/abhiram/jobtrak-stack/venv/lib/python3.12/site-packages/airflow/example_dags/example_short_circuit_decorator.py took 0.053 seconds
[2025-07-18T12:34:17.923-0500] {processor.py:161} INFO - Started process (PID=2436) to work on /home/abhiram/jobtrak-stack/venv/lib/python3.12/site-packages/airflow/example_dags/example_short_circuit_decorator.py
[2025-07-18T12:34:17.924-0500] {processor.py:830} INFO - Processing file /home/abhiram/jobtrak-stack/venv/lib/python3.12/site-packages/airflow/example_dags/example_short_circuit_decorator.py for tasks to queue
[2025-07-18T12:34:17.925-0500] {logging_mixin.py:188} INFO - [2025-07-18T12:34:17.925-0500] {dagbag.py:545} INFO - Filling up the DagBag from /home/abhiram/jobtrak-stack/venv/lib/python3.12/site-packages/airflow/example_dags/example_short_circuit_decorator.py
[2025-07-18T12:34:17.932-0500] {processor.py:840} INFO - DAG(s) 'example_short_circuit_decorator' retrieved from /home/abhiram/jobtrak-stack/venv/lib/python3.12/site-packages/airflow/example_dags/example_short_circuit_decorator.py
[2025-07-18T12:34:17.953-0500] {logging_mixin.py:188} INFO - [2025-07-18T12:34:17.952-0500] {dag.py:3096} INFO - Sync 1 DAGs
[2025-07-18T12:34:17.973-0500] {logging_mixin.py:188} INFO - [2025-07-18T12:34:17.973-0500] {dag.py:3954} INFO - Setting next_dagrun for example_short_circuit_decorator to 2025-07-17 00:00:00+00:00, run_after=2025-07-18 00:00:00+00:00
[2025-07-18T12:34:17.987-0500] {processor.py:183} INFO - Processing /home/abhiram/jobtrak-stack/venv/lib/python3.12/site-packages/airflow/example_dags/example_short_circuit_decorator.py took 0.069 seconds
[2025-07-18T12:34:48.321-0500] {processor.py:161} INFO - Started process (PID=2545) to work on /home/abhiram/jobtrak-stack/venv/lib/python3.12/site-packages/airflow/example_dags/example_short_circuit_decorator.py
[2025-07-18T12:34:48.321-0500] {processor.py:830} INFO - Processing file /home/abhiram/jobtrak-stack/venv/lib/python3.12/site-packages/airflow/example_dags/example_short_circuit_decorator.py for tasks to queue
[2025-07-18T12:34:48.322-0500] {logging_mixin.py:188} INFO - [2025-07-18T12:34:48.322-0500] {dagbag.py:545} INFO - Filling up the DagBag from /home/abhiram/jobtrak-stack/venv/lib/python3.12/site-packages/airflow/example_dags/example_short_circuit_decorator.py
[2025-07-18T12:34:48.328-0500] {processor.py:840} INFO - DAG(s) 'example_short_circuit_decorator' retrieved from /home/abhiram/jobtrak-stack/venv/lib/python3.12/site-packages/airflow/example_dags/example_short_circuit_decorator.py
[2025-07-18T12:34:48.358-0500] {logging_mixin.py:188} INFO - [2025-07-18T12:34:48.358-0500] {dag.py:3096} INFO - Sync 1 DAGs
[2025-07-18T12:34:48.372-0500] {logging_mixin.py:188} INFO - [2025-07-18T12:34:48.372-0500] {dag.py:3954} INFO - Setting next_dagrun for example_short_circuit_decorator to 2025-07-17 00:00:00+00:00, run_after=2025-07-18 00:00:00+00:00
[2025-07-18T12:34:48.387-0500] {processor.py:183} INFO - Processing /home/abhiram/jobtrak-stack/venv/lib/python3.12/site-packages/airflow/example_dags/example_short_circuit_decorator.py took 0.070 seconds
[2025-07-18T12:35:19.521-0500] {processor.py:161} INFO - Started process (PID=2655) to work on /home/abhiram/jobtrak-stack/venv/lib/python3.12/site-packages/airflow/example_dags/example_short_circuit_decorator.py
[2025-07-18T12:35:19.523-0500] {processor.py:830} INFO - Processing file /home/abhiram/jobtrak-stack/venv/lib/python3.12/site-packages/airflow/example_dags/example_short_circuit_decorator.py for tasks to queue
[2025-07-18T12:35:19.524-0500] {logging_mixin.py:188} INFO - [2025-07-18T12:35:19.523-0500] {dagbag.py:545} INFO - Filling up the DagBag from /home/abhiram/jobtrak-stack/venv/lib/python3.12/site-packages/airflow/example_dags/example_short_circuit_decorator.py
[2025-07-18T12:35:19.529-0500] {processor.py:840} INFO - DAG(s) 'example_short_circuit_decorator' retrieved from /home/abhiram/jobtrak-stack/venv/lib/python3.12/site-packages/airflow/example_dags/example_short_circuit_decorator.py
[2025-07-18T12:35:19.547-0500] {logging_mixin.py:188} INFO - [2025-07-18T12:35:19.547-0500] {dag.py:3096} INFO - Sync 1 DAGs
[2025-07-18T12:35:19.561-0500] {logging_mixin.py:188} INFO - [2025-07-18T12:35:19.561-0500] {dag.py:3954} INFO - Setting next_dagrun for example_short_circuit_decorator to 2025-07-17 00:00:00+00:00, run_after=2025-07-18 00:00:00+00:00
[2025-07-18T12:35:19.574-0500] {processor.py:183} INFO - Processing /home/abhiram/jobtrak-stack/venv/lib/python3.12/site-packages/airflow/example_dags/example_short_circuit_decorator.py took 0.060 seconds
[2025-07-18T12:35:50.082-0500] {processor.py:161} INFO - Started process (PID=2760) to work on /home/abhiram/jobtrak-stack/venv/lib/python3.12/site-packages/airflow/example_dags/example_short_circuit_decorator.py
[2025-07-18T12:35:50.082-0500] {processor.py:830} INFO - Processing file /home/abhiram/jobtrak-stack/venv/lib/python3.12/site-packages/airflow/example_dags/example_short_circuit_decorator.py for tasks to queue
[2025-07-18T12:35:50.083-0500] {logging_mixin.py:188} INFO - [2025-07-18T12:35:50.083-0500] {dagbag.py:545} INFO - Filling up the DagBag from /home/abhiram/jobtrak-stack/venv/lib/python3.12/site-packages/airflow/example_dags/example_short_circuit_decorator.py
[2025-07-18T12:35:50.089-0500] {processor.py:840} INFO - DAG(s) 'example_short_circuit_decorator' retrieved from /home/abhiram/jobtrak-stack/venv/lib/python3.12/site-packages/airflow/example_dags/example_short_circuit_decorator.py
[2025-07-18T12:35:50.108-0500] {logging_mixin.py:188} INFO - [2025-07-18T12:35:50.108-0500] {dag.py:3096} INFO - Sync 1 DAGs
[2025-07-18T12:35:50.129-0500] {logging_mixin.py:188} INFO - [2025-07-18T12:35:50.128-0500] {dag.py:3954} INFO - Setting next_dagrun for example_short_circuit_decorator to 2025-07-17 00:00:00+00:00, run_after=2025-07-18 00:00:00+00:00
[2025-07-18T12:35:50.143-0500] {processor.py:183} INFO - Processing /home/abhiram/jobtrak-stack/venv/lib/python3.12/site-packages/airflow/example_dags/example_short_circuit_decorator.py took 0.065 seconds
[2025-07-18T12:36:20.849-0500] {processor.py:161} INFO - Started process (PID=2867) to work on /home/abhiram/jobtrak-stack/venv/lib/python3.12/site-packages/airflow/example_dags/example_short_circuit_decorator.py
[2025-07-18T12:36:20.851-0500] {processor.py:830} INFO - Processing file /home/abhiram/jobtrak-stack/venv/lib/python3.12/site-packages/airflow/example_dags/example_short_circuit_decorator.py for tasks to queue
[2025-07-18T12:36:20.852-0500] {logging_mixin.py:188} INFO - [2025-07-18T12:36:20.852-0500] {dagbag.py:545} INFO - Filling up the DagBag from /home/abhiram/jobtrak-stack/venv/lib/python3.12/site-packages/airflow/example_dags/example_short_circuit_decorator.py
[2025-07-18T12:36:20.858-0500] {processor.py:840} INFO - DAG(s) 'example_short_circuit_decorator' retrieved from /home/abhiram/jobtrak-stack/venv/lib/python3.12/site-packages/airflow/example_dags/example_short_circuit_decorator.py
[2025-07-18T12:36:20.876-0500] {logging_mixin.py:188} INFO - [2025-07-18T12:36:20.876-0500] {dag.py:3096} INFO - Sync 1 DAGs
[2025-07-18T12:36:20.890-0500] {logging_mixin.py:188} INFO - [2025-07-18T12:36:20.890-0500] {dag.py:3954} INFO - Setting next_dagrun for example_short_circuit_decorator to 2025-07-17 00:00:00+00:00, run_after=2025-07-18 00:00:00+00:00
[2025-07-18T12:36:20.905-0500] {processor.py:183} INFO - Processing /home/abhiram/jobtrak-stack/venv/lib/python3.12/site-packages/airflow/example_dags/example_short_circuit_decorator.py took 0.059 seconds
[2025-07-18T12:36:51.044-0500] {processor.py:161} INFO - Started process (PID=2982) to work on /home/abhiram/jobtrak-stack/venv/lib/python3.12/site-packages/airflow/example_dags/example_short_circuit_decorator.py
[2025-07-18T12:36:51.044-0500] {processor.py:830} INFO - Processing file /home/abhiram/jobtrak-stack/venv/lib/python3.12/site-packages/airflow/example_dags/example_short_circuit_decorator.py for tasks to queue
[2025-07-18T12:36:51.045-0500] {logging_mixin.py:188} INFO - [2025-07-18T12:36:51.045-0500] {dagbag.py:545} INFO - Filling up the DagBag from /home/abhiram/jobtrak-stack/venv/lib/python3.12/site-packages/airflow/example_dags/example_short_circuit_decorator.py
[2025-07-18T12:36:51.051-0500] {processor.py:840} INFO - DAG(s) 'example_short_circuit_decorator' retrieved from /home/abhiram/jobtrak-stack/venv/lib/python3.12/site-packages/airflow/example_dags/example_short_circuit_decorator.py
[2025-07-18T12:36:51.069-0500] {logging_mixin.py:188} INFO - [2025-07-18T12:36:51.068-0500] {dag.py:3096} INFO - Sync 1 DAGs
[2025-07-18T12:36:51.084-0500] {logging_mixin.py:188} INFO - [2025-07-18T12:36:51.084-0500] {dag.py:3954} INFO - Setting next_dagrun for example_short_circuit_decorator to 2025-07-17 00:00:00+00:00, run_after=2025-07-18 00:00:00+00:00
[2025-07-18T12:36:51.099-0500] {processor.py:183} INFO - Processing /home/abhiram/jobtrak-stack/venv/lib/python3.12/site-packages/airflow/example_dags/example_short_circuit_decorator.py took 0.059 seconds
[2025-07-18T12:37:22.490-0500] {processor.py:161} INFO - Started process (PID=3201) to work on /home/abhiram/jobtrak-stack/venv/lib/python3.12/site-packages/airflow/example_dags/example_short_circuit_decorator.py
[2025-07-18T12:37:22.492-0500] {processor.py:830} INFO - Processing file /home/abhiram/jobtrak-stack/venv/lib/python3.12/site-packages/airflow/example_dags/example_short_circuit_decorator.py for tasks to queue
[2025-07-18T12:37:22.493-0500] {logging_mixin.py:188} INFO - [2025-07-18T12:37:22.493-0500] {dagbag.py:545} INFO - Filling up the DagBag from /home/abhiram/jobtrak-stack/venv/lib/python3.12/site-packages/airflow/example_dags/example_short_circuit_decorator.py
[2025-07-18T12:37:22.499-0500] {processor.py:840} INFO - DAG(s) 'example_short_circuit_decorator' retrieved from /home/abhiram/jobtrak-stack/venv/lib/python3.12/site-packages/airflow/example_dags/example_short_circuit_decorator.py
[2025-07-18T12:37:22.519-0500] {logging_mixin.py:188} INFO - [2025-07-18T12:37:22.519-0500] {dag.py:3096} INFO - Sync 1 DAGs
[2025-07-18T12:37:22.534-0500] {logging_mixin.py:188} INFO - [2025-07-18T12:37:22.534-0500] {dag.py:3954} INFO - Setting next_dagrun for example_short_circuit_decorator to 2025-07-17 00:00:00+00:00, run_after=2025-07-18 00:00:00+00:00
[2025-07-18T12:37:22.552-0500] {processor.py:183} INFO - Processing /home/abhiram/jobtrak-stack/venv/lib/python3.12/site-packages/airflow/example_dags/example_short_circuit_decorator.py took 0.065 seconds
[2025-07-18T12:37:52.753-0500] {processor.py:161} INFO - Started process (PID=3307) to work on /home/abhiram/jobtrak-stack/venv/lib/python3.12/site-packages/airflow/example_dags/example_short_circuit_decorator.py
[2025-07-18T12:37:52.753-0500] {processor.py:830} INFO - Processing file /home/abhiram/jobtrak-stack/venv/lib/python3.12/site-packages/airflow/example_dags/example_short_circuit_decorator.py for tasks to queue
[2025-07-18T12:37:52.754-0500] {logging_mixin.py:188} INFO - [2025-07-18T12:37:52.754-0500] {dagbag.py:545} INFO - Filling up the DagBag from /home/abhiram/jobtrak-stack/venv/lib/python3.12/site-packages/airflow/example_dags/example_short_circuit_decorator.py
[2025-07-18T12:37:52.760-0500] {processor.py:840} INFO - DAG(s) 'example_short_circuit_decorator' retrieved from /home/abhiram/jobtrak-stack/venv/lib/python3.12/site-packages/airflow/example_dags/example_short_circuit_decorator.py
[2025-07-18T12:37:52.781-0500] {logging_mixin.py:188} INFO - [2025-07-18T12:37:52.780-0500] {dag.py:3096} INFO - Sync 1 DAGs
[2025-07-18T12:37:52.795-0500] {logging_mixin.py:188} INFO - [2025-07-18T12:37:52.794-0500] {dag.py:3954} INFO - Setting next_dagrun for example_short_circuit_decorator to 2025-07-17 00:00:00+00:00, run_after=2025-07-18 00:00:00+00:00
[2025-07-18T12:37:52.813-0500] {processor.py:183} INFO - Processing /home/abhiram/jobtrak-stack/venv/lib/python3.12/site-packages/airflow/example_dags/example_short_circuit_decorator.py took 0.065 seconds
[2025-07-18T12:38:23.192-0500] {processor.py:161} INFO - Started process (PID=3414) to work on /home/abhiram/jobtrak-stack/venv/lib/python3.12/site-packages/airflow/example_dags/example_short_circuit_decorator.py
[2025-07-18T12:38:23.194-0500] {processor.py:830} INFO - Processing file /home/abhiram/jobtrak-stack/venv/lib/python3.12/site-packages/airflow/example_dags/example_short_circuit_decorator.py for tasks to queue
[2025-07-18T12:38:23.195-0500] {logging_mixin.py:188} INFO - [2025-07-18T12:38:23.194-0500] {dagbag.py:545} INFO - Filling up the DagBag from /home/abhiram/jobtrak-stack/venv/lib/python3.12/site-packages/airflow/example_dags/example_short_circuit_decorator.py
[2025-07-18T12:38:23.200-0500] {processor.py:840} INFO - DAG(s) 'example_short_circuit_decorator' retrieved from /home/abhiram/jobtrak-stack/venv/lib/python3.12/site-packages/airflow/example_dags/example_short_circuit_decorator.py
[2025-07-18T12:38:23.218-0500] {logging_mixin.py:188} INFO - [2025-07-18T12:38:23.218-0500] {dag.py:3096} INFO - Sync 1 DAGs
[2025-07-18T12:38:23.231-0500] {logging_mixin.py:188} INFO - [2025-07-18T12:38:23.231-0500] {dag.py:3954} INFO - Setting next_dagrun for example_short_circuit_decorator to 2025-07-17 00:00:00+00:00, run_after=2025-07-18 00:00:00+00:00
[2025-07-18T12:38:23.245-0500] {processor.py:183} INFO - Processing /home/abhiram/jobtrak-stack/venv/lib/python3.12/site-packages/airflow/example_dags/example_short_circuit_decorator.py took 0.057 seconds
[2025-07-18T12:38:53.631-0500] {processor.py:161} INFO - Started process (PID=3523) to work on /home/abhiram/jobtrak-stack/venv/lib/python3.12/site-packages/airflow/example_dags/example_short_circuit_decorator.py
[2025-07-18T12:38:53.633-0500] {processor.py:830} INFO - Processing file /home/abhiram/jobtrak-stack/venv/lib/python3.12/site-packages/airflow/example_dags/example_short_circuit_decorator.py for tasks to queue
[2025-07-18T12:38:53.634-0500] {logging_mixin.py:188} INFO - [2025-07-18T12:38:53.633-0500] {dagbag.py:545} INFO - Filling up the DagBag from /home/abhiram/jobtrak-stack/venv/lib/python3.12/site-packages/airflow/example_dags/example_short_circuit_decorator.py
[2025-07-18T12:38:53.639-0500] {processor.py:840} INFO - DAG(s) 'example_short_circuit_decorator' retrieved from /home/abhiram/jobtrak-stack/venv/lib/python3.12/site-packages/airflow/example_dags/example_short_circuit_decorator.py
[2025-07-18T12:38:53.662-0500] {logging_mixin.py:188} INFO - [2025-07-18T12:38:53.661-0500] {dag.py:3096} INFO - Sync 1 DAGs
[2025-07-18T12:38:53.677-0500] {logging_mixin.py:188} INFO - [2025-07-18T12:38:53.677-0500] {dag.py:3954} INFO - Setting next_dagrun for example_short_circuit_decorator to 2025-07-17 00:00:00+00:00, run_after=2025-07-18 00:00:00+00:00
[2025-07-18T12:38:53.694-0500] {processor.py:183} INFO - Processing /home/abhiram/jobtrak-stack/venv/lib/python3.12/site-packages/airflow/example_dags/example_short_circuit_decorator.py took 0.069 seconds
[2025-07-18T12:39:23.749-0500] {processor.py:161} INFO - Started process (PID=3628) to work on /home/abhiram/jobtrak-stack/venv/lib/python3.12/site-packages/airflow/example_dags/example_short_circuit_decorator.py
[2025-07-18T12:39:23.751-0500] {processor.py:830} INFO - Processing file /home/abhiram/jobtrak-stack/venv/lib/python3.12/site-packages/airflow/example_dags/example_short_circuit_decorator.py for tasks to queue
[2025-07-18T12:39:23.752-0500] {logging_mixin.py:188} INFO - [2025-07-18T12:39:23.752-0500] {dagbag.py:545} INFO - Filling up the DagBag from /home/abhiram/jobtrak-stack/venv/lib/python3.12/site-packages/airflow/example_dags/example_short_circuit_decorator.py
[2025-07-18T12:39:23.758-0500] {processor.py:840} INFO - DAG(s) 'example_short_circuit_decorator' retrieved from /home/abhiram/jobtrak-stack/venv/lib/python3.12/site-packages/airflow/example_dags/example_short_circuit_decorator.py
[2025-07-18T12:39:23.776-0500] {logging_mixin.py:188} INFO - [2025-07-18T12:39:23.775-0500] {dag.py:3096} INFO - Sync 1 DAGs
[2025-07-18T12:39:23.789-0500] {logging_mixin.py:188} INFO - [2025-07-18T12:39:23.789-0500] {dag.py:3954} INFO - Setting next_dagrun for example_short_circuit_decorator to 2025-07-17 00:00:00+00:00, run_after=2025-07-18 00:00:00+00:00
[2025-07-18T12:39:23.803-0500] {processor.py:183} INFO - Processing /home/abhiram/jobtrak-stack/venv/lib/python3.12/site-packages/airflow/example_dags/example_short_circuit_decorator.py took 0.058 seconds
[2025-07-18T12:39:53.924-0500] {processor.py:161} INFO - Started process (PID=3736) to work on /home/abhiram/jobtrak-stack/venv/lib/python3.12/site-packages/airflow/example_dags/example_short_circuit_decorator.py
[2025-07-18T12:39:53.924-0500] {processor.py:830} INFO - Processing file /home/abhiram/jobtrak-stack/venv/lib/python3.12/site-packages/airflow/example_dags/example_short_circuit_decorator.py for tasks to queue
[2025-07-18T12:39:53.925-0500] {logging_mixin.py:188} INFO - [2025-07-18T12:39:53.925-0500] {dagbag.py:545} INFO - Filling up the DagBag from /home/abhiram/jobtrak-stack/venv/lib/python3.12/site-packages/airflow/example_dags/example_short_circuit_decorator.py
[2025-07-18T12:39:53.930-0500] {processor.py:840} INFO - DAG(s) 'example_short_circuit_decorator' retrieved from /home/abhiram/jobtrak-stack/venv/lib/python3.12/site-packages/airflow/example_dags/example_short_circuit_decorator.py
[2025-07-18T12:39:53.948-0500] {logging_mixin.py:188} INFO - [2025-07-18T12:39:53.948-0500] {dag.py:3096} INFO - Sync 1 DAGs
[2025-07-18T12:39:53.964-0500] {logging_mixin.py:188} INFO - [2025-07-18T12:39:53.964-0500] {dag.py:3954} INFO - Setting next_dagrun for example_short_circuit_decorator to 2025-07-17 00:00:00+00:00, run_after=2025-07-18 00:00:00+00:00
[2025-07-18T12:39:53.979-0500] {processor.py:183} INFO - Processing /home/abhiram/jobtrak-stack/venv/lib/python3.12/site-packages/airflow/example_dags/example_short_circuit_decorator.py took 0.059 seconds
[2025-07-18T12:40:32.455-0500] {processor.py:161} INFO - Started process (PID=3927) to work on /home/abhiram/jobtrak-stack/venv/lib/python3.12/site-packages/airflow/example_dags/example_short_circuit_decorator.py
[2025-07-18T12:40:32.456-0500] {processor.py:830} INFO - Processing file /home/abhiram/jobtrak-stack/venv/lib/python3.12/site-packages/airflow/example_dags/example_short_circuit_decorator.py for tasks to queue
[2025-07-18T12:40:32.457-0500] {logging_mixin.py:188} INFO - [2025-07-18T12:40:32.457-0500] {dagbag.py:545} INFO - Filling up the DagBag from /home/abhiram/jobtrak-stack/venv/lib/python3.12/site-packages/airflow/example_dags/example_short_circuit_decorator.py
[2025-07-18T12:40:32.463-0500] {processor.py:840} INFO - DAG(s) 'example_short_circuit_decorator' retrieved from /home/abhiram/jobtrak-stack/venv/lib/python3.12/site-packages/airflow/example_dags/example_short_circuit_decorator.py
[2025-07-18T12:40:32.489-0500] {logging_mixin.py:188} INFO - [2025-07-18T12:40:32.489-0500] {dag.py:3096} INFO - Sync 1 DAGs
[2025-07-18T12:40:32.503-0500] {logging_mixin.py:188} INFO - [2025-07-18T12:40:32.503-0500] {dag.py:3954} INFO - Setting next_dagrun for example_short_circuit_decorator to 2025-07-17 00:00:00+00:00, run_after=2025-07-18 00:00:00+00:00
[2025-07-18T12:40:32.520-0500] {processor.py:183} INFO - Processing /home/abhiram/jobtrak-stack/venv/lib/python3.12/site-packages/airflow/example_dags/example_short_circuit_decorator.py took 0.069 seconds
[2025-07-18T12:41:02.949-0500] {processor.py:161} INFO - Started process (PID=4051) to work on /home/abhiram/jobtrak-stack/venv/lib/python3.12/site-packages/airflow/example_dags/example_short_circuit_decorator.py
[2025-07-18T12:41:02.949-0500] {processor.py:830} INFO - Processing file /home/abhiram/jobtrak-stack/venv/lib/python3.12/site-packages/airflow/example_dags/example_short_circuit_decorator.py for tasks to queue
[2025-07-18T12:41:02.950-0500] {logging_mixin.py:188} INFO - [2025-07-18T12:41:02.950-0500] {dagbag.py:545} INFO - Filling up the DagBag from /home/abhiram/jobtrak-stack/venv/lib/python3.12/site-packages/airflow/example_dags/example_short_circuit_decorator.py
[2025-07-18T12:41:02.956-0500] {processor.py:840} INFO - DAG(s) 'example_short_circuit_decorator' retrieved from /home/abhiram/jobtrak-stack/venv/lib/python3.12/site-packages/airflow/example_dags/example_short_circuit_decorator.py
[2025-07-18T12:41:02.975-0500] {logging_mixin.py:188} INFO - [2025-07-18T12:41:02.975-0500] {dag.py:3096} INFO - Sync 1 DAGs
[2025-07-18T12:41:02.989-0500] {logging_mixin.py:188} INFO - [2025-07-18T12:41:02.989-0500] {dag.py:3954} INFO - Setting next_dagrun for example_short_circuit_decorator to 2025-07-17 00:00:00+00:00, run_after=2025-07-18 00:00:00+00:00
[2025-07-18T12:41:03.003-0500] {processor.py:183} INFO - Processing /home/abhiram/jobtrak-stack/venv/lib/python3.12/site-packages/airflow/example_dags/example_short_circuit_decorator.py took 0.057 seconds
[2025-07-18T12:41:33.501-0500] {processor.py:161} INFO - Started process (PID=4215) to work on /home/abhiram/jobtrak-stack/venv/lib/python3.12/site-packages/airflow/example_dags/example_short_circuit_decorator.py
[2025-07-18T12:41:33.503-0500] {processor.py:830} INFO - Processing file /home/abhiram/jobtrak-stack/venv/lib/python3.12/site-packages/airflow/example_dags/example_short_circuit_decorator.py for tasks to queue
[2025-07-18T12:41:33.504-0500] {logging_mixin.py:188} INFO - [2025-07-18T12:41:33.504-0500] {dagbag.py:545} INFO - Filling up the DagBag from /home/abhiram/jobtrak-stack/venv/lib/python3.12/site-packages/airflow/example_dags/example_short_circuit_decorator.py
[2025-07-18T12:41:33.509-0500] {processor.py:840} INFO - DAG(s) 'example_short_circuit_decorator' retrieved from /home/abhiram/jobtrak-stack/venv/lib/python3.12/site-packages/airflow/example_dags/example_short_circuit_decorator.py
[2025-07-18T12:41:33.529-0500] {logging_mixin.py:188} INFO - [2025-07-18T12:41:33.529-0500] {dag.py:3096} INFO - Sync 1 DAGs
[2025-07-18T12:41:33.544-0500] {logging_mixin.py:188} INFO - [2025-07-18T12:41:33.544-0500] {dag.py:3954} INFO - Setting next_dagrun for example_short_circuit_decorator to 2025-07-17 00:00:00+00:00, run_after=2025-07-18 00:00:00+00:00
[2025-07-18T12:41:33.558-0500] {processor.py:183} INFO - Processing /home/abhiram/jobtrak-stack/venv/lib/python3.12/site-packages/airflow/example_dags/example_short_circuit_decorator.py took 0.061 seconds
[2025-07-18T12:42:04.015-0500] {processor.py:161} INFO - Started process (PID=4323) to work on /home/abhiram/jobtrak-stack/venv/lib/python3.12/site-packages/airflow/example_dags/example_short_circuit_decorator.py
[2025-07-18T12:42:04.016-0500] {processor.py:830} INFO - Processing file /home/abhiram/jobtrak-stack/venv/lib/python3.12/site-packages/airflow/example_dags/example_short_circuit_decorator.py for tasks to queue
[2025-07-18T12:42:04.017-0500] {logging_mixin.py:188} INFO - [2025-07-18T12:42:04.017-0500] {dagbag.py:545} INFO - Filling up the DagBag from /home/abhiram/jobtrak-stack/venv/lib/python3.12/site-packages/airflow/example_dags/example_short_circuit_decorator.py
[2025-07-18T12:42:04.030-0500] {processor.py:840} INFO - DAG(s) 'example_short_circuit_decorator' retrieved from /home/abhiram/jobtrak-stack/venv/lib/python3.12/site-packages/airflow/example_dags/example_short_circuit_decorator.py
[2025-07-18T12:42:04.051-0500] {logging_mixin.py:188} INFO - [2025-07-18T12:42:04.051-0500] {dag.py:3096} INFO - Sync 1 DAGs
[2025-07-18T12:42:04.069-0500] {logging_mixin.py:188} INFO - [2025-07-18T12:42:04.069-0500] {dag.py:3954} INFO - Setting next_dagrun for example_short_circuit_decorator to 2025-07-17 00:00:00+00:00, run_after=2025-07-18 00:00:00+00:00
[2025-07-18T12:42:04.092-0500] {processor.py:183} INFO - Processing /home/abhiram/jobtrak-stack/venv/lib/python3.12/site-packages/airflow/example_dags/example_short_circuit_decorator.py took 0.081 seconds
[2025-07-18T12:42:34.370-0500] {processor.py:161} INFO - Started process (PID=4431) to work on /home/abhiram/jobtrak-stack/venv/lib/python3.12/site-packages/airflow/example_dags/example_short_circuit_decorator.py
[2025-07-18T12:42:34.371-0500] {processor.py:830} INFO - Processing file /home/abhiram/jobtrak-stack/venv/lib/python3.12/site-packages/airflow/example_dags/example_short_circuit_decorator.py for tasks to queue
[2025-07-18T12:42:34.372-0500] {logging_mixin.py:188} INFO - [2025-07-18T12:42:34.372-0500] {dagbag.py:545} INFO - Filling up the DagBag from /home/abhiram/jobtrak-stack/venv/lib/python3.12/site-packages/airflow/example_dags/example_short_circuit_decorator.py
[2025-07-18T12:42:34.377-0500] {processor.py:840} INFO - DAG(s) 'example_short_circuit_decorator' retrieved from /home/abhiram/jobtrak-stack/venv/lib/python3.12/site-packages/airflow/example_dags/example_short_circuit_decorator.py
[2025-07-18T12:42:34.395-0500] {logging_mixin.py:188} INFO - [2025-07-18T12:42:34.395-0500] {dag.py:3096} INFO - Sync 1 DAGs
[2025-07-18T12:42:34.409-0500] {logging_mixin.py:188} INFO - [2025-07-18T12:42:34.409-0500] {dag.py:3954} INFO - Setting next_dagrun for example_short_circuit_decorator to 2025-07-17 00:00:00+00:00, run_after=2025-07-18 00:00:00+00:00
[2025-07-18T12:42:34.422-0500] {processor.py:183} INFO - Processing /home/abhiram/jobtrak-stack/venv/lib/python3.12/site-packages/airflow/example_dags/example_short_circuit_decorator.py took 0.056 seconds
[2025-07-18T12:43:04.673-0500] {processor.py:161} INFO - Started process (PID=4540) to work on /home/abhiram/jobtrak-stack/venv/lib/python3.12/site-packages/airflow/example_dags/example_short_circuit_decorator.py
[2025-07-18T12:43:04.677-0500] {processor.py:830} INFO - Processing file /home/abhiram/jobtrak-stack/venv/lib/python3.12/site-packages/airflow/example_dags/example_short_circuit_decorator.py for tasks to queue
[2025-07-18T12:43:04.679-0500] {logging_mixin.py:188} INFO - [2025-07-18T12:43:04.678-0500] {dagbag.py:545} INFO - Filling up the DagBag from /home/abhiram/jobtrak-stack/venv/lib/python3.12/site-packages/airflow/example_dags/example_short_circuit_decorator.py
[2025-07-18T12:43:04.686-0500] {processor.py:840} INFO - DAG(s) 'example_short_circuit_decorator' retrieved from /home/abhiram/jobtrak-stack/venv/lib/python3.12/site-packages/airflow/example_dags/example_short_circuit_decorator.py
[2025-07-18T12:43:04.704-0500] {logging_mixin.py:188} INFO - [2025-07-18T12:43:04.704-0500] {dag.py:3096} INFO - Sync 1 DAGs
[2025-07-18T12:43:04.719-0500] {logging_mixin.py:188} INFO - [2025-07-18T12:43:04.719-0500] {dag.py:3954} INFO - Setting next_dagrun for example_short_circuit_decorator to 2025-07-17 00:00:00+00:00, run_after=2025-07-18 00:00:00+00:00
[2025-07-18T12:43:04.740-0500] {processor.py:183} INFO - Processing /home/abhiram/jobtrak-stack/venv/lib/python3.12/site-packages/airflow/example_dags/example_short_circuit_decorator.py took 0.071 seconds
[2025-07-18T12:43:35.183-0500] {processor.py:161} INFO - Started process (PID=4648) to work on /home/abhiram/jobtrak-stack/venv/lib/python3.12/site-packages/airflow/example_dags/example_short_circuit_decorator.py
[2025-07-18T12:43:35.184-0500] {processor.py:830} INFO - Processing file /home/abhiram/jobtrak-stack/venv/lib/python3.12/site-packages/airflow/example_dags/example_short_circuit_decorator.py for tasks to queue
[2025-07-18T12:43:35.185-0500] {logging_mixin.py:188} INFO - [2025-07-18T12:43:35.184-0500] {dagbag.py:545} INFO - Filling up the DagBag from /home/abhiram/jobtrak-stack/venv/lib/python3.12/site-packages/airflow/example_dags/example_short_circuit_decorator.py
[2025-07-18T12:43:35.190-0500] {processor.py:840} INFO - DAG(s) 'example_short_circuit_decorator' retrieved from /home/abhiram/jobtrak-stack/venv/lib/python3.12/site-packages/airflow/example_dags/example_short_circuit_decorator.py
[2025-07-18T12:43:35.212-0500] {logging_mixin.py:188} INFO - [2025-07-18T12:43:35.212-0500] {dag.py:3096} INFO - Sync 1 DAGs
[2025-07-18T12:43:35.228-0500] {logging_mixin.py:188} INFO - [2025-07-18T12:43:35.228-0500] {dag.py:3954} INFO - Setting next_dagrun for example_short_circuit_decorator to 2025-07-17 00:00:00+00:00, run_after=2025-07-18 00:00:00+00:00
[2025-07-18T12:43:35.244-0500] {processor.py:183} INFO - Processing /home/abhiram/jobtrak-stack/venv/lib/python3.12/site-packages/airflow/example_dags/example_short_circuit_decorator.py took 0.065 seconds
[2025-07-18T12:44:06.176-0500] {processor.py:161} INFO - Started process (PID=4759) to work on /home/abhiram/jobtrak-stack/venv/lib/python3.12/site-packages/airflow/example_dags/example_short_circuit_decorator.py
[2025-07-18T12:44:06.178-0500] {processor.py:830} INFO - Processing file /home/abhiram/jobtrak-stack/venv/lib/python3.12/site-packages/airflow/example_dags/example_short_circuit_decorator.py for tasks to queue
[2025-07-18T12:44:06.180-0500] {logging_mixin.py:188} INFO - [2025-07-18T12:44:06.179-0500] {dagbag.py:545} INFO - Filling up the DagBag from /home/abhiram/jobtrak-stack/venv/lib/python3.12/site-packages/airflow/example_dags/example_short_circuit_decorator.py
[2025-07-18T12:44:06.187-0500] {processor.py:840} INFO - DAG(s) 'example_short_circuit_decorator' retrieved from /home/abhiram/jobtrak-stack/venv/lib/python3.12/site-packages/airflow/example_dags/example_short_circuit_decorator.py
[2025-07-18T12:44:06.215-0500] {logging_mixin.py:188} INFO - [2025-07-18T12:44:06.215-0500] {dag.py:3096} INFO - Sync 1 DAGs
[2025-07-18T12:44:06.234-0500] {logging_mixin.py:188} INFO - [2025-07-18T12:44:06.234-0500] {dag.py:3954} INFO - Setting next_dagrun for example_short_circuit_decorator to 2025-07-17 00:00:00+00:00, run_after=2025-07-18 00:00:00+00:00
[2025-07-18T12:44:06.256-0500] {processor.py:183} INFO - Processing /home/abhiram/jobtrak-stack/venv/lib/python3.12/site-packages/airflow/example_dags/example_short_circuit_decorator.py took 0.087 seconds
[2025-07-18T12:44:36.784-0500] {processor.py:161} INFO - Started process (PID=4867) to work on /home/abhiram/jobtrak-stack/venv/lib/python3.12/site-packages/airflow/example_dags/example_short_circuit_decorator.py
[2025-07-18T12:44:36.785-0500] {processor.py:830} INFO - Processing file /home/abhiram/jobtrak-stack/venv/lib/python3.12/site-packages/airflow/example_dags/example_short_circuit_decorator.py for tasks to queue
[2025-07-18T12:44:36.786-0500] {logging_mixin.py:188} INFO - [2025-07-18T12:44:36.786-0500] {dagbag.py:545} INFO - Filling up the DagBag from /home/abhiram/jobtrak-stack/venv/lib/python3.12/site-packages/airflow/example_dags/example_short_circuit_decorator.py
[2025-07-18T12:44:36.792-0500] {processor.py:840} INFO - DAG(s) 'example_short_circuit_decorator' retrieved from /home/abhiram/jobtrak-stack/venv/lib/python3.12/site-packages/airflow/example_dags/example_short_circuit_decorator.py
[2025-07-18T12:44:36.812-0500] {logging_mixin.py:188} INFO - [2025-07-18T12:44:36.811-0500] {dag.py:3096} INFO - Sync 1 DAGs
[2025-07-18T12:44:36.825-0500] {logging_mixin.py:188} INFO - [2025-07-18T12:44:36.825-0500] {dag.py:3954} INFO - Setting next_dagrun for example_short_circuit_decorator to 2025-07-17 00:00:00+00:00, run_after=2025-07-18 00:00:00+00:00
[2025-07-18T12:44:36.839-0500] {processor.py:183} INFO - Processing /home/abhiram/jobtrak-stack/venv/lib/python3.12/site-packages/airflow/example_dags/example_short_circuit_decorator.py took 0.059 seconds
[2025-07-18T12:45:08.379-0500] {processor.py:161} INFO - Started process (PID=4978) to work on /home/abhiram/jobtrak-stack/venv/lib/python3.12/site-packages/airflow/example_dags/example_short_circuit_decorator.py
[2025-07-18T12:45:08.380-0500] {processor.py:830} INFO - Processing file /home/abhiram/jobtrak-stack/venv/lib/python3.12/site-packages/airflow/example_dags/example_short_circuit_decorator.py for tasks to queue
[2025-07-18T12:45:08.381-0500] {logging_mixin.py:188} INFO - [2025-07-18T12:45:08.381-0500] {dagbag.py:545} INFO - Filling up the DagBag from /home/abhiram/jobtrak-stack/venv/lib/python3.12/site-packages/airflow/example_dags/example_short_circuit_decorator.py
[2025-07-18T12:45:08.386-0500] {processor.py:840} INFO - DAG(s) 'example_short_circuit_decorator' retrieved from /home/abhiram/jobtrak-stack/venv/lib/python3.12/site-packages/airflow/example_dags/example_short_circuit_decorator.py
[2025-07-18T12:45:08.406-0500] {logging_mixin.py:188} INFO - [2025-07-18T12:45:08.406-0500] {dag.py:3096} INFO - Sync 1 DAGs
[2025-07-18T12:45:08.420-0500] {logging_mixin.py:188} INFO - [2025-07-18T12:45:08.420-0500] {dag.py:3954} INFO - Setting next_dagrun for example_short_circuit_decorator to 2025-07-17 00:00:00+00:00, run_after=2025-07-18 00:00:00+00:00
[2025-07-18T12:45:08.436-0500] {processor.py:183} INFO - Processing /home/abhiram/jobtrak-stack/venv/lib/python3.12/site-packages/airflow/example_dags/example_short_circuit_decorator.py took 0.061 seconds
[2025-07-18T12:45:39.008-0500] {processor.py:161} INFO - Started process (PID=5085) to work on /home/abhiram/jobtrak-stack/venv/lib/python3.12/site-packages/airflow/example_dags/example_short_circuit_decorator.py
[2025-07-18T12:45:39.010-0500] {processor.py:830} INFO - Processing file /home/abhiram/jobtrak-stack/venv/lib/python3.12/site-packages/airflow/example_dags/example_short_circuit_decorator.py for tasks to queue
[2025-07-18T12:45:39.012-0500] {logging_mixin.py:188} INFO - [2025-07-18T12:45:39.011-0500] {dagbag.py:545} INFO - Filling up the DagBag from /home/abhiram/jobtrak-stack/venv/lib/python3.12/site-packages/airflow/example_dags/example_short_circuit_decorator.py
[2025-07-18T12:45:39.017-0500] {processor.py:840} INFO - DAG(s) 'example_short_circuit_decorator' retrieved from /home/abhiram/jobtrak-stack/venv/lib/python3.12/site-packages/airflow/example_dags/example_short_circuit_decorator.py
[2025-07-18T12:45:39.041-0500] {logging_mixin.py:188} INFO - [2025-07-18T12:45:39.041-0500] {dag.py:3096} INFO - Sync 1 DAGs
[2025-07-18T12:45:39.059-0500] {logging_mixin.py:188} INFO - [2025-07-18T12:45:39.059-0500] {dag.py:3954} INFO - Setting next_dagrun for example_short_circuit_decorator to 2025-07-17 00:00:00+00:00, run_after=2025-07-18 00:00:00+00:00
[2025-07-18T12:45:39.081-0500] {processor.py:183} INFO - Processing /home/abhiram/jobtrak-stack/venv/lib/python3.12/site-packages/airflow/example_dags/example_short_circuit_decorator.py took 0.077 seconds
[2025-07-18T12:46:09.479-0500] {processor.py:161} INFO - Started process (PID=5192) to work on /home/abhiram/jobtrak-stack/venv/lib/python3.12/site-packages/airflow/example_dags/example_short_circuit_decorator.py
[2025-07-18T12:46:09.480-0500] {processor.py:830} INFO - Processing file /home/abhiram/jobtrak-stack/venv/lib/python3.12/site-packages/airflow/example_dags/example_short_circuit_decorator.py for tasks to queue
[2025-07-18T12:46:09.481-0500] {logging_mixin.py:188} INFO - [2025-07-18T12:46:09.481-0500] {dagbag.py:545} INFO - Filling up the DagBag from /home/abhiram/jobtrak-stack/venv/lib/python3.12/site-packages/airflow/example_dags/example_short_circuit_decorator.py
[2025-07-18T12:46:09.486-0500] {processor.py:840} INFO - DAG(s) 'example_short_circuit_decorator' retrieved from /home/abhiram/jobtrak-stack/venv/lib/python3.12/site-packages/airflow/example_dags/example_short_circuit_decorator.py
[2025-07-18T12:46:09.506-0500] {logging_mixin.py:188} INFO - [2025-07-18T12:46:09.506-0500] {dag.py:3096} INFO - Sync 1 DAGs
[2025-07-18T12:46:09.521-0500] {logging_mixin.py:188} INFO - [2025-07-18T12:46:09.521-0500] {dag.py:3954} INFO - Setting next_dagrun for example_short_circuit_decorator to 2025-07-17 00:00:00+00:00, run_after=2025-07-18 00:00:00+00:00
[2025-07-18T12:46:09.537-0500] {processor.py:183} INFO - Processing /home/abhiram/jobtrak-stack/venv/lib/python3.12/site-packages/airflow/example_dags/example_short_circuit_decorator.py took 0.062 seconds
[2025-07-18T12:46:40.349-0500] {processor.py:161} INFO - Started process (PID=5303) to work on /home/abhiram/jobtrak-stack/venv/lib/python3.12/site-packages/airflow/example_dags/example_short_circuit_decorator.py
[2025-07-18T12:46:40.350-0500] {processor.py:830} INFO - Processing file /home/abhiram/jobtrak-stack/venv/lib/python3.12/site-packages/airflow/example_dags/example_short_circuit_decorator.py for tasks to queue
[2025-07-18T12:46:40.351-0500] {logging_mixin.py:188} INFO - [2025-07-18T12:46:40.351-0500] {dagbag.py:545} INFO - Filling up the DagBag from /home/abhiram/jobtrak-stack/venv/lib/python3.12/site-packages/airflow/example_dags/example_short_circuit_decorator.py
[2025-07-18T12:46:40.356-0500] {processor.py:840} INFO - DAG(s) 'example_short_circuit_decorator' retrieved from /home/abhiram/jobtrak-stack/venv/lib/python3.12/site-packages/airflow/example_dags/example_short_circuit_decorator.py
[2025-07-18T12:46:40.375-0500] {logging_mixin.py:188} INFO - [2025-07-18T12:46:40.375-0500] {dag.py:3096} INFO - Sync 1 DAGs
[2025-07-18T12:46:40.389-0500] {logging_mixin.py:188} INFO - [2025-07-18T12:46:40.389-0500] {dag.py:3954} INFO - Setting next_dagrun for example_short_circuit_decorator to 2025-07-17 00:00:00+00:00, run_after=2025-07-18 00:00:00+00:00
[2025-07-18T12:46:40.403-0500] {processor.py:183} INFO - Processing /home/abhiram/jobtrak-stack/venv/lib/python3.12/site-packages/airflow/example_dags/example_short_circuit_decorator.py took 0.059 seconds
[2025-07-18T12:47:11.012-0500] {processor.py:161} INFO - Started process (PID=5411) to work on /home/abhiram/jobtrak-stack/venv/lib/python3.12/site-packages/airflow/example_dags/example_short_circuit_decorator.py
[2025-07-18T12:47:11.013-0500] {processor.py:830} INFO - Processing file /home/abhiram/jobtrak-stack/venv/lib/python3.12/site-packages/airflow/example_dags/example_short_circuit_decorator.py for tasks to queue
[2025-07-18T12:47:11.014-0500] {logging_mixin.py:188} INFO - [2025-07-18T12:47:11.014-0500] {dagbag.py:545} INFO - Filling up the DagBag from /home/abhiram/jobtrak-stack/venv/lib/python3.12/site-packages/airflow/example_dags/example_short_circuit_decorator.py
[2025-07-18T12:47:11.020-0500] {processor.py:840} INFO - DAG(s) 'example_short_circuit_decorator' retrieved from /home/abhiram/jobtrak-stack/venv/lib/python3.12/site-packages/airflow/example_dags/example_short_circuit_decorator.py
[2025-07-18T12:47:11.038-0500] {logging_mixin.py:188} INFO - [2025-07-18T12:47:11.038-0500] {dag.py:3096} INFO - Sync 1 DAGs
[2025-07-18T12:47:11.052-0500] {logging_mixin.py:188} INFO - [2025-07-18T12:47:11.052-0500] {dag.py:3954} INFO - Setting next_dagrun for example_short_circuit_decorator to 2025-07-17 00:00:00+00:00, run_after=2025-07-18 00:00:00+00:00
[2025-07-18T12:47:11.066-0500] {processor.py:183} INFO - Processing /home/abhiram/jobtrak-stack/venv/lib/python3.12/site-packages/airflow/example_dags/example_short_circuit_decorator.py took 0.059 seconds
[2025-07-18T12:47:41.489-0500] {processor.py:161} INFO - Started process (PID=5518) to work on /home/abhiram/jobtrak-stack/venv/lib/python3.12/site-packages/airflow/example_dags/example_short_circuit_decorator.py
[2025-07-18T12:47:41.490-0500] {processor.py:830} INFO - Processing file /home/abhiram/jobtrak-stack/venv/lib/python3.12/site-packages/airflow/example_dags/example_short_circuit_decorator.py for tasks to queue
[2025-07-18T12:47:41.491-0500] {logging_mixin.py:188} INFO - [2025-07-18T12:47:41.491-0500] {dagbag.py:545} INFO - Filling up the DagBag from /home/abhiram/jobtrak-stack/venv/lib/python3.12/site-packages/airflow/example_dags/example_short_circuit_decorator.py
[2025-07-18T12:47:41.496-0500] {processor.py:840} INFO - DAG(s) 'example_short_circuit_decorator' retrieved from /home/abhiram/jobtrak-stack/venv/lib/python3.12/site-packages/airflow/example_dags/example_short_circuit_decorator.py
[2025-07-18T12:47:41.513-0500] {logging_mixin.py:188} INFO - [2025-07-18T12:47:41.513-0500] {dag.py:3096} INFO - Sync 1 DAGs
[2025-07-18T12:47:41.526-0500] {logging_mixin.py:188} INFO - [2025-07-18T12:47:41.526-0500] {dag.py:3954} INFO - Setting next_dagrun for example_short_circuit_decorator to 2025-07-17 00:00:00+00:00, run_after=2025-07-18 00:00:00+00:00
[2025-07-18T12:47:41.539-0500] {processor.py:183} INFO - Processing /home/abhiram/jobtrak-stack/venv/lib/python3.12/site-packages/airflow/example_dags/example_short_circuit_decorator.py took 0.054 seconds
[2025-07-18T12:48:12.357-0500] {processor.py:161} INFO - Started process (PID=5701) to work on /home/abhiram/jobtrak-stack/venv/lib/python3.12/site-packages/airflow/example_dags/example_short_circuit_decorator.py
[2025-07-18T12:48:12.358-0500] {processor.py:830} INFO - Processing file /home/abhiram/jobtrak-stack/venv/lib/python3.12/site-packages/airflow/example_dags/example_short_circuit_decorator.py for tasks to queue
[2025-07-18T12:48:12.360-0500] {logging_mixin.py:188} INFO - [2025-07-18T12:48:12.360-0500] {dagbag.py:545} INFO - Filling up the DagBag from /home/abhiram/jobtrak-stack/venv/lib/python3.12/site-packages/airflow/example_dags/example_short_circuit_decorator.py
[2025-07-18T12:48:12.367-0500] {processor.py:840} INFO - DAG(s) 'example_short_circuit_decorator' retrieved from /home/abhiram/jobtrak-stack/venv/lib/python3.12/site-packages/airflow/example_dags/example_short_circuit_decorator.py
[2025-07-18T12:48:12.385-0500] {logging_mixin.py:188} INFO - [2025-07-18T12:48:12.385-0500] {dag.py:3096} INFO - Sync 1 DAGs
[2025-07-18T12:48:12.400-0500] {logging_mixin.py:188} INFO - [2025-07-18T12:48:12.400-0500] {dag.py:3954} INFO - Setting next_dagrun for example_short_circuit_decorator to 2025-07-17 00:00:00+00:00, run_after=2025-07-18 00:00:00+00:00
[2025-07-18T12:48:12.413-0500] {processor.py:183} INFO - Processing /home/abhiram/jobtrak-stack/venv/lib/python3.12/site-packages/airflow/example_dags/example_short_circuit_decorator.py took 0.060 seconds
[2025-07-18T12:48:42.896-0500] {processor.py:161} INFO - Started process (PID=5808) to work on /home/abhiram/jobtrak-stack/venv/lib/python3.12/site-packages/airflow/example_dags/example_short_circuit_decorator.py
[2025-07-18T12:48:42.898-0500] {processor.py:830} INFO - Processing file /home/abhiram/jobtrak-stack/venv/lib/python3.12/site-packages/airflow/example_dags/example_short_circuit_decorator.py for tasks to queue
[2025-07-18T12:48:42.899-0500] {logging_mixin.py:188} INFO - [2025-07-18T12:48:42.899-0500] {dagbag.py:545} INFO - Filling up the DagBag from /home/abhiram/jobtrak-stack/venv/lib/python3.12/site-packages/airflow/example_dags/example_short_circuit_decorator.py
[2025-07-18T12:48:42.904-0500] {processor.py:840} INFO - DAG(s) 'example_short_circuit_decorator' retrieved from /home/abhiram/jobtrak-stack/venv/lib/python3.12/site-packages/airflow/example_dags/example_short_circuit_decorator.py
[2025-07-18T12:48:42.925-0500] {logging_mixin.py:188} INFO - [2025-07-18T12:48:42.925-0500] {dag.py:3096} INFO - Sync 1 DAGs
[2025-07-18T12:48:42.941-0500] {logging_mixin.py:188} INFO - [2025-07-18T12:48:42.941-0500] {dag.py:3954} INFO - Setting next_dagrun for example_short_circuit_decorator to 2025-07-17 00:00:00+00:00, run_after=2025-07-18 00:00:00+00:00
[2025-07-18T12:48:42.960-0500] {processor.py:183} INFO - Processing /home/abhiram/jobtrak-stack/venv/lib/python3.12/site-packages/airflow/example_dags/example_short_circuit_decorator.py took 0.068 seconds
[2025-07-18T12:49:13.539-0500] {processor.py:161} INFO - Started process (PID=5916) to work on /home/abhiram/jobtrak-stack/venv/lib/python3.12/site-packages/airflow/example_dags/example_short_circuit_decorator.py
[2025-07-18T12:49:13.540-0500] {processor.py:830} INFO - Processing file /home/abhiram/jobtrak-stack/venv/lib/python3.12/site-packages/airflow/example_dags/example_short_circuit_decorator.py for tasks to queue
[2025-07-18T12:49:13.541-0500] {logging_mixin.py:188} INFO - [2025-07-18T12:49:13.541-0500] {dagbag.py:545} INFO - Filling up the DagBag from /home/abhiram/jobtrak-stack/venv/lib/python3.12/site-packages/airflow/example_dags/example_short_circuit_decorator.py
[2025-07-18T12:49:13.548-0500] {processor.py:840} INFO - DAG(s) 'example_short_circuit_decorator' retrieved from /home/abhiram/jobtrak-stack/venv/lib/python3.12/site-packages/airflow/example_dags/example_short_circuit_decorator.py
[2025-07-18T12:49:13.568-0500] {logging_mixin.py:188} INFO - [2025-07-18T12:49:13.567-0500] {dag.py:3096} INFO - Sync 1 DAGs
[2025-07-18T12:49:13.587-0500] {logging_mixin.py:188} INFO - [2025-07-18T12:49:13.586-0500] {dag.py:3954} INFO - Setting next_dagrun for example_short_circuit_decorator to 2025-07-17 00:00:00+00:00, run_after=2025-07-18 00:00:00+00:00
[2025-07-18T12:49:13.605-0500] {processor.py:183} INFO - Processing /home/abhiram/jobtrak-stack/venv/lib/python3.12/site-packages/airflow/example_dags/example_short_circuit_decorator.py took 0.069 seconds
