[2025-07-18T11:49:19.502-0500] {processor.py:161} INFO - Started process (PID=875) to work on /home/abhiram/jobtrak-stack/venv/lib/python3.12/site-packages/airflow/example_dags/example_trigger_controller_dag.py
[2025-07-18T11:49:19.502-0500] {processor.py:830} INFO - Processing file /home/abhiram/jobtrak-stack/venv/lib/python3.12/site-packages/airflow/example_dags/example_trigger_controller_dag.py for tasks to queue
[2025-07-18T11:49:19.503-0500] {logging_mixin.py:188} INFO - [2025-07-18T11:49:19.503-0500] {dagbag.py:545} INFO - Filling up the DagBag from /home/abhiram/jobtrak-stack/venv/lib/python3.12/site-packages/airflow/example_dags/example_trigger_controller_dag.py
[2025-07-18T11:49:19.507-0500] {processor.py:840} INFO - DAG(s) 'example_trigger_controller_dag' retrieved from /home/abhiram/jobtrak-stack/venv/lib/python3.12/site-packages/airflow/example_dags/example_trigger_controller_dag.py
[2025-07-18T11:49:19.518-0500] {logging_mixin.py:188} INFO - [2025-07-18T11:49:19.518-0500] {dag.py:3096} INFO - Sync 1 DAGs
[2025-07-18T11:49:19.532-0500] {logging_mixin.py:188} INFO - [2025-07-18T11:49:19.532-0500] {dag.py:3954} INFO - Setting next_dagrun for example_trigger_controller_dag to 2021-01-01 00:00:00+00:00, run_after=2021-01-01 00:00:00+00:00
[2025-07-18T11:49:19.548-0500] {processor.py:183} INFO - Processing /home/abhiram/jobtrak-stack/venv/lib/python3.12/site-packages/airflow/example_dags/example_trigger_controller_dag.py took 0.050 seconds
[2025-07-18T11:49:51.630-0500] {processor.py:161} INFO - Started process (PID=1001) to work on /home/abhiram/jobtrak-stack/venv/lib/python3.12/site-packages/airflow/example_dags/example_trigger_controller_dag.py
[2025-07-18T11:49:51.630-0500] {processor.py:830} INFO - Processing file /home/abhiram/jobtrak-stack/venv/lib/python3.12/site-packages/airflow/example_dags/example_trigger_controller_dag.py for tasks to queue
[2025-07-18T11:49:51.631-0500] {logging_mixin.py:188} INFO - [2025-07-18T11:49:51.631-0500] {dagbag.py:545} INFO - Filling up the DagBag from /home/abhiram/jobtrak-stack/venv/lib/python3.12/site-packages/airflow/example_dags/example_trigger_controller_dag.py
[2025-07-18T11:49:51.634-0500] {processor.py:840} INFO - DAG(s) 'example_trigger_controller_dag' retrieved from /home/abhiram/jobtrak-stack/venv/lib/python3.12/site-packages/airflow/example_dags/example_trigger_controller_dag.py
[2025-07-18T11:49:51.702-0500] {logging_mixin.py:188} INFO - [2025-07-18T11:49:51.702-0500] {dag.py:3096} INFO - Sync 1 DAGs
[2025-07-18T11:49:51.715-0500] {logging_mixin.py:188} INFO - [2025-07-18T11:49:51.714-0500] {dag.py:3954} INFO - Setting next_dagrun for example_trigger_controller_dag to 2021-01-01 00:00:00+00:00, run_after=2021-01-01 00:00:00+00:00
[2025-07-18T11:49:51.732-0500] {processor.py:183} INFO - Processing /home/abhiram/jobtrak-stack/venv/lib/python3.12/site-packages/airflow/example_dags/example_trigger_controller_dag.py took 0.106 seconds
[2025-07-18T11:50:21.856-0500] {processor.py:161} INFO - Started process (PID=1128) to work on /home/abhiram/jobtrak-stack/venv/lib/python3.12/site-packages/airflow/example_dags/example_trigger_controller_dag.py
[2025-07-18T11:50:21.858-0500] {processor.py:830} INFO - Processing file /home/abhiram/jobtrak-stack/venv/lib/python3.12/site-packages/airflow/example_dags/example_trigger_controller_dag.py for tasks to queue
[2025-07-18T11:50:21.859-0500] {logging_mixin.py:188} INFO - [2025-07-18T11:50:21.859-0500] {dagbag.py:545} INFO - Filling up the DagBag from /home/abhiram/jobtrak-stack/venv/lib/python3.12/site-packages/airflow/example_dags/example_trigger_controller_dag.py
[2025-07-18T11:50:21.862-0500] {processor.py:840} INFO - DAG(s) 'example_trigger_controller_dag' retrieved from /home/abhiram/jobtrak-stack/venv/lib/python3.12/site-packages/airflow/example_dags/example_trigger_controller_dag.py
[2025-07-18T11:50:21.883-0500] {logging_mixin.py:188} INFO - [2025-07-18T11:50:21.883-0500] {dag.py:3096} INFO - Sync 1 DAGs
[2025-07-18T11:50:21.899-0500] {logging_mixin.py:188} INFO - [2025-07-18T11:50:21.899-0500] {dag.py:3954} INFO - Setting next_dagrun for example_trigger_controller_dag to 2021-01-01 00:00:00+00:00, run_after=2021-01-01 00:00:00+00:00
[2025-07-18T11:50:21.913-0500] {processor.py:183} INFO - Processing /home/abhiram/jobtrak-stack/venv/lib/python3.12/site-packages/airflow/example_dags/example_trigger_controller_dag.py took 0.060 seconds
[2025-07-18T11:50:51.995-0500] {processor.py:161} INFO - Started process (PID=1233) to work on /home/abhiram/jobtrak-stack/venv/lib/python3.12/site-packages/airflow/example_dags/example_trigger_controller_dag.py
[2025-07-18T11:50:51.996-0500] {processor.py:830} INFO - Processing file /home/abhiram/jobtrak-stack/venv/lib/python3.12/site-packages/airflow/example_dags/example_trigger_controller_dag.py for tasks to queue
[2025-07-18T11:50:51.997-0500] {logging_mixin.py:188} INFO - [2025-07-18T11:50:51.997-0500] {dagbag.py:545} INFO - Filling up the DagBag from /home/abhiram/jobtrak-stack/venv/lib/python3.12/site-packages/airflow/example_dags/example_trigger_controller_dag.py
[2025-07-18T11:50:52.000-0500] {processor.py:840} INFO - DAG(s) 'example_trigger_controller_dag' retrieved from /home/abhiram/jobtrak-stack/venv/lib/python3.12/site-packages/airflow/example_dags/example_trigger_controller_dag.py
[2025-07-18T11:50:52.019-0500] {logging_mixin.py:188} INFO - [2025-07-18T11:50:52.019-0500] {dag.py:3096} INFO - Sync 1 DAGs
[2025-07-18T11:50:52.033-0500] {logging_mixin.py:188} INFO - [2025-07-18T11:50:52.033-0500] {dag.py:3954} INFO - Setting next_dagrun for example_trigger_controller_dag to 2021-01-01 00:00:00+00:00, run_after=2021-01-01 00:00:00+00:00
[2025-07-18T11:50:52.048-0500] {processor.py:183} INFO - Processing /home/abhiram/jobtrak-stack/venv/lib/python3.12/site-packages/airflow/example_dags/example_trigger_controller_dag.py took 0.057 seconds
[2025-07-18T11:51:22.105-0500] {processor.py:161} INFO - Started process (PID=1341) to work on /home/abhiram/jobtrak-stack/venv/lib/python3.12/site-packages/airflow/example_dags/example_trigger_controller_dag.py
[2025-07-18T11:51:22.106-0500] {processor.py:830} INFO - Processing file /home/abhiram/jobtrak-stack/venv/lib/python3.12/site-packages/airflow/example_dags/example_trigger_controller_dag.py for tasks to queue
[2025-07-18T11:51:22.107-0500] {logging_mixin.py:188} INFO - [2025-07-18T11:51:22.107-0500] {dagbag.py:545} INFO - Filling up the DagBag from /home/abhiram/jobtrak-stack/venv/lib/python3.12/site-packages/airflow/example_dags/example_trigger_controller_dag.py
[2025-07-18T11:51:22.110-0500] {processor.py:840} INFO - DAG(s) 'example_trigger_controller_dag' retrieved from /home/abhiram/jobtrak-stack/venv/lib/python3.12/site-packages/airflow/example_dags/example_trigger_controller_dag.py
[2025-07-18T11:51:22.126-0500] {logging_mixin.py:188} INFO - [2025-07-18T11:51:22.126-0500] {dag.py:3096} INFO - Sync 1 DAGs
[2025-07-18T11:51:22.140-0500] {logging_mixin.py:188} INFO - [2025-07-18T11:51:22.140-0500] {dag.py:3954} INFO - Setting next_dagrun for example_trigger_controller_dag to 2021-01-01 00:00:00+00:00, run_after=2021-01-01 00:00:00+00:00
[2025-07-18T11:51:22.153-0500] {processor.py:183} INFO - Processing /home/abhiram/jobtrak-stack/venv/lib/python3.12/site-packages/airflow/example_dags/example_trigger_controller_dag.py took 0.052 seconds
[2025-07-18T11:51:52.427-0500] {processor.py:161} INFO - Started process (PID=1446) to work on /home/abhiram/jobtrak-stack/venv/lib/python3.12/site-packages/airflow/example_dags/example_trigger_controller_dag.py
[2025-07-18T11:51:52.428-0500] {processor.py:830} INFO - Processing file /home/abhiram/jobtrak-stack/venv/lib/python3.12/site-packages/airflow/example_dags/example_trigger_controller_dag.py for tasks to queue
[2025-07-18T11:51:52.429-0500] {logging_mixin.py:188} INFO - [2025-07-18T11:51:52.428-0500] {dagbag.py:545} INFO - Filling up the DagBag from /home/abhiram/jobtrak-stack/venv/lib/python3.12/site-packages/airflow/example_dags/example_trigger_controller_dag.py
[2025-07-18T11:51:52.432-0500] {processor.py:840} INFO - DAG(s) 'example_trigger_controller_dag' retrieved from /home/abhiram/jobtrak-stack/venv/lib/python3.12/site-packages/airflow/example_dags/example_trigger_controller_dag.py
[2025-07-18T11:51:52.450-0500] {logging_mixin.py:188} INFO - [2025-07-18T11:51:52.450-0500] {dag.py:3096} INFO - Sync 1 DAGs
[2025-07-18T11:51:52.465-0500] {logging_mixin.py:188} INFO - [2025-07-18T11:51:52.464-0500] {dag.py:3954} INFO - Setting next_dagrun for example_trigger_controller_dag to 2021-01-01 00:00:00+00:00, run_after=2021-01-01 00:00:00+00:00
[2025-07-18T11:51:52.480-0500] {processor.py:183} INFO - Processing /home/abhiram/jobtrak-stack/venv/lib/python3.12/site-packages/airflow/example_dags/example_trigger_controller_dag.py took 0.057 seconds
