[2025-07-18T11:49:18.031-0500] {processor.py:161} INFO - Started process (PID=796) to work on /home/abhiram/jobtrak-stack/venv/lib/python3.12/site-packages/airflow/example_dags/example_params_trigger_ui.py
[2025-07-18T11:49:18.032-0500] {processor.py:830} INFO - Processing file /home/abhiram/jobtrak-stack/venv/lib/python3.12/site-packages/airflow/example_dags/example_params_trigger_ui.py for tasks to queue
[2025-07-18T11:49:18.033-0500] {logging_mixin.py:188} INFO - [2025-07-18T11:49:18.033-0500] {dagbag.py:545} INFO - Filling up the DagBag from /home/abhiram/jobtrak-stack/venv/lib/python3.12/site-packages/airflow/example_dags/example_params_trigger_ui.py
[2025-07-18T11:49:18.049-0500] {processor.py:840} INFO - DAG(s) 'example_params_trigger_ui' retrieved from /home/abhiram/jobtrak-stack/venv/lib/python3.12/site-packages/airflow/example_dags/example_params_trigger_ui.py
[2025-07-18T11:49:18.061-0500] {logging_mixin.py:188} INFO - [2025-07-18T11:49:18.061-0500] {dag.py:3096} INFO - Sync 1 DAGs
[2025-07-18T11:49:18.070-0500] {logging_mixin.py:188} INFO - [2025-07-18T11:49:18.070-0500] {dag.py:3954} INFO - Setting next_dagrun for example_params_trigger_ui to None, run_after=None
[2025-07-18T11:49:18.088-0500] {processor.py:183} INFO - Processing /home/abhiram/jobtrak-stack/venv/lib/python3.12/site-packages/airflow/example_dags/example_params_trigger_ui.py took 0.060 seconds
[2025-07-18T11:49:49.212-0500] {processor.py:161} INFO - Started process (PID=923) to work on /home/abhiram/jobtrak-stack/venv/lib/python3.12/site-packages/airflow/example_dags/example_params_trigger_ui.py
[2025-07-18T11:49:49.213-0500] {processor.py:830} INFO - Processing file /home/abhiram/jobtrak-stack/venv/lib/python3.12/site-packages/airflow/example_dags/example_params_trigger_ui.py for tasks to queue
[2025-07-18T11:49:49.214-0500] {logging_mixin.py:188} INFO - [2025-07-18T11:49:49.214-0500] {dagbag.py:545} INFO - Filling up the DagBag from /home/abhiram/jobtrak-stack/venv/lib/python3.12/site-packages/airflow/example_dags/example_params_trigger_ui.py
[2025-07-18T11:49:49.228-0500] {processor.py:840} INFO - DAG(s) 'example_params_trigger_ui' retrieved from /home/abhiram/jobtrak-stack/venv/lib/python3.12/site-packages/airflow/example_dags/example_params_trigger_ui.py
[2025-07-18T11:49:49.320-0500] {logging_mixin.py:188} INFO - [2025-07-18T11:49:49.319-0500] {dag.py:3096} INFO - Sync 1 DAGs
[2025-07-18T11:49:49.328-0500] {logging_mixin.py:188} INFO - [2025-07-18T11:49:49.328-0500] {dag.py:3954} INFO - Setting next_dagrun for example_params_trigger_ui to None, run_after=None
[2025-07-18T11:49:49.343-0500] {processor.py:183} INFO - Processing /home/abhiram/jobtrak-stack/venv/lib/python3.12/site-packages/airflow/example_dags/example_params_trigger_ui.py took 0.135 seconds
[2025-07-18T11:50:20.234-0500] {processor.py:161} INFO - Started process (PID=1046) to work on /home/abhiram/jobtrak-stack/venv/lib/python3.12/site-packages/airflow/example_dags/example_params_trigger_ui.py
[2025-07-18T11:50:20.236-0500] {processor.py:830} INFO - Processing file /home/abhiram/jobtrak-stack/venv/lib/python3.12/site-packages/airflow/example_dags/example_params_trigger_ui.py for tasks to queue
[2025-07-18T11:50:20.237-0500] {logging_mixin.py:188} INFO - [2025-07-18T11:50:20.237-0500] {dagbag.py:545} INFO - Filling up the DagBag from /home/abhiram/jobtrak-stack/venv/lib/python3.12/site-packages/airflow/example_dags/example_params_trigger_ui.py
[2025-07-18T11:50:20.247-0500] {processor.py:840} INFO - DAG(s) 'example_params_trigger_ui' retrieved from /home/abhiram/jobtrak-stack/venv/lib/python3.12/site-packages/airflow/example_dags/example_params_trigger_ui.py
[2025-07-18T11:50:20.295-0500] {logging_mixin.py:188} INFO - [2025-07-18T11:50:20.295-0500] {dag.py:3096} INFO - Sync 1 DAGs
[2025-07-18T11:50:20.304-0500] {logging_mixin.py:188} INFO - [2025-07-18T11:50:20.304-0500] {dag.py:3954} INFO - Setting next_dagrun for example_params_trigger_ui to None, run_after=None
[2025-07-18T11:50:20.322-0500] {processor.py:183} INFO - Processing /home/abhiram/jobtrak-stack/venv/lib/python3.12/site-packages/airflow/example_dags/example_params_trigger_ui.py took 0.091 seconds
[2025-07-18T11:50:50.439-0500] {processor.py:161} INFO - Started process (PID=1155) to work on /home/abhiram/jobtrak-stack/venv/lib/python3.12/site-packages/airflow/example_dags/example_params_trigger_ui.py
[2025-07-18T11:50:50.440-0500] {processor.py:830} INFO - Processing file /home/abhiram/jobtrak-stack/venv/lib/python3.12/site-packages/airflow/example_dags/example_params_trigger_ui.py for tasks to queue
[2025-07-18T11:50:50.441-0500] {logging_mixin.py:188} INFO - [2025-07-18T11:50:50.441-0500] {dagbag.py:545} INFO - Filling up the DagBag from /home/abhiram/jobtrak-stack/venv/lib/python3.12/site-packages/airflow/example_dags/example_params_trigger_ui.py
[2025-07-18T11:50:50.450-0500] {processor.py:840} INFO - DAG(s) 'example_params_trigger_ui' retrieved from /home/abhiram/jobtrak-stack/venv/lib/python3.12/site-packages/airflow/example_dags/example_params_trigger_ui.py
[2025-07-18T11:50:50.479-0500] {logging_mixin.py:188} INFO - [2025-07-18T11:50:50.479-0500] {dag.py:3096} INFO - Sync 1 DAGs
[2025-07-18T11:50:50.488-0500] {logging_mixin.py:188} INFO - [2025-07-18T11:50:50.488-0500] {dag.py:3954} INFO - Setting next_dagrun for example_params_trigger_ui to None, run_after=None
[2025-07-18T11:50:50.503-0500] {processor.py:183} INFO - Processing /home/abhiram/jobtrak-stack/venv/lib/python3.12/site-packages/airflow/example_dags/example_params_trigger_ui.py took 0.068 seconds
[2025-07-18T11:51:20.574-0500] {processor.py:161} INFO - Started process (PID=1263) to work on /home/abhiram/jobtrak-stack/venv/lib/python3.12/site-packages/airflow/example_dags/example_params_trigger_ui.py
[2025-07-18T11:51:20.576-0500] {processor.py:830} INFO - Processing file /home/abhiram/jobtrak-stack/venv/lib/python3.12/site-packages/airflow/example_dags/example_params_trigger_ui.py for tasks to queue
[2025-07-18T11:51:20.577-0500] {logging_mixin.py:188} INFO - [2025-07-18T11:51:20.577-0500] {dagbag.py:545} INFO - Filling up the DagBag from /home/abhiram/jobtrak-stack/venv/lib/python3.12/site-packages/airflow/example_dags/example_params_trigger_ui.py
[2025-07-18T11:51:20.587-0500] {processor.py:840} INFO - DAG(s) 'example_params_trigger_ui' retrieved from /home/abhiram/jobtrak-stack/venv/lib/python3.12/site-packages/airflow/example_dags/example_params_trigger_ui.py
[2025-07-18T11:51:20.621-0500] {logging_mixin.py:188} INFO - [2025-07-18T11:51:20.621-0500] {dag.py:3096} INFO - Sync 1 DAGs
[2025-07-18T11:51:20.636-0500] {logging_mixin.py:188} INFO - [2025-07-18T11:51:20.635-0500] {dag.py:3954} INFO - Setting next_dagrun for example_params_trigger_ui to None, run_after=None
[2025-07-18T11:51:20.654-0500] {processor.py:183} INFO - Processing /home/abhiram/jobtrak-stack/venv/lib/python3.12/site-packages/airflow/example_dags/example_params_trigger_ui.py took 0.083 seconds
[2025-07-18T11:51:50.852-0500] {processor.py:161} INFO - Started process (PID=1368) to work on /home/abhiram/jobtrak-stack/venv/lib/python3.12/site-packages/airflow/example_dags/example_params_trigger_ui.py
[2025-07-18T11:51:50.852-0500] {processor.py:830} INFO - Processing file /home/abhiram/jobtrak-stack/venv/lib/python3.12/site-packages/airflow/example_dags/example_params_trigger_ui.py for tasks to queue
[2025-07-18T11:51:50.854-0500] {logging_mixin.py:188} INFO - [2025-07-18T11:51:50.853-0500] {dagbag.py:545} INFO - Filling up the DagBag from /home/abhiram/jobtrak-stack/venv/lib/python3.12/site-packages/airflow/example_dags/example_params_trigger_ui.py
[2025-07-18T11:51:50.866-0500] {processor.py:840} INFO - DAG(s) 'example_params_trigger_ui' retrieved from /home/abhiram/jobtrak-stack/venv/lib/python3.12/site-packages/airflow/example_dags/example_params_trigger_ui.py
[2025-07-18T11:51:50.907-0500] {logging_mixin.py:188} INFO - [2025-07-18T11:51:50.907-0500] {dag.py:3096} INFO - Sync 1 DAGs
[2025-07-18T11:51:50.919-0500] {logging_mixin.py:188} INFO - [2025-07-18T11:51:50.919-0500] {dag.py:3954} INFO - Setting next_dagrun for example_params_trigger_ui to None, run_after=None
[2025-07-18T11:51:50.945-0500] {processor.py:183} INFO - Processing /home/abhiram/jobtrak-stack/venv/lib/python3.12/site-packages/airflow/example_dags/example_params_trigger_ui.py took 0.100 seconds
[2025-07-18T12:32:15.219-0500] {processor.py:161} INFO - Started process (PID=1908) to work on /home/abhiram/jobtrak-stack/venv/lib/python3.12/site-packages/airflow/example_dags/example_params_trigger_ui.py
[2025-07-18T12:32:15.220-0500] {processor.py:830} INFO - Processing file /home/abhiram/jobtrak-stack/venv/lib/python3.12/site-packages/airflow/example_dags/example_params_trigger_ui.py for tasks to queue
[2025-07-18T12:32:15.221-0500] {logging_mixin.py:188} INFO - [2025-07-18T12:32:15.221-0500] {dagbag.py:545} INFO - Filling up the DagBag from /home/abhiram/jobtrak-stack/venv/lib/python3.12/site-packages/airflow/example_dags/example_params_trigger_ui.py
[2025-07-18T12:32:15.231-0500] {processor.py:840} INFO - DAG(s) 'example_params_trigger_ui' retrieved from /home/abhiram/jobtrak-stack/venv/lib/python3.12/site-packages/airflow/example_dags/example_params_trigger_ui.py
[2025-07-18T12:32:15.261-0500] {logging_mixin.py:188} INFO - [2025-07-18T12:32:15.261-0500] {dag.py:3096} INFO - Sync 1 DAGs
[2025-07-18T12:32:15.270-0500] {logging_mixin.py:188} INFO - [2025-07-18T12:32:15.270-0500] {dag.py:3954} INFO - Setting next_dagrun for example_params_trigger_ui to None, run_after=None
[2025-07-18T12:32:15.285-0500] {processor.py:183} INFO - Processing /home/abhiram/jobtrak-stack/venv/lib/python3.12/site-packages/airflow/example_dags/example_params_trigger_ui.py took 0.070 seconds
[2025-07-18T12:32:45.624-0500] {processor.py:161} INFO - Started process (PID=2037) to work on /home/abhiram/jobtrak-stack/venv/lib/python3.12/site-packages/airflow/example_dags/example_params_trigger_ui.py
[2025-07-18T12:32:45.625-0500] {processor.py:830} INFO - Processing file /home/abhiram/jobtrak-stack/venv/lib/python3.12/site-packages/airflow/example_dags/example_params_trigger_ui.py for tasks to queue
[2025-07-18T12:32:45.626-0500] {logging_mixin.py:188} INFO - [2025-07-18T12:32:45.625-0500] {dagbag.py:545} INFO - Filling up the DagBag from /home/abhiram/jobtrak-stack/venv/lib/python3.12/site-packages/airflow/example_dags/example_params_trigger_ui.py
[2025-07-18T12:32:45.636-0500] {processor.py:840} INFO - DAG(s) 'example_params_trigger_ui' retrieved from /home/abhiram/jobtrak-stack/venv/lib/python3.12/site-packages/airflow/example_dags/example_params_trigger_ui.py
[2025-07-18T12:32:45.666-0500] {logging_mixin.py:188} INFO - [2025-07-18T12:32:45.666-0500] {dag.py:3096} INFO - Sync 1 DAGs
[2025-07-18T12:32:45.675-0500] {logging_mixin.py:188} INFO - [2025-07-18T12:32:45.675-0500] {dag.py:3954} INFO - Setting next_dagrun for example_params_trigger_ui to None, run_after=None
[2025-07-18T12:32:45.694-0500] {processor.py:183} INFO - Processing /home/abhiram/jobtrak-stack/venv/lib/python3.12/site-packages/airflow/example_dags/example_params_trigger_ui.py took 0.074 seconds
[2025-07-18T12:33:15.730-0500] {processor.py:161} INFO - Started process (PID=2154) to work on /home/abhiram/jobtrak-stack/venv/lib/python3.12/site-packages/airflow/example_dags/example_params_trigger_ui.py
[2025-07-18T12:33:15.731-0500] {processor.py:830} INFO - Processing file /home/abhiram/jobtrak-stack/venv/lib/python3.12/site-packages/airflow/example_dags/example_params_trigger_ui.py for tasks to queue
[2025-07-18T12:33:15.733-0500] {logging_mixin.py:188} INFO - [2025-07-18T12:33:15.732-0500] {dagbag.py:545} INFO - Filling up the DagBag from /home/abhiram/jobtrak-stack/venv/lib/python3.12/site-packages/airflow/example_dags/example_params_trigger_ui.py
[2025-07-18T12:33:15.743-0500] {processor.py:840} INFO - DAG(s) 'example_params_trigger_ui' retrieved from /home/abhiram/jobtrak-stack/venv/lib/python3.12/site-packages/airflow/example_dags/example_params_trigger_ui.py
[2025-07-18T12:33:15.784-0500] {logging_mixin.py:188} INFO - [2025-07-18T12:33:15.784-0500] {dag.py:3096} INFO - Sync 1 DAGs
[2025-07-18T12:33:15.795-0500] {logging_mixin.py:188} INFO - [2025-07-18T12:33:15.794-0500] {dag.py:3954} INFO - Setting next_dagrun for example_params_trigger_ui to None, run_after=None
[2025-07-18T12:33:15.817-0500] {processor.py:183} INFO - Processing /home/abhiram/jobtrak-stack/venv/lib/python3.12/site-packages/airflow/example_dags/example_params_trigger_ui.py took 0.092 seconds
[2025-07-18T12:33:46.041-0500] {processor.py:161} INFO - Started process (PID=2268) to work on /home/abhiram/jobtrak-stack/venv/lib/python3.12/site-packages/airflow/example_dags/example_params_trigger_ui.py
[2025-07-18T12:33:46.042-0500] {processor.py:830} INFO - Processing file /home/abhiram/jobtrak-stack/venv/lib/python3.12/site-packages/airflow/example_dags/example_params_trigger_ui.py for tasks to queue
[2025-07-18T12:33:46.045-0500] {logging_mixin.py:188} INFO - [2025-07-18T12:33:46.044-0500] {dagbag.py:545} INFO - Filling up the DagBag from /home/abhiram/jobtrak-stack/venv/lib/python3.12/site-packages/airflow/example_dags/example_params_trigger_ui.py
[2025-07-18T12:33:46.063-0500] {processor.py:840} INFO - DAG(s) 'example_params_trigger_ui' retrieved from /home/abhiram/jobtrak-stack/venv/lib/python3.12/site-packages/airflow/example_dags/example_params_trigger_ui.py
[2025-07-18T12:33:46.101-0500] {logging_mixin.py:188} INFO - [2025-07-18T12:33:46.100-0500] {dag.py:3096} INFO - Sync 1 DAGs
[2025-07-18T12:33:46.109-0500] {logging_mixin.py:188} INFO - [2025-07-18T12:33:46.109-0500] {dag.py:3954} INFO - Setting next_dagrun for example_params_trigger_ui to None, run_after=None
[2025-07-18T12:33:46.125-0500] {processor.py:183} INFO - Processing /home/abhiram/jobtrak-stack/venv/lib/python3.12/site-packages/airflow/example_dags/example_params_trigger_ui.py took 0.093 seconds
[2025-07-18T12:34:16.341-0500] {processor.py:161} INFO - Started process (PID=2375) to work on /home/abhiram/jobtrak-stack/venv/lib/python3.12/site-packages/airflow/example_dags/example_params_trigger_ui.py
[2025-07-18T12:34:16.342-0500] {processor.py:830} INFO - Processing file /home/abhiram/jobtrak-stack/venv/lib/python3.12/site-packages/airflow/example_dags/example_params_trigger_ui.py for tasks to queue
[2025-07-18T12:34:16.343-0500] {logging_mixin.py:188} INFO - [2025-07-18T12:34:16.343-0500] {dagbag.py:545} INFO - Filling up the DagBag from /home/abhiram/jobtrak-stack/venv/lib/python3.12/site-packages/airflow/example_dags/example_params_trigger_ui.py
[2025-07-18T12:34:16.352-0500] {processor.py:840} INFO - DAG(s) 'example_params_trigger_ui' retrieved from /home/abhiram/jobtrak-stack/venv/lib/python3.12/site-packages/airflow/example_dags/example_params_trigger_ui.py
[2025-07-18T12:34:16.390-0500] {logging_mixin.py:188} INFO - [2025-07-18T12:34:16.390-0500] {dag.py:3096} INFO - Sync 1 DAGs
[2025-07-18T12:34:16.399-0500] {logging_mixin.py:188} INFO - [2025-07-18T12:34:16.398-0500] {dag.py:3954} INFO - Setting next_dagrun for example_params_trigger_ui to None, run_after=None
[2025-07-18T12:34:16.416-0500] {processor.py:183} INFO - Processing /home/abhiram/jobtrak-stack/venv/lib/python3.12/site-packages/airflow/example_dags/example_params_trigger_ui.py took 0.080 seconds
[2025-07-18T12:34:47.038-0500] {processor.py:161} INFO - Started process (PID=2484) to work on /home/abhiram/jobtrak-stack/venv/lib/python3.12/site-packages/airflow/example_dags/example_params_trigger_ui.py
[2025-07-18T12:34:47.038-0500] {processor.py:830} INFO - Processing file /home/abhiram/jobtrak-stack/venv/lib/python3.12/site-packages/airflow/example_dags/example_params_trigger_ui.py for tasks to queue
[2025-07-18T12:34:47.039-0500] {logging_mixin.py:188} INFO - [2025-07-18T12:34:47.039-0500] {dagbag.py:545} INFO - Filling up the DagBag from /home/abhiram/jobtrak-stack/venv/lib/python3.12/site-packages/airflow/example_dags/example_params_trigger_ui.py
[2025-07-18T12:34:47.049-0500] {processor.py:840} INFO - DAG(s) 'example_params_trigger_ui' retrieved from /home/abhiram/jobtrak-stack/venv/lib/python3.12/site-packages/airflow/example_dags/example_params_trigger_ui.py
[2025-07-18T12:34:47.078-0500] {logging_mixin.py:188} INFO - [2025-07-18T12:34:47.077-0500] {dag.py:3096} INFO - Sync 1 DAGs
[2025-07-18T12:34:47.085-0500] {logging_mixin.py:188} INFO - [2025-07-18T12:34:47.085-0500] {dag.py:3954} INFO - Setting next_dagrun for example_params_trigger_ui to None, run_after=None
[2025-07-18T12:34:47.100-0500] {processor.py:183} INFO - Processing /home/abhiram/jobtrak-stack/venv/lib/python3.12/site-packages/airflow/example_dags/example_params_trigger_ui.py took 0.066 seconds
[2025-07-18T12:35:17.484-0500] {processor.py:161} INFO - Started process (PID=2595) to work on /home/abhiram/jobtrak-stack/venv/lib/python3.12/site-packages/airflow/example_dags/example_params_trigger_ui.py
[2025-07-18T12:35:17.486-0500] {processor.py:830} INFO - Processing file /home/abhiram/jobtrak-stack/venv/lib/python3.12/site-packages/airflow/example_dags/example_params_trigger_ui.py for tasks to queue
[2025-07-18T12:35:17.488-0500] {logging_mixin.py:188} INFO - [2025-07-18T12:35:17.487-0500] {dagbag.py:545} INFO - Filling up the DagBag from /home/abhiram/jobtrak-stack/venv/lib/python3.12/site-packages/airflow/example_dags/example_params_trigger_ui.py
[2025-07-18T12:35:17.498-0500] {processor.py:840} INFO - DAG(s) 'example_params_trigger_ui' retrieved from /home/abhiram/jobtrak-stack/venv/lib/python3.12/site-packages/airflow/example_dags/example_params_trigger_ui.py
[2025-07-18T12:35:17.533-0500] {logging_mixin.py:188} INFO - [2025-07-18T12:35:17.533-0500] {dag.py:3096} INFO - Sync 1 DAGs
[2025-07-18T12:35:17.544-0500] {logging_mixin.py:188} INFO - [2025-07-18T12:35:17.544-0500] {dag.py:3954} INFO - Setting next_dagrun for example_params_trigger_ui to None, run_after=None
[2025-07-18T12:35:17.562-0500] {processor.py:183} INFO - Processing /home/abhiram/jobtrak-stack/venv/lib/python3.12/site-packages/airflow/example_dags/example_params_trigger_ui.py took 0.082 seconds
[2025-07-18T12:35:47.810-0500] {processor.py:161} INFO - Started process (PID=2700) to work on /home/abhiram/jobtrak-stack/venv/lib/python3.12/site-packages/airflow/example_dags/example_params_trigger_ui.py
[2025-07-18T12:35:47.811-0500] {processor.py:830} INFO - Processing file /home/abhiram/jobtrak-stack/venv/lib/python3.12/site-packages/airflow/example_dags/example_params_trigger_ui.py for tasks to queue
[2025-07-18T12:35:47.812-0500] {logging_mixin.py:188} INFO - [2025-07-18T12:35:47.812-0500] {dagbag.py:545} INFO - Filling up the DagBag from /home/abhiram/jobtrak-stack/venv/lib/python3.12/site-packages/airflow/example_dags/example_params_trigger_ui.py
[2025-07-18T12:35:47.821-0500] {processor.py:840} INFO - DAG(s) 'example_params_trigger_ui' retrieved from /home/abhiram/jobtrak-stack/venv/lib/python3.12/site-packages/airflow/example_dags/example_params_trigger_ui.py
[2025-07-18T12:35:47.854-0500] {logging_mixin.py:188} INFO - [2025-07-18T12:35:47.854-0500] {dag.py:3096} INFO - Sync 1 DAGs
[2025-07-18T12:35:47.862-0500] {logging_mixin.py:188} INFO - [2025-07-18T12:35:47.862-0500] {dag.py:3954} INFO - Setting next_dagrun for example_params_trigger_ui to None, run_after=None
[2025-07-18T12:35:47.882-0500] {processor.py:183} INFO - Processing /home/abhiram/jobtrak-stack/venv/lib/python3.12/site-packages/airflow/example_dags/example_params_trigger_ui.py took 0.075 seconds
[2025-07-18T12:36:18.351-0500] {processor.py:161} INFO - Started process (PID=2807) to work on /home/abhiram/jobtrak-stack/venv/lib/python3.12/site-packages/airflow/example_dags/example_params_trigger_ui.py
[2025-07-18T12:36:18.352-0500] {processor.py:830} INFO - Processing file /home/abhiram/jobtrak-stack/venv/lib/python3.12/site-packages/airflow/example_dags/example_params_trigger_ui.py for tasks to queue
[2025-07-18T12:36:18.353-0500] {logging_mixin.py:188} INFO - [2025-07-18T12:36:18.352-0500] {dagbag.py:545} INFO - Filling up the DagBag from /home/abhiram/jobtrak-stack/venv/lib/python3.12/site-packages/airflow/example_dags/example_params_trigger_ui.py
[2025-07-18T12:36:18.361-0500] {processor.py:840} INFO - DAG(s) 'example_params_trigger_ui' retrieved from /home/abhiram/jobtrak-stack/venv/lib/python3.12/site-packages/airflow/example_dags/example_params_trigger_ui.py
[2025-07-18T12:36:18.395-0500] {logging_mixin.py:188} INFO - [2025-07-18T12:36:18.395-0500] {dag.py:3096} INFO - Sync 1 DAGs
[2025-07-18T12:36:18.403-0500] {logging_mixin.py:188} INFO - [2025-07-18T12:36:18.403-0500] {dag.py:3954} INFO - Setting next_dagrun for example_params_trigger_ui to None, run_after=None
[2025-07-18T12:36:18.423-0500] {processor.py:183} INFO - Processing /home/abhiram/jobtrak-stack/venv/lib/python3.12/site-packages/airflow/example_dags/example_params_trigger_ui.py took 0.076 seconds
[2025-07-18T12:36:48.664-0500] {processor.py:161} INFO - Started process (PID=2923) to work on /home/abhiram/jobtrak-stack/venv/lib/python3.12/site-packages/airflow/example_dags/example_params_trigger_ui.py
[2025-07-18T12:36:48.665-0500] {processor.py:830} INFO - Processing file /home/abhiram/jobtrak-stack/venv/lib/python3.12/site-packages/airflow/example_dags/example_params_trigger_ui.py for tasks to queue
[2025-07-18T12:36:48.666-0500] {logging_mixin.py:188} INFO - [2025-07-18T12:36:48.666-0500] {dagbag.py:545} INFO - Filling up the DagBag from /home/abhiram/jobtrak-stack/venv/lib/python3.12/site-packages/airflow/example_dags/example_params_trigger_ui.py
[2025-07-18T12:36:48.678-0500] {processor.py:840} INFO - DAG(s) 'example_params_trigger_ui' retrieved from /home/abhiram/jobtrak-stack/venv/lib/python3.12/site-packages/airflow/example_dags/example_params_trigger_ui.py
[2025-07-18T12:36:48.730-0500] {logging_mixin.py:188} INFO - [2025-07-18T12:36:48.730-0500] {dag.py:3096} INFO - Sync 1 DAGs
[2025-07-18T12:36:48.743-0500] {logging_mixin.py:188} INFO - [2025-07-18T12:36:48.742-0500] {dag.py:3954} INFO - Setting next_dagrun for example_params_trigger_ui to None, run_after=None
[2025-07-18T12:36:48.760-0500] {processor.py:183} INFO - Processing /home/abhiram/jobtrak-stack/venv/lib/python3.12/site-packages/airflow/example_dags/example_params_trigger_ui.py took 0.101 seconds
[2025-07-18T12:37:19.011-0500] {processor.py:161} INFO - Started process (PID=3138) to work on /home/abhiram/jobtrak-stack/venv/lib/python3.12/site-packages/airflow/example_dags/example_params_trigger_ui.py
[2025-07-18T12:37:19.013-0500] {processor.py:830} INFO - Processing file /home/abhiram/jobtrak-stack/venv/lib/python3.12/site-packages/airflow/example_dags/example_params_trigger_ui.py for tasks to queue
[2025-07-18T12:37:19.015-0500] {logging_mixin.py:188} INFO - [2025-07-18T12:37:19.014-0500] {dagbag.py:545} INFO - Filling up the DagBag from /home/abhiram/jobtrak-stack/venv/lib/python3.12/site-packages/airflow/example_dags/example_params_trigger_ui.py
[2025-07-18T12:37:19.030-0500] {processor.py:840} INFO - DAG(s) 'example_params_trigger_ui' retrieved from /home/abhiram/jobtrak-stack/venv/lib/python3.12/site-packages/airflow/example_dags/example_params_trigger_ui.py
[2025-07-18T12:37:19.064-0500] {logging_mixin.py:188} INFO - [2025-07-18T12:37:19.064-0500] {dag.py:3096} INFO - Sync 1 DAGs
[2025-07-18T12:37:19.073-0500] {logging_mixin.py:188} INFO - [2025-07-18T12:37:19.073-0500] {dag.py:3954} INFO - Setting next_dagrun for example_params_trigger_ui to None, run_after=None
[2025-07-18T12:37:19.092-0500] {processor.py:183} INFO - Processing /home/abhiram/jobtrak-stack/venv/lib/python3.12/site-packages/airflow/example_dags/example_params_trigger_ui.py took 0.093 seconds
[2025-07-18T12:37:49.471-0500] {processor.py:161} INFO - Started process (PID=3247) to work on /home/abhiram/jobtrak-stack/venv/lib/python3.12/site-packages/airflow/example_dags/example_params_trigger_ui.py
[2025-07-18T12:37:49.472-0500] {processor.py:830} INFO - Processing file /home/abhiram/jobtrak-stack/venv/lib/python3.12/site-packages/airflow/example_dags/example_params_trigger_ui.py for tasks to queue
[2025-07-18T12:37:49.473-0500] {logging_mixin.py:188} INFO - [2025-07-18T12:37:49.473-0500] {dagbag.py:545} INFO - Filling up the DagBag from /home/abhiram/jobtrak-stack/venv/lib/python3.12/site-packages/airflow/example_dags/example_params_trigger_ui.py
[2025-07-18T12:37:49.484-0500] {processor.py:840} INFO - DAG(s) 'example_params_trigger_ui' retrieved from /home/abhiram/jobtrak-stack/venv/lib/python3.12/site-packages/airflow/example_dags/example_params_trigger_ui.py
[2025-07-18T12:37:49.539-0500] {logging_mixin.py:188} INFO - [2025-07-18T12:37:49.539-0500] {dag.py:3096} INFO - Sync 1 DAGs
[2025-07-18T12:37:49.550-0500] {logging_mixin.py:188} INFO - [2025-07-18T12:37:49.550-0500] {dag.py:3954} INFO - Setting next_dagrun for example_params_trigger_ui to None, run_after=None
[2025-07-18T12:37:49.570-0500] {processor.py:183} INFO - Processing /home/abhiram/jobtrak-stack/venv/lib/python3.12/site-packages/airflow/example_dags/example_params_trigger_ui.py took 0.104 seconds
[2025-07-18T12:38:19.721-0500] {processor.py:161} INFO - Started process (PID=3354) to work on /home/abhiram/jobtrak-stack/venv/lib/python3.12/site-packages/airflow/example_dags/example_params_trigger_ui.py
[2025-07-18T12:38:19.723-0500] {processor.py:830} INFO - Processing file /home/abhiram/jobtrak-stack/venv/lib/python3.12/site-packages/airflow/example_dags/example_params_trigger_ui.py for tasks to queue
[2025-07-18T12:38:19.724-0500] {logging_mixin.py:188} INFO - [2025-07-18T12:38:19.724-0500] {dagbag.py:545} INFO - Filling up the DagBag from /home/abhiram/jobtrak-stack/venv/lib/python3.12/site-packages/airflow/example_dags/example_params_trigger_ui.py
[2025-07-18T12:38:19.733-0500] {processor.py:840} INFO - DAG(s) 'example_params_trigger_ui' retrieved from /home/abhiram/jobtrak-stack/venv/lib/python3.12/site-packages/airflow/example_dags/example_params_trigger_ui.py
[2025-07-18T12:38:19.768-0500] {logging_mixin.py:188} INFO - [2025-07-18T12:38:19.768-0500] {dag.py:3096} INFO - Sync 1 DAGs
[2025-07-18T12:38:19.779-0500] {logging_mixin.py:188} INFO - [2025-07-18T12:38:19.779-0500] {dag.py:3954} INFO - Setting next_dagrun for example_params_trigger_ui to None, run_after=None
[2025-07-18T12:38:19.796-0500] {processor.py:183} INFO - Processing /home/abhiram/jobtrak-stack/venv/lib/python3.12/site-packages/airflow/example_dags/example_params_trigger_ui.py took 0.084 seconds
[2025-07-18T12:38:50.181-0500] {processor.py:161} INFO - Started process (PID=3461) to work on /home/abhiram/jobtrak-stack/venv/lib/python3.12/site-packages/airflow/example_dags/example_params_trigger_ui.py
[2025-07-18T12:38:50.182-0500] {processor.py:830} INFO - Processing file /home/abhiram/jobtrak-stack/venv/lib/python3.12/site-packages/airflow/example_dags/example_params_trigger_ui.py for tasks to queue
[2025-07-18T12:38:50.183-0500] {logging_mixin.py:188} INFO - [2025-07-18T12:38:50.183-0500] {dagbag.py:545} INFO - Filling up the DagBag from /home/abhiram/jobtrak-stack/venv/lib/python3.12/site-packages/airflow/example_dags/example_params_trigger_ui.py
[2025-07-18T12:38:50.194-0500] {processor.py:840} INFO - DAG(s) 'example_params_trigger_ui' retrieved from /home/abhiram/jobtrak-stack/venv/lib/python3.12/site-packages/airflow/example_dags/example_params_trigger_ui.py
[2025-07-18T12:38:50.243-0500] {logging_mixin.py:188} INFO - [2025-07-18T12:38:50.243-0500] {dag.py:3096} INFO - Sync 1 DAGs
[2025-07-18T12:38:50.251-0500] {logging_mixin.py:188} INFO - [2025-07-18T12:38:50.251-0500] {dag.py:3954} INFO - Setting next_dagrun for example_params_trigger_ui to None, run_after=None
[2025-07-18T12:38:50.269-0500] {processor.py:183} INFO - Processing /home/abhiram/jobtrak-stack/venv/lib/python3.12/site-packages/airflow/example_dags/example_params_trigger_ui.py took 0.094 seconds
[2025-07-18T12:39:20.483-0500] {processor.py:161} INFO - Started process (PID=3569) to work on /home/abhiram/jobtrak-stack/venv/lib/python3.12/site-packages/airflow/example_dags/example_params_trigger_ui.py
[2025-07-18T12:39:20.484-0500] {processor.py:830} INFO - Processing file /home/abhiram/jobtrak-stack/venv/lib/python3.12/site-packages/airflow/example_dags/example_params_trigger_ui.py for tasks to queue
[2025-07-18T12:39:20.485-0500] {logging_mixin.py:188} INFO - [2025-07-18T12:39:20.485-0500] {dagbag.py:545} INFO - Filling up the DagBag from /home/abhiram/jobtrak-stack/venv/lib/python3.12/site-packages/airflow/example_dags/example_params_trigger_ui.py
[2025-07-18T12:39:20.494-0500] {processor.py:840} INFO - DAG(s) 'example_params_trigger_ui' retrieved from /home/abhiram/jobtrak-stack/venv/lib/python3.12/site-packages/airflow/example_dags/example_params_trigger_ui.py
[2025-07-18T12:39:20.526-0500] {logging_mixin.py:188} INFO - [2025-07-18T12:39:20.526-0500] {dag.py:3096} INFO - Sync 1 DAGs
[2025-07-18T12:39:20.535-0500] {logging_mixin.py:188} INFO - [2025-07-18T12:39:20.535-0500] {dag.py:3954} INFO - Setting next_dagrun for example_params_trigger_ui to None, run_after=None
[2025-07-18T12:39:20.550-0500] {processor.py:183} INFO - Processing /home/abhiram/jobtrak-stack/venv/lib/python3.12/site-packages/airflow/example_dags/example_params_trigger_ui.py took 0.071 seconds
[2025-07-18T12:39:50.698-0500] {processor.py:161} INFO - Started process (PID=3674) to work on /home/abhiram/jobtrak-stack/venv/lib/python3.12/site-packages/airflow/example_dags/example_params_trigger_ui.py
[2025-07-18T12:39:50.698-0500] {processor.py:830} INFO - Processing file /home/abhiram/jobtrak-stack/venv/lib/python3.12/site-packages/airflow/example_dags/example_params_trigger_ui.py for tasks to queue
[2025-07-18T12:39:50.700-0500] {logging_mixin.py:188} INFO - [2025-07-18T12:39:50.700-0500] {dagbag.py:545} INFO - Filling up the DagBag from /home/abhiram/jobtrak-stack/venv/lib/python3.12/site-packages/airflow/example_dags/example_params_trigger_ui.py
[2025-07-18T12:39:50.712-0500] {processor.py:840} INFO - DAG(s) 'example_params_trigger_ui' retrieved from /home/abhiram/jobtrak-stack/venv/lib/python3.12/site-packages/airflow/example_dags/example_params_trigger_ui.py
[2025-07-18T12:39:50.758-0500] {logging_mixin.py:188} INFO - [2025-07-18T12:39:50.757-0500] {dag.py:3096} INFO - Sync 1 DAGs
[2025-07-18T12:39:50.770-0500] {logging_mixin.py:188} INFO - [2025-07-18T12:39:50.769-0500] {dag.py:3954} INFO - Setting next_dagrun for example_params_trigger_ui to None, run_after=None
[2025-07-18T12:39:50.802-0500] {processor.py:183} INFO - Processing /home/abhiram/jobtrak-stack/venv/lib/python3.12/site-packages/airflow/example_dags/example_params_trigger_ui.py took 0.110 seconds
[2025-07-18T12:40:21.810-0500] {processor.py:161} INFO - Started process (PID=3794) to work on /home/abhiram/jobtrak-stack/venv/lib/python3.12/site-packages/airflow/example_dags/example_params_trigger_ui.py
[2025-07-18T12:40:21.813-0500] {processor.py:830} INFO - Processing file /home/abhiram/jobtrak-stack/venv/lib/python3.12/site-packages/airflow/example_dags/example_params_trigger_ui.py for tasks to queue
[2025-07-18T12:40:21.815-0500] {logging_mixin.py:188} INFO - [2025-07-18T12:40:21.815-0500] {dagbag.py:545} INFO - Filling up the DagBag from /home/abhiram/jobtrak-stack/venv/lib/python3.12/site-packages/airflow/example_dags/example_params_trigger_ui.py
[2025-07-18T12:40:21.832-0500] {processor.py:840} INFO - DAG(s) 'example_params_trigger_ui' retrieved from /home/abhiram/jobtrak-stack/venv/lib/python3.12/site-packages/airflow/example_dags/example_params_trigger_ui.py
[2025-07-18T12:40:21.866-0500] {logging_mixin.py:188} INFO - [2025-07-18T12:40:21.866-0500] {dag.py:3096} INFO - Sync 1 DAGs
[2025-07-18T12:40:21.875-0500] {logging_mixin.py:188} INFO - [2025-07-18T12:40:21.875-0500] {dag.py:3954} INFO - Setting next_dagrun for example_params_trigger_ui to None, run_after=None
[2025-07-18T12:40:21.892-0500] {processor.py:183} INFO - Processing /home/abhiram/jobtrak-stack/venv/lib/python3.12/site-packages/airflow/example_dags/example_params_trigger_ui.py took 0.092 seconds
[2025-07-18T12:40:30.966-0500] {processor.py:161} INFO - Started process (PID=3866) to work on /home/abhiram/jobtrak-stack/venv/lib/python3.12/site-packages/airflow/example_dags/example_params_trigger_ui.py
[2025-07-18T12:40:30.967-0500] {processor.py:830} INFO - Processing file /home/abhiram/jobtrak-stack/venv/lib/python3.12/site-packages/airflow/example_dags/example_params_trigger_ui.py for tasks to queue
[2025-07-18T12:40:30.968-0500] {logging_mixin.py:188} INFO - [2025-07-18T12:40:30.968-0500] {dagbag.py:545} INFO - Filling up the DagBag from /home/abhiram/jobtrak-stack/venv/lib/python3.12/site-packages/airflow/example_dags/example_params_trigger_ui.py
[2025-07-18T12:40:30.980-0500] {processor.py:840} INFO - DAG(s) 'example_params_trigger_ui' retrieved from /home/abhiram/jobtrak-stack/venv/lib/python3.12/site-packages/airflow/example_dags/example_params_trigger_ui.py
[2025-07-18T12:40:31.013-0500] {logging_mixin.py:188} INFO - [2025-07-18T12:40:31.013-0500] {dag.py:3096} INFO - Sync 1 DAGs
[2025-07-18T12:40:31.024-0500] {logging_mixin.py:188} INFO - [2025-07-18T12:40:31.024-0500] {dag.py:3954} INFO - Setting next_dagrun for example_params_trigger_ui to None, run_after=None
[2025-07-18T12:40:31.039-0500] {processor.py:183} INFO - Processing /home/abhiram/jobtrak-stack/venv/lib/python3.12/site-packages/airflow/example_dags/example_params_trigger_ui.py took 0.076 seconds
[2025-07-18T12:41:01.542-0500] {processor.py:161} INFO - Started process (PID=3990) to work on /home/abhiram/jobtrak-stack/venv/lib/python3.12/site-packages/airflow/example_dags/example_params_trigger_ui.py
[2025-07-18T12:41:01.544-0500] {processor.py:830} INFO - Processing file /home/abhiram/jobtrak-stack/venv/lib/python3.12/site-packages/airflow/example_dags/example_params_trigger_ui.py for tasks to queue
[2025-07-18T12:41:01.545-0500] {logging_mixin.py:188} INFO - [2025-07-18T12:41:01.545-0500] {dagbag.py:545} INFO - Filling up the DagBag from /home/abhiram/jobtrak-stack/venv/lib/python3.12/site-packages/airflow/example_dags/example_params_trigger_ui.py
[2025-07-18T12:41:01.553-0500] {processor.py:840} INFO - DAG(s) 'example_params_trigger_ui' retrieved from /home/abhiram/jobtrak-stack/venv/lib/python3.12/site-packages/airflow/example_dags/example_params_trigger_ui.py
[2025-07-18T12:41:01.587-0500] {logging_mixin.py:188} INFO - [2025-07-18T12:41:01.586-0500] {dag.py:3096} INFO - Sync 1 DAGs
[2025-07-18T12:41:01.596-0500] {logging_mixin.py:188} INFO - [2025-07-18T12:41:01.596-0500] {dag.py:3954} INFO - Setting next_dagrun for example_params_trigger_ui to None, run_after=None
[2025-07-18T12:41:01.612-0500] {processor.py:183} INFO - Processing /home/abhiram/jobtrak-stack/venv/lib/python3.12/site-packages/airflow/example_dags/example_params_trigger_ui.py took 0.074 seconds
[2025-07-18T12:41:31.934-0500] {processor.py:161} INFO - Started process (PID=4155) to work on /home/abhiram/jobtrak-stack/venv/lib/python3.12/site-packages/airflow/example_dags/example_params_trigger_ui.py
[2025-07-18T12:41:31.935-0500] {processor.py:830} INFO - Processing file /home/abhiram/jobtrak-stack/venv/lib/python3.12/site-packages/airflow/example_dags/example_params_trigger_ui.py for tasks to queue
[2025-07-18T12:41:31.936-0500] {logging_mixin.py:188} INFO - [2025-07-18T12:41:31.935-0500] {dagbag.py:545} INFO - Filling up the DagBag from /home/abhiram/jobtrak-stack/venv/lib/python3.12/site-packages/airflow/example_dags/example_params_trigger_ui.py
[2025-07-18T12:41:31.946-0500] {processor.py:840} INFO - DAG(s) 'example_params_trigger_ui' retrieved from /home/abhiram/jobtrak-stack/venv/lib/python3.12/site-packages/airflow/example_dags/example_params_trigger_ui.py
[2025-07-18T12:41:31.975-0500] {logging_mixin.py:188} INFO - [2025-07-18T12:41:31.975-0500] {dag.py:3096} INFO - Sync 1 DAGs
[2025-07-18T12:41:31.984-0500] {logging_mixin.py:188} INFO - [2025-07-18T12:41:31.984-0500] {dag.py:3954} INFO - Setting next_dagrun for example_params_trigger_ui to None, run_after=None
[2025-07-18T12:41:32.000-0500] {processor.py:183} INFO - Processing /home/abhiram/jobtrak-stack/venv/lib/python3.12/site-packages/airflow/example_dags/example_params_trigger_ui.py took 0.070 seconds
[2025-07-18T12:42:02.503-0500] {processor.py:161} INFO - Started process (PID=4262) to work on /home/abhiram/jobtrak-stack/venv/lib/python3.12/site-packages/airflow/example_dags/example_params_trigger_ui.py
[2025-07-18T12:42:02.506-0500] {processor.py:830} INFO - Processing file /home/abhiram/jobtrak-stack/venv/lib/python3.12/site-packages/airflow/example_dags/example_params_trigger_ui.py for tasks to queue
[2025-07-18T12:42:02.507-0500] {logging_mixin.py:188} INFO - [2025-07-18T12:42:02.507-0500] {dagbag.py:545} INFO - Filling up the DagBag from /home/abhiram/jobtrak-stack/venv/lib/python3.12/site-packages/airflow/example_dags/example_params_trigger_ui.py
[2025-07-18T12:42:02.516-0500] {processor.py:840} INFO - DAG(s) 'example_params_trigger_ui' retrieved from /home/abhiram/jobtrak-stack/venv/lib/python3.12/site-packages/airflow/example_dags/example_params_trigger_ui.py
[2025-07-18T12:42:02.552-0500] {logging_mixin.py:188} INFO - [2025-07-18T12:42:02.552-0500] {dag.py:3096} INFO - Sync 1 DAGs
[2025-07-18T12:42:02.560-0500] {logging_mixin.py:188} INFO - [2025-07-18T12:42:02.560-0500] {dag.py:3954} INFO - Setting next_dagrun for example_params_trigger_ui to None, run_after=None
[2025-07-18T12:42:02.577-0500] {processor.py:183} INFO - Processing /home/abhiram/jobtrak-stack/venv/lib/python3.12/site-packages/airflow/example_dags/example_params_trigger_ui.py took 0.078 seconds
[2025-07-18T12:42:33.232-0500] {processor.py:161} INFO - Started process (PID=4371) to work on /home/abhiram/jobtrak-stack/venv/lib/python3.12/site-packages/airflow/example_dags/example_params_trigger_ui.py
[2025-07-18T12:42:33.233-0500] {processor.py:830} INFO - Processing file /home/abhiram/jobtrak-stack/venv/lib/python3.12/site-packages/airflow/example_dags/example_params_trigger_ui.py for tasks to queue
[2025-07-18T12:42:33.234-0500] {logging_mixin.py:188} INFO - [2025-07-18T12:42:33.234-0500] {dagbag.py:545} INFO - Filling up the DagBag from /home/abhiram/jobtrak-stack/venv/lib/python3.12/site-packages/airflow/example_dags/example_params_trigger_ui.py
[2025-07-18T12:42:33.243-0500] {processor.py:840} INFO - DAG(s) 'example_params_trigger_ui' retrieved from /home/abhiram/jobtrak-stack/venv/lib/python3.12/site-packages/airflow/example_dags/example_params_trigger_ui.py
[2025-07-18T12:42:33.273-0500] {logging_mixin.py:188} INFO - [2025-07-18T12:42:33.273-0500] {dag.py:3096} INFO - Sync 1 DAGs
[2025-07-18T12:42:33.282-0500] {logging_mixin.py:188} INFO - [2025-07-18T12:42:33.282-0500] {dag.py:3954} INFO - Setting next_dagrun for example_params_trigger_ui to None, run_after=None
[2025-07-18T12:42:33.299-0500] {processor.py:183} INFO - Processing /home/abhiram/jobtrak-stack/venv/lib/python3.12/site-packages/airflow/example_dags/example_params_trigger_ui.py took 0.071 seconds
[2025-07-18T12:43:03.453-0500] {processor.py:161} INFO - Started process (PID=4479) to work on /home/abhiram/jobtrak-stack/venv/lib/python3.12/site-packages/airflow/example_dags/example_params_trigger_ui.py
[2025-07-18T12:43:03.454-0500] {processor.py:830} INFO - Processing file /home/abhiram/jobtrak-stack/venv/lib/python3.12/site-packages/airflow/example_dags/example_params_trigger_ui.py for tasks to queue
[2025-07-18T12:43:03.455-0500] {logging_mixin.py:188} INFO - [2025-07-18T12:43:03.455-0500] {dagbag.py:545} INFO - Filling up the DagBag from /home/abhiram/jobtrak-stack/venv/lib/python3.12/site-packages/airflow/example_dags/example_params_trigger_ui.py
[2025-07-18T12:43:03.464-0500] {processor.py:840} INFO - DAG(s) 'example_params_trigger_ui' retrieved from /home/abhiram/jobtrak-stack/venv/lib/python3.12/site-packages/airflow/example_dags/example_params_trigger_ui.py
[2025-07-18T12:43:03.490-0500] {logging_mixin.py:188} INFO - [2025-07-18T12:43:03.490-0500] {dag.py:3096} INFO - Sync 1 DAGs
[2025-07-18T12:43:03.498-0500] {logging_mixin.py:188} INFO - [2025-07-18T12:43:03.498-0500] {dag.py:3954} INFO - Setting next_dagrun for example_params_trigger_ui to None, run_after=None
[2025-07-18T12:43:03.517-0500] {processor.py:183} INFO - Processing /home/abhiram/jobtrak-stack/venv/lib/python3.12/site-packages/airflow/example_dags/example_params_trigger_ui.py took 0.067 seconds
[2025-07-18T12:43:33.897-0500] {processor.py:161} INFO - Started process (PID=4587) to work on /home/abhiram/jobtrak-stack/venv/lib/python3.12/site-packages/airflow/example_dags/example_params_trigger_ui.py
[2025-07-18T12:43:33.898-0500] {processor.py:830} INFO - Processing file /home/abhiram/jobtrak-stack/venv/lib/python3.12/site-packages/airflow/example_dags/example_params_trigger_ui.py for tasks to queue
[2025-07-18T12:43:33.899-0500] {logging_mixin.py:188} INFO - [2025-07-18T12:43:33.899-0500] {dagbag.py:545} INFO - Filling up the DagBag from /home/abhiram/jobtrak-stack/venv/lib/python3.12/site-packages/airflow/example_dags/example_params_trigger_ui.py
[2025-07-18T12:43:33.909-0500] {processor.py:840} INFO - DAG(s) 'example_params_trigger_ui' retrieved from /home/abhiram/jobtrak-stack/venv/lib/python3.12/site-packages/airflow/example_dags/example_params_trigger_ui.py
[2025-07-18T12:43:33.942-0500] {logging_mixin.py:188} INFO - [2025-07-18T12:43:33.942-0500] {dag.py:3096} INFO - Sync 1 DAGs
[2025-07-18T12:43:33.950-0500] {logging_mixin.py:188} INFO - [2025-07-18T12:43:33.950-0500] {dag.py:3954} INFO - Setting next_dagrun for example_params_trigger_ui to None, run_after=None
[2025-07-18T12:43:33.966-0500] {processor.py:183} INFO - Processing /home/abhiram/jobtrak-stack/venv/lib/python3.12/site-packages/airflow/example_dags/example_params_trigger_ui.py took 0.073 seconds
[2025-07-18T12:44:04.639-0500] {processor.py:161} INFO - Started process (PID=4698) to work on /home/abhiram/jobtrak-stack/venv/lib/python3.12/site-packages/airflow/example_dags/example_params_trigger_ui.py
[2025-07-18T12:44:04.641-0500] {processor.py:830} INFO - Processing file /home/abhiram/jobtrak-stack/venv/lib/python3.12/site-packages/airflow/example_dags/example_params_trigger_ui.py for tasks to queue
[2025-07-18T12:44:04.643-0500] {logging_mixin.py:188} INFO - [2025-07-18T12:44:04.642-0500] {dagbag.py:545} INFO - Filling up the DagBag from /home/abhiram/jobtrak-stack/venv/lib/python3.12/site-packages/airflow/example_dags/example_params_trigger_ui.py
[2025-07-18T12:44:04.656-0500] {processor.py:840} INFO - DAG(s) 'example_params_trigger_ui' retrieved from /home/abhiram/jobtrak-stack/venv/lib/python3.12/site-packages/airflow/example_dags/example_params_trigger_ui.py
[2025-07-18T12:44:04.697-0500] {logging_mixin.py:188} INFO - [2025-07-18T12:44:04.697-0500] {dag.py:3096} INFO - Sync 1 DAGs
[2025-07-18T12:44:04.714-0500] {logging_mixin.py:188} INFO - [2025-07-18T12:44:04.714-0500] {dag.py:3954} INFO - Setting next_dagrun for example_params_trigger_ui to None, run_after=None
[2025-07-18T12:44:04.738-0500] {processor.py:183} INFO - Processing /home/abhiram/jobtrak-stack/venv/lib/python3.12/site-packages/airflow/example_dags/example_params_trigger_ui.py took 0.105 seconds
[2025-07-18T12:44:35.467-0500] {processor.py:161} INFO - Started process (PID=4807) to work on /home/abhiram/jobtrak-stack/venv/lib/python3.12/site-packages/airflow/example_dags/example_params_trigger_ui.py
[2025-07-18T12:44:35.469-0500] {processor.py:830} INFO - Processing file /home/abhiram/jobtrak-stack/venv/lib/python3.12/site-packages/airflow/example_dags/example_params_trigger_ui.py for tasks to queue
[2025-07-18T12:44:35.470-0500] {logging_mixin.py:188} INFO - [2025-07-18T12:44:35.470-0500] {dagbag.py:545} INFO - Filling up the DagBag from /home/abhiram/jobtrak-stack/venv/lib/python3.12/site-packages/airflow/example_dags/example_params_trigger_ui.py
[2025-07-18T12:44:35.479-0500] {processor.py:840} INFO - DAG(s) 'example_params_trigger_ui' retrieved from /home/abhiram/jobtrak-stack/venv/lib/python3.12/site-packages/airflow/example_dags/example_params_trigger_ui.py
[2025-07-18T12:44:35.512-0500] {logging_mixin.py:188} INFO - [2025-07-18T12:44:35.512-0500] {dag.py:3096} INFO - Sync 1 DAGs
[2025-07-18T12:44:35.521-0500] {logging_mixin.py:188} INFO - [2025-07-18T12:44:35.521-0500] {dag.py:3954} INFO - Setting next_dagrun for example_params_trigger_ui to None, run_after=None
[2025-07-18T12:44:35.536-0500] {processor.py:183} INFO - Processing /home/abhiram/jobtrak-stack/venv/lib/python3.12/site-packages/airflow/example_dags/example_params_trigger_ui.py took 0.073 seconds
[2025-07-18T12:45:05.844-0500] {processor.py:161} INFO - Started process (PID=4917) to work on /home/abhiram/jobtrak-stack/venv/lib/python3.12/site-packages/airflow/example_dags/example_params_trigger_ui.py
[2025-07-18T12:45:05.846-0500] {processor.py:830} INFO - Processing file /home/abhiram/jobtrak-stack/venv/lib/python3.12/site-packages/airflow/example_dags/example_params_trigger_ui.py for tasks to queue
[2025-07-18T12:45:05.848-0500] {logging_mixin.py:188} INFO - [2025-07-18T12:45:05.847-0500] {dagbag.py:545} INFO - Filling up the DagBag from /home/abhiram/jobtrak-stack/venv/lib/python3.12/site-packages/airflow/example_dags/example_params_trigger_ui.py
[2025-07-18T12:45:05.857-0500] {processor.py:840} INFO - DAG(s) 'example_params_trigger_ui' retrieved from /home/abhiram/jobtrak-stack/venv/lib/python3.12/site-packages/airflow/example_dags/example_params_trigger_ui.py
[2025-07-18T12:45:05.888-0500] {logging_mixin.py:188} INFO - [2025-07-18T12:45:05.888-0500] {dag.py:3096} INFO - Sync 1 DAGs
[2025-07-18T12:45:05.897-0500] {logging_mixin.py:188} INFO - [2025-07-18T12:45:05.897-0500] {dag.py:3954} INFO - Setting next_dagrun for example_params_trigger_ui to None, run_after=None
[2025-07-18T12:45:05.912-0500] {processor.py:183} INFO - Processing /home/abhiram/jobtrak-stack/venv/lib/python3.12/site-packages/airflow/example_dags/example_params_trigger_ui.py took 0.072 seconds
[2025-07-18T12:45:36.424-0500] {processor.py:161} INFO - Started process (PID=5025) to work on /home/abhiram/jobtrak-stack/venv/lib/python3.12/site-packages/airflow/example_dags/example_params_trigger_ui.py
[2025-07-18T12:45:36.426-0500] {processor.py:830} INFO - Processing file /home/abhiram/jobtrak-stack/venv/lib/python3.12/site-packages/airflow/example_dags/example_params_trigger_ui.py for tasks to queue
[2025-07-18T12:45:36.427-0500] {logging_mixin.py:188} INFO - [2025-07-18T12:45:36.427-0500] {dagbag.py:545} INFO - Filling up the DagBag from /home/abhiram/jobtrak-stack/venv/lib/python3.12/site-packages/airflow/example_dags/example_params_trigger_ui.py
[2025-07-18T12:45:36.436-0500] {processor.py:840} INFO - DAG(s) 'example_params_trigger_ui' retrieved from /home/abhiram/jobtrak-stack/venv/lib/python3.12/site-packages/airflow/example_dags/example_params_trigger_ui.py
[2025-07-18T12:45:36.467-0500] {logging_mixin.py:188} INFO - [2025-07-18T12:45:36.467-0500] {dag.py:3096} INFO - Sync 1 DAGs
[2025-07-18T12:45:36.475-0500] {logging_mixin.py:188} INFO - [2025-07-18T12:45:36.475-0500] {dag.py:3954} INFO - Setting next_dagrun for example_params_trigger_ui to None, run_after=None
[2025-07-18T12:45:36.492-0500] {processor.py:183} INFO - Processing /home/abhiram/jobtrak-stack/venv/lib/python3.12/site-packages/airflow/example_dags/example_params_trigger_ui.py took 0.072 seconds
[2025-07-18T12:46:07.165-0500] {processor.py:161} INFO - Started process (PID=5133) to work on /home/abhiram/jobtrak-stack/venv/lib/python3.12/site-packages/airflow/example_dags/example_params_trigger_ui.py
[2025-07-18T12:46:07.167-0500] {processor.py:830} INFO - Processing file /home/abhiram/jobtrak-stack/venv/lib/python3.12/site-packages/airflow/example_dags/example_params_trigger_ui.py for tasks to queue
[2025-07-18T12:46:07.167-0500] {logging_mixin.py:188} INFO - [2025-07-18T12:46:07.167-0500] {dagbag.py:545} INFO - Filling up the DagBag from /home/abhiram/jobtrak-stack/venv/lib/python3.12/site-packages/airflow/example_dags/example_params_trigger_ui.py
[2025-07-18T12:46:07.176-0500] {processor.py:840} INFO - DAG(s) 'example_params_trigger_ui' retrieved from /home/abhiram/jobtrak-stack/venv/lib/python3.12/site-packages/airflow/example_dags/example_params_trigger_ui.py
[2025-07-18T12:46:07.208-0500] {logging_mixin.py:188} INFO - [2025-07-18T12:46:07.208-0500] {dag.py:3096} INFO - Sync 1 DAGs
[2025-07-18T12:46:07.216-0500] {logging_mixin.py:188} INFO - [2025-07-18T12:46:07.216-0500] {dag.py:3954} INFO - Setting next_dagrun for example_params_trigger_ui to None, run_after=None
[2025-07-18T12:46:07.230-0500] {processor.py:183} INFO - Processing /home/abhiram/jobtrak-stack/venv/lib/python3.12/site-packages/airflow/example_dags/example_params_trigger_ui.py took 0.069 seconds
[2025-07-18T12:46:37.768-0500] {processor.py:161} INFO - Started process (PID=5241) to work on /home/abhiram/jobtrak-stack/venv/lib/python3.12/site-packages/airflow/example_dags/example_params_trigger_ui.py
[2025-07-18T12:46:37.770-0500] {processor.py:830} INFO - Processing file /home/abhiram/jobtrak-stack/venv/lib/python3.12/site-packages/airflow/example_dags/example_params_trigger_ui.py for tasks to queue
[2025-07-18T12:46:37.771-0500] {logging_mixin.py:188} INFO - [2025-07-18T12:46:37.770-0500] {dagbag.py:545} INFO - Filling up the DagBag from /home/abhiram/jobtrak-stack/venv/lib/python3.12/site-packages/airflow/example_dags/example_params_trigger_ui.py
[2025-07-18T12:46:37.779-0500] {processor.py:840} INFO - DAG(s) 'example_params_trigger_ui' retrieved from /home/abhiram/jobtrak-stack/venv/lib/python3.12/site-packages/airflow/example_dags/example_params_trigger_ui.py
[2025-07-18T12:46:37.812-0500] {logging_mixin.py:188} INFO - [2025-07-18T12:46:37.811-0500] {dag.py:3096} INFO - Sync 1 DAGs
[2025-07-18T12:46:37.820-0500] {logging_mixin.py:188} INFO - [2025-07-18T12:46:37.819-0500] {dag.py:3954} INFO - Setting next_dagrun for example_params_trigger_ui to None, run_after=None
[2025-07-18T12:46:37.835-0500] {processor.py:183} INFO - Processing /home/abhiram/jobtrak-stack/venv/lib/python3.12/site-packages/airflow/example_dags/example_params_trigger_ui.py took 0.072 seconds
[2025-07-18T12:47:08.632-0500] {processor.py:161} INFO - Started process (PID=5351) to work on /home/abhiram/jobtrak-stack/venv/lib/python3.12/site-packages/airflow/example_dags/example_params_trigger_ui.py
[2025-07-18T12:47:08.634-0500] {processor.py:830} INFO - Processing file /home/abhiram/jobtrak-stack/venv/lib/python3.12/site-packages/airflow/example_dags/example_params_trigger_ui.py for tasks to queue
[2025-07-18T12:47:08.635-0500] {logging_mixin.py:188} INFO - [2025-07-18T12:47:08.635-0500] {dagbag.py:545} INFO - Filling up the DagBag from /home/abhiram/jobtrak-stack/venv/lib/python3.12/site-packages/airflow/example_dags/example_params_trigger_ui.py
[2025-07-18T12:47:08.644-0500] {processor.py:840} INFO - DAG(s) 'example_params_trigger_ui' retrieved from /home/abhiram/jobtrak-stack/venv/lib/python3.12/site-packages/airflow/example_dags/example_params_trigger_ui.py
[2025-07-18T12:47:08.679-0500] {logging_mixin.py:188} INFO - [2025-07-18T12:47:08.678-0500] {dag.py:3096} INFO - Sync 1 DAGs
[2025-07-18T12:47:08.686-0500] {logging_mixin.py:188} INFO - [2025-07-18T12:47:08.686-0500] {dag.py:3954} INFO - Setting next_dagrun for example_params_trigger_ui to None, run_after=None
[2025-07-18T12:47:08.702-0500] {processor.py:183} INFO - Processing /home/abhiram/jobtrak-stack/venv/lib/python3.12/site-packages/airflow/example_dags/example_params_trigger_ui.py took 0.076 seconds
[2025-07-18T12:47:39.276-0500] {processor.py:161} INFO - Started process (PID=5458) to work on /home/abhiram/jobtrak-stack/venv/lib/python3.12/site-packages/airflow/example_dags/example_params_trigger_ui.py
[2025-07-18T12:47:39.277-0500] {processor.py:830} INFO - Processing file /home/abhiram/jobtrak-stack/venv/lib/python3.12/site-packages/airflow/example_dags/example_params_trigger_ui.py for tasks to queue
[2025-07-18T12:47:39.278-0500] {logging_mixin.py:188} INFO - [2025-07-18T12:47:39.278-0500] {dagbag.py:545} INFO - Filling up the DagBag from /home/abhiram/jobtrak-stack/venv/lib/python3.12/site-packages/airflow/example_dags/example_params_trigger_ui.py
[2025-07-18T12:47:39.286-0500] {processor.py:840} INFO - DAG(s) 'example_params_trigger_ui' retrieved from /home/abhiram/jobtrak-stack/venv/lib/python3.12/site-packages/airflow/example_dags/example_params_trigger_ui.py
[2025-07-18T12:47:39.316-0500] {logging_mixin.py:188} INFO - [2025-07-18T12:47:39.315-0500] {dag.py:3096} INFO - Sync 1 DAGs
[2025-07-18T12:47:39.326-0500] {logging_mixin.py:188} INFO - [2025-07-18T12:47:39.326-0500] {dag.py:3954} INFO - Setting next_dagrun for example_params_trigger_ui to None, run_after=None
[2025-07-18T12:47:39.343-0500] {processor.py:183} INFO - Processing /home/abhiram/jobtrak-stack/venv/lib/python3.12/site-packages/airflow/example_dags/example_params_trigger_ui.py took 0.071 seconds
[2025-07-18T12:48:09.832-0500] {processor.py:161} INFO - Started process (PID=5629) to work on /home/abhiram/jobtrak-stack/venv/lib/python3.12/site-packages/airflow/example_dags/example_params_trigger_ui.py
[2025-07-18T12:48:09.834-0500] {processor.py:830} INFO - Processing file /home/abhiram/jobtrak-stack/venv/lib/python3.12/site-packages/airflow/example_dags/example_params_trigger_ui.py for tasks to queue
[2025-07-18T12:48:09.836-0500] {logging_mixin.py:188} INFO - [2025-07-18T12:48:09.836-0500] {dagbag.py:545} INFO - Filling up the DagBag from /home/abhiram/jobtrak-stack/venv/lib/python3.12/site-packages/airflow/example_dags/example_params_trigger_ui.py
[2025-07-18T12:48:09.853-0500] {processor.py:840} INFO - DAG(s) 'example_params_trigger_ui' retrieved from /home/abhiram/jobtrak-stack/venv/lib/python3.12/site-packages/airflow/example_dags/example_params_trigger_ui.py
[2025-07-18T12:48:09.912-0500] {logging_mixin.py:188} INFO - [2025-07-18T12:48:09.912-0500] {dag.py:3096} INFO - Sync 1 DAGs
[2025-07-18T12:48:09.926-0500] {logging_mixin.py:188} INFO - [2025-07-18T12:48:09.925-0500] {dag.py:3954} INFO - Setting next_dagrun for example_params_trigger_ui to None, run_after=None
[2025-07-18T12:48:09.952-0500] {processor.py:183} INFO - Processing /home/abhiram/jobtrak-stack/venv/lib/python3.12/site-packages/airflow/example_dags/example_params_trigger_ui.py took 0.126 seconds
[2025-07-18T12:48:40.582-0500] {processor.py:161} INFO - Started process (PID=5748) to work on /home/abhiram/jobtrak-stack/venv/lib/python3.12/site-packages/airflow/example_dags/example_params_trigger_ui.py
[2025-07-18T12:48:40.583-0500] {processor.py:830} INFO - Processing file /home/abhiram/jobtrak-stack/venv/lib/python3.12/site-packages/airflow/example_dags/example_params_trigger_ui.py for tasks to queue
[2025-07-18T12:48:40.585-0500] {logging_mixin.py:188} INFO - [2025-07-18T12:48:40.584-0500] {dagbag.py:545} INFO - Filling up the DagBag from /home/abhiram/jobtrak-stack/venv/lib/python3.12/site-packages/airflow/example_dags/example_params_trigger_ui.py
[2025-07-18T12:48:40.599-0500] {processor.py:840} INFO - DAG(s) 'example_params_trigger_ui' retrieved from /home/abhiram/jobtrak-stack/venv/lib/python3.12/site-packages/airflow/example_dags/example_params_trigger_ui.py
[2025-07-18T12:48:40.631-0500] {logging_mixin.py:188} INFO - [2025-07-18T12:48:40.631-0500] {dag.py:3096} INFO - Sync 1 DAGs
[2025-07-18T12:48:40.639-0500] {logging_mixin.py:188} INFO - [2025-07-18T12:48:40.639-0500] {dag.py:3954} INFO - Setting next_dagrun for example_params_trigger_ui to None, run_after=None
[2025-07-18T12:48:40.661-0500] {processor.py:183} INFO - Processing /home/abhiram/jobtrak-stack/venv/lib/python3.12/site-packages/airflow/example_dags/example_params_trigger_ui.py took 0.083 seconds
[2025-07-18T12:49:11.094-0500] {processor.py:161} INFO - Started process (PID=5856) to work on /home/abhiram/jobtrak-stack/venv/lib/python3.12/site-packages/airflow/example_dags/example_params_trigger_ui.py
[2025-07-18T12:49:11.096-0500] {processor.py:830} INFO - Processing file /home/abhiram/jobtrak-stack/venv/lib/python3.12/site-packages/airflow/example_dags/example_params_trigger_ui.py for tasks to queue
[2025-07-18T12:49:11.097-0500] {logging_mixin.py:188} INFO - [2025-07-18T12:49:11.097-0500] {dagbag.py:545} INFO - Filling up the DagBag from /home/abhiram/jobtrak-stack/venv/lib/python3.12/site-packages/airflow/example_dags/example_params_trigger_ui.py
[2025-07-18T12:49:11.105-0500] {processor.py:840} INFO - DAG(s) 'example_params_trigger_ui' retrieved from /home/abhiram/jobtrak-stack/venv/lib/python3.12/site-packages/airflow/example_dags/example_params_trigger_ui.py
[2025-07-18T12:49:11.135-0500] {logging_mixin.py:188} INFO - [2025-07-18T12:49:11.135-0500] {dag.py:3096} INFO - Sync 1 DAGs
[2025-07-18T12:49:11.143-0500] {logging_mixin.py:188} INFO - [2025-07-18T12:49:11.143-0500] {dag.py:3954} INFO - Setting next_dagrun for example_params_trigger_ui to None, run_after=None
[2025-07-18T12:49:11.161-0500] {processor.py:183} INFO - Processing /home/abhiram/jobtrak-stack/venv/lib/python3.12/site-packages/airflow/example_dags/example_params_trigger_ui.py took 0.071 seconds
