[2025-07-18T11:49:18.567-0500] {processor.py:161} INFO - Started process (PID=825) to work on /home/abhiram/jobtrak-stack/venv/lib/python3.12/site-packages/airflow/example_dags/example_python_operator.py
[2025-07-18T11:49:18.568-0500] {processor.py:830} INFO - Processing file /home/abhiram/jobtrak-stack/venv/lib/python3.12/site-packages/airflow/example_dags/example_python_operator.py for tasks to queue
[2025-07-18T11:49:18.569-0500] {logging_mixin.py:188} INFO - [2025-07-18T11:49:18.569-0500] {dagbag.py:545} INFO - Filling up the DagBag from /home/abhiram/jobtrak-stack/venv/lib/python3.12/site-packages/airflow/example_dags/example_python_operator.py
[2025-07-18T11:49:18.617-0500] {logging_mixin.py:188} INFO - [2025-07-18T11:49:18.617-0500] {example_python_operator.py:93} WARNING - The virtalenv_python example task requires virtualenv, please install it.
[2025-07-18T11:49:18.618-0500] {processor.py:840} INFO - DAG(s) 'example_python_operator' retrieved from /home/abhiram/jobtrak-stack/venv/lib/python3.12/site-packages/airflow/example_dags/example_python_operator.py
[2025-07-18T11:49:18.629-0500] {logging_mixin.py:188} INFO - [2025-07-18T11:49:18.629-0500] {dag.py:3096} INFO - Sync 1 DAGs
[2025-07-18T11:49:18.637-0500] {logging_mixin.py:188} INFO - [2025-07-18T11:49:18.637-0500] {dag.py:3954} INFO - Setting next_dagrun for example_python_operator to None, run_after=None
[2025-07-18T11:49:18.652-0500] {processor.py:183} INFO - Processing /home/abhiram/jobtrak-stack/venv/lib/python3.12/site-packages/airflow/example_dags/example_python_operator.py took 0.088 seconds
[2025-07-18T11:49:50.060-0500] {processor.py:161} INFO - Started process (PID=951) to work on /home/abhiram/jobtrak-stack/venv/lib/python3.12/site-packages/airflow/example_dags/example_python_operator.py
[2025-07-18T11:49:50.061-0500] {processor.py:830} INFO - Processing file /home/abhiram/jobtrak-stack/venv/lib/python3.12/site-packages/airflow/example_dags/example_python_operator.py for tasks to queue
[2025-07-18T11:49:50.062-0500] {logging_mixin.py:188} INFO - [2025-07-18T11:49:50.062-0500] {dagbag.py:545} INFO - Filling up the DagBag from /home/abhiram/jobtrak-stack/venv/lib/python3.12/site-packages/airflow/example_dags/example_python_operator.py
[2025-07-18T11:49:50.112-0500] {logging_mixin.py:188} INFO - [2025-07-18T11:49:50.112-0500] {example_python_operator.py:93} WARNING - The virtalenv_python example task requires virtualenv, please install it.
[2025-07-18T11:49:50.113-0500] {processor.py:840} INFO - DAG(s) 'example_python_operator' retrieved from /home/abhiram/jobtrak-stack/venv/lib/python3.12/site-packages/airflow/example_dags/example_python_operator.py
[2025-07-18T11:49:50.197-0500] {logging_mixin.py:188} INFO - [2025-07-18T11:49:50.197-0500] {dag.py:3096} INFO - Sync 1 DAGs
[2025-07-18T11:49:50.204-0500] {logging_mixin.py:188} INFO - [2025-07-18T11:49:50.204-0500] {dag.py:3954} INFO - Setting next_dagrun for example_python_operator to None, run_after=None
[2025-07-18T11:49:50.216-0500] {processor.py:183} INFO - Processing /home/abhiram/jobtrak-stack/venv/lib/python3.12/site-packages/airflow/example_dags/example_python_operator.py took 0.160 seconds
[2025-07-18T11:50:20.808-0500] {processor.py:161} INFO - Started process (PID=1074) to work on /home/abhiram/jobtrak-stack/venv/lib/python3.12/site-packages/airflow/example_dags/example_python_operator.py
[2025-07-18T11:50:20.810-0500] {processor.py:830} INFO - Processing file /home/abhiram/jobtrak-stack/venv/lib/python3.12/site-packages/airflow/example_dags/example_python_operator.py for tasks to queue
[2025-07-18T11:50:20.811-0500] {logging_mixin.py:188} INFO - [2025-07-18T11:50:20.811-0500] {dagbag.py:545} INFO - Filling up the DagBag from /home/abhiram/jobtrak-stack/venv/lib/python3.12/site-packages/airflow/example_dags/example_python_operator.py
[2025-07-18T11:50:20.879-0500] {logging_mixin.py:188} INFO - [2025-07-18T11:50:20.879-0500] {example_python_operator.py:93} WARNING - The virtalenv_python example task requires virtualenv, please install it.
[2025-07-18T11:50:20.879-0500] {processor.py:840} INFO - DAG(s) 'example_python_operator' retrieved from /home/abhiram/jobtrak-stack/venv/lib/python3.12/site-packages/airflow/example_dags/example_python_operator.py
[2025-07-18T11:50:20.898-0500] {logging_mixin.py:188} INFO - [2025-07-18T11:50:20.898-0500] {dag.py:3096} INFO - Sync 1 DAGs
[2025-07-18T11:50:20.908-0500] {logging_mixin.py:188} INFO - [2025-07-18T11:50:20.908-0500] {dag.py:3954} INFO - Setting next_dagrun for example_python_operator to None, run_after=None
[2025-07-18T11:50:20.922-0500] {processor.py:183} INFO - Processing /home/abhiram/jobtrak-stack/venv/lib/python3.12/site-packages/airflow/example_dags/example_python_operator.py took 0.119 seconds
[2025-07-18T11:50:50.939-0500] {processor.py:161} INFO - Started process (PID=1183) to work on /home/abhiram/jobtrak-stack/venv/lib/python3.12/site-packages/airflow/example_dags/example_python_operator.py
[2025-07-18T11:50:50.940-0500] {processor.py:830} INFO - Processing file /home/abhiram/jobtrak-stack/venv/lib/python3.12/site-packages/airflow/example_dags/example_python_operator.py for tasks to queue
[2025-07-18T11:50:50.941-0500] {logging_mixin.py:188} INFO - [2025-07-18T11:50:50.941-0500] {dagbag.py:545} INFO - Filling up the DagBag from /home/abhiram/jobtrak-stack/venv/lib/python3.12/site-packages/airflow/example_dags/example_python_operator.py
[2025-07-18T11:50:50.997-0500] {logging_mixin.py:188} INFO - [2025-07-18T11:50:50.997-0500] {example_python_operator.py:93} WARNING - The virtalenv_python example task requires virtualenv, please install it.
[2025-07-18T11:50:50.998-0500] {processor.py:840} INFO - DAG(s) 'example_python_operator' retrieved from /home/abhiram/jobtrak-stack/venv/lib/python3.12/site-packages/airflow/example_dags/example_python_operator.py
[2025-07-18T11:50:51.014-0500] {logging_mixin.py:188} INFO - [2025-07-18T11:50:51.014-0500] {dag.py:3096} INFO - Sync 1 DAGs
[2025-07-18T11:50:51.023-0500] {logging_mixin.py:188} INFO - [2025-07-18T11:50:51.023-0500] {dag.py:3954} INFO - Setting next_dagrun for example_python_operator to None, run_after=None
[2025-07-18T11:50:51.038-0500] {processor.py:183} INFO - Processing /home/abhiram/jobtrak-stack/venv/lib/python3.12/site-packages/airflow/example_dags/example_python_operator.py took 0.103 seconds
[2025-07-18T11:51:21.098-0500] {processor.py:161} INFO - Started process (PID=1291) to work on /home/abhiram/jobtrak-stack/venv/lib/python3.12/site-packages/airflow/example_dags/example_python_operator.py
[2025-07-18T11:51:21.100-0500] {processor.py:830} INFO - Processing file /home/abhiram/jobtrak-stack/venv/lib/python3.12/site-packages/airflow/example_dags/example_python_operator.py for tasks to queue
[2025-07-18T11:51:21.101-0500] {logging_mixin.py:188} INFO - [2025-07-18T11:51:21.101-0500] {dagbag.py:545} INFO - Filling up the DagBag from /home/abhiram/jobtrak-stack/venv/lib/python3.12/site-packages/airflow/example_dags/example_python_operator.py
[2025-07-18T11:51:21.156-0500] {logging_mixin.py:188} INFO - [2025-07-18T11:51:21.156-0500] {example_python_operator.py:93} WARNING - The virtalenv_python example task requires virtualenv, please install it.
[2025-07-18T11:51:21.157-0500] {processor.py:840} INFO - DAG(s) 'example_python_operator' retrieved from /home/abhiram/jobtrak-stack/venv/lib/python3.12/site-packages/airflow/example_dags/example_python_operator.py
[2025-07-18T11:51:21.175-0500] {logging_mixin.py:188} INFO - [2025-07-18T11:51:21.175-0500] {dag.py:3096} INFO - Sync 1 DAGs
[2025-07-18T11:51:21.184-0500] {logging_mixin.py:188} INFO - [2025-07-18T11:51:21.183-0500] {dag.py:3954} INFO - Setting next_dagrun for example_python_operator to None, run_after=None
[2025-07-18T11:51:21.201-0500] {processor.py:183} INFO - Processing /home/abhiram/jobtrak-stack/venv/lib/python3.12/site-packages/airflow/example_dags/example_python_operator.py took 0.106 seconds
[2025-07-18T11:51:51.488-0500] {processor.py:161} INFO - Started process (PID=1396) to work on /home/abhiram/jobtrak-stack/venv/lib/python3.12/site-packages/airflow/example_dags/example_python_operator.py
[2025-07-18T11:51:51.488-0500] {processor.py:830} INFO - Processing file /home/abhiram/jobtrak-stack/venv/lib/python3.12/site-packages/airflow/example_dags/example_python_operator.py for tasks to queue
[2025-07-18T11:51:51.489-0500] {logging_mixin.py:188} INFO - [2025-07-18T11:51:51.489-0500] {dagbag.py:545} INFO - Filling up the DagBag from /home/abhiram/jobtrak-stack/venv/lib/python3.12/site-packages/airflow/example_dags/example_python_operator.py
[2025-07-18T11:51:51.552-0500] {logging_mixin.py:188} INFO - [2025-07-18T11:51:51.552-0500] {example_python_operator.py:93} WARNING - The virtalenv_python example task requires virtualenv, please install it.
[2025-07-18T11:51:51.553-0500] {processor.py:840} INFO - DAG(s) 'example_python_operator' retrieved from /home/abhiram/jobtrak-stack/venv/lib/python3.12/site-packages/airflow/example_dags/example_python_operator.py
[2025-07-18T11:51:51.571-0500] {logging_mixin.py:188} INFO - [2025-07-18T11:51:51.571-0500] {dag.py:3096} INFO - Sync 1 DAGs
[2025-07-18T11:51:51.580-0500] {logging_mixin.py:188} INFO - [2025-07-18T11:51:51.579-0500] {dag.py:3954} INFO - Setting next_dagrun for example_python_operator to None, run_after=None
[2025-07-18T11:51:51.594-0500] {processor.py:183} INFO - Processing /home/abhiram/jobtrak-stack/venv/lib/python3.12/site-packages/airflow/example_dags/example_python_operator.py took 0.110 seconds
[2025-07-18T12:32:15.826-0500] {processor.py:161} INFO - Started process (PID=1937) to work on /home/abhiram/jobtrak-stack/venv/lib/python3.12/site-packages/airflow/example_dags/example_python_operator.py
[2025-07-18T12:32:15.828-0500] {processor.py:830} INFO - Processing file /home/abhiram/jobtrak-stack/venv/lib/python3.12/site-packages/airflow/example_dags/example_python_operator.py for tasks to queue
[2025-07-18T12:32:15.829-0500] {logging_mixin.py:188} INFO - [2025-07-18T12:32:15.829-0500] {dagbag.py:545} INFO - Filling up the DagBag from /home/abhiram/jobtrak-stack/venv/lib/python3.12/site-packages/airflow/example_dags/example_python_operator.py
[2025-07-18T12:32:15.885-0500] {logging_mixin.py:188} INFO - [2025-07-18T12:32:15.885-0500] {example_python_operator.py:93} WARNING - The virtalenv_python example task requires virtualenv, please install it.
[2025-07-18T12:32:15.886-0500] {processor.py:840} INFO - DAG(s) 'example_python_operator' retrieved from /home/abhiram/jobtrak-stack/venv/lib/python3.12/site-packages/airflow/example_dags/example_python_operator.py
[2025-07-18T12:32:15.911-0500] {logging_mixin.py:188} INFO - [2025-07-18T12:32:15.911-0500] {dag.py:3096} INFO - Sync 1 DAGs
[2025-07-18T12:32:15.919-0500] {logging_mixin.py:188} INFO - [2025-07-18T12:32:15.919-0500] {dag.py:3954} INFO - Setting next_dagrun for example_python_operator to None, run_after=None
[2025-07-18T12:32:15.936-0500] {processor.py:183} INFO - Processing /home/abhiram/jobtrak-stack/venv/lib/python3.12/site-packages/airflow/example_dags/example_python_operator.py took 0.114 seconds
[2025-07-18T12:32:46.233-0500] {processor.py:161} INFO - Started process (PID=2065) to work on /home/abhiram/jobtrak-stack/venv/lib/python3.12/site-packages/airflow/example_dags/example_python_operator.py
[2025-07-18T12:32:46.234-0500] {processor.py:830} INFO - Processing file /home/abhiram/jobtrak-stack/venv/lib/python3.12/site-packages/airflow/example_dags/example_python_operator.py for tasks to queue
[2025-07-18T12:32:46.235-0500] {logging_mixin.py:188} INFO - [2025-07-18T12:32:46.235-0500] {dagbag.py:545} INFO - Filling up the DagBag from /home/abhiram/jobtrak-stack/venv/lib/python3.12/site-packages/airflow/example_dags/example_python_operator.py
[2025-07-18T12:32:46.292-0500] {logging_mixin.py:188} INFO - [2025-07-18T12:32:46.292-0500] {example_python_operator.py:93} WARNING - The virtalenv_python example task requires virtualenv, please install it.
[2025-07-18T12:32:46.292-0500] {processor.py:840} INFO - DAG(s) 'example_python_operator' retrieved from /home/abhiram/jobtrak-stack/venv/lib/python3.12/site-packages/airflow/example_dags/example_python_operator.py
[2025-07-18T12:32:46.309-0500] {logging_mixin.py:188} INFO - [2025-07-18T12:32:46.309-0500] {dag.py:3096} INFO - Sync 1 DAGs
[2025-07-18T12:32:46.317-0500] {logging_mixin.py:188} INFO - [2025-07-18T12:32:46.317-0500] {dag.py:3954} INFO - Setting next_dagrun for example_python_operator to None, run_after=None
[2025-07-18T12:32:46.335-0500] {processor.py:183} INFO - Processing /home/abhiram/jobtrak-stack/venv/lib/python3.12/site-packages/airflow/example_dags/example_python_operator.py took 0.106 seconds
[2025-07-18T12:33:16.381-0500] {processor.py:161} INFO - Started process (PID=2187) to work on /home/abhiram/jobtrak-stack/venv/lib/python3.12/site-packages/airflow/example_dags/example_python_operator.py
[2025-07-18T12:33:16.382-0500] {processor.py:830} INFO - Processing file /home/abhiram/jobtrak-stack/venv/lib/python3.12/site-packages/airflow/example_dags/example_python_operator.py for tasks to queue
[2025-07-18T12:33:16.383-0500] {logging_mixin.py:188} INFO - [2025-07-18T12:33:16.383-0500] {dagbag.py:545} INFO - Filling up the DagBag from /home/abhiram/jobtrak-stack/venv/lib/python3.12/site-packages/airflow/example_dags/example_python_operator.py
[2025-07-18T12:33:16.436-0500] {logging_mixin.py:188} INFO - [2025-07-18T12:33:16.435-0500] {example_python_operator.py:93} WARNING - The virtalenv_python example task requires virtualenv, please install it.
[2025-07-18T12:33:16.436-0500] {processor.py:840} INFO - DAG(s) 'example_python_operator' retrieved from /home/abhiram/jobtrak-stack/venv/lib/python3.12/site-packages/airflow/example_dags/example_python_operator.py
[2025-07-18T12:33:16.456-0500] {logging_mixin.py:188} INFO - [2025-07-18T12:33:16.456-0500] {dag.py:3096} INFO - Sync 1 DAGs
[2025-07-18T12:33:16.463-0500] {logging_mixin.py:188} INFO - [2025-07-18T12:33:16.463-0500] {dag.py:3954} INFO - Setting next_dagrun for example_python_operator to None, run_after=None
[2025-07-18T12:33:16.481-0500] {processor.py:183} INFO - Processing /home/abhiram/jobtrak-stack/venv/lib/python3.12/site-packages/airflow/example_dags/example_python_operator.py took 0.106 seconds
[2025-07-18T12:33:46.666-0500] {processor.py:161} INFO - Started process (PID=2299) to work on /home/abhiram/jobtrak-stack/venv/lib/python3.12/site-packages/airflow/example_dags/example_python_operator.py
[2025-07-18T12:33:46.666-0500] {processor.py:830} INFO - Processing file /home/abhiram/jobtrak-stack/venv/lib/python3.12/site-packages/airflow/example_dags/example_python_operator.py for tasks to queue
[2025-07-18T12:33:46.667-0500] {logging_mixin.py:188} INFO - [2025-07-18T12:33:46.667-0500] {dagbag.py:545} INFO - Filling up the DagBag from /home/abhiram/jobtrak-stack/venv/lib/python3.12/site-packages/airflow/example_dags/example_python_operator.py
[2025-07-18T12:33:46.716-0500] {logging_mixin.py:188} INFO - [2025-07-18T12:33:46.716-0500] {example_python_operator.py:93} WARNING - The virtalenv_python example task requires virtualenv, please install it.
[2025-07-18T12:33:46.716-0500] {processor.py:840} INFO - DAG(s) 'example_python_operator' retrieved from /home/abhiram/jobtrak-stack/venv/lib/python3.12/site-packages/airflow/example_dags/example_python_operator.py
[2025-07-18T12:33:46.735-0500] {logging_mixin.py:188} INFO - [2025-07-18T12:33:46.735-0500] {dag.py:3096} INFO - Sync 1 DAGs
[2025-07-18T12:33:46.744-0500] {logging_mixin.py:188} INFO - [2025-07-18T12:33:46.744-0500] {dag.py:3954} INFO - Setting next_dagrun for example_python_operator to None, run_after=None
[2025-07-18T12:33:46.759-0500] {processor.py:183} INFO - Processing /home/abhiram/jobtrak-stack/venv/lib/python3.12/site-packages/airflow/example_dags/example_python_operator.py took 0.097 seconds
[2025-07-18T12:34:17.116-0500] {processor.py:161} INFO - Started process (PID=2405) to work on /home/abhiram/jobtrak-stack/venv/lib/python3.12/site-packages/airflow/example_dags/example_python_operator.py
[2025-07-18T12:34:17.118-0500] {processor.py:830} INFO - Processing file /home/abhiram/jobtrak-stack/venv/lib/python3.12/site-packages/airflow/example_dags/example_python_operator.py for tasks to queue
[2025-07-18T12:34:17.119-0500] {logging_mixin.py:188} INFO - [2025-07-18T12:34:17.119-0500] {dagbag.py:545} INFO - Filling up the DagBag from /home/abhiram/jobtrak-stack/venv/lib/python3.12/site-packages/airflow/example_dags/example_python_operator.py
[2025-07-18T12:34:17.183-0500] {logging_mixin.py:188} INFO - [2025-07-18T12:34:17.183-0500] {example_python_operator.py:93} WARNING - The virtalenv_python example task requires virtualenv, please install it.
[2025-07-18T12:34:17.183-0500] {processor.py:840} INFO - DAG(s) 'example_python_operator' retrieved from /home/abhiram/jobtrak-stack/venv/lib/python3.12/site-packages/airflow/example_dags/example_python_operator.py
[2025-07-18T12:34:17.216-0500] {logging_mixin.py:188} INFO - [2025-07-18T12:34:17.216-0500] {dag.py:3096} INFO - Sync 1 DAGs
[2025-07-18T12:34:17.224-0500] {logging_mixin.py:188} INFO - [2025-07-18T12:34:17.224-0500] {dag.py:3954} INFO - Setting next_dagrun for example_python_operator to None, run_after=None
[2025-07-18T12:34:17.239-0500] {processor.py:183} INFO - Processing /home/abhiram/jobtrak-stack/venv/lib/python3.12/site-packages/airflow/example_dags/example_python_operator.py took 0.128 seconds
[2025-07-18T12:34:47.557-0500] {processor.py:161} INFO - Started process (PID=2512) to work on /home/abhiram/jobtrak-stack/venv/lib/python3.12/site-packages/airflow/example_dags/example_python_operator.py
[2025-07-18T12:34:47.557-0500] {processor.py:830} INFO - Processing file /home/abhiram/jobtrak-stack/venv/lib/python3.12/site-packages/airflow/example_dags/example_python_operator.py for tasks to queue
[2025-07-18T12:34:47.559-0500] {logging_mixin.py:188} INFO - [2025-07-18T12:34:47.558-0500] {dagbag.py:545} INFO - Filling up the DagBag from /home/abhiram/jobtrak-stack/venv/lib/python3.12/site-packages/airflow/example_dags/example_python_operator.py
[2025-07-18T12:34:47.758-0500] {logging_mixin.py:188} INFO - [2025-07-18T12:34:47.758-0500] {example_python_operator.py:93} WARNING - The virtalenv_python example task requires virtualenv, please install it.
[2025-07-18T12:34:47.759-0500] {processor.py:840} INFO - DAG(s) 'example_python_operator' retrieved from /home/abhiram/jobtrak-stack/venv/lib/python3.12/site-packages/airflow/example_dags/example_python_operator.py
[2025-07-18T12:34:47.776-0500] {logging_mixin.py:188} INFO - [2025-07-18T12:34:47.775-0500] {dag.py:3096} INFO - Sync 1 DAGs
[2025-07-18T12:34:47.785-0500] {logging_mixin.py:188} INFO - [2025-07-18T12:34:47.785-0500] {dag.py:3954} INFO - Setting next_dagrun for example_python_operator to None, run_after=None
[2025-07-18T12:34:47.799-0500] {processor.py:183} INFO - Processing /home/abhiram/jobtrak-stack/venv/lib/python3.12/site-packages/airflow/example_dags/example_python_operator.py took 0.247 seconds
[2025-07-18T12:35:18.086-0500] {processor.py:161} INFO - Started process (PID=2623) to work on /home/abhiram/jobtrak-stack/venv/lib/python3.12/site-packages/airflow/example_dags/example_python_operator.py
[2025-07-18T12:35:18.087-0500] {processor.py:830} INFO - Processing file /home/abhiram/jobtrak-stack/venv/lib/python3.12/site-packages/airflow/example_dags/example_python_operator.py for tasks to queue
[2025-07-18T12:35:18.088-0500] {logging_mixin.py:188} INFO - [2025-07-18T12:35:18.088-0500] {dagbag.py:545} INFO - Filling up the DagBag from /home/abhiram/jobtrak-stack/venv/lib/python3.12/site-packages/airflow/example_dags/example_python_operator.py
[2025-07-18T12:35:18.146-0500] {logging_mixin.py:188} INFO - [2025-07-18T12:35:18.146-0500] {example_python_operator.py:93} WARNING - The virtalenv_python example task requires virtualenv, please install it.
[2025-07-18T12:35:18.147-0500] {processor.py:840} INFO - DAG(s) 'example_python_operator' retrieved from /home/abhiram/jobtrak-stack/venv/lib/python3.12/site-packages/airflow/example_dags/example_python_operator.py
[2025-07-18T12:35:18.163-0500] {logging_mixin.py:188} INFO - [2025-07-18T12:35:18.163-0500] {dag.py:3096} INFO - Sync 1 DAGs
[2025-07-18T12:35:18.171-0500] {logging_mixin.py:188} INFO - [2025-07-18T12:35:18.171-0500] {dag.py:3954} INFO - Setting next_dagrun for example_python_operator to None, run_after=None
[2025-07-18T12:35:18.184-0500] {processor.py:183} INFO - Processing /home/abhiram/jobtrak-stack/venv/lib/python3.12/site-packages/airflow/example_dags/example_python_operator.py took 0.103 seconds
[2025-07-18T12:35:48.382-0500] {processor.py:161} INFO - Started process (PID=2728) to work on /home/abhiram/jobtrak-stack/venv/lib/python3.12/site-packages/airflow/example_dags/example_python_operator.py
[2025-07-18T12:35:48.382-0500] {processor.py:830} INFO - Processing file /home/abhiram/jobtrak-stack/venv/lib/python3.12/site-packages/airflow/example_dags/example_python_operator.py for tasks to queue
[2025-07-18T12:35:48.383-0500] {logging_mixin.py:188} INFO - [2025-07-18T12:35:48.383-0500] {dagbag.py:545} INFO - Filling up the DagBag from /home/abhiram/jobtrak-stack/venv/lib/python3.12/site-packages/airflow/example_dags/example_python_operator.py
[2025-07-18T12:35:48.440-0500] {logging_mixin.py:188} INFO - [2025-07-18T12:35:48.440-0500] {example_python_operator.py:93} WARNING - The virtalenv_python example task requires virtualenv, please install it.
[2025-07-18T12:35:48.441-0500] {processor.py:840} INFO - DAG(s) 'example_python_operator' retrieved from /home/abhiram/jobtrak-stack/venv/lib/python3.12/site-packages/airflow/example_dags/example_python_operator.py
[2025-07-18T12:35:48.457-0500] {logging_mixin.py:188} INFO - [2025-07-18T12:35:48.457-0500] {dag.py:3096} INFO - Sync 1 DAGs
[2025-07-18T12:35:48.465-0500] {logging_mixin.py:188} INFO - [2025-07-18T12:35:48.465-0500] {dag.py:3954} INFO - Setting next_dagrun for example_python_operator to None, run_after=None
[2025-07-18T12:35:48.478-0500] {processor.py:183} INFO - Processing /home/abhiram/jobtrak-stack/venv/lib/python3.12/site-packages/airflow/example_dags/example_python_operator.py took 0.100 seconds
[2025-07-18T12:36:18.923-0500] {processor.py:161} INFO - Started process (PID=2835) to work on /home/abhiram/jobtrak-stack/venv/lib/python3.12/site-packages/airflow/example_dags/example_python_operator.py
[2025-07-18T12:36:18.925-0500] {processor.py:830} INFO - Processing file /home/abhiram/jobtrak-stack/venv/lib/python3.12/site-packages/airflow/example_dags/example_python_operator.py for tasks to queue
[2025-07-18T12:36:18.926-0500] {logging_mixin.py:188} INFO - [2025-07-18T12:36:18.926-0500] {dagbag.py:545} INFO - Filling up the DagBag from /home/abhiram/jobtrak-stack/venv/lib/python3.12/site-packages/airflow/example_dags/example_python_operator.py
[2025-07-18T12:36:18.972-0500] {logging_mixin.py:188} INFO - [2025-07-18T12:36:18.972-0500] {example_python_operator.py:93} WARNING - The virtalenv_python example task requires virtualenv, please install it.
[2025-07-18T12:36:18.973-0500] {processor.py:840} INFO - DAG(s) 'example_python_operator' retrieved from /home/abhiram/jobtrak-stack/venv/lib/python3.12/site-packages/airflow/example_dags/example_python_operator.py
[2025-07-18T12:36:18.993-0500] {logging_mixin.py:188} INFO - [2025-07-18T12:36:18.993-0500] {dag.py:3096} INFO - Sync 1 DAGs
[2025-07-18T12:36:19.002-0500] {logging_mixin.py:188} INFO - [2025-07-18T12:36:19.002-0500] {dag.py:3954} INFO - Setting next_dagrun for example_python_operator to None, run_after=None
[2025-07-18T12:36:19.018-0500] {processor.py:183} INFO - Processing /home/abhiram/jobtrak-stack/venv/lib/python3.12/site-packages/airflow/example_dags/example_python_operator.py took 0.098 seconds
[2025-07-18T12:36:49.263-0500] {processor.py:161} INFO - Started process (PID=2950) to work on /home/abhiram/jobtrak-stack/venv/lib/python3.12/site-packages/airflow/example_dags/example_python_operator.py
[2025-07-18T12:36:49.264-0500] {processor.py:830} INFO - Processing file /home/abhiram/jobtrak-stack/venv/lib/python3.12/site-packages/airflow/example_dags/example_python_operator.py for tasks to queue
[2025-07-18T12:36:49.265-0500] {logging_mixin.py:188} INFO - [2025-07-18T12:36:49.265-0500] {dagbag.py:545} INFO - Filling up the DagBag from /home/abhiram/jobtrak-stack/venv/lib/python3.12/site-packages/airflow/example_dags/example_python_operator.py
[2025-07-18T12:36:49.342-0500] {logging_mixin.py:188} INFO - [2025-07-18T12:36:49.342-0500] {example_python_operator.py:93} WARNING - The virtalenv_python example task requires virtualenv, please install it.
[2025-07-18T12:36:49.342-0500] {processor.py:840} INFO - DAG(s) 'example_python_operator' retrieved from /home/abhiram/jobtrak-stack/venv/lib/python3.12/site-packages/airflow/example_dags/example_python_operator.py
[2025-07-18T12:36:49.359-0500] {logging_mixin.py:188} INFO - [2025-07-18T12:36:49.359-0500] {dag.py:3096} INFO - Sync 1 DAGs
[2025-07-18T12:36:49.367-0500] {logging_mixin.py:188} INFO - [2025-07-18T12:36:49.367-0500] {dag.py:3954} INFO - Setting next_dagrun for example_python_operator to None, run_after=None
[2025-07-18T12:36:49.383-0500] {processor.py:183} INFO - Processing /home/abhiram/jobtrak-stack/venv/lib/python3.12/site-packages/airflow/example_dags/example_python_operator.py took 0.123 seconds
[2025-07-18T12:37:19.628-0500] {processor.py:161} INFO - Started process (PID=3166) to work on /home/abhiram/jobtrak-stack/venv/lib/python3.12/site-packages/airflow/example_dags/example_python_operator.py
[2025-07-18T12:37:19.629-0500] {processor.py:830} INFO - Processing file /home/abhiram/jobtrak-stack/venv/lib/python3.12/site-packages/airflow/example_dags/example_python_operator.py for tasks to queue
[2025-07-18T12:37:19.630-0500] {logging_mixin.py:188} INFO - [2025-07-18T12:37:19.630-0500] {dagbag.py:545} INFO - Filling up the DagBag from /home/abhiram/jobtrak-stack/venv/lib/python3.12/site-packages/airflow/example_dags/example_python_operator.py
[2025-07-18T12:37:19.703-0500] {logging_mixin.py:188} INFO - [2025-07-18T12:37:19.703-0500] {example_python_operator.py:93} WARNING - The virtalenv_python example task requires virtualenv, please install it.
[2025-07-18T12:37:19.703-0500] {processor.py:840} INFO - DAG(s) 'example_python_operator' retrieved from /home/abhiram/jobtrak-stack/venv/lib/python3.12/site-packages/airflow/example_dags/example_python_operator.py
[2025-07-18T12:37:19.724-0500] {logging_mixin.py:188} INFO - [2025-07-18T12:37:19.724-0500] {dag.py:3096} INFO - Sync 1 DAGs
[2025-07-18T12:37:19.733-0500] {logging_mixin.py:188} INFO - [2025-07-18T12:37:19.733-0500] {dag.py:3954} INFO - Setting next_dagrun for example_python_operator to None, run_after=None
[2025-07-18T12:37:19.753-0500] {processor.py:183} INFO - Processing /home/abhiram/jobtrak-stack/venv/lib/python3.12/site-packages/airflow/example_dags/example_python_operator.py took 0.128 seconds
[2025-07-18T12:37:50.058-0500] {processor.py:161} INFO - Started process (PID=3275) to work on /home/abhiram/jobtrak-stack/venv/lib/python3.12/site-packages/airflow/example_dags/example_python_operator.py
[2025-07-18T12:37:50.059-0500] {processor.py:830} INFO - Processing file /home/abhiram/jobtrak-stack/venv/lib/python3.12/site-packages/airflow/example_dags/example_python_operator.py for tasks to queue
[2025-07-18T12:37:50.060-0500] {logging_mixin.py:188} INFO - [2025-07-18T12:37:50.060-0500] {dagbag.py:545} INFO - Filling up the DagBag from /home/abhiram/jobtrak-stack/venv/lib/python3.12/site-packages/airflow/example_dags/example_python_operator.py
[2025-07-18T12:37:50.112-0500] {logging_mixin.py:188} INFO - [2025-07-18T12:37:50.112-0500] {example_python_operator.py:93} WARNING - The virtalenv_python example task requires virtualenv, please install it.
[2025-07-18T12:37:50.112-0500] {processor.py:840} INFO - DAG(s) 'example_python_operator' retrieved from /home/abhiram/jobtrak-stack/venv/lib/python3.12/site-packages/airflow/example_dags/example_python_operator.py
[2025-07-18T12:37:50.129-0500] {logging_mixin.py:188} INFO - [2025-07-18T12:37:50.129-0500] {dag.py:3096} INFO - Sync 1 DAGs
[2025-07-18T12:37:50.137-0500] {logging_mixin.py:188} INFO - [2025-07-18T12:37:50.137-0500] {dag.py:3954} INFO - Setting next_dagrun for example_python_operator to None, run_after=None
[2025-07-18T12:37:50.151-0500] {processor.py:183} INFO - Processing /home/abhiram/jobtrak-stack/venv/lib/python3.12/site-packages/airflow/example_dags/example_python_operator.py took 0.096 seconds
[2025-07-18T12:38:20.293-0500] {processor.py:161} INFO - Started process (PID=3382) to work on /home/abhiram/jobtrak-stack/venv/lib/python3.12/site-packages/airflow/example_dags/example_python_operator.py
[2025-07-18T12:38:20.295-0500] {processor.py:830} INFO - Processing file /home/abhiram/jobtrak-stack/venv/lib/python3.12/site-packages/airflow/example_dags/example_python_operator.py for tasks to queue
[2025-07-18T12:38:20.296-0500] {logging_mixin.py:188} INFO - [2025-07-18T12:38:20.295-0500] {dagbag.py:545} INFO - Filling up the DagBag from /home/abhiram/jobtrak-stack/venv/lib/python3.12/site-packages/airflow/example_dags/example_python_operator.py
[2025-07-18T12:38:20.344-0500] {logging_mixin.py:188} INFO - [2025-07-18T12:38:20.344-0500] {example_python_operator.py:93} WARNING - The virtalenv_python example task requires virtualenv, please install it.
[2025-07-18T12:38:20.345-0500] {processor.py:840} INFO - DAG(s) 'example_python_operator' retrieved from /home/abhiram/jobtrak-stack/venv/lib/python3.12/site-packages/airflow/example_dags/example_python_operator.py
[2025-07-18T12:38:20.364-0500] {logging_mixin.py:188} INFO - [2025-07-18T12:38:20.364-0500] {dag.py:3096} INFO - Sync 1 DAGs
[2025-07-18T12:38:20.373-0500] {logging_mixin.py:188} INFO - [2025-07-18T12:38:20.373-0500] {dag.py:3954} INFO - Setting next_dagrun for example_python_operator to None, run_after=None
[2025-07-18T12:38:20.391-0500] {processor.py:183} INFO - Processing /home/abhiram/jobtrak-stack/venv/lib/python3.12/site-packages/airflow/example_dags/example_python_operator.py took 0.102 seconds
[2025-07-18T12:38:50.784-0500] {processor.py:161} INFO - Started process (PID=3490) to work on /home/abhiram/jobtrak-stack/venv/lib/python3.12/site-packages/airflow/example_dags/example_python_operator.py
[2025-07-18T12:38:50.786-0500] {processor.py:830} INFO - Processing file /home/abhiram/jobtrak-stack/venv/lib/python3.12/site-packages/airflow/example_dags/example_python_operator.py for tasks to queue
[2025-07-18T12:38:50.787-0500] {logging_mixin.py:188} INFO - [2025-07-18T12:38:50.787-0500] {dagbag.py:545} INFO - Filling up the DagBag from /home/abhiram/jobtrak-stack/venv/lib/python3.12/site-packages/airflow/example_dags/example_python_operator.py
[2025-07-18T12:38:50.855-0500] {logging_mixin.py:188} INFO - [2025-07-18T12:38:50.855-0500] {example_python_operator.py:93} WARNING - The virtalenv_python example task requires virtualenv, please install it.
[2025-07-18T12:38:50.855-0500] {processor.py:840} INFO - DAG(s) 'example_python_operator' retrieved from /home/abhiram/jobtrak-stack/venv/lib/python3.12/site-packages/airflow/example_dags/example_python_operator.py
[2025-07-18T12:38:50.874-0500] {logging_mixin.py:188} INFO - [2025-07-18T12:38:50.874-0500] {dag.py:3096} INFO - Sync 1 DAGs
[2025-07-18T12:38:50.882-0500] {logging_mixin.py:188} INFO - [2025-07-18T12:38:50.882-0500] {dag.py:3954} INFO - Setting next_dagrun for example_python_operator to None, run_after=None
[2025-07-18T12:38:50.895-0500] {processor.py:183} INFO - Processing /home/abhiram/jobtrak-stack/venv/lib/python3.12/site-packages/airflow/example_dags/example_python_operator.py took 0.114 seconds
[2025-07-18T12:39:21.043-0500] {processor.py:161} INFO - Started process (PID=3597) to work on /home/abhiram/jobtrak-stack/venv/lib/python3.12/site-packages/airflow/example_dags/example_python_operator.py
[2025-07-18T12:39:21.044-0500] {processor.py:830} INFO - Processing file /home/abhiram/jobtrak-stack/venv/lib/python3.12/site-packages/airflow/example_dags/example_python_operator.py for tasks to queue
[2025-07-18T12:39:21.045-0500] {logging_mixin.py:188} INFO - [2025-07-18T12:39:21.045-0500] {dagbag.py:545} INFO - Filling up the DagBag from /home/abhiram/jobtrak-stack/venv/lib/python3.12/site-packages/airflow/example_dags/example_python_operator.py
[2025-07-18T12:39:21.111-0500] {logging_mixin.py:188} INFO - [2025-07-18T12:39:21.111-0500] {example_python_operator.py:93} WARNING - The virtalenv_python example task requires virtualenv, please install it.
[2025-07-18T12:39:21.112-0500] {processor.py:840} INFO - DAG(s) 'example_python_operator' retrieved from /home/abhiram/jobtrak-stack/venv/lib/python3.12/site-packages/airflow/example_dags/example_python_operator.py
[2025-07-18T12:39:21.128-0500] {logging_mixin.py:188} INFO - [2025-07-18T12:39:21.128-0500] {dag.py:3096} INFO - Sync 1 DAGs
[2025-07-18T12:39:21.140-0500] {logging_mixin.py:188} INFO - [2025-07-18T12:39:21.140-0500] {dag.py:3954} INFO - Setting next_dagrun for example_python_operator to None, run_after=None
[2025-07-18T12:39:21.155-0500] {processor.py:183} INFO - Processing /home/abhiram/jobtrak-stack/venv/lib/python3.12/site-packages/airflow/example_dags/example_python_operator.py took 0.116 seconds
[2025-07-18T12:39:51.263-0500] {processor.py:161} INFO - Started process (PID=3704) to work on /home/abhiram/jobtrak-stack/venv/lib/python3.12/site-packages/airflow/example_dags/example_python_operator.py
[2025-07-18T12:39:51.264-0500] {processor.py:830} INFO - Processing file /home/abhiram/jobtrak-stack/venv/lib/python3.12/site-packages/airflow/example_dags/example_python_operator.py for tasks to queue
[2025-07-18T12:39:51.265-0500] {logging_mixin.py:188} INFO - [2025-07-18T12:39:51.265-0500] {dagbag.py:545} INFO - Filling up the DagBag from /home/abhiram/jobtrak-stack/venv/lib/python3.12/site-packages/airflow/example_dags/example_python_operator.py
[2025-07-18T12:39:51.320-0500] {logging_mixin.py:188} INFO - [2025-07-18T12:39:51.320-0500] {example_python_operator.py:93} WARNING - The virtalenv_python example task requires virtualenv, please install it.
[2025-07-18T12:39:51.321-0500] {processor.py:840} INFO - DAG(s) 'example_python_operator' retrieved from /home/abhiram/jobtrak-stack/venv/lib/python3.12/site-packages/airflow/example_dags/example_python_operator.py
[2025-07-18T12:39:51.339-0500] {logging_mixin.py:188} INFO - [2025-07-18T12:39:51.339-0500] {dag.py:3096} INFO - Sync 1 DAGs
[2025-07-18T12:39:51.348-0500] {logging_mixin.py:188} INFO - [2025-07-18T12:39:51.347-0500] {dag.py:3954} INFO - Setting next_dagrun for example_python_operator to None, run_after=None
[2025-07-18T12:39:51.366-0500] {processor.py:183} INFO - Processing /home/abhiram/jobtrak-stack/venv/lib/python3.12/site-packages/airflow/example_dags/example_python_operator.py took 0.107 seconds
[2025-07-18T12:40:22.441-0500] {processor.py:161} INFO - Started process (PID=3822) to work on /home/abhiram/jobtrak-stack/venv/lib/python3.12/site-packages/airflow/example_dags/example_python_operator.py
[2025-07-18T12:40:22.443-0500] {processor.py:830} INFO - Processing file /home/abhiram/jobtrak-stack/venv/lib/python3.12/site-packages/airflow/example_dags/example_python_operator.py for tasks to queue
[2025-07-18T12:40:22.444-0500] {logging_mixin.py:188} INFO - [2025-07-18T12:40:22.444-0500] {dagbag.py:545} INFO - Filling up the DagBag from /home/abhiram/jobtrak-stack/venv/lib/python3.12/site-packages/airflow/example_dags/example_python_operator.py
[2025-07-18T12:40:22.500-0500] {logging_mixin.py:188} INFO - [2025-07-18T12:40:22.500-0500] {example_python_operator.py:93} WARNING - The virtalenv_python example task requires virtualenv, please install it.
[2025-07-18T12:40:22.501-0500] {processor.py:840} INFO - DAG(s) 'example_python_operator' retrieved from /home/abhiram/jobtrak-stack/venv/lib/python3.12/site-packages/airflow/example_dags/example_python_operator.py
[2025-07-18T12:40:22.519-0500] {logging_mixin.py:188} INFO - [2025-07-18T12:40:22.518-0500] {dag.py:3096} INFO - Sync 1 DAGs
[2025-07-18T12:40:22.527-0500] {logging_mixin.py:188} INFO - [2025-07-18T12:40:22.526-0500] {dag.py:3954} INFO - Setting next_dagrun for example_python_operator to None, run_after=None
[2025-07-18T12:40:22.540-0500] {processor.py:183} INFO - Processing /home/abhiram/jobtrak-stack/venv/lib/python3.12/site-packages/airflow/example_dags/example_python_operator.py took 0.103 seconds
[2025-07-18T12:40:31.624-0500] {processor.py:161} INFO - Started process (PID=3895) to work on /home/abhiram/jobtrak-stack/venv/lib/python3.12/site-packages/airflow/example_dags/example_python_operator.py
[2025-07-18T12:40:31.625-0500] {processor.py:830} INFO - Processing file /home/abhiram/jobtrak-stack/venv/lib/python3.12/site-packages/airflow/example_dags/example_python_operator.py for tasks to queue
[2025-07-18T12:40:31.626-0500] {logging_mixin.py:188} INFO - [2025-07-18T12:40:31.626-0500] {dagbag.py:545} INFO - Filling up the DagBag from /home/abhiram/jobtrak-stack/venv/lib/python3.12/site-packages/airflow/example_dags/example_python_operator.py
[2025-07-18T12:40:31.686-0500] {logging_mixin.py:188} INFO - [2025-07-18T12:40:31.686-0500] {example_python_operator.py:93} WARNING - The virtalenv_python example task requires virtualenv, please install it.
[2025-07-18T12:40:31.687-0500] {processor.py:840} INFO - DAG(s) 'example_python_operator' retrieved from /home/abhiram/jobtrak-stack/venv/lib/python3.12/site-packages/airflow/example_dags/example_python_operator.py
[2025-07-18T12:40:31.713-0500] {logging_mixin.py:188} INFO - [2025-07-18T12:40:31.712-0500] {dag.py:3096} INFO - Sync 1 DAGs
[2025-07-18T12:40:31.722-0500] {logging_mixin.py:188} INFO - [2025-07-18T12:40:31.721-0500] {dag.py:3954} INFO - Setting next_dagrun for example_python_operator to None, run_after=None
[2025-07-18T12:40:31.740-0500] {processor.py:183} INFO - Processing /home/abhiram/jobtrak-stack/venv/lib/python3.12/site-packages/airflow/example_dags/example_python_operator.py took 0.119 seconds
[2025-07-18T12:41:02.168-0500] {processor.py:161} INFO - Started process (PID=4018) to work on /home/abhiram/jobtrak-stack/venv/lib/python3.12/site-packages/airflow/example_dags/example_python_operator.py
[2025-07-18T12:41:02.170-0500] {processor.py:830} INFO - Processing file /home/abhiram/jobtrak-stack/venv/lib/python3.12/site-packages/airflow/example_dags/example_python_operator.py for tasks to queue
[2025-07-18T12:41:02.171-0500] {logging_mixin.py:188} INFO - [2025-07-18T12:41:02.171-0500] {dagbag.py:545} INFO - Filling up the DagBag from /home/abhiram/jobtrak-stack/venv/lib/python3.12/site-packages/airflow/example_dags/example_python_operator.py
[2025-07-18T12:41:02.228-0500] {logging_mixin.py:188} INFO - [2025-07-18T12:41:02.228-0500] {example_python_operator.py:93} WARNING - The virtalenv_python example task requires virtualenv, please install it.
[2025-07-18T12:41:02.228-0500] {processor.py:840} INFO - DAG(s) 'example_python_operator' retrieved from /home/abhiram/jobtrak-stack/venv/lib/python3.12/site-packages/airflow/example_dags/example_python_operator.py
[2025-07-18T12:41:02.248-0500] {logging_mixin.py:188} INFO - [2025-07-18T12:41:02.248-0500] {dag.py:3096} INFO - Sync 1 DAGs
[2025-07-18T12:41:02.257-0500] {logging_mixin.py:188} INFO - [2025-07-18T12:41:02.257-0500] {dag.py:3954} INFO - Setting next_dagrun for example_python_operator to None, run_after=None
[2025-07-18T12:41:02.276-0500] {processor.py:183} INFO - Processing /home/abhiram/jobtrak-stack/venv/lib/python3.12/site-packages/airflow/example_dags/example_python_operator.py took 0.112 seconds
[2025-07-18T12:41:32.588-0500] {processor.py:161} INFO - Started process (PID=4182) to work on /home/abhiram/jobtrak-stack/venv/lib/python3.12/site-packages/airflow/example_dags/example_python_operator.py
[2025-07-18T12:41:32.588-0500] {processor.py:830} INFO - Processing file /home/abhiram/jobtrak-stack/venv/lib/python3.12/site-packages/airflow/example_dags/example_python_operator.py for tasks to queue
[2025-07-18T12:41:32.590-0500] {logging_mixin.py:188} INFO - [2025-07-18T12:41:32.589-0500] {dagbag.py:545} INFO - Filling up the DagBag from /home/abhiram/jobtrak-stack/venv/lib/python3.12/site-packages/airflow/example_dags/example_python_operator.py
[2025-07-18T12:41:32.733-0500] {logging_mixin.py:188} INFO - [2025-07-18T12:41:32.732-0500] {example_python_operator.py:93} WARNING - The virtalenv_python example task requires virtualenv, please install it.
[2025-07-18T12:41:32.733-0500] {processor.py:840} INFO - DAG(s) 'example_python_operator' retrieved from /home/abhiram/jobtrak-stack/venv/lib/python3.12/site-packages/airflow/example_dags/example_python_operator.py
[2025-07-18T12:41:32.757-0500] {logging_mixin.py:188} INFO - [2025-07-18T12:41:32.756-0500] {dag.py:3096} INFO - Sync 1 DAGs
[2025-07-18T12:41:32.766-0500] {logging_mixin.py:188} INFO - [2025-07-18T12:41:32.766-0500] {dag.py:3954} INFO - Setting next_dagrun for example_python_operator to None, run_after=None
[2025-07-18T12:41:32.780-0500] {processor.py:183} INFO - Processing /home/abhiram/jobtrak-stack/venv/lib/python3.12/site-packages/airflow/example_dags/example_python_operator.py took 0.196 seconds
[2025-07-18T12:42:03.221-0500] {processor.py:161} INFO - Started process (PID=4292) to work on /home/abhiram/jobtrak-stack/venv/lib/python3.12/site-packages/airflow/example_dags/example_python_operator.py
[2025-07-18T12:42:03.222-0500] {processor.py:830} INFO - Processing file /home/abhiram/jobtrak-stack/venv/lib/python3.12/site-packages/airflow/example_dags/example_python_operator.py for tasks to queue
[2025-07-18T12:42:03.223-0500] {logging_mixin.py:188} INFO - [2025-07-18T12:42:03.223-0500] {dagbag.py:545} INFO - Filling up the DagBag from /home/abhiram/jobtrak-stack/venv/lib/python3.12/site-packages/airflow/example_dags/example_python_operator.py
[2025-07-18T12:42:03.327-0500] {logging_mixin.py:188} INFO - [2025-07-18T12:42:03.327-0500] {example_python_operator.py:93} WARNING - The virtalenv_python example task requires virtualenv, please install it.
[2025-07-18T12:42:03.328-0500] {processor.py:840} INFO - DAG(s) 'example_python_operator' retrieved from /home/abhiram/jobtrak-stack/venv/lib/python3.12/site-packages/airflow/example_dags/example_python_operator.py
[2025-07-18T12:42:03.349-0500] {logging_mixin.py:188} INFO - [2025-07-18T12:42:03.349-0500] {dag.py:3096} INFO - Sync 1 DAGs
[2025-07-18T12:42:03.367-0500] {logging_mixin.py:188} INFO - [2025-07-18T12:42:03.367-0500] {dag.py:3954} INFO - Setting next_dagrun for example_python_operator to None, run_after=None
[2025-07-18T12:42:03.388-0500] {processor.py:183} INFO - Processing /home/abhiram/jobtrak-stack/venv/lib/python3.12/site-packages/airflow/example_dags/example_python_operator.py took 0.171 seconds
[2025-07-18T12:42:33.757-0500] {processor.py:161} INFO - Started process (PID=4399) to work on /home/abhiram/jobtrak-stack/venv/lib/python3.12/site-packages/airflow/example_dags/example_python_operator.py
[2025-07-18T12:42:33.759-0500] {processor.py:830} INFO - Processing file /home/abhiram/jobtrak-stack/venv/lib/python3.12/site-packages/airflow/example_dags/example_python_operator.py for tasks to queue
[2025-07-18T12:42:33.760-0500] {logging_mixin.py:188} INFO - [2025-07-18T12:42:33.759-0500] {dagbag.py:545} INFO - Filling up the DagBag from /home/abhiram/jobtrak-stack/venv/lib/python3.12/site-packages/airflow/example_dags/example_python_operator.py
[2025-07-18T12:42:33.807-0500] {logging_mixin.py:188} INFO - [2025-07-18T12:42:33.807-0500] {example_python_operator.py:93} WARNING - The virtalenv_python example task requires virtualenv, please install it.
[2025-07-18T12:42:33.807-0500] {processor.py:840} INFO - DAG(s) 'example_python_operator' retrieved from /home/abhiram/jobtrak-stack/venv/lib/python3.12/site-packages/airflow/example_dags/example_python_operator.py
[2025-07-18T12:42:33.825-0500] {logging_mixin.py:188} INFO - [2025-07-18T12:42:33.825-0500] {dag.py:3096} INFO - Sync 1 DAGs
[2025-07-18T12:42:33.833-0500] {logging_mixin.py:188} INFO - [2025-07-18T12:42:33.833-0500] {dag.py:3954} INFO - Setting next_dagrun for example_python_operator to None, run_after=None
[2025-07-18T12:42:33.847-0500] {processor.py:183} INFO - Processing /home/abhiram/jobtrak-stack/venv/lib/python3.12/site-packages/airflow/example_dags/example_python_operator.py took 0.094 seconds
[2025-07-18T12:43:04.021-0500] {processor.py:161} INFO - Started process (PID=4508) to work on /home/abhiram/jobtrak-stack/venv/lib/python3.12/site-packages/airflow/example_dags/example_python_operator.py
[2025-07-18T12:43:04.023-0500] {processor.py:830} INFO - Processing file /home/abhiram/jobtrak-stack/venv/lib/python3.12/site-packages/airflow/example_dags/example_python_operator.py for tasks to queue
[2025-07-18T12:43:04.024-0500] {logging_mixin.py:188} INFO - [2025-07-18T12:43:04.024-0500] {dagbag.py:545} INFO - Filling up the DagBag from /home/abhiram/jobtrak-stack/venv/lib/python3.12/site-packages/airflow/example_dags/example_python_operator.py
[2025-07-18T12:43:04.101-0500] {logging_mixin.py:188} INFO - [2025-07-18T12:43:04.101-0500] {example_python_operator.py:93} WARNING - The virtalenv_python example task requires virtualenv, please install it.
[2025-07-18T12:43:04.101-0500] {processor.py:840} INFO - DAG(s) 'example_python_operator' retrieved from /home/abhiram/jobtrak-stack/venv/lib/python3.12/site-packages/airflow/example_dags/example_python_operator.py
[2025-07-18T12:43:04.117-0500] {logging_mixin.py:188} INFO - [2025-07-18T12:43:04.117-0500] {dag.py:3096} INFO - Sync 1 DAGs
[2025-07-18T12:43:04.125-0500] {logging_mixin.py:188} INFO - [2025-07-18T12:43:04.125-0500] {dag.py:3954} INFO - Setting next_dagrun for example_python_operator to None, run_after=None
[2025-07-18T12:43:04.147-0500] {processor.py:183} INFO - Processing /home/abhiram/jobtrak-stack/venv/lib/python3.12/site-packages/airflow/example_dags/example_python_operator.py took 0.129 seconds
[2025-07-18T12:43:34.448-0500] {processor.py:161} INFO - Started process (PID=4616) to work on /home/abhiram/jobtrak-stack/venv/lib/python3.12/site-packages/airflow/example_dags/example_python_operator.py
[2025-07-18T12:43:34.449-0500] {processor.py:830} INFO - Processing file /home/abhiram/jobtrak-stack/venv/lib/python3.12/site-packages/airflow/example_dags/example_python_operator.py for tasks to queue
[2025-07-18T12:43:34.450-0500] {logging_mixin.py:188} INFO - [2025-07-18T12:43:34.450-0500] {dagbag.py:545} INFO - Filling up the DagBag from /home/abhiram/jobtrak-stack/venv/lib/python3.12/site-packages/airflow/example_dags/example_python_operator.py
[2025-07-18T12:43:34.502-0500] {logging_mixin.py:188} INFO - [2025-07-18T12:43:34.502-0500] {example_python_operator.py:93} WARNING - The virtalenv_python example task requires virtualenv, please install it.
[2025-07-18T12:43:34.503-0500] {processor.py:840} INFO - DAG(s) 'example_python_operator' retrieved from /home/abhiram/jobtrak-stack/venv/lib/python3.12/site-packages/airflow/example_dags/example_python_operator.py
[2025-07-18T12:43:34.521-0500] {logging_mixin.py:188} INFO - [2025-07-18T12:43:34.521-0500] {dag.py:3096} INFO - Sync 1 DAGs
[2025-07-18T12:43:34.532-0500] {logging_mixin.py:188} INFO - [2025-07-18T12:43:34.532-0500] {dag.py:3954} INFO - Setting next_dagrun for example_python_operator to None, run_after=None
[2025-07-18T12:43:34.548-0500] {processor.py:183} INFO - Processing /home/abhiram/jobtrak-stack/venv/lib/python3.12/site-packages/airflow/example_dags/example_python_operator.py took 0.104 seconds
[2025-07-18T12:44:05.242-0500] {processor.py:161} INFO - Started process (PID=4726) to work on /home/abhiram/jobtrak-stack/venv/lib/python3.12/site-packages/airflow/example_dags/example_python_operator.py
[2025-07-18T12:44:05.243-0500] {processor.py:830} INFO - Processing file /home/abhiram/jobtrak-stack/venv/lib/python3.12/site-packages/airflow/example_dags/example_python_operator.py for tasks to queue
[2025-07-18T12:44:05.244-0500] {logging_mixin.py:188} INFO - [2025-07-18T12:44:05.244-0500] {dagbag.py:545} INFO - Filling up the DagBag from /home/abhiram/jobtrak-stack/venv/lib/python3.12/site-packages/airflow/example_dags/example_python_operator.py
[2025-07-18T12:44:05.309-0500] {logging_mixin.py:188} INFO - [2025-07-18T12:44:05.308-0500] {example_python_operator.py:93} WARNING - The virtalenv_python example task requires virtualenv, please install it.
[2025-07-18T12:44:05.309-0500] {processor.py:840} INFO - DAG(s) 'example_python_operator' retrieved from /home/abhiram/jobtrak-stack/venv/lib/python3.12/site-packages/airflow/example_dags/example_python_operator.py
[2025-07-18T12:44:05.327-0500] {logging_mixin.py:188} INFO - [2025-07-18T12:44:05.327-0500] {dag.py:3096} INFO - Sync 1 DAGs
[2025-07-18T12:44:05.335-0500] {logging_mixin.py:188} INFO - [2025-07-18T12:44:05.335-0500] {dag.py:3954} INFO - Setting next_dagrun for example_python_operator to None, run_after=None
[2025-07-18T12:44:05.348-0500] {processor.py:183} INFO - Processing /home/abhiram/jobtrak-stack/venv/lib/python3.12/site-packages/airflow/example_dags/example_python_operator.py took 0.110 seconds
[2025-07-18T12:44:36.046-0500] {processor.py:161} INFO - Started process (PID=4834) to work on /home/abhiram/jobtrak-stack/venv/lib/python3.12/site-packages/airflow/example_dags/example_python_operator.py
[2025-07-18T12:44:36.073-0500] {processor.py:830} INFO - Processing file /home/abhiram/jobtrak-stack/venv/lib/python3.12/site-packages/airflow/example_dags/example_python_operator.py for tasks to queue
[2025-07-18T12:44:36.075-0500] {logging_mixin.py:188} INFO - [2025-07-18T12:44:36.075-0500] {dagbag.py:545} INFO - Filling up the DagBag from /home/abhiram/jobtrak-stack/venv/lib/python3.12/site-packages/airflow/example_dags/example_python_operator.py
[2025-07-18T12:44:36.142-0500] {logging_mixin.py:188} INFO - [2025-07-18T12:44:36.142-0500] {example_python_operator.py:93} WARNING - The virtalenv_python example task requires virtualenv, please install it.
[2025-07-18T12:44:36.143-0500] {processor.py:840} INFO - DAG(s) 'example_python_operator' retrieved from /home/abhiram/jobtrak-stack/venv/lib/python3.12/site-packages/airflow/example_dags/example_python_operator.py
[2025-07-18T12:44:36.163-0500] {logging_mixin.py:188} INFO - [2025-07-18T12:44:36.163-0500] {dag.py:3096} INFO - Sync 1 DAGs
[2025-07-18T12:44:36.172-0500] {logging_mixin.py:188} INFO - [2025-07-18T12:44:36.171-0500] {dag.py:3954} INFO - Setting next_dagrun for example_python_operator to None, run_after=None
[2025-07-18T12:44:36.187-0500] {processor.py:183} INFO - Processing /home/abhiram/jobtrak-stack/venv/lib/python3.12/site-packages/airflow/example_dags/example_python_operator.py took 0.145 seconds
[2025-07-18T12:45:07.595-0500] {processor.py:161} INFO - Started process (PID=4945) to work on /home/abhiram/jobtrak-stack/venv/lib/python3.12/site-packages/airflow/example_dags/example_python_operator.py
[2025-07-18T12:45:07.596-0500] {processor.py:830} INFO - Processing file /home/abhiram/jobtrak-stack/venv/lib/python3.12/site-packages/airflow/example_dags/example_python_operator.py for tasks to queue
[2025-07-18T12:45:07.597-0500] {logging_mixin.py:188} INFO - [2025-07-18T12:45:07.597-0500] {dagbag.py:545} INFO - Filling up the DagBag from /home/abhiram/jobtrak-stack/venv/lib/python3.12/site-packages/airflow/example_dags/example_python_operator.py
[2025-07-18T12:45:07.713-0500] {logging_mixin.py:188} INFO - [2025-07-18T12:45:07.713-0500] {example_python_operator.py:93} WARNING - The virtalenv_python example task requires virtualenv, please install it.
[2025-07-18T12:45:07.714-0500] {processor.py:840} INFO - DAG(s) 'example_python_operator' retrieved from /home/abhiram/jobtrak-stack/venv/lib/python3.12/site-packages/airflow/example_dags/example_python_operator.py
[2025-07-18T12:45:07.744-0500] {logging_mixin.py:188} INFO - [2025-07-18T12:45:07.744-0500] {dag.py:3096} INFO - Sync 1 DAGs
[2025-07-18T12:45:07.755-0500] {logging_mixin.py:188} INFO - [2025-07-18T12:45:07.754-0500] {dag.py:3954} INFO - Setting next_dagrun for example_python_operator to None, run_after=None
[2025-07-18T12:45:07.780-0500] {processor.py:183} INFO - Processing /home/abhiram/jobtrak-stack/venv/lib/python3.12/site-packages/airflow/example_dags/example_python_operator.py took 0.189 seconds
[2025-07-18T12:45:38.058-0500] {processor.py:161} INFO - Started process (PID=5053) to work on /home/abhiram/jobtrak-stack/venv/lib/python3.12/site-packages/airflow/example_dags/example_python_operator.py
[2025-07-18T12:45:38.060-0500] {processor.py:830} INFO - Processing file /home/abhiram/jobtrak-stack/venv/lib/python3.12/site-packages/airflow/example_dags/example_python_operator.py for tasks to queue
[2025-07-18T12:45:38.061-0500] {logging_mixin.py:188} INFO - [2025-07-18T12:45:38.060-0500] {dagbag.py:545} INFO - Filling up the DagBag from /home/abhiram/jobtrak-stack/venv/lib/python3.12/site-packages/airflow/example_dags/example_python_operator.py
[2025-07-18T12:45:38.125-0500] {logging_mixin.py:188} INFO - [2025-07-18T12:45:38.125-0500] {example_python_operator.py:93} WARNING - The virtalenv_python example task requires virtualenv, please install it.
[2025-07-18T12:45:38.126-0500] {processor.py:840} INFO - DAG(s) 'example_python_operator' retrieved from /home/abhiram/jobtrak-stack/venv/lib/python3.12/site-packages/airflow/example_dags/example_python_operator.py
[2025-07-18T12:45:38.146-0500] {logging_mixin.py:188} INFO - [2025-07-18T12:45:38.146-0500] {dag.py:3096} INFO - Sync 1 DAGs
[2025-07-18T12:45:38.154-0500] {logging_mixin.py:188} INFO - [2025-07-18T12:45:38.154-0500] {dag.py:3954} INFO - Setting next_dagrun for example_python_operator to None, run_after=None
[2025-07-18T12:45:38.171-0500] {processor.py:183} INFO - Processing /home/abhiram/jobtrak-stack/venv/lib/python3.12/site-packages/airflow/example_dags/example_python_operator.py took 0.117 seconds
[2025-07-18T12:46:08.797-0500] {processor.py:161} INFO - Started process (PID=5161) to work on /home/abhiram/jobtrak-stack/venv/lib/python3.12/site-packages/airflow/example_dags/example_python_operator.py
[2025-07-18T12:46:08.798-0500] {processor.py:830} INFO - Processing file /home/abhiram/jobtrak-stack/venv/lib/python3.12/site-packages/airflow/example_dags/example_python_operator.py for tasks to queue
[2025-07-18T12:46:08.799-0500] {logging_mixin.py:188} INFO - [2025-07-18T12:46:08.799-0500] {dagbag.py:545} INFO - Filling up the DagBag from /home/abhiram/jobtrak-stack/venv/lib/python3.12/site-packages/airflow/example_dags/example_python_operator.py
[2025-07-18T12:46:08.859-0500] {logging_mixin.py:188} INFO - [2025-07-18T12:46:08.859-0500] {example_python_operator.py:93} WARNING - The virtalenv_python example task requires virtualenv, please install it.
[2025-07-18T12:46:08.860-0500] {processor.py:840} INFO - DAG(s) 'example_python_operator' retrieved from /home/abhiram/jobtrak-stack/venv/lib/python3.12/site-packages/airflow/example_dags/example_python_operator.py
[2025-07-18T12:46:08.879-0500] {logging_mixin.py:188} INFO - [2025-07-18T12:46:08.879-0500] {dag.py:3096} INFO - Sync 1 DAGs
[2025-07-18T12:46:08.888-0500] {logging_mixin.py:188} INFO - [2025-07-18T12:46:08.888-0500] {dag.py:3954} INFO - Setting next_dagrun for example_python_operator to None, run_after=None
[2025-07-18T12:46:08.905-0500] {processor.py:183} INFO - Processing /home/abhiram/jobtrak-stack/venv/lib/python3.12/site-packages/airflow/example_dags/example_python_operator.py took 0.112 seconds
[2025-07-18T12:46:39.415-0500] {processor.py:161} INFO - Started process (PID=5271) to work on /home/abhiram/jobtrak-stack/venv/lib/python3.12/site-packages/airflow/example_dags/example_python_operator.py
[2025-07-18T12:46:39.416-0500] {processor.py:830} INFO - Processing file /home/abhiram/jobtrak-stack/venv/lib/python3.12/site-packages/airflow/example_dags/example_python_operator.py for tasks to queue
[2025-07-18T12:46:39.417-0500] {logging_mixin.py:188} INFO - [2025-07-18T12:46:39.417-0500] {dagbag.py:545} INFO - Filling up the DagBag from /home/abhiram/jobtrak-stack/venv/lib/python3.12/site-packages/airflow/example_dags/example_python_operator.py
[2025-07-18T12:46:39.539-0500] {logging_mixin.py:188} INFO - [2025-07-18T12:46:39.539-0500] {example_python_operator.py:93} WARNING - The virtalenv_python example task requires virtualenv, please install it.
[2025-07-18T12:46:39.540-0500] {processor.py:840} INFO - DAG(s) 'example_python_operator' retrieved from /home/abhiram/jobtrak-stack/venv/lib/python3.12/site-packages/airflow/example_dags/example_python_operator.py
[2025-07-18T12:46:39.578-0500] {logging_mixin.py:188} INFO - [2025-07-18T12:46:39.577-0500] {dag.py:3096} INFO - Sync 1 DAGs
[2025-07-18T12:46:39.588-0500] {logging_mixin.py:188} INFO - [2025-07-18T12:46:39.588-0500] {dag.py:3954} INFO - Setting next_dagrun for example_python_operator to None, run_after=None
[2025-07-18T12:46:39.653-0500] {processor.py:183} INFO - Processing /home/abhiram/jobtrak-stack/venv/lib/python3.12/site-packages/airflow/example_dags/example_python_operator.py took 0.243 seconds
[2025-07-18T12:47:10.316-0500] {processor.py:161} INFO - Started process (PID=5378) to work on /home/abhiram/jobtrak-stack/venv/lib/python3.12/site-packages/airflow/example_dags/example_python_operator.py
[2025-07-18T12:47:10.318-0500] {processor.py:830} INFO - Processing file /home/abhiram/jobtrak-stack/venv/lib/python3.12/site-packages/airflow/example_dags/example_python_operator.py for tasks to queue
[2025-07-18T12:47:10.319-0500] {logging_mixin.py:188} INFO - [2025-07-18T12:47:10.318-0500] {dagbag.py:545} INFO - Filling up the DagBag from /home/abhiram/jobtrak-stack/venv/lib/python3.12/site-packages/airflow/example_dags/example_python_operator.py
[2025-07-18T12:47:10.395-0500] {logging_mixin.py:188} INFO - [2025-07-18T12:47:10.395-0500] {example_python_operator.py:93} WARNING - The virtalenv_python example task requires virtualenv, please install it.
[2025-07-18T12:47:10.395-0500] {processor.py:840} INFO - DAG(s) 'example_python_operator' retrieved from /home/abhiram/jobtrak-stack/venv/lib/python3.12/site-packages/airflow/example_dags/example_python_operator.py
[2025-07-18T12:47:10.414-0500] {logging_mixin.py:188} INFO - [2025-07-18T12:47:10.413-0500] {dag.py:3096} INFO - Sync 1 DAGs
[2025-07-18T12:47:10.421-0500] {logging_mixin.py:188} INFO - [2025-07-18T12:47:10.421-0500] {dag.py:3954} INFO - Setting next_dagrun for example_python_operator to None, run_after=None
[2025-07-18T12:47:10.439-0500] {processor.py:183} INFO - Processing /home/abhiram/jobtrak-stack/venv/lib/python3.12/site-packages/airflow/example_dags/example_python_operator.py took 0.128 seconds
[2025-07-18T12:47:40.854-0500] {processor.py:161} INFO - Started process (PID=5486) to work on /home/abhiram/jobtrak-stack/venv/lib/python3.12/site-packages/airflow/example_dags/example_python_operator.py
[2025-07-18T12:47:40.856-0500] {processor.py:830} INFO - Processing file /home/abhiram/jobtrak-stack/venv/lib/python3.12/site-packages/airflow/example_dags/example_python_operator.py for tasks to queue
[2025-07-18T12:47:40.857-0500] {logging_mixin.py:188} INFO - [2025-07-18T12:47:40.857-0500] {dagbag.py:545} INFO - Filling up the DagBag from /home/abhiram/jobtrak-stack/venv/lib/python3.12/site-packages/airflow/example_dags/example_python_operator.py
[2025-07-18T12:47:40.917-0500] {logging_mixin.py:188} INFO - [2025-07-18T12:47:40.917-0500] {example_python_operator.py:93} WARNING - The virtalenv_python example task requires virtualenv, please install it.
[2025-07-18T12:47:40.918-0500] {processor.py:840} INFO - DAG(s) 'example_python_operator' retrieved from /home/abhiram/jobtrak-stack/venv/lib/python3.12/site-packages/airflow/example_dags/example_python_operator.py
[2025-07-18T12:47:40.934-0500] {logging_mixin.py:188} INFO - [2025-07-18T12:47:40.934-0500] {dag.py:3096} INFO - Sync 1 DAGs
[2025-07-18T12:47:40.942-0500] {logging_mixin.py:188} INFO - [2025-07-18T12:47:40.941-0500] {dag.py:3954} INFO - Setting next_dagrun for example_python_operator to None, run_after=None
[2025-07-18T12:47:40.956-0500] {processor.py:183} INFO - Processing /home/abhiram/jobtrak-stack/venv/lib/python3.12/site-packages/airflow/example_dags/example_python_operator.py took 0.105 seconds
[2025-07-18T12:48:11.520-0500] {processor.py:161} INFO - Started process (PID=5657) to work on /home/abhiram/jobtrak-stack/venv/lib/python3.12/site-packages/airflow/example_dags/example_python_operator.py
[2025-07-18T12:48:11.521-0500] {processor.py:830} INFO - Processing file /home/abhiram/jobtrak-stack/venv/lib/python3.12/site-packages/airflow/example_dags/example_python_operator.py for tasks to queue
[2025-07-18T12:48:11.522-0500] {logging_mixin.py:188} INFO - [2025-07-18T12:48:11.522-0500] {dagbag.py:545} INFO - Filling up the DagBag from /home/abhiram/jobtrak-stack/venv/lib/python3.12/site-packages/airflow/example_dags/example_python_operator.py
[2025-07-18T12:48:11.691-0500] {logging_mixin.py:188} INFO - [2025-07-18T12:48:11.691-0500] {example_python_operator.py:93} WARNING - The virtalenv_python example task requires virtualenv, please install it.
[2025-07-18T12:48:11.692-0500] {processor.py:840} INFO - DAG(s) 'example_python_operator' retrieved from /home/abhiram/jobtrak-stack/venv/lib/python3.12/site-packages/airflow/example_dags/example_python_operator.py
[2025-07-18T12:48:11.713-0500] {logging_mixin.py:188} INFO - [2025-07-18T12:48:11.712-0500] {dag.py:3096} INFO - Sync 1 DAGs
[2025-07-18T12:48:11.721-0500] {logging_mixin.py:188} INFO - [2025-07-18T12:48:11.721-0500] {dag.py:3954} INFO - Setting next_dagrun for example_python_operator to None, run_after=None
[2025-07-18T12:48:11.740-0500] {processor.py:183} INFO - Processing /home/abhiram/jobtrak-stack/venv/lib/python3.12/site-packages/airflow/example_dags/example_python_operator.py took 0.225 seconds
[2025-07-18T12:48:42.201-0500] {processor.py:161} INFO - Started process (PID=5775) to work on /home/abhiram/jobtrak-stack/venv/lib/python3.12/site-packages/airflow/example_dags/example_python_operator.py
[2025-07-18T12:48:42.201-0500] {processor.py:830} INFO - Processing file /home/abhiram/jobtrak-stack/venv/lib/python3.12/site-packages/airflow/example_dags/example_python_operator.py for tasks to queue
[2025-07-18T12:48:42.202-0500] {logging_mixin.py:188} INFO - [2025-07-18T12:48:42.202-0500] {dagbag.py:545} INFO - Filling up the DagBag from /home/abhiram/jobtrak-stack/venv/lib/python3.12/site-packages/airflow/example_dags/example_python_operator.py
[2025-07-18T12:48:42.258-0500] {logging_mixin.py:188} INFO - [2025-07-18T12:48:42.257-0500] {example_python_operator.py:93} WARNING - The virtalenv_python example task requires virtualenv, please install it.
[2025-07-18T12:48:42.258-0500] {processor.py:840} INFO - DAG(s) 'example_python_operator' retrieved from /home/abhiram/jobtrak-stack/venv/lib/python3.12/site-packages/airflow/example_dags/example_python_operator.py
[2025-07-18T12:48:42.276-0500] {logging_mixin.py:188} INFO - [2025-07-18T12:48:42.276-0500] {dag.py:3096} INFO - Sync 1 DAGs
[2025-07-18T12:48:42.284-0500] {logging_mixin.py:188} INFO - [2025-07-18T12:48:42.284-0500] {dag.py:3954} INFO - Setting next_dagrun for example_python_operator to None, run_after=None
[2025-07-18T12:48:42.298-0500] {processor.py:183} INFO - Processing /home/abhiram/jobtrak-stack/venv/lib/python3.12/site-packages/airflow/example_dags/example_python_operator.py took 0.101 seconds
[2025-07-18T12:49:12.752-0500] {processor.py:161} INFO - Started process (PID=5884) to work on /home/abhiram/jobtrak-stack/venv/lib/python3.12/site-packages/airflow/example_dags/example_python_operator.py
[2025-07-18T12:49:12.753-0500] {processor.py:830} INFO - Processing file /home/abhiram/jobtrak-stack/venv/lib/python3.12/site-packages/airflow/example_dags/example_python_operator.py for tasks to queue
[2025-07-18T12:49:12.754-0500] {logging_mixin.py:188} INFO - [2025-07-18T12:49:12.754-0500] {dagbag.py:545} INFO - Filling up the DagBag from /home/abhiram/jobtrak-stack/venv/lib/python3.12/site-packages/airflow/example_dags/example_python_operator.py
[2025-07-18T12:49:12.867-0500] {logging_mixin.py:188} INFO - [2025-07-18T12:49:12.867-0500] {example_python_operator.py:93} WARNING - The virtalenv_python example task requires virtualenv, please install it.
[2025-07-18T12:49:12.868-0500] {processor.py:840} INFO - DAG(s) 'example_python_operator' retrieved from /home/abhiram/jobtrak-stack/venv/lib/python3.12/site-packages/airflow/example_dags/example_python_operator.py
[2025-07-18T12:49:12.884-0500] {logging_mixin.py:188} INFO - [2025-07-18T12:49:12.884-0500] {dag.py:3096} INFO - Sync 1 DAGs
[2025-07-18T12:49:12.895-0500] {logging_mixin.py:188} INFO - [2025-07-18T12:49:12.894-0500] {dag.py:3954} INFO - Setting next_dagrun for example_python_operator to None, run_after=None
[2025-07-18T12:49:12.908-0500] {processor.py:183} INFO - Processing /home/abhiram/jobtrak-stack/venv/lib/python3.12/site-packages/airflow/example_dags/example_python_operator.py took 0.161 seconds
