[2025-07-18T11:49:19.316-0500] {processor.py:161} INFO - Started process (PID=862) to work on /home/abhiram/jobtrak-stack/venv/lib/python3.12/site-packages/airflow/example_dags/example_nested_branch_dag.py
[2025-07-18T11:49:19.317-0500] {processor.py:830} INFO - Processing file /home/abhiram/jobtrak-stack/venv/lib/python3.12/site-packages/airflow/example_dags/example_nested_branch_dag.py for tasks to queue
[2025-07-18T11:49:19.318-0500] {logging_mixin.py:188} INFO - [2025-07-18T11:49:19.318-0500] {dagbag.py:545} INFO - Filling up the DagBag from /home/abhiram/jobtrak-stack/venv/lib/python3.12/site-packages/airflow/example_dags/example_nested_branch_dag.py
[2025-07-18T11:49:19.324-0500] {processor.py:840} INFO - DAG(s) 'example_nested_branch_dag' retrieved from /home/abhiram/jobtrak-stack/venv/lib/python3.12/site-packages/airflow/example_dags/example_nested_branch_dag.py
[2025-07-18T11:49:19.335-0500] {logging_mixin.py:188} INFO - [2025-07-18T11:49:19.335-0500] {dag.py:3096} INFO - Sync 1 DAGs
[2025-07-18T11:49:19.351-0500] {logging_mixin.py:188} INFO - [2025-07-18T11:49:19.351-0500] {dag.py:3954} INFO - Setting next_dagrun for example_nested_branch_dag to 2025-07-17 00:00:00+00:00, run_after=2025-07-18 00:00:00+00:00
[2025-07-18T11:49:19.365-0500] {processor.py:183} INFO - Processing /home/abhiram/jobtrak-stack/venv/lib/python3.12/site-packages/airflow/example_dags/example_nested_branch_dag.py took 0.053 seconds
[2025-07-18T11:49:51.312-0500] {processor.py:161} INFO - Started process (PID=989) to work on /home/abhiram/jobtrak-stack/venv/lib/python3.12/site-packages/airflow/example_dags/example_nested_branch_dag.py
[2025-07-18T11:49:51.313-0500] {processor.py:830} INFO - Processing file /home/abhiram/jobtrak-stack/venv/lib/python3.12/site-packages/airflow/example_dags/example_nested_branch_dag.py for tasks to queue
[2025-07-18T11:49:51.314-0500] {logging_mixin.py:188} INFO - [2025-07-18T11:49:51.313-0500] {dagbag.py:545} INFO - Filling up the DagBag from /home/abhiram/jobtrak-stack/venv/lib/python3.12/site-packages/airflow/example_dags/example_nested_branch_dag.py
[2025-07-18T11:49:51.320-0500] {processor.py:840} INFO - DAG(s) 'example_nested_branch_dag' retrieved from /home/abhiram/jobtrak-stack/venv/lib/python3.12/site-packages/airflow/example_dags/example_nested_branch_dag.py
[2025-07-18T11:49:51.383-0500] {logging_mixin.py:188} INFO - [2025-07-18T11:49:51.383-0500] {dag.py:3096} INFO - Sync 1 DAGs
[2025-07-18T11:49:51.396-0500] {logging_mixin.py:188} INFO - [2025-07-18T11:49:51.396-0500] {dag.py:3954} INFO - Setting next_dagrun for example_nested_branch_dag to 2025-07-17 00:00:00+00:00, run_after=2025-07-18 00:00:00+00:00
[2025-07-18T11:49:51.411-0500] {processor.py:183} INFO - Processing /home/abhiram/jobtrak-stack/venv/lib/python3.12/site-packages/airflow/example_dags/example_nested_branch_dag.py took 0.103 seconds
[2025-07-18T11:50:21.556-0500] {processor.py:161} INFO - Started process (PID=1113) to work on /home/abhiram/jobtrak-stack/venv/lib/python3.12/site-packages/airflow/example_dags/example_nested_branch_dag.py
[2025-07-18T11:50:21.557-0500] {processor.py:830} INFO - Processing file /home/abhiram/jobtrak-stack/venv/lib/python3.12/site-packages/airflow/example_dags/example_nested_branch_dag.py for tasks to queue
[2025-07-18T11:50:21.558-0500] {logging_mixin.py:188} INFO - [2025-07-18T11:50:21.558-0500] {dagbag.py:545} INFO - Filling up the DagBag from /home/abhiram/jobtrak-stack/venv/lib/python3.12/site-packages/airflow/example_dags/example_nested_branch_dag.py
[2025-07-18T11:50:21.565-0500] {processor.py:840} INFO - DAG(s) 'example_nested_branch_dag' retrieved from /home/abhiram/jobtrak-stack/venv/lib/python3.12/site-packages/airflow/example_dags/example_nested_branch_dag.py
[2025-07-18T11:50:21.583-0500] {logging_mixin.py:188} INFO - [2025-07-18T11:50:21.582-0500] {dag.py:3096} INFO - Sync 1 DAGs
[2025-07-18T11:50:21.598-0500] {logging_mixin.py:188} INFO - [2025-07-18T11:50:21.597-0500] {dag.py:3954} INFO - Setting next_dagrun for example_nested_branch_dag to 2025-07-17 00:00:00+00:00, run_after=2025-07-18 00:00:00+00:00
[2025-07-18T11:50:21.614-0500] {processor.py:183} INFO - Processing /home/abhiram/jobtrak-stack/venv/lib/python3.12/site-packages/airflow/example_dags/example_nested_branch_dag.py took 0.061 seconds
[2025-07-18T11:50:51.700-0500] {processor.py:161} INFO - Started process (PID=1221) to work on /home/abhiram/jobtrak-stack/venv/lib/python3.12/site-packages/airflow/example_dags/example_nested_branch_dag.py
[2025-07-18T11:50:51.700-0500] {processor.py:830} INFO - Processing file /home/abhiram/jobtrak-stack/venv/lib/python3.12/site-packages/airflow/example_dags/example_nested_branch_dag.py for tasks to queue
[2025-07-18T11:50:51.701-0500] {logging_mixin.py:188} INFO - [2025-07-18T11:50:51.701-0500] {dagbag.py:545} INFO - Filling up the DagBag from /home/abhiram/jobtrak-stack/venv/lib/python3.12/site-packages/airflow/example_dags/example_nested_branch_dag.py
[2025-07-18T11:50:51.708-0500] {processor.py:840} INFO - DAG(s) 'example_nested_branch_dag' retrieved from /home/abhiram/jobtrak-stack/venv/lib/python3.12/site-packages/airflow/example_dags/example_nested_branch_dag.py
[2025-07-18T11:50:51.734-0500] {logging_mixin.py:188} INFO - [2025-07-18T11:50:51.734-0500] {dag.py:3096} INFO - Sync 1 DAGs
[2025-07-18T11:50:51.749-0500] {logging_mixin.py:188} INFO - [2025-07-18T11:50:51.748-0500] {dag.py:3954} INFO - Setting next_dagrun for example_nested_branch_dag to 2025-07-17 00:00:00+00:00, run_after=2025-07-18 00:00:00+00:00
[2025-07-18T11:50:51.761-0500] {processor.py:183} INFO - Processing /home/abhiram/jobtrak-stack/venv/lib/python3.12/site-packages/airflow/example_dags/example_nested_branch_dag.py took 0.065 seconds
[2025-07-18T11:51:21.863-0500] {processor.py:161} INFO - Started process (PID=1328) to work on /home/abhiram/jobtrak-stack/venv/lib/python3.12/site-packages/airflow/example_dags/example_nested_branch_dag.py
[2025-07-18T11:51:21.863-0500] {processor.py:830} INFO - Processing file /home/abhiram/jobtrak-stack/venv/lib/python3.12/site-packages/airflow/example_dags/example_nested_branch_dag.py for tasks to queue
[2025-07-18T11:51:21.864-0500] {logging_mixin.py:188} INFO - [2025-07-18T11:51:21.864-0500] {dagbag.py:545} INFO - Filling up the DagBag from /home/abhiram/jobtrak-stack/venv/lib/python3.12/site-packages/airflow/example_dags/example_nested_branch_dag.py
[2025-07-18T11:51:21.873-0500] {processor.py:840} INFO - DAG(s) 'example_nested_branch_dag' retrieved from /home/abhiram/jobtrak-stack/venv/lib/python3.12/site-packages/airflow/example_dags/example_nested_branch_dag.py
[2025-07-18T11:51:21.895-0500] {logging_mixin.py:188} INFO - [2025-07-18T11:51:21.895-0500] {dag.py:3096} INFO - Sync 1 DAGs
[2025-07-18T11:51:21.912-0500] {logging_mixin.py:188} INFO - [2025-07-18T11:51:21.912-0500] {dag.py:3954} INFO - Setting next_dagrun for example_nested_branch_dag to 2025-07-17 00:00:00+00:00, run_after=2025-07-18 00:00:00+00:00
[2025-07-18T11:51:21.928-0500] {processor.py:183} INFO - Processing /home/abhiram/jobtrak-stack/venv/lib/python3.12/site-packages/airflow/example_dags/example_nested_branch_dag.py took 0.080 seconds
[2025-07-18T11:51:52.207-0500] {processor.py:161} INFO - Started process (PID=1434) to work on /home/abhiram/jobtrak-stack/venv/lib/python3.12/site-packages/airflow/example_dags/example_nested_branch_dag.py
[2025-07-18T11:51:52.208-0500] {processor.py:830} INFO - Processing file /home/abhiram/jobtrak-stack/venv/lib/python3.12/site-packages/airflow/example_dags/example_nested_branch_dag.py for tasks to queue
[2025-07-18T11:51:52.209-0500] {logging_mixin.py:188} INFO - [2025-07-18T11:51:52.208-0500] {dagbag.py:545} INFO - Filling up the DagBag from /home/abhiram/jobtrak-stack/venv/lib/python3.12/site-packages/airflow/example_dags/example_nested_branch_dag.py
[2025-07-18T11:51:52.215-0500] {processor.py:840} INFO - DAG(s) 'example_nested_branch_dag' retrieved from /home/abhiram/jobtrak-stack/venv/lib/python3.12/site-packages/airflow/example_dags/example_nested_branch_dag.py
[2025-07-18T11:51:52.232-0500] {logging_mixin.py:188} INFO - [2025-07-18T11:51:52.232-0500] {dag.py:3096} INFO - Sync 1 DAGs
[2025-07-18T11:51:52.248-0500] {logging_mixin.py:188} INFO - [2025-07-18T11:51:52.248-0500] {dag.py:3954} INFO - Setting next_dagrun for example_nested_branch_dag to 2025-07-17 00:00:00+00:00, run_after=2025-07-18 00:00:00+00:00
[2025-07-18T11:51:52.264-0500] {processor.py:183} INFO - Processing /home/abhiram/jobtrak-stack/venv/lib/python3.12/site-packages/airflow/example_dags/example_nested_branch_dag.py took 0.061 seconds
[2025-07-18T12:32:16.678-0500] {processor.py:161} INFO - Started process (PID=1975) to work on /home/abhiram/jobtrak-stack/venv/lib/python3.12/site-packages/airflow/example_dags/example_nested_branch_dag.py
[2025-07-18T12:32:16.679-0500] {processor.py:830} INFO - Processing file /home/abhiram/jobtrak-stack/venv/lib/python3.12/site-packages/airflow/example_dags/example_nested_branch_dag.py for tasks to queue
[2025-07-18T12:32:16.680-0500] {logging_mixin.py:188} INFO - [2025-07-18T12:32:16.680-0500] {dagbag.py:545} INFO - Filling up the DagBag from /home/abhiram/jobtrak-stack/venv/lib/python3.12/site-packages/airflow/example_dags/example_nested_branch_dag.py
[2025-07-18T12:32:16.687-0500] {processor.py:840} INFO - DAG(s) 'example_nested_branch_dag' retrieved from /home/abhiram/jobtrak-stack/venv/lib/python3.12/site-packages/airflow/example_dags/example_nested_branch_dag.py
[2025-07-18T12:32:16.720-0500] {logging_mixin.py:188} INFO - [2025-07-18T12:32:16.720-0500] {dag.py:3096} INFO - Sync 1 DAGs
[2025-07-18T12:32:16.740-0500] {logging_mixin.py:188} INFO - [2025-07-18T12:32:16.740-0500] {dag.py:3954} INFO - Setting next_dagrun for example_nested_branch_dag to 2025-07-17 00:00:00+00:00, run_after=2025-07-18 00:00:00+00:00
[2025-07-18T12:32:16.761-0500] {processor.py:183} INFO - Processing /home/abhiram/jobtrak-stack/venv/lib/python3.12/site-packages/airflow/example_dags/example_nested_branch_dag.py took 0.088 seconds
[2025-07-18T12:32:46.998-0500] {processor.py:161} INFO - Started process (PID=2104) to work on /home/abhiram/jobtrak-stack/venv/lib/python3.12/site-packages/airflow/example_dags/example_nested_branch_dag.py
[2025-07-18T12:32:46.998-0500] {processor.py:830} INFO - Processing file /home/abhiram/jobtrak-stack/venv/lib/python3.12/site-packages/airflow/example_dags/example_nested_branch_dag.py for tasks to queue
[2025-07-18T12:32:46.999-0500] {logging_mixin.py:188} INFO - [2025-07-18T12:32:46.999-0500] {dagbag.py:545} INFO - Filling up the DagBag from /home/abhiram/jobtrak-stack/venv/lib/python3.12/site-packages/airflow/example_dags/example_nested_branch_dag.py
[2025-07-18T12:32:47.008-0500] {processor.py:840} INFO - DAG(s) 'example_nested_branch_dag' retrieved from /home/abhiram/jobtrak-stack/venv/lib/python3.12/site-packages/airflow/example_dags/example_nested_branch_dag.py
[2025-07-18T12:32:47.053-0500] {logging_mixin.py:188} INFO - [2025-07-18T12:32:47.052-0500] {dag.py:3096} INFO - Sync 1 DAGs
[2025-07-18T12:32:47.072-0500] {logging_mixin.py:188} INFO - [2025-07-18T12:32:47.072-0500] {dag.py:3954} INFO - Setting next_dagrun for example_nested_branch_dag to 2025-07-17 00:00:00+00:00, run_after=2025-07-18 00:00:00+00:00
[2025-07-18T12:32:47.087-0500] {processor.py:183} INFO - Processing /home/abhiram/jobtrak-stack/venv/lib/python3.12/site-packages/airflow/example_dags/example_nested_branch_dag.py took 0.093 seconds
[2025-07-18T12:33:17.256-0500] {processor.py:161} INFO - Started process (PID=2223) to work on /home/abhiram/jobtrak-stack/venv/lib/python3.12/site-packages/airflow/example_dags/example_nested_branch_dag.py
[2025-07-18T12:33:17.257-0500] {processor.py:830} INFO - Processing file /home/abhiram/jobtrak-stack/venv/lib/python3.12/site-packages/airflow/example_dags/example_nested_branch_dag.py for tasks to queue
[2025-07-18T12:33:17.258-0500] {logging_mixin.py:188} INFO - [2025-07-18T12:33:17.257-0500] {dagbag.py:545} INFO - Filling up the DagBag from /home/abhiram/jobtrak-stack/venv/lib/python3.12/site-packages/airflow/example_dags/example_nested_branch_dag.py
[2025-07-18T12:33:17.264-0500] {processor.py:840} INFO - DAG(s) 'example_nested_branch_dag' retrieved from /home/abhiram/jobtrak-stack/venv/lib/python3.12/site-packages/airflow/example_dags/example_nested_branch_dag.py
[2025-07-18T12:33:17.282-0500] {logging_mixin.py:188} INFO - [2025-07-18T12:33:17.282-0500] {dag.py:3096} INFO - Sync 1 DAGs
[2025-07-18T12:33:17.297-0500] {logging_mixin.py:188} INFO - [2025-07-18T12:33:17.297-0500] {dag.py:3954} INFO - Setting next_dagrun for example_nested_branch_dag to 2025-07-17 00:00:00+00:00, run_after=2025-07-18 00:00:00+00:00
[2025-07-18T12:33:17.310-0500] {processor.py:183} INFO - Processing /home/abhiram/jobtrak-stack/venv/lib/python3.12/site-packages/airflow/example_dags/example_nested_branch_dag.py took 0.058 seconds
[2025-07-18T12:33:47.551-0500] {processor.py:161} INFO - Started process (PID=2337) to work on /home/abhiram/jobtrak-stack/venv/lib/python3.12/site-packages/airflow/example_dags/example_nested_branch_dag.py
[2025-07-18T12:33:47.551-0500] {processor.py:830} INFO - Processing file /home/abhiram/jobtrak-stack/venv/lib/python3.12/site-packages/airflow/example_dags/example_nested_branch_dag.py for tasks to queue
[2025-07-18T12:33:47.552-0500] {logging_mixin.py:188} INFO - [2025-07-18T12:33:47.552-0500] {dagbag.py:545} INFO - Filling up the DagBag from /home/abhiram/jobtrak-stack/venv/lib/python3.12/site-packages/airflow/example_dags/example_nested_branch_dag.py
[2025-07-18T12:33:47.559-0500] {processor.py:840} INFO - DAG(s) 'example_nested_branch_dag' retrieved from /home/abhiram/jobtrak-stack/venv/lib/python3.12/site-packages/airflow/example_dags/example_nested_branch_dag.py
[2025-07-18T12:33:47.579-0500] {logging_mixin.py:188} INFO - [2025-07-18T12:33:47.579-0500] {dag.py:3096} INFO - Sync 1 DAGs
[2025-07-18T12:33:47.593-0500] {logging_mixin.py:188} INFO - [2025-07-18T12:33:47.593-0500] {dag.py:3954} INFO - Setting next_dagrun for example_nested_branch_dag to 2025-07-17 00:00:00+00:00, run_after=2025-07-18 00:00:00+00:00
[2025-07-18T12:33:47.606-0500] {processor.py:183} INFO - Processing /home/abhiram/jobtrak-stack/venv/lib/python3.12/site-packages/airflow/example_dags/example_nested_branch_dag.py took 0.059 seconds
[2025-07-18T12:34:18.036-0500] {processor.py:161} INFO - Started process (PID=2443) to work on /home/abhiram/jobtrak-stack/venv/lib/python3.12/site-packages/airflow/example_dags/example_nested_branch_dag.py
[2025-07-18T12:34:18.037-0500] {processor.py:830} INFO - Processing file /home/abhiram/jobtrak-stack/venv/lib/python3.12/site-packages/airflow/example_dags/example_nested_branch_dag.py for tasks to queue
[2025-07-18T12:34:18.038-0500] {logging_mixin.py:188} INFO - [2025-07-18T12:34:18.038-0500] {dagbag.py:545} INFO - Filling up the DagBag from /home/abhiram/jobtrak-stack/venv/lib/python3.12/site-packages/airflow/example_dags/example_nested_branch_dag.py
[2025-07-18T12:34:18.046-0500] {processor.py:840} INFO - DAG(s) 'example_nested_branch_dag' retrieved from /home/abhiram/jobtrak-stack/venv/lib/python3.12/site-packages/airflow/example_dags/example_nested_branch_dag.py
[2025-07-18T12:34:18.065-0500] {logging_mixin.py:188} INFO - [2025-07-18T12:34:18.064-0500] {dag.py:3096} INFO - Sync 1 DAGs
[2025-07-18T12:34:18.081-0500] {logging_mixin.py:188} INFO - [2025-07-18T12:34:18.080-0500] {dag.py:3954} INFO - Setting next_dagrun for example_nested_branch_dag to 2025-07-17 00:00:00+00:00, run_after=2025-07-18 00:00:00+00:00
[2025-07-18T12:34:18.096-0500] {processor.py:183} INFO - Processing /home/abhiram/jobtrak-stack/venv/lib/python3.12/site-packages/airflow/example_dags/example_nested_branch_dag.py took 0.063 seconds
[2025-07-18T12:34:48.429-0500] {processor.py:161} INFO - Started process (PID=2551) to work on /home/abhiram/jobtrak-stack/venv/lib/python3.12/site-packages/airflow/example_dags/example_nested_branch_dag.py
[2025-07-18T12:34:48.430-0500] {processor.py:830} INFO - Processing file /home/abhiram/jobtrak-stack/venv/lib/python3.12/site-packages/airflow/example_dags/example_nested_branch_dag.py for tasks to queue
[2025-07-18T12:34:48.431-0500] {logging_mixin.py:188} INFO - [2025-07-18T12:34:48.431-0500] {dagbag.py:545} INFO - Filling up the DagBag from /home/abhiram/jobtrak-stack/venv/lib/python3.12/site-packages/airflow/example_dags/example_nested_branch_dag.py
[2025-07-18T12:34:48.437-0500] {processor.py:840} INFO - DAG(s) 'example_nested_branch_dag' retrieved from /home/abhiram/jobtrak-stack/venv/lib/python3.12/site-packages/airflow/example_dags/example_nested_branch_dag.py
[2025-07-18T12:34:48.453-0500] {logging_mixin.py:188} INFO - [2025-07-18T12:34:48.453-0500] {dag.py:3096} INFO - Sync 1 DAGs
[2025-07-18T12:34:48.467-0500] {logging_mixin.py:188} INFO - [2025-07-18T12:34:48.467-0500] {dag.py:3954} INFO - Setting next_dagrun for example_nested_branch_dag to 2025-07-17 00:00:00+00:00, run_after=2025-07-18 00:00:00+00:00
[2025-07-18T12:34:48.482-0500] {processor.py:183} INFO - Processing /home/abhiram/jobtrak-stack/venv/lib/python3.12/site-packages/airflow/example_dags/example_nested_branch_dag.py took 0.056 seconds
[2025-07-18T12:35:19.621-0500] {processor.py:161} INFO - Started process (PID=2661) to work on /home/abhiram/jobtrak-stack/venv/lib/python3.12/site-packages/airflow/example_dags/example_nested_branch_dag.py
[2025-07-18T12:35:19.623-0500] {processor.py:830} INFO - Processing file /home/abhiram/jobtrak-stack/venv/lib/python3.12/site-packages/airflow/example_dags/example_nested_branch_dag.py for tasks to queue
[2025-07-18T12:35:19.624-0500] {logging_mixin.py:188} INFO - [2025-07-18T12:35:19.624-0500] {dagbag.py:545} INFO - Filling up the DagBag from /home/abhiram/jobtrak-stack/venv/lib/python3.12/site-packages/airflow/example_dags/example_nested_branch_dag.py
[2025-07-18T12:35:19.633-0500] {processor.py:840} INFO - DAG(s) 'example_nested_branch_dag' retrieved from /home/abhiram/jobtrak-stack/venv/lib/python3.12/site-packages/airflow/example_dags/example_nested_branch_dag.py
[2025-07-18T12:35:19.655-0500] {logging_mixin.py:188} INFO - [2025-07-18T12:35:19.654-0500] {dag.py:3096} INFO - Sync 1 DAGs
[2025-07-18T12:35:19.671-0500] {logging_mixin.py:188} INFO - [2025-07-18T12:35:19.671-0500] {dag.py:3954} INFO - Setting next_dagrun for example_nested_branch_dag to 2025-07-17 00:00:00+00:00, run_after=2025-07-18 00:00:00+00:00
[2025-07-18T12:35:19.689-0500] {processor.py:183} INFO - Processing /home/abhiram/jobtrak-stack/venv/lib/python3.12/site-packages/airflow/example_dags/example_nested_branch_dag.py took 0.073 seconds
[2025-07-18T12:35:50.177-0500] {processor.py:161} INFO - Started process (PID=2766) to work on /home/abhiram/jobtrak-stack/venv/lib/python3.12/site-packages/airflow/example_dags/example_nested_branch_dag.py
[2025-07-18T12:35:50.177-0500] {processor.py:830} INFO - Processing file /home/abhiram/jobtrak-stack/venv/lib/python3.12/site-packages/airflow/example_dags/example_nested_branch_dag.py for tasks to queue
[2025-07-18T12:35:50.178-0500] {logging_mixin.py:188} INFO - [2025-07-18T12:35:50.178-0500] {dagbag.py:545} INFO - Filling up the DagBag from /home/abhiram/jobtrak-stack/venv/lib/python3.12/site-packages/airflow/example_dags/example_nested_branch_dag.py
[2025-07-18T12:35:50.185-0500] {processor.py:840} INFO - DAG(s) 'example_nested_branch_dag' retrieved from /home/abhiram/jobtrak-stack/venv/lib/python3.12/site-packages/airflow/example_dags/example_nested_branch_dag.py
[2025-07-18T12:35:50.214-0500] {logging_mixin.py:188} INFO - [2025-07-18T12:35:50.214-0500] {dag.py:3096} INFO - Sync 1 DAGs
[2025-07-18T12:35:50.234-0500] {logging_mixin.py:188} INFO - [2025-07-18T12:35:50.234-0500] {dag.py:3954} INFO - Setting next_dagrun for example_nested_branch_dag to 2025-07-17 00:00:00+00:00, run_after=2025-07-18 00:00:00+00:00
[2025-07-18T12:35:50.248-0500] {processor.py:183} INFO - Processing /home/abhiram/jobtrak-stack/venv/lib/python3.12/site-packages/airflow/example_dags/example_nested_branch_dag.py took 0.075 seconds
[2025-07-18T12:36:20.949-0500] {processor.py:161} INFO - Started process (PID=2873) to work on /home/abhiram/jobtrak-stack/venv/lib/python3.12/site-packages/airflow/example_dags/example_nested_branch_dag.py
[2025-07-18T12:36:20.950-0500] {processor.py:830} INFO - Processing file /home/abhiram/jobtrak-stack/venv/lib/python3.12/site-packages/airflow/example_dags/example_nested_branch_dag.py for tasks to queue
[2025-07-18T12:36:20.951-0500] {logging_mixin.py:188} INFO - [2025-07-18T12:36:20.950-0500] {dagbag.py:545} INFO - Filling up the DagBag from /home/abhiram/jobtrak-stack/venv/lib/python3.12/site-packages/airflow/example_dags/example_nested_branch_dag.py
[2025-07-18T12:36:20.957-0500] {processor.py:840} INFO - DAG(s) 'example_nested_branch_dag' retrieved from /home/abhiram/jobtrak-stack/venv/lib/python3.12/site-packages/airflow/example_dags/example_nested_branch_dag.py
[2025-07-18T12:36:20.977-0500] {logging_mixin.py:188} INFO - [2025-07-18T12:36:20.977-0500] {dag.py:3096} INFO - Sync 1 DAGs
[2025-07-18T12:36:20.995-0500] {logging_mixin.py:188} INFO - [2025-07-18T12:36:20.995-0500] {dag.py:3954} INFO - Setting next_dagrun for example_nested_branch_dag to 2025-07-17 00:00:00+00:00, run_after=2025-07-18 00:00:00+00:00
[2025-07-18T12:36:21.009-0500] {processor.py:183} INFO - Processing /home/abhiram/jobtrak-stack/venv/lib/python3.12/site-packages/airflow/example_dags/example_nested_branch_dag.py took 0.064 seconds
[2025-07-18T12:36:51.173-0500] {processor.py:161} INFO - Started process (PID=2989) to work on /home/abhiram/jobtrak-stack/venv/lib/python3.12/site-packages/airflow/example_dags/example_nested_branch_dag.py
[2025-07-18T12:36:51.173-0500] {processor.py:830} INFO - Processing file /home/abhiram/jobtrak-stack/venv/lib/python3.12/site-packages/airflow/example_dags/example_nested_branch_dag.py for tasks to queue
[2025-07-18T12:36:51.174-0500] {logging_mixin.py:188} INFO - [2025-07-18T12:36:51.174-0500] {dagbag.py:545} INFO - Filling up the DagBag from /home/abhiram/jobtrak-stack/venv/lib/python3.12/site-packages/airflow/example_dags/example_nested_branch_dag.py
[2025-07-18T12:36:51.181-0500] {processor.py:840} INFO - DAG(s) 'example_nested_branch_dag' retrieved from /home/abhiram/jobtrak-stack/venv/lib/python3.12/site-packages/airflow/example_dags/example_nested_branch_dag.py
[2025-07-18T12:36:51.197-0500] {logging_mixin.py:188} INFO - [2025-07-18T12:36:51.197-0500] {dag.py:3096} INFO - Sync 1 DAGs
[2025-07-18T12:36:51.211-0500] {logging_mixin.py:188} INFO - [2025-07-18T12:36:51.211-0500] {dag.py:3954} INFO - Setting next_dagrun for example_nested_branch_dag to 2025-07-17 00:00:00+00:00, run_after=2025-07-18 00:00:00+00:00
[2025-07-18T12:36:51.224-0500] {processor.py:183} INFO - Processing /home/abhiram/jobtrak-stack/venv/lib/python3.12/site-packages/airflow/example_dags/example_nested_branch_dag.py took 0.055 seconds
[2025-07-18T12:37:22.598-0500] {processor.py:161} INFO - Started process (PID=3207) to work on /home/abhiram/jobtrak-stack/venv/lib/python3.12/site-packages/airflow/example_dags/example_nested_branch_dag.py
[2025-07-18T12:37:22.600-0500] {processor.py:830} INFO - Processing file /home/abhiram/jobtrak-stack/venv/lib/python3.12/site-packages/airflow/example_dags/example_nested_branch_dag.py for tasks to queue
[2025-07-18T12:37:22.601-0500] {logging_mixin.py:188} INFO - [2025-07-18T12:37:22.601-0500] {dagbag.py:545} INFO - Filling up the DagBag from /home/abhiram/jobtrak-stack/venv/lib/python3.12/site-packages/airflow/example_dags/example_nested_branch_dag.py
[2025-07-18T12:37:22.607-0500] {processor.py:840} INFO - DAG(s) 'example_nested_branch_dag' retrieved from /home/abhiram/jobtrak-stack/venv/lib/python3.12/site-packages/airflow/example_dags/example_nested_branch_dag.py
[2025-07-18T12:37:22.629-0500] {logging_mixin.py:188} INFO - [2025-07-18T12:37:22.629-0500] {dag.py:3096} INFO - Sync 1 DAGs
[2025-07-18T12:37:22.645-0500] {logging_mixin.py:188} INFO - [2025-07-18T12:37:22.645-0500] {dag.py:3954} INFO - Setting next_dagrun for example_nested_branch_dag to 2025-07-17 00:00:00+00:00, run_after=2025-07-18 00:00:00+00:00
[2025-07-18T12:37:22.660-0500] {processor.py:183} INFO - Processing /home/abhiram/jobtrak-stack/venv/lib/python3.12/site-packages/airflow/example_dags/example_nested_branch_dag.py took 0.066 seconds
[2025-07-18T12:37:52.841-0500] {processor.py:161} INFO - Started process (PID=3313) to work on /home/abhiram/jobtrak-stack/venv/lib/python3.12/site-packages/airflow/example_dags/example_nested_branch_dag.py
[2025-07-18T12:37:52.842-0500] {processor.py:830} INFO - Processing file /home/abhiram/jobtrak-stack/venv/lib/python3.12/site-packages/airflow/example_dags/example_nested_branch_dag.py for tasks to queue
[2025-07-18T12:37:52.843-0500] {logging_mixin.py:188} INFO - [2025-07-18T12:37:52.843-0500] {dagbag.py:545} INFO - Filling up the DagBag from /home/abhiram/jobtrak-stack/venv/lib/python3.12/site-packages/airflow/example_dags/example_nested_branch_dag.py
[2025-07-18T12:37:52.849-0500] {processor.py:840} INFO - DAG(s) 'example_nested_branch_dag' retrieved from /home/abhiram/jobtrak-stack/venv/lib/python3.12/site-packages/airflow/example_dags/example_nested_branch_dag.py
[2025-07-18T12:37:52.872-0500] {logging_mixin.py:188} INFO - [2025-07-18T12:37:52.872-0500] {dag.py:3096} INFO - Sync 1 DAGs
[2025-07-18T12:37:52.891-0500] {logging_mixin.py:188} INFO - [2025-07-18T12:37:52.891-0500] {dag.py:3954} INFO - Setting next_dagrun for example_nested_branch_dag to 2025-07-17 00:00:00+00:00, run_after=2025-07-18 00:00:00+00:00
[2025-07-18T12:37:52.908-0500] {processor.py:183} INFO - Processing /home/abhiram/jobtrak-stack/venv/lib/python3.12/site-packages/airflow/example_dags/example_nested_branch_dag.py took 0.070 seconds
[2025-07-18T12:38:23.284-0500] {processor.py:161} INFO - Started process (PID=3420) to work on /home/abhiram/jobtrak-stack/venv/lib/python3.12/site-packages/airflow/example_dags/example_nested_branch_dag.py
[2025-07-18T12:38:23.285-0500] {processor.py:830} INFO - Processing file /home/abhiram/jobtrak-stack/venv/lib/python3.12/site-packages/airflow/example_dags/example_nested_branch_dag.py for tasks to queue
[2025-07-18T12:38:23.286-0500] {logging_mixin.py:188} INFO - [2025-07-18T12:38:23.286-0500] {dagbag.py:545} INFO - Filling up the DagBag from /home/abhiram/jobtrak-stack/venv/lib/python3.12/site-packages/airflow/example_dags/example_nested_branch_dag.py
[2025-07-18T12:38:23.292-0500] {processor.py:840} INFO - DAG(s) 'example_nested_branch_dag' retrieved from /home/abhiram/jobtrak-stack/venv/lib/python3.12/site-packages/airflow/example_dags/example_nested_branch_dag.py
[2025-07-18T12:38:23.310-0500] {logging_mixin.py:188} INFO - [2025-07-18T12:38:23.309-0500] {dag.py:3096} INFO - Sync 1 DAGs
[2025-07-18T12:38:23.324-0500] {logging_mixin.py:188} INFO - [2025-07-18T12:38:23.324-0500] {dag.py:3954} INFO - Setting next_dagrun for example_nested_branch_dag to 2025-07-17 00:00:00+00:00, run_after=2025-07-18 00:00:00+00:00
[2025-07-18T12:38:23.339-0500] {processor.py:183} INFO - Processing /home/abhiram/jobtrak-stack/venv/lib/python3.12/site-packages/airflow/example_dags/example_nested_branch_dag.py took 0.059 seconds
[2025-07-18T12:38:53.739-0500] {processor.py:161} INFO - Started process (PID=3529) to work on /home/abhiram/jobtrak-stack/venv/lib/python3.12/site-packages/airflow/example_dags/example_nested_branch_dag.py
[2025-07-18T12:38:53.741-0500] {processor.py:830} INFO - Processing file /home/abhiram/jobtrak-stack/venv/lib/python3.12/site-packages/airflow/example_dags/example_nested_branch_dag.py for tasks to queue
[2025-07-18T12:38:53.742-0500] {logging_mixin.py:188} INFO - [2025-07-18T12:38:53.742-0500] {dagbag.py:545} INFO - Filling up the DagBag from /home/abhiram/jobtrak-stack/venv/lib/python3.12/site-packages/airflow/example_dags/example_nested_branch_dag.py
[2025-07-18T12:38:53.749-0500] {processor.py:840} INFO - DAG(s) 'example_nested_branch_dag' retrieved from /home/abhiram/jobtrak-stack/venv/lib/python3.12/site-packages/airflow/example_dags/example_nested_branch_dag.py
[2025-07-18T12:38:53.772-0500] {logging_mixin.py:188} INFO - [2025-07-18T12:38:53.772-0500] {dag.py:3096} INFO - Sync 1 DAGs
[2025-07-18T12:38:53.788-0500] {logging_mixin.py:188} INFO - [2025-07-18T12:38:53.787-0500] {dag.py:3954} INFO - Setting next_dagrun for example_nested_branch_dag to 2025-07-17 00:00:00+00:00, run_after=2025-07-18 00:00:00+00:00
[2025-07-18T12:38:53.807-0500] {processor.py:183} INFO - Processing /home/abhiram/jobtrak-stack/venv/lib/python3.12/site-packages/airflow/example_dags/example_nested_branch_dag.py took 0.072 seconds
[2025-07-18T12:39:23.882-0500] {processor.py:161} INFO - Started process (PID=3635) to work on /home/abhiram/jobtrak-stack/venv/lib/python3.12/site-packages/airflow/example_dags/example_nested_branch_dag.py
[2025-07-18T12:39:23.884-0500] {processor.py:830} INFO - Processing file /home/abhiram/jobtrak-stack/venv/lib/python3.12/site-packages/airflow/example_dags/example_nested_branch_dag.py for tasks to queue
[2025-07-18T12:39:23.885-0500] {logging_mixin.py:188} INFO - [2025-07-18T12:39:23.885-0500] {dagbag.py:545} INFO - Filling up the DagBag from /home/abhiram/jobtrak-stack/venv/lib/python3.12/site-packages/airflow/example_dags/example_nested_branch_dag.py
[2025-07-18T12:39:23.891-0500] {processor.py:840} INFO - DAG(s) 'example_nested_branch_dag' retrieved from /home/abhiram/jobtrak-stack/venv/lib/python3.12/site-packages/airflow/example_dags/example_nested_branch_dag.py
[2025-07-18T12:39:23.909-0500] {logging_mixin.py:188} INFO - [2025-07-18T12:39:23.909-0500] {dag.py:3096} INFO - Sync 1 DAGs
[2025-07-18T12:39:23.923-0500] {logging_mixin.py:188} INFO - [2025-07-18T12:39:23.923-0500] {dag.py:3954} INFO - Setting next_dagrun for example_nested_branch_dag to 2025-07-17 00:00:00+00:00, run_after=2025-07-18 00:00:00+00:00
[2025-07-18T12:39:23.938-0500] {processor.py:183} INFO - Processing /home/abhiram/jobtrak-stack/venv/lib/python3.12/site-packages/airflow/example_dags/example_nested_branch_dag.py took 0.060 seconds
[2025-07-18T12:39:54.039-0500] {processor.py:161} INFO - Started process (PID=3742) to work on /home/abhiram/jobtrak-stack/venv/lib/python3.12/site-packages/airflow/example_dags/example_nested_branch_dag.py
[2025-07-18T12:39:54.039-0500] {processor.py:830} INFO - Processing file /home/abhiram/jobtrak-stack/venv/lib/python3.12/site-packages/airflow/example_dags/example_nested_branch_dag.py for tasks to queue
[2025-07-18T12:39:54.040-0500] {logging_mixin.py:188} INFO - [2025-07-18T12:39:54.040-0500] {dagbag.py:545} INFO - Filling up the DagBag from /home/abhiram/jobtrak-stack/venv/lib/python3.12/site-packages/airflow/example_dags/example_nested_branch_dag.py
[2025-07-18T12:39:54.046-0500] {processor.py:840} INFO - DAG(s) 'example_nested_branch_dag' retrieved from /home/abhiram/jobtrak-stack/venv/lib/python3.12/site-packages/airflow/example_dags/example_nested_branch_dag.py
[2025-07-18T12:39:54.063-0500] {logging_mixin.py:188} INFO - [2025-07-18T12:39:54.063-0500] {dag.py:3096} INFO - Sync 1 DAGs
[2025-07-18T12:39:54.077-0500] {logging_mixin.py:188} INFO - [2025-07-18T12:39:54.077-0500] {dag.py:3954} INFO - Setting next_dagrun for example_nested_branch_dag to 2025-07-17 00:00:00+00:00, run_after=2025-07-18 00:00:00+00:00
[2025-07-18T12:39:54.090-0500] {processor.py:183} INFO - Processing /home/abhiram/jobtrak-stack/venv/lib/python3.12/site-packages/airflow/example_dags/example_nested_branch_dag.py took 0.056 seconds
[2025-07-18T12:40:32.535-0500] {processor.py:161} INFO - Started process (PID=3932) to work on /home/abhiram/jobtrak-stack/venv/lib/python3.12/site-packages/airflow/example_dags/example_nested_branch_dag.py
[2025-07-18T12:40:32.537-0500] {processor.py:830} INFO - Processing file /home/abhiram/jobtrak-stack/venv/lib/python3.12/site-packages/airflow/example_dags/example_nested_branch_dag.py for tasks to queue
[2025-07-18T12:40:32.538-0500] {logging_mixin.py:188} INFO - [2025-07-18T12:40:32.538-0500] {dagbag.py:545} INFO - Filling up the DagBag from /home/abhiram/jobtrak-stack/venv/lib/python3.12/site-packages/airflow/example_dags/example_nested_branch_dag.py
[2025-07-18T12:40:32.545-0500] {processor.py:840} INFO - DAG(s) 'example_nested_branch_dag' retrieved from /home/abhiram/jobtrak-stack/venv/lib/python3.12/site-packages/airflow/example_dags/example_nested_branch_dag.py
[2025-07-18T12:40:32.572-0500] {logging_mixin.py:188} INFO - [2025-07-18T12:40:32.571-0500] {dag.py:3096} INFO - Sync 1 DAGs
[2025-07-18T12:40:32.588-0500] {logging_mixin.py:188} INFO - [2025-07-18T12:40:32.588-0500] {dag.py:3954} INFO - Setting next_dagrun for example_nested_branch_dag to 2025-07-17 00:00:00+00:00, run_after=2025-07-18 00:00:00+00:00
[2025-07-18T12:40:32.604-0500] {processor.py:183} INFO - Processing /home/abhiram/jobtrak-stack/venv/lib/python3.12/site-packages/airflow/example_dags/example_nested_branch_dag.py took 0.073 seconds
[2025-07-18T12:41:03.046-0500] {processor.py:161} INFO - Started process (PID=4057) to work on /home/abhiram/jobtrak-stack/venv/lib/python3.12/site-packages/airflow/example_dags/example_nested_branch_dag.py
[2025-07-18T12:41:03.047-0500] {processor.py:830} INFO - Processing file /home/abhiram/jobtrak-stack/venv/lib/python3.12/site-packages/airflow/example_dags/example_nested_branch_dag.py for tasks to queue
[2025-07-18T12:41:03.048-0500] {logging_mixin.py:188} INFO - [2025-07-18T12:41:03.047-0500] {dagbag.py:545} INFO - Filling up the DagBag from /home/abhiram/jobtrak-stack/venv/lib/python3.12/site-packages/airflow/example_dags/example_nested_branch_dag.py
[2025-07-18T12:41:03.054-0500] {processor.py:840} INFO - DAG(s) 'example_nested_branch_dag' retrieved from /home/abhiram/jobtrak-stack/venv/lib/python3.12/site-packages/airflow/example_dags/example_nested_branch_dag.py
[2025-07-18T12:41:03.072-0500] {logging_mixin.py:188} INFO - [2025-07-18T12:41:03.072-0500] {dag.py:3096} INFO - Sync 1 DAGs
[2025-07-18T12:41:03.088-0500] {logging_mixin.py:188} INFO - [2025-07-18T12:41:03.087-0500] {dag.py:3954} INFO - Setting next_dagrun for example_nested_branch_dag to 2025-07-17 00:00:00+00:00, run_after=2025-07-18 00:00:00+00:00
[2025-07-18T12:41:03.103-0500] {processor.py:183} INFO - Processing /home/abhiram/jobtrak-stack/venv/lib/python3.12/site-packages/airflow/example_dags/example_nested_branch_dag.py took 0.061 seconds
[2025-07-18T12:41:33.604-0500] {processor.py:161} INFO - Started process (PID=4221) to work on /home/abhiram/jobtrak-stack/venv/lib/python3.12/site-packages/airflow/example_dags/example_nested_branch_dag.py
[2025-07-18T12:41:33.606-0500] {processor.py:830} INFO - Processing file /home/abhiram/jobtrak-stack/venv/lib/python3.12/site-packages/airflow/example_dags/example_nested_branch_dag.py for tasks to queue
[2025-07-18T12:41:33.607-0500] {logging_mixin.py:188} INFO - [2025-07-18T12:41:33.606-0500] {dagbag.py:545} INFO - Filling up the DagBag from /home/abhiram/jobtrak-stack/venv/lib/python3.12/site-packages/airflow/example_dags/example_nested_branch_dag.py
[2025-07-18T12:41:33.613-0500] {processor.py:840} INFO - DAG(s) 'example_nested_branch_dag' retrieved from /home/abhiram/jobtrak-stack/venv/lib/python3.12/site-packages/airflow/example_dags/example_nested_branch_dag.py
[2025-07-18T12:41:33.631-0500] {logging_mixin.py:188} INFO - [2025-07-18T12:41:33.631-0500] {dag.py:3096} INFO - Sync 1 DAGs
[2025-07-18T12:41:33.645-0500] {logging_mixin.py:188} INFO - [2025-07-18T12:41:33.645-0500] {dag.py:3954} INFO - Setting next_dagrun for example_nested_branch_dag to 2025-07-17 00:00:00+00:00, run_after=2025-07-18 00:00:00+00:00
[2025-07-18T12:41:33.658-0500] {processor.py:183} INFO - Processing /home/abhiram/jobtrak-stack/venv/lib/python3.12/site-packages/airflow/example_dags/example_nested_branch_dag.py took 0.059 seconds
[2025-07-18T12:42:04.119-0500] {processor.py:161} INFO - Started process (PID=4328) to work on /home/abhiram/jobtrak-stack/venv/lib/python3.12/site-packages/airflow/example_dags/example_nested_branch_dag.py
[2025-07-18T12:42:04.120-0500] {processor.py:830} INFO - Processing file /home/abhiram/jobtrak-stack/venv/lib/python3.12/site-packages/airflow/example_dags/example_nested_branch_dag.py for tasks to queue
[2025-07-18T12:42:04.121-0500] {logging_mixin.py:188} INFO - [2025-07-18T12:42:04.121-0500] {dagbag.py:545} INFO - Filling up the DagBag from /home/abhiram/jobtrak-stack/venv/lib/python3.12/site-packages/airflow/example_dags/example_nested_branch_dag.py
[2025-07-18T12:42:04.130-0500] {processor.py:840} INFO - DAG(s) 'example_nested_branch_dag' retrieved from /home/abhiram/jobtrak-stack/venv/lib/python3.12/site-packages/airflow/example_dags/example_nested_branch_dag.py
[2025-07-18T12:42:04.153-0500] {logging_mixin.py:188} INFO - [2025-07-18T12:42:04.153-0500] {dag.py:3096} INFO - Sync 1 DAGs
[2025-07-18T12:42:04.174-0500] {logging_mixin.py:188} INFO - [2025-07-18T12:42:04.174-0500] {dag.py:3954} INFO - Setting next_dagrun for example_nested_branch_dag to 2025-07-17 00:00:00+00:00, run_after=2025-07-18 00:00:00+00:00
[2025-07-18T12:42:04.194-0500] {processor.py:183} INFO - Processing /home/abhiram/jobtrak-stack/venv/lib/python3.12/site-packages/airflow/example_dags/example_nested_branch_dag.py took 0.079 seconds
[2025-07-18T12:42:34.466-0500] {processor.py:161} INFO - Started process (PID=4437) to work on /home/abhiram/jobtrak-stack/venv/lib/python3.12/site-packages/airflow/example_dags/example_nested_branch_dag.py
[2025-07-18T12:42:34.466-0500] {processor.py:830} INFO - Processing file /home/abhiram/jobtrak-stack/venv/lib/python3.12/site-packages/airflow/example_dags/example_nested_branch_dag.py for tasks to queue
[2025-07-18T12:42:34.467-0500] {logging_mixin.py:188} INFO - [2025-07-18T12:42:34.467-0500] {dagbag.py:545} INFO - Filling up the DagBag from /home/abhiram/jobtrak-stack/venv/lib/python3.12/site-packages/airflow/example_dags/example_nested_branch_dag.py
[2025-07-18T12:42:34.474-0500] {processor.py:840} INFO - DAG(s) 'example_nested_branch_dag' retrieved from /home/abhiram/jobtrak-stack/venv/lib/python3.12/site-packages/airflow/example_dags/example_nested_branch_dag.py
[2025-07-18T12:42:34.492-0500] {logging_mixin.py:188} INFO - [2025-07-18T12:42:34.492-0500] {dag.py:3096} INFO - Sync 1 DAGs
[2025-07-18T12:42:34.505-0500] {logging_mixin.py:188} INFO - [2025-07-18T12:42:34.505-0500] {dag.py:3954} INFO - Setting next_dagrun for example_nested_branch_dag to 2025-07-17 00:00:00+00:00, run_after=2025-07-18 00:00:00+00:00
[2025-07-18T12:42:34.519-0500] {processor.py:183} INFO - Processing /home/abhiram/jobtrak-stack/venv/lib/python3.12/site-packages/airflow/example_dags/example_nested_branch_dag.py took 0.057 seconds
[2025-07-18T12:43:04.826-0500] {processor.py:161} INFO - Started process (PID=4546) to work on /home/abhiram/jobtrak-stack/venv/lib/python3.12/site-packages/airflow/example_dags/example_nested_branch_dag.py
[2025-07-18T12:43:04.827-0500] {processor.py:830} INFO - Processing file /home/abhiram/jobtrak-stack/venv/lib/python3.12/site-packages/airflow/example_dags/example_nested_branch_dag.py for tasks to queue
[2025-07-18T12:43:04.828-0500] {logging_mixin.py:188} INFO - [2025-07-18T12:43:04.828-0500] {dagbag.py:545} INFO - Filling up the DagBag from /home/abhiram/jobtrak-stack/venv/lib/python3.12/site-packages/airflow/example_dags/example_nested_branch_dag.py
[2025-07-18T12:43:04.845-0500] {processor.py:840} INFO - DAG(s) 'example_nested_branch_dag' retrieved from /home/abhiram/jobtrak-stack/venv/lib/python3.12/site-packages/airflow/example_dags/example_nested_branch_dag.py
[2025-07-18T12:43:04.865-0500] {logging_mixin.py:188} INFO - [2025-07-18T12:43:04.865-0500] {dag.py:3096} INFO - Sync 1 DAGs
[2025-07-18T12:43:04.888-0500] {logging_mixin.py:188} INFO - [2025-07-18T12:43:04.888-0500] {dag.py:3954} INFO - Setting next_dagrun for example_nested_branch_dag to 2025-07-17 00:00:00+00:00, run_after=2025-07-18 00:00:00+00:00
[2025-07-18T12:43:04.903-0500] {processor.py:183} INFO - Processing /home/abhiram/jobtrak-stack/venv/lib/python3.12/site-packages/airflow/example_dags/example_nested_branch_dag.py took 0.092 seconds
[2025-07-18T12:43:35.288-0500] {processor.py:161} INFO - Started process (PID=4654) to work on /home/abhiram/jobtrak-stack/venv/lib/python3.12/site-packages/airflow/example_dags/example_nested_branch_dag.py
[2025-07-18T12:43:35.289-0500] {processor.py:830} INFO - Processing file /home/abhiram/jobtrak-stack/venv/lib/python3.12/site-packages/airflow/example_dags/example_nested_branch_dag.py for tasks to queue
[2025-07-18T12:43:35.291-0500] {logging_mixin.py:188} INFO - [2025-07-18T12:43:35.290-0500] {dagbag.py:545} INFO - Filling up the DagBag from /home/abhiram/jobtrak-stack/venv/lib/python3.12/site-packages/airflow/example_dags/example_nested_branch_dag.py
[2025-07-18T12:43:35.297-0500] {processor.py:840} INFO - DAG(s) 'example_nested_branch_dag' retrieved from /home/abhiram/jobtrak-stack/venv/lib/python3.12/site-packages/airflow/example_dags/example_nested_branch_dag.py
[2025-07-18T12:43:35.316-0500] {logging_mixin.py:188} INFO - [2025-07-18T12:43:35.316-0500] {dag.py:3096} INFO - Sync 1 DAGs
[2025-07-18T12:43:35.331-0500] {logging_mixin.py:188} INFO - [2025-07-18T12:43:35.331-0500] {dag.py:3954} INFO - Setting next_dagrun for example_nested_branch_dag to 2025-07-17 00:00:00+00:00, run_after=2025-07-18 00:00:00+00:00
[2025-07-18T12:43:35.345-0500] {processor.py:183} INFO - Processing /home/abhiram/jobtrak-stack/venv/lib/python3.12/site-packages/airflow/example_dags/example_nested_branch_dag.py took 0.061 seconds
[2025-07-18T12:44:06.341-0500] {processor.py:161} INFO - Started process (PID=4765) to work on /home/abhiram/jobtrak-stack/venv/lib/python3.12/site-packages/airflow/example_dags/example_nested_branch_dag.py
[2025-07-18T12:44:06.343-0500] {processor.py:830} INFO - Processing file /home/abhiram/jobtrak-stack/venv/lib/python3.12/site-packages/airflow/example_dags/example_nested_branch_dag.py for tasks to queue
[2025-07-18T12:44:06.344-0500] {logging_mixin.py:188} INFO - [2025-07-18T12:44:06.344-0500] {dagbag.py:545} INFO - Filling up the DagBag from /home/abhiram/jobtrak-stack/venv/lib/python3.12/site-packages/airflow/example_dags/example_nested_branch_dag.py
[2025-07-18T12:44:06.351-0500] {processor.py:840} INFO - DAG(s) 'example_nested_branch_dag' retrieved from /home/abhiram/jobtrak-stack/venv/lib/python3.12/site-packages/airflow/example_dags/example_nested_branch_dag.py
[2025-07-18T12:44:06.372-0500] {logging_mixin.py:188} INFO - [2025-07-18T12:44:06.372-0500] {dag.py:3096} INFO - Sync 1 DAGs
[2025-07-18T12:44:06.386-0500] {logging_mixin.py:188} INFO - [2025-07-18T12:44:06.386-0500] {dag.py:3954} INFO - Setting next_dagrun for example_nested_branch_dag to 2025-07-17 00:00:00+00:00, run_after=2025-07-18 00:00:00+00:00
[2025-07-18T12:44:06.400-0500] {processor.py:183} INFO - Processing /home/abhiram/jobtrak-stack/venv/lib/python3.12/site-packages/airflow/example_dags/example_nested_branch_dag.py took 0.063 seconds
[2025-07-18T12:44:36.878-0500] {processor.py:161} INFO - Started process (PID=4873) to work on /home/abhiram/jobtrak-stack/venv/lib/python3.12/site-packages/airflow/example_dags/example_nested_branch_dag.py
[2025-07-18T12:44:36.879-0500] {processor.py:830} INFO - Processing file /home/abhiram/jobtrak-stack/venv/lib/python3.12/site-packages/airflow/example_dags/example_nested_branch_dag.py for tasks to queue
[2025-07-18T12:44:36.880-0500] {logging_mixin.py:188} INFO - [2025-07-18T12:44:36.880-0500] {dagbag.py:545} INFO - Filling up the DagBag from /home/abhiram/jobtrak-stack/venv/lib/python3.12/site-packages/airflow/example_dags/example_nested_branch_dag.py
[2025-07-18T12:44:36.887-0500] {processor.py:840} INFO - DAG(s) 'example_nested_branch_dag' retrieved from /home/abhiram/jobtrak-stack/venv/lib/python3.12/site-packages/airflow/example_dags/example_nested_branch_dag.py
[2025-07-18T12:44:36.904-0500] {logging_mixin.py:188} INFO - [2025-07-18T12:44:36.904-0500] {dag.py:3096} INFO - Sync 1 DAGs
[2025-07-18T12:44:36.919-0500] {logging_mixin.py:188} INFO - [2025-07-18T12:44:36.919-0500] {dag.py:3954} INFO - Setting next_dagrun for example_nested_branch_dag to 2025-07-17 00:00:00+00:00, run_after=2025-07-18 00:00:00+00:00
[2025-07-18T12:44:36.933-0500] {processor.py:183} INFO - Processing /home/abhiram/jobtrak-stack/venv/lib/python3.12/site-packages/airflow/example_dags/example_nested_branch_dag.py took 0.058 seconds
[2025-07-18T12:45:08.470-0500] {processor.py:161} INFO - Started process (PID=4984) to work on /home/abhiram/jobtrak-stack/venv/lib/python3.12/site-packages/airflow/example_dags/example_nested_branch_dag.py
[2025-07-18T12:45:08.472-0500] {processor.py:830} INFO - Processing file /home/abhiram/jobtrak-stack/venv/lib/python3.12/site-packages/airflow/example_dags/example_nested_branch_dag.py for tasks to queue
[2025-07-18T12:45:08.473-0500] {logging_mixin.py:188} INFO - [2025-07-18T12:45:08.472-0500] {dagbag.py:545} INFO - Filling up the DagBag from /home/abhiram/jobtrak-stack/venv/lib/python3.12/site-packages/airflow/example_dags/example_nested_branch_dag.py
[2025-07-18T12:45:08.479-0500] {processor.py:840} INFO - DAG(s) 'example_nested_branch_dag' retrieved from /home/abhiram/jobtrak-stack/venv/lib/python3.12/site-packages/airflow/example_dags/example_nested_branch_dag.py
[2025-07-18T12:45:08.497-0500] {logging_mixin.py:188} INFO - [2025-07-18T12:45:08.497-0500] {dag.py:3096} INFO - Sync 1 DAGs
[2025-07-18T12:45:08.513-0500] {logging_mixin.py:188} INFO - [2025-07-18T12:45:08.513-0500] {dag.py:3954} INFO - Setting next_dagrun for example_nested_branch_dag to 2025-07-17 00:00:00+00:00, run_after=2025-07-18 00:00:00+00:00
[2025-07-18T12:45:08.526-0500] {processor.py:183} INFO - Processing /home/abhiram/jobtrak-stack/venv/lib/python3.12/site-packages/airflow/example_dags/example_nested_branch_dag.py took 0.059 seconds
[2025-07-18T12:45:39.111-0500] {processor.py:161} INFO - Started process (PID=5090) to work on /home/abhiram/jobtrak-stack/venv/lib/python3.12/site-packages/airflow/example_dags/example_nested_branch_dag.py
[2025-07-18T12:45:39.112-0500] {processor.py:830} INFO - Processing file /home/abhiram/jobtrak-stack/venv/lib/python3.12/site-packages/airflow/example_dags/example_nested_branch_dag.py for tasks to queue
[2025-07-18T12:45:39.114-0500] {logging_mixin.py:188} INFO - [2025-07-18T12:45:39.113-0500] {dagbag.py:545} INFO - Filling up the DagBag from /home/abhiram/jobtrak-stack/venv/lib/python3.12/site-packages/airflow/example_dags/example_nested_branch_dag.py
[2025-07-18T12:45:39.125-0500] {processor.py:840} INFO - DAG(s) 'example_nested_branch_dag' retrieved from /home/abhiram/jobtrak-stack/venv/lib/python3.12/site-packages/airflow/example_dags/example_nested_branch_dag.py
[2025-07-18T12:45:39.146-0500] {logging_mixin.py:188} INFO - [2025-07-18T12:45:39.146-0500] {dag.py:3096} INFO - Sync 1 DAGs
[2025-07-18T12:45:39.160-0500] {logging_mixin.py:188} INFO - [2025-07-18T12:45:39.160-0500] {dag.py:3954} INFO - Setting next_dagrun for example_nested_branch_dag to 2025-07-17 00:00:00+00:00, run_after=2025-07-18 00:00:00+00:00
[2025-07-18T12:45:39.174-0500] {processor.py:183} INFO - Processing /home/abhiram/jobtrak-stack/venv/lib/python3.12/site-packages/airflow/example_dags/example_nested_branch_dag.py took 0.067 seconds
[2025-07-18T12:46:09.585-0500] {processor.py:161} INFO - Started process (PID=5199) to work on /home/abhiram/jobtrak-stack/venv/lib/python3.12/site-packages/airflow/example_dags/example_nested_branch_dag.py
[2025-07-18T12:46:09.586-0500] {processor.py:830} INFO - Processing file /home/abhiram/jobtrak-stack/venv/lib/python3.12/site-packages/airflow/example_dags/example_nested_branch_dag.py for tasks to queue
[2025-07-18T12:46:09.587-0500] {logging_mixin.py:188} INFO - [2025-07-18T12:46:09.587-0500] {dagbag.py:545} INFO - Filling up the DagBag from /home/abhiram/jobtrak-stack/venv/lib/python3.12/site-packages/airflow/example_dags/example_nested_branch_dag.py
[2025-07-18T12:46:09.594-0500] {processor.py:840} INFO - DAG(s) 'example_nested_branch_dag' retrieved from /home/abhiram/jobtrak-stack/venv/lib/python3.12/site-packages/airflow/example_dags/example_nested_branch_dag.py
[2025-07-18T12:46:09.612-0500] {logging_mixin.py:188} INFO - [2025-07-18T12:46:09.612-0500] {dag.py:3096} INFO - Sync 1 DAGs
[2025-07-18T12:46:09.629-0500] {logging_mixin.py:188} INFO - [2025-07-18T12:46:09.629-0500] {dag.py:3954} INFO - Setting next_dagrun for example_nested_branch_dag to 2025-07-17 00:00:00+00:00, run_after=2025-07-18 00:00:00+00:00
[2025-07-18T12:46:09.645-0500] {processor.py:183} INFO - Processing /home/abhiram/jobtrak-stack/venv/lib/python3.12/site-packages/airflow/example_dags/example_nested_branch_dag.py took 0.065 seconds
[2025-07-18T12:46:40.446-0500] {processor.py:161} INFO - Started process (PID=5309) to work on /home/abhiram/jobtrak-stack/venv/lib/python3.12/site-packages/airflow/example_dags/example_nested_branch_dag.py
[2025-07-18T12:46:40.446-0500] {processor.py:830} INFO - Processing file /home/abhiram/jobtrak-stack/venv/lib/python3.12/site-packages/airflow/example_dags/example_nested_branch_dag.py for tasks to queue
[2025-07-18T12:46:40.447-0500] {logging_mixin.py:188} INFO - [2025-07-18T12:46:40.447-0500] {dagbag.py:545} INFO - Filling up the DagBag from /home/abhiram/jobtrak-stack/venv/lib/python3.12/site-packages/airflow/example_dags/example_nested_branch_dag.py
[2025-07-18T12:46:40.454-0500] {processor.py:840} INFO - DAG(s) 'example_nested_branch_dag' retrieved from /home/abhiram/jobtrak-stack/venv/lib/python3.12/site-packages/airflow/example_dags/example_nested_branch_dag.py
[2025-07-18T12:46:40.471-0500] {logging_mixin.py:188} INFO - [2025-07-18T12:46:40.470-0500] {dag.py:3096} INFO - Sync 1 DAGs
[2025-07-18T12:46:40.488-0500] {logging_mixin.py:188} INFO - [2025-07-18T12:46:40.488-0500] {dag.py:3954} INFO - Setting next_dagrun for example_nested_branch_dag to 2025-07-17 00:00:00+00:00, run_after=2025-07-18 00:00:00+00:00
[2025-07-18T12:46:40.501-0500] {processor.py:183} INFO - Processing /home/abhiram/jobtrak-stack/venv/lib/python3.12/site-packages/airflow/example_dags/example_nested_branch_dag.py took 0.060 seconds
[2025-07-18T12:47:11.112-0500] {processor.py:161} INFO - Started process (PID=5417) to work on /home/abhiram/jobtrak-stack/venv/lib/python3.12/site-packages/airflow/example_dags/example_nested_branch_dag.py
[2025-07-18T12:47:11.114-0500] {processor.py:830} INFO - Processing file /home/abhiram/jobtrak-stack/venv/lib/python3.12/site-packages/airflow/example_dags/example_nested_branch_dag.py for tasks to queue
[2025-07-18T12:47:11.115-0500] {logging_mixin.py:188} INFO - [2025-07-18T12:47:11.115-0500] {dagbag.py:545} INFO - Filling up the DagBag from /home/abhiram/jobtrak-stack/venv/lib/python3.12/site-packages/airflow/example_dags/example_nested_branch_dag.py
[2025-07-18T12:47:11.121-0500] {processor.py:840} INFO - DAG(s) 'example_nested_branch_dag' retrieved from /home/abhiram/jobtrak-stack/venv/lib/python3.12/site-packages/airflow/example_dags/example_nested_branch_dag.py
[2025-07-18T12:47:11.138-0500] {logging_mixin.py:188} INFO - [2025-07-18T12:47:11.138-0500] {dag.py:3096} INFO - Sync 1 DAGs
[2025-07-18T12:47:11.152-0500] {logging_mixin.py:188} INFO - [2025-07-18T12:47:11.151-0500] {dag.py:3954} INFO - Setting next_dagrun for example_nested_branch_dag to 2025-07-17 00:00:00+00:00, run_after=2025-07-18 00:00:00+00:00
[2025-07-18T12:47:11.168-0500] {processor.py:183} INFO - Processing /home/abhiram/jobtrak-stack/venv/lib/python3.12/site-packages/airflow/example_dags/example_nested_branch_dag.py took 0.059 seconds
[2025-07-18T12:47:41.564-0500] {processor.py:161} INFO - Started process (PID=5523) to work on /home/abhiram/jobtrak-stack/venv/lib/python3.12/site-packages/airflow/example_dags/example_nested_branch_dag.py
[2025-07-18T12:47:41.565-0500] {processor.py:830} INFO - Processing file /home/abhiram/jobtrak-stack/venv/lib/python3.12/site-packages/airflow/example_dags/example_nested_branch_dag.py for tasks to queue
[2025-07-18T12:47:41.566-0500] {logging_mixin.py:188} INFO - [2025-07-18T12:47:41.566-0500] {dagbag.py:545} INFO - Filling up the DagBag from /home/abhiram/jobtrak-stack/venv/lib/python3.12/site-packages/airflow/example_dags/example_nested_branch_dag.py
[2025-07-18T12:47:41.573-0500] {processor.py:840} INFO - DAG(s) 'example_nested_branch_dag' retrieved from /home/abhiram/jobtrak-stack/venv/lib/python3.12/site-packages/airflow/example_dags/example_nested_branch_dag.py
[2025-07-18T12:47:41.591-0500] {logging_mixin.py:188} INFO - [2025-07-18T12:47:41.591-0500] {dag.py:3096} INFO - Sync 1 DAGs
[2025-07-18T12:47:41.607-0500] {logging_mixin.py:188} INFO - [2025-07-18T12:47:41.607-0500] {dag.py:3954} INFO - Setting next_dagrun for example_nested_branch_dag to 2025-07-17 00:00:00+00:00, run_after=2025-07-18 00:00:00+00:00
[2025-07-18T12:47:41.624-0500] {processor.py:183} INFO - Processing /home/abhiram/jobtrak-stack/venv/lib/python3.12/site-packages/airflow/example_dags/example_nested_branch_dag.py took 0.064 seconds
[2025-07-18T12:48:12.458-0500] {processor.py:161} INFO - Started process (PID=5707) to work on /home/abhiram/jobtrak-stack/venv/lib/python3.12/site-packages/airflow/example_dags/example_nested_branch_dag.py
[2025-07-18T12:48:12.459-0500] {processor.py:830} INFO - Processing file /home/abhiram/jobtrak-stack/venv/lib/python3.12/site-packages/airflow/example_dags/example_nested_branch_dag.py for tasks to queue
[2025-07-18T12:48:12.461-0500] {logging_mixin.py:188} INFO - [2025-07-18T12:48:12.461-0500] {dagbag.py:545} INFO - Filling up the DagBag from /home/abhiram/jobtrak-stack/venv/lib/python3.12/site-packages/airflow/example_dags/example_nested_branch_dag.py
[2025-07-18T12:48:12.469-0500] {processor.py:840} INFO - DAG(s) 'example_nested_branch_dag' retrieved from /home/abhiram/jobtrak-stack/venv/lib/python3.12/site-packages/airflow/example_dags/example_nested_branch_dag.py
[2025-07-18T12:48:12.488-0500] {logging_mixin.py:188} INFO - [2025-07-18T12:48:12.488-0500] {dag.py:3096} INFO - Sync 1 DAGs
[2025-07-18T12:48:12.506-0500] {logging_mixin.py:188} INFO - [2025-07-18T12:48:12.506-0500] {dag.py:3954} INFO - Setting next_dagrun for example_nested_branch_dag to 2025-07-17 00:00:00+00:00, run_after=2025-07-18 00:00:00+00:00
[2025-07-18T12:48:12.522-0500] {processor.py:183} INFO - Processing /home/abhiram/jobtrak-stack/venv/lib/python3.12/site-packages/airflow/example_dags/example_nested_branch_dag.py took 0.069 seconds
[2025-07-18T12:48:43.041-0500] {processor.py:161} INFO - Started process (PID=5814) to work on /home/abhiram/jobtrak-stack/venv/lib/python3.12/site-packages/airflow/example_dags/example_nested_branch_dag.py
[2025-07-18T12:48:43.043-0500] {processor.py:830} INFO - Processing file /home/abhiram/jobtrak-stack/venv/lib/python3.12/site-packages/airflow/example_dags/example_nested_branch_dag.py for tasks to queue
[2025-07-18T12:48:43.044-0500] {logging_mixin.py:188} INFO - [2025-07-18T12:48:43.043-0500] {dagbag.py:545} INFO - Filling up the DagBag from /home/abhiram/jobtrak-stack/venv/lib/python3.12/site-packages/airflow/example_dags/example_nested_branch_dag.py
[2025-07-18T12:48:43.049-0500] {processor.py:840} INFO - DAG(s) 'example_nested_branch_dag' retrieved from /home/abhiram/jobtrak-stack/venv/lib/python3.12/site-packages/airflow/example_dags/example_nested_branch_dag.py
[2025-07-18T12:48:43.070-0500] {logging_mixin.py:188} INFO - [2025-07-18T12:48:43.070-0500] {dag.py:3096} INFO - Sync 1 DAGs
[2025-07-18T12:48:43.085-0500] {logging_mixin.py:188} INFO - [2025-07-18T12:48:43.084-0500] {dag.py:3954} INFO - Setting next_dagrun for example_nested_branch_dag to 2025-07-17 00:00:00+00:00, run_after=2025-07-18 00:00:00+00:00
[2025-07-18T12:48:43.101-0500] {processor.py:183} INFO - Processing /home/abhiram/jobtrak-stack/venv/lib/python3.12/site-packages/airflow/example_dags/example_nested_branch_dag.py took 0.064 seconds
[2025-07-18T12:49:13.681-0500] {processor.py:161} INFO - Started process (PID=5921) to work on /home/abhiram/jobtrak-stack/venv/lib/python3.12/site-packages/airflow/example_dags/example_nested_branch_dag.py
[2025-07-18T12:49:13.682-0500] {processor.py:830} INFO - Processing file /home/abhiram/jobtrak-stack/venv/lib/python3.12/site-packages/airflow/example_dags/example_nested_branch_dag.py for tasks to queue
[2025-07-18T12:49:13.683-0500] {logging_mixin.py:188} INFO - [2025-07-18T12:49:13.683-0500] {dagbag.py:545} INFO - Filling up the DagBag from /home/abhiram/jobtrak-stack/venv/lib/python3.12/site-packages/airflow/example_dags/example_nested_branch_dag.py
[2025-07-18T12:49:13.690-0500] {processor.py:840} INFO - DAG(s) 'example_nested_branch_dag' retrieved from /home/abhiram/jobtrak-stack/venv/lib/python3.12/site-packages/airflow/example_dags/example_nested_branch_dag.py
[2025-07-18T12:49:13.707-0500] {logging_mixin.py:188} INFO - [2025-07-18T12:49:13.707-0500] {dag.py:3096} INFO - Sync 1 DAGs
[2025-07-18T12:49:13.721-0500] {logging_mixin.py:188} INFO - [2025-07-18T12:49:13.721-0500] {dag.py:3954} INFO - Setting next_dagrun for example_nested_branch_dag to 2025-07-17 00:00:00+00:00, run_after=2025-07-18 00:00:00+00:00
[2025-07-18T12:49:13.733-0500] {processor.py:183} INFO - Processing /home/abhiram/jobtrak-stack/venv/lib/python3.12/site-packages/airflow/example_dags/example_nested_branch_dag.py took 0.056 seconds
