[2025-07-18T11:49:19.027-0500] {processor.py:161} INFO - Started process (PID=845) to work on /home/abhiram/jobtrak-stack/venv/lib/python3.12/site-packages/airflow/example_dags/example_trigger_target_dag.py
[2025-07-18T11:49:19.028-0500] {processor.py:830} INFO - Processing file /home/abhiram/jobtrak-stack/venv/lib/python3.12/site-packages/airflow/example_dags/example_trigger_target_dag.py for tasks to queue
[2025-07-18T11:49:19.029-0500] {logging_mixin.py:188} INFO - [2025-07-18T11:49:19.029-0500] {dagbag.py:545} INFO - Filling up the DagBag from /home/abhiram/jobtrak-stack/venv/lib/python3.12/site-packages/airflow/example_dags/example_trigger_target_dag.py
[2025-07-18T11:49:19.032-0500] {processor.py:840} INFO - DAG(s) 'example_trigger_target_dag' retrieved from /home/abhiram/jobtrak-stack/venv/lib/python3.12/site-packages/airflow/example_dags/example_trigger_target_dag.py
[2025-07-18T11:49:19.045-0500] {logging_mixin.py:188} INFO - [2025-07-18T11:49:19.044-0500] {dag.py:3096} INFO - Sync 1 DAGs
[2025-07-18T11:49:19.053-0500] {logging_mixin.py:188} INFO - [2025-07-18T11:49:19.053-0500] {dag.py:3954} INFO - Setting next_dagrun for example_trigger_target_dag to None, run_after=None
[2025-07-18T11:49:19.069-0500] {processor.py:183} INFO - Processing /home/abhiram/jobtrak-stack/venv/lib/python3.12/site-packages/airflow/example_dags/example_trigger_target_dag.py took 0.045 seconds
[2025-07-18T11:49:50.724-0500] {processor.py:161} INFO - Started process (PID=971) to work on /home/abhiram/jobtrak-stack/venv/lib/python3.12/site-packages/airflow/example_dags/example_trigger_target_dag.py
[2025-07-18T11:49:50.724-0500] {processor.py:830} INFO - Processing file /home/abhiram/jobtrak-stack/venv/lib/python3.12/site-packages/airflow/example_dags/example_trigger_target_dag.py for tasks to queue
[2025-07-18T11:49:50.725-0500] {logging_mixin.py:188} INFO - [2025-07-18T11:49:50.725-0500] {dagbag.py:545} INFO - Filling up the DagBag from /home/abhiram/jobtrak-stack/venv/lib/python3.12/site-packages/airflow/example_dags/example_trigger_target_dag.py
[2025-07-18T11:49:50.729-0500] {processor.py:840} INFO - DAG(s) 'example_trigger_target_dag' retrieved from /home/abhiram/jobtrak-stack/venv/lib/python3.12/site-packages/airflow/example_dags/example_trigger_target_dag.py
[2025-07-18T11:49:50.791-0500] {logging_mixin.py:188} INFO - [2025-07-18T11:49:50.791-0500] {dag.py:3096} INFO - Sync 1 DAGs
[2025-07-18T11:49:50.797-0500] {logging_mixin.py:188} INFO - [2025-07-18T11:49:50.797-0500] {dag.py:3954} INFO - Setting next_dagrun for example_trigger_target_dag to None, run_after=None
[2025-07-18T11:49:50.810-0500] {processor.py:183} INFO - Processing /home/abhiram/jobtrak-stack/venv/lib/python3.12/site-packages/airflow/example_dags/example_trigger_target_dag.py took 0.090 seconds
[2025-07-18T11:50:21.230-0500] {processor.py:161} INFO - Started process (PID=1094) to work on /home/abhiram/jobtrak-stack/venv/lib/python3.12/site-packages/airflow/example_dags/example_trigger_target_dag.py
[2025-07-18T11:50:21.231-0500] {processor.py:830} INFO - Processing file /home/abhiram/jobtrak-stack/venv/lib/python3.12/site-packages/airflow/example_dags/example_trigger_target_dag.py for tasks to queue
[2025-07-18T11:50:21.232-0500] {logging_mixin.py:188} INFO - [2025-07-18T11:50:21.232-0500] {dagbag.py:545} INFO - Filling up the DagBag from /home/abhiram/jobtrak-stack/venv/lib/python3.12/site-packages/airflow/example_dags/example_trigger_target_dag.py
[2025-07-18T11:50:21.237-0500] {processor.py:840} INFO - DAG(s) 'example_trigger_target_dag' retrieved from /home/abhiram/jobtrak-stack/venv/lib/python3.12/site-packages/airflow/example_dags/example_trigger_target_dag.py
[2025-07-18T11:50:21.264-0500] {logging_mixin.py:188} INFO - [2025-07-18T11:50:21.264-0500] {dag.py:3096} INFO - Sync 1 DAGs
[2025-07-18T11:50:21.273-0500] {logging_mixin.py:188} INFO - [2025-07-18T11:50:21.273-0500] {dag.py:3954} INFO - Setting next_dagrun for example_trigger_target_dag to None, run_after=None
[2025-07-18T11:50:21.287-0500] {processor.py:183} INFO - Processing /home/abhiram/jobtrak-stack/venv/lib/python3.12/site-packages/airflow/example_dags/example_trigger_target_dag.py took 0.061 seconds
[2025-07-18T11:50:51.341-0500] {processor.py:161} INFO - Started process (PID=1203) to work on /home/abhiram/jobtrak-stack/venv/lib/python3.12/site-packages/airflow/example_dags/example_trigger_target_dag.py
[2025-07-18T11:50:51.342-0500] {processor.py:830} INFO - Processing file /home/abhiram/jobtrak-stack/venv/lib/python3.12/site-packages/airflow/example_dags/example_trigger_target_dag.py for tasks to queue
[2025-07-18T11:50:51.342-0500] {logging_mixin.py:188} INFO - [2025-07-18T11:50:51.342-0500] {dagbag.py:545} INFO - Filling up the DagBag from /home/abhiram/jobtrak-stack/venv/lib/python3.12/site-packages/airflow/example_dags/example_trigger_target_dag.py
[2025-07-18T11:50:51.347-0500] {processor.py:840} INFO - DAG(s) 'example_trigger_target_dag' retrieved from /home/abhiram/jobtrak-stack/venv/lib/python3.12/site-packages/airflow/example_dags/example_trigger_target_dag.py
[2025-07-18T11:50:51.372-0500] {logging_mixin.py:188} INFO - [2025-07-18T11:50:51.372-0500] {dag.py:3096} INFO - Sync 1 DAGs
[2025-07-18T11:50:51.380-0500] {logging_mixin.py:188} INFO - [2025-07-18T11:50:51.380-0500] {dag.py:3954} INFO - Setting next_dagrun for example_trigger_target_dag to None, run_after=None
[2025-07-18T11:50:51.396-0500] {processor.py:183} INFO - Processing /home/abhiram/jobtrak-stack/venv/lib/python3.12/site-packages/airflow/example_dags/example_trigger_target_dag.py took 0.061 seconds
[2025-07-18T11:51:21.520-0500] {processor.py:161} INFO - Started process (PID=1311) to work on /home/abhiram/jobtrak-stack/venv/lib/python3.12/site-packages/airflow/example_dags/example_trigger_target_dag.py
[2025-07-18T11:51:21.522-0500] {processor.py:830} INFO - Processing file /home/abhiram/jobtrak-stack/venv/lib/python3.12/site-packages/airflow/example_dags/example_trigger_target_dag.py for tasks to queue
[2025-07-18T11:51:21.523-0500] {logging_mixin.py:188} INFO - [2025-07-18T11:51:21.523-0500] {dagbag.py:545} INFO - Filling up the DagBag from /home/abhiram/jobtrak-stack/venv/lib/python3.12/site-packages/airflow/example_dags/example_trigger_target_dag.py
[2025-07-18T11:51:21.527-0500] {processor.py:840} INFO - DAG(s) 'example_trigger_target_dag' retrieved from /home/abhiram/jobtrak-stack/venv/lib/python3.12/site-packages/airflow/example_dags/example_trigger_target_dag.py
[2025-07-18T11:51:21.544-0500] {logging_mixin.py:188} INFO - [2025-07-18T11:51:21.544-0500] {dag.py:3096} INFO - Sync 1 DAGs
[2025-07-18T11:51:21.552-0500] {logging_mixin.py:188} INFO - [2025-07-18T11:51:21.552-0500] {dag.py:3954} INFO - Setting next_dagrun for example_trigger_target_dag to None, run_after=None
[2025-07-18T11:51:21.567-0500] {processor.py:183} INFO - Processing /home/abhiram/jobtrak-stack/venv/lib/python3.12/site-packages/airflow/example_dags/example_trigger_target_dag.py took 0.050 seconds
[2025-07-18T11:51:51.883-0500] {processor.py:161} INFO - Started process (PID=1415) to work on /home/abhiram/jobtrak-stack/venv/lib/python3.12/site-packages/airflow/example_dags/example_trigger_target_dag.py
[2025-07-18T11:51:51.884-0500] {processor.py:830} INFO - Processing file /home/abhiram/jobtrak-stack/venv/lib/python3.12/site-packages/airflow/example_dags/example_trigger_target_dag.py for tasks to queue
[2025-07-18T11:51:51.886-0500] {logging_mixin.py:188} INFO - [2025-07-18T11:51:51.886-0500] {dagbag.py:545} INFO - Filling up the DagBag from /home/abhiram/jobtrak-stack/venv/lib/python3.12/site-packages/airflow/example_dags/example_trigger_target_dag.py
[2025-07-18T11:51:51.891-0500] {processor.py:840} INFO - DAG(s) 'example_trigger_target_dag' retrieved from /home/abhiram/jobtrak-stack/venv/lib/python3.12/site-packages/airflow/example_dags/example_trigger_target_dag.py
[2025-07-18T11:51:51.908-0500] {logging_mixin.py:188} INFO - [2025-07-18T11:51:51.908-0500] {dag.py:3096} INFO - Sync 1 DAGs
[2025-07-18T11:51:51.917-0500] {logging_mixin.py:188} INFO - [2025-07-18T11:51:51.916-0500] {dag.py:3954} INFO - Setting next_dagrun for example_trigger_target_dag to None, run_after=None
[2025-07-18T11:51:51.932-0500] {processor.py:183} INFO - Processing /home/abhiram/jobtrak-stack/venv/lib/python3.12/site-packages/airflow/example_dags/example_trigger_target_dag.py took 0.052 seconds
[2025-07-18T12:32:16.299-0500] {processor.py:161} INFO - Started process (PID=1957) to work on /home/abhiram/jobtrak-stack/venv/lib/python3.12/site-packages/airflow/example_dags/example_trigger_target_dag.py
[2025-07-18T12:32:16.300-0500] {processor.py:830} INFO - Processing file /home/abhiram/jobtrak-stack/venv/lib/python3.12/site-packages/airflow/example_dags/example_trigger_target_dag.py for tasks to queue
[2025-07-18T12:32:16.301-0500] {logging_mixin.py:188} INFO - [2025-07-18T12:32:16.300-0500] {dagbag.py:545} INFO - Filling up the DagBag from /home/abhiram/jobtrak-stack/venv/lib/python3.12/site-packages/airflow/example_dags/example_trigger_target_dag.py
[2025-07-18T12:32:16.304-0500] {processor.py:840} INFO - DAG(s) 'example_trigger_target_dag' retrieved from /home/abhiram/jobtrak-stack/venv/lib/python3.12/site-packages/airflow/example_dags/example_trigger_target_dag.py
[2025-07-18T12:32:16.326-0500] {logging_mixin.py:188} INFO - [2025-07-18T12:32:16.326-0500] {dag.py:3096} INFO - Sync 1 DAGs
[2025-07-18T12:32:16.339-0500] {logging_mixin.py:188} INFO - [2025-07-18T12:32:16.339-0500] {dag.py:3954} INFO - Setting next_dagrun for example_trigger_target_dag to None, run_after=None
[2025-07-18T12:32:16.355-0500] {processor.py:183} INFO - Processing /home/abhiram/jobtrak-stack/venv/lib/python3.12/site-packages/airflow/example_dags/example_trigger_target_dag.py took 0.060 seconds
[2025-07-18T12:32:46.684-0500] {processor.py:161} INFO - Started process (PID=2086) to work on /home/abhiram/jobtrak-stack/venv/lib/python3.12/site-packages/airflow/example_dags/example_trigger_target_dag.py
[2025-07-18T12:32:46.684-0500] {processor.py:830} INFO - Processing file /home/abhiram/jobtrak-stack/venv/lib/python3.12/site-packages/airflow/example_dags/example_trigger_target_dag.py for tasks to queue
[2025-07-18T12:32:46.685-0500] {logging_mixin.py:188} INFO - [2025-07-18T12:32:46.685-0500] {dagbag.py:545} INFO - Filling up the DagBag from /home/abhiram/jobtrak-stack/venv/lib/python3.12/site-packages/airflow/example_dags/example_trigger_target_dag.py
[2025-07-18T12:32:46.694-0500] {processor.py:840} INFO - DAG(s) 'example_trigger_target_dag' retrieved from /home/abhiram/jobtrak-stack/venv/lib/python3.12/site-packages/airflow/example_dags/example_trigger_target_dag.py
[2025-07-18T12:32:46.711-0500] {logging_mixin.py:188} INFO - [2025-07-18T12:32:46.711-0500] {dag.py:3096} INFO - Sync 1 DAGs
[2025-07-18T12:32:46.719-0500] {logging_mixin.py:188} INFO - [2025-07-18T12:32:46.719-0500] {dag.py:3954} INFO - Setting next_dagrun for example_trigger_target_dag to None, run_after=None
[2025-07-18T12:32:46.735-0500] {processor.py:183} INFO - Processing /home/abhiram/jobtrak-stack/venv/lib/python3.12/site-packages/airflow/example_dags/example_trigger_target_dag.py took 0.061 seconds
[2025-07-18T12:33:16.819-0500] {processor.py:161} INFO - Started process (PID=2204) to work on /home/abhiram/jobtrak-stack/venv/lib/python3.12/site-packages/airflow/example_dags/example_trigger_target_dag.py
[2025-07-18T12:33:16.820-0500] {processor.py:830} INFO - Processing file /home/abhiram/jobtrak-stack/venv/lib/python3.12/site-packages/airflow/example_dags/example_trigger_target_dag.py for tasks to queue
[2025-07-18T12:33:16.821-0500] {logging_mixin.py:188} INFO - [2025-07-18T12:33:16.821-0500] {dagbag.py:545} INFO - Filling up the DagBag from /home/abhiram/jobtrak-stack/venv/lib/python3.12/site-packages/airflow/example_dags/example_trigger_target_dag.py
[2025-07-18T12:33:16.825-0500] {processor.py:840} INFO - DAG(s) 'example_trigger_target_dag' retrieved from /home/abhiram/jobtrak-stack/venv/lib/python3.12/site-packages/airflow/example_dags/example_trigger_target_dag.py
[2025-07-18T12:33:16.842-0500] {logging_mixin.py:188} INFO - [2025-07-18T12:33:16.841-0500] {dag.py:3096} INFO - Sync 1 DAGs
[2025-07-18T12:33:16.850-0500] {logging_mixin.py:188} INFO - [2025-07-18T12:33:16.850-0500] {dag.py:3954} INFO - Setting next_dagrun for example_trigger_target_dag to None, run_after=None
[2025-07-18T12:33:16.864-0500] {processor.py:183} INFO - Processing /home/abhiram/jobtrak-stack/venv/lib/python3.12/site-packages/airflow/example_dags/example_trigger_target_dag.py took 0.048 seconds
[2025-07-18T12:33:47.199-0500] {processor.py:161} INFO - Started process (PID=2319) to work on /home/abhiram/jobtrak-stack/venv/lib/python3.12/site-packages/airflow/example_dags/example_trigger_target_dag.py
[2025-07-18T12:33:47.200-0500] {processor.py:830} INFO - Processing file /home/abhiram/jobtrak-stack/venv/lib/python3.12/site-packages/airflow/example_dags/example_trigger_target_dag.py for tasks to queue
[2025-07-18T12:33:47.201-0500] {logging_mixin.py:188} INFO - [2025-07-18T12:33:47.200-0500] {dagbag.py:545} INFO - Filling up the DagBag from /home/abhiram/jobtrak-stack/venv/lib/python3.12/site-packages/airflow/example_dags/example_trigger_target_dag.py
[2025-07-18T12:33:47.205-0500] {processor.py:840} INFO - DAG(s) 'example_trigger_target_dag' retrieved from /home/abhiram/jobtrak-stack/venv/lib/python3.12/site-packages/airflow/example_dags/example_trigger_target_dag.py
[2025-07-18T12:33:47.221-0500] {logging_mixin.py:188} INFO - [2025-07-18T12:33:47.221-0500] {dag.py:3096} INFO - Sync 1 DAGs
[2025-07-18T12:33:47.230-0500] {logging_mixin.py:188} INFO - [2025-07-18T12:33:47.230-0500] {dag.py:3954} INFO - Setting next_dagrun for example_trigger_target_dag to None, run_after=None
[2025-07-18T12:33:47.249-0500] {processor.py:183} INFO - Processing /home/abhiram/jobtrak-stack/venv/lib/python3.12/site-packages/airflow/example_dags/example_trigger_target_dag.py took 0.054 seconds
[2025-07-18T12:34:17.579-0500] {processor.py:161} INFO - Started process (PID=2425) to work on /home/abhiram/jobtrak-stack/venv/lib/python3.12/site-packages/airflow/example_dags/example_trigger_target_dag.py
[2025-07-18T12:34:17.580-0500] {processor.py:830} INFO - Processing file /home/abhiram/jobtrak-stack/venv/lib/python3.12/site-packages/airflow/example_dags/example_trigger_target_dag.py for tasks to queue
[2025-07-18T12:34:17.581-0500] {logging_mixin.py:188} INFO - [2025-07-18T12:34:17.581-0500] {dagbag.py:545} INFO - Filling up the DagBag from /home/abhiram/jobtrak-stack/venv/lib/python3.12/site-packages/airflow/example_dags/example_trigger_target_dag.py
[2025-07-18T12:34:17.589-0500] {processor.py:840} INFO - DAG(s) 'example_trigger_target_dag' retrieved from /home/abhiram/jobtrak-stack/venv/lib/python3.12/site-packages/airflow/example_dags/example_trigger_target_dag.py
[2025-07-18T12:34:17.632-0500] {logging_mixin.py:188} INFO - [2025-07-18T12:34:17.632-0500] {dag.py:3096} INFO - Sync 1 DAGs
[2025-07-18T12:34:17.659-0500] {logging_mixin.py:188} INFO - [2025-07-18T12:34:17.658-0500] {dag.py:3954} INFO - Setting next_dagrun for example_trigger_target_dag to None, run_after=None
[2025-07-18T12:34:17.681-0500] {processor.py:183} INFO - Processing /home/abhiram/jobtrak-stack/venv/lib/python3.12/site-packages/airflow/example_dags/example_trigger_target_dag.py took 0.108 seconds
[2025-07-18T12:34:48.087-0500] {processor.py:161} INFO - Started process (PID=2533) to work on /home/abhiram/jobtrak-stack/venv/lib/python3.12/site-packages/airflow/example_dags/example_trigger_target_dag.py
[2025-07-18T12:34:48.088-0500] {processor.py:830} INFO - Processing file /home/abhiram/jobtrak-stack/venv/lib/python3.12/site-packages/airflow/example_dags/example_trigger_target_dag.py for tasks to queue
[2025-07-18T12:34:48.089-0500] {logging_mixin.py:188} INFO - [2025-07-18T12:34:48.088-0500] {dagbag.py:545} INFO - Filling up the DagBag from /home/abhiram/jobtrak-stack/venv/lib/python3.12/site-packages/airflow/example_dags/example_trigger_target_dag.py
[2025-07-18T12:34:48.092-0500] {processor.py:840} INFO - DAG(s) 'example_trigger_target_dag' retrieved from /home/abhiram/jobtrak-stack/venv/lib/python3.12/site-packages/airflow/example_dags/example_trigger_target_dag.py
[2025-07-18T12:34:48.114-0500] {logging_mixin.py:188} INFO - [2025-07-18T12:34:48.114-0500] {dag.py:3096} INFO - Sync 1 DAGs
[2025-07-18T12:34:48.122-0500] {logging_mixin.py:188} INFO - [2025-07-18T12:34:48.122-0500] {dag.py:3954} INFO - Setting next_dagrun for example_trigger_target_dag to None, run_after=None
[2025-07-18T12:34:48.137-0500] {processor.py:183} INFO - Processing /home/abhiram/jobtrak-stack/venv/lib/python3.12/site-packages/airflow/example_dags/example_trigger_target_dag.py took 0.054 seconds
[2025-07-18T12:35:19.101-0500] {processor.py:161} INFO - Started process (PID=2642) to work on /home/abhiram/jobtrak-stack/venv/lib/python3.12/site-packages/airflow/example_dags/example_trigger_target_dag.py
[2025-07-18T12:35:19.103-0500] {processor.py:830} INFO - Processing file /home/abhiram/jobtrak-stack/venv/lib/python3.12/site-packages/airflow/example_dags/example_trigger_target_dag.py for tasks to queue
[2025-07-18T12:35:19.105-0500] {logging_mixin.py:188} INFO - [2025-07-18T12:35:19.105-0500] {dagbag.py:545} INFO - Filling up the DagBag from /home/abhiram/jobtrak-stack/venv/lib/python3.12/site-packages/airflow/example_dags/example_trigger_target_dag.py
[2025-07-18T12:35:19.111-0500] {processor.py:840} INFO - DAG(s) 'example_trigger_target_dag' retrieved from /home/abhiram/jobtrak-stack/venv/lib/python3.12/site-packages/airflow/example_dags/example_trigger_target_dag.py
[2025-07-18T12:35:19.136-0500] {logging_mixin.py:188} INFO - [2025-07-18T12:35:19.136-0500] {dag.py:3096} INFO - Sync 1 DAGs
[2025-07-18T12:35:19.147-0500] {logging_mixin.py:188} INFO - [2025-07-18T12:35:19.147-0500] {dag.py:3954} INFO - Setting next_dagrun for example_trigger_target_dag to None, run_after=None
[2025-07-18T12:35:19.166-0500] {processor.py:183} INFO - Processing /home/abhiram/jobtrak-stack/venv/lib/python3.12/site-packages/airflow/example_dags/example_trigger_target_dag.py took 0.071 seconds
[2025-07-18T12:35:49.844-0500] {processor.py:161} INFO - Started process (PID=2748) to work on /home/abhiram/jobtrak-stack/venv/lib/python3.12/site-packages/airflow/example_dags/example_trigger_target_dag.py
[2025-07-18T12:35:49.844-0500] {processor.py:830} INFO - Processing file /home/abhiram/jobtrak-stack/venv/lib/python3.12/site-packages/airflow/example_dags/example_trigger_target_dag.py for tasks to queue
[2025-07-18T12:35:49.845-0500] {logging_mixin.py:188} INFO - [2025-07-18T12:35:49.845-0500] {dagbag.py:545} INFO - Filling up the DagBag from /home/abhiram/jobtrak-stack/venv/lib/python3.12/site-packages/airflow/example_dags/example_trigger_target_dag.py
[2025-07-18T12:35:49.851-0500] {processor.py:840} INFO - DAG(s) 'example_trigger_target_dag' retrieved from /home/abhiram/jobtrak-stack/venv/lib/python3.12/site-packages/airflow/example_dags/example_trigger_target_dag.py
[2025-07-18T12:35:49.867-0500] {logging_mixin.py:188} INFO - [2025-07-18T12:35:49.867-0500] {dag.py:3096} INFO - Sync 1 DAGs
[2025-07-18T12:35:49.876-0500] {logging_mixin.py:188} INFO - [2025-07-18T12:35:49.876-0500] {dag.py:3954} INFO - Setting next_dagrun for example_trigger_target_dag to None, run_after=None
[2025-07-18T12:35:49.890-0500] {processor.py:183} INFO - Processing /home/abhiram/jobtrak-stack/venv/lib/python3.12/site-packages/airflow/example_dags/example_trigger_target_dag.py took 0.050 seconds
[2025-07-18T12:36:20.497-0500] {processor.py:161} INFO - Started process (PID=2855) to work on /home/abhiram/jobtrak-stack/venv/lib/python3.12/site-packages/airflow/example_dags/example_trigger_target_dag.py
[2025-07-18T12:36:20.500-0500] {processor.py:830} INFO - Processing file /home/abhiram/jobtrak-stack/venv/lib/python3.12/site-packages/airflow/example_dags/example_trigger_target_dag.py for tasks to queue
[2025-07-18T12:36:20.501-0500] {logging_mixin.py:188} INFO - [2025-07-18T12:36:20.500-0500] {dagbag.py:545} INFO - Filling up the DagBag from /home/abhiram/jobtrak-stack/venv/lib/python3.12/site-packages/airflow/example_dags/example_trigger_target_dag.py
[2025-07-18T12:36:20.504-0500] {processor.py:840} INFO - DAG(s) 'example_trigger_target_dag' retrieved from /home/abhiram/jobtrak-stack/venv/lib/python3.12/site-packages/airflow/example_dags/example_trigger_target_dag.py
[2025-07-18T12:36:20.526-0500] {logging_mixin.py:188} INFO - [2025-07-18T12:36:20.526-0500] {dag.py:3096} INFO - Sync 1 DAGs
[2025-07-18T12:36:20.539-0500] {logging_mixin.py:188} INFO - [2025-07-18T12:36:20.539-0500] {dag.py:3954} INFO - Setting next_dagrun for example_trigger_target_dag to None, run_after=None
[2025-07-18T12:36:20.570-0500] {processor.py:183} INFO - Processing /home/abhiram/jobtrak-stack/venv/lib/python3.12/site-packages/airflow/example_dags/example_trigger_target_dag.py took 0.076 seconds
[2025-07-18T12:36:50.841-0500] {processor.py:161} INFO - Started process (PID=2971) to work on /home/abhiram/jobtrak-stack/venv/lib/python3.12/site-packages/airflow/example_dags/example_trigger_target_dag.py
[2025-07-18T12:36:50.841-0500] {processor.py:830} INFO - Processing file /home/abhiram/jobtrak-stack/venv/lib/python3.12/site-packages/airflow/example_dags/example_trigger_target_dag.py for tasks to queue
[2025-07-18T12:36:50.842-0500] {logging_mixin.py:188} INFO - [2025-07-18T12:36:50.842-0500] {dagbag.py:545} INFO - Filling up the DagBag from /home/abhiram/jobtrak-stack/venv/lib/python3.12/site-packages/airflow/example_dags/example_trigger_target_dag.py
[2025-07-18T12:36:50.846-0500] {processor.py:840} INFO - DAG(s) 'example_trigger_target_dag' retrieved from /home/abhiram/jobtrak-stack/venv/lib/python3.12/site-packages/airflow/example_dags/example_trigger_target_dag.py
[2025-07-18T12:36:50.865-0500] {logging_mixin.py:188} INFO - [2025-07-18T12:36:50.865-0500] {dag.py:3096} INFO - Sync 1 DAGs
[2025-07-18T12:36:50.875-0500] {logging_mixin.py:188} INFO - [2025-07-18T12:36:50.874-0500] {dag.py:3954} INFO - Setting next_dagrun for example_trigger_target_dag to None, run_after=None
[2025-07-18T12:36:50.892-0500] {processor.py:183} INFO - Processing /home/abhiram/jobtrak-stack/venv/lib/python3.12/site-packages/airflow/example_dags/example_trigger_target_dag.py took 0.055 seconds
[2025-07-18T12:37:22.253-0500] {processor.py:161} INFO - Started process (PID=3189) to work on /home/abhiram/jobtrak-stack/venv/lib/python3.12/site-packages/airflow/example_dags/example_trigger_target_dag.py
[2025-07-18T12:37:22.255-0500] {processor.py:830} INFO - Processing file /home/abhiram/jobtrak-stack/venv/lib/python3.12/site-packages/airflow/example_dags/example_trigger_target_dag.py for tasks to queue
[2025-07-18T12:37:22.256-0500] {logging_mixin.py:188} INFO - [2025-07-18T12:37:22.256-0500] {dagbag.py:545} INFO - Filling up the DagBag from /home/abhiram/jobtrak-stack/venv/lib/python3.12/site-packages/airflow/example_dags/example_trigger_target_dag.py
[2025-07-18T12:37:22.260-0500] {processor.py:840} INFO - DAG(s) 'example_trigger_target_dag' retrieved from /home/abhiram/jobtrak-stack/venv/lib/python3.12/site-packages/airflow/example_dags/example_trigger_target_dag.py
[2025-07-18T12:37:22.280-0500] {logging_mixin.py:188} INFO - [2025-07-18T12:37:22.280-0500] {dag.py:3096} INFO - Sync 1 DAGs
[2025-07-18T12:37:22.288-0500] {logging_mixin.py:188} INFO - [2025-07-18T12:37:22.288-0500] {dag.py:3954} INFO - Setting next_dagrun for example_trigger_target_dag to None, run_after=None
[2025-07-18T12:37:22.305-0500] {processor.py:183} INFO - Processing /home/abhiram/jobtrak-stack/venv/lib/python3.12/site-packages/airflow/example_dags/example_trigger_target_dag.py took 0.056 seconds
[2025-07-18T12:37:52.489-0500] {processor.py:161} INFO - Started process (PID=3295) to work on /home/abhiram/jobtrak-stack/venv/lib/python3.12/site-packages/airflow/example_dags/example_trigger_target_dag.py
[2025-07-18T12:37:52.490-0500] {processor.py:830} INFO - Processing file /home/abhiram/jobtrak-stack/venv/lib/python3.12/site-packages/airflow/example_dags/example_trigger_target_dag.py for tasks to queue
[2025-07-18T12:37:52.494-0500] {logging_mixin.py:188} INFO - [2025-07-18T12:37:52.494-0500] {dagbag.py:545} INFO - Filling up the DagBag from /home/abhiram/jobtrak-stack/venv/lib/python3.12/site-packages/airflow/example_dags/example_trigger_target_dag.py
[2025-07-18T12:37:52.498-0500] {processor.py:840} INFO - DAG(s) 'example_trigger_target_dag' retrieved from /home/abhiram/jobtrak-stack/venv/lib/python3.12/site-packages/airflow/example_dags/example_trigger_target_dag.py
[2025-07-18T12:37:52.516-0500] {logging_mixin.py:188} INFO - [2025-07-18T12:37:52.516-0500] {dag.py:3096} INFO - Sync 1 DAGs
[2025-07-18T12:37:52.525-0500] {logging_mixin.py:188} INFO - [2025-07-18T12:37:52.525-0500] {dag.py:3954} INFO - Setting next_dagrun for example_trigger_target_dag to None, run_after=None
[2025-07-18T12:37:52.542-0500] {processor.py:183} INFO - Processing /home/abhiram/jobtrak-stack/venv/lib/python3.12/site-packages/airflow/example_dags/example_trigger_target_dag.py took 0.057 seconds
[2025-07-18T12:38:22.905-0500] {processor.py:161} INFO - Started process (PID=3402) to work on /home/abhiram/jobtrak-stack/venv/lib/python3.12/site-packages/airflow/example_dags/example_trigger_target_dag.py
[2025-07-18T12:38:22.907-0500] {processor.py:830} INFO - Processing file /home/abhiram/jobtrak-stack/venv/lib/python3.12/site-packages/airflow/example_dags/example_trigger_target_dag.py for tasks to queue
[2025-07-18T12:38:22.908-0500] {logging_mixin.py:188} INFO - [2025-07-18T12:38:22.908-0500] {dagbag.py:545} INFO - Filling up the DagBag from /home/abhiram/jobtrak-stack/venv/lib/python3.12/site-packages/airflow/example_dags/example_trigger_target_dag.py
[2025-07-18T12:38:22.912-0500] {processor.py:840} INFO - DAG(s) 'example_trigger_target_dag' retrieved from /home/abhiram/jobtrak-stack/venv/lib/python3.12/site-packages/airflow/example_dags/example_trigger_target_dag.py
[2025-07-18T12:38:22.932-0500] {logging_mixin.py:188} INFO - [2025-07-18T12:38:22.932-0500] {dag.py:3096} INFO - Sync 1 DAGs
[2025-07-18T12:38:22.941-0500] {logging_mixin.py:188} INFO - [2025-07-18T12:38:22.941-0500] {dag.py:3954} INFO - Setting next_dagrun for example_trigger_target_dag to None, run_after=None
[2025-07-18T12:38:22.959-0500] {processor.py:183} INFO - Processing /home/abhiram/jobtrak-stack/venv/lib/python3.12/site-packages/airflow/example_dags/example_trigger_target_dag.py took 0.057 seconds
[2025-07-18T12:38:53.343-0500] {processor.py:161} INFO - Started process (PID=3511) to work on /home/abhiram/jobtrak-stack/venv/lib/python3.12/site-packages/airflow/example_dags/example_trigger_target_dag.py
[2025-07-18T12:38:53.345-0500] {processor.py:830} INFO - Processing file /home/abhiram/jobtrak-stack/venv/lib/python3.12/site-packages/airflow/example_dags/example_trigger_target_dag.py for tasks to queue
[2025-07-18T12:38:53.346-0500] {logging_mixin.py:188} INFO - [2025-07-18T12:38:53.345-0500] {dagbag.py:545} INFO - Filling up the DagBag from /home/abhiram/jobtrak-stack/venv/lib/python3.12/site-packages/airflow/example_dags/example_trigger_target_dag.py
[2025-07-18T12:38:53.350-0500] {processor.py:840} INFO - DAG(s) 'example_trigger_target_dag' retrieved from /home/abhiram/jobtrak-stack/venv/lib/python3.12/site-packages/airflow/example_dags/example_trigger_target_dag.py
[2025-07-18T12:38:53.368-0500] {logging_mixin.py:188} INFO - [2025-07-18T12:38:53.368-0500] {dag.py:3096} INFO - Sync 1 DAGs
[2025-07-18T12:38:53.377-0500] {logging_mixin.py:188} INFO - [2025-07-18T12:38:53.377-0500] {dag.py:3954} INFO - Setting next_dagrun for example_trigger_target_dag to None, run_after=None
[2025-07-18T12:38:53.395-0500] {processor.py:183} INFO - Processing /home/abhiram/jobtrak-stack/venv/lib/python3.12/site-packages/airflow/example_dags/example_trigger_target_dag.py took 0.056 seconds
[2025-07-18T12:39:23.518-0500] {processor.py:161} INFO - Started process (PID=3616) to work on /home/abhiram/jobtrak-stack/venv/lib/python3.12/site-packages/airflow/example_dags/example_trigger_target_dag.py
[2025-07-18T12:39:23.519-0500] {processor.py:830} INFO - Processing file /home/abhiram/jobtrak-stack/venv/lib/python3.12/site-packages/airflow/example_dags/example_trigger_target_dag.py for tasks to queue
[2025-07-18T12:39:23.520-0500] {logging_mixin.py:188} INFO - [2025-07-18T12:39:23.520-0500] {dagbag.py:545} INFO - Filling up the DagBag from /home/abhiram/jobtrak-stack/venv/lib/python3.12/site-packages/airflow/example_dags/example_trigger_target_dag.py
[2025-07-18T12:39:23.524-0500] {processor.py:840} INFO - DAG(s) 'example_trigger_target_dag' retrieved from /home/abhiram/jobtrak-stack/venv/lib/python3.12/site-packages/airflow/example_dags/example_trigger_target_dag.py
[2025-07-18T12:39:23.543-0500] {logging_mixin.py:188} INFO - [2025-07-18T12:39:23.543-0500] {dag.py:3096} INFO - Sync 1 DAGs
[2025-07-18T12:39:23.552-0500] {logging_mixin.py:188} INFO - [2025-07-18T12:39:23.551-0500] {dag.py:3954} INFO - Setting next_dagrun for example_trigger_target_dag to None, run_after=None
[2025-07-18T12:39:23.566-0500] {processor.py:183} INFO - Processing /home/abhiram/jobtrak-stack/venv/lib/python3.12/site-packages/airflow/example_dags/example_trigger_target_dag.py took 0.052 seconds
[2025-07-18T12:39:53.728-0500] {processor.py:161} INFO - Started process (PID=3723) to work on /home/abhiram/jobtrak-stack/venv/lib/python3.12/site-packages/airflow/example_dags/example_trigger_target_dag.py
[2025-07-18T12:39:53.728-0500] {processor.py:830} INFO - Processing file /home/abhiram/jobtrak-stack/venv/lib/python3.12/site-packages/airflow/example_dags/example_trigger_target_dag.py for tasks to queue
[2025-07-18T12:39:53.730-0500] {logging_mixin.py:188} INFO - [2025-07-18T12:39:53.729-0500] {dagbag.py:545} INFO - Filling up the DagBag from /home/abhiram/jobtrak-stack/venv/lib/python3.12/site-packages/airflow/example_dags/example_trigger_target_dag.py
[2025-07-18T12:39:53.734-0500] {processor.py:840} INFO - DAG(s) 'example_trigger_target_dag' retrieved from /home/abhiram/jobtrak-stack/venv/lib/python3.12/site-packages/airflow/example_dags/example_trigger_target_dag.py
[2025-07-18T12:39:53.750-0500] {logging_mixin.py:188} INFO - [2025-07-18T12:39:53.750-0500] {dag.py:3096} INFO - Sync 1 DAGs
[2025-07-18T12:39:53.758-0500] {logging_mixin.py:188} INFO - [2025-07-18T12:39:53.758-0500] {dag.py:3954} INFO - Setting next_dagrun for example_trigger_target_dag to None, run_after=None
[2025-07-18T12:39:53.773-0500] {processor.py:183} INFO - Processing /home/abhiram/jobtrak-stack/venv/lib/python3.12/site-packages/airflow/example_dags/example_trigger_target_dag.py took 0.050 seconds
[2025-07-18T12:40:23.944-0500] {processor.py:161} INFO - Started process (PID=3841) to work on /home/abhiram/jobtrak-stack/venv/lib/python3.12/site-packages/airflow/example_dags/example_trigger_target_dag.py
[2025-07-18T12:40:23.946-0500] {processor.py:830} INFO - Processing file /home/abhiram/jobtrak-stack/venv/lib/python3.12/site-packages/airflow/example_dags/example_trigger_target_dag.py for tasks to queue
[2025-07-18T12:40:23.948-0500] {logging_mixin.py:188} INFO - [2025-07-18T12:40:23.947-0500] {dagbag.py:545} INFO - Filling up the DagBag from /home/abhiram/jobtrak-stack/venv/lib/python3.12/site-packages/airflow/example_dags/example_trigger_target_dag.py
[2025-07-18T12:40:23.954-0500] {processor.py:840} INFO - DAG(s) 'example_trigger_target_dag' retrieved from /home/abhiram/jobtrak-stack/venv/lib/python3.12/site-packages/airflow/example_dags/example_trigger_target_dag.py
[2025-07-18T12:40:23.985-0500] {logging_mixin.py:188} INFO - [2025-07-18T12:40:23.984-0500] {dag.py:3096} INFO - Sync 1 DAGs
[2025-07-18T12:40:23.996-0500] {logging_mixin.py:188} INFO - [2025-07-18T12:40:23.996-0500] {dag.py:3954} INFO - Setting next_dagrun for example_trigger_target_dag to None, run_after=None
[2025-07-18T12:40:24.016-0500] {processor.py:183} INFO - Processing /home/abhiram/jobtrak-stack/venv/lib/python3.12/site-packages/airflow/example_dags/example_trigger_target_dag.py took 0.079 seconds
[2025-07-18T12:40:32.132-0500] {processor.py:161} INFO - Started process (PID=3915) to work on /home/abhiram/jobtrak-stack/venv/lib/python3.12/site-packages/airflow/example_dags/example_trigger_target_dag.py
[2025-07-18T12:40:32.133-0500] {processor.py:830} INFO - Processing file /home/abhiram/jobtrak-stack/venv/lib/python3.12/site-packages/airflow/example_dags/example_trigger_target_dag.py for tasks to queue
[2025-07-18T12:40:32.134-0500] {logging_mixin.py:188} INFO - [2025-07-18T12:40:32.133-0500] {dagbag.py:545} INFO - Filling up the DagBag from /home/abhiram/jobtrak-stack/venv/lib/python3.12/site-packages/airflow/example_dags/example_trigger_target_dag.py
[2025-07-18T12:40:32.137-0500] {processor.py:840} INFO - DAG(s) 'example_trigger_target_dag' retrieved from /home/abhiram/jobtrak-stack/venv/lib/python3.12/site-packages/airflow/example_dags/example_trigger_target_dag.py
[2025-07-18T12:40:32.157-0500] {logging_mixin.py:188} INFO - [2025-07-18T12:40:32.156-0500] {dag.py:3096} INFO - Sync 1 DAGs
[2025-07-18T12:40:32.164-0500] {logging_mixin.py:188} INFO - [2025-07-18T12:40:32.164-0500] {dag.py:3954} INFO - Setting next_dagrun for example_trigger_target_dag to None, run_after=None
[2025-07-18T12:40:32.176-0500] {processor.py:183} INFO - Processing /home/abhiram/jobtrak-stack/venv/lib/python3.12/site-packages/airflow/example_dags/example_trigger_target_dag.py took 0.048 seconds
[2025-07-18T12:41:02.646-0500] {processor.py:161} INFO - Started process (PID=4038) to work on /home/abhiram/jobtrak-stack/venv/lib/python3.12/site-packages/airflow/example_dags/example_trigger_target_dag.py
[2025-07-18T12:41:02.647-0500] {processor.py:830} INFO - Processing file /home/abhiram/jobtrak-stack/venv/lib/python3.12/site-packages/airflow/example_dags/example_trigger_target_dag.py for tasks to queue
[2025-07-18T12:41:02.648-0500] {logging_mixin.py:188} INFO - [2025-07-18T12:41:02.648-0500] {dagbag.py:545} INFO - Filling up the DagBag from /home/abhiram/jobtrak-stack/venv/lib/python3.12/site-packages/airflow/example_dags/example_trigger_target_dag.py
[2025-07-18T12:41:02.652-0500] {processor.py:840} INFO - DAG(s) 'example_trigger_target_dag' retrieved from /home/abhiram/jobtrak-stack/venv/lib/python3.12/site-packages/airflow/example_dags/example_trigger_target_dag.py
[2025-07-18T12:41:02.668-0500] {logging_mixin.py:188} INFO - [2025-07-18T12:41:02.668-0500] {dag.py:3096} INFO - Sync 1 DAGs
[2025-07-18T12:41:02.676-0500] {logging_mixin.py:188} INFO - [2025-07-18T12:41:02.676-0500] {dag.py:3954} INFO - Setting next_dagrun for example_trigger_target_dag to None, run_after=None
[2025-07-18T12:41:02.689-0500] {processor.py:183} INFO - Processing /home/abhiram/jobtrak-stack/venv/lib/python3.12/site-packages/airflow/example_dags/example_trigger_target_dag.py took 0.046 seconds
[2025-07-18T12:41:33.206-0500] {processor.py:161} INFO - Started process (PID=4203) to work on /home/abhiram/jobtrak-stack/venv/lib/python3.12/site-packages/airflow/example_dags/example_trigger_target_dag.py
[2025-07-18T12:41:33.207-0500] {processor.py:830} INFO - Processing file /home/abhiram/jobtrak-stack/venv/lib/python3.12/site-packages/airflow/example_dags/example_trigger_target_dag.py for tasks to queue
[2025-07-18T12:41:33.208-0500] {logging_mixin.py:188} INFO - [2025-07-18T12:41:33.208-0500] {dagbag.py:545} INFO - Filling up the DagBag from /home/abhiram/jobtrak-stack/venv/lib/python3.12/site-packages/airflow/example_dags/example_trigger_target_dag.py
[2025-07-18T12:41:33.212-0500] {processor.py:840} INFO - DAG(s) 'example_trigger_target_dag' retrieved from /home/abhiram/jobtrak-stack/venv/lib/python3.12/site-packages/airflow/example_dags/example_trigger_target_dag.py
[2025-07-18T12:41:33.234-0500] {logging_mixin.py:188} INFO - [2025-07-18T12:41:33.234-0500] {dag.py:3096} INFO - Sync 1 DAGs
[2025-07-18T12:41:33.246-0500] {logging_mixin.py:188} INFO - [2025-07-18T12:41:33.246-0500] {dag.py:3954} INFO - Setting next_dagrun for example_trigger_target_dag to None, run_after=None
[2025-07-18T12:41:33.262-0500] {processor.py:183} INFO - Processing /home/abhiram/jobtrak-stack/venv/lib/python3.12/site-packages/airflow/example_dags/example_trigger_target_dag.py took 0.060 seconds
[2025-07-18T12:42:03.738-0500] {processor.py:161} INFO - Started process (PID=4310) to work on /home/abhiram/jobtrak-stack/venv/lib/python3.12/site-packages/airflow/example_dags/example_trigger_target_dag.py
[2025-07-18T12:42:03.739-0500] {processor.py:830} INFO - Processing file /home/abhiram/jobtrak-stack/venv/lib/python3.12/site-packages/airflow/example_dags/example_trigger_target_dag.py for tasks to queue
[2025-07-18T12:42:03.741-0500] {logging_mixin.py:188} INFO - [2025-07-18T12:42:03.740-0500] {dagbag.py:545} INFO - Filling up the DagBag from /home/abhiram/jobtrak-stack/venv/lib/python3.12/site-packages/airflow/example_dags/example_trigger_target_dag.py
[2025-07-18T12:42:03.745-0500] {processor.py:840} INFO - DAG(s) 'example_trigger_target_dag' retrieved from /home/abhiram/jobtrak-stack/venv/lib/python3.12/site-packages/airflow/example_dags/example_trigger_target_dag.py
[2025-07-18T12:42:03.763-0500] {logging_mixin.py:188} INFO - [2025-07-18T12:42:03.763-0500] {dag.py:3096} INFO - Sync 1 DAGs
[2025-07-18T12:42:03.774-0500] {logging_mixin.py:188} INFO - [2025-07-18T12:42:03.774-0500] {dag.py:3954} INFO - Setting next_dagrun for example_trigger_target_dag to None, run_after=None
[2025-07-18T12:42:03.790-0500] {processor.py:183} INFO - Processing /home/abhiram/jobtrak-stack/venv/lib/python3.12/site-packages/airflow/example_dags/example_trigger_target_dag.py took 0.056 seconds
[2025-07-18T12:42:34.139-0500] {processor.py:161} INFO - Started process (PID=4419) to work on /home/abhiram/jobtrak-stack/venv/lib/python3.12/site-packages/airflow/example_dags/example_trigger_target_dag.py
[2025-07-18T12:42:34.141-0500] {processor.py:830} INFO - Processing file /home/abhiram/jobtrak-stack/venv/lib/python3.12/site-packages/airflow/example_dags/example_trigger_target_dag.py for tasks to queue
[2025-07-18T12:42:34.142-0500] {logging_mixin.py:188} INFO - [2025-07-18T12:42:34.142-0500] {dagbag.py:545} INFO - Filling up the DagBag from /home/abhiram/jobtrak-stack/venv/lib/python3.12/site-packages/airflow/example_dags/example_trigger_target_dag.py
[2025-07-18T12:42:34.147-0500] {processor.py:840} INFO - DAG(s) 'example_trigger_target_dag' retrieved from /home/abhiram/jobtrak-stack/venv/lib/python3.12/site-packages/airflow/example_dags/example_trigger_target_dag.py
[2025-07-18T12:42:34.165-0500] {logging_mixin.py:188} INFO - [2025-07-18T12:42:34.165-0500] {dag.py:3096} INFO - Sync 1 DAGs
[2025-07-18T12:42:34.175-0500] {logging_mixin.py:188} INFO - [2025-07-18T12:42:34.175-0500] {dag.py:3954} INFO - Setting next_dagrun for example_trigger_target_dag to None, run_after=None
[2025-07-18T12:42:34.190-0500] {processor.py:183} INFO - Processing /home/abhiram/jobtrak-stack/venv/lib/python3.12/site-packages/airflow/example_dags/example_trigger_target_dag.py took 0.055 seconds
[2025-07-18T12:43:04.453-0500] {processor.py:161} INFO - Started process (PID=4528) to work on /home/abhiram/jobtrak-stack/venv/lib/python3.12/site-packages/airflow/example_dags/example_trigger_target_dag.py
[2025-07-18T12:43:04.454-0500] {processor.py:830} INFO - Processing file /home/abhiram/jobtrak-stack/venv/lib/python3.12/site-packages/airflow/example_dags/example_trigger_target_dag.py for tasks to queue
[2025-07-18T12:43:04.455-0500] {logging_mixin.py:188} INFO - [2025-07-18T12:43:04.455-0500] {dagbag.py:545} INFO - Filling up the DagBag from /home/abhiram/jobtrak-stack/venv/lib/python3.12/site-packages/airflow/example_dags/example_trigger_target_dag.py
[2025-07-18T12:43:04.460-0500] {processor.py:840} INFO - DAG(s) 'example_trigger_target_dag' retrieved from /home/abhiram/jobtrak-stack/venv/lib/python3.12/site-packages/airflow/example_dags/example_trigger_target_dag.py
[2025-07-18T12:43:04.475-0500] {logging_mixin.py:188} INFO - [2025-07-18T12:43:04.475-0500] {dag.py:3096} INFO - Sync 1 DAGs
[2025-07-18T12:43:04.483-0500] {logging_mixin.py:188} INFO - [2025-07-18T12:43:04.483-0500] {dag.py:3954} INFO - Setting next_dagrun for example_trigger_target_dag to None, run_after=None
[2025-07-18T12:43:04.496-0500] {processor.py:183} INFO - Processing /home/abhiram/jobtrak-stack/venv/lib/python3.12/site-packages/airflow/example_dags/example_trigger_target_dag.py took 0.047 seconds
[2025-07-18T12:43:34.936-0500] {processor.py:161} INFO - Started process (PID=4636) to work on /home/abhiram/jobtrak-stack/venv/lib/python3.12/site-packages/airflow/example_dags/example_trigger_target_dag.py
[2025-07-18T12:43:34.937-0500] {processor.py:830} INFO - Processing file /home/abhiram/jobtrak-stack/venv/lib/python3.12/site-packages/airflow/example_dags/example_trigger_target_dag.py for tasks to queue
[2025-07-18T12:43:34.938-0500] {logging_mixin.py:188} INFO - [2025-07-18T12:43:34.938-0500] {dagbag.py:545} INFO - Filling up the DagBag from /home/abhiram/jobtrak-stack/venv/lib/python3.12/site-packages/airflow/example_dags/example_trigger_target_dag.py
[2025-07-18T12:43:34.942-0500] {processor.py:840} INFO - DAG(s) 'example_trigger_target_dag' retrieved from /home/abhiram/jobtrak-stack/venv/lib/python3.12/site-packages/airflow/example_dags/example_trigger_target_dag.py
[2025-07-18T12:43:34.961-0500] {logging_mixin.py:188} INFO - [2025-07-18T12:43:34.961-0500] {dag.py:3096} INFO - Sync 1 DAGs
[2025-07-18T12:43:34.969-0500] {logging_mixin.py:188} INFO - [2025-07-18T12:43:34.969-0500] {dag.py:3954} INFO - Setting next_dagrun for example_trigger_target_dag to None, run_after=None
[2025-07-18T12:43:34.989-0500] {processor.py:183} INFO - Processing /home/abhiram/jobtrak-stack/venv/lib/python3.12/site-packages/airflow/example_dags/example_trigger_target_dag.py took 0.056 seconds
[2025-07-18T12:44:05.648-0500] {processor.py:161} INFO - Started process (PID=4745) to work on /home/abhiram/jobtrak-stack/venv/lib/python3.12/site-packages/airflow/example_dags/example_trigger_target_dag.py
[2025-07-18T12:44:05.649-0500] {processor.py:830} INFO - Processing file /home/abhiram/jobtrak-stack/venv/lib/python3.12/site-packages/airflow/example_dags/example_trigger_target_dag.py for tasks to queue
[2025-07-18T12:44:05.651-0500] {logging_mixin.py:188} INFO - [2025-07-18T12:44:05.650-0500] {dagbag.py:545} INFO - Filling up the DagBag from /home/abhiram/jobtrak-stack/venv/lib/python3.12/site-packages/airflow/example_dags/example_trigger_target_dag.py
[2025-07-18T12:44:05.655-0500] {processor.py:840} INFO - DAG(s) 'example_trigger_target_dag' retrieved from /home/abhiram/jobtrak-stack/venv/lib/python3.12/site-packages/airflow/example_dags/example_trigger_target_dag.py
[2025-07-18T12:44:05.672-0500] {logging_mixin.py:188} INFO - [2025-07-18T12:44:05.672-0500] {dag.py:3096} INFO - Sync 1 DAGs
[2025-07-18T12:44:05.680-0500] {logging_mixin.py:188} INFO - [2025-07-18T12:44:05.679-0500] {dag.py:3954} INFO - Setting next_dagrun for example_trigger_target_dag to None, run_after=None
[2025-07-18T12:44:05.693-0500] {processor.py:183} INFO - Processing /home/abhiram/jobtrak-stack/venv/lib/python3.12/site-packages/airflow/example_dags/example_trigger_target_dag.py took 0.049 seconds
[2025-07-18T12:44:36.520-0500] {processor.py:161} INFO - Started process (PID=4855) to work on /home/abhiram/jobtrak-stack/venv/lib/python3.12/site-packages/airflow/example_dags/example_trigger_target_dag.py
[2025-07-18T12:44:36.521-0500] {processor.py:830} INFO - Processing file /home/abhiram/jobtrak-stack/venv/lib/python3.12/site-packages/airflow/example_dags/example_trigger_target_dag.py for tasks to queue
[2025-07-18T12:44:36.522-0500] {logging_mixin.py:188} INFO - [2025-07-18T12:44:36.521-0500] {dagbag.py:545} INFO - Filling up the DagBag from /home/abhiram/jobtrak-stack/venv/lib/python3.12/site-packages/airflow/example_dags/example_trigger_target_dag.py
[2025-07-18T12:44:36.526-0500] {processor.py:840} INFO - DAG(s) 'example_trigger_target_dag' retrieved from /home/abhiram/jobtrak-stack/venv/lib/python3.12/site-packages/airflow/example_dags/example_trigger_target_dag.py
[2025-07-18T12:44:36.544-0500] {logging_mixin.py:188} INFO - [2025-07-18T12:44:36.544-0500] {dag.py:3096} INFO - Sync 1 DAGs
[2025-07-18T12:44:36.552-0500] {logging_mixin.py:188} INFO - [2025-07-18T12:44:36.552-0500] {dag.py:3954} INFO - Setting next_dagrun for example_trigger_target_dag to None, run_after=None
[2025-07-18T12:44:36.570-0500] {processor.py:183} INFO - Processing /home/abhiram/jobtrak-stack/venv/lib/python3.12/site-packages/airflow/example_dags/example_trigger_target_dag.py took 0.054 seconds
[2025-07-18T12:45:08.140-0500] {processor.py:161} INFO - Started process (PID=4966) to work on /home/abhiram/jobtrak-stack/venv/lib/python3.12/site-packages/airflow/example_dags/example_trigger_target_dag.py
[2025-07-18T12:45:08.141-0500] {processor.py:830} INFO - Processing file /home/abhiram/jobtrak-stack/venv/lib/python3.12/site-packages/airflow/example_dags/example_trigger_target_dag.py for tasks to queue
[2025-07-18T12:45:08.142-0500] {logging_mixin.py:188} INFO - [2025-07-18T12:45:08.142-0500] {dagbag.py:545} INFO - Filling up the DagBag from /home/abhiram/jobtrak-stack/venv/lib/python3.12/site-packages/airflow/example_dags/example_trigger_target_dag.py
[2025-07-18T12:45:08.146-0500] {processor.py:840} INFO - DAG(s) 'example_trigger_target_dag' retrieved from /home/abhiram/jobtrak-stack/venv/lib/python3.12/site-packages/airflow/example_dags/example_trigger_target_dag.py
[2025-07-18T12:45:08.164-0500] {logging_mixin.py:188} INFO - [2025-07-18T12:45:08.164-0500] {dag.py:3096} INFO - Sync 1 DAGs
[2025-07-18T12:45:08.174-0500] {logging_mixin.py:188} INFO - [2025-07-18T12:45:08.174-0500] {dag.py:3954} INFO - Setting next_dagrun for example_trigger_target_dag to None, run_after=None
[2025-07-18T12:45:08.196-0500] {processor.py:183} INFO - Processing /home/abhiram/jobtrak-stack/venv/lib/python3.12/site-packages/airflow/example_dags/example_trigger_target_dag.py took 0.059 seconds
[2025-07-18T12:45:38.655-0500] {processor.py:161} INFO - Started process (PID=5072) to work on /home/abhiram/jobtrak-stack/venv/lib/python3.12/site-packages/airflow/example_dags/example_trigger_target_dag.py
[2025-07-18T12:45:38.657-0500] {processor.py:830} INFO - Processing file /home/abhiram/jobtrak-stack/venv/lib/python3.12/site-packages/airflow/example_dags/example_trigger_target_dag.py for tasks to queue
[2025-07-18T12:45:38.658-0500] {logging_mixin.py:188} INFO - [2025-07-18T12:45:38.658-0500] {dagbag.py:545} INFO - Filling up the DagBag from /home/abhiram/jobtrak-stack/venv/lib/python3.12/site-packages/airflow/example_dags/example_trigger_target_dag.py
[2025-07-18T12:45:38.663-0500] {processor.py:840} INFO - DAG(s) 'example_trigger_target_dag' retrieved from /home/abhiram/jobtrak-stack/venv/lib/python3.12/site-packages/airflow/example_dags/example_trigger_target_dag.py
[2025-07-18T12:45:38.687-0500] {logging_mixin.py:188} INFO - [2025-07-18T12:45:38.687-0500] {dag.py:3096} INFO - Sync 1 DAGs
[2025-07-18T12:45:38.702-0500] {logging_mixin.py:188} INFO - [2025-07-18T12:45:38.701-0500] {dag.py:3954} INFO - Setting next_dagrun for example_trigger_target_dag to None, run_after=None
[2025-07-18T12:45:38.727-0500] {processor.py:183} INFO - Processing /home/abhiram/jobtrak-stack/venv/lib/python3.12/site-packages/airflow/example_dags/example_trigger_target_dag.py took 0.078 seconds
[2025-07-18T12:46:09.264-0500] {processor.py:161} INFO - Started process (PID=5181) to work on /home/abhiram/jobtrak-stack/venv/lib/python3.12/site-packages/airflow/example_dags/example_trigger_target_dag.py
[2025-07-18T12:46:09.266-0500] {processor.py:830} INFO - Processing file /home/abhiram/jobtrak-stack/venv/lib/python3.12/site-packages/airflow/example_dags/example_trigger_target_dag.py for tasks to queue
[2025-07-18T12:46:09.267-0500] {logging_mixin.py:188} INFO - [2025-07-18T12:46:09.266-0500] {dagbag.py:545} INFO - Filling up the DagBag from /home/abhiram/jobtrak-stack/venv/lib/python3.12/site-packages/airflow/example_dags/example_trigger_target_dag.py
[2025-07-18T12:46:09.270-0500] {processor.py:840} INFO - DAG(s) 'example_trigger_target_dag' retrieved from /home/abhiram/jobtrak-stack/venv/lib/python3.12/site-packages/airflow/example_dags/example_trigger_target_dag.py
[2025-07-18T12:46:09.288-0500] {logging_mixin.py:188} INFO - [2025-07-18T12:46:09.288-0500] {dag.py:3096} INFO - Sync 1 DAGs
[2025-07-18T12:46:09.299-0500] {logging_mixin.py:188} INFO - [2025-07-18T12:46:09.298-0500] {dag.py:3954} INFO - Setting next_dagrun for example_trigger_target_dag to None, run_after=None
[2025-07-18T12:46:09.315-0500] {processor.py:183} INFO - Processing /home/abhiram/jobtrak-stack/venv/lib/python3.12/site-packages/airflow/example_dags/example_trigger_target_dag.py took 0.056 seconds
[2025-07-18T12:46:40.084-0500] {processor.py:161} INFO - Started process (PID=5291) to work on /home/abhiram/jobtrak-stack/venv/lib/python3.12/site-packages/airflow/example_dags/example_trigger_target_dag.py
[2025-07-18T12:46:40.085-0500] {processor.py:830} INFO - Processing file /home/abhiram/jobtrak-stack/venv/lib/python3.12/site-packages/airflow/example_dags/example_trigger_target_dag.py for tasks to queue
[2025-07-18T12:46:40.086-0500] {logging_mixin.py:188} INFO - [2025-07-18T12:46:40.086-0500] {dagbag.py:545} INFO - Filling up the DagBag from /home/abhiram/jobtrak-stack/venv/lib/python3.12/site-packages/airflow/example_dags/example_trigger_target_dag.py
[2025-07-18T12:46:40.090-0500] {processor.py:840} INFO - DAG(s) 'example_trigger_target_dag' retrieved from /home/abhiram/jobtrak-stack/venv/lib/python3.12/site-packages/airflow/example_dags/example_trigger_target_dag.py
[2025-07-18T12:46:40.108-0500] {logging_mixin.py:188} INFO - [2025-07-18T12:46:40.108-0500] {dag.py:3096} INFO - Sync 1 DAGs
[2025-07-18T12:46:40.116-0500] {logging_mixin.py:188} INFO - [2025-07-18T12:46:40.116-0500] {dag.py:3954} INFO - Setting next_dagrun for example_trigger_target_dag to None, run_after=None
[2025-07-18T12:46:40.132-0500] {processor.py:183} INFO - Processing /home/abhiram/jobtrak-stack/venv/lib/python3.12/site-packages/airflow/example_dags/example_trigger_target_dag.py took 0.051 seconds
[2025-07-18T12:47:10.743-0500] {processor.py:161} INFO - Started process (PID=5399) to work on /home/abhiram/jobtrak-stack/venv/lib/python3.12/site-packages/airflow/example_dags/example_trigger_target_dag.py
[2025-07-18T12:47:10.745-0500] {processor.py:830} INFO - Processing file /home/abhiram/jobtrak-stack/venv/lib/python3.12/site-packages/airflow/example_dags/example_trigger_target_dag.py for tasks to queue
[2025-07-18T12:47:10.746-0500] {logging_mixin.py:188} INFO - [2025-07-18T12:47:10.745-0500] {dagbag.py:545} INFO - Filling up the DagBag from /home/abhiram/jobtrak-stack/venv/lib/python3.12/site-packages/airflow/example_dags/example_trigger_target_dag.py
[2025-07-18T12:47:10.749-0500] {processor.py:840} INFO - DAG(s) 'example_trigger_target_dag' retrieved from /home/abhiram/jobtrak-stack/venv/lib/python3.12/site-packages/airflow/example_dags/example_trigger_target_dag.py
[2025-07-18T12:47:10.767-0500] {logging_mixin.py:188} INFO - [2025-07-18T12:47:10.767-0500] {dag.py:3096} INFO - Sync 1 DAGs
[2025-07-18T12:47:10.775-0500] {logging_mixin.py:188} INFO - [2025-07-18T12:47:10.775-0500] {dag.py:3954} INFO - Setting next_dagrun for example_trigger_target_dag to None, run_after=None
[2025-07-18T12:47:10.790-0500] {processor.py:183} INFO - Processing /home/abhiram/jobtrak-stack/venv/lib/python3.12/site-packages/airflow/example_dags/example_trigger_target_dag.py took 0.051 seconds
[2025-07-18T12:47:41.263-0500] {processor.py:161} INFO - Started process (PID=5506) to work on /home/abhiram/jobtrak-stack/venv/lib/python3.12/site-packages/airflow/example_dags/example_trigger_target_dag.py
[2025-07-18T12:47:41.264-0500] {processor.py:830} INFO - Processing file /home/abhiram/jobtrak-stack/venv/lib/python3.12/site-packages/airflow/example_dags/example_trigger_target_dag.py for tasks to queue
[2025-07-18T12:47:41.265-0500] {logging_mixin.py:188} INFO - [2025-07-18T12:47:41.265-0500] {dagbag.py:545} INFO - Filling up the DagBag from /home/abhiram/jobtrak-stack/venv/lib/python3.12/site-packages/airflow/example_dags/example_trigger_target_dag.py
[2025-07-18T12:47:41.269-0500] {processor.py:840} INFO - DAG(s) 'example_trigger_target_dag' retrieved from /home/abhiram/jobtrak-stack/venv/lib/python3.12/site-packages/airflow/example_dags/example_trigger_target_dag.py
[2025-07-18T12:47:41.286-0500] {logging_mixin.py:188} INFO - [2025-07-18T12:47:41.286-0500] {dag.py:3096} INFO - Sync 1 DAGs
[2025-07-18T12:47:41.294-0500] {logging_mixin.py:188} INFO - [2025-07-18T12:47:41.293-0500] {dag.py:3954} INFO - Setting next_dagrun for example_trigger_target_dag to None, run_after=None
[2025-07-18T12:47:41.308-0500] {processor.py:183} INFO - Processing /home/abhiram/jobtrak-stack/venv/lib/python3.12/site-packages/airflow/example_dags/example_trigger_target_dag.py took 0.049 seconds
[2025-07-18T12:48:12.086-0500] {processor.py:161} INFO - Started process (PID=5688) to work on /home/abhiram/jobtrak-stack/venv/lib/python3.12/site-packages/airflow/example_dags/example_trigger_target_dag.py
[2025-07-18T12:48:12.087-0500] {processor.py:830} INFO - Processing file /home/abhiram/jobtrak-stack/venv/lib/python3.12/site-packages/airflow/example_dags/example_trigger_target_dag.py for tasks to queue
[2025-07-18T12:48:12.088-0500] {logging_mixin.py:188} INFO - [2025-07-18T12:48:12.088-0500] {dagbag.py:545} INFO - Filling up the DagBag from /home/abhiram/jobtrak-stack/venv/lib/python3.12/site-packages/airflow/example_dags/example_trigger_target_dag.py
[2025-07-18T12:48:12.093-0500] {processor.py:840} INFO - DAG(s) 'example_trigger_target_dag' retrieved from /home/abhiram/jobtrak-stack/venv/lib/python3.12/site-packages/airflow/example_dags/example_trigger_target_dag.py
[2025-07-18T12:48:12.110-0500] {logging_mixin.py:188} INFO - [2025-07-18T12:48:12.110-0500] {dag.py:3096} INFO - Sync 1 DAGs
[2025-07-18T12:48:12.118-0500] {logging_mixin.py:188} INFO - [2025-07-18T12:48:12.117-0500] {dag.py:3954} INFO - Setting next_dagrun for example_trigger_target_dag to None, run_after=None
[2025-07-18T12:48:12.133-0500] {processor.py:183} INFO - Processing /home/abhiram/jobtrak-stack/venv/lib/python3.12/site-packages/airflow/example_dags/example_trigger_target_dag.py took 0.051 seconds
[2025-07-18T12:48:42.642-0500] {processor.py:161} INFO - Started process (PID=5795) to work on /home/abhiram/jobtrak-stack/venv/lib/python3.12/site-packages/airflow/example_dags/example_trigger_target_dag.py
[2025-07-18T12:48:42.643-0500] {processor.py:830} INFO - Processing file /home/abhiram/jobtrak-stack/venv/lib/python3.12/site-packages/airflow/example_dags/example_trigger_target_dag.py for tasks to queue
[2025-07-18T12:48:42.644-0500] {logging_mixin.py:188} INFO - [2025-07-18T12:48:42.644-0500] {dagbag.py:545} INFO - Filling up the DagBag from /home/abhiram/jobtrak-stack/venv/lib/python3.12/site-packages/airflow/example_dags/example_trigger_target_dag.py
[2025-07-18T12:48:42.647-0500] {processor.py:840} INFO - DAG(s) 'example_trigger_target_dag' retrieved from /home/abhiram/jobtrak-stack/venv/lib/python3.12/site-packages/airflow/example_dags/example_trigger_target_dag.py
[2025-07-18T12:48:42.665-0500] {logging_mixin.py:188} INFO - [2025-07-18T12:48:42.664-0500] {dag.py:3096} INFO - Sync 1 DAGs
[2025-07-18T12:48:42.673-0500] {logging_mixin.py:188} INFO - [2025-07-18T12:48:42.672-0500] {dag.py:3954} INFO - Setting next_dagrun for example_trigger_target_dag to None, run_after=None
[2025-07-18T12:48:42.687-0500] {processor.py:183} INFO - Processing /home/abhiram/jobtrak-stack/venv/lib/python3.12/site-packages/airflow/example_dags/example_trigger_target_dag.py took 0.049 seconds
[2025-07-18T12:49:13.243-0500] {processor.py:161} INFO - Started process (PID=5903) to work on /home/abhiram/jobtrak-stack/venv/lib/python3.12/site-packages/airflow/example_dags/example_trigger_target_dag.py
[2025-07-18T12:49:13.244-0500] {processor.py:830} INFO - Processing file /home/abhiram/jobtrak-stack/venv/lib/python3.12/site-packages/airflow/example_dags/example_trigger_target_dag.py for tasks to queue
[2025-07-18T12:49:13.245-0500] {logging_mixin.py:188} INFO - [2025-07-18T12:49:13.245-0500] {dagbag.py:545} INFO - Filling up the DagBag from /home/abhiram/jobtrak-stack/venv/lib/python3.12/site-packages/airflow/example_dags/example_trigger_target_dag.py
[2025-07-18T12:49:13.249-0500] {processor.py:840} INFO - DAG(s) 'example_trigger_target_dag' retrieved from /home/abhiram/jobtrak-stack/venv/lib/python3.12/site-packages/airflow/example_dags/example_trigger_target_dag.py
[2025-07-18T12:49:13.269-0500] {logging_mixin.py:188} INFO - [2025-07-18T12:49:13.269-0500] {dag.py:3096} INFO - Sync 1 DAGs
[2025-07-18T12:49:13.278-0500] {logging_mixin.py:188} INFO - [2025-07-18T12:49:13.278-0500] {dag.py:3954} INFO - Setting next_dagrun for example_trigger_target_dag to None, run_after=None
[2025-07-18T12:49:13.295-0500] {processor.py:183} INFO - Processing /home/abhiram/jobtrak-stack/venv/lib/python3.12/site-packages/airflow/example_dags/example_trigger_target_dag.py took 0.057 seconds
