[2025-07-18T11:49:19.141-0500] {processor.py:161} INFO - Started process (PID=852) to work on /home/abhiram/jobtrak-stack/venv/lib/python3.12/site-packages/airflow/example_dags/example_latest_only_with_trigger.py
[2025-07-18T11:49:19.142-0500] {processor.py:830} INFO - Processing file /home/abhiram/jobtrak-stack/venv/lib/python3.12/site-packages/airflow/example_dags/example_latest_only_with_trigger.py for tasks to queue
[2025-07-18T11:49:19.143-0500] {logging_mixin.py:188} INFO - [2025-07-18T11:49:19.143-0500] {dagbag.py:545} INFO - Filling up the DagBag from /home/abhiram/jobtrak-stack/venv/lib/python3.12/site-packages/airflow/example_dags/example_latest_only_with_trigger.py
[2025-07-18T11:49:19.146-0500] {processor.py:840} INFO - DAG(s) 'latest_only_with_trigger' retrieved from /home/abhiram/jobtrak-stack/venv/lib/python3.12/site-packages/airflow/example_dags/example_latest_only_with_trigger.py
[2025-07-18T11:49:19.158-0500] {logging_mixin.py:188} INFO - [2025-07-18T11:49:19.158-0500] {dag.py:3096} INFO - Sync 1 DAGs
[2025-07-18T11:49:19.173-0500] {logging_mixin.py:188} INFO - [2025-07-18T11:49:19.173-0500] {dag.py:3954} INFO - Setting next_dagrun for latest_only_with_trigger to 2025-07-18 12:00:00+00:00, run_after=2025-07-18 16:00:00+00:00
[2025-07-18T11:49:19.188-0500] {processor.py:183} INFO - Processing /home/abhiram/jobtrak-stack/venv/lib/python3.12/site-packages/airflow/example_dags/example_latest_only_with_trigger.py took 0.050 seconds
[2025-07-18T11:49:50.929-0500] {processor.py:161} INFO - Started process (PID=978) to work on /home/abhiram/jobtrak-stack/venv/lib/python3.12/site-packages/airflow/example_dags/example_latest_only_with_trigger.py
[2025-07-18T11:49:50.929-0500] {processor.py:830} INFO - Processing file /home/abhiram/jobtrak-stack/venv/lib/python3.12/site-packages/airflow/example_dags/example_latest_only_with_trigger.py for tasks to queue
[2025-07-18T11:49:50.930-0500] {logging_mixin.py:188} INFO - [2025-07-18T11:49:50.930-0500] {dagbag.py:545} INFO - Filling up the DagBag from /home/abhiram/jobtrak-stack/venv/lib/python3.12/site-packages/airflow/example_dags/example_latest_only_with_trigger.py
[2025-07-18T11:49:50.934-0500] {processor.py:840} INFO - DAG(s) 'latest_only_with_trigger' retrieved from /home/abhiram/jobtrak-stack/venv/lib/python3.12/site-packages/airflow/example_dags/example_latest_only_with_trigger.py
[2025-07-18T11:49:51.011-0500] {logging_mixin.py:188} INFO - [2025-07-18T11:49:51.011-0500] {dag.py:3096} INFO - Sync 1 DAGs
[2025-07-18T11:49:51.023-0500] {logging_mixin.py:188} INFO - [2025-07-18T11:49:51.023-0500] {dag.py:3954} INFO - Setting next_dagrun for latest_only_with_trigger to 2025-07-18 12:00:00+00:00, run_after=2025-07-18 16:00:00+00:00
[2025-07-18T11:49:51.043-0500] {processor.py:183} INFO - Processing /home/abhiram/jobtrak-stack/venv/lib/python3.12/site-packages/airflow/example_dags/example_latest_only_with_trigger.py took 0.118 seconds
[2025-07-18T11:50:21.364-0500] {processor.py:161} INFO - Started process (PID=1102) to work on /home/abhiram/jobtrak-stack/venv/lib/python3.12/site-packages/airflow/example_dags/example_latest_only_with_trigger.py
[2025-07-18T11:50:21.366-0500] {processor.py:830} INFO - Processing file /home/abhiram/jobtrak-stack/venv/lib/python3.12/site-packages/airflow/example_dags/example_latest_only_with_trigger.py for tasks to queue
[2025-07-18T11:50:21.367-0500] {logging_mixin.py:188} INFO - [2025-07-18T11:50:21.367-0500] {dagbag.py:545} INFO - Filling up the DagBag from /home/abhiram/jobtrak-stack/venv/lib/python3.12/site-packages/airflow/example_dags/example_latest_only_with_trigger.py
[2025-07-18T11:50:21.370-0500] {processor.py:840} INFO - DAG(s) 'latest_only_with_trigger' retrieved from /home/abhiram/jobtrak-stack/venv/lib/python3.12/site-packages/airflow/example_dags/example_latest_only_with_trigger.py
[2025-07-18T11:50:21.387-0500] {logging_mixin.py:188} INFO - [2025-07-18T11:50:21.387-0500] {dag.py:3096} INFO - Sync 1 DAGs
[2025-07-18T11:50:21.401-0500] {logging_mixin.py:188} INFO - [2025-07-18T11:50:21.401-0500] {dag.py:3954} INFO - Setting next_dagrun for latest_only_with_trigger to 2025-07-18 12:00:00+00:00, run_after=2025-07-18 16:00:00+00:00
[2025-07-18T11:50:21.415-0500] {processor.py:183} INFO - Processing /home/abhiram/jobtrak-stack/venv/lib/python3.12/site-packages/airflow/example_dags/example_latest_only_with_trigger.py took 0.054 seconds
[2025-07-18T11:50:51.487-0500] {processor.py:161} INFO - Started process (PID=1211) to work on /home/abhiram/jobtrak-stack/venv/lib/python3.12/site-packages/airflow/example_dags/example_latest_only_with_trigger.py
[2025-07-18T11:50:51.488-0500] {processor.py:830} INFO - Processing file /home/abhiram/jobtrak-stack/venv/lib/python3.12/site-packages/airflow/example_dags/example_latest_only_with_trigger.py for tasks to queue
[2025-07-18T11:50:51.489-0500] {logging_mixin.py:188} INFO - [2025-07-18T11:50:51.489-0500] {dagbag.py:545} INFO - Filling up the DagBag from /home/abhiram/jobtrak-stack/venv/lib/python3.12/site-packages/airflow/example_dags/example_latest_only_with_trigger.py
[2025-07-18T11:50:51.492-0500] {processor.py:840} INFO - DAG(s) 'latest_only_with_trigger' retrieved from /home/abhiram/jobtrak-stack/venv/lib/python3.12/site-packages/airflow/example_dags/example_latest_only_with_trigger.py
[2025-07-18T11:50:51.518-0500] {logging_mixin.py:188} INFO - [2025-07-18T11:50:51.518-0500] {dag.py:3096} INFO - Sync 1 DAGs
[2025-07-18T11:50:51.533-0500] {logging_mixin.py:188} INFO - [2025-07-18T11:50:51.533-0500] {dag.py:3954} INFO - Setting next_dagrun for latest_only_with_trigger to 2025-07-18 12:00:00+00:00, run_after=2025-07-18 16:00:00+00:00
[2025-07-18T11:50:51.549-0500] {processor.py:183} INFO - Processing /home/abhiram/jobtrak-stack/venv/lib/python3.12/site-packages/airflow/example_dags/example_latest_only_with_trigger.py took 0.066 seconds
[2025-07-18T11:51:21.651-0500] {processor.py:161} INFO - Started process (PID=1318) to work on /home/abhiram/jobtrak-stack/venv/lib/python3.12/site-packages/airflow/example_dags/example_latest_only_with_trigger.py
[2025-07-18T11:51:21.652-0500] {processor.py:830} INFO - Processing file /home/abhiram/jobtrak-stack/venv/lib/python3.12/site-packages/airflow/example_dags/example_latest_only_with_trigger.py for tasks to queue
[2025-07-18T11:51:21.653-0500] {logging_mixin.py:188} INFO - [2025-07-18T11:51:21.653-0500] {dagbag.py:545} INFO - Filling up the DagBag from /home/abhiram/jobtrak-stack/venv/lib/python3.12/site-packages/airflow/example_dags/example_latest_only_with_trigger.py
[2025-07-18T11:51:21.658-0500] {processor.py:840} INFO - DAG(s) 'latest_only_with_trigger' retrieved from /home/abhiram/jobtrak-stack/venv/lib/python3.12/site-packages/airflow/example_dags/example_latest_only_with_trigger.py
[2025-07-18T11:51:21.676-0500] {logging_mixin.py:188} INFO - [2025-07-18T11:51:21.676-0500] {dag.py:3096} INFO - Sync 1 DAGs
[2025-07-18T11:51:21.690-0500] {logging_mixin.py:188} INFO - [2025-07-18T11:51:21.690-0500] {dag.py:3954} INFO - Setting next_dagrun for latest_only_with_trigger to 2025-07-18 12:00:00+00:00, run_after=2025-07-18 16:00:00+00:00
[2025-07-18T11:51:21.706-0500] {processor.py:183} INFO - Processing /home/abhiram/jobtrak-stack/venv/lib/python3.12/site-packages/airflow/example_dags/example_latest_only_with_trigger.py took 0.060 seconds
[2025-07-18T11:51:52.024-0500] {processor.py:161} INFO - Started process (PID=1423) to work on /home/abhiram/jobtrak-stack/venv/lib/python3.12/site-packages/airflow/example_dags/example_latest_only_with_trigger.py
[2025-07-18T11:51:52.024-0500] {processor.py:830} INFO - Processing file /home/abhiram/jobtrak-stack/venv/lib/python3.12/site-packages/airflow/example_dags/example_latest_only_with_trigger.py for tasks to queue
[2025-07-18T11:51:52.025-0500] {logging_mixin.py:188} INFO - [2025-07-18T11:51:52.025-0500] {dagbag.py:545} INFO - Filling up the DagBag from /home/abhiram/jobtrak-stack/venv/lib/python3.12/site-packages/airflow/example_dags/example_latest_only_with_trigger.py
[2025-07-18T11:51:52.029-0500] {processor.py:840} INFO - DAG(s) 'latest_only_with_trigger' retrieved from /home/abhiram/jobtrak-stack/venv/lib/python3.12/site-packages/airflow/example_dags/example_latest_only_with_trigger.py
[2025-07-18T11:51:52.047-0500] {logging_mixin.py:188} INFO - [2025-07-18T11:51:52.047-0500] {dag.py:3096} INFO - Sync 1 DAGs
[2025-07-18T11:51:52.062-0500] {logging_mixin.py:188} INFO - [2025-07-18T11:51:52.062-0500] {dag.py:3954} INFO - Setting next_dagrun for latest_only_with_trigger to 2025-07-18 12:00:00+00:00, run_after=2025-07-18 16:00:00+00:00
[2025-07-18T11:51:52.079-0500] {processor.py:183} INFO - Processing /home/abhiram/jobtrak-stack/venv/lib/python3.12/site-packages/airflow/example_dags/example_latest_only_with_trigger.py took 0.059 seconds
