[2025-07-18T11:49:17.883-0500] {processor.py:161} INFO - Started process (PID=789) to work on /home/abhiram/jobtrak-stack/venv/lib/python3.12/site-packages/airflow/example_dags/example_bash_operator.py
[2025-07-18T11:49:17.884-0500] {processor.py:830} INFO - Processing file /home/abhiram/jobtrak-stack/venv/lib/python3.12/site-packages/airflow/example_dags/example_bash_operator.py for tasks to queue
[2025-07-18T11:49:17.885-0500] {logging_mixin.py:188} INFO - [2025-07-18T11:49:17.885-0500] {dagbag.py:545} INFO - Filling up the DagBag from /home/abhiram/jobtrak-stack/venv/lib/python3.12/site-packages/airflow/example_dags/example_bash_operator.py
[2025-07-18T11:49:17.897-0500] {processor.py:840} INFO - DAG(s) 'example_bash_operator' retrieved from /home/abhiram/jobtrak-stack/venv/lib/python3.12/site-packages/airflow/example_dags/example_bash_operator.py
[2025-07-18T11:49:17.920-0500] {logging_mixin.py:188} INFO - [2025-07-18T11:49:17.919-0500] {dag.py:3096} INFO - Sync 1 DAGs
[2025-07-18T11:49:17.937-0500] {logging_mixin.py:188} INFO - [2025-07-18T11:49:17.936-0500] {dag.py:3954} INFO - Setting next_dagrun for example_bash_operator to 2025-07-17 00:00:00+00:00, run_after=2025-07-18 00:00:00+00:00
[2025-07-18T11:49:17.951-0500] {processor.py:183} INFO - Processing /home/abhiram/jobtrak-stack/venv/lib/python3.12/site-packages/airflow/example_dags/example_bash_operator.py took 0.072 seconds
[2025-07-18T11:49:48.836-0500] {processor.py:161} INFO - Started process (PID=914) to work on /home/abhiram/jobtrak-stack/venv/lib/python3.12/site-packages/airflow/example_dags/example_bash_operator.py
[2025-07-18T11:49:48.838-0500] {processor.py:830} INFO - Processing file /home/abhiram/jobtrak-stack/venv/lib/python3.12/site-packages/airflow/example_dags/example_bash_operator.py for tasks to queue
[2025-07-18T11:49:48.842-0500] {logging_mixin.py:188} INFO - [2025-07-18T11:49:48.841-0500] {dagbag.py:545} INFO - Filling up the DagBag from /home/abhiram/jobtrak-stack/venv/lib/python3.12/site-packages/airflow/example_dags/example_bash_operator.py
[2025-07-18T11:49:48.877-0500] {processor.py:840} INFO - DAG(s) 'example_bash_operator' retrieved from /home/abhiram/jobtrak-stack/venv/lib/python3.12/site-packages/airflow/example_dags/example_bash_operator.py
[2025-07-18T11:49:49.004-0500] {logging_mixin.py:188} INFO - [2025-07-18T11:49:49.004-0500] {dag.py:3096} INFO - Sync 1 DAGs
[2025-07-18T11:49:49.024-0500] {logging_mixin.py:188} INFO - [2025-07-18T11:49:49.024-0500] {dag.py:3954} INFO - Setting next_dagrun for example_bash_operator to 2025-07-17 00:00:00+00:00, run_after=2025-07-18 00:00:00+00:00
[2025-07-18T11:49:49.042-0500] {processor.py:183} INFO - Processing /home/abhiram/jobtrak-stack/venv/lib/python3.12/site-packages/airflow/example_dags/example_bash_operator.py took 0.220 seconds
[2025-07-18T11:50:20.024-0500] {processor.py:161} INFO - Started process (PID=1039) to work on /home/abhiram/jobtrak-stack/venv/lib/python3.12/site-packages/airflow/example_dags/example_bash_operator.py
[2025-07-18T11:50:20.025-0500] {processor.py:830} INFO - Processing file /home/abhiram/jobtrak-stack/venv/lib/python3.12/site-packages/airflow/example_dags/example_bash_operator.py for tasks to queue
[2025-07-18T11:50:20.027-0500] {logging_mixin.py:188} INFO - [2025-07-18T11:50:20.027-0500] {dagbag.py:545} INFO - Filling up the DagBag from /home/abhiram/jobtrak-stack/venv/lib/python3.12/site-packages/airflow/example_dags/example_bash_operator.py
[2025-07-18T11:50:20.042-0500] {processor.py:840} INFO - DAG(s) 'example_bash_operator' retrieved from /home/abhiram/jobtrak-stack/venv/lib/python3.12/site-packages/airflow/example_dags/example_bash_operator.py
[2025-07-18T11:50:20.083-0500] {logging_mixin.py:188} INFO - [2025-07-18T11:50:20.083-0500] {dag.py:3096} INFO - Sync 1 DAGs
[2025-07-18T11:50:20.111-0500] {logging_mixin.py:188} INFO - [2025-07-18T11:50:20.111-0500] {dag.py:3954} INFO - Setting next_dagrun for example_bash_operator to 2025-07-17 00:00:00+00:00, run_after=2025-07-18 00:00:00+00:00
[2025-07-18T11:50:20.140-0500] {processor.py:183} INFO - Processing /home/abhiram/jobtrak-stack/venv/lib/python3.12/site-packages/airflow/example_dags/example_bash_operator.py took 0.123 seconds
[2025-07-18T11:50:50.173-0500] {processor.py:161} INFO - Started process (PID=1148) to work on /home/abhiram/jobtrak-stack/venv/lib/python3.12/site-packages/airflow/example_dags/example_bash_operator.py
[2025-07-18T11:50:50.174-0500] {processor.py:830} INFO - Processing file /home/abhiram/jobtrak-stack/venv/lib/python3.12/site-packages/airflow/example_dags/example_bash_operator.py for tasks to queue
[2025-07-18T11:50:50.176-0500] {logging_mixin.py:188} INFO - [2025-07-18T11:50:50.174-0500] {dagbag.py:545} INFO - Filling up the DagBag from /home/abhiram/jobtrak-stack/venv/lib/python3.12/site-packages/airflow/example_dags/example_bash_operator.py
[2025-07-18T11:50:50.184-0500] {processor.py:840} INFO - DAG(s) 'example_bash_operator' retrieved from /home/abhiram/jobtrak-stack/venv/lib/python3.12/site-packages/airflow/example_dags/example_bash_operator.py
[2025-07-18T11:50:50.208-0500] {logging_mixin.py:188} INFO - [2025-07-18T11:50:50.208-0500] {dag.py:3096} INFO - Sync 1 DAGs
[2025-07-18T11:50:50.230-0500] {logging_mixin.py:188} INFO - [2025-07-18T11:50:50.230-0500] {dag.py:3954} INFO - Setting next_dagrun for example_bash_operator to 2025-07-17 00:00:00+00:00, run_after=2025-07-18 00:00:00+00:00
[2025-07-18T11:50:50.254-0500] {processor.py:183} INFO - Processing /home/abhiram/jobtrak-stack/venv/lib/python3.12/site-packages/airflow/example_dags/example_bash_operator.py took 0.085 seconds
[2025-07-18T11:51:20.278-0500] {processor.py:161} INFO - Started process (PID=1256) to work on /home/abhiram/jobtrak-stack/venv/lib/python3.12/site-packages/airflow/example_dags/example_bash_operator.py
[2025-07-18T11:51:20.279-0500] {processor.py:830} INFO - Processing file /home/abhiram/jobtrak-stack/venv/lib/python3.12/site-packages/airflow/example_dags/example_bash_operator.py for tasks to queue
[2025-07-18T11:51:20.280-0500] {logging_mixin.py:188} INFO - [2025-07-18T11:51:20.280-0500] {dagbag.py:545} INFO - Filling up the DagBag from /home/abhiram/jobtrak-stack/venv/lib/python3.12/site-packages/airflow/example_dags/example_bash_operator.py
[2025-07-18T11:51:20.294-0500] {processor.py:840} INFO - DAG(s) 'example_bash_operator' retrieved from /home/abhiram/jobtrak-stack/venv/lib/python3.12/site-packages/airflow/example_dags/example_bash_operator.py
[2025-07-18T11:51:20.326-0500] {logging_mixin.py:188} INFO - [2025-07-18T11:51:20.326-0500] {dag.py:3096} INFO - Sync 1 DAGs
[2025-07-18T11:51:20.354-0500] {logging_mixin.py:188} INFO - [2025-07-18T11:51:20.354-0500] {dag.py:3954} INFO - Setting next_dagrun for example_bash_operator to 2025-07-17 00:00:00+00:00, run_after=2025-07-18 00:00:00+00:00
[2025-07-18T11:51:20.373-0500] {processor.py:183} INFO - Processing /home/abhiram/jobtrak-stack/venv/lib/python3.12/site-packages/airflow/example_dags/example_bash_operator.py took 0.099 seconds
[2025-07-18T11:51:50.396-0500] {processor.py:161} INFO - Started process (PID=1361) to work on /home/abhiram/jobtrak-stack/venv/lib/python3.12/site-packages/airflow/example_dags/example_bash_operator.py
[2025-07-18T11:51:50.397-0500] {processor.py:830} INFO - Processing file /home/abhiram/jobtrak-stack/venv/lib/python3.12/site-packages/airflow/example_dags/example_bash_operator.py for tasks to queue
[2025-07-18T11:51:50.399-0500] {logging_mixin.py:188} INFO - [2025-07-18T11:51:50.398-0500] {dagbag.py:545} INFO - Filling up the DagBag from /home/abhiram/jobtrak-stack/venv/lib/python3.12/site-packages/airflow/example_dags/example_bash_operator.py
[2025-07-18T11:51:50.409-0500] {processor.py:840} INFO - DAG(s) 'example_bash_operator' retrieved from /home/abhiram/jobtrak-stack/venv/lib/python3.12/site-packages/airflow/example_dags/example_bash_operator.py
[2025-07-18T11:51:50.462-0500] {logging_mixin.py:188} INFO - [2025-07-18T11:51:50.462-0500] {dag.py:3096} INFO - Sync 1 DAGs
[2025-07-18T11:51:50.489-0500] {logging_mixin.py:188} INFO - [2025-07-18T11:51:50.489-0500] {dag.py:3954} INFO - Setting next_dagrun for example_bash_operator to 2025-07-17 00:00:00+00:00, run_after=2025-07-18 00:00:00+00:00
[2025-07-18T11:51:50.515-0500] {processor.py:183} INFO - Processing /home/abhiram/jobtrak-stack/venv/lib/python3.12/site-packages/airflow/example_dags/example_bash_operator.py took 0.128 seconds
[2025-07-18T12:32:15.020-0500] {processor.py:161} INFO - Started process (PID=1902) to work on /home/abhiram/jobtrak-stack/venv/lib/python3.12/site-packages/airflow/example_dags/example_bash_operator.py
[2025-07-18T12:32:15.022-0500] {processor.py:830} INFO - Processing file /home/abhiram/jobtrak-stack/venv/lib/python3.12/site-packages/airflow/example_dags/example_bash_operator.py for tasks to queue
[2025-07-18T12:32:15.023-0500] {logging_mixin.py:188} INFO - [2025-07-18T12:32:15.023-0500] {dagbag.py:545} INFO - Filling up the DagBag from /home/abhiram/jobtrak-stack/venv/lib/python3.12/site-packages/airflow/example_dags/example_bash_operator.py
[2025-07-18T12:32:15.034-0500] {processor.py:840} INFO - DAG(s) 'example_bash_operator' retrieved from /home/abhiram/jobtrak-stack/venv/lib/python3.12/site-packages/airflow/example_dags/example_bash_operator.py
[2025-07-18T12:32:15.072-0500] {logging_mixin.py:188} INFO - [2025-07-18T12:32:15.071-0500] {dag.py:3096} INFO - Sync 1 DAGs
[2025-07-18T12:32:15.088-0500] {logging_mixin.py:188} INFO - [2025-07-18T12:32:15.088-0500] {dag.py:3954} INFO - Setting next_dagrun for example_bash_operator to 2025-07-17 00:00:00+00:00, run_after=2025-07-18 00:00:00+00:00
[2025-07-18T12:32:15.106-0500] {processor.py:183} INFO - Processing /home/abhiram/jobtrak-stack/venv/lib/python3.12/site-packages/airflow/example_dags/example_bash_operator.py took 0.091 seconds
[2025-07-18T12:32:45.351-0500] {processor.py:161} INFO - Started process (PID=2031) to work on /home/abhiram/jobtrak-stack/venv/lib/python3.12/site-packages/airflow/example_dags/example_bash_operator.py
[2025-07-18T12:32:45.353-0500] {processor.py:830} INFO - Processing file /home/abhiram/jobtrak-stack/venv/lib/python3.12/site-packages/airflow/example_dags/example_bash_operator.py for tasks to queue
[2025-07-18T12:32:45.356-0500] {logging_mixin.py:188} INFO - [2025-07-18T12:32:45.355-0500] {dagbag.py:545} INFO - Filling up the DagBag from /home/abhiram/jobtrak-stack/venv/lib/python3.12/site-packages/airflow/example_dags/example_bash_operator.py
[2025-07-18T12:32:45.375-0500] {processor.py:840} INFO - DAG(s) 'example_bash_operator' retrieved from /home/abhiram/jobtrak-stack/venv/lib/python3.12/site-packages/airflow/example_dags/example_bash_operator.py
[2025-07-18T12:32:45.431-0500] {logging_mixin.py:188} INFO - [2025-07-18T12:32:45.431-0500] {dag.py:3096} INFO - Sync 1 DAGs
[2025-07-18T12:32:45.463-0500] {logging_mixin.py:188} INFO - [2025-07-18T12:32:45.462-0500] {dag.py:3954} INFO - Setting next_dagrun for example_bash_operator to 2025-07-17 00:00:00+00:00, run_after=2025-07-18 00:00:00+00:00
[2025-07-18T12:32:45.493-0500] {processor.py:183} INFO - Processing /home/abhiram/jobtrak-stack/venv/lib/python3.12/site-packages/airflow/example_dags/example_bash_operator.py took 0.151 seconds
[2025-07-18T12:33:15.585-0500] {processor.py:161} INFO - Started process (PID=2150) to work on /home/abhiram/jobtrak-stack/venv/lib/python3.12/site-packages/airflow/example_dags/example_bash_operator.py
[2025-07-18T12:33:15.593-0500] {processor.py:830} INFO - Processing file /home/abhiram/jobtrak-stack/venv/lib/python3.12/site-packages/airflow/example_dags/example_bash_operator.py for tasks to queue
[2025-07-18T12:33:15.596-0500] {logging_mixin.py:188} INFO - [2025-07-18T12:33:15.595-0500] {dagbag.py:545} INFO - Filling up the DagBag from /home/abhiram/jobtrak-stack/venv/lib/python3.12/site-packages/airflow/example_dags/example_bash_operator.py
[2025-07-18T12:33:15.614-0500] {processor.py:840} INFO - DAG(s) 'example_bash_operator' retrieved from /home/abhiram/jobtrak-stack/venv/lib/python3.12/site-packages/airflow/example_dags/example_bash_operator.py
[2025-07-18T12:33:15.650-0500] {logging_mixin.py:188} INFO - [2025-07-18T12:33:15.650-0500] {dag.py:3096} INFO - Sync 1 DAGs
[2025-07-18T12:33:15.678-0500] {logging_mixin.py:188} INFO - [2025-07-18T12:33:15.678-0500] {dag.py:3954} INFO - Setting next_dagrun for example_bash_operator to 2025-07-17 00:00:00+00:00, run_after=2025-07-18 00:00:00+00:00
[2025-07-18T12:33:15.704-0500] {processor.py:183} INFO - Processing /home/abhiram/jobtrak-stack/venv/lib/python3.12/site-packages/airflow/example_dags/example_bash_operator.py took 0.129 seconds
[2025-07-18T12:33:45.879-0500] {processor.py:161} INFO - Started process (PID=2264) to work on /home/abhiram/jobtrak-stack/venv/lib/python3.12/site-packages/airflow/example_dags/example_bash_operator.py
[2025-07-18T12:33:45.880-0500] {processor.py:830} INFO - Processing file /home/abhiram/jobtrak-stack/venv/lib/python3.12/site-packages/airflow/example_dags/example_bash_operator.py for tasks to queue
[2025-07-18T12:33:45.881-0500] {logging_mixin.py:188} INFO - [2025-07-18T12:33:45.881-0500] {dagbag.py:545} INFO - Filling up the DagBag from /home/abhiram/jobtrak-stack/venv/lib/python3.12/site-packages/airflow/example_dags/example_bash_operator.py
[2025-07-18T12:33:45.895-0500] {processor.py:840} INFO - DAG(s) 'example_bash_operator' retrieved from /home/abhiram/jobtrak-stack/venv/lib/python3.12/site-packages/airflow/example_dags/example_bash_operator.py
[2025-07-18T12:33:45.944-0500] {logging_mixin.py:188} INFO - [2025-07-18T12:33:45.943-0500] {dag.py:3096} INFO - Sync 1 DAGs
[2025-07-18T12:33:45.982-0500] {logging_mixin.py:188} INFO - [2025-07-18T12:33:45.982-0500] {dag.py:3954} INFO - Setting next_dagrun for example_bash_operator to 2025-07-17 00:00:00+00:00, run_after=2025-07-18 00:00:00+00:00
[2025-07-18T12:33:46.008-0500] {processor.py:183} INFO - Processing /home/abhiram/jobtrak-stack/venv/lib/python3.12/site-packages/airflow/example_dags/example_bash_operator.py took 0.134 seconds
[2025-07-18T12:34:16.156-0500] {processor.py:161} INFO - Started process (PID=2370) to work on /home/abhiram/jobtrak-stack/venv/lib/python3.12/site-packages/airflow/example_dags/example_bash_operator.py
[2025-07-18T12:34:16.176-0500] {processor.py:830} INFO - Processing file /home/abhiram/jobtrak-stack/venv/lib/python3.12/site-packages/airflow/example_dags/example_bash_operator.py for tasks to queue
[2025-07-18T12:34:16.177-0500] {logging_mixin.py:188} INFO - [2025-07-18T12:34:16.177-0500] {dagbag.py:545} INFO - Filling up the DagBag from /home/abhiram/jobtrak-stack/venv/lib/python3.12/site-packages/airflow/example_dags/example_bash_operator.py
[2025-07-18T12:34:16.184-0500] {processor.py:840} INFO - DAG(s) 'example_bash_operator' retrieved from /home/abhiram/jobtrak-stack/venv/lib/python3.12/site-packages/airflow/example_dags/example_bash_operator.py
[2025-07-18T12:34:16.211-0500] {logging_mixin.py:188} INFO - [2025-07-18T12:34:16.210-0500] {dag.py:3096} INFO - Sync 1 DAGs
[2025-07-18T12:34:16.236-0500] {logging_mixin.py:188} INFO - [2025-07-18T12:34:16.235-0500] {dag.py:3954} INFO - Setting next_dagrun for example_bash_operator to 2025-07-17 00:00:00+00:00, run_after=2025-07-18 00:00:00+00:00
[2025-07-18T12:34:16.254-0500] {processor.py:183} INFO - Processing /home/abhiram/jobtrak-stack/venv/lib/python3.12/site-packages/airflow/example_dags/example_bash_operator.py took 0.103 seconds
[2025-07-18T12:34:46.855-0500] {processor.py:161} INFO - Started process (PID=2478) to work on /home/abhiram/jobtrak-stack/venv/lib/python3.12/site-packages/airflow/example_dags/example_bash_operator.py
[2025-07-18T12:34:46.856-0500] {processor.py:830} INFO - Processing file /home/abhiram/jobtrak-stack/venv/lib/python3.12/site-packages/airflow/example_dags/example_bash_operator.py for tasks to queue
[2025-07-18T12:34:46.858-0500] {logging_mixin.py:188} INFO - [2025-07-18T12:34:46.857-0500] {dagbag.py:545} INFO - Filling up the DagBag from /home/abhiram/jobtrak-stack/venv/lib/python3.12/site-packages/airflow/example_dags/example_bash_operator.py
[2025-07-18T12:34:46.871-0500] {processor.py:840} INFO - DAG(s) 'example_bash_operator' retrieved from /home/abhiram/jobtrak-stack/venv/lib/python3.12/site-packages/airflow/example_dags/example_bash_operator.py
[2025-07-18T12:34:46.911-0500] {logging_mixin.py:188} INFO - [2025-07-18T12:34:46.911-0500] {dag.py:3096} INFO - Sync 1 DAGs
[2025-07-18T12:34:46.930-0500] {logging_mixin.py:188} INFO - [2025-07-18T12:34:46.930-0500] {dag.py:3954} INFO - Setting next_dagrun for example_bash_operator to 2025-07-17 00:00:00+00:00, run_after=2025-07-18 00:00:00+00:00
[2025-07-18T12:34:46.950-0500] {processor.py:183} INFO - Processing /home/abhiram/jobtrak-stack/venv/lib/python3.12/site-packages/airflow/example_dags/example_bash_operator.py took 0.101 seconds
[2025-07-18T12:35:17.123-0500] {processor.py:161} INFO - Started process (PID=2588) to work on /home/abhiram/jobtrak-stack/venv/lib/python3.12/site-packages/airflow/example_dags/example_bash_operator.py
[2025-07-18T12:35:17.142-0500] {processor.py:830} INFO - Processing file /home/abhiram/jobtrak-stack/venv/lib/python3.12/site-packages/airflow/example_dags/example_bash_operator.py for tasks to queue
[2025-07-18T12:35:17.145-0500] {logging_mixin.py:188} INFO - [2025-07-18T12:35:17.144-0500] {dagbag.py:545} INFO - Filling up the DagBag from /home/abhiram/jobtrak-stack/venv/lib/python3.12/site-packages/airflow/example_dags/example_bash_operator.py
[2025-07-18T12:35:17.162-0500] {processor.py:840} INFO - DAG(s) 'example_bash_operator' retrieved from /home/abhiram/jobtrak-stack/venv/lib/python3.12/site-packages/airflow/example_dags/example_bash_operator.py
[2025-07-18T12:35:17.238-0500] {logging_mixin.py:188} INFO - [2025-07-18T12:35:17.238-0500] {dag.py:3096} INFO - Sync 1 DAGs
[2025-07-18T12:35:17.300-0500] {logging_mixin.py:188} INFO - [2025-07-18T12:35:17.300-0500] {dag.py:3954} INFO - Setting next_dagrun for example_bash_operator to 2025-07-17 00:00:00+00:00, run_after=2025-07-18 00:00:00+00:00
[2025-07-18T12:35:17.380-0500] {processor.py:183} INFO - Processing /home/abhiram/jobtrak-stack/venv/lib/python3.12/site-packages/airflow/example_dags/example_bash_operator.py took 0.263 seconds
[2025-07-18T12:35:47.598-0500] {processor.py:161} INFO - Started process (PID=2693) to work on /home/abhiram/jobtrak-stack/venv/lib/python3.12/site-packages/airflow/example_dags/example_bash_operator.py
[2025-07-18T12:35:47.599-0500] {processor.py:830} INFO - Processing file /home/abhiram/jobtrak-stack/venv/lib/python3.12/site-packages/airflow/example_dags/example_bash_operator.py for tasks to queue
[2025-07-18T12:35:47.604-0500] {logging_mixin.py:188} INFO - [2025-07-18T12:35:47.600-0500] {dagbag.py:545} INFO - Filling up the DagBag from /home/abhiram/jobtrak-stack/venv/lib/python3.12/site-packages/airflow/example_dags/example_bash_operator.py
[2025-07-18T12:35:47.616-0500] {processor.py:840} INFO - DAG(s) 'example_bash_operator' retrieved from /home/abhiram/jobtrak-stack/venv/lib/python3.12/site-packages/airflow/example_dags/example_bash_operator.py
[2025-07-18T12:35:47.657-0500] {logging_mixin.py:188} INFO - [2025-07-18T12:35:47.657-0500] {dag.py:3096} INFO - Sync 1 DAGs
[2025-07-18T12:35:47.687-0500] {logging_mixin.py:188} INFO - [2025-07-18T12:35:47.687-0500] {dag.py:3954} INFO - Setting next_dagrun for example_bash_operator to 2025-07-17 00:00:00+00:00, run_after=2025-07-18 00:00:00+00:00
[2025-07-18T12:35:47.723-0500] {processor.py:183} INFO - Processing /home/abhiram/jobtrak-stack/venv/lib/python3.12/site-packages/airflow/example_dags/example_bash_operator.py took 0.131 seconds
[2025-07-18T12:36:18.149-0500] {processor.py:161} INFO - Started process (PID=2800) to work on /home/abhiram/jobtrak-stack/venv/lib/python3.12/site-packages/airflow/example_dags/example_bash_operator.py
[2025-07-18T12:36:18.152-0500] {processor.py:830} INFO - Processing file /home/abhiram/jobtrak-stack/venv/lib/python3.12/site-packages/airflow/example_dags/example_bash_operator.py for tasks to queue
[2025-07-18T12:36:18.153-0500] {logging_mixin.py:188} INFO - [2025-07-18T12:36:18.153-0500] {dagbag.py:545} INFO - Filling up the DagBag from /home/abhiram/jobtrak-stack/venv/lib/python3.12/site-packages/airflow/example_dags/example_bash_operator.py
[2025-07-18T12:36:18.162-0500] {processor.py:840} INFO - DAG(s) 'example_bash_operator' retrieved from /home/abhiram/jobtrak-stack/venv/lib/python3.12/site-packages/airflow/example_dags/example_bash_operator.py
[2025-07-18T12:36:18.191-0500] {logging_mixin.py:188} INFO - [2025-07-18T12:36:18.191-0500] {dag.py:3096} INFO - Sync 1 DAGs
[2025-07-18T12:36:18.218-0500] {logging_mixin.py:188} INFO - [2025-07-18T12:36:18.218-0500] {dag.py:3954} INFO - Setting next_dagrun for example_bash_operator to 2025-07-17 00:00:00+00:00, run_after=2025-07-18 00:00:00+00:00
[2025-07-18T12:36:18.242-0500] {processor.py:183} INFO - Processing /home/abhiram/jobtrak-stack/venv/lib/python3.12/site-packages/airflow/example_dags/example_bash_operator.py took 0.098 seconds
[2025-07-18T12:36:48.460-0500] {processor.py:161} INFO - Started process (PID=2916) to work on /home/abhiram/jobtrak-stack/venv/lib/python3.12/site-packages/airflow/example_dags/example_bash_operator.py
[2025-07-18T12:36:48.460-0500] {processor.py:830} INFO - Processing file /home/abhiram/jobtrak-stack/venv/lib/python3.12/site-packages/airflow/example_dags/example_bash_operator.py for tasks to queue
[2025-07-18T12:36:48.462-0500] {logging_mixin.py:188} INFO - [2025-07-18T12:36:48.462-0500] {dagbag.py:545} INFO - Filling up the DagBag from /home/abhiram/jobtrak-stack/venv/lib/python3.12/site-packages/airflow/example_dags/example_bash_operator.py
[2025-07-18T12:36:48.474-0500] {processor.py:840} INFO - DAG(s) 'example_bash_operator' retrieved from /home/abhiram/jobtrak-stack/venv/lib/python3.12/site-packages/airflow/example_dags/example_bash_operator.py
[2025-07-18T12:36:48.511-0500] {logging_mixin.py:188} INFO - [2025-07-18T12:36:48.510-0500] {dag.py:3096} INFO - Sync 1 DAGs
[2025-07-18T12:36:48.542-0500] {logging_mixin.py:188} INFO - [2025-07-18T12:36:48.542-0500] {dag.py:3954} INFO - Setting next_dagrun for example_bash_operator to 2025-07-17 00:00:00+00:00, run_after=2025-07-18 00:00:00+00:00
[2025-07-18T12:36:48.568-0500] {processor.py:183} INFO - Processing /home/abhiram/jobtrak-stack/venv/lib/python3.12/site-packages/airflow/example_dags/example_bash_operator.py took 0.114 seconds
[2025-07-18T12:37:18.764-0500] {processor.py:161} INFO - Started process (PID=3132) to work on /home/abhiram/jobtrak-stack/venv/lib/python3.12/site-packages/airflow/example_dags/example_bash_operator.py
[2025-07-18T12:37:18.782-0500] {processor.py:830} INFO - Processing file /home/abhiram/jobtrak-stack/venv/lib/python3.12/site-packages/airflow/example_dags/example_bash_operator.py for tasks to queue
[2025-07-18T12:37:18.784-0500] {logging_mixin.py:188} INFO - [2025-07-18T12:37:18.783-0500] {dagbag.py:545} INFO - Filling up the DagBag from /home/abhiram/jobtrak-stack/venv/lib/python3.12/site-packages/airflow/example_dags/example_bash_operator.py
[2025-07-18T12:37:18.793-0500] {processor.py:840} INFO - DAG(s) 'example_bash_operator' retrieved from /home/abhiram/jobtrak-stack/venv/lib/python3.12/site-packages/airflow/example_dags/example_bash_operator.py
[2025-07-18T12:37:18.829-0500] {logging_mixin.py:188} INFO - [2025-07-18T12:37:18.829-0500] {dag.py:3096} INFO - Sync 1 DAGs
[2025-07-18T12:37:18.850-0500] {logging_mixin.py:188} INFO - [2025-07-18T12:37:18.850-0500] {dag.py:3954} INFO - Setting next_dagrun for example_bash_operator to 2025-07-17 00:00:00+00:00, run_after=2025-07-18 00:00:00+00:00
[2025-07-18T12:37:18.874-0500] {processor.py:183} INFO - Processing /home/abhiram/jobtrak-stack/venv/lib/python3.12/site-packages/airflow/example_dags/example_bash_operator.py took 0.114 seconds
[2025-07-18T12:37:49.275-0500] {processor.py:161} INFO - Started process (PID=3240) to work on /home/abhiram/jobtrak-stack/venv/lib/python3.12/site-packages/airflow/example_dags/example_bash_operator.py
[2025-07-18T12:37:49.276-0500] {processor.py:830} INFO - Processing file /home/abhiram/jobtrak-stack/venv/lib/python3.12/site-packages/airflow/example_dags/example_bash_operator.py for tasks to queue
[2025-07-18T12:37:49.277-0500] {logging_mixin.py:188} INFO - [2025-07-18T12:37:49.277-0500] {dagbag.py:545} INFO - Filling up the DagBag from /home/abhiram/jobtrak-stack/venv/lib/python3.12/site-packages/airflow/example_dags/example_bash_operator.py
[2025-07-18T12:37:49.288-0500] {processor.py:840} INFO - DAG(s) 'example_bash_operator' retrieved from /home/abhiram/jobtrak-stack/venv/lib/python3.12/site-packages/airflow/example_dags/example_bash_operator.py
[2025-07-18T12:37:49.325-0500] {logging_mixin.py:188} INFO - [2025-07-18T12:37:49.325-0500] {dag.py:3096} INFO - Sync 1 DAGs
[2025-07-18T12:37:49.353-0500] {logging_mixin.py:188} INFO - [2025-07-18T12:37:49.353-0500] {dag.py:3954} INFO - Setting next_dagrun for example_bash_operator to 2025-07-17 00:00:00+00:00, run_after=2025-07-18 00:00:00+00:00
[2025-07-18T12:37:49.378-0500] {processor.py:183} INFO - Processing /home/abhiram/jobtrak-stack/venv/lib/python3.12/site-packages/airflow/example_dags/example_bash_operator.py took 0.110 seconds
[2025-07-18T12:38:19.465-0500] {processor.py:161} INFO - Started process (PID=3347) to work on /home/abhiram/jobtrak-stack/venv/lib/python3.12/site-packages/airflow/example_dags/example_bash_operator.py
[2025-07-18T12:38:19.484-0500] {processor.py:830} INFO - Processing file /home/abhiram/jobtrak-stack/venv/lib/python3.12/site-packages/airflow/example_dags/example_bash_operator.py for tasks to queue
[2025-07-18T12:38:19.486-0500] {logging_mixin.py:188} INFO - [2025-07-18T12:38:19.485-0500] {dagbag.py:545} INFO - Filling up the DagBag from /home/abhiram/jobtrak-stack/venv/lib/python3.12/site-packages/airflow/example_dags/example_bash_operator.py
[2025-07-18T12:38:19.495-0500] {processor.py:840} INFO - DAG(s) 'example_bash_operator' retrieved from /home/abhiram/jobtrak-stack/venv/lib/python3.12/site-packages/airflow/example_dags/example_bash_operator.py
[2025-07-18T12:38:19.528-0500] {logging_mixin.py:188} INFO - [2025-07-18T12:38:19.528-0500] {dag.py:3096} INFO - Sync 1 DAGs
[2025-07-18T12:38:19.550-0500] {logging_mixin.py:188} INFO - [2025-07-18T12:38:19.550-0500] {dag.py:3954} INFO - Setting next_dagrun for example_bash_operator to 2025-07-17 00:00:00+00:00, run_after=2025-07-18 00:00:00+00:00
[2025-07-18T12:38:19.576-0500] {processor.py:183} INFO - Processing /home/abhiram/jobtrak-stack/venv/lib/python3.12/site-packages/airflow/example_dags/example_bash_operator.py took 0.117 seconds
[2025-07-18T12:38:49.947-0500] {processor.py:161} INFO - Started process (PID=3455) to work on /home/abhiram/jobtrak-stack/venv/lib/python3.12/site-packages/airflow/example_dags/example_bash_operator.py
[2025-07-18T12:38:49.964-0500] {processor.py:830} INFO - Processing file /home/abhiram/jobtrak-stack/venv/lib/python3.12/site-packages/airflow/example_dags/example_bash_operator.py for tasks to queue
[2025-07-18T12:38:49.966-0500] {logging_mixin.py:188} INFO - [2025-07-18T12:38:49.966-0500] {dagbag.py:545} INFO - Filling up the DagBag from /home/abhiram/jobtrak-stack/venv/lib/python3.12/site-packages/airflow/example_dags/example_bash_operator.py
[2025-07-18T12:38:49.982-0500] {processor.py:840} INFO - DAG(s) 'example_bash_operator' retrieved from /home/abhiram/jobtrak-stack/venv/lib/python3.12/site-packages/airflow/example_dags/example_bash_operator.py
[2025-07-18T12:38:50.024-0500] {logging_mixin.py:188} INFO - [2025-07-18T12:38:50.023-0500] {dag.py:3096} INFO - Sync 1 DAGs
[2025-07-18T12:38:50.044-0500] {logging_mixin.py:188} INFO - [2025-07-18T12:38:50.044-0500] {dag.py:3954} INFO - Setting next_dagrun for example_bash_operator to 2025-07-17 00:00:00+00:00, run_after=2025-07-18 00:00:00+00:00
[2025-07-18T12:38:50.066-0500] {processor.py:183} INFO - Processing /home/abhiram/jobtrak-stack/venv/lib/python3.12/site-packages/airflow/example_dags/example_bash_operator.py took 0.126 seconds
[2025-07-18T12:39:20.334-0500] {processor.py:161} INFO - Started process (PID=3562) to work on /home/abhiram/jobtrak-stack/venv/lib/python3.12/site-packages/airflow/example_dags/example_bash_operator.py
[2025-07-18T12:39:20.336-0500] {processor.py:830} INFO - Processing file /home/abhiram/jobtrak-stack/venv/lib/python3.12/site-packages/airflow/example_dags/example_bash_operator.py for tasks to queue
[2025-07-18T12:39:20.337-0500] {logging_mixin.py:188} INFO - [2025-07-18T12:39:20.337-0500] {dagbag.py:545} INFO - Filling up the DagBag from /home/abhiram/jobtrak-stack/venv/lib/python3.12/site-packages/airflow/example_dags/example_bash_operator.py
[2025-07-18T12:39:20.344-0500] {processor.py:840} INFO - DAG(s) 'example_bash_operator' retrieved from /home/abhiram/jobtrak-stack/venv/lib/python3.12/site-packages/airflow/example_dags/example_bash_operator.py
[2025-07-18T12:39:20.366-0500] {logging_mixin.py:188} INFO - [2025-07-18T12:39:20.366-0500] {dag.py:3096} INFO - Sync 1 DAGs
[2025-07-18T12:39:20.388-0500] {logging_mixin.py:188} INFO - [2025-07-18T12:39:20.388-0500] {dag.py:3954} INFO - Setting next_dagrun for example_bash_operator to 2025-07-17 00:00:00+00:00, run_after=2025-07-18 00:00:00+00:00
[2025-07-18T12:39:20.408-0500] {processor.py:183} INFO - Processing /home/abhiram/jobtrak-stack/venv/lib/python3.12/site-packages/airflow/example_dags/example_bash_operator.py took 0.077 seconds
[2025-07-18T12:39:50.505-0500] {processor.py:161} INFO - Started process (PID=3667) to work on /home/abhiram/jobtrak-stack/venv/lib/python3.12/site-packages/airflow/example_dags/example_bash_operator.py
[2025-07-18T12:39:50.506-0500] {processor.py:830} INFO - Processing file /home/abhiram/jobtrak-stack/venv/lib/python3.12/site-packages/airflow/example_dags/example_bash_operator.py for tasks to queue
[2025-07-18T12:39:50.509-0500] {logging_mixin.py:188} INFO - [2025-07-18T12:39:50.508-0500] {dagbag.py:545} INFO - Filling up the DagBag from /home/abhiram/jobtrak-stack/venv/lib/python3.12/site-packages/airflow/example_dags/example_bash_operator.py
[2025-07-18T12:39:50.522-0500] {processor.py:840} INFO - DAG(s) 'example_bash_operator' retrieved from /home/abhiram/jobtrak-stack/venv/lib/python3.12/site-packages/airflow/example_dags/example_bash_operator.py
[2025-07-18T12:39:50.553-0500] {logging_mixin.py:188} INFO - [2025-07-18T12:39:50.553-0500] {dag.py:3096} INFO - Sync 1 DAGs
[2025-07-18T12:39:50.573-0500] {logging_mixin.py:188} INFO - [2025-07-18T12:39:50.572-0500] {dag.py:3954} INFO - Setting next_dagrun for example_bash_operator to 2025-07-17 00:00:00+00:00, run_after=2025-07-18 00:00:00+00:00
[2025-07-18T12:39:50.594-0500] {processor.py:183} INFO - Processing /home/abhiram/jobtrak-stack/venv/lib/python3.12/site-packages/airflow/example_dags/example_bash_operator.py took 0.098 seconds
[2025-07-18T12:40:21.563-0500] {processor.py:161} INFO - Started process (PID=3787) to work on /home/abhiram/jobtrak-stack/venv/lib/python3.12/site-packages/airflow/example_dags/example_bash_operator.py
[2025-07-18T12:40:21.582-0500] {processor.py:830} INFO - Processing file /home/abhiram/jobtrak-stack/venv/lib/python3.12/site-packages/airflow/example_dags/example_bash_operator.py for tasks to queue
[2025-07-18T12:40:21.585-0500] {logging_mixin.py:188} INFO - [2025-07-18T12:40:21.585-0500] {dagbag.py:545} INFO - Filling up the DagBag from /home/abhiram/jobtrak-stack/venv/lib/python3.12/site-packages/airflow/example_dags/example_bash_operator.py
[2025-07-18T12:40:21.600-0500] {processor.py:840} INFO - DAG(s) 'example_bash_operator' retrieved from /home/abhiram/jobtrak-stack/venv/lib/python3.12/site-packages/airflow/example_dags/example_bash_operator.py
[2025-07-18T12:40:21.645-0500] {logging_mixin.py:188} INFO - [2025-07-18T12:40:21.645-0500] {dag.py:3096} INFO - Sync 1 DAGs
[2025-07-18T12:40:21.674-0500] {logging_mixin.py:188} INFO - [2025-07-18T12:40:21.674-0500] {dag.py:3954} INFO - Setting next_dagrun for example_bash_operator to 2025-07-17 00:00:00+00:00, run_after=2025-07-18 00:00:00+00:00
[2025-07-18T12:40:21.702-0500] {processor.py:183} INFO - Processing /home/abhiram/jobtrak-stack/venv/lib/python3.12/site-packages/airflow/example_dags/example_bash_operator.py took 0.147 seconds
[2025-07-18T12:40:30.813-0500] {processor.py:161} INFO - Started process (PID=3861) to work on /home/abhiram/jobtrak-stack/venv/lib/python3.12/site-packages/airflow/example_dags/example_bash_operator.py
[2025-07-18T12:40:30.813-0500] {processor.py:830} INFO - Processing file /home/abhiram/jobtrak-stack/venv/lib/python3.12/site-packages/airflow/example_dags/example_bash_operator.py for tasks to queue
[2025-07-18T12:40:30.814-0500] {logging_mixin.py:188} INFO - [2025-07-18T12:40:30.814-0500] {dagbag.py:545} INFO - Filling up the DagBag from /home/abhiram/jobtrak-stack/venv/lib/python3.12/site-packages/airflow/example_dags/example_bash_operator.py
[2025-07-18T12:40:30.824-0500] {processor.py:840} INFO - DAG(s) 'example_bash_operator' retrieved from /home/abhiram/jobtrak-stack/venv/lib/python3.12/site-packages/airflow/example_dags/example_bash_operator.py
[2025-07-18T12:40:30.849-0500] {logging_mixin.py:188} INFO - [2025-07-18T12:40:30.848-0500] {dag.py:3096} INFO - Sync 1 DAGs
[2025-07-18T12:40:30.863-0500] {logging_mixin.py:188} INFO - [2025-07-18T12:40:30.863-0500] {dag.py:3954} INFO - Setting next_dagrun for example_bash_operator to 2025-07-17 00:00:00+00:00, run_after=2025-07-18 00:00:00+00:00
[2025-07-18T12:40:30.877-0500] {processor.py:183} INFO - Processing /home/abhiram/jobtrak-stack/venv/lib/python3.12/site-packages/airflow/example_dags/example_bash_operator.py took 0.068 seconds
[2025-07-18T12:41:01.341-0500] {processor.py:161} INFO - Started process (PID=3984) to work on /home/abhiram/jobtrak-stack/venv/lib/python3.12/site-packages/airflow/example_dags/example_bash_operator.py
[2025-07-18T12:41:01.343-0500] {processor.py:830} INFO - Processing file /home/abhiram/jobtrak-stack/venv/lib/python3.12/site-packages/airflow/example_dags/example_bash_operator.py for tasks to queue
[2025-07-18T12:41:01.344-0500] {logging_mixin.py:188} INFO - [2025-07-18T12:41:01.344-0500] {dagbag.py:545} INFO - Filling up the DagBag from /home/abhiram/jobtrak-stack/venv/lib/python3.12/site-packages/airflow/example_dags/example_bash_operator.py
[2025-07-18T12:41:01.354-0500] {processor.py:840} INFO - DAG(s) 'example_bash_operator' retrieved from /home/abhiram/jobtrak-stack/venv/lib/python3.12/site-packages/airflow/example_dags/example_bash_operator.py
[2025-07-18T12:41:01.388-0500] {logging_mixin.py:188} INFO - [2025-07-18T12:41:01.388-0500] {dag.py:3096} INFO - Sync 1 DAGs
[2025-07-18T12:41:01.429-0500] {logging_mixin.py:188} INFO - [2025-07-18T12:41:01.428-0500] {dag.py:3954} INFO - Setting next_dagrun for example_bash_operator to 2025-07-17 00:00:00+00:00, run_after=2025-07-18 00:00:00+00:00
[2025-07-18T12:41:01.458-0500] {processor.py:183} INFO - Processing /home/abhiram/jobtrak-stack/venv/lib/python3.12/site-packages/airflow/example_dags/example_bash_operator.py took 0.122 seconds
[2025-07-18T12:41:31.715-0500] {processor.py:161} INFO - Started process (PID=4149) to work on /home/abhiram/jobtrak-stack/venv/lib/python3.12/site-packages/airflow/example_dags/example_bash_operator.py
[2025-07-18T12:41:31.716-0500] {processor.py:830} INFO - Processing file /home/abhiram/jobtrak-stack/venv/lib/python3.12/site-packages/airflow/example_dags/example_bash_operator.py for tasks to queue
[2025-07-18T12:41:31.717-0500] {logging_mixin.py:188} INFO - [2025-07-18T12:41:31.717-0500] {dagbag.py:545} INFO - Filling up the DagBag from /home/abhiram/jobtrak-stack/venv/lib/python3.12/site-packages/airflow/example_dags/example_bash_operator.py
[2025-07-18T12:41:31.728-0500] {processor.py:840} INFO - DAG(s) 'example_bash_operator' retrieved from /home/abhiram/jobtrak-stack/venv/lib/python3.12/site-packages/airflow/example_dags/example_bash_operator.py
[2025-07-18T12:41:31.752-0500] {logging_mixin.py:188} INFO - [2025-07-18T12:41:31.752-0500] {dag.py:3096} INFO - Sync 1 DAGs
[2025-07-18T12:41:31.772-0500] {logging_mixin.py:188} INFO - [2025-07-18T12:41:31.772-0500] {dag.py:3954} INFO - Setting next_dagrun for example_bash_operator to 2025-07-17 00:00:00+00:00, run_after=2025-07-18 00:00:00+00:00
[2025-07-18T12:41:31.797-0500] {processor.py:183} INFO - Processing /home/abhiram/jobtrak-stack/venv/lib/python3.12/site-packages/airflow/example_dags/example_bash_operator.py took 0.086 seconds
[2025-07-18T12:42:02.337-0500] {processor.py:161} INFO - Started process (PID=4256) to work on /home/abhiram/jobtrak-stack/venv/lib/python3.12/site-packages/airflow/example_dags/example_bash_operator.py
[2025-07-18T12:42:02.339-0500] {processor.py:830} INFO - Processing file /home/abhiram/jobtrak-stack/venv/lib/python3.12/site-packages/airflow/example_dags/example_bash_operator.py for tasks to queue
[2025-07-18T12:42:02.340-0500] {logging_mixin.py:188} INFO - [2025-07-18T12:42:02.340-0500] {dagbag.py:545} INFO - Filling up the DagBag from /home/abhiram/jobtrak-stack/venv/lib/python3.12/site-packages/airflow/example_dags/example_bash_operator.py
[2025-07-18T12:42:02.348-0500] {processor.py:840} INFO - DAG(s) 'example_bash_operator' retrieved from /home/abhiram/jobtrak-stack/venv/lib/python3.12/site-packages/airflow/example_dags/example_bash_operator.py
[2025-07-18T12:42:02.373-0500] {logging_mixin.py:188} INFO - [2025-07-18T12:42:02.372-0500] {dag.py:3096} INFO - Sync 1 DAGs
[2025-07-18T12:42:02.388-0500] {logging_mixin.py:188} INFO - [2025-07-18T12:42:02.388-0500] {dag.py:3954} INFO - Setting next_dagrun for example_bash_operator to 2025-07-17 00:00:00+00:00, run_after=2025-07-18 00:00:00+00:00
[2025-07-18T12:42:02.405-0500] {processor.py:183} INFO - Processing /home/abhiram/jobtrak-stack/venv/lib/python3.12/site-packages/airflow/example_dags/example_bash_operator.py took 0.072 seconds
[2025-07-18T12:42:33.041-0500] {processor.py:161} INFO - Started process (PID=4365) to work on /home/abhiram/jobtrak-stack/venv/lib/python3.12/site-packages/airflow/example_dags/example_bash_operator.py
[2025-07-18T12:42:33.044-0500] {processor.py:830} INFO - Processing file /home/abhiram/jobtrak-stack/venv/lib/python3.12/site-packages/airflow/example_dags/example_bash_operator.py for tasks to queue
[2025-07-18T12:42:33.045-0500] {logging_mixin.py:188} INFO - [2025-07-18T12:42:33.045-0500] {dagbag.py:545} INFO - Filling up the DagBag from /home/abhiram/jobtrak-stack/venv/lib/python3.12/site-packages/airflow/example_dags/example_bash_operator.py
[2025-07-18T12:42:33.053-0500] {processor.py:840} INFO - DAG(s) 'example_bash_operator' retrieved from /home/abhiram/jobtrak-stack/venv/lib/python3.12/site-packages/airflow/example_dags/example_bash_operator.py
[2025-07-18T12:42:33.082-0500] {logging_mixin.py:188} INFO - [2025-07-18T12:42:33.082-0500] {dag.py:3096} INFO - Sync 1 DAGs
[2025-07-18T12:42:33.101-0500] {logging_mixin.py:188} INFO - [2025-07-18T12:42:33.101-0500] {dag.py:3954} INFO - Setting next_dagrun for example_bash_operator to 2025-07-17 00:00:00+00:00, run_after=2025-07-18 00:00:00+00:00
[2025-07-18T12:42:33.124-0500] {processor.py:183} INFO - Processing /home/abhiram/jobtrak-stack/venv/lib/python3.12/site-packages/airflow/example_dags/example_bash_operator.py took 0.088 seconds
[2025-07-18T12:43:03.321-0500] {processor.py:161} INFO - Started process (PID=4474) to work on /home/abhiram/jobtrak-stack/venv/lib/python3.12/site-packages/airflow/example_dags/example_bash_operator.py
[2025-07-18T12:43:03.322-0500] {processor.py:830} INFO - Processing file /home/abhiram/jobtrak-stack/venv/lib/python3.12/site-packages/airflow/example_dags/example_bash_operator.py for tasks to queue
[2025-07-18T12:43:03.323-0500] {logging_mixin.py:188} INFO - [2025-07-18T12:43:03.323-0500] {dagbag.py:545} INFO - Filling up the DagBag from /home/abhiram/jobtrak-stack/venv/lib/python3.12/site-packages/airflow/example_dags/example_bash_operator.py
[2025-07-18T12:43:03.330-0500] {processor.py:840} INFO - DAG(s) 'example_bash_operator' retrieved from /home/abhiram/jobtrak-stack/venv/lib/python3.12/site-packages/airflow/example_dags/example_bash_operator.py
[2025-07-18T12:43:03.350-0500] {logging_mixin.py:188} INFO - [2025-07-18T12:43:03.350-0500] {dag.py:3096} INFO - Sync 1 DAGs
[2025-07-18T12:43:03.364-0500] {logging_mixin.py:188} INFO - [2025-07-18T12:43:03.363-0500] {dag.py:3954} INFO - Setting next_dagrun for example_bash_operator to 2025-07-17 00:00:00+00:00, run_after=2025-07-18 00:00:00+00:00
[2025-07-18T12:43:03.377-0500] {processor.py:183} INFO - Processing /home/abhiram/jobtrak-stack/venv/lib/python3.12/site-packages/airflow/example_dags/example_bash_operator.py took 0.060 seconds
[2025-07-18T12:43:33.746-0500] {processor.py:161} INFO - Started process (PID=4582) to work on /home/abhiram/jobtrak-stack/venv/lib/python3.12/site-packages/airflow/example_dags/example_bash_operator.py
[2025-07-18T12:43:33.777-0500] {processor.py:830} INFO - Processing file /home/abhiram/jobtrak-stack/venv/lib/python3.12/site-packages/airflow/example_dags/example_bash_operator.py for tasks to queue
[2025-07-18T12:43:33.779-0500] {logging_mixin.py:188} INFO - [2025-07-18T12:43:33.778-0500] {dagbag.py:545} INFO - Filling up the DagBag from /home/abhiram/jobtrak-stack/venv/lib/python3.12/site-packages/airflow/example_dags/example_bash_operator.py
[2025-07-18T12:43:33.797-0500] {processor.py:840} INFO - DAG(s) 'example_bash_operator' retrieved from /home/abhiram/jobtrak-stack/venv/lib/python3.12/site-packages/airflow/example_dags/example_bash_operator.py
[2025-07-18T12:43:33.831-0500] {logging_mixin.py:188} INFO - [2025-07-18T12:43:33.830-0500] {dag.py:3096} INFO - Sync 1 DAGs
[2025-07-18T12:43:33.859-0500] {logging_mixin.py:188} INFO - [2025-07-18T12:43:33.858-0500] {dag.py:3954} INFO - Setting next_dagrun for example_bash_operator to 2025-07-17 00:00:00+00:00, run_after=2025-07-18 00:00:00+00:00
[2025-07-18T12:43:33.881-0500] {processor.py:183} INFO - Processing /home/abhiram/jobtrak-stack/venv/lib/python3.12/site-packages/airflow/example_dags/example_bash_operator.py took 0.152 seconds
[2025-07-18T12:44:04.303-0500] {processor.py:161} INFO - Started process (PID=4692) to work on /home/abhiram/jobtrak-stack/venv/lib/python3.12/site-packages/airflow/example_dags/example_bash_operator.py
[2025-07-18T12:44:04.305-0500] {processor.py:830} INFO - Processing file /home/abhiram/jobtrak-stack/venv/lib/python3.12/site-packages/airflow/example_dags/example_bash_operator.py for tasks to queue
[2025-07-18T12:44:04.307-0500] {logging_mixin.py:188} INFO - [2025-07-18T12:44:04.306-0500] {dagbag.py:545} INFO - Filling up the DagBag from /home/abhiram/jobtrak-stack/venv/lib/python3.12/site-packages/airflow/example_dags/example_bash_operator.py
[2025-07-18T12:44:04.316-0500] {processor.py:840} INFO - DAG(s) 'example_bash_operator' retrieved from /home/abhiram/jobtrak-stack/venv/lib/python3.12/site-packages/airflow/example_dags/example_bash_operator.py
[2025-07-18T12:44:04.370-0500] {logging_mixin.py:188} INFO - [2025-07-18T12:44:04.370-0500] {dag.py:3096} INFO - Sync 1 DAGs
[2025-07-18T12:44:04.429-0500] {logging_mixin.py:188} INFO - [2025-07-18T12:44:04.428-0500] {dag.py:3954} INFO - Setting next_dagrun for example_bash_operator to 2025-07-17 00:00:00+00:00, run_after=2025-07-18 00:00:00+00:00
[2025-07-18T12:44:04.510-0500] {processor.py:183} INFO - Processing /home/abhiram/jobtrak-stack/venv/lib/python3.12/site-packages/airflow/example_dags/example_bash_operator.py took 0.212 seconds
[2025-07-18T12:44:35.274-0500] {processor.py:161} INFO - Started process (PID=4801) to work on /home/abhiram/jobtrak-stack/venv/lib/python3.12/site-packages/airflow/example_dags/example_bash_operator.py
[2025-07-18T12:44:35.277-0500] {processor.py:830} INFO - Processing file /home/abhiram/jobtrak-stack/venv/lib/python3.12/site-packages/airflow/example_dags/example_bash_operator.py for tasks to queue
[2025-07-18T12:44:35.279-0500] {logging_mixin.py:188} INFO - [2025-07-18T12:44:35.278-0500] {dagbag.py:545} INFO - Filling up the DagBag from /home/abhiram/jobtrak-stack/venv/lib/python3.12/site-packages/airflow/example_dags/example_bash_operator.py
[2025-07-18T12:44:35.287-0500] {processor.py:840} INFO - DAG(s) 'example_bash_operator' retrieved from /home/abhiram/jobtrak-stack/venv/lib/python3.12/site-packages/airflow/example_dags/example_bash_operator.py
[2025-07-18T12:44:35.319-0500] {logging_mixin.py:188} INFO - [2025-07-18T12:44:35.318-0500] {dag.py:3096} INFO - Sync 1 DAGs
[2025-07-18T12:44:35.341-0500] {logging_mixin.py:188} INFO - [2025-07-18T12:44:35.341-0500] {dag.py:3954} INFO - Setting next_dagrun for example_bash_operator to 2025-07-17 00:00:00+00:00, run_after=2025-07-18 00:00:00+00:00
[2025-07-18T12:44:35.363-0500] {processor.py:183} INFO - Processing /home/abhiram/jobtrak-stack/venv/lib/python3.12/site-packages/airflow/example_dags/example_bash_operator.py took 0.094 seconds
[2025-07-18T12:45:05.663-0500] {processor.py:161} INFO - Started process (PID=4911) to work on /home/abhiram/jobtrak-stack/venv/lib/python3.12/site-packages/airflow/example_dags/example_bash_operator.py
[2025-07-18T12:45:05.667-0500] {processor.py:830} INFO - Processing file /home/abhiram/jobtrak-stack/venv/lib/python3.12/site-packages/airflow/example_dags/example_bash_operator.py for tasks to queue
[2025-07-18T12:45:05.669-0500] {logging_mixin.py:188} INFO - [2025-07-18T12:45:05.669-0500] {dagbag.py:545} INFO - Filling up the DagBag from /home/abhiram/jobtrak-stack/venv/lib/python3.12/site-packages/airflow/example_dags/example_bash_operator.py
[2025-07-18T12:45:05.678-0500] {processor.py:840} INFO - DAG(s) 'example_bash_operator' retrieved from /home/abhiram/jobtrak-stack/venv/lib/python3.12/site-packages/airflow/example_dags/example_bash_operator.py
[2025-07-18T12:45:05.710-0500] {logging_mixin.py:188} INFO - [2025-07-18T12:45:05.710-0500] {dag.py:3096} INFO - Sync 1 DAGs
[2025-07-18T12:45:05.724-0500] {logging_mixin.py:188} INFO - [2025-07-18T12:45:05.724-0500] {dag.py:3954} INFO - Setting next_dagrun for example_bash_operator to 2025-07-17 00:00:00+00:00, run_after=2025-07-18 00:00:00+00:00
[2025-07-18T12:45:05.746-0500] {processor.py:183} INFO - Processing /home/abhiram/jobtrak-stack/venv/lib/python3.12/site-packages/airflow/example_dags/example_bash_operator.py took 0.089 seconds
[2025-07-18T12:45:36.227-0500] {processor.py:161} INFO - Started process (PID=5019) to work on /home/abhiram/jobtrak-stack/venv/lib/python3.12/site-packages/airflow/example_dags/example_bash_operator.py
[2025-07-18T12:45:36.229-0500] {processor.py:830} INFO - Processing file /home/abhiram/jobtrak-stack/venv/lib/python3.12/site-packages/airflow/example_dags/example_bash_operator.py for tasks to queue
[2025-07-18T12:45:36.230-0500] {logging_mixin.py:188} INFO - [2025-07-18T12:45:36.230-0500] {dagbag.py:545} INFO - Filling up the DagBag from /home/abhiram/jobtrak-stack/venv/lib/python3.12/site-packages/airflow/example_dags/example_bash_operator.py
[2025-07-18T12:45:36.240-0500] {processor.py:840} INFO - DAG(s) 'example_bash_operator' retrieved from /home/abhiram/jobtrak-stack/venv/lib/python3.12/site-packages/airflow/example_dags/example_bash_operator.py
[2025-07-18T12:45:36.273-0500] {logging_mixin.py:188} INFO - [2025-07-18T12:45:36.272-0500] {dag.py:3096} INFO - Sync 1 DAGs
[2025-07-18T12:45:36.292-0500] {logging_mixin.py:188} INFO - [2025-07-18T12:45:36.292-0500] {dag.py:3954} INFO - Setting next_dagrun for example_bash_operator to 2025-07-17 00:00:00+00:00, run_after=2025-07-18 00:00:00+00:00
[2025-07-18T12:45:36.315-0500] {processor.py:183} INFO - Processing /home/abhiram/jobtrak-stack/venv/lib/python3.12/site-packages/airflow/example_dags/example_bash_operator.py took 0.093 seconds
[2025-07-18T12:46:06.974-0500] {processor.py:161} INFO - Started process (PID=5127) to work on /home/abhiram/jobtrak-stack/venv/lib/python3.12/site-packages/airflow/example_dags/example_bash_operator.py
[2025-07-18T12:46:06.976-0500] {processor.py:830} INFO - Processing file /home/abhiram/jobtrak-stack/venv/lib/python3.12/site-packages/airflow/example_dags/example_bash_operator.py for tasks to queue
[2025-07-18T12:46:06.978-0500] {logging_mixin.py:188} INFO - [2025-07-18T12:46:06.977-0500] {dagbag.py:545} INFO - Filling up the DagBag from /home/abhiram/jobtrak-stack/venv/lib/python3.12/site-packages/airflow/example_dags/example_bash_operator.py
[2025-07-18T12:46:06.986-0500] {processor.py:840} INFO - DAG(s) 'example_bash_operator' retrieved from /home/abhiram/jobtrak-stack/venv/lib/python3.12/site-packages/airflow/example_dags/example_bash_operator.py
[2025-07-18T12:46:07.016-0500] {logging_mixin.py:188} INFO - [2025-07-18T12:46:07.016-0500] {dag.py:3096} INFO - Sync 1 DAGs
[2025-07-18T12:46:07.036-0500] {logging_mixin.py:188} INFO - [2025-07-18T12:46:07.035-0500] {dag.py:3954} INFO - Setting next_dagrun for example_bash_operator to 2025-07-17 00:00:00+00:00, run_after=2025-07-18 00:00:00+00:00
[2025-07-18T12:46:07.059-0500] {processor.py:183} INFO - Processing /home/abhiram/jobtrak-stack/venv/lib/python3.12/site-packages/airflow/example_dags/example_bash_operator.py took 0.090 seconds
[2025-07-18T12:46:37.572-0500] {processor.py:161} INFO - Started process (PID=5235) to work on /home/abhiram/jobtrak-stack/venv/lib/python3.12/site-packages/airflow/example_dags/example_bash_operator.py
[2025-07-18T12:46:37.574-0500] {processor.py:830} INFO - Processing file /home/abhiram/jobtrak-stack/venv/lib/python3.12/site-packages/airflow/example_dags/example_bash_operator.py for tasks to queue
[2025-07-18T12:46:37.576-0500] {logging_mixin.py:188} INFO - [2025-07-18T12:46:37.575-0500] {dagbag.py:545} INFO - Filling up the DagBag from /home/abhiram/jobtrak-stack/venv/lib/python3.12/site-packages/airflow/example_dags/example_bash_operator.py
[2025-07-18T12:46:37.585-0500] {processor.py:840} INFO - DAG(s) 'example_bash_operator' retrieved from /home/abhiram/jobtrak-stack/venv/lib/python3.12/site-packages/airflow/example_dags/example_bash_operator.py
[2025-07-18T12:46:37.616-0500] {logging_mixin.py:188} INFO - [2025-07-18T12:46:37.615-0500] {dag.py:3096} INFO - Sync 1 DAGs
[2025-07-18T12:46:37.637-0500] {logging_mixin.py:188} INFO - [2025-07-18T12:46:37.637-0500] {dag.py:3954} INFO - Setting next_dagrun for example_bash_operator to 2025-07-17 00:00:00+00:00, run_after=2025-07-18 00:00:00+00:00
[2025-07-18T12:46:37.662-0500] {processor.py:183} INFO - Processing /home/abhiram/jobtrak-stack/venv/lib/python3.12/site-packages/airflow/example_dags/example_bash_operator.py took 0.095 seconds
[2025-07-18T12:47:08.401-0500] {processor.py:161} INFO - Started process (PID=5345) to work on /home/abhiram/jobtrak-stack/venv/lib/python3.12/site-packages/airflow/example_dags/example_bash_operator.py
[2025-07-18T12:47:08.403-0500] {processor.py:830} INFO - Processing file /home/abhiram/jobtrak-stack/venv/lib/python3.12/site-packages/airflow/example_dags/example_bash_operator.py for tasks to queue
[2025-07-18T12:47:08.404-0500] {logging_mixin.py:188} INFO - [2025-07-18T12:47:08.404-0500] {dagbag.py:545} INFO - Filling up the DagBag from /home/abhiram/jobtrak-stack/venv/lib/python3.12/site-packages/airflow/example_dags/example_bash_operator.py
[2025-07-18T12:47:08.413-0500] {processor.py:840} INFO - DAG(s) 'example_bash_operator' retrieved from /home/abhiram/jobtrak-stack/venv/lib/python3.12/site-packages/airflow/example_dags/example_bash_operator.py
[2025-07-18T12:47:08.445-0500] {logging_mixin.py:188} INFO - [2025-07-18T12:47:08.445-0500] {dag.py:3096} INFO - Sync 1 DAGs
[2025-07-18T12:47:08.466-0500] {logging_mixin.py:188} INFO - [2025-07-18T12:47:08.466-0500] {dag.py:3954} INFO - Setting next_dagrun for example_bash_operator to 2025-07-17 00:00:00+00:00, run_after=2025-07-18 00:00:00+00:00
[2025-07-18T12:47:08.491-0500] {processor.py:183} INFO - Processing /home/abhiram/jobtrak-stack/venv/lib/python3.12/site-packages/airflow/example_dags/example_bash_operator.py took 0.096 seconds
[2025-07-18T12:47:39.097-0500] {processor.py:161} INFO - Started process (PID=5452) to work on /home/abhiram/jobtrak-stack/venv/lib/python3.12/site-packages/airflow/example_dags/example_bash_operator.py
[2025-07-18T12:47:39.099-0500] {processor.py:830} INFO - Processing file /home/abhiram/jobtrak-stack/venv/lib/python3.12/site-packages/airflow/example_dags/example_bash_operator.py for tasks to queue
[2025-07-18T12:47:39.101-0500] {logging_mixin.py:188} INFO - [2025-07-18T12:47:39.100-0500] {dagbag.py:545} INFO - Filling up the DagBag from /home/abhiram/jobtrak-stack/venv/lib/python3.12/site-packages/airflow/example_dags/example_bash_operator.py
[2025-07-18T12:47:39.111-0500] {processor.py:840} INFO - DAG(s) 'example_bash_operator' retrieved from /home/abhiram/jobtrak-stack/venv/lib/python3.12/site-packages/airflow/example_dags/example_bash_operator.py
[2025-07-18T12:47:39.143-0500] {logging_mixin.py:188} INFO - [2025-07-18T12:47:39.143-0500] {dag.py:3096} INFO - Sync 1 DAGs
[2025-07-18T12:47:39.165-0500] {logging_mixin.py:188} INFO - [2025-07-18T12:47:39.165-0500] {dag.py:3954} INFO - Setting next_dagrun for example_bash_operator to 2025-07-17 00:00:00+00:00, run_after=2025-07-18 00:00:00+00:00
[2025-07-18T12:47:39.187-0500] {processor.py:183} INFO - Processing /home/abhiram/jobtrak-stack/venv/lib/python3.12/site-packages/airflow/example_dags/example_bash_operator.py took 0.095 seconds
[2025-07-18T12:48:09.536-0500] {processor.py:161} INFO - Started process (PID=5623) to work on /home/abhiram/jobtrak-stack/venv/lib/python3.12/site-packages/airflow/example_dags/example_bash_operator.py
[2025-07-18T12:48:09.538-0500] {processor.py:830} INFO - Processing file /home/abhiram/jobtrak-stack/venv/lib/python3.12/site-packages/airflow/example_dags/example_bash_operator.py for tasks to queue
[2025-07-18T12:48:09.541-0500] {logging_mixin.py:188} INFO - [2025-07-18T12:48:09.541-0500] {dagbag.py:545} INFO - Filling up the DagBag from /home/abhiram/jobtrak-stack/venv/lib/python3.12/site-packages/airflow/example_dags/example_bash_operator.py
[2025-07-18T12:48:09.564-0500] {processor.py:840} INFO - DAG(s) 'example_bash_operator' retrieved from /home/abhiram/jobtrak-stack/venv/lib/python3.12/site-packages/airflow/example_dags/example_bash_operator.py
[2025-07-18T12:48:09.588-0500] {logging_mixin.py:188} INFO - [2025-07-18T12:48:09.588-0500] {dag.py:3096} INFO - Sync 1 DAGs
[2025-07-18T12:48:09.605-0500] {logging_mixin.py:188} INFO - [2025-07-18T12:48:09.605-0500] {dag.py:3954} INFO - Setting next_dagrun for example_bash_operator to 2025-07-17 00:00:00+00:00, run_after=2025-07-18 00:00:00+00:00
[2025-07-18T12:48:09.619-0500] {processor.py:183} INFO - Processing /home/abhiram/jobtrak-stack/venv/lib/python3.12/site-packages/airflow/example_dags/example_bash_operator.py took 0.088 seconds
[2025-07-18T12:48:40.289-0500] {processor.py:161} INFO - Started process (PID=5742) to work on /home/abhiram/jobtrak-stack/venv/lib/python3.12/site-packages/airflow/example_dags/example_bash_operator.py
[2025-07-18T12:48:40.291-0500] {processor.py:830} INFO - Processing file /home/abhiram/jobtrak-stack/venv/lib/python3.12/site-packages/airflow/example_dags/example_bash_operator.py for tasks to queue
[2025-07-18T12:48:40.293-0500] {logging_mixin.py:188} INFO - [2025-07-18T12:48:40.292-0500] {dagbag.py:545} INFO - Filling up the DagBag from /home/abhiram/jobtrak-stack/venv/lib/python3.12/site-packages/airflow/example_dags/example_bash_operator.py
[2025-07-18T12:48:40.303-0500] {processor.py:840} INFO - DAG(s) 'example_bash_operator' retrieved from /home/abhiram/jobtrak-stack/venv/lib/python3.12/site-packages/airflow/example_dags/example_bash_operator.py
[2025-07-18T12:48:40.334-0500] {logging_mixin.py:188} INFO - [2025-07-18T12:48:40.334-0500] {dag.py:3096} INFO - Sync 1 DAGs
[2025-07-18T12:48:40.353-0500] {logging_mixin.py:188} INFO - [2025-07-18T12:48:40.353-0500] {dag.py:3954} INFO - Setting next_dagrun for example_bash_operator to 2025-07-17 00:00:00+00:00, run_after=2025-07-18 00:00:00+00:00
[2025-07-18T12:48:40.377-0500] {processor.py:183} INFO - Processing /home/abhiram/jobtrak-stack/venv/lib/python3.12/site-packages/airflow/example_dags/example_bash_operator.py took 0.093 seconds
[2025-07-18T12:49:10.900-0500] {processor.py:161} INFO - Started process (PID=5850) to work on /home/abhiram/jobtrak-stack/venv/lib/python3.12/site-packages/airflow/example_dags/example_bash_operator.py
[2025-07-18T12:49:10.902-0500] {processor.py:830} INFO - Processing file /home/abhiram/jobtrak-stack/venv/lib/python3.12/site-packages/airflow/example_dags/example_bash_operator.py for tasks to queue
[2025-07-18T12:49:10.903-0500] {logging_mixin.py:188} INFO - [2025-07-18T12:49:10.903-0500] {dagbag.py:545} INFO - Filling up the DagBag from /home/abhiram/jobtrak-stack/venv/lib/python3.12/site-packages/airflow/example_dags/example_bash_operator.py
[2025-07-18T12:49:10.912-0500] {processor.py:840} INFO - DAG(s) 'example_bash_operator' retrieved from /home/abhiram/jobtrak-stack/venv/lib/python3.12/site-packages/airflow/example_dags/example_bash_operator.py
[2025-07-18T12:49:10.943-0500] {logging_mixin.py:188} INFO - [2025-07-18T12:49:10.943-0500] {dag.py:3096} INFO - Sync 1 DAGs
[2025-07-18T12:49:10.962-0500] {logging_mixin.py:188} INFO - [2025-07-18T12:49:10.962-0500] {dag.py:3954} INFO - Setting next_dagrun for example_bash_operator to 2025-07-17 00:00:00+00:00, run_after=2025-07-18 00:00:00+00:00
[2025-07-18T12:49:10.985-0500] {processor.py:183} INFO - Processing /home/abhiram/jobtrak-stack/venv/lib/python3.12/site-packages/airflow/example_dags/example_bash_operator.py took 0.090 seconds
