[2025-07-18T11:49:18.664-0500] {processor.py:161} INFO - Started process (PID=829) to work on /home/abhiram/jobtrak-stack/venv/lib/python3.12/site-packages/airflow/example_dags/example_python_decorator.py
[2025-07-18T11:49:18.665-0500] {processor.py:830} INFO - Processing file /home/abhiram/jobtrak-stack/venv/lib/python3.12/site-packages/airflow/example_dags/example_python_decorator.py for tasks to queue
[2025-07-18T11:49:18.666-0500] {logging_mixin.py:188} INFO - [2025-07-18T11:49:18.665-0500] {dagbag.py:545} INFO - Filling up the DagBag from /home/abhiram/jobtrak-stack/venv/lib/python3.12/site-packages/airflow/example_dags/example_python_decorator.py
[2025-07-18T11:49:18.723-0500] {logging_mixin.py:188} INFO - [2025-07-18T11:49:18.722-0500] {example_python_decorator.py:80} WARNING - The virtalenv_python example task requires virtualenv, please install it.
[2025-07-18T11:49:18.723-0500] {processor.py:840} INFO - DAG(s) 'example_python_decorator' retrieved from /home/abhiram/jobtrak-stack/venv/lib/python3.12/site-packages/airflow/example_dags/example_python_decorator.py
[2025-07-18T11:49:18.735-0500] {logging_mixin.py:188} INFO - [2025-07-18T11:49:18.735-0500] {dag.py:3096} INFO - Sync 1 DAGs
[2025-07-18T11:49:18.744-0500] {logging_mixin.py:188} INFO - [2025-07-18T11:49:18.743-0500] {dag.py:3954} INFO - Setting next_dagrun for example_python_decorator to None, run_after=None
[2025-07-18T11:49:18.760-0500] {processor.py:183} INFO - Processing /home/abhiram/jobtrak-stack/venv/lib/python3.12/site-packages/airflow/example_dags/example_python_decorator.py took 0.100 seconds
[2025-07-18T11:49:50.229-0500] {processor.py:161} INFO - Started process (PID=955) to work on /home/abhiram/jobtrak-stack/venv/lib/python3.12/site-packages/airflow/example_dags/example_python_decorator.py
[2025-07-18T11:49:50.230-0500] {processor.py:830} INFO - Processing file /home/abhiram/jobtrak-stack/venv/lib/python3.12/site-packages/airflow/example_dags/example_python_decorator.py for tasks to queue
[2025-07-18T11:49:50.231-0500] {logging_mixin.py:188} INFO - [2025-07-18T11:49:50.231-0500] {dagbag.py:545} INFO - Filling up the DagBag from /home/abhiram/jobtrak-stack/venv/lib/python3.12/site-packages/airflow/example_dags/example_python_decorator.py
[2025-07-18T11:49:50.281-0500] {logging_mixin.py:188} INFO - [2025-07-18T11:49:50.281-0500] {example_python_decorator.py:80} WARNING - The virtalenv_python example task requires virtualenv, please install it.
[2025-07-18T11:49:50.281-0500] {processor.py:840} INFO - DAG(s) 'example_python_decorator' retrieved from /home/abhiram/jobtrak-stack/venv/lib/python3.12/site-packages/airflow/example_dags/example_python_decorator.py
[2025-07-18T11:49:50.345-0500] {logging_mixin.py:188} INFO - [2025-07-18T11:49:50.344-0500] {dag.py:3096} INFO - Sync 1 DAGs
[2025-07-18T11:49:50.351-0500] {logging_mixin.py:188} INFO - [2025-07-18T11:49:50.351-0500] {dag.py:3954} INFO - Setting next_dagrun for example_python_decorator to None, run_after=None
[2025-07-18T11:49:50.370-0500] {processor.py:183} INFO - Processing /home/abhiram/jobtrak-stack/venv/lib/python3.12/site-packages/airflow/example_dags/example_python_decorator.py took 0.145 seconds
[2025-07-18T11:50:20.888-0500] {processor.py:161} INFO - Started process (PID=1077) to work on /home/abhiram/jobtrak-stack/venv/lib/python3.12/site-packages/airflow/example_dags/example_python_decorator.py
[2025-07-18T11:50:20.891-0500] {processor.py:830} INFO - Processing file /home/abhiram/jobtrak-stack/venv/lib/python3.12/site-packages/airflow/example_dags/example_python_decorator.py for tasks to queue
[2025-07-18T11:50:20.892-0500] {logging_mixin.py:188} INFO - [2025-07-18T11:50:20.892-0500] {dagbag.py:545} INFO - Filling up the DagBag from /home/abhiram/jobtrak-stack/venv/lib/python3.12/site-packages/airflow/example_dags/example_python_decorator.py
[2025-07-18T11:50:20.959-0500] {logging_mixin.py:188} INFO - [2025-07-18T11:50:20.959-0500] {example_python_decorator.py:80} WARNING - The virtalenv_python example task requires virtualenv, please install it.
[2025-07-18T11:50:20.959-0500] {processor.py:840} INFO - DAG(s) 'example_python_decorator' retrieved from /home/abhiram/jobtrak-stack/venv/lib/python3.12/site-packages/airflow/example_dags/example_python_decorator.py
[2025-07-18T11:50:20.977-0500] {logging_mixin.py:188} INFO - [2025-07-18T11:50:20.977-0500] {dag.py:3096} INFO - Sync 1 DAGs
[2025-07-18T11:50:20.986-0500] {logging_mixin.py:188} INFO - [2025-07-18T11:50:20.985-0500] {dag.py:3954} INFO - Setting next_dagrun for example_python_decorator to None, run_after=None
[2025-07-18T11:50:21.005-0500] {processor.py:183} INFO - Processing /home/abhiram/jobtrak-stack/venv/lib/python3.12/site-packages/airflow/example_dags/example_python_decorator.py took 0.126 seconds
[2025-07-18T11:50:51.038-0500] {processor.py:161} INFO - Started process (PID=1187) to work on /home/abhiram/jobtrak-stack/venv/lib/python3.12/site-packages/airflow/example_dags/example_python_decorator.py
[2025-07-18T11:50:51.039-0500] {processor.py:830} INFO - Processing file /home/abhiram/jobtrak-stack/venv/lib/python3.12/site-packages/airflow/example_dags/example_python_decorator.py for tasks to queue
[2025-07-18T11:50:51.040-0500] {logging_mixin.py:188} INFO - [2025-07-18T11:50:51.040-0500] {dagbag.py:545} INFO - Filling up the DagBag from /home/abhiram/jobtrak-stack/venv/lib/python3.12/site-packages/airflow/example_dags/example_python_decorator.py
[2025-07-18T11:50:51.093-0500] {logging_mixin.py:188} INFO - [2025-07-18T11:50:51.092-0500] {example_python_decorator.py:80} WARNING - The virtalenv_python example task requires virtualenv, please install it.
[2025-07-18T11:50:51.093-0500] {processor.py:840} INFO - DAG(s) 'example_python_decorator' retrieved from /home/abhiram/jobtrak-stack/venv/lib/python3.12/site-packages/airflow/example_dags/example_python_decorator.py
[2025-07-18T11:50:51.109-0500] {logging_mixin.py:188} INFO - [2025-07-18T11:50:51.109-0500] {dag.py:3096} INFO - Sync 1 DAGs
[2025-07-18T11:50:51.118-0500] {logging_mixin.py:188} INFO - [2025-07-18T11:50:51.118-0500] {dag.py:3954} INFO - Setting next_dagrun for example_python_decorator to None, run_after=None
[2025-07-18T11:50:51.131-0500] {processor.py:183} INFO - Processing /home/abhiram/jobtrak-stack/venv/lib/python3.12/site-packages/airflow/example_dags/example_python_decorator.py took 0.096 seconds
[2025-07-18T11:51:21.197-0500] {processor.py:161} INFO - Started process (PID=1295) to work on /home/abhiram/jobtrak-stack/venv/lib/python3.12/site-packages/airflow/example_dags/example_python_decorator.py
[2025-07-18T11:51:21.198-0500] {processor.py:830} INFO - Processing file /home/abhiram/jobtrak-stack/venv/lib/python3.12/site-packages/airflow/example_dags/example_python_decorator.py for tasks to queue
[2025-07-18T11:51:21.199-0500] {logging_mixin.py:188} INFO - [2025-07-18T11:51:21.199-0500] {dagbag.py:545} INFO - Filling up the DagBag from /home/abhiram/jobtrak-stack/venv/lib/python3.12/site-packages/airflow/example_dags/example_python_decorator.py
[2025-07-18T11:51:21.299-0500] {logging_mixin.py:188} INFO - [2025-07-18T11:51:21.299-0500] {example_python_decorator.py:80} WARNING - The virtalenv_python example task requires virtualenv, please install it.
[2025-07-18T11:51:21.300-0500] {processor.py:840} INFO - DAG(s) 'example_python_decorator' retrieved from /home/abhiram/jobtrak-stack/venv/lib/python3.12/site-packages/airflow/example_dags/example_python_decorator.py
[2025-07-18T11:51:21.318-0500] {logging_mixin.py:188} INFO - [2025-07-18T11:51:21.318-0500] {dag.py:3096} INFO - Sync 1 DAGs
[2025-07-18T11:51:21.326-0500] {logging_mixin.py:188} INFO - [2025-07-18T11:51:21.326-0500] {dag.py:3954} INFO - Setting next_dagrun for example_python_decorator to None, run_after=None
[2025-07-18T11:51:21.342-0500] {processor.py:183} INFO - Processing /home/abhiram/jobtrak-stack/venv/lib/python3.12/site-packages/airflow/example_dags/example_python_decorator.py took 0.149 seconds
[2025-07-18T11:51:51.579-0500] {processor.py:161} INFO - Started process (PID=1400) to work on /home/abhiram/jobtrak-stack/venv/lib/python3.12/site-packages/airflow/example_dags/example_python_decorator.py
[2025-07-18T11:51:51.580-0500] {processor.py:830} INFO - Processing file /home/abhiram/jobtrak-stack/venv/lib/python3.12/site-packages/airflow/example_dags/example_python_decorator.py for tasks to queue
[2025-07-18T11:51:51.581-0500] {logging_mixin.py:188} INFO - [2025-07-18T11:51:51.580-0500] {dagbag.py:545} INFO - Filling up the DagBag from /home/abhiram/jobtrak-stack/venv/lib/python3.12/site-packages/airflow/example_dags/example_python_decorator.py
[2025-07-18T11:51:51.641-0500] {logging_mixin.py:188} INFO - [2025-07-18T11:51:51.641-0500] {example_python_decorator.py:80} WARNING - The virtalenv_python example task requires virtualenv, please install it.
[2025-07-18T11:51:51.641-0500] {processor.py:840} INFO - DAG(s) 'example_python_decorator' retrieved from /home/abhiram/jobtrak-stack/venv/lib/python3.12/site-packages/airflow/example_dags/example_python_decorator.py
[2025-07-18T11:51:51.659-0500] {logging_mixin.py:188} INFO - [2025-07-18T11:51:51.658-0500] {dag.py:3096} INFO - Sync 1 DAGs
[2025-07-18T11:51:51.668-0500] {logging_mixin.py:188} INFO - [2025-07-18T11:51:51.668-0500] {dag.py:3954} INFO - Setting next_dagrun for example_python_decorator to None, run_after=None
[2025-07-18T11:51:51.684-0500] {processor.py:183} INFO - Processing /home/abhiram/jobtrak-stack/venv/lib/python3.12/site-packages/airflow/example_dags/example_python_decorator.py took 0.109 seconds
