[2025-07-18T11:49:19.339-0500] {processor.py:161} INFO - Started process (PID=865) to work on /home/abhiram/jobtrak-stack/venv/lib/python3.12/site-packages/airflow/example_dags/example_branch_operator_decorator.py
[2025-07-18T11:49:19.339-0500] {processor.py:830} INFO - Processing file /home/abhiram/jobtrak-stack/venv/lib/python3.12/site-packages/airflow/example_dags/example_branch_operator_decorator.py for tasks to queue
[2025-07-18T11:49:19.340-0500] {logging_mixin.py:188} INFO - [2025-07-18T11:49:19.340-0500] {dagbag.py:545} INFO - Filling up the DagBag from /home/abhiram/jobtrak-stack/venv/lib/python3.12/site-packages/airflow/example_dags/example_branch_operator_decorator.py
[2025-07-18T11:49:19.382-0500] {processor.py:842} WARNING - No viable dags retrieved from /home/abhiram/jobtrak-stack/venv/lib/python3.12/site-packages/airflow/example_dags/example_branch_operator_decorator.py
[2025-07-18T11:49:19.394-0500] {processor.py:183} INFO - Processing /home/abhiram/jobtrak-stack/venv/lib/python3.12/site-packages/airflow/example_dags/example_branch_operator_decorator.py took 0.059 seconds
[2025-07-18T11:49:51.315-0500] {processor.py:161} INFO - Started process (PID=990) to work on /home/abhiram/jobtrak-stack/venv/lib/python3.12/site-packages/airflow/example_dags/example_branch_operator_decorator.py
[2025-07-18T11:49:51.315-0500] {processor.py:830} INFO - Processing file /home/abhiram/jobtrak-stack/venv/lib/python3.12/site-packages/airflow/example_dags/example_branch_operator_decorator.py for tasks to queue
[2025-07-18T11:49:51.316-0500] {logging_mixin.py:188} INFO - [2025-07-18T11:49:51.316-0500] {dagbag.py:545} INFO - Filling up the DagBag from /home/abhiram/jobtrak-stack/venv/lib/python3.12/site-packages/airflow/example_dags/example_branch_operator_decorator.py
[2025-07-18T11:49:51.364-0500] {processor.py:842} WARNING - No viable dags retrieved from /home/abhiram/jobtrak-stack/venv/lib/python3.12/site-packages/airflow/example_dags/example_branch_operator_decorator.py
[2025-07-18T11:49:51.375-0500] {processor.py:183} INFO - Processing /home/abhiram/jobtrak-stack/venv/lib/python3.12/site-packages/airflow/example_dags/example_branch_operator_decorator.py took 0.064 seconds
[2025-07-18T11:50:21.541-0500] {processor.py:161} INFO - Started process (PID=1112) to work on /home/abhiram/jobtrak-stack/venv/lib/python3.12/site-packages/airflow/example_dags/example_branch_operator_decorator.py
[2025-07-18T11:50:21.542-0500] {processor.py:830} INFO - Processing file /home/abhiram/jobtrak-stack/venv/lib/python3.12/site-packages/airflow/example_dags/example_branch_operator_decorator.py for tasks to queue
[2025-07-18T11:50:21.543-0500] {logging_mixin.py:188} INFO - [2025-07-18T11:50:21.543-0500] {dagbag.py:545} INFO - Filling up the DagBag from /home/abhiram/jobtrak-stack/venv/lib/python3.12/site-packages/airflow/example_dags/example_branch_operator_decorator.py
[2025-07-18T11:50:21.599-0500] {processor.py:842} WARNING - No viable dags retrieved from /home/abhiram/jobtrak-stack/venv/lib/python3.12/site-packages/airflow/example_dags/example_branch_operator_decorator.py
[2025-07-18T11:50:21.612-0500] {processor.py:183} INFO - Processing /home/abhiram/jobtrak-stack/venv/lib/python3.12/site-packages/airflow/example_dags/example_branch_operator_decorator.py took 0.074 seconds
[2025-07-18T11:50:51.773-0500] {processor.py:161} INFO - Started process (PID=1223) to work on /home/abhiram/jobtrak-stack/venv/lib/python3.12/site-packages/airflow/example_dags/example_branch_operator_decorator.py
[2025-07-18T11:50:51.774-0500] {processor.py:830} INFO - Processing file /home/abhiram/jobtrak-stack/venv/lib/python3.12/site-packages/airflow/example_dags/example_branch_operator_decorator.py for tasks to queue
[2025-07-18T11:50:51.776-0500] {logging_mixin.py:188} INFO - [2025-07-18T11:50:51.776-0500] {dagbag.py:545} INFO - Filling up the DagBag from /home/abhiram/jobtrak-stack/venv/lib/python3.12/site-packages/airflow/example_dags/example_branch_operator_decorator.py
[2025-07-18T11:50:51.837-0500] {processor.py:842} WARNING - No viable dags retrieved from /home/abhiram/jobtrak-stack/venv/lib/python3.12/site-packages/airflow/example_dags/example_branch_operator_decorator.py
[2025-07-18T11:50:51.849-0500] {processor.py:183} INFO - Processing /home/abhiram/jobtrak-stack/venv/lib/python3.12/site-packages/airflow/example_dags/example_branch_operator_decorator.py took 0.080 seconds
[2025-07-18T11:51:21.882-0500] {processor.py:161} INFO - Started process (PID=1330) to work on /home/abhiram/jobtrak-stack/venv/lib/python3.12/site-packages/airflow/example_dags/example_branch_operator_decorator.py
[2025-07-18T11:51:21.883-0500] {processor.py:830} INFO - Processing file /home/abhiram/jobtrak-stack/venv/lib/python3.12/site-packages/airflow/example_dags/example_branch_operator_decorator.py for tasks to queue
[2025-07-18T11:51:21.884-0500] {logging_mixin.py:188} INFO - [2025-07-18T11:51:21.884-0500] {dagbag.py:545} INFO - Filling up the DagBag from /home/abhiram/jobtrak-stack/venv/lib/python3.12/site-packages/airflow/example_dags/example_branch_operator_decorator.py
[2025-07-18T11:51:22.013-0500] {processor.py:842} WARNING - No viable dags retrieved from /home/abhiram/jobtrak-stack/venv/lib/python3.12/site-packages/airflow/example_dags/example_branch_operator_decorator.py
[2025-07-18T11:51:22.026-0500] {processor.py:183} INFO - Processing /home/abhiram/jobtrak-stack/venv/lib/python3.12/site-packages/airflow/example_dags/example_branch_operator_decorator.py took 0.148 seconds
[2025-07-18T11:51:52.225-0500] {processor.py:161} INFO - Started process (PID=1436) to work on /home/abhiram/jobtrak-stack/venv/lib/python3.12/site-packages/airflow/example_dags/example_branch_operator_decorator.py
[2025-07-18T11:51:52.225-0500] {processor.py:830} INFO - Processing file /home/abhiram/jobtrak-stack/venv/lib/python3.12/site-packages/airflow/example_dags/example_branch_operator_decorator.py for tasks to queue
[2025-07-18T11:51:52.226-0500] {logging_mixin.py:188} INFO - [2025-07-18T11:51:52.226-0500] {dagbag.py:545} INFO - Filling up the DagBag from /home/abhiram/jobtrak-stack/venv/lib/python3.12/site-packages/airflow/example_dags/example_branch_operator_decorator.py
[2025-07-18T11:51:52.281-0500] {processor.py:842} WARNING - No viable dags retrieved from /home/abhiram/jobtrak-stack/venv/lib/python3.12/site-packages/airflow/example_dags/example_branch_operator_decorator.py
[2025-07-18T11:51:52.294-0500] {processor.py:183} INFO - Processing /home/abhiram/jobtrak-stack/venv/lib/python3.12/site-packages/airflow/example_dags/example_branch_operator_decorator.py took 0.073 seconds
