[2025-07-18T11:49:19.584-0500] {processor.py:161} INFO - Started process (PID=881) to work on /home/abhiram/jobtrak-stack/venv/lib/python3.12/site-packages/airflow/example_dags/example_branch_datetime_operator.py
[2025-07-18T11:49:19.585-0500] {processor.py:830} INFO - Processing file /home/abhiram/jobtrak-stack/venv/lib/python3.12/site-packages/airflow/example_dags/example_branch_datetime_operator.py for tasks to queue
[2025-07-18T11:49:19.585-0500] {logging_mixin.py:188} INFO - [2025-07-18T11:49:19.585-0500] {dagbag.py:545} INFO - Filling up the DagBag from /home/abhiram/jobtrak-stack/venv/lib/python3.12/site-packages/airflow/example_dags/example_branch_datetime_operator.py
[2025-07-18T11:49:19.592-0500] {processor.py:840} INFO - DAG(s) 'example_branch_datetime_operator_3', 'example_branch_datetime_operator_2', 'example_branch_datetime_operator' retrieved from /home/abhiram/jobtrak-stack/venv/lib/python3.12/site-packages/airflow/example_dags/example_branch_datetime_operator.py
[2025-07-18T11:49:19.606-0500] {logging_mixin.py:188} INFO - [2025-07-18T11:49:19.606-0500] {dag.py:3096} INFO - Sync 3 DAGs
[2025-07-18T11:49:20.517-0500] {logging_mixin.py:188} INFO - [2025-07-18T11:49:20.517-0500] {dag.py:3954} INFO - Setting next_dagrun for example_branch_datetime_operator to 2025-07-17 00:00:00+00:00, run_after=2025-07-18 00:00:00+00:00
[2025-07-18T11:49:20.520-0500] {logging_mixin.py:188} INFO - [2025-07-18T11:49:20.520-0500] {dag.py:3954} INFO - Setting next_dagrun for example_branch_datetime_operator_2 to 2025-07-17 00:00:00+00:00, run_after=2025-07-18 00:00:00+00:00
[2025-07-18T11:49:20.522-0500] {logging_mixin.py:188} INFO - [2025-07-18T11:49:20.522-0500] {dag.py:3954} INFO - Setting next_dagrun for example_branch_datetime_operator_3 to 2025-07-17 00:00:00+00:00, run_after=2025-07-18 00:00:00+00:00
[2025-07-18T11:49:20.537-0500] {processor.py:183} INFO - Processing /home/abhiram/jobtrak-stack/venv/lib/python3.12/site-packages/airflow/example_dags/example_branch_datetime_operator.py took 0.064 seconds
[2025-07-18T11:49:51.778-0500] {processor.py:161} INFO - Started process (PID=1007) to work on /home/abhiram/jobtrak-stack/venv/lib/python3.12/site-packages/airflow/example_dags/example_branch_datetime_operator.py
[2025-07-18T11:49:51.778-0500] {processor.py:830} INFO - Processing file /home/abhiram/jobtrak-stack/venv/lib/python3.12/site-packages/airflow/example_dags/example_branch_datetime_operator.py for tasks to queue
[2025-07-18T11:49:51.779-0500] {logging_mixin.py:188} INFO - [2025-07-18T11:49:51.779-0500] {dagbag.py:545} INFO - Filling up the DagBag from /home/abhiram/jobtrak-stack/venv/lib/python3.12/site-packages/airflow/example_dags/example_branch_datetime_operator.py
[2025-07-18T11:49:51.785-0500] {processor.py:840} INFO - DAG(s) 'example_branch_datetime_operator', 'example_branch_datetime_operator_2', 'example_branch_datetime_operator_3' retrieved from /home/abhiram/jobtrak-stack/venv/lib/python3.12/site-packages/airflow/example_dags/example_branch_datetime_operator.py
[2025-07-18T11:49:51.866-0500] {logging_mixin.py:188} INFO - [2025-07-18T11:49:51.865-0500] {dag.py:3096} INFO - Sync 3 DAGs
[2025-07-18T11:49:51.880-0500] {logging_mixin.py:188} INFO - [2025-07-18T11:49:51.879-0500] {dag.py:3954} INFO - Setting next_dagrun for example_branch_datetime_operator to 2025-07-17 00:00:00+00:00, run_after=2025-07-18 00:00:00+00:00
[2025-07-18T11:49:51.882-0500] {logging_mixin.py:188} INFO - [2025-07-18T11:49:51.882-0500] {dag.py:3954} INFO - Setting next_dagrun for example_branch_datetime_operator_2 to 2025-07-17 00:00:00+00:00, run_after=2025-07-18 00:00:00+00:00
[2025-07-18T11:49:51.884-0500] {logging_mixin.py:188} INFO - [2025-07-18T11:49:51.884-0500] {dag.py:3954} INFO - Setting next_dagrun for example_branch_datetime_operator_3 to 2025-07-17 00:00:00+00:00, run_after=2025-07-18 00:00:00+00:00
[2025-07-18T11:49:51.899-0500] {processor.py:183} INFO - Processing /home/abhiram/jobtrak-stack/venv/lib/python3.12/site-packages/airflow/example_dags/example_branch_datetime_operator.py took 0.125 seconds
[2025-07-18T11:50:21.991-0500] {processor.py:161} INFO - Started process (PID=1133) to work on /home/abhiram/jobtrak-stack/venv/lib/python3.12/site-packages/airflow/example_dags/example_branch_datetime_operator.py
[2025-07-18T11:50:21.992-0500] {processor.py:830} INFO - Processing file /home/abhiram/jobtrak-stack/venv/lib/python3.12/site-packages/airflow/example_dags/example_branch_datetime_operator.py for tasks to queue
[2025-07-18T11:50:21.992-0500] {logging_mixin.py:188} INFO - [2025-07-18T11:50:21.992-0500] {dagbag.py:545} INFO - Filling up the DagBag from /home/abhiram/jobtrak-stack/venv/lib/python3.12/site-packages/airflow/example_dags/example_branch_datetime_operator.py
[2025-07-18T11:50:21.998-0500] {processor.py:840} INFO - DAG(s) 'example_branch_datetime_operator_2', 'example_branch_datetime_operator_3', 'example_branch_datetime_operator' retrieved from /home/abhiram/jobtrak-stack/venv/lib/python3.12/site-packages/airflow/example_dags/example_branch_datetime_operator.py
[2025-07-18T11:50:22.024-0500] {logging_mixin.py:188} INFO - [2025-07-18T11:50:22.024-0500] {dag.py:3096} INFO - Sync 3 DAGs
[2025-07-18T11:50:22.040-0500] {logging_mixin.py:188} INFO - [2025-07-18T11:50:22.040-0500] {dag.py:3954} INFO - Setting next_dagrun for example_branch_datetime_operator to 2025-07-17 00:00:00+00:00, run_after=2025-07-18 00:00:00+00:00
[2025-07-18T11:50:22.044-0500] {logging_mixin.py:188} INFO - [2025-07-18T11:50:22.044-0500] {dag.py:3954} INFO - Setting next_dagrun for example_branch_datetime_operator_2 to 2025-07-17 00:00:00+00:00, run_after=2025-07-18 00:00:00+00:00
[2025-07-18T11:50:22.048-0500] {logging_mixin.py:188} INFO - [2025-07-18T11:50:22.048-0500] {dag.py:3954} INFO - Setting next_dagrun for example_branch_datetime_operator_3 to 2025-07-17 00:00:00+00:00, run_after=2025-07-18 00:00:00+00:00
[2025-07-18T11:50:22.063-0500] {processor.py:183} INFO - Processing /home/abhiram/jobtrak-stack/venv/lib/python3.12/site-packages/airflow/example_dags/example_branch_datetime_operator.py took 0.077 seconds
[2025-07-18T11:50:52.130-0500] {processor.py:161} INFO - Started process (PID=1239) to work on /home/abhiram/jobtrak-stack/venv/lib/python3.12/site-packages/airflow/example_dags/example_branch_datetime_operator.py
[2025-07-18T11:50:52.130-0500] {processor.py:830} INFO - Processing file /home/abhiram/jobtrak-stack/venv/lib/python3.12/site-packages/airflow/example_dags/example_branch_datetime_operator.py for tasks to queue
[2025-07-18T11:50:52.131-0500] {logging_mixin.py:188} INFO - [2025-07-18T11:50:52.131-0500] {dagbag.py:545} INFO - Filling up the DagBag from /home/abhiram/jobtrak-stack/venv/lib/python3.12/site-packages/airflow/example_dags/example_branch_datetime_operator.py
[2025-07-18T11:50:52.138-0500] {processor.py:840} INFO - DAG(s) 'example_branch_datetime_operator_3', 'example_branch_datetime_operator_2', 'example_branch_datetime_operator' retrieved from /home/abhiram/jobtrak-stack/venv/lib/python3.12/site-packages/airflow/example_dags/example_branch_datetime_operator.py
[2025-07-18T11:50:52.159-0500] {logging_mixin.py:188} INFO - [2025-07-18T11:50:52.159-0500] {dag.py:3096} INFO - Sync 3 DAGs
[2025-07-18T11:50:52.177-0500] {logging_mixin.py:188} INFO - [2025-07-18T11:50:52.177-0500] {dag.py:3954} INFO - Setting next_dagrun for example_branch_datetime_operator to 2025-07-17 00:00:00+00:00, run_after=2025-07-18 00:00:00+00:00
[2025-07-18T11:50:52.181-0500] {logging_mixin.py:188} INFO - [2025-07-18T11:50:52.181-0500] {dag.py:3954} INFO - Setting next_dagrun for example_branch_datetime_operator_2 to 2025-07-17 00:00:00+00:00, run_after=2025-07-18 00:00:00+00:00
[2025-07-18T11:50:52.182-0500] {logging_mixin.py:188} INFO - [2025-07-18T11:50:52.182-0500] {dag.py:3954} INFO - Setting next_dagrun for example_branch_datetime_operator_3 to 2025-07-17 00:00:00+00:00, run_after=2025-07-18 00:00:00+00:00
[2025-07-18T11:50:52.199-0500] {processor.py:183} INFO - Processing /home/abhiram/jobtrak-stack/venv/lib/python3.12/site-packages/airflow/example_dags/example_branch_datetime_operator.py took 0.073 seconds
[2025-07-18T11:51:22.220-0500] {processor.py:161} INFO - Started process (PID=1349) to work on /home/abhiram/jobtrak-stack/venv/lib/python3.12/site-packages/airflow/example_dags/example_branch_datetime_operator.py
[2025-07-18T11:51:22.221-0500] {processor.py:830} INFO - Processing file /home/abhiram/jobtrak-stack/venv/lib/python3.12/site-packages/airflow/example_dags/example_branch_datetime_operator.py for tasks to queue
[2025-07-18T11:51:22.222-0500] {logging_mixin.py:188} INFO - [2025-07-18T11:51:22.222-0500] {dagbag.py:545} INFO - Filling up the DagBag from /home/abhiram/jobtrak-stack/venv/lib/python3.12/site-packages/airflow/example_dags/example_branch_datetime_operator.py
[2025-07-18T11:51:22.228-0500] {processor.py:840} INFO - DAG(s) 'example_branch_datetime_operator', 'example_branch_datetime_operator_3', 'example_branch_datetime_operator_2' retrieved from /home/abhiram/jobtrak-stack/venv/lib/python3.12/site-packages/airflow/example_dags/example_branch_datetime_operator.py
[2025-07-18T11:51:22.248-0500] {logging_mixin.py:188} INFO - [2025-07-18T11:51:22.248-0500] {dag.py:3096} INFO - Sync 3 DAGs
[2025-07-18T11:51:22.263-0500] {logging_mixin.py:188} INFO - [2025-07-18T11:51:22.263-0500] {dag.py:3954} INFO - Setting next_dagrun for example_branch_datetime_operator to 2025-07-17 00:00:00+00:00, run_after=2025-07-18 00:00:00+00:00
[2025-07-18T11:51:22.266-0500] {logging_mixin.py:188} INFO - [2025-07-18T11:51:22.266-0500] {dag.py:3954} INFO - Setting next_dagrun for example_branch_datetime_operator_2 to 2025-07-17 00:00:00+00:00, run_after=2025-07-18 00:00:00+00:00
[2025-07-18T11:51:22.267-0500] {logging_mixin.py:188} INFO - [2025-07-18T11:51:22.267-0500] {dag.py:3954} INFO - Setting next_dagrun for example_branch_datetime_operator_3 to 2025-07-17 00:00:00+00:00, run_after=2025-07-18 00:00:00+00:00
[2025-07-18T11:51:22.279-0500] {processor.py:183} INFO - Processing /home/abhiram/jobtrak-stack/venv/lib/python3.12/site-packages/airflow/example_dags/example_branch_datetime_operator.py took 0.062 seconds
[2025-07-18T11:51:52.505-0500] {processor.py:161} INFO - Started process (PID=1451) to work on /home/abhiram/jobtrak-stack/venv/lib/python3.12/site-packages/airflow/example_dags/example_branch_datetime_operator.py
[2025-07-18T11:51:52.506-0500] {processor.py:830} INFO - Processing file /home/abhiram/jobtrak-stack/venv/lib/python3.12/site-packages/airflow/example_dags/example_branch_datetime_operator.py for tasks to queue
[2025-07-18T11:51:52.507-0500] {logging_mixin.py:188} INFO - [2025-07-18T11:51:52.506-0500] {dagbag.py:545} INFO - Filling up the DagBag from /home/abhiram/jobtrak-stack/venv/lib/python3.12/site-packages/airflow/example_dags/example_branch_datetime_operator.py
[2025-07-18T11:51:52.513-0500] {processor.py:840} INFO - DAG(s) 'example_branch_datetime_operator', 'example_branch_datetime_operator_3', 'example_branch_datetime_operator_2' retrieved from /home/abhiram/jobtrak-stack/venv/lib/python3.12/site-packages/airflow/example_dags/example_branch_datetime_operator.py
[2025-07-18T11:51:52.536-0500] {logging_mixin.py:188} INFO - [2025-07-18T11:51:52.536-0500] {dag.py:3096} INFO - Sync 3 DAGs
[2025-07-18T11:51:52.551-0500] {logging_mixin.py:188} INFO - [2025-07-18T11:51:52.550-0500] {dag.py:3954} INFO - Setting next_dagrun for example_branch_datetime_operator to 2025-07-17 00:00:00+00:00, run_after=2025-07-18 00:00:00+00:00
[2025-07-18T11:51:52.555-0500] {logging_mixin.py:188} INFO - [2025-07-18T11:51:52.555-0500] {dag.py:3954} INFO - Setting next_dagrun for example_branch_datetime_operator_2 to 2025-07-17 00:00:00+00:00, run_after=2025-07-18 00:00:00+00:00
[2025-07-18T11:51:52.556-0500] {logging_mixin.py:188} INFO - [2025-07-18T11:51:52.556-0500] {dag.py:3954} INFO - Setting next_dagrun for example_branch_datetime_operator_3 to 2025-07-17 00:00:00+00:00, run_after=2025-07-18 00:00:00+00:00
[2025-07-18T11:51:52.569-0500] {processor.py:183} INFO - Processing /home/abhiram/jobtrak-stack/venv/lib/python3.12/site-packages/airflow/example_dags/example_branch_datetime_operator.py took 0.068 seconds
[2025-07-18T12:32:17.077-0500] {processor.py:161} INFO - Started process (PID=1993) to work on /home/abhiram/jobtrak-stack/venv/lib/python3.12/site-packages/airflow/example_dags/example_branch_datetime_operator.py
[2025-07-18T12:32:17.077-0500] {processor.py:830} INFO - Processing file /home/abhiram/jobtrak-stack/venv/lib/python3.12/site-packages/airflow/example_dags/example_branch_datetime_operator.py for tasks to queue
[2025-07-18T12:32:17.079-0500] {logging_mixin.py:188} INFO - [2025-07-18T12:32:17.078-0500] {dagbag.py:545} INFO - Filling up the DagBag from /home/abhiram/jobtrak-stack/venv/lib/python3.12/site-packages/airflow/example_dags/example_branch_datetime_operator.py
[2025-07-18T12:32:17.088-0500] {processor.py:840} INFO - DAG(s) 'example_branch_datetime_operator_3', 'example_branch_datetime_operator_2', 'example_branch_datetime_operator' retrieved from /home/abhiram/jobtrak-stack/venv/lib/python3.12/site-packages/airflow/example_dags/example_branch_datetime_operator.py
[2025-07-18T12:32:17.112-0500] {logging_mixin.py:188} INFO - [2025-07-18T12:32:17.111-0500] {dag.py:3096} INFO - Sync 3 DAGs
[2025-07-18T12:32:17.128-0500] {logging_mixin.py:188} INFO - [2025-07-18T12:32:17.127-0500] {dag.py:3954} INFO - Setting next_dagrun for example_branch_datetime_operator to 2025-07-17 00:00:00+00:00, run_after=2025-07-18 00:00:00+00:00
[2025-07-18T12:32:17.132-0500] {logging_mixin.py:188} INFO - [2025-07-18T12:32:17.131-0500] {dag.py:3954} INFO - Setting next_dagrun for example_branch_datetime_operator_2 to 2025-07-17 00:00:00+00:00, run_after=2025-07-18 00:00:00+00:00
[2025-07-18T12:32:17.133-0500] {logging_mixin.py:188} INFO - [2025-07-18T12:32:17.133-0500] {dag.py:3954} INFO - Setting next_dagrun for example_branch_datetime_operator_3 to 2025-07-17 00:00:00+00:00, run_after=2025-07-18 00:00:00+00:00
[2025-07-18T12:32:17.145-0500] {processor.py:183} INFO - Processing /home/abhiram/jobtrak-stack/venv/lib/python3.12/site-packages/airflow/example_dags/example_branch_datetime_operator.py took 0.072 seconds
[2025-07-18T12:32:47.288-0500] {processor.py:161} INFO - Started process (PID=2121) to work on /home/abhiram/jobtrak-stack/venv/lib/python3.12/site-packages/airflow/example_dags/example_branch_datetime_operator.py
[2025-07-18T12:32:47.288-0500] {processor.py:830} INFO - Processing file /home/abhiram/jobtrak-stack/venv/lib/python3.12/site-packages/airflow/example_dags/example_branch_datetime_operator.py for tasks to queue
[2025-07-18T12:32:47.289-0500] {logging_mixin.py:188} INFO - [2025-07-18T12:32:47.289-0500] {dagbag.py:545} INFO - Filling up the DagBag from /home/abhiram/jobtrak-stack/venv/lib/python3.12/site-packages/airflow/example_dags/example_branch_datetime_operator.py
[2025-07-18T12:32:47.294-0500] {processor.py:840} INFO - DAG(s) 'example_branch_datetime_operator_2', 'example_branch_datetime_operator_3', 'example_branch_datetime_operator' retrieved from /home/abhiram/jobtrak-stack/venv/lib/python3.12/site-packages/airflow/example_dags/example_branch_datetime_operator.py
[2025-07-18T12:32:47.314-0500] {logging_mixin.py:188} INFO - [2025-07-18T12:32:47.314-0500] {dag.py:3096} INFO - Sync 3 DAGs
[2025-07-18T12:32:47.328-0500] {logging_mixin.py:188} INFO - [2025-07-18T12:32:47.328-0500] {dag.py:3954} INFO - Setting next_dagrun for example_branch_datetime_operator to 2025-07-17 00:00:00+00:00, run_after=2025-07-18 00:00:00+00:00
[2025-07-18T12:32:47.331-0500] {logging_mixin.py:188} INFO - [2025-07-18T12:32:47.330-0500] {dag.py:3954} INFO - Setting next_dagrun for example_branch_datetime_operator_2 to 2025-07-17 00:00:00+00:00, run_after=2025-07-18 00:00:00+00:00
[2025-07-18T12:32:47.332-0500] {logging_mixin.py:188} INFO - [2025-07-18T12:32:47.332-0500] {dag.py:3954} INFO - Setting next_dagrun for example_branch_datetime_operator_3 to 2025-07-17 00:00:00+00:00, run_after=2025-07-18 00:00:00+00:00
[2025-07-18T12:32:47.345-0500] {processor.py:183} INFO - Processing /home/abhiram/jobtrak-stack/venv/lib/python3.12/site-packages/airflow/example_dags/example_branch_datetime_operator.py took 0.061 seconds
[2025-07-18T12:33:17.556-0500] {processor.py:161} INFO - Started process (PID=2241) to work on /home/abhiram/jobtrak-stack/venv/lib/python3.12/site-packages/airflow/example_dags/example_branch_datetime_operator.py
[2025-07-18T12:33:17.557-0500] {processor.py:830} INFO - Processing file /home/abhiram/jobtrak-stack/venv/lib/python3.12/site-packages/airflow/example_dags/example_branch_datetime_operator.py for tasks to queue
[2025-07-18T12:33:17.558-0500] {logging_mixin.py:188} INFO - [2025-07-18T12:33:17.558-0500] {dagbag.py:545} INFO - Filling up the DagBag from /home/abhiram/jobtrak-stack/venv/lib/python3.12/site-packages/airflow/example_dags/example_branch_datetime_operator.py
[2025-07-18T12:33:17.564-0500] {processor.py:840} INFO - DAG(s) 'example_branch_datetime_operator', 'example_branch_datetime_operator_2', 'example_branch_datetime_operator_3' retrieved from /home/abhiram/jobtrak-stack/venv/lib/python3.12/site-packages/airflow/example_dags/example_branch_datetime_operator.py
[2025-07-18T12:33:17.587-0500] {logging_mixin.py:188} INFO - [2025-07-18T12:33:17.587-0500] {dag.py:3096} INFO - Sync 3 DAGs
[2025-07-18T12:33:17.602-0500] {logging_mixin.py:188} INFO - [2025-07-18T12:33:17.602-0500] {dag.py:3954} INFO - Setting next_dagrun for example_branch_datetime_operator to 2025-07-17 00:00:00+00:00, run_after=2025-07-18 00:00:00+00:00
[2025-07-18T12:33:17.605-0500] {logging_mixin.py:188} INFO - [2025-07-18T12:33:17.605-0500] {dag.py:3954} INFO - Setting next_dagrun for example_branch_datetime_operator_2 to 2025-07-17 00:00:00+00:00, run_after=2025-07-18 00:00:00+00:00
[2025-07-18T12:33:17.607-0500] {logging_mixin.py:188} INFO - [2025-07-18T12:33:17.607-0500] {dag.py:3954} INFO - Setting next_dagrun for example_branch_datetime_operator_3 to 2025-07-17 00:00:00+00:00, run_after=2025-07-18 00:00:00+00:00
[2025-07-18T12:33:17.620-0500] {processor.py:183} INFO - Processing /home/abhiram/jobtrak-stack/venv/lib/python3.12/site-packages/airflow/example_dags/example_branch_datetime_operator.py took 0.067 seconds
[2025-07-18T12:33:47.845-0500] {processor.py:161} INFO - Started process (PID=2354) to work on /home/abhiram/jobtrak-stack/venv/lib/python3.12/site-packages/airflow/example_dags/example_branch_datetime_operator.py
[2025-07-18T12:33:47.845-0500] {processor.py:830} INFO - Processing file /home/abhiram/jobtrak-stack/venv/lib/python3.12/site-packages/airflow/example_dags/example_branch_datetime_operator.py for tasks to queue
[2025-07-18T12:33:47.846-0500] {logging_mixin.py:188} INFO - [2025-07-18T12:33:47.846-0500] {dagbag.py:545} INFO - Filling up the DagBag from /home/abhiram/jobtrak-stack/venv/lib/python3.12/site-packages/airflow/example_dags/example_branch_datetime_operator.py
[2025-07-18T12:33:47.852-0500] {processor.py:840} INFO - DAG(s) 'example_branch_datetime_operator_3', 'example_branch_datetime_operator', 'example_branch_datetime_operator_2' retrieved from /home/abhiram/jobtrak-stack/venv/lib/python3.12/site-packages/airflow/example_dags/example_branch_datetime_operator.py
[2025-07-18T12:33:47.873-0500] {logging_mixin.py:188} INFO - [2025-07-18T12:33:47.873-0500] {dag.py:3096} INFO - Sync 3 DAGs
[2025-07-18T12:33:47.889-0500] {logging_mixin.py:188} INFO - [2025-07-18T12:33:47.889-0500] {dag.py:3954} INFO - Setting next_dagrun for example_branch_datetime_operator to 2025-07-17 00:00:00+00:00, run_after=2025-07-18 00:00:00+00:00
[2025-07-18T12:33:47.892-0500] {logging_mixin.py:188} INFO - [2025-07-18T12:33:47.892-0500] {dag.py:3954} INFO - Setting next_dagrun for example_branch_datetime_operator_2 to 2025-07-17 00:00:00+00:00, run_after=2025-07-18 00:00:00+00:00
[2025-07-18T12:33:47.893-0500] {logging_mixin.py:188} INFO - [2025-07-18T12:33:47.893-0500] {dag.py:3954} INFO - Setting next_dagrun for example_branch_datetime_operator_3 to 2025-07-17 00:00:00+00:00, run_after=2025-07-18 00:00:00+00:00
[2025-07-18T12:33:47.913-0500] {processor.py:183} INFO - Processing /home/abhiram/jobtrak-stack/venv/lib/python3.12/site-packages/airflow/example_dags/example_branch_datetime_operator.py took 0.072 seconds
[2025-07-18T12:34:18.499-0500] {processor.py:161} INFO - Started process (PID=2461) to work on /home/abhiram/jobtrak-stack/venv/lib/python3.12/site-packages/airflow/example_dags/example_branch_datetime_operator.py
[2025-07-18T12:34:18.501-0500] {processor.py:830} INFO - Processing file /home/abhiram/jobtrak-stack/venv/lib/python3.12/site-packages/airflow/example_dags/example_branch_datetime_operator.py for tasks to queue
[2025-07-18T12:34:18.503-0500] {logging_mixin.py:188} INFO - [2025-07-18T12:34:18.503-0500] {dagbag.py:545} INFO - Filling up the DagBag from /home/abhiram/jobtrak-stack/venv/lib/python3.12/site-packages/airflow/example_dags/example_branch_datetime_operator.py
[2025-07-18T12:34:18.513-0500] {processor.py:840} INFO - DAG(s) 'example_branch_datetime_operator_2', 'example_branch_datetime_operator_3', 'example_branch_datetime_operator' retrieved from /home/abhiram/jobtrak-stack/venv/lib/python3.12/site-packages/airflow/example_dags/example_branch_datetime_operator.py
[2025-07-18T12:34:18.538-0500] {logging_mixin.py:188} INFO - [2025-07-18T12:34:18.538-0500] {dag.py:3096} INFO - Sync 3 DAGs
[2025-07-18T12:34:18.557-0500] {logging_mixin.py:188} INFO - [2025-07-18T12:34:18.557-0500] {dag.py:3954} INFO - Setting next_dagrun for example_branch_datetime_operator to 2025-07-17 00:00:00+00:00, run_after=2025-07-18 00:00:00+00:00
[2025-07-18T12:34:18.560-0500] {logging_mixin.py:188} INFO - [2025-07-18T12:34:18.560-0500] {dag.py:3954} INFO - Setting next_dagrun for example_branch_datetime_operator_2 to 2025-07-17 00:00:00+00:00, run_after=2025-07-18 00:00:00+00:00
[2025-07-18T12:34:18.564-0500] {logging_mixin.py:188} INFO - [2025-07-18T12:34:18.564-0500] {dag.py:3954} INFO - Setting next_dagrun for example_branch_datetime_operator_3 to 2025-07-17 00:00:00+00:00, run_after=2025-07-18 00:00:00+00:00
[2025-07-18T12:34:18.578-0500] {processor.py:183} INFO - Processing /home/abhiram/jobtrak-stack/venv/lib/python3.12/site-packages/airflow/example_dags/example_branch_datetime_operator.py took 0.083 seconds
[2025-07-18T12:34:48.865-0500] {processor.py:161} INFO - Started process (PID=2569) to work on /home/abhiram/jobtrak-stack/venv/lib/python3.12/site-packages/airflow/example_dags/example_branch_datetime_operator.py
[2025-07-18T12:34:48.866-0500] {processor.py:830} INFO - Processing file /home/abhiram/jobtrak-stack/venv/lib/python3.12/site-packages/airflow/example_dags/example_branch_datetime_operator.py for tasks to queue
[2025-07-18T12:34:48.867-0500] {logging_mixin.py:188} INFO - [2025-07-18T12:34:48.867-0500] {dagbag.py:545} INFO - Filling up the DagBag from /home/abhiram/jobtrak-stack/venv/lib/python3.12/site-packages/airflow/example_dags/example_branch_datetime_operator.py
[2025-07-18T12:34:48.875-0500] {processor.py:840} INFO - DAG(s) 'example_branch_datetime_operator_3', 'example_branch_datetime_operator_2', 'example_branch_datetime_operator' retrieved from /home/abhiram/jobtrak-stack/venv/lib/python3.12/site-packages/airflow/example_dags/example_branch_datetime_operator.py
[2025-07-18T12:34:48.899-0500] {logging_mixin.py:188} INFO - [2025-07-18T12:34:48.898-0500] {dag.py:3096} INFO - Sync 3 DAGs
[2025-07-18T12:34:48.915-0500] {logging_mixin.py:188} INFO - [2025-07-18T12:34:48.915-0500] {dag.py:3954} INFO - Setting next_dagrun for example_branch_datetime_operator to 2025-07-17 00:00:00+00:00, run_after=2025-07-18 00:00:00+00:00
[2025-07-18T12:34:48.919-0500] {logging_mixin.py:188} INFO - [2025-07-18T12:34:48.919-0500] {dag.py:3954} INFO - Setting next_dagrun for example_branch_datetime_operator_2 to 2025-07-17 00:00:00+00:00, run_after=2025-07-18 00:00:00+00:00
[2025-07-18T12:34:48.921-0500] {logging_mixin.py:188} INFO - [2025-07-18T12:34:48.921-0500] {dag.py:3954} INFO - Setting next_dagrun for example_branch_datetime_operator_3 to 2025-07-17 00:00:00+00:00, run_after=2025-07-18 00:00:00+00:00
[2025-07-18T12:34:48.935-0500] {processor.py:183} INFO - Processing /home/abhiram/jobtrak-stack/venv/lib/python3.12/site-packages/airflow/example_dags/example_branch_datetime_operator.py took 0.074 seconds
[2025-07-18T12:35:19.996-0500] {processor.py:161} INFO - Started process (PID=2679) to work on /home/abhiram/jobtrak-stack/venv/lib/python3.12/site-packages/airflow/example_dags/example_branch_datetime_operator.py
[2025-07-18T12:35:19.997-0500] {processor.py:830} INFO - Processing file /home/abhiram/jobtrak-stack/venv/lib/python3.12/site-packages/airflow/example_dags/example_branch_datetime_operator.py for tasks to queue
[2025-07-18T12:35:19.998-0500] {logging_mixin.py:188} INFO - [2025-07-18T12:35:19.998-0500] {dagbag.py:545} INFO - Filling up the DagBag from /home/abhiram/jobtrak-stack/venv/lib/python3.12/site-packages/airflow/example_dags/example_branch_datetime_operator.py
[2025-07-18T12:35:20.005-0500] {processor.py:840} INFO - DAG(s) 'example_branch_datetime_operator_2', 'example_branch_datetime_operator', 'example_branch_datetime_operator_3' retrieved from /home/abhiram/jobtrak-stack/venv/lib/python3.12/site-packages/airflow/example_dags/example_branch_datetime_operator.py
[2025-07-18T12:35:20.035-0500] {logging_mixin.py:188} INFO - [2025-07-18T12:35:20.035-0500] {dag.py:3096} INFO - Sync 3 DAGs
[2025-07-18T12:35:20.058-0500] {logging_mixin.py:188} INFO - [2025-07-18T12:35:20.057-0500] {dag.py:3954} INFO - Setting next_dagrun for example_branch_datetime_operator to 2025-07-17 00:00:00+00:00, run_after=2025-07-18 00:00:00+00:00
[2025-07-18T12:35:20.062-0500] {logging_mixin.py:188} INFO - [2025-07-18T12:35:20.061-0500] {dag.py:3954} INFO - Setting next_dagrun for example_branch_datetime_operator_2 to 2025-07-17 00:00:00+00:00, run_after=2025-07-18 00:00:00+00:00
[2025-07-18T12:35:20.064-0500] {logging_mixin.py:188} INFO - [2025-07-18T12:35:20.064-0500] {dag.py:3954} INFO - Setting next_dagrun for example_branch_datetime_operator_3 to 2025-07-17 00:00:00+00:00, run_after=2025-07-18 00:00:00+00:00
[2025-07-18T12:35:20.078-0500] {processor.py:183} INFO - Processing /home/abhiram/jobtrak-stack/venv/lib/python3.12/site-packages/airflow/example_dags/example_branch_datetime_operator.py took 0.086 seconds
[2025-07-18T12:35:50.469-0500] {processor.py:161} INFO - Started process (PID=2784) to work on /home/abhiram/jobtrak-stack/venv/lib/python3.12/site-packages/airflow/example_dags/example_branch_datetime_operator.py
[2025-07-18T12:35:50.469-0500] {processor.py:830} INFO - Processing file /home/abhiram/jobtrak-stack/venv/lib/python3.12/site-packages/airflow/example_dags/example_branch_datetime_operator.py for tasks to queue
[2025-07-18T12:35:50.470-0500] {logging_mixin.py:188} INFO - [2025-07-18T12:35:50.470-0500] {dagbag.py:545} INFO - Filling up the DagBag from /home/abhiram/jobtrak-stack/venv/lib/python3.12/site-packages/airflow/example_dags/example_branch_datetime_operator.py
[2025-07-18T12:35:50.476-0500] {processor.py:840} INFO - DAG(s) 'example_branch_datetime_operator_2', 'example_branch_datetime_operator', 'example_branch_datetime_operator_3' retrieved from /home/abhiram/jobtrak-stack/venv/lib/python3.12/site-packages/airflow/example_dags/example_branch_datetime_operator.py
[2025-07-18T12:35:50.497-0500] {logging_mixin.py:188} INFO - [2025-07-18T12:35:50.497-0500] {dag.py:3096} INFO - Sync 3 DAGs
[2025-07-18T12:35:50.512-0500] {logging_mixin.py:188} INFO - [2025-07-18T12:35:50.512-0500] {dag.py:3954} INFO - Setting next_dagrun for example_branch_datetime_operator to 2025-07-17 00:00:00+00:00, run_after=2025-07-18 00:00:00+00:00
[2025-07-18T12:35:50.515-0500] {logging_mixin.py:188} INFO - [2025-07-18T12:35:50.514-0500] {dag.py:3954} INFO - Setting next_dagrun for example_branch_datetime_operator_2 to 2025-07-17 00:00:00+00:00, run_after=2025-07-18 00:00:00+00:00
[2025-07-18T12:35:50.516-0500] {logging_mixin.py:188} INFO - [2025-07-18T12:35:50.516-0500] {dag.py:3954} INFO - Setting next_dagrun for example_branch_datetime_operator_3 to 2025-07-17 00:00:00+00:00, run_after=2025-07-18 00:00:00+00:00
[2025-07-18T12:35:50.528-0500] {processor.py:183} INFO - Processing /home/abhiram/jobtrak-stack/venv/lib/python3.12/site-packages/airflow/example_dags/example_branch_datetime_operator.py took 0.063 seconds
[2025-07-18T12:36:21.264-0500] {processor.py:161} INFO - Started process (PID=2891) to work on /home/abhiram/jobtrak-stack/venv/lib/python3.12/site-packages/airflow/example_dags/example_branch_datetime_operator.py
[2025-07-18T12:36:21.265-0500] {processor.py:830} INFO - Processing file /home/abhiram/jobtrak-stack/venv/lib/python3.12/site-packages/airflow/example_dags/example_branch_datetime_operator.py for tasks to queue
[2025-07-18T12:36:21.266-0500] {logging_mixin.py:188} INFO - [2025-07-18T12:36:21.265-0500] {dagbag.py:545} INFO - Filling up the DagBag from /home/abhiram/jobtrak-stack/venv/lib/python3.12/site-packages/airflow/example_dags/example_branch_datetime_operator.py
[2025-07-18T12:36:21.272-0500] {processor.py:840} INFO - DAG(s) 'example_branch_datetime_operator_3', 'example_branch_datetime_operator_2', 'example_branch_datetime_operator' retrieved from /home/abhiram/jobtrak-stack/venv/lib/python3.12/site-packages/airflow/example_dags/example_branch_datetime_operator.py
[2025-07-18T12:36:21.293-0500] {logging_mixin.py:188} INFO - [2025-07-18T12:36:21.293-0500] {dag.py:3096} INFO - Sync 3 DAGs
[2025-07-18T12:36:21.307-0500] {logging_mixin.py:188} INFO - [2025-07-18T12:36:21.307-0500] {dag.py:3954} INFO - Setting next_dagrun for example_branch_datetime_operator to 2025-07-17 00:00:00+00:00, run_after=2025-07-18 00:00:00+00:00
[2025-07-18T12:36:21.310-0500] {logging_mixin.py:188} INFO - [2025-07-18T12:36:21.310-0500] {dag.py:3954} INFO - Setting next_dagrun for example_branch_datetime_operator_2 to 2025-07-17 00:00:00+00:00, run_after=2025-07-18 00:00:00+00:00
[2025-07-18T12:36:21.312-0500] {logging_mixin.py:188} INFO - [2025-07-18T12:36:21.312-0500] {dag.py:3954} INFO - Setting next_dagrun for example_branch_datetime_operator_3 to 2025-07-17 00:00:00+00:00, run_after=2025-07-18 00:00:00+00:00
[2025-07-18T12:36:21.323-0500] {processor.py:183} INFO - Processing /home/abhiram/jobtrak-stack/venv/lib/python3.12/site-packages/airflow/example_dags/example_branch_datetime_operator.py took 0.063 seconds
[2025-07-18T12:36:51.465-0500] {processor.py:161} INFO - Started process (PID=3009) to work on /home/abhiram/jobtrak-stack/venv/lib/python3.12/site-packages/airflow/example_dags/example_branch_datetime_operator.py
[2025-07-18T12:36:51.466-0500] {processor.py:830} INFO - Processing file /home/abhiram/jobtrak-stack/venv/lib/python3.12/site-packages/airflow/example_dags/example_branch_datetime_operator.py for tasks to queue
[2025-07-18T12:36:51.466-0500] {logging_mixin.py:188} INFO - [2025-07-18T12:36:51.466-0500] {dagbag.py:545} INFO - Filling up the DagBag from /home/abhiram/jobtrak-stack/venv/lib/python3.12/site-packages/airflow/example_dags/example_branch_datetime_operator.py
[2025-07-18T12:36:51.472-0500] {processor.py:840} INFO - DAG(s) 'example_branch_datetime_operator_3', 'example_branch_datetime_operator_2', 'example_branch_datetime_operator' retrieved from /home/abhiram/jobtrak-stack/venv/lib/python3.12/site-packages/airflow/example_dags/example_branch_datetime_operator.py
[2025-07-18T12:36:51.493-0500] {logging_mixin.py:188} INFO - [2025-07-18T12:36:51.493-0500] {dag.py:3096} INFO - Sync 3 DAGs
[2025-07-18T12:36:51.508-0500] {logging_mixin.py:188} INFO - [2025-07-18T12:36:51.507-0500] {dag.py:3954} INFO - Setting next_dagrun for example_branch_datetime_operator to 2025-07-17 00:00:00+00:00, run_after=2025-07-18 00:00:00+00:00
[2025-07-18T12:36:51.511-0500] {logging_mixin.py:188} INFO - [2025-07-18T12:36:51.511-0500] {dag.py:3954} INFO - Setting next_dagrun for example_branch_datetime_operator_2 to 2025-07-17 00:00:00+00:00, run_after=2025-07-18 00:00:00+00:00
[2025-07-18T12:36:51.513-0500] {logging_mixin.py:188} INFO - [2025-07-18T12:36:51.512-0500] {dag.py:3954} INFO - Setting next_dagrun for example_branch_datetime_operator_3 to 2025-07-17 00:00:00+00:00, run_after=2025-07-18 00:00:00+00:00
[2025-07-18T12:36:51.524-0500] {processor.py:183} INFO - Processing /home/abhiram/jobtrak-stack/venv/lib/python3.12/site-packages/airflow/example_dags/example_branch_datetime_operator.py took 0.062 seconds
[2025-07-18T12:37:22.964-0500] {processor.py:161} INFO - Started process (PID=3225) to work on /home/abhiram/jobtrak-stack/venv/lib/python3.12/site-packages/airflow/example_dags/example_branch_datetime_operator.py
[2025-07-18T12:37:22.965-0500] {processor.py:830} INFO - Processing file /home/abhiram/jobtrak-stack/venv/lib/python3.12/site-packages/airflow/example_dags/example_branch_datetime_operator.py for tasks to queue
[2025-07-18T12:37:22.966-0500] {logging_mixin.py:188} INFO - [2025-07-18T12:37:22.966-0500] {dagbag.py:545} INFO - Filling up the DagBag from /home/abhiram/jobtrak-stack/venv/lib/python3.12/site-packages/airflow/example_dags/example_branch_datetime_operator.py
[2025-07-18T12:37:22.974-0500] {processor.py:840} INFO - DAG(s) 'example_branch_datetime_operator', 'example_branch_datetime_operator_3', 'example_branch_datetime_operator_2' retrieved from /home/abhiram/jobtrak-stack/venv/lib/python3.12/site-packages/airflow/example_dags/example_branch_datetime_operator.py
[2025-07-18T12:37:22.999-0500] {logging_mixin.py:188} INFO - [2025-07-18T12:37:22.999-0500] {dag.py:3096} INFO - Sync 3 DAGs
[2025-07-18T12:37:23.015-0500] {logging_mixin.py:188} INFO - [2025-07-18T12:37:23.015-0500] {dag.py:3954} INFO - Setting next_dagrun for example_branch_datetime_operator to 2025-07-17 00:00:00+00:00, run_after=2025-07-18 00:00:00+00:00
[2025-07-18T12:37:23.019-0500] {logging_mixin.py:188} INFO - [2025-07-18T12:37:23.018-0500] {dag.py:3954} INFO - Setting next_dagrun for example_branch_datetime_operator_2 to 2025-07-17 00:00:00+00:00, run_after=2025-07-18 00:00:00+00:00
[2025-07-18T12:37:23.020-0500] {logging_mixin.py:188} INFO - [2025-07-18T12:37:23.020-0500] {dag.py:3954} INFO - Setting next_dagrun for example_branch_datetime_operator_3 to 2025-07-17 00:00:00+00:00, run_after=2025-07-18 00:00:00+00:00
[2025-07-18T12:37:23.035-0500] {processor.py:183} INFO - Processing /home/abhiram/jobtrak-stack/venv/lib/python3.12/site-packages/airflow/example_dags/example_branch_datetime_operator.py took 0.075 seconds
[2025-07-18T12:37:53.219-0500] {processor.py:161} INFO - Started process (PID=3331) to work on /home/abhiram/jobtrak-stack/venv/lib/python3.12/site-packages/airflow/example_dags/example_branch_datetime_operator.py
[2025-07-18T12:37:53.219-0500] {processor.py:830} INFO - Processing file /home/abhiram/jobtrak-stack/venv/lib/python3.12/site-packages/airflow/example_dags/example_branch_datetime_operator.py for tasks to queue
[2025-07-18T12:37:53.221-0500] {logging_mixin.py:188} INFO - [2025-07-18T12:37:53.220-0500] {dagbag.py:545} INFO - Filling up the DagBag from /home/abhiram/jobtrak-stack/venv/lib/python3.12/site-packages/airflow/example_dags/example_branch_datetime_operator.py
[2025-07-18T12:37:53.226-0500] {processor.py:840} INFO - DAG(s) 'example_branch_datetime_operator_2', 'example_branch_datetime_operator', 'example_branch_datetime_operator_3' retrieved from /home/abhiram/jobtrak-stack/venv/lib/python3.12/site-packages/airflow/example_dags/example_branch_datetime_operator.py
[2025-07-18T12:37:53.246-0500] {logging_mixin.py:188} INFO - [2025-07-18T12:37:53.246-0500] {dag.py:3096} INFO - Sync 3 DAGs
[2025-07-18T12:37:53.262-0500] {logging_mixin.py:188} INFO - [2025-07-18T12:37:53.262-0500] {dag.py:3954} INFO - Setting next_dagrun for example_branch_datetime_operator to 2025-07-17 00:00:00+00:00, run_after=2025-07-18 00:00:00+00:00
[2025-07-18T12:37:53.265-0500] {logging_mixin.py:188} INFO - [2025-07-18T12:37:53.265-0500] {dag.py:3954} INFO - Setting next_dagrun for example_branch_datetime_operator_2 to 2025-07-17 00:00:00+00:00, run_after=2025-07-18 00:00:00+00:00
[2025-07-18T12:37:53.267-0500] {logging_mixin.py:188} INFO - [2025-07-18T12:37:53.267-0500] {dag.py:3954} INFO - Setting next_dagrun for example_branch_datetime_operator_3 to 2025-07-17 00:00:00+00:00, run_after=2025-07-18 00:00:00+00:00
[2025-07-18T12:37:53.279-0500] {processor.py:183} INFO - Processing /home/abhiram/jobtrak-stack/venv/lib/python3.12/site-packages/airflow/example_dags/example_branch_datetime_operator.py took 0.063 seconds
[2025-07-18T12:38:23.618-0500] {processor.py:161} INFO - Started process (PID=3438) to work on /home/abhiram/jobtrak-stack/venv/lib/python3.12/site-packages/airflow/example_dags/example_branch_datetime_operator.py
[2025-07-18T12:38:23.619-0500] {processor.py:830} INFO - Processing file /home/abhiram/jobtrak-stack/venv/lib/python3.12/site-packages/airflow/example_dags/example_branch_datetime_operator.py for tasks to queue
[2025-07-18T12:38:23.620-0500] {logging_mixin.py:188} INFO - [2025-07-18T12:38:23.620-0500] {dagbag.py:545} INFO - Filling up the DagBag from /home/abhiram/jobtrak-stack/venv/lib/python3.12/site-packages/airflow/example_dags/example_branch_datetime_operator.py
[2025-07-18T12:38:23.626-0500] {processor.py:840} INFO - DAG(s) 'example_branch_datetime_operator', 'example_branch_datetime_operator_3', 'example_branch_datetime_operator_2' retrieved from /home/abhiram/jobtrak-stack/venv/lib/python3.12/site-packages/airflow/example_dags/example_branch_datetime_operator.py
[2025-07-18T12:38:23.647-0500] {logging_mixin.py:188} INFO - [2025-07-18T12:38:23.647-0500] {dag.py:3096} INFO - Sync 3 DAGs
[2025-07-18T12:38:23.664-0500] {logging_mixin.py:188} INFO - [2025-07-18T12:38:23.664-0500] {dag.py:3954} INFO - Setting next_dagrun for example_branch_datetime_operator to 2025-07-17 00:00:00+00:00, run_after=2025-07-18 00:00:00+00:00
[2025-07-18T12:38:23.670-0500] {logging_mixin.py:188} INFO - [2025-07-18T12:38:23.670-0500] {dag.py:3954} INFO - Setting next_dagrun for example_branch_datetime_operator_2 to 2025-07-17 00:00:00+00:00, run_after=2025-07-18 00:00:00+00:00
[2025-07-18T12:38:23.672-0500] {logging_mixin.py:188} INFO - [2025-07-18T12:38:23.671-0500] {dag.py:3954} INFO - Setting next_dagrun for example_branch_datetime_operator_3 to 2025-07-17 00:00:00+00:00, run_after=2025-07-18 00:00:00+00:00
[2025-07-18T12:38:23.685-0500] {processor.py:183} INFO - Processing /home/abhiram/jobtrak-stack/venv/lib/python3.12/site-packages/airflow/example_dags/example_branch_datetime_operator.py took 0.070 seconds
[2025-07-18T12:38:54.104-0500] {processor.py:161} INFO - Started process (PID=3547) to work on /home/abhiram/jobtrak-stack/venv/lib/python3.12/site-packages/airflow/example_dags/example_branch_datetime_operator.py
[2025-07-18T12:38:54.106-0500] {processor.py:830} INFO - Processing file /home/abhiram/jobtrak-stack/venv/lib/python3.12/site-packages/airflow/example_dags/example_branch_datetime_operator.py for tasks to queue
[2025-07-18T12:38:54.107-0500] {logging_mixin.py:188} INFO - [2025-07-18T12:38:54.107-0500] {dagbag.py:545} INFO - Filling up the DagBag from /home/abhiram/jobtrak-stack/venv/lib/python3.12/site-packages/airflow/example_dags/example_branch_datetime_operator.py
[2025-07-18T12:38:54.113-0500] {processor.py:840} INFO - DAG(s) 'example_branch_datetime_operator', 'example_branch_datetime_operator_3', 'example_branch_datetime_operator_2' retrieved from /home/abhiram/jobtrak-stack/venv/lib/python3.12/site-packages/airflow/example_dags/example_branch_datetime_operator.py
[2025-07-18T12:38:54.138-0500] {logging_mixin.py:188} INFO - [2025-07-18T12:38:54.138-0500] {dag.py:3096} INFO - Sync 3 DAGs
[2025-07-18T12:38:54.155-0500] {logging_mixin.py:188} INFO - [2025-07-18T12:38:54.155-0500] {dag.py:3954} INFO - Setting next_dagrun for example_branch_datetime_operator to 2025-07-17 00:00:00+00:00, run_after=2025-07-18 00:00:00+00:00
[2025-07-18T12:38:54.158-0500] {logging_mixin.py:188} INFO - [2025-07-18T12:38:54.158-0500] {dag.py:3954} INFO - Setting next_dagrun for example_branch_datetime_operator_2 to 2025-07-17 00:00:00+00:00, run_after=2025-07-18 00:00:00+00:00
[2025-07-18T12:38:54.160-0500] {logging_mixin.py:188} INFO - [2025-07-18T12:38:54.160-0500] {dag.py:3954} INFO - Setting next_dagrun for example_branch_datetime_operator_3 to 2025-07-17 00:00:00+00:00, run_after=2025-07-18 00:00:00+00:00
[2025-07-18T12:38:54.174-0500] {processor.py:183} INFO - Processing /home/abhiram/jobtrak-stack/venv/lib/python3.12/site-packages/airflow/example_dags/example_branch_datetime_operator.py took 0.074 seconds
[2025-07-18T12:39:24.276-0500] {processor.py:161} INFO - Started process (PID=3655) to work on /home/abhiram/jobtrak-stack/venv/lib/python3.12/site-packages/airflow/example_dags/example_branch_datetime_operator.py
[2025-07-18T12:39:24.277-0500] {processor.py:830} INFO - Processing file /home/abhiram/jobtrak-stack/venv/lib/python3.12/site-packages/airflow/example_dags/example_branch_datetime_operator.py for tasks to queue
[2025-07-18T12:39:24.278-0500] {logging_mixin.py:188} INFO - [2025-07-18T12:39:24.278-0500] {dagbag.py:545} INFO - Filling up the DagBag from /home/abhiram/jobtrak-stack/venv/lib/python3.12/site-packages/airflow/example_dags/example_branch_datetime_operator.py
[2025-07-18T12:39:24.285-0500] {processor.py:840} INFO - DAG(s) 'example_branch_datetime_operator_3', 'example_branch_datetime_operator', 'example_branch_datetime_operator_2' retrieved from /home/abhiram/jobtrak-stack/venv/lib/python3.12/site-packages/airflow/example_dags/example_branch_datetime_operator.py
[2025-07-18T12:39:24.310-0500] {logging_mixin.py:188} INFO - [2025-07-18T12:39:24.310-0500] {dag.py:3096} INFO - Sync 3 DAGs
[2025-07-18T12:39:24.327-0500] {logging_mixin.py:188} INFO - [2025-07-18T12:39:24.327-0500] {dag.py:3954} INFO - Setting next_dagrun for example_branch_datetime_operator to 2025-07-17 00:00:00+00:00, run_after=2025-07-18 00:00:00+00:00
[2025-07-18T12:39:24.331-0500] {logging_mixin.py:188} INFO - [2025-07-18T12:39:24.331-0500] {dag.py:3954} INFO - Setting next_dagrun for example_branch_datetime_operator_2 to 2025-07-17 00:00:00+00:00, run_after=2025-07-18 00:00:00+00:00
[2025-07-18T12:39:24.332-0500] {logging_mixin.py:188} INFO - [2025-07-18T12:39:24.332-0500] {dag.py:3954} INFO - Setting next_dagrun for example_branch_datetime_operator_3 to 2025-07-17 00:00:00+00:00, run_after=2025-07-18 00:00:00+00:00
[2025-07-18T12:39:24.353-0500] {processor.py:183} INFO - Processing /home/abhiram/jobtrak-stack/venv/lib/python3.12/site-packages/airflow/example_dags/example_branch_datetime_operator.py took 0.081 seconds
[2025-07-18T12:39:54.392-0500] {processor.py:161} INFO - Started process (PID=3766) to work on /home/abhiram/jobtrak-stack/venv/lib/python3.12/site-packages/airflow/example_dags/example_branch_datetime_operator.py
[2025-07-18T12:39:54.392-0500] {processor.py:830} INFO - Processing file /home/abhiram/jobtrak-stack/venv/lib/python3.12/site-packages/airflow/example_dags/example_branch_datetime_operator.py for tasks to queue
[2025-07-18T12:39:54.393-0500] {logging_mixin.py:188} INFO - [2025-07-18T12:39:54.393-0500] {dagbag.py:545} INFO - Filling up the DagBag from /home/abhiram/jobtrak-stack/venv/lib/python3.12/site-packages/airflow/example_dags/example_branch_datetime_operator.py
[2025-07-18T12:39:54.400-0500] {processor.py:840} INFO - DAG(s) 'example_branch_datetime_operator_3', 'example_branch_datetime_operator_2', 'example_branch_datetime_operator' retrieved from /home/abhiram/jobtrak-stack/venv/lib/python3.12/site-packages/airflow/example_dags/example_branch_datetime_operator.py
[2025-07-18T12:39:54.422-0500] {logging_mixin.py:188} INFO - [2025-07-18T12:39:54.422-0500] {dag.py:3096} INFO - Sync 3 DAGs
[2025-07-18T12:39:54.438-0500] {logging_mixin.py:188} INFO - [2025-07-18T12:39:54.438-0500] {dag.py:3954} INFO - Setting next_dagrun for example_branch_datetime_operator to 2025-07-17 00:00:00+00:00, run_after=2025-07-18 00:00:00+00:00
[2025-07-18T12:39:54.442-0500] {logging_mixin.py:188} INFO - [2025-07-18T12:39:54.441-0500] {dag.py:3954} INFO - Setting next_dagrun for example_branch_datetime_operator_2 to 2025-07-17 00:00:00+00:00, run_after=2025-07-18 00:00:00+00:00
[2025-07-18T12:39:54.443-0500] {logging_mixin.py:188} INFO - [2025-07-18T12:39:54.443-0500] {dag.py:3954} INFO - Setting next_dagrun for example_branch_datetime_operator_3 to 2025-07-17 00:00:00+00:00, run_after=2025-07-18 00:00:00+00:00
[2025-07-18T12:39:54.457-0500] {processor.py:183} INFO - Processing /home/abhiram/jobtrak-stack/venv/lib/python3.12/site-packages/airflow/example_dags/example_branch_datetime_operator.py took 0.069 seconds
[2025-07-18T12:40:32.940-0500] {processor.py:161} INFO - Started process (PID=3951) to work on /home/abhiram/jobtrak-stack/venv/lib/python3.12/site-packages/airflow/example_dags/example_branch_datetime_operator.py
[2025-07-18T12:40:32.941-0500] {processor.py:830} INFO - Processing file /home/abhiram/jobtrak-stack/venv/lib/python3.12/site-packages/airflow/example_dags/example_branch_datetime_operator.py for tasks to queue
[2025-07-18T12:40:32.942-0500] {logging_mixin.py:188} INFO - [2025-07-18T12:40:32.942-0500] {dagbag.py:545} INFO - Filling up the DagBag from /home/abhiram/jobtrak-stack/venv/lib/python3.12/site-packages/airflow/example_dags/example_branch_datetime_operator.py
[2025-07-18T12:40:32.949-0500] {processor.py:840} INFO - DAG(s) 'example_branch_datetime_operator', 'example_branch_datetime_operator_2', 'example_branch_datetime_operator_3' retrieved from /home/abhiram/jobtrak-stack/venv/lib/python3.12/site-packages/airflow/example_dags/example_branch_datetime_operator.py
[2025-07-18T12:40:32.974-0500] {logging_mixin.py:188} INFO - [2025-07-18T12:40:32.974-0500] {dag.py:3096} INFO - Sync 3 DAGs
[2025-07-18T12:40:32.990-0500] {logging_mixin.py:188} INFO - [2025-07-18T12:40:32.990-0500] {dag.py:3954} INFO - Setting next_dagrun for example_branch_datetime_operator to 2025-07-17 00:00:00+00:00, run_after=2025-07-18 00:00:00+00:00
[2025-07-18T12:40:32.993-0500] {logging_mixin.py:188} INFO - [2025-07-18T12:40:32.993-0500] {dag.py:3954} INFO - Setting next_dagrun for example_branch_datetime_operator_2 to 2025-07-17 00:00:00+00:00, run_after=2025-07-18 00:00:00+00:00
[2025-07-18T12:40:32.995-0500] {logging_mixin.py:188} INFO - [2025-07-18T12:40:32.995-0500] {dag.py:3954} INFO - Setting next_dagrun for example_branch_datetime_operator_3 to 2025-07-17 00:00:00+00:00, run_after=2025-07-18 00:00:00+00:00
[2025-07-18T12:40:33.007-0500] {processor.py:183} INFO - Processing /home/abhiram/jobtrak-stack/venv/lib/python3.12/site-packages/airflow/example_dags/example_branch_datetime_operator.py took 0.070 seconds
[2025-07-18T12:41:03.331-0500] {processor.py:161} INFO - Started process (PID=4075) to work on /home/abhiram/jobtrak-stack/venv/lib/python3.12/site-packages/airflow/example_dags/example_branch_datetime_operator.py
[2025-07-18T12:41:03.331-0500] {processor.py:830} INFO - Processing file /home/abhiram/jobtrak-stack/venv/lib/python3.12/site-packages/airflow/example_dags/example_branch_datetime_operator.py for tasks to queue
[2025-07-18T12:41:03.332-0500] {logging_mixin.py:188} INFO - [2025-07-18T12:41:03.332-0500] {dagbag.py:545} INFO - Filling up the DagBag from /home/abhiram/jobtrak-stack/venv/lib/python3.12/site-packages/airflow/example_dags/example_branch_datetime_operator.py
[2025-07-18T12:41:03.338-0500] {processor.py:840} INFO - DAG(s) 'example_branch_datetime_operator', 'example_branch_datetime_operator_3', 'example_branch_datetime_operator_2' retrieved from /home/abhiram/jobtrak-stack/venv/lib/python3.12/site-packages/airflow/example_dags/example_branch_datetime_operator.py
[2025-07-18T12:41:03.362-0500] {logging_mixin.py:188} INFO - [2025-07-18T12:41:03.361-0500] {dag.py:3096} INFO - Sync 3 DAGs
[2025-07-18T12:41:03.377-0500] {logging_mixin.py:188} INFO - [2025-07-18T12:41:03.377-0500] {dag.py:3954} INFO - Setting next_dagrun for example_branch_datetime_operator to 2025-07-17 00:00:00+00:00, run_after=2025-07-18 00:00:00+00:00
[2025-07-18T12:41:03.380-0500] {logging_mixin.py:188} INFO - [2025-07-18T12:41:03.380-0500] {dag.py:3954} INFO - Setting next_dagrun for example_branch_datetime_operator_2 to 2025-07-17 00:00:00+00:00, run_after=2025-07-18 00:00:00+00:00
[2025-07-18T12:41:03.382-0500] {logging_mixin.py:188} INFO - [2025-07-18T12:41:03.382-0500] {dag.py:3954} INFO - Setting next_dagrun for example_branch_datetime_operator_3 to 2025-07-17 00:00:00+00:00, run_after=2025-07-18 00:00:00+00:00
[2025-07-18T12:41:03.395-0500] {processor.py:183} INFO - Processing /home/abhiram/jobtrak-stack/venv/lib/python3.12/site-packages/airflow/example_dags/example_branch_datetime_operator.py took 0.068 seconds
[2025-07-18T12:41:33.924-0500] {processor.py:161} INFO - Started process (PID=4239) to work on /home/abhiram/jobtrak-stack/venv/lib/python3.12/site-packages/airflow/example_dags/example_branch_datetime_operator.py
[2025-07-18T12:41:33.926-0500] {processor.py:830} INFO - Processing file /home/abhiram/jobtrak-stack/venv/lib/python3.12/site-packages/airflow/example_dags/example_branch_datetime_operator.py for tasks to queue
[2025-07-18T12:41:33.927-0500] {logging_mixin.py:188} INFO - [2025-07-18T12:41:33.927-0500] {dagbag.py:545} INFO - Filling up the DagBag from /home/abhiram/jobtrak-stack/venv/lib/python3.12/site-packages/airflow/example_dags/example_branch_datetime_operator.py
[2025-07-18T12:41:33.934-0500] {processor.py:840} INFO - DAG(s) 'example_branch_datetime_operator_2', 'example_branch_datetime_operator_3', 'example_branch_datetime_operator' retrieved from /home/abhiram/jobtrak-stack/venv/lib/python3.12/site-packages/airflow/example_dags/example_branch_datetime_operator.py
[2025-07-18T12:41:33.959-0500] {logging_mixin.py:188} INFO - [2025-07-18T12:41:33.959-0500] {dag.py:3096} INFO - Sync 3 DAGs
[2025-07-18T12:41:33.976-0500] {logging_mixin.py:188} INFO - [2025-07-18T12:41:33.975-0500] {dag.py:3954} INFO - Setting next_dagrun for example_branch_datetime_operator to 2025-07-17 00:00:00+00:00, run_after=2025-07-18 00:00:00+00:00
[2025-07-18T12:41:33.979-0500] {logging_mixin.py:188} INFO - [2025-07-18T12:41:33.979-0500] {dag.py:3954} INFO - Setting next_dagrun for example_branch_datetime_operator_2 to 2025-07-17 00:00:00+00:00, run_after=2025-07-18 00:00:00+00:00
[2025-07-18T12:41:33.981-0500] {logging_mixin.py:188} INFO - [2025-07-18T12:41:33.981-0500] {dag.py:3954} INFO - Setting next_dagrun for example_branch_datetime_operator_3 to 2025-07-17 00:00:00+00:00, run_after=2025-07-18 00:00:00+00:00
[2025-07-18T12:41:33.996-0500] {processor.py:183} INFO - Processing /home/abhiram/jobtrak-stack/venv/lib/python3.12/site-packages/airflow/example_dags/example_branch_datetime_operator.py took 0.076 seconds
[2025-07-18T12:42:04.543-0500] {processor.py:161} INFO - Started process (PID=4346) to work on /home/abhiram/jobtrak-stack/venv/lib/python3.12/site-packages/airflow/example_dags/example_branch_datetime_operator.py
[2025-07-18T12:42:04.545-0500] {processor.py:830} INFO - Processing file /home/abhiram/jobtrak-stack/venv/lib/python3.12/site-packages/airflow/example_dags/example_branch_datetime_operator.py for tasks to queue
[2025-07-18T12:42:04.546-0500] {logging_mixin.py:188} INFO - [2025-07-18T12:42:04.546-0500] {dagbag.py:545} INFO - Filling up the DagBag from /home/abhiram/jobtrak-stack/venv/lib/python3.12/site-packages/airflow/example_dags/example_branch_datetime_operator.py
[2025-07-18T12:42:04.555-0500] {processor.py:840} INFO - DAG(s) 'example_branch_datetime_operator', 'example_branch_datetime_operator_2', 'example_branch_datetime_operator_3' retrieved from /home/abhiram/jobtrak-stack/venv/lib/python3.12/site-packages/airflow/example_dags/example_branch_datetime_operator.py
[2025-07-18T12:42:04.582-0500] {logging_mixin.py:188} INFO - [2025-07-18T12:42:04.582-0500] {dag.py:3096} INFO - Sync 3 DAGs
[2025-07-18T12:42:04.601-0500] {logging_mixin.py:188} INFO - [2025-07-18T12:42:04.601-0500] {dag.py:3954} INFO - Setting next_dagrun for example_branch_datetime_operator to 2025-07-17 00:00:00+00:00, run_after=2025-07-18 00:00:00+00:00
[2025-07-18T12:42:04.605-0500] {logging_mixin.py:188} INFO - [2025-07-18T12:42:04.605-0500] {dag.py:3954} INFO - Setting next_dagrun for example_branch_datetime_operator_2 to 2025-07-17 00:00:00+00:00, run_after=2025-07-18 00:00:00+00:00
[2025-07-18T12:42:04.607-0500] {logging_mixin.py:188} INFO - [2025-07-18T12:42:04.607-0500] {dag.py:3954} INFO - Setting next_dagrun for example_branch_datetime_operator_3 to 2025-07-17 00:00:00+00:00, run_after=2025-07-18 00:00:00+00:00
[2025-07-18T12:42:04.622-0500] {processor.py:183} INFO - Processing /home/abhiram/jobtrak-stack/venv/lib/python3.12/site-packages/airflow/example_dags/example_branch_datetime_operator.py took 0.083 seconds
[2025-07-18T12:42:34.892-0500] {processor.py:161} INFO - Started process (PID=4455) to work on /home/abhiram/jobtrak-stack/venv/lib/python3.12/site-packages/airflow/example_dags/example_branch_datetime_operator.py
[2025-07-18T12:42:34.893-0500] {processor.py:830} INFO - Processing file /home/abhiram/jobtrak-stack/venv/lib/python3.12/site-packages/airflow/example_dags/example_branch_datetime_operator.py for tasks to queue
[2025-07-18T12:42:34.895-0500] {logging_mixin.py:188} INFO - [2025-07-18T12:42:34.894-0500] {dagbag.py:545} INFO - Filling up the DagBag from /home/abhiram/jobtrak-stack/venv/lib/python3.12/site-packages/airflow/example_dags/example_branch_datetime_operator.py
[2025-07-18T12:42:34.901-0500] {processor.py:840} INFO - DAG(s) 'example_branch_datetime_operator_2', 'example_branch_datetime_operator', 'example_branch_datetime_operator_3' retrieved from /home/abhiram/jobtrak-stack/venv/lib/python3.12/site-packages/airflow/example_dags/example_branch_datetime_operator.py
[2025-07-18T12:42:34.922-0500] {logging_mixin.py:188} INFO - [2025-07-18T12:42:34.922-0500] {dag.py:3096} INFO - Sync 3 DAGs
[2025-07-18T12:42:34.938-0500] {logging_mixin.py:188} INFO - [2025-07-18T12:42:34.938-0500] {dag.py:3954} INFO - Setting next_dagrun for example_branch_datetime_operator to 2025-07-17 00:00:00+00:00, run_after=2025-07-18 00:00:00+00:00
[2025-07-18T12:42:34.941-0500] {logging_mixin.py:188} INFO - [2025-07-18T12:42:34.941-0500] {dag.py:3954} INFO - Setting next_dagrun for example_branch_datetime_operator_2 to 2025-07-17 00:00:00+00:00, run_after=2025-07-18 00:00:00+00:00
[2025-07-18T12:42:34.943-0500] {logging_mixin.py:188} INFO - [2025-07-18T12:42:34.943-0500] {dag.py:3954} INFO - Setting next_dagrun for example_branch_datetime_operator_3 to 2025-07-17 00:00:00+00:00, run_after=2025-07-18 00:00:00+00:00
[2025-07-18T12:42:34.956-0500] {processor.py:183} INFO - Processing /home/abhiram/jobtrak-stack/venv/lib/python3.12/site-packages/airflow/example_dags/example_branch_datetime_operator.py took 0.068 seconds
[2025-07-18T12:43:05.165-0500] {processor.py:161} INFO - Started process (PID=4565) to work on /home/abhiram/jobtrak-stack/venv/lib/python3.12/site-packages/airflow/example_dags/example_branch_datetime_operator.py
[2025-07-18T12:43:05.167-0500] {processor.py:830} INFO - Processing file /home/abhiram/jobtrak-stack/venv/lib/python3.12/site-packages/airflow/example_dags/example_branch_datetime_operator.py for tasks to queue
[2025-07-18T12:43:05.168-0500] {logging_mixin.py:188} INFO - [2025-07-18T12:43:05.168-0500] {dagbag.py:545} INFO - Filling up the DagBag from /home/abhiram/jobtrak-stack/venv/lib/python3.12/site-packages/airflow/example_dags/example_branch_datetime_operator.py
[2025-07-18T12:43:05.174-0500] {processor.py:840} INFO - DAG(s) 'example_branch_datetime_operator_2', 'example_branch_datetime_operator_3', 'example_branch_datetime_operator' retrieved from /home/abhiram/jobtrak-stack/venv/lib/python3.12/site-packages/airflow/example_dags/example_branch_datetime_operator.py
[2025-07-18T12:43:05.194-0500] {logging_mixin.py:188} INFO - [2025-07-18T12:43:05.194-0500] {dag.py:3096} INFO - Sync 3 DAGs
[2025-07-18T12:43:05.209-0500] {logging_mixin.py:188} INFO - [2025-07-18T12:43:05.208-0500] {dag.py:3954} INFO - Setting next_dagrun for example_branch_datetime_operator to 2025-07-17 00:00:00+00:00, run_after=2025-07-18 00:00:00+00:00
[2025-07-18T12:43:05.211-0500] {logging_mixin.py:188} INFO - [2025-07-18T12:43:05.211-0500] {dag.py:3954} INFO - Setting next_dagrun for example_branch_datetime_operator_2 to 2025-07-17 00:00:00+00:00, run_after=2025-07-18 00:00:00+00:00
[2025-07-18T12:43:05.213-0500] {logging_mixin.py:188} INFO - [2025-07-18T12:43:05.213-0500] {dag.py:3954} INFO - Setting next_dagrun for example_branch_datetime_operator_3 to 2025-07-17 00:00:00+00:00, run_after=2025-07-18 00:00:00+00:00
[2025-07-18T12:43:05.226-0500] {processor.py:183} INFO - Processing /home/abhiram/jobtrak-stack/venv/lib/python3.12/site-packages/airflow/example_dags/example_branch_datetime_operator.py took 0.064 seconds
[2025-07-18T12:43:35.726-0500] {processor.py:161} INFO - Started process (PID=4672) to work on /home/abhiram/jobtrak-stack/venv/lib/python3.12/site-packages/airflow/example_dags/example_branch_datetime_operator.py
[2025-07-18T12:43:35.727-0500] {processor.py:830} INFO - Processing file /home/abhiram/jobtrak-stack/venv/lib/python3.12/site-packages/airflow/example_dags/example_branch_datetime_operator.py for tasks to queue
[2025-07-18T12:43:35.729-0500] {logging_mixin.py:188} INFO - [2025-07-18T12:43:35.729-0500] {dagbag.py:545} INFO - Filling up the DagBag from /home/abhiram/jobtrak-stack/venv/lib/python3.12/site-packages/airflow/example_dags/example_branch_datetime_operator.py
[2025-07-18T12:43:35.735-0500] {processor.py:840} INFO - DAG(s) 'example_branch_datetime_operator', 'example_branch_datetime_operator_2', 'example_branch_datetime_operator_3' retrieved from /home/abhiram/jobtrak-stack/venv/lib/python3.12/site-packages/airflow/example_dags/example_branch_datetime_operator.py
[2025-07-18T12:43:35.756-0500] {logging_mixin.py:188} INFO - [2025-07-18T12:43:35.756-0500] {dag.py:3096} INFO - Sync 3 DAGs
[2025-07-18T12:43:35.773-0500] {logging_mixin.py:188} INFO - [2025-07-18T12:43:35.773-0500] {dag.py:3954} INFO - Setting next_dagrun for example_branch_datetime_operator to 2025-07-17 00:00:00+00:00, run_after=2025-07-18 00:00:00+00:00
[2025-07-18T12:43:35.777-0500] {logging_mixin.py:188} INFO - [2025-07-18T12:43:35.777-0500] {dag.py:3954} INFO - Setting next_dagrun for example_branch_datetime_operator_2 to 2025-07-17 00:00:00+00:00, run_after=2025-07-18 00:00:00+00:00
[2025-07-18T12:43:35.778-0500] {logging_mixin.py:188} INFO - [2025-07-18T12:43:35.778-0500] {dag.py:3954} INFO - Setting next_dagrun for example_branch_datetime_operator_3 to 2025-07-17 00:00:00+00:00, run_after=2025-07-18 00:00:00+00:00
[2025-07-18T12:43:35.791-0500] {processor.py:183} INFO - Processing /home/abhiram/jobtrak-stack/venv/lib/python3.12/site-packages/airflow/example_dags/example_branch_datetime_operator.py took 0.069 seconds
[2025-07-18T12:44:06.680-0500] {processor.py:161} INFO - Started process (PID=4783) to work on /home/abhiram/jobtrak-stack/venv/lib/python3.12/site-packages/airflow/example_dags/example_branch_datetime_operator.py
[2025-07-18T12:44:06.681-0500] {processor.py:830} INFO - Processing file /home/abhiram/jobtrak-stack/venv/lib/python3.12/site-packages/airflow/example_dags/example_branch_datetime_operator.py for tasks to queue
[2025-07-18T12:44:06.682-0500] {logging_mixin.py:188} INFO - [2025-07-18T12:44:06.682-0500] {dagbag.py:545} INFO - Filling up the DagBag from /home/abhiram/jobtrak-stack/venv/lib/python3.12/site-packages/airflow/example_dags/example_branch_datetime_operator.py
[2025-07-18T12:44:06.688-0500] {processor.py:840} INFO - DAG(s) 'example_branch_datetime_operator_3', 'example_branch_datetime_operator_2', 'example_branch_datetime_operator' retrieved from /home/abhiram/jobtrak-stack/venv/lib/python3.12/site-packages/airflow/example_dags/example_branch_datetime_operator.py
[2025-07-18T12:44:06.712-0500] {logging_mixin.py:188} INFO - [2025-07-18T12:44:06.712-0500] {dag.py:3096} INFO - Sync 3 DAGs
[2025-07-18T12:44:06.727-0500] {logging_mixin.py:188} INFO - [2025-07-18T12:44:06.727-0500] {dag.py:3954} INFO - Setting next_dagrun for example_branch_datetime_operator to 2025-07-17 00:00:00+00:00, run_after=2025-07-18 00:00:00+00:00
[2025-07-18T12:44:06.731-0500] {logging_mixin.py:188} INFO - [2025-07-18T12:44:06.731-0500] {dag.py:3954} INFO - Setting next_dagrun for example_branch_datetime_operator_2 to 2025-07-17 00:00:00+00:00, run_after=2025-07-18 00:00:00+00:00
[2025-07-18T12:44:06.732-0500] {logging_mixin.py:188} INFO - [2025-07-18T12:44:06.732-0500] {dag.py:3954} INFO - Setting next_dagrun for example_branch_datetime_operator_3 to 2025-07-17 00:00:00+00:00, run_after=2025-07-18 00:00:00+00:00
[2025-07-18T12:44:06.747-0500] {processor.py:183} INFO - Processing /home/abhiram/jobtrak-stack/venv/lib/python3.12/site-packages/airflow/example_dags/example_branch_datetime_operator.py took 0.071 seconds
[2025-07-18T12:44:37.277-0500] {processor.py:161} INFO - Started process (PID=4891) to work on /home/abhiram/jobtrak-stack/venv/lib/python3.12/site-packages/airflow/example_dags/example_branch_datetime_operator.py
[2025-07-18T12:44:37.278-0500] {processor.py:830} INFO - Processing file /home/abhiram/jobtrak-stack/venv/lib/python3.12/site-packages/airflow/example_dags/example_branch_datetime_operator.py for tasks to queue
[2025-07-18T12:44:37.279-0500] {logging_mixin.py:188} INFO - [2025-07-18T12:44:37.279-0500] {dagbag.py:545} INFO - Filling up the DagBag from /home/abhiram/jobtrak-stack/venv/lib/python3.12/site-packages/airflow/example_dags/example_branch_datetime_operator.py
[2025-07-18T12:44:37.286-0500] {processor.py:840} INFO - DAG(s) 'example_branch_datetime_operator', 'example_branch_datetime_operator_3', 'example_branch_datetime_operator_2' retrieved from /home/abhiram/jobtrak-stack/venv/lib/python3.12/site-packages/airflow/example_dags/example_branch_datetime_operator.py
[2025-07-18T12:44:37.309-0500] {logging_mixin.py:188} INFO - [2025-07-18T12:44:37.309-0500] {dag.py:3096} INFO - Sync 3 DAGs
[2025-07-18T12:44:37.324-0500] {logging_mixin.py:188} INFO - [2025-07-18T12:44:37.324-0500] {dag.py:3954} INFO - Setting next_dagrun for example_branch_datetime_operator to 2025-07-17 00:00:00+00:00, run_after=2025-07-18 00:00:00+00:00
[2025-07-18T12:44:37.327-0500] {logging_mixin.py:188} INFO - [2025-07-18T12:44:37.327-0500] {dag.py:3954} INFO - Setting next_dagrun for example_branch_datetime_operator_2 to 2025-07-17 00:00:00+00:00, run_after=2025-07-18 00:00:00+00:00
[2025-07-18T12:44:37.329-0500] {logging_mixin.py:188} INFO - [2025-07-18T12:44:37.329-0500] {dag.py:3954} INFO - Setting next_dagrun for example_branch_datetime_operator_3 to 2025-07-17 00:00:00+00:00, run_after=2025-07-18 00:00:00+00:00
[2025-07-18T12:44:37.343-0500] {processor.py:183} INFO - Processing /home/abhiram/jobtrak-stack/venv/lib/python3.12/site-packages/airflow/example_dags/example_branch_datetime_operator.py took 0.070 seconds
[2025-07-18T12:45:08.811-0500] {processor.py:161} INFO - Started process (PID=5002) to work on /home/abhiram/jobtrak-stack/venv/lib/python3.12/site-packages/airflow/example_dags/example_branch_datetime_operator.py
[2025-07-18T12:45:08.811-0500] {processor.py:830} INFO - Processing file /home/abhiram/jobtrak-stack/venv/lib/python3.12/site-packages/airflow/example_dags/example_branch_datetime_operator.py for tasks to queue
[2025-07-18T12:45:08.812-0500] {logging_mixin.py:188} INFO - [2025-07-18T12:45:08.812-0500] {dagbag.py:545} INFO - Filling up the DagBag from /home/abhiram/jobtrak-stack/venv/lib/python3.12/site-packages/airflow/example_dags/example_branch_datetime_operator.py
[2025-07-18T12:45:08.819-0500] {processor.py:840} INFO - DAG(s) 'example_branch_datetime_operator', 'example_branch_datetime_operator_3', 'example_branch_datetime_operator_2' retrieved from /home/abhiram/jobtrak-stack/venv/lib/python3.12/site-packages/airflow/example_dags/example_branch_datetime_operator.py
[2025-07-18T12:45:08.846-0500] {logging_mixin.py:188} INFO - [2025-07-18T12:45:08.846-0500] {dag.py:3096} INFO - Sync 3 DAGs
[2025-07-18T12:45:08.861-0500] {logging_mixin.py:188} INFO - [2025-07-18T12:45:08.861-0500] {dag.py:3954} INFO - Setting next_dagrun for example_branch_datetime_operator to 2025-07-17 00:00:00+00:00, run_after=2025-07-18 00:00:00+00:00
[2025-07-18T12:45:08.864-0500] {logging_mixin.py:188} INFO - [2025-07-18T12:45:08.864-0500] {dag.py:3954} INFO - Setting next_dagrun for example_branch_datetime_operator_2 to 2025-07-17 00:00:00+00:00, run_after=2025-07-18 00:00:00+00:00
[2025-07-18T12:45:08.868-0500] {logging_mixin.py:188} INFO - [2025-07-18T12:45:08.868-0500] {dag.py:3954} INFO - Setting next_dagrun for example_branch_datetime_operator_3 to 2025-07-17 00:00:00+00:00, run_after=2025-07-18 00:00:00+00:00
[2025-07-18T12:45:08.880-0500] {processor.py:183} INFO - Processing /home/abhiram/jobtrak-stack/venv/lib/python3.12/site-packages/airflow/example_dags/example_branch_datetime_operator.py took 0.073 seconds
[2025-07-18T12:45:39.470-0500] {processor.py:161} INFO - Started process (PID=5109) to work on /home/abhiram/jobtrak-stack/venv/lib/python3.12/site-packages/airflow/example_dags/example_branch_datetime_operator.py
[2025-07-18T12:45:39.471-0500] {processor.py:830} INFO - Processing file /home/abhiram/jobtrak-stack/venv/lib/python3.12/site-packages/airflow/example_dags/example_branch_datetime_operator.py for tasks to queue
[2025-07-18T12:45:39.473-0500] {logging_mixin.py:188} INFO - [2025-07-18T12:45:39.472-0500] {dagbag.py:545} INFO - Filling up the DagBag from /home/abhiram/jobtrak-stack/venv/lib/python3.12/site-packages/airflow/example_dags/example_branch_datetime_operator.py
[2025-07-18T12:45:39.478-0500] {processor.py:840} INFO - DAG(s) 'example_branch_datetime_operator_2', 'example_branch_datetime_operator', 'example_branch_datetime_operator_3' retrieved from /home/abhiram/jobtrak-stack/venv/lib/python3.12/site-packages/airflow/example_dags/example_branch_datetime_operator.py
[2025-07-18T12:45:39.500-0500] {logging_mixin.py:188} INFO - [2025-07-18T12:45:39.500-0500] {dag.py:3096} INFO - Sync 3 DAGs
[2025-07-18T12:45:39.516-0500] {logging_mixin.py:188} INFO - [2025-07-18T12:45:39.516-0500] {dag.py:3954} INFO - Setting next_dagrun for example_branch_datetime_operator to 2025-07-17 00:00:00+00:00, run_after=2025-07-18 00:00:00+00:00
[2025-07-18T12:45:39.520-0500] {logging_mixin.py:188} INFO - [2025-07-18T12:45:39.520-0500] {dag.py:3954} INFO - Setting next_dagrun for example_branch_datetime_operator_2 to 2025-07-17 00:00:00+00:00, run_after=2025-07-18 00:00:00+00:00
[2025-07-18T12:45:39.521-0500] {logging_mixin.py:188} INFO - [2025-07-18T12:45:39.521-0500] {dag.py:3954} INFO - Setting next_dagrun for example_branch_datetime_operator_3 to 2025-07-17 00:00:00+00:00, run_after=2025-07-18 00:00:00+00:00
[2025-07-18T12:45:39.536-0500] {processor.py:183} INFO - Processing /home/abhiram/jobtrak-stack/venv/lib/python3.12/site-packages/airflow/example_dags/example_branch_datetime_operator.py took 0.070 seconds
[2025-07-18T12:46:09.887-0500] {processor.py:161} INFO - Started process (PID=5216) to work on /home/abhiram/jobtrak-stack/venv/lib/python3.12/site-packages/airflow/example_dags/example_branch_datetime_operator.py
[2025-07-18T12:46:09.888-0500] {processor.py:830} INFO - Processing file /home/abhiram/jobtrak-stack/venv/lib/python3.12/site-packages/airflow/example_dags/example_branch_datetime_operator.py for tasks to queue
[2025-07-18T12:46:09.889-0500] {logging_mixin.py:188} INFO - [2025-07-18T12:46:09.888-0500] {dagbag.py:545} INFO - Filling up the DagBag from /home/abhiram/jobtrak-stack/venv/lib/python3.12/site-packages/airflow/example_dags/example_branch_datetime_operator.py
[2025-07-18T12:46:09.897-0500] {processor.py:840} INFO - DAG(s) 'example_branch_datetime_operator_2', 'example_branch_datetime_operator', 'example_branch_datetime_operator_3' retrieved from /home/abhiram/jobtrak-stack/venv/lib/python3.12/site-packages/airflow/example_dags/example_branch_datetime_operator.py
[2025-07-18T12:46:09.919-0500] {logging_mixin.py:188} INFO - [2025-07-18T12:46:09.919-0500] {dag.py:3096} INFO - Sync 3 DAGs
[2025-07-18T12:46:09.936-0500] {logging_mixin.py:188} INFO - [2025-07-18T12:46:09.936-0500] {dag.py:3954} INFO - Setting next_dagrun for example_branch_datetime_operator to 2025-07-17 00:00:00+00:00, run_after=2025-07-18 00:00:00+00:00
[2025-07-18T12:46:09.939-0500] {logging_mixin.py:188} INFO - [2025-07-18T12:46:09.939-0500] {dag.py:3954} INFO - Setting next_dagrun for example_branch_datetime_operator_2 to 2025-07-17 00:00:00+00:00, run_after=2025-07-18 00:00:00+00:00
[2025-07-18T12:46:09.942-0500] {logging_mixin.py:188} INFO - [2025-07-18T12:46:09.942-0500] {dag.py:3954} INFO - Setting next_dagrun for example_branch_datetime_operator_3 to 2025-07-17 00:00:00+00:00, run_after=2025-07-18 00:00:00+00:00
[2025-07-18T12:46:09.955-0500] {processor.py:183} INFO - Processing /home/abhiram/jobtrak-stack/venv/lib/python3.12/site-packages/airflow/example_dags/example_branch_datetime_operator.py took 0.073 seconds
[2025-07-18T12:46:40.763-0500] {processor.py:161} INFO - Started process (PID=5327) to work on /home/abhiram/jobtrak-stack/venv/lib/python3.12/site-packages/airflow/example_dags/example_branch_datetime_operator.py
[2025-07-18T12:46:40.764-0500] {processor.py:830} INFO - Processing file /home/abhiram/jobtrak-stack/venv/lib/python3.12/site-packages/airflow/example_dags/example_branch_datetime_operator.py for tasks to queue
[2025-07-18T12:46:40.765-0500] {logging_mixin.py:188} INFO - [2025-07-18T12:46:40.765-0500] {dagbag.py:545} INFO - Filling up the DagBag from /home/abhiram/jobtrak-stack/venv/lib/python3.12/site-packages/airflow/example_dags/example_branch_datetime_operator.py
[2025-07-18T12:46:40.771-0500] {processor.py:840} INFO - DAG(s) 'example_branch_datetime_operator_3', 'example_branch_datetime_operator', 'example_branch_datetime_operator_2' retrieved from /home/abhiram/jobtrak-stack/venv/lib/python3.12/site-packages/airflow/example_dags/example_branch_datetime_operator.py
[2025-07-18T12:46:40.791-0500] {logging_mixin.py:188} INFO - [2025-07-18T12:46:40.791-0500] {dag.py:3096} INFO - Sync 3 DAGs
[2025-07-18T12:46:40.806-0500] {logging_mixin.py:188} INFO - [2025-07-18T12:46:40.805-0500] {dag.py:3954} INFO - Setting next_dagrun for example_branch_datetime_operator to 2025-07-17 00:00:00+00:00, run_after=2025-07-18 00:00:00+00:00
[2025-07-18T12:46:40.809-0500] {logging_mixin.py:188} INFO - [2025-07-18T12:46:40.808-0500] {dag.py:3954} INFO - Setting next_dagrun for example_branch_datetime_operator_2 to 2025-07-17 00:00:00+00:00, run_after=2025-07-18 00:00:00+00:00
[2025-07-18T12:46:40.810-0500] {logging_mixin.py:188} INFO - [2025-07-18T12:46:40.810-0500] {dag.py:3954} INFO - Setting next_dagrun for example_branch_datetime_operator_3 to 2025-07-17 00:00:00+00:00, run_after=2025-07-18 00:00:00+00:00
[2025-07-18T12:46:40.824-0500] {processor.py:183} INFO - Processing /home/abhiram/jobtrak-stack/venv/lib/python3.12/site-packages/airflow/example_dags/example_branch_datetime_operator.py took 0.065 seconds
[2025-07-18T12:47:11.456-0500] {processor.py:161} INFO - Started process (PID=5435) to work on /home/abhiram/jobtrak-stack/venv/lib/python3.12/site-packages/airflow/example_dags/example_branch_datetime_operator.py
[2025-07-18T12:47:11.457-0500] {processor.py:830} INFO - Processing file /home/abhiram/jobtrak-stack/venv/lib/python3.12/site-packages/airflow/example_dags/example_branch_datetime_operator.py for tasks to queue
[2025-07-18T12:47:11.458-0500] {logging_mixin.py:188} INFO - [2025-07-18T12:47:11.458-0500] {dagbag.py:545} INFO - Filling up the DagBag from /home/abhiram/jobtrak-stack/venv/lib/python3.12/site-packages/airflow/example_dags/example_branch_datetime_operator.py
[2025-07-18T12:47:11.464-0500] {processor.py:840} INFO - DAG(s) 'example_branch_datetime_operator_3', 'example_branch_datetime_operator_2', 'example_branch_datetime_operator' retrieved from /home/abhiram/jobtrak-stack/venv/lib/python3.12/site-packages/airflow/example_dags/example_branch_datetime_operator.py
[2025-07-18T12:47:11.486-0500] {logging_mixin.py:188} INFO - [2025-07-18T12:47:11.486-0500] {dag.py:3096} INFO - Sync 3 DAGs
[2025-07-18T12:47:11.502-0500] {logging_mixin.py:188} INFO - [2025-07-18T12:47:11.502-0500] {dag.py:3954} INFO - Setting next_dagrun for example_branch_datetime_operator to 2025-07-17 00:00:00+00:00, run_after=2025-07-18 00:00:00+00:00
[2025-07-18T12:47:11.505-0500] {logging_mixin.py:188} INFO - [2025-07-18T12:47:11.505-0500] {dag.py:3954} INFO - Setting next_dagrun for example_branch_datetime_operator_2 to 2025-07-17 00:00:00+00:00, run_after=2025-07-18 00:00:00+00:00
[2025-07-18T12:47:11.506-0500] {logging_mixin.py:188} INFO - [2025-07-18T12:47:11.506-0500] {dag.py:3954} INFO - Setting next_dagrun for example_branch_datetime_operator_3 to 2025-07-17 00:00:00+00:00, run_after=2025-07-18 00:00:00+00:00
[2025-07-18T12:47:11.518-0500] {processor.py:183} INFO - Processing /home/abhiram/jobtrak-stack/venv/lib/python3.12/site-packages/airflow/example_dags/example_branch_datetime_operator.py took 0.066 seconds
[2025-07-18T12:47:41.876-0500] {processor.py:161} INFO - Started process (PID=5542) to work on /home/abhiram/jobtrak-stack/venv/lib/python3.12/site-packages/airflow/example_dags/example_branch_datetime_operator.py
[2025-07-18T12:47:41.877-0500] {processor.py:830} INFO - Processing file /home/abhiram/jobtrak-stack/venv/lib/python3.12/site-packages/airflow/example_dags/example_branch_datetime_operator.py for tasks to queue
[2025-07-18T12:47:41.879-0500] {logging_mixin.py:188} INFO - [2025-07-18T12:47:41.878-0500] {dagbag.py:545} INFO - Filling up the DagBag from /home/abhiram/jobtrak-stack/venv/lib/python3.12/site-packages/airflow/example_dags/example_branch_datetime_operator.py
[2025-07-18T12:47:41.884-0500] {processor.py:840} INFO - DAG(s) 'example_branch_datetime_operator_3', 'example_branch_datetime_operator_2', 'example_branch_datetime_operator' retrieved from /home/abhiram/jobtrak-stack/venv/lib/python3.12/site-packages/airflow/example_dags/example_branch_datetime_operator.py
[2025-07-18T12:47:41.910-0500] {logging_mixin.py:188} INFO - [2025-07-18T12:47:41.910-0500] {dag.py:3096} INFO - Sync 3 DAGs
[2025-07-18T12:47:41.930-0500] {logging_mixin.py:188} INFO - [2025-07-18T12:47:41.930-0500] {dag.py:3954} INFO - Setting next_dagrun for example_branch_datetime_operator to 2025-07-17 00:00:00+00:00, run_after=2025-07-18 00:00:00+00:00
[2025-07-18T12:47:41.934-0500] {logging_mixin.py:188} INFO - [2025-07-18T12:47:41.934-0500] {dag.py:3954} INFO - Setting next_dagrun for example_branch_datetime_operator_2 to 2025-07-17 00:00:00+00:00, run_after=2025-07-18 00:00:00+00:00
[2025-07-18T12:47:41.936-0500] {logging_mixin.py:188} INFO - [2025-07-18T12:47:41.936-0500] {dag.py:3954} INFO - Setting next_dagrun for example_branch_datetime_operator_3 to 2025-07-17 00:00:00+00:00, run_after=2025-07-18 00:00:00+00:00
[2025-07-18T12:47:41.954-0500] {processor.py:183} INFO - Processing /home/abhiram/jobtrak-stack/venv/lib/python3.12/site-packages/airflow/example_dags/example_branch_datetime_operator.py took 0.083 seconds
[2025-07-18T12:48:12.764-0500] {processor.py:161} INFO - Started process (PID=5724) to work on /home/abhiram/jobtrak-stack/venv/lib/python3.12/site-packages/airflow/example_dags/example_branch_datetime_operator.py
[2025-07-18T12:48:12.766-0500] {processor.py:830} INFO - Processing file /home/abhiram/jobtrak-stack/venv/lib/python3.12/site-packages/airflow/example_dags/example_branch_datetime_operator.py for tasks to queue
[2025-07-18T12:48:12.767-0500] {logging_mixin.py:188} INFO - [2025-07-18T12:48:12.767-0500] {dagbag.py:545} INFO - Filling up the DagBag from /home/abhiram/jobtrak-stack/venv/lib/python3.12/site-packages/airflow/example_dags/example_branch_datetime_operator.py
[2025-07-18T12:48:12.773-0500] {processor.py:840} INFO - DAG(s) 'example_branch_datetime_operator', 'example_branch_datetime_operator_2', 'example_branch_datetime_operator_3' retrieved from /home/abhiram/jobtrak-stack/venv/lib/python3.12/site-packages/airflow/example_dags/example_branch_datetime_operator.py
[2025-07-18T12:48:12.795-0500] {logging_mixin.py:188} INFO - [2025-07-18T12:48:12.795-0500] {dag.py:3096} INFO - Sync 3 DAGs
[2025-07-18T12:48:12.811-0500] {logging_mixin.py:188} INFO - [2025-07-18T12:48:12.811-0500] {dag.py:3954} INFO - Setting next_dagrun for example_branch_datetime_operator to 2025-07-17 00:00:00+00:00, run_after=2025-07-18 00:00:00+00:00
[2025-07-18T12:48:12.816-0500] {logging_mixin.py:188} INFO - [2025-07-18T12:48:12.816-0500] {dag.py:3954} INFO - Setting next_dagrun for example_branch_datetime_operator_2 to 2025-07-17 00:00:00+00:00, run_after=2025-07-18 00:00:00+00:00
[2025-07-18T12:48:12.817-0500] {logging_mixin.py:188} INFO - [2025-07-18T12:48:12.817-0500] {dag.py:3954} INFO - Setting next_dagrun for example_branch_datetime_operator_3 to 2025-07-17 00:00:00+00:00, run_after=2025-07-18 00:00:00+00:00
[2025-07-18T12:48:12.831-0500] {processor.py:183} INFO - Processing /home/abhiram/jobtrak-stack/venv/lib/python3.12/site-packages/airflow/example_dags/example_branch_datetime_operator.py took 0.070 seconds
[2025-07-18T12:48:43.322-0500] {processor.py:161} INFO - Started process (PID=5832) to work on /home/abhiram/jobtrak-stack/venv/lib/python3.12/site-packages/airflow/example_dags/example_branch_datetime_operator.py
[2025-07-18T12:48:43.323-0500] {processor.py:830} INFO - Processing file /home/abhiram/jobtrak-stack/venv/lib/python3.12/site-packages/airflow/example_dags/example_branch_datetime_operator.py for tasks to queue
[2025-07-18T12:48:43.324-0500] {logging_mixin.py:188} INFO - [2025-07-18T12:48:43.324-0500] {dagbag.py:545} INFO - Filling up the DagBag from /home/abhiram/jobtrak-stack/venv/lib/python3.12/site-packages/airflow/example_dags/example_branch_datetime_operator.py
[2025-07-18T12:48:43.330-0500] {processor.py:840} INFO - DAG(s) 'example_branch_datetime_operator', 'example_branch_datetime_operator_2', 'example_branch_datetime_operator_3' retrieved from /home/abhiram/jobtrak-stack/venv/lib/python3.12/site-packages/airflow/example_dags/example_branch_datetime_operator.py
[2025-07-18T12:48:43.350-0500] {logging_mixin.py:188} INFO - [2025-07-18T12:48:43.350-0500] {dag.py:3096} INFO - Sync 3 DAGs
[2025-07-18T12:48:43.365-0500] {logging_mixin.py:188} INFO - [2025-07-18T12:48:43.365-0500] {dag.py:3954} INFO - Setting next_dagrun for example_branch_datetime_operator to 2025-07-17 00:00:00+00:00, run_after=2025-07-18 00:00:00+00:00
[2025-07-18T12:48:43.368-0500] {logging_mixin.py:188} INFO - [2025-07-18T12:48:43.368-0500] {dag.py:3954} INFO - Setting next_dagrun for example_branch_datetime_operator_2 to 2025-07-17 00:00:00+00:00, run_after=2025-07-18 00:00:00+00:00
[2025-07-18T12:48:43.369-0500] {logging_mixin.py:188} INFO - [2025-07-18T12:48:43.369-0500] {dag.py:3954} INFO - Setting next_dagrun for example_branch_datetime_operator_3 to 2025-07-17 00:00:00+00:00, run_after=2025-07-18 00:00:00+00:00
[2025-07-18T12:48:43.385-0500] {processor.py:183} INFO - Processing /home/abhiram/jobtrak-stack/venv/lib/python3.12/site-packages/airflow/example_dags/example_branch_datetime_operator.py took 0.067 seconds
[2025-07-18T12:49:13.966-0500] {processor.py:161} INFO - Started process (PID=5940) to work on /home/abhiram/jobtrak-stack/venv/lib/python3.12/site-packages/airflow/example_dags/example_branch_datetime_operator.py
[2025-07-18T12:49:13.967-0500] {processor.py:830} INFO - Processing file /home/abhiram/jobtrak-stack/venv/lib/python3.12/site-packages/airflow/example_dags/example_branch_datetime_operator.py for tasks to queue
[2025-07-18T12:49:13.968-0500] {logging_mixin.py:188} INFO - [2025-07-18T12:49:13.968-0500] {dagbag.py:545} INFO - Filling up the DagBag from /home/abhiram/jobtrak-stack/venv/lib/python3.12/site-packages/airflow/example_dags/example_branch_datetime_operator.py
[2025-07-18T12:49:13.979-0500] {processor.py:840} INFO - DAG(s) 'example_branch_datetime_operator_3', 'example_branch_datetime_operator', 'example_branch_datetime_operator_2' retrieved from /home/abhiram/jobtrak-stack/venv/lib/python3.12/site-packages/airflow/example_dags/example_branch_datetime_operator.py
[2025-07-18T12:49:14.005-0500] {logging_mixin.py:188} INFO - [2025-07-18T12:49:14.005-0500] {dag.py:3096} INFO - Sync 3 DAGs
[2025-07-18T12:49:14.025-0500] {logging_mixin.py:188} INFO - [2025-07-18T12:49:14.025-0500] {dag.py:3954} INFO - Setting next_dagrun for example_branch_datetime_operator to 2025-07-17 00:00:00+00:00, run_after=2025-07-18 00:00:00+00:00
[2025-07-18T12:49:14.029-0500] {logging_mixin.py:188} INFO - [2025-07-18T12:49:14.029-0500] {dag.py:3954} INFO - Setting next_dagrun for example_branch_datetime_operator_2 to 2025-07-17 00:00:00+00:00, run_after=2025-07-18 00:00:00+00:00
[2025-07-18T12:49:14.032-0500] {logging_mixin.py:188} INFO - [2025-07-18T12:49:14.031-0500] {dag.py:3954} INFO - Setting next_dagrun for example_branch_datetime_operator_3 to 2025-07-17 00:00:00+00:00, run_after=2025-07-18 00:00:00+00:00
[2025-07-18T12:49:14.048-0500] {processor.py:183} INFO - Processing /home/abhiram/jobtrak-stack/venv/lib/python3.12/site-packages/airflow/example_dags/example_branch_datetime_operator.py took 0.085 seconds
