[2025-07-18T11:49:18.995-0500] {processor.py:161} INFO - Started process (PID=843) to work on /home/abhiram/jobtrak-stack/venv/lib/python3.12/site-packages/airflow/example_dags/example_task_group_decorator.py
[2025-07-18T11:49:18.996-0500] {processor.py:830} INFO - Processing file /home/abhiram/jobtrak-stack/venv/lib/python3.12/site-packages/airflow/example_dags/example_task_group_decorator.py for tasks to queue
[2025-07-18T11:49:18.996-0500] {logging_mixin.py:188} INFO - [2025-07-18T11:49:18.996-0500] {dagbag.py:545} INFO - Filling up the DagBag from /home/abhiram/jobtrak-stack/venv/lib/python3.12/site-packages/airflow/example_dags/example_task_group_decorator.py
[2025-07-18T11:49:19.004-0500] {processor.py:840} INFO - DAG(s) 'example_task_group_decorator' retrieved from /home/abhiram/jobtrak-stack/venv/lib/python3.12/site-packages/airflow/example_dags/example_task_group_decorator.py
[2025-07-18T11:49:19.017-0500] {logging_mixin.py:188} INFO - [2025-07-18T11:49:19.016-0500] {dag.py:3096} INFO - Sync 1 DAGs
[2025-07-18T11:49:19.031-0500] {logging_mixin.py:188} INFO - [2025-07-18T11:49:19.031-0500] {dag.py:3954} INFO - Setting next_dagrun for example_task_group_decorator to 2025-07-17 00:00:00+00:00, run_after=2025-07-18 00:00:00+00:00
[2025-07-18T11:49:19.048-0500] {processor.py:183} INFO - Processing /home/abhiram/jobtrak-stack/venv/lib/python3.12/site-packages/airflow/example_dags/example_task_group_decorator.py took 0.057 seconds
[2025-07-18T11:49:50.689-0500] {processor.py:161} INFO - Started process (PID=969) to work on /home/abhiram/jobtrak-stack/venv/lib/python3.12/site-packages/airflow/example_dags/example_task_group_decorator.py
[2025-07-18T11:49:50.690-0500] {processor.py:830} INFO - Processing file /home/abhiram/jobtrak-stack/venv/lib/python3.12/site-packages/airflow/example_dags/example_task_group_decorator.py for tasks to queue
[2025-07-18T11:49:50.691-0500] {logging_mixin.py:188} INFO - [2025-07-18T11:49:50.691-0500] {dagbag.py:545} INFO - Filling up the DagBag from /home/abhiram/jobtrak-stack/venv/lib/python3.12/site-packages/airflow/example_dags/example_task_group_decorator.py
[2025-07-18T11:49:50.699-0500] {processor.py:840} INFO - DAG(s) 'example_task_group_decorator' retrieved from /home/abhiram/jobtrak-stack/venv/lib/python3.12/site-packages/airflow/example_dags/example_task_group_decorator.py
[2025-07-18T11:49:50.764-0500] {logging_mixin.py:188} INFO - [2025-07-18T11:49:50.764-0500] {dag.py:3096} INFO - Sync 1 DAGs
[2025-07-18T11:49:50.777-0500] {logging_mixin.py:188} INFO - [2025-07-18T11:49:50.777-0500] {dag.py:3954} INFO - Setting next_dagrun for example_task_group_decorator to 2025-07-17 00:00:00+00:00, run_after=2025-07-18 00:00:00+00:00
[2025-07-18T11:49:50.791-0500] {processor.py:183} INFO - Processing /home/abhiram/jobtrak-stack/venv/lib/python3.12/site-packages/airflow/example_dags/example_task_group_decorator.py took 0.106 seconds
[2025-07-18T11:50:21.175-0500] {processor.py:161} INFO - Started process (PID=1092) to work on /home/abhiram/jobtrak-stack/venv/lib/python3.12/site-packages/airflow/example_dags/example_task_group_decorator.py
[2025-07-18T11:50:21.176-0500] {processor.py:830} INFO - Processing file /home/abhiram/jobtrak-stack/venv/lib/python3.12/site-packages/airflow/example_dags/example_task_group_decorator.py for tasks to queue
[2025-07-18T11:50:21.177-0500] {logging_mixin.py:188} INFO - [2025-07-18T11:50:21.177-0500] {dagbag.py:545} INFO - Filling up the DagBag from /home/abhiram/jobtrak-stack/venv/lib/python3.12/site-packages/airflow/example_dags/example_task_group_decorator.py
[2025-07-18T11:50:21.186-0500] {processor.py:840} INFO - DAG(s) 'example_task_group_decorator' retrieved from /home/abhiram/jobtrak-stack/venv/lib/python3.12/site-packages/airflow/example_dags/example_task_group_decorator.py
[2025-07-18T11:50:21.207-0500] {logging_mixin.py:188} INFO - [2025-07-18T11:50:21.206-0500] {dag.py:3096} INFO - Sync 1 DAGs
[2025-07-18T11:50:21.223-0500] {logging_mixin.py:188} INFO - [2025-07-18T11:50:21.223-0500] {dag.py:3954} INFO - Setting next_dagrun for example_task_group_decorator to 2025-07-17 00:00:00+00:00, run_after=2025-07-18 00:00:00+00:00
[2025-07-18T11:50:21.241-0500] {processor.py:183} INFO - Processing /home/abhiram/jobtrak-stack/venv/lib/python3.12/site-packages/airflow/example_dags/example_task_group_decorator.py took 0.070 seconds
[2025-07-18T11:50:51.285-0500] {processor.py:161} INFO - Started process (PID=1200) to work on /home/abhiram/jobtrak-stack/venv/lib/python3.12/site-packages/airflow/example_dags/example_task_group_decorator.py
[2025-07-18T11:50:51.286-0500] {processor.py:830} INFO - Processing file /home/abhiram/jobtrak-stack/venv/lib/python3.12/site-packages/airflow/example_dags/example_task_group_decorator.py for tasks to queue
[2025-07-18T11:50:51.287-0500] {logging_mixin.py:188} INFO - [2025-07-18T11:50:51.287-0500] {dagbag.py:545} INFO - Filling up the DagBag from /home/abhiram/jobtrak-stack/venv/lib/python3.12/site-packages/airflow/example_dags/example_task_group_decorator.py
[2025-07-18T11:50:51.295-0500] {processor.py:840} INFO - DAG(s) 'example_task_group_decorator' retrieved from /home/abhiram/jobtrak-stack/venv/lib/python3.12/site-packages/airflow/example_dags/example_task_group_decorator.py
[2025-07-18T11:50:51.316-0500] {logging_mixin.py:188} INFO - [2025-07-18T11:50:51.316-0500] {dag.py:3096} INFO - Sync 1 DAGs
[2025-07-18T11:50:51.332-0500] {logging_mixin.py:188} INFO - [2025-07-18T11:50:51.332-0500] {dag.py:3954} INFO - Setting next_dagrun for example_task_group_decorator to 2025-07-17 00:00:00+00:00, run_after=2025-07-18 00:00:00+00:00
[2025-07-18T11:50:51.348-0500] {processor.py:183} INFO - Processing /home/abhiram/jobtrak-stack/venv/lib/python3.12/site-packages/airflow/example_dags/example_task_group_decorator.py took 0.066 seconds
[2025-07-18T11:51:21.492-0500] {processor.py:161} INFO - Started process (PID=1309) to work on /home/abhiram/jobtrak-stack/venv/lib/python3.12/site-packages/airflow/example_dags/example_task_group_decorator.py
[2025-07-18T11:51:21.494-0500] {processor.py:830} INFO - Processing file /home/abhiram/jobtrak-stack/venv/lib/python3.12/site-packages/airflow/example_dags/example_task_group_decorator.py for tasks to queue
[2025-07-18T11:51:21.495-0500] {logging_mixin.py:188} INFO - [2025-07-18T11:51:21.495-0500] {dagbag.py:545} INFO - Filling up the DagBag from /home/abhiram/jobtrak-stack/venv/lib/python3.12/site-packages/airflow/example_dags/example_task_group_decorator.py
[2025-07-18T11:51:21.502-0500] {processor.py:840} INFO - DAG(s) 'example_task_group_decorator' retrieved from /home/abhiram/jobtrak-stack/venv/lib/python3.12/site-packages/airflow/example_dags/example_task_group_decorator.py
[2025-07-18T11:51:21.521-0500] {logging_mixin.py:188} INFO - [2025-07-18T11:51:21.521-0500] {dag.py:3096} INFO - Sync 1 DAGs
[2025-07-18T11:51:21.535-0500] {logging_mixin.py:188} INFO - [2025-07-18T11:51:21.535-0500] {dag.py:3954} INFO - Setting next_dagrun for example_task_group_decorator to 2025-07-17 00:00:00+00:00, run_after=2025-07-18 00:00:00+00:00
[2025-07-18T11:51:21.549-0500] {processor.py:183} INFO - Processing /home/abhiram/jobtrak-stack/venv/lib/python3.12/site-packages/airflow/example_dags/example_task_group_decorator.py took 0.061 seconds
[2025-07-18T11:51:51.885-0500] {processor.py:161} INFO - Started process (PID=1414) to work on /home/abhiram/jobtrak-stack/venv/lib/python3.12/site-packages/airflow/example_dags/example_task_group_decorator.py
[2025-07-18T11:51:51.885-0500] {processor.py:830} INFO - Processing file /home/abhiram/jobtrak-stack/venv/lib/python3.12/site-packages/airflow/example_dags/example_task_group_decorator.py for tasks to queue
[2025-07-18T11:51:51.887-0500] {logging_mixin.py:188} INFO - [2025-07-18T11:51:51.886-0500] {dagbag.py:545} INFO - Filling up the DagBag from /home/abhiram/jobtrak-stack/venv/lib/python3.12/site-packages/airflow/example_dags/example_task_group_decorator.py
[2025-07-18T11:51:51.894-0500] {processor.py:840} INFO - DAG(s) 'example_task_group_decorator' retrieved from /home/abhiram/jobtrak-stack/venv/lib/python3.12/site-packages/airflow/example_dags/example_task_group_decorator.py
[2025-07-18T11:51:51.914-0500] {logging_mixin.py:188} INFO - [2025-07-18T11:51:51.914-0500] {dag.py:3096} INFO - Sync 1 DAGs
[2025-07-18T11:51:51.929-0500] {logging_mixin.py:188} INFO - [2025-07-18T11:51:51.929-0500] {dag.py:3954} INFO - Setting next_dagrun for example_task_group_decorator to 2025-07-17 00:00:00+00:00, run_after=2025-07-18 00:00:00+00:00
[2025-07-18T11:51:51.943-0500] {processor.py:183} INFO - Processing /home/abhiram/jobtrak-stack/venv/lib/python3.12/site-packages/airflow/example_dags/example_task_group_decorator.py took 0.066 seconds
[2025-07-18T12:32:16.235-0500] {processor.py:161} INFO - Started process (PID=1954) to work on /home/abhiram/jobtrak-stack/venv/lib/python3.12/site-packages/airflow/example_dags/example_task_group_decorator.py
[2025-07-18T12:32:16.236-0500] {processor.py:830} INFO - Processing file /home/abhiram/jobtrak-stack/venv/lib/python3.12/site-packages/airflow/example_dags/example_task_group_decorator.py for tasks to queue
[2025-07-18T12:32:16.237-0500] {logging_mixin.py:188} INFO - [2025-07-18T12:32:16.236-0500] {dagbag.py:545} INFO - Filling up the DagBag from /home/abhiram/jobtrak-stack/venv/lib/python3.12/site-packages/airflow/example_dags/example_task_group_decorator.py
[2025-07-18T12:32:16.244-0500] {processor.py:840} INFO - DAG(s) 'example_task_group_decorator' retrieved from /home/abhiram/jobtrak-stack/venv/lib/python3.12/site-packages/airflow/example_dags/example_task_group_decorator.py
[2025-07-18T12:32:16.270-0500] {logging_mixin.py:188} INFO - [2025-07-18T12:32:16.269-0500] {dag.py:3096} INFO - Sync 1 DAGs
[2025-07-18T12:32:16.283-0500] {logging_mixin.py:188} INFO - [2025-07-18T12:32:16.282-0500] {dag.py:3954} INFO - Setting next_dagrun for example_task_group_decorator to 2025-07-17 00:00:00+00:00, run_after=2025-07-18 00:00:00+00:00
[2025-07-18T12:32:16.300-0500] {processor.py:183} INFO - Processing /home/abhiram/jobtrak-stack/venv/lib/python3.12/site-packages/airflow/example_dags/example_task_group_decorator.py took 0.068 seconds
[2025-07-18T12:32:46.603-0500] {processor.py:161} INFO - Started process (PID=2083) to work on /home/abhiram/jobtrak-stack/venv/lib/python3.12/site-packages/airflow/example_dags/example_task_group_decorator.py
[2025-07-18T12:32:46.604-0500] {processor.py:830} INFO - Processing file /home/abhiram/jobtrak-stack/venv/lib/python3.12/site-packages/airflow/example_dags/example_task_group_decorator.py for tasks to queue
[2025-07-18T12:32:46.605-0500] {logging_mixin.py:188} INFO - [2025-07-18T12:32:46.605-0500] {dagbag.py:545} INFO - Filling up the DagBag from /home/abhiram/jobtrak-stack/venv/lib/python3.12/site-packages/airflow/example_dags/example_task_group_decorator.py
[2025-07-18T12:32:46.616-0500] {processor.py:840} INFO - DAG(s) 'example_task_group_decorator' retrieved from /home/abhiram/jobtrak-stack/venv/lib/python3.12/site-packages/airflow/example_dags/example_task_group_decorator.py
[2025-07-18T12:32:46.642-0500] {logging_mixin.py:188} INFO - [2025-07-18T12:32:46.642-0500] {dag.py:3096} INFO - Sync 1 DAGs
[2025-07-18T12:32:46.675-0500] {logging_mixin.py:188} INFO - [2025-07-18T12:32:46.675-0500] {dag.py:3954} INFO - Setting next_dagrun for example_task_group_decorator to 2025-07-17 00:00:00+00:00, run_after=2025-07-18 00:00:00+00:00
[2025-07-18T12:32:46.699-0500] {processor.py:183} INFO - Processing /home/abhiram/jobtrak-stack/venv/lib/python3.12/site-packages/airflow/example_dags/example_task_group_decorator.py took 0.100 seconds
[2025-07-18T12:33:16.807-0500] {processor.py:161} INFO - Started process (PID=2203) to work on /home/abhiram/jobtrak-stack/venv/lib/python3.12/site-packages/airflow/example_dags/example_task_group_decorator.py
[2025-07-18T12:33:16.808-0500] {processor.py:830} INFO - Processing file /home/abhiram/jobtrak-stack/venv/lib/python3.12/site-packages/airflow/example_dags/example_task_group_decorator.py for tasks to queue
[2025-07-18T12:33:16.809-0500] {logging_mixin.py:188} INFO - [2025-07-18T12:33:16.809-0500] {dagbag.py:545} INFO - Filling up the DagBag from /home/abhiram/jobtrak-stack/venv/lib/python3.12/site-packages/airflow/example_dags/example_task_group_decorator.py
[2025-07-18T12:33:16.818-0500] {processor.py:840} INFO - DAG(s) 'example_task_group_decorator' retrieved from /home/abhiram/jobtrak-stack/venv/lib/python3.12/site-packages/airflow/example_dags/example_task_group_decorator.py
[2025-07-18T12:33:16.837-0500] {logging_mixin.py:188} INFO - [2025-07-18T12:33:16.837-0500] {dag.py:3096} INFO - Sync 1 DAGs
[2025-07-18T12:33:16.850-0500] {logging_mixin.py:188} INFO - [2025-07-18T12:33:16.850-0500] {dag.py:3954} INFO - Setting next_dagrun for example_task_group_decorator to 2025-07-17 00:00:00+00:00, run_after=2025-07-18 00:00:00+00:00
[2025-07-18T12:33:16.865-0500] {processor.py:183} INFO - Processing /home/abhiram/jobtrak-stack/venv/lib/python3.12/site-packages/airflow/example_dags/example_task_group_decorator.py took 0.061 seconds
[2025-07-18T12:33:47.171-0500] {processor.py:161} INFO - Started process (PID=2317) to work on /home/abhiram/jobtrak-stack/venv/lib/python3.12/site-packages/airflow/example_dags/example_task_group_decorator.py
[2025-07-18T12:33:47.171-0500] {processor.py:830} INFO - Processing file /home/abhiram/jobtrak-stack/venv/lib/python3.12/site-packages/airflow/example_dags/example_task_group_decorator.py for tasks to queue
[2025-07-18T12:33:47.172-0500] {logging_mixin.py:188} INFO - [2025-07-18T12:33:47.172-0500] {dagbag.py:545} INFO - Filling up the DagBag from /home/abhiram/jobtrak-stack/venv/lib/python3.12/site-packages/airflow/example_dags/example_task_group_decorator.py
[2025-07-18T12:33:47.182-0500] {processor.py:840} INFO - DAG(s) 'example_task_group_decorator' retrieved from /home/abhiram/jobtrak-stack/venv/lib/python3.12/site-packages/airflow/example_dags/example_task_group_decorator.py
[2025-07-18T12:33:47.202-0500] {logging_mixin.py:188} INFO - [2025-07-18T12:33:47.202-0500] {dag.py:3096} INFO - Sync 1 DAGs
[2025-07-18T12:33:47.218-0500] {logging_mixin.py:188} INFO - [2025-07-18T12:33:47.218-0500] {dag.py:3954} INFO - Setting next_dagrun for example_task_group_decorator to 2025-07-17 00:00:00+00:00, run_after=2025-07-18 00:00:00+00:00
[2025-07-18T12:33:47.232-0500] {processor.py:183} INFO - Processing /home/abhiram/jobtrak-stack/venv/lib/python3.12/site-packages/airflow/example_dags/example_task_group_decorator.py took 0.065 seconds
[2025-07-18T12:34:17.554-0500] {processor.py:161} INFO - Started process (PID=2423) to work on /home/abhiram/jobtrak-stack/venv/lib/python3.12/site-packages/airflow/example_dags/example_task_group_decorator.py
[2025-07-18T12:34:17.555-0500] {processor.py:830} INFO - Processing file /home/abhiram/jobtrak-stack/venv/lib/python3.12/site-packages/airflow/example_dags/example_task_group_decorator.py for tasks to queue
[2025-07-18T12:34:17.556-0500] {logging_mixin.py:188} INFO - [2025-07-18T12:34:17.556-0500] {dagbag.py:545} INFO - Filling up the DagBag from /home/abhiram/jobtrak-stack/venv/lib/python3.12/site-packages/airflow/example_dags/example_task_group_decorator.py
[2025-07-18T12:34:17.567-0500] {processor.py:840} INFO - DAG(s) 'example_task_group_decorator' retrieved from /home/abhiram/jobtrak-stack/venv/lib/python3.12/site-packages/airflow/example_dags/example_task_group_decorator.py
[2025-07-18T12:34:17.590-0500] {logging_mixin.py:188} INFO - [2025-07-18T12:34:17.590-0500] {dag.py:3096} INFO - Sync 1 DAGs
[2025-07-18T12:34:17.625-0500] {logging_mixin.py:188} INFO - [2025-07-18T12:34:17.625-0500] {dag.py:3954} INFO - Setting next_dagrun for example_task_group_decorator to 2025-07-17 00:00:00+00:00, run_after=2025-07-18 00:00:00+00:00
[2025-07-18T12:34:17.676-0500] {processor.py:183} INFO - Processing /home/abhiram/jobtrak-stack/venv/lib/python3.12/site-packages/airflow/example_dags/example_task_group_decorator.py took 0.127 seconds
[2025-07-18T12:34:48.036-0500] {processor.py:161} INFO - Started process (PID=2531) to work on /home/abhiram/jobtrak-stack/venv/lib/python3.12/site-packages/airflow/example_dags/example_task_group_decorator.py
[2025-07-18T12:34:48.036-0500] {processor.py:830} INFO - Processing file /home/abhiram/jobtrak-stack/venv/lib/python3.12/site-packages/airflow/example_dags/example_task_group_decorator.py for tasks to queue
[2025-07-18T12:34:48.037-0500] {logging_mixin.py:188} INFO - [2025-07-18T12:34:48.037-0500] {dagbag.py:545} INFO - Filling up the DagBag from /home/abhiram/jobtrak-stack/venv/lib/python3.12/site-packages/airflow/example_dags/example_task_group_decorator.py
[2025-07-18T12:34:48.046-0500] {processor.py:840} INFO - DAG(s) 'example_task_group_decorator' retrieved from /home/abhiram/jobtrak-stack/venv/lib/python3.12/site-packages/airflow/example_dags/example_task_group_decorator.py
[2025-07-18T12:34:48.068-0500] {logging_mixin.py:188} INFO - [2025-07-18T12:34:48.068-0500] {dag.py:3096} INFO - Sync 1 DAGs
[2025-07-18T12:34:48.081-0500] {logging_mixin.py:188} INFO - [2025-07-18T12:34:48.081-0500] {dag.py:3954} INFO - Setting next_dagrun for example_task_group_decorator to 2025-07-17 00:00:00+00:00, run_after=2025-07-18 00:00:00+00:00
[2025-07-18T12:34:48.095-0500] {processor.py:183} INFO - Processing /home/abhiram/jobtrak-stack/venv/lib/python3.12/site-packages/airflow/example_dags/example_task_group_decorator.py took 0.064 seconds
[2025-07-18T12:35:19.085-0500] {processor.py:161} INFO - Started process (PID=2641) to work on /home/abhiram/jobtrak-stack/venv/lib/python3.12/site-packages/airflow/example_dags/example_task_group_decorator.py
[2025-07-18T12:35:19.087-0500] {processor.py:830} INFO - Processing file /home/abhiram/jobtrak-stack/venv/lib/python3.12/site-packages/airflow/example_dags/example_task_group_decorator.py for tasks to queue
[2025-07-18T12:35:19.089-0500] {logging_mixin.py:188} INFO - [2025-07-18T12:35:19.088-0500] {dagbag.py:545} INFO - Filling up the DagBag from /home/abhiram/jobtrak-stack/venv/lib/python3.12/site-packages/airflow/example_dags/example_task_group_decorator.py
[2025-07-18T12:35:19.100-0500] {processor.py:840} INFO - DAG(s) 'example_task_group_decorator' retrieved from /home/abhiram/jobtrak-stack/venv/lib/python3.12/site-packages/airflow/example_dags/example_task_group_decorator.py
[2025-07-18T12:35:19.130-0500] {logging_mixin.py:188} INFO - [2025-07-18T12:35:19.130-0500] {dag.py:3096} INFO - Sync 1 DAGs
[2025-07-18T12:35:19.150-0500] {logging_mixin.py:188} INFO - [2025-07-18T12:35:19.149-0500] {dag.py:3954} INFO - Setting next_dagrun for example_task_group_decorator to 2025-07-17 00:00:00+00:00, run_after=2025-07-18 00:00:00+00:00
[2025-07-18T12:35:19.168-0500] {processor.py:183} INFO - Processing /home/abhiram/jobtrak-stack/venv/lib/python3.12/site-packages/airflow/example_dags/example_task_group_decorator.py took 0.089 seconds
[2025-07-18T12:35:49.803-0500] {processor.py:161} INFO - Started process (PID=2746) to work on /home/abhiram/jobtrak-stack/venv/lib/python3.12/site-packages/airflow/example_dags/example_task_group_decorator.py
[2025-07-18T12:35:49.804-0500] {processor.py:830} INFO - Processing file /home/abhiram/jobtrak-stack/venv/lib/python3.12/site-packages/airflow/example_dags/example_task_group_decorator.py for tasks to queue
[2025-07-18T12:35:49.804-0500] {logging_mixin.py:188} INFO - [2025-07-18T12:35:49.804-0500] {dagbag.py:545} INFO - Filling up the DagBag from /home/abhiram/jobtrak-stack/venv/lib/python3.12/site-packages/airflow/example_dags/example_task_group_decorator.py
[2025-07-18T12:35:49.813-0500] {processor.py:840} INFO - DAG(s) 'example_task_group_decorator' retrieved from /home/abhiram/jobtrak-stack/venv/lib/python3.12/site-packages/airflow/example_dags/example_task_group_decorator.py
[2025-07-18T12:35:49.834-0500] {logging_mixin.py:188} INFO - [2025-07-18T12:35:49.834-0500] {dag.py:3096} INFO - Sync 1 DAGs
[2025-07-18T12:35:49.852-0500] {logging_mixin.py:188} INFO - [2025-07-18T12:35:49.851-0500] {dag.py:3954} INFO - Setting next_dagrun for example_task_group_decorator to 2025-07-17 00:00:00+00:00, run_after=2025-07-18 00:00:00+00:00
[2025-07-18T12:35:49.865-0500] {processor.py:183} INFO - Processing /home/abhiram/jobtrak-stack/venv/lib/python3.12/site-packages/airflow/example_dags/example_task_group_decorator.py took 0.066 seconds
[2025-07-18T12:36:20.458-0500] {processor.py:161} INFO - Started process (PID=2852) to work on /home/abhiram/jobtrak-stack/venv/lib/python3.12/site-packages/airflow/example_dags/example_task_group_decorator.py
[2025-07-18T12:36:20.460-0500] {processor.py:830} INFO - Processing file /home/abhiram/jobtrak-stack/venv/lib/python3.12/site-packages/airflow/example_dags/example_task_group_decorator.py for tasks to queue
[2025-07-18T12:36:20.461-0500] {logging_mixin.py:188} INFO - [2025-07-18T12:36:20.461-0500] {dagbag.py:545} INFO - Filling up the DagBag from /home/abhiram/jobtrak-stack/venv/lib/python3.12/site-packages/airflow/example_dags/example_task_group_decorator.py
[2025-07-18T12:36:20.469-0500] {processor.py:840} INFO - DAG(s) 'example_task_group_decorator' retrieved from /home/abhiram/jobtrak-stack/venv/lib/python3.12/site-packages/airflow/example_dags/example_task_group_decorator.py
[2025-07-18T12:36:20.493-0500] {logging_mixin.py:188} INFO - [2025-07-18T12:36:20.493-0500] {dag.py:3096} INFO - Sync 1 DAGs
[2025-07-18T12:36:20.509-0500] {logging_mixin.py:188} INFO - [2025-07-18T12:36:20.509-0500] {dag.py:3954} INFO - Setting next_dagrun for example_task_group_decorator to 2025-07-17 00:00:00+00:00, run_after=2025-07-18 00:00:00+00:00
[2025-07-18T12:36:20.532-0500] {processor.py:183} INFO - Processing /home/abhiram/jobtrak-stack/venv/lib/python3.12/site-packages/airflow/example_dags/example_task_group_decorator.py took 0.078 seconds
[2025-07-18T12:36:50.804-0500] {processor.py:161} INFO - Started process (PID=2968) to work on /home/abhiram/jobtrak-stack/venv/lib/python3.12/site-packages/airflow/example_dags/example_task_group_decorator.py
[2025-07-18T12:36:50.805-0500] {processor.py:830} INFO - Processing file /home/abhiram/jobtrak-stack/venv/lib/python3.12/site-packages/airflow/example_dags/example_task_group_decorator.py for tasks to queue
[2025-07-18T12:36:50.807-0500] {logging_mixin.py:188} INFO - [2025-07-18T12:36:50.807-0500] {dagbag.py:545} INFO - Filling up the DagBag from /home/abhiram/jobtrak-stack/venv/lib/python3.12/site-packages/airflow/example_dags/example_task_group_decorator.py
[2025-07-18T12:36:50.819-0500] {processor.py:840} INFO - DAG(s) 'example_task_group_decorator' retrieved from /home/abhiram/jobtrak-stack/venv/lib/python3.12/site-packages/airflow/example_dags/example_task_group_decorator.py
[2025-07-18T12:36:50.842-0500] {logging_mixin.py:188} INFO - [2025-07-18T12:36:50.842-0500] {dag.py:3096} INFO - Sync 1 DAGs
[2025-07-18T12:36:50.856-0500] {logging_mixin.py:188} INFO - [2025-07-18T12:36:50.856-0500] {dag.py:3954} INFO - Setting next_dagrun for example_task_group_decorator to 2025-07-17 00:00:00+00:00, run_after=2025-07-18 00:00:00+00:00
[2025-07-18T12:36:50.873-0500] {processor.py:183} INFO - Processing /home/abhiram/jobtrak-stack/venv/lib/python3.12/site-packages/airflow/example_dags/example_task_group_decorator.py took 0.078 seconds
[2025-07-18T12:37:22.189-0500] {processor.py:161} INFO - Started process (PID=3186) to work on /home/abhiram/jobtrak-stack/venv/lib/python3.12/site-packages/airflow/example_dags/example_task_group_decorator.py
[2025-07-18T12:37:22.191-0500] {processor.py:830} INFO - Processing file /home/abhiram/jobtrak-stack/venv/lib/python3.12/site-packages/airflow/example_dags/example_task_group_decorator.py for tasks to queue
[2025-07-18T12:37:22.193-0500] {logging_mixin.py:188} INFO - [2025-07-18T12:37:22.193-0500] {dagbag.py:545} INFO - Filling up the DagBag from /home/abhiram/jobtrak-stack/venv/lib/python3.12/site-packages/airflow/example_dags/example_task_group_decorator.py
[2025-07-18T12:37:22.210-0500] {processor.py:840} INFO - DAG(s) 'example_task_group_decorator' retrieved from /home/abhiram/jobtrak-stack/venv/lib/python3.12/site-packages/airflow/example_dags/example_task_group_decorator.py
[2025-07-18T12:37:22.234-0500] {logging_mixin.py:188} INFO - [2025-07-18T12:37:22.234-0500] {dag.py:3096} INFO - Sync 1 DAGs
[2025-07-18T12:37:22.249-0500] {logging_mixin.py:188} INFO - [2025-07-18T12:37:22.249-0500] {dag.py:3954} INFO - Setting next_dagrun for example_task_group_decorator to 2025-07-17 00:00:00+00:00, run_after=2025-07-18 00:00:00+00:00
[2025-07-18T12:37:22.267-0500] {processor.py:183} INFO - Processing /home/abhiram/jobtrak-stack/venv/lib/python3.12/site-packages/airflow/example_dags/example_task_group_decorator.py took 0.088 seconds
[2025-07-18T12:37:52.467-0500] {processor.py:161} INFO - Started process (PID=3293) to work on /home/abhiram/jobtrak-stack/venv/lib/python3.12/site-packages/airflow/example_dags/example_task_group_decorator.py
[2025-07-18T12:37:52.467-0500] {processor.py:830} INFO - Processing file /home/abhiram/jobtrak-stack/venv/lib/python3.12/site-packages/airflow/example_dags/example_task_group_decorator.py for tasks to queue
[2025-07-18T12:37:52.468-0500] {logging_mixin.py:188} INFO - [2025-07-18T12:37:52.468-0500] {dagbag.py:545} INFO - Filling up the DagBag from /home/abhiram/jobtrak-stack/venv/lib/python3.12/site-packages/airflow/example_dags/example_task_group_decorator.py
[2025-07-18T12:37:52.477-0500] {processor.py:840} INFO - DAG(s) 'example_task_group_decorator' retrieved from /home/abhiram/jobtrak-stack/venv/lib/python3.12/site-packages/airflow/example_dags/example_task_group_decorator.py
[2025-07-18T12:37:52.500-0500] {logging_mixin.py:188} INFO - [2025-07-18T12:37:52.499-0500] {dag.py:3096} INFO - Sync 1 DAGs
[2025-07-18T12:37:52.515-0500] {logging_mixin.py:188} INFO - [2025-07-18T12:37:52.515-0500] {dag.py:3954} INFO - Setting next_dagrun for example_task_group_decorator to 2025-07-17 00:00:00+00:00, run_after=2025-07-18 00:00:00+00:00
[2025-07-18T12:37:52.534-0500] {processor.py:183} INFO - Processing /home/abhiram/jobtrak-stack/venv/lib/python3.12/site-packages/airflow/example_dags/example_task_group_decorator.py took 0.071 seconds
[2025-07-18T12:38:22.867-0500] {processor.py:161} INFO - Started process (PID=3400) to work on /home/abhiram/jobtrak-stack/venv/lib/python3.12/site-packages/airflow/example_dags/example_task_group_decorator.py
[2025-07-18T12:38:22.869-0500] {processor.py:830} INFO - Processing file /home/abhiram/jobtrak-stack/venv/lib/python3.12/site-packages/airflow/example_dags/example_task_group_decorator.py for tasks to queue
[2025-07-18T12:38:22.870-0500] {logging_mixin.py:188} INFO - [2025-07-18T12:38:22.870-0500] {dagbag.py:545} INFO - Filling up the DagBag from /home/abhiram/jobtrak-stack/venv/lib/python3.12/site-packages/airflow/example_dags/example_task_group_decorator.py
[2025-07-18T12:38:22.879-0500] {processor.py:840} INFO - DAG(s) 'example_task_group_decorator' retrieved from /home/abhiram/jobtrak-stack/venv/lib/python3.12/site-packages/airflow/example_dags/example_task_group_decorator.py
[2025-07-18T12:38:22.903-0500] {logging_mixin.py:188} INFO - [2025-07-18T12:38:22.902-0500] {dag.py:3096} INFO - Sync 1 DAGs
[2025-07-18T12:38:22.917-0500] {logging_mixin.py:188} INFO - [2025-07-18T12:38:22.917-0500] {dag.py:3954} INFO - Setting next_dagrun for example_task_group_decorator to 2025-07-17 00:00:00+00:00, run_after=2025-07-18 00:00:00+00:00
[2025-07-18T12:38:22.935-0500] {processor.py:183} INFO - Processing /home/abhiram/jobtrak-stack/venv/lib/python3.12/site-packages/airflow/example_dags/example_task_group_decorator.py took 0.074 seconds
[2025-07-18T12:38:53.299-0500] {processor.py:161} INFO - Started process (PID=3508) to work on /home/abhiram/jobtrak-stack/venv/lib/python3.12/site-packages/airflow/example_dags/example_task_group_decorator.py
[2025-07-18T12:38:53.301-0500] {processor.py:830} INFO - Processing file /home/abhiram/jobtrak-stack/venv/lib/python3.12/site-packages/airflow/example_dags/example_task_group_decorator.py for tasks to queue
[2025-07-18T12:38:53.302-0500] {logging_mixin.py:188} INFO - [2025-07-18T12:38:53.302-0500] {dagbag.py:545} INFO - Filling up the DagBag from /home/abhiram/jobtrak-stack/venv/lib/python3.12/site-packages/airflow/example_dags/example_task_group_decorator.py
[2025-07-18T12:38:53.312-0500] {processor.py:840} INFO - DAG(s) 'example_task_group_decorator' retrieved from /home/abhiram/jobtrak-stack/venv/lib/python3.12/site-packages/airflow/example_dags/example_task_group_decorator.py
[2025-07-18T12:38:53.334-0500] {logging_mixin.py:188} INFO - [2025-07-18T12:38:53.334-0500] {dag.py:3096} INFO - Sync 1 DAGs
[2025-07-18T12:38:53.350-0500] {logging_mixin.py:188} INFO - [2025-07-18T12:38:53.349-0500] {dag.py:3954} INFO - Setting next_dagrun for example_task_group_decorator to 2025-07-17 00:00:00+00:00, run_after=2025-07-18 00:00:00+00:00
[2025-07-18T12:38:53.367-0500] {processor.py:183} INFO - Processing /home/abhiram/jobtrak-stack/venv/lib/python3.12/site-packages/airflow/example_dags/example_task_group_decorator.py took 0.073 seconds
[2025-07-18T12:39:23.516-0500] {processor.py:161} INFO - Started process (PID=3615) to work on /home/abhiram/jobtrak-stack/venv/lib/python3.12/site-packages/airflow/example_dags/example_task_group_decorator.py
[2025-07-18T12:39:23.517-0500] {processor.py:830} INFO - Processing file /home/abhiram/jobtrak-stack/venv/lib/python3.12/site-packages/airflow/example_dags/example_task_group_decorator.py for tasks to queue
[2025-07-18T12:39:23.518-0500] {logging_mixin.py:188} INFO - [2025-07-18T12:39:23.518-0500] {dagbag.py:545} INFO - Filling up the DagBag from /home/abhiram/jobtrak-stack/venv/lib/python3.12/site-packages/airflow/example_dags/example_task_group_decorator.py
[2025-07-18T12:39:23.529-0500] {processor.py:840} INFO - DAG(s) 'example_task_group_decorator' retrieved from /home/abhiram/jobtrak-stack/venv/lib/python3.12/site-packages/airflow/example_dags/example_task_group_decorator.py
[2025-07-18T12:39:23.548-0500] {logging_mixin.py:188} INFO - [2025-07-18T12:39:23.548-0500] {dag.py:3096} INFO - Sync 1 DAGs
[2025-07-18T12:39:23.562-0500] {logging_mixin.py:188} INFO - [2025-07-18T12:39:23.562-0500] {dag.py:3954} INFO - Setting next_dagrun for example_task_group_decorator to 2025-07-17 00:00:00+00:00, run_after=2025-07-18 00:00:00+00:00
[2025-07-18T12:39:23.577-0500] {processor.py:183} INFO - Processing /home/abhiram/jobtrak-stack/venv/lib/python3.12/site-packages/airflow/example_dags/example_task_group_decorator.py took 0.065 seconds
[2025-07-18T12:39:53.597-0500] {processor.py:161} INFO - Started process (PID=3721) to work on /home/abhiram/jobtrak-stack/venv/lib/python3.12/site-packages/airflow/example_dags/example_task_group_decorator.py
[2025-07-18T12:39:53.598-0500] {processor.py:830} INFO - Processing file /home/abhiram/jobtrak-stack/venv/lib/python3.12/site-packages/airflow/example_dags/example_task_group_decorator.py for tasks to queue
[2025-07-18T12:39:53.599-0500] {logging_mixin.py:188} INFO - [2025-07-18T12:39:53.599-0500] {dagbag.py:545} INFO - Filling up the DagBag from /home/abhiram/jobtrak-stack/venv/lib/python3.12/site-packages/airflow/example_dags/example_task_group_decorator.py
[2025-07-18T12:39:53.611-0500] {processor.py:840} INFO - DAG(s) 'example_task_group_decorator' retrieved from /home/abhiram/jobtrak-stack/venv/lib/python3.12/site-packages/airflow/example_dags/example_task_group_decorator.py
[2025-07-18T12:39:53.642-0500] {logging_mixin.py:188} INFO - [2025-07-18T12:39:53.642-0500] {dag.py:3096} INFO - Sync 1 DAGs
[2025-07-18T12:39:53.665-0500] {logging_mixin.py:188} INFO - [2025-07-18T12:39:53.664-0500] {dag.py:3954} INFO - Setting next_dagrun for example_task_group_decorator to 2025-07-17 00:00:00+00:00, run_after=2025-07-18 00:00:00+00:00
[2025-07-18T12:39:53.702-0500] {processor.py:183} INFO - Processing /home/abhiram/jobtrak-stack/venv/lib/python3.12/site-packages/airflow/example_dags/example_task_group_decorator.py took 0.111 seconds
[2025-07-18T12:40:23.831-0500] {processor.py:161} INFO - Started process (PID=3838) to work on /home/abhiram/jobtrak-stack/venv/lib/python3.12/site-packages/airflow/example_dags/example_task_group_decorator.py
[2025-07-18T12:40:23.833-0500] {processor.py:830} INFO - Processing file /home/abhiram/jobtrak-stack/venv/lib/python3.12/site-packages/airflow/example_dags/example_task_group_decorator.py for tasks to queue
[2025-07-18T12:40:23.835-0500] {logging_mixin.py:188} INFO - [2025-07-18T12:40:23.834-0500] {dagbag.py:545} INFO - Filling up the DagBag from /home/abhiram/jobtrak-stack/venv/lib/python3.12/site-packages/airflow/example_dags/example_task_group_decorator.py
[2025-07-18T12:40:23.846-0500] {processor.py:840} INFO - DAG(s) 'example_task_group_decorator' retrieved from /home/abhiram/jobtrak-stack/venv/lib/python3.12/site-packages/airflow/example_dags/example_task_group_decorator.py
[2025-07-18T12:40:23.876-0500] {logging_mixin.py:188} INFO - [2025-07-18T12:40:23.876-0500] {dag.py:3096} INFO - Sync 1 DAGs
[2025-07-18T12:40:23.897-0500] {logging_mixin.py:188} INFO - [2025-07-18T12:40:23.897-0500] {dag.py:3954} INFO - Setting next_dagrun for example_task_group_decorator to 2025-07-17 00:00:00+00:00, run_after=2025-07-18 00:00:00+00:00
[2025-07-18T12:40:23.923-0500] {processor.py:183} INFO - Processing /home/abhiram/jobtrak-stack/venv/lib/python3.12/site-packages/airflow/example_dags/example_task_group_decorator.py took 0.098 seconds
[2025-07-18T12:40:32.071-0500] {processor.py:161} INFO - Started process (PID=3912) to work on /home/abhiram/jobtrak-stack/venv/lib/python3.12/site-packages/airflow/example_dags/example_task_group_decorator.py
[2025-07-18T12:40:32.071-0500] {processor.py:830} INFO - Processing file /home/abhiram/jobtrak-stack/venv/lib/python3.12/site-packages/airflow/example_dags/example_task_group_decorator.py for tasks to queue
[2025-07-18T12:40:32.072-0500] {logging_mixin.py:188} INFO - [2025-07-18T12:40:32.072-0500] {dagbag.py:545} INFO - Filling up the DagBag from /home/abhiram/jobtrak-stack/venv/lib/python3.12/site-packages/airflow/example_dags/example_task_group_decorator.py
[2025-07-18T12:40:32.081-0500] {processor.py:840} INFO - DAG(s) 'example_task_group_decorator' retrieved from /home/abhiram/jobtrak-stack/venv/lib/python3.12/site-packages/airflow/example_dags/example_task_group_decorator.py
[2025-07-18T12:40:32.103-0500] {logging_mixin.py:188} INFO - [2025-07-18T12:40:32.103-0500] {dag.py:3096} INFO - Sync 1 DAGs
[2025-07-18T12:40:32.117-0500] {logging_mixin.py:188} INFO - [2025-07-18T12:40:32.117-0500] {dag.py:3954} INFO - Setting next_dagrun for example_task_group_decorator to 2025-07-17 00:00:00+00:00, run_after=2025-07-18 00:00:00+00:00
[2025-07-18T12:40:32.130-0500] {processor.py:183} INFO - Processing /home/abhiram/jobtrak-stack/venv/lib/python3.12/site-packages/airflow/example_dags/example_task_group_decorator.py took 0.062 seconds
[2025-07-18T12:41:02.581-0500] {processor.py:161} INFO - Started process (PID=4035) to work on /home/abhiram/jobtrak-stack/venv/lib/python3.12/site-packages/airflow/example_dags/example_task_group_decorator.py
[2025-07-18T12:41:02.582-0500] {processor.py:830} INFO - Processing file /home/abhiram/jobtrak-stack/venv/lib/python3.12/site-packages/airflow/example_dags/example_task_group_decorator.py for tasks to queue
[2025-07-18T12:41:02.583-0500] {logging_mixin.py:188} INFO - [2025-07-18T12:41:02.583-0500] {dagbag.py:545} INFO - Filling up the DagBag from /home/abhiram/jobtrak-stack/venv/lib/python3.12/site-packages/airflow/example_dags/example_task_group_decorator.py
[2025-07-18T12:41:02.591-0500] {processor.py:840} INFO - DAG(s) 'example_task_group_decorator' retrieved from /home/abhiram/jobtrak-stack/venv/lib/python3.12/site-packages/airflow/example_dags/example_task_group_decorator.py
[2025-07-18T12:41:02.609-0500] {logging_mixin.py:188} INFO - [2025-07-18T12:41:02.609-0500] {dag.py:3096} INFO - Sync 1 DAGs
[2025-07-18T12:41:02.623-0500] {logging_mixin.py:188} INFO - [2025-07-18T12:41:02.623-0500] {dag.py:3954} INFO - Setting next_dagrun for example_task_group_decorator to 2025-07-17 00:00:00+00:00, run_after=2025-07-18 00:00:00+00:00
[2025-07-18T12:41:02.636-0500] {processor.py:183} INFO - Processing /home/abhiram/jobtrak-stack/venv/lib/python3.12/site-packages/airflow/example_dags/example_task_group_decorator.py took 0.058 seconds
[2025-07-18T12:41:33.142-0500] {processor.py:161} INFO - Started process (PID=4201) to work on /home/abhiram/jobtrak-stack/venv/lib/python3.12/site-packages/airflow/example_dags/example_task_group_decorator.py
[2025-07-18T12:41:33.143-0500] {processor.py:830} INFO - Processing file /home/abhiram/jobtrak-stack/venv/lib/python3.12/site-packages/airflow/example_dags/example_task_group_decorator.py for tasks to queue
[2025-07-18T12:41:33.146-0500] {logging_mixin.py:188} INFO - [2025-07-18T12:41:33.145-0500] {dagbag.py:545} INFO - Filling up the DagBag from /home/abhiram/jobtrak-stack/venv/lib/python3.12/site-packages/airflow/example_dags/example_task_group_decorator.py
[2025-07-18T12:41:33.163-0500] {processor.py:840} INFO - DAG(s) 'example_task_group_decorator' retrieved from /home/abhiram/jobtrak-stack/venv/lib/python3.12/site-packages/airflow/example_dags/example_task_group_decorator.py
[2025-07-18T12:41:33.188-0500] {logging_mixin.py:188} INFO - [2025-07-18T12:41:33.188-0500] {dag.py:3096} INFO - Sync 1 DAGs
[2025-07-18T12:41:33.205-0500] {logging_mixin.py:188} INFO - [2025-07-18T12:41:33.205-0500] {dag.py:3954} INFO - Setting next_dagrun for example_task_group_decorator to 2025-07-17 00:00:00+00:00, run_after=2025-07-18 00:00:00+00:00
[2025-07-18T12:41:33.224-0500] {processor.py:183} INFO - Processing /home/abhiram/jobtrak-stack/venv/lib/python3.12/site-packages/airflow/example_dags/example_task_group_decorator.py took 0.090 seconds
[2025-07-18T12:42:03.692-0500] {processor.py:161} INFO - Started process (PID=4308) to work on /home/abhiram/jobtrak-stack/venv/lib/python3.12/site-packages/airflow/example_dags/example_task_group_decorator.py
[2025-07-18T12:42:03.694-0500] {processor.py:830} INFO - Processing file /home/abhiram/jobtrak-stack/venv/lib/python3.12/site-packages/airflow/example_dags/example_task_group_decorator.py for tasks to queue
[2025-07-18T12:42:03.695-0500] {logging_mixin.py:188} INFO - [2025-07-18T12:42:03.695-0500] {dagbag.py:545} INFO - Filling up the DagBag from /home/abhiram/jobtrak-stack/venv/lib/python3.12/site-packages/airflow/example_dags/example_task_group_decorator.py
[2025-07-18T12:42:03.705-0500] {processor.py:840} INFO - DAG(s) 'example_task_group_decorator' retrieved from /home/abhiram/jobtrak-stack/venv/lib/python3.12/site-packages/airflow/example_dags/example_task_group_decorator.py
[2025-07-18T12:42:03.727-0500] {logging_mixin.py:188} INFO - [2025-07-18T12:42:03.727-0500] {dag.py:3096} INFO - Sync 1 DAGs
[2025-07-18T12:42:03.742-0500] {logging_mixin.py:188} INFO - [2025-07-18T12:42:03.742-0500] {dag.py:3954} INFO - Setting next_dagrun for example_task_group_decorator to 2025-07-17 00:00:00+00:00, run_after=2025-07-18 00:00:00+00:00
[2025-07-18T12:42:03.758-0500] {processor.py:183} INFO - Processing /home/abhiram/jobtrak-stack/venv/lib/python3.12/site-packages/airflow/example_dags/example_task_group_decorator.py took 0.070 seconds
[2025-07-18T12:42:34.089-0500] {processor.py:161} INFO - Started process (PID=4417) to work on /home/abhiram/jobtrak-stack/venv/lib/python3.12/site-packages/airflow/example_dags/example_task_group_decorator.py
[2025-07-18T12:42:34.090-0500] {processor.py:830} INFO - Processing file /home/abhiram/jobtrak-stack/venv/lib/python3.12/site-packages/airflow/example_dags/example_task_group_decorator.py for tasks to queue
[2025-07-18T12:42:34.091-0500] {logging_mixin.py:188} INFO - [2025-07-18T12:42:34.091-0500] {dagbag.py:545} INFO - Filling up the DagBag from /home/abhiram/jobtrak-stack/venv/lib/python3.12/site-packages/airflow/example_dags/example_task_group_decorator.py
[2025-07-18T12:42:34.099-0500] {processor.py:840} INFO - DAG(s) 'example_task_group_decorator' retrieved from /home/abhiram/jobtrak-stack/venv/lib/python3.12/site-packages/airflow/example_dags/example_task_group_decorator.py
[2025-07-18T12:42:34.121-0500] {logging_mixin.py:188} INFO - [2025-07-18T12:42:34.121-0500] {dag.py:3096} INFO - Sync 1 DAGs
[2025-07-18T12:42:34.137-0500] {logging_mixin.py:188} INFO - [2025-07-18T12:42:34.137-0500] {dag.py:3954} INFO - Setting next_dagrun for example_task_group_decorator to 2025-07-17 00:00:00+00:00, run_after=2025-07-18 00:00:00+00:00
[2025-07-18T12:42:34.152-0500] {processor.py:183} INFO - Processing /home/abhiram/jobtrak-stack/venv/lib/python3.12/site-packages/airflow/example_dags/example_task_group_decorator.py took 0.067 seconds
[2025-07-18T12:43:04.405-0500] {processor.py:161} INFO - Started process (PID=4525) to work on /home/abhiram/jobtrak-stack/venv/lib/python3.12/site-packages/airflow/example_dags/example_task_group_decorator.py
[2025-07-18T12:43:04.406-0500] {processor.py:830} INFO - Processing file /home/abhiram/jobtrak-stack/venv/lib/python3.12/site-packages/airflow/example_dags/example_task_group_decorator.py for tasks to queue
[2025-07-18T12:43:04.407-0500] {logging_mixin.py:188} INFO - [2025-07-18T12:43:04.407-0500] {dagbag.py:545} INFO - Filling up the DagBag from /home/abhiram/jobtrak-stack/venv/lib/python3.12/site-packages/airflow/example_dags/example_task_group_decorator.py
[2025-07-18T12:43:04.415-0500] {processor.py:840} INFO - DAG(s) 'example_task_group_decorator' retrieved from /home/abhiram/jobtrak-stack/venv/lib/python3.12/site-packages/airflow/example_dags/example_task_group_decorator.py
[2025-07-18T12:43:04.434-0500] {logging_mixin.py:188} INFO - [2025-07-18T12:43:04.434-0500] {dag.py:3096} INFO - Sync 1 DAGs
[2025-07-18T12:43:04.447-0500] {logging_mixin.py:188} INFO - [2025-07-18T12:43:04.447-0500] {dag.py:3954} INFO - Setting next_dagrun for example_task_group_decorator to 2025-07-17 00:00:00+00:00, run_after=2025-07-18 00:00:00+00:00
[2025-07-18T12:43:04.462-0500] {processor.py:183} INFO - Processing /home/abhiram/jobtrak-stack/venv/lib/python3.12/site-packages/airflow/example_dags/example_task_group_decorator.py took 0.062 seconds
[2025-07-18T12:43:34.895-0500] {processor.py:161} INFO - Started process (PID=4634) to work on /home/abhiram/jobtrak-stack/venv/lib/python3.12/site-packages/airflow/example_dags/example_task_group_decorator.py
[2025-07-18T12:43:34.896-0500] {processor.py:830} INFO - Processing file /home/abhiram/jobtrak-stack/venv/lib/python3.12/site-packages/airflow/example_dags/example_task_group_decorator.py for tasks to queue
[2025-07-18T12:43:34.897-0500] {logging_mixin.py:188} INFO - [2025-07-18T12:43:34.897-0500] {dagbag.py:545} INFO - Filling up the DagBag from /home/abhiram/jobtrak-stack/venv/lib/python3.12/site-packages/airflow/example_dags/example_task_group_decorator.py
[2025-07-18T12:43:34.905-0500] {processor.py:840} INFO - DAG(s) 'example_task_group_decorator' retrieved from /home/abhiram/jobtrak-stack/venv/lib/python3.12/site-packages/airflow/example_dags/example_task_group_decorator.py
[2025-07-18T12:43:34.928-0500] {logging_mixin.py:188} INFO - [2025-07-18T12:43:34.927-0500] {dag.py:3096} INFO - Sync 1 DAGs
[2025-07-18T12:43:34.943-0500] {logging_mixin.py:188} INFO - [2025-07-18T12:43:34.943-0500] {dag.py:3954} INFO - Setting next_dagrun for example_task_group_decorator to 2025-07-17 00:00:00+00:00, run_after=2025-07-18 00:00:00+00:00
[2025-07-18T12:43:34.960-0500] {processor.py:183} INFO - Processing /home/abhiram/jobtrak-stack/venv/lib/python3.12/site-packages/airflow/example_dags/example_task_group_decorator.py took 0.069 seconds
[2025-07-18T12:44:05.630-0500] {processor.py:161} INFO - Started process (PID=4744) to work on /home/abhiram/jobtrak-stack/venv/lib/python3.12/site-packages/airflow/example_dags/example_task_group_decorator.py
[2025-07-18T12:44:05.631-0500] {processor.py:830} INFO - Processing file /home/abhiram/jobtrak-stack/venv/lib/python3.12/site-packages/airflow/example_dags/example_task_group_decorator.py for tasks to queue
[2025-07-18T12:44:05.632-0500] {logging_mixin.py:188} INFO - [2025-07-18T12:44:05.632-0500] {dagbag.py:545} INFO - Filling up the DagBag from /home/abhiram/jobtrak-stack/venv/lib/python3.12/site-packages/airflow/example_dags/example_task_group_decorator.py
[2025-07-18T12:44:05.641-0500] {processor.py:840} INFO - DAG(s) 'example_task_group_decorator' retrieved from /home/abhiram/jobtrak-stack/venv/lib/python3.12/site-packages/airflow/example_dags/example_task_group_decorator.py
[2025-07-18T12:44:05.660-0500] {logging_mixin.py:188} INFO - [2025-07-18T12:44:05.660-0500] {dag.py:3096} INFO - Sync 1 DAGs
[2025-07-18T12:44:05.674-0500] {logging_mixin.py:188} INFO - [2025-07-18T12:44:05.674-0500] {dag.py:3954} INFO - Setting next_dagrun for example_task_group_decorator to 2025-07-17 00:00:00+00:00, run_after=2025-07-18 00:00:00+00:00
[2025-07-18T12:44:05.688-0500] {processor.py:183} INFO - Processing /home/abhiram/jobtrak-stack/venv/lib/python3.12/site-packages/airflow/example_dags/example_task_group_decorator.py took 0.061 seconds
[2025-07-18T12:44:36.470-0500] {processor.py:161} INFO - Started process (PID=4853) to work on /home/abhiram/jobtrak-stack/venv/lib/python3.12/site-packages/airflow/example_dags/example_task_group_decorator.py
[2025-07-18T12:44:36.471-0500] {processor.py:830} INFO - Processing file /home/abhiram/jobtrak-stack/venv/lib/python3.12/site-packages/airflow/example_dags/example_task_group_decorator.py for tasks to queue
[2025-07-18T12:44:36.472-0500] {logging_mixin.py:188} INFO - [2025-07-18T12:44:36.472-0500] {dagbag.py:545} INFO - Filling up the DagBag from /home/abhiram/jobtrak-stack/venv/lib/python3.12/site-packages/airflow/example_dags/example_task_group_decorator.py
[2025-07-18T12:44:36.480-0500] {processor.py:840} INFO - DAG(s) 'example_task_group_decorator' retrieved from /home/abhiram/jobtrak-stack/venv/lib/python3.12/site-packages/airflow/example_dags/example_task_group_decorator.py
[2025-07-18T12:44:36.502-0500] {logging_mixin.py:188} INFO - [2025-07-18T12:44:36.501-0500] {dag.py:3096} INFO - Sync 1 DAGs
[2025-07-18T12:44:36.517-0500] {logging_mixin.py:188} INFO - [2025-07-18T12:44:36.517-0500] {dag.py:3954} INFO - Setting next_dagrun for example_task_group_decorator to 2025-07-17 00:00:00+00:00, run_after=2025-07-18 00:00:00+00:00
[2025-07-18T12:44:36.534-0500] {processor.py:183} INFO - Processing /home/abhiram/jobtrak-stack/venv/lib/python3.12/site-packages/airflow/example_dags/example_task_group_decorator.py took 0.068 seconds
[2025-07-18T12:45:08.108-0500] {processor.py:161} INFO - Started process (PID=4964) to work on /home/abhiram/jobtrak-stack/venv/lib/python3.12/site-packages/airflow/example_dags/example_task_group_decorator.py
[2025-07-18T12:45:08.109-0500] {processor.py:830} INFO - Processing file /home/abhiram/jobtrak-stack/venv/lib/python3.12/site-packages/airflow/example_dags/example_task_group_decorator.py for tasks to queue
[2025-07-18T12:45:08.110-0500] {logging_mixin.py:188} INFO - [2025-07-18T12:45:08.110-0500] {dagbag.py:545} INFO - Filling up the DagBag from /home/abhiram/jobtrak-stack/venv/lib/python3.12/site-packages/airflow/example_dags/example_task_group_decorator.py
[2025-07-18T12:45:08.119-0500] {processor.py:840} INFO - DAG(s) 'example_task_group_decorator' retrieved from /home/abhiram/jobtrak-stack/venv/lib/python3.12/site-packages/airflow/example_dags/example_task_group_decorator.py
[2025-07-18T12:45:08.139-0500] {logging_mixin.py:188} INFO - [2025-07-18T12:45:08.139-0500] {dag.py:3096} INFO - Sync 1 DAGs
[2025-07-18T12:45:08.153-0500] {logging_mixin.py:188} INFO - [2025-07-18T12:45:08.153-0500] {dag.py:3954} INFO - Setting next_dagrun for example_task_group_decorator to 2025-07-17 00:00:00+00:00, run_after=2025-07-18 00:00:00+00:00
[2025-07-18T12:45:08.168-0500] {processor.py:183} INFO - Processing /home/abhiram/jobtrak-stack/venv/lib/python3.12/site-packages/airflow/example_dags/example_task_group_decorator.py took 0.064 seconds
[2025-07-18T12:45:38.643-0500] {processor.py:161} INFO - Started process (PID=5071) to work on /home/abhiram/jobtrak-stack/venv/lib/python3.12/site-packages/airflow/example_dags/example_task_group_decorator.py
[2025-07-18T12:45:38.645-0500] {processor.py:830} INFO - Processing file /home/abhiram/jobtrak-stack/venv/lib/python3.12/site-packages/airflow/example_dags/example_task_group_decorator.py for tasks to queue
[2025-07-18T12:45:38.646-0500] {logging_mixin.py:188} INFO - [2025-07-18T12:45:38.646-0500] {dagbag.py:545} INFO - Filling up the DagBag from /home/abhiram/jobtrak-stack/venv/lib/python3.12/site-packages/airflow/example_dags/example_task_group_decorator.py
[2025-07-18T12:45:38.657-0500] {processor.py:840} INFO - DAG(s) 'example_task_group_decorator' retrieved from /home/abhiram/jobtrak-stack/venv/lib/python3.12/site-packages/airflow/example_dags/example_task_group_decorator.py
[2025-07-18T12:45:38.686-0500] {logging_mixin.py:188} INFO - [2025-07-18T12:45:38.686-0500] {dag.py:3096} INFO - Sync 1 DAGs
[2025-07-18T12:45:38.709-0500] {logging_mixin.py:188} INFO - [2025-07-18T12:45:38.709-0500] {dag.py:3954} INFO - Setting next_dagrun for example_task_group_decorator to 2025-07-17 00:00:00+00:00, run_after=2025-07-18 00:00:00+00:00
[2025-07-18T12:45:38.735-0500] {processor.py:183} INFO - Processing /home/abhiram/jobtrak-stack/venv/lib/python3.12/site-packages/airflow/example_dags/example_task_group_decorator.py took 0.097 seconds
[2025-07-18T12:46:09.195-0500] {processor.py:161} INFO - Started process (PID=5178) to work on /home/abhiram/jobtrak-stack/venv/lib/python3.12/site-packages/airflow/example_dags/example_task_group_decorator.py
[2025-07-18T12:46:09.196-0500] {processor.py:830} INFO - Processing file /home/abhiram/jobtrak-stack/venv/lib/python3.12/site-packages/airflow/example_dags/example_task_group_decorator.py for tasks to queue
[2025-07-18T12:46:09.197-0500] {logging_mixin.py:188} INFO - [2025-07-18T12:46:09.197-0500] {dagbag.py:545} INFO - Filling up the DagBag from /home/abhiram/jobtrak-stack/venv/lib/python3.12/site-packages/airflow/example_dags/example_task_group_decorator.py
[2025-07-18T12:46:09.206-0500] {processor.py:840} INFO - DAG(s) 'example_task_group_decorator' retrieved from /home/abhiram/jobtrak-stack/venv/lib/python3.12/site-packages/airflow/example_dags/example_task_group_decorator.py
[2025-07-18T12:46:09.225-0500] {logging_mixin.py:188} INFO - [2025-07-18T12:46:09.225-0500] {dag.py:3096} INFO - Sync 1 DAGs
[2025-07-18T12:46:09.240-0500] {logging_mixin.py:188} INFO - [2025-07-18T12:46:09.240-0500] {dag.py:3954} INFO - Setting next_dagrun for example_task_group_decorator to 2025-07-17 00:00:00+00:00, run_after=2025-07-18 00:00:00+00:00
[2025-07-18T12:46:09.258-0500] {processor.py:183} INFO - Processing /home/abhiram/jobtrak-stack/venv/lib/python3.12/site-packages/airflow/example_dags/example_task_group_decorator.py took 0.067 seconds
[2025-07-18T12:46:40.047-0500] {processor.py:161} INFO - Started process (PID=5289) to work on /home/abhiram/jobtrak-stack/venv/lib/python3.12/site-packages/airflow/example_dags/example_task_group_decorator.py
[2025-07-18T12:46:40.048-0500] {processor.py:830} INFO - Processing file /home/abhiram/jobtrak-stack/venv/lib/python3.12/site-packages/airflow/example_dags/example_task_group_decorator.py for tasks to queue
[2025-07-18T12:46:40.049-0500] {logging_mixin.py:188} INFO - [2025-07-18T12:46:40.049-0500] {dagbag.py:545} INFO - Filling up the DagBag from /home/abhiram/jobtrak-stack/venv/lib/python3.12/site-packages/airflow/example_dags/example_task_group_decorator.py
[2025-07-18T12:46:40.057-0500] {processor.py:840} INFO - DAG(s) 'example_task_group_decorator' retrieved from /home/abhiram/jobtrak-stack/venv/lib/python3.12/site-packages/airflow/example_dags/example_task_group_decorator.py
[2025-07-18T12:46:40.077-0500] {logging_mixin.py:188} INFO - [2025-07-18T12:46:40.077-0500] {dag.py:3096} INFO - Sync 1 DAGs
[2025-07-18T12:46:40.091-0500] {logging_mixin.py:188} INFO - [2025-07-18T12:46:40.090-0500] {dag.py:3954} INFO - Setting next_dagrun for example_task_group_decorator to 2025-07-17 00:00:00+00:00, run_after=2025-07-18 00:00:00+00:00
[2025-07-18T12:46:40.105-0500] {processor.py:183} INFO - Processing /home/abhiram/jobtrak-stack/venv/lib/python3.12/site-packages/airflow/example_dags/example_task_group_decorator.py took 0.062 seconds
[2025-07-18T12:47:10.677-0500] {processor.py:161} INFO - Started process (PID=5396) to work on /home/abhiram/jobtrak-stack/venv/lib/python3.12/site-packages/airflow/example_dags/example_task_group_decorator.py
[2025-07-18T12:47:10.679-0500] {processor.py:830} INFO - Processing file /home/abhiram/jobtrak-stack/venv/lib/python3.12/site-packages/airflow/example_dags/example_task_group_decorator.py for tasks to queue
[2025-07-18T12:47:10.680-0500] {logging_mixin.py:188} INFO - [2025-07-18T12:47:10.679-0500] {dagbag.py:545} INFO - Filling up the DagBag from /home/abhiram/jobtrak-stack/venv/lib/python3.12/site-packages/airflow/example_dags/example_task_group_decorator.py
[2025-07-18T12:47:10.687-0500] {processor.py:840} INFO - DAG(s) 'example_task_group_decorator' retrieved from /home/abhiram/jobtrak-stack/venv/lib/python3.12/site-packages/airflow/example_dags/example_task_group_decorator.py
[2025-07-18T12:47:10.709-0500] {logging_mixin.py:188} INFO - [2025-07-18T12:47:10.709-0500] {dag.py:3096} INFO - Sync 1 DAGs
[2025-07-18T12:47:10.722-0500] {logging_mixin.py:188} INFO - [2025-07-18T12:47:10.722-0500] {dag.py:3954} INFO - Setting next_dagrun for example_task_group_decorator to 2025-07-17 00:00:00+00:00, run_after=2025-07-18 00:00:00+00:00
[2025-07-18T12:47:10.738-0500] {processor.py:183} INFO - Processing /home/abhiram/jobtrak-stack/venv/lib/python3.12/site-packages/airflow/example_dags/example_task_group_decorator.py took 0.065 seconds
[2025-07-18T12:47:41.219-0500] {processor.py:161} INFO - Started process (PID=5504) to work on /home/abhiram/jobtrak-stack/venv/lib/python3.12/site-packages/airflow/example_dags/example_task_group_decorator.py
[2025-07-18T12:47:41.221-0500] {processor.py:830} INFO - Processing file /home/abhiram/jobtrak-stack/venv/lib/python3.12/site-packages/airflow/example_dags/example_task_group_decorator.py for tasks to queue
[2025-07-18T12:47:41.222-0500] {logging_mixin.py:188} INFO - [2025-07-18T12:47:41.222-0500] {dagbag.py:545} INFO - Filling up the DagBag from /home/abhiram/jobtrak-stack/venv/lib/python3.12/site-packages/airflow/example_dags/example_task_group_decorator.py
[2025-07-18T12:47:41.230-0500] {processor.py:840} INFO - DAG(s) 'example_task_group_decorator' retrieved from /home/abhiram/jobtrak-stack/venv/lib/python3.12/site-packages/airflow/example_dags/example_task_group_decorator.py
[2025-07-18T12:47:41.252-0500] {logging_mixin.py:188} INFO - [2025-07-18T12:47:41.252-0500] {dag.py:3096} INFO - Sync 1 DAGs
[2025-07-18T12:47:41.268-0500] {logging_mixin.py:188} INFO - [2025-07-18T12:47:41.267-0500] {dag.py:3954} INFO - Setting next_dagrun for example_task_group_decorator to 2025-07-17 00:00:00+00:00, run_after=2025-07-18 00:00:00+00:00
[2025-07-18T12:47:41.282-0500] {processor.py:183} INFO - Processing /home/abhiram/jobtrak-stack/venv/lib/python3.12/site-packages/airflow/example_dags/example_task_group_decorator.py took 0.067 seconds
[2025-07-18T12:48:12.078-0500] {processor.py:161} INFO - Started process (PID=5687) to work on /home/abhiram/jobtrak-stack/venv/lib/python3.12/site-packages/airflow/example_dags/example_task_group_decorator.py
[2025-07-18T12:48:12.079-0500] {processor.py:830} INFO - Processing file /home/abhiram/jobtrak-stack/venv/lib/python3.12/site-packages/airflow/example_dags/example_task_group_decorator.py for tasks to queue
[2025-07-18T12:48:12.080-0500] {logging_mixin.py:188} INFO - [2025-07-18T12:48:12.079-0500] {dagbag.py:545} INFO - Filling up the DagBag from /home/abhiram/jobtrak-stack/venv/lib/python3.12/site-packages/airflow/example_dags/example_task_group_decorator.py
[2025-07-18T12:48:12.087-0500] {processor.py:840} INFO - DAG(s) 'example_task_group_decorator' retrieved from /home/abhiram/jobtrak-stack/venv/lib/python3.12/site-packages/airflow/example_dags/example_task_group_decorator.py
[2025-07-18T12:48:12.109-0500] {logging_mixin.py:188} INFO - [2025-07-18T12:48:12.108-0500] {dag.py:3096} INFO - Sync 1 DAGs
[2025-07-18T12:48:12.122-0500] {logging_mixin.py:188} INFO - [2025-07-18T12:48:12.121-0500] {dag.py:3954} INFO - Setting next_dagrun for example_task_group_decorator to 2025-07-17 00:00:00+00:00, run_after=2025-07-18 00:00:00+00:00
[2025-07-18T12:48:12.138-0500] {processor.py:183} INFO - Processing /home/abhiram/jobtrak-stack/venv/lib/python3.12/site-packages/airflow/example_dags/example_task_group_decorator.py took 0.065 seconds
[2025-07-18T12:48:42.638-0500] {processor.py:161} INFO - Started process (PID=5794) to work on /home/abhiram/jobtrak-stack/venv/lib/python3.12/site-packages/airflow/example_dags/example_task_group_decorator.py
[2025-07-18T12:48:42.640-0500] {processor.py:830} INFO - Processing file /home/abhiram/jobtrak-stack/venv/lib/python3.12/site-packages/airflow/example_dags/example_task_group_decorator.py for tasks to queue
[2025-07-18T12:48:42.641-0500] {logging_mixin.py:188} INFO - [2025-07-18T12:48:42.641-0500] {dagbag.py:545} INFO - Filling up the DagBag from /home/abhiram/jobtrak-stack/venv/lib/python3.12/site-packages/airflow/example_dags/example_task_group_decorator.py
[2025-07-18T12:48:42.649-0500] {processor.py:840} INFO - DAG(s) 'example_task_group_decorator' retrieved from /home/abhiram/jobtrak-stack/venv/lib/python3.12/site-packages/airflow/example_dags/example_task_group_decorator.py
[2025-07-18T12:48:42.667-0500] {logging_mixin.py:188} INFO - [2025-07-18T12:48:42.667-0500] {dag.py:3096} INFO - Sync 1 DAGs
[2025-07-18T12:48:42.680-0500] {logging_mixin.py:188} INFO - [2025-07-18T12:48:42.680-0500] {dag.py:3954} INFO - Setting next_dagrun for example_task_group_decorator to 2025-07-17 00:00:00+00:00, run_after=2025-07-18 00:00:00+00:00
[2025-07-18T12:48:42.693-0500] {processor.py:183} INFO - Processing /home/abhiram/jobtrak-stack/venv/lib/python3.12/site-packages/airflow/example_dags/example_task_group_decorator.py took 0.058 seconds
[2025-07-18T12:49:13.223-0500] {processor.py:161} INFO - Started process (PID=5902) to work on /home/abhiram/jobtrak-stack/venv/lib/python3.12/site-packages/airflow/example_dags/example_task_group_decorator.py
[2025-07-18T12:49:13.225-0500] {processor.py:830} INFO - Processing file /home/abhiram/jobtrak-stack/venv/lib/python3.12/site-packages/airflow/example_dags/example_task_group_decorator.py for tasks to queue
[2025-07-18T12:49:13.226-0500] {logging_mixin.py:188} INFO - [2025-07-18T12:49:13.226-0500] {dagbag.py:545} INFO - Filling up the DagBag from /home/abhiram/jobtrak-stack/venv/lib/python3.12/site-packages/airflow/example_dags/example_task_group_decorator.py
[2025-07-18T12:49:13.237-0500] {processor.py:840} INFO - DAG(s) 'example_task_group_decorator' retrieved from /home/abhiram/jobtrak-stack/venv/lib/python3.12/site-packages/airflow/example_dags/example_task_group_decorator.py
[2025-07-18T12:49:13.260-0500] {logging_mixin.py:188} INFO - [2025-07-18T12:49:13.260-0500] {dag.py:3096} INFO - Sync 1 DAGs
[2025-07-18T12:49:13.278-0500] {logging_mixin.py:188} INFO - [2025-07-18T12:49:13.277-0500] {dag.py:3954} INFO - Setting next_dagrun for example_task_group_decorator to 2025-07-17 00:00:00+00:00, run_after=2025-07-18 00:00:00+00:00
[2025-07-18T12:49:13.292-0500] {processor.py:183} INFO - Processing /home/abhiram/jobtrak-stack/venv/lib/python3.12/site-packages/airflow/example_dags/example_task_group_decorator.py took 0.073 seconds
