[2025-07-18T11:49:18.554-0500] {processor.py:161} INFO - Started process (PID=823) to work on /home/abhiram/jobtrak-stack/venv/lib/python3.12/site-packages/airflow/example_dags/example_latest_only.py
[2025-07-18T11:49:18.554-0500] {processor.py:830} INFO - Processing file /home/abhiram/jobtrak-stack/venv/lib/python3.12/site-packages/airflow/example_dags/example_latest_only.py for tasks to queue
[2025-07-18T11:49:18.556-0500] {logging_mixin.py:188} INFO - [2025-07-18T11:49:18.555-0500] {dagbag.py:545} INFO - Filling up the DagBag from /home/abhiram/jobtrak-stack/venv/lib/python3.12/site-packages/airflow/example_dags/example_latest_only.py
[2025-07-18T11:49:18.559-0500] {processor.py:840} INFO - DAG(s) 'latest_only' retrieved from /home/abhiram/jobtrak-stack/venv/lib/python3.12/site-packages/airflow/example_dags/example_latest_only.py
[2025-07-18T11:49:18.571-0500] {logging_mixin.py:188} INFO - [2025-07-18T11:49:18.571-0500] {dag.py:3096} INFO - Sync 1 DAGs
[2025-07-18T11:49:18.585-0500] {logging_mixin.py:188} INFO - [2025-07-18T11:49:18.585-0500] {dag.py:3954} INFO - Setting next_dagrun for latest_only to 2025-07-18 12:00:00+00:00, run_after=2025-07-18 16:00:00+00:00
[2025-07-18T11:49:18.599-0500] {processor.py:183} INFO - Processing /home/abhiram/jobtrak-stack/venv/lib/python3.12/site-packages/airflow/example_dags/example_latest_only.py took 0.049 seconds
[2025-07-18T11:49:50.031-0500] {processor.py:161} INFO - Started process (PID=949) to work on /home/abhiram/jobtrak-stack/venv/lib/python3.12/site-packages/airflow/example_dags/example_latest_only.py
[2025-07-18T11:49:50.031-0500] {processor.py:830} INFO - Processing file /home/abhiram/jobtrak-stack/venv/lib/python3.12/site-packages/airflow/example_dags/example_latest_only.py for tasks to queue
[2025-07-18T11:49:50.032-0500] {logging_mixin.py:188} INFO - [2025-07-18T11:49:50.032-0500] {dagbag.py:545} INFO - Filling up the DagBag from /home/abhiram/jobtrak-stack/venv/lib/python3.12/site-packages/airflow/example_dags/example_latest_only.py
[2025-07-18T11:49:50.035-0500] {processor.py:840} INFO - DAG(s) 'latest_only' retrieved from /home/abhiram/jobtrak-stack/venv/lib/python3.12/site-packages/airflow/example_dags/example_latest_only.py
[2025-07-18T11:49:50.101-0500] {logging_mixin.py:188} INFO - [2025-07-18T11:49:50.101-0500] {dag.py:3096} INFO - Sync 1 DAGs
[2025-07-18T11:49:50.113-0500] {logging_mixin.py:188} INFO - [2025-07-18T11:49:50.113-0500] {dag.py:3954} INFO - Setting next_dagrun for latest_only to 2025-07-18 12:00:00+00:00, run_after=2025-07-18 16:00:00+00:00
[2025-07-18T11:49:50.126-0500] {processor.py:183} INFO - Processing /home/abhiram/jobtrak-stack/venv/lib/python3.12/site-packages/airflow/example_dags/example_latest_only.py took 0.099 seconds
[2025-07-18T11:50:20.741-0500] {processor.py:161} INFO - Started process (PID=1072) to work on /home/abhiram/jobtrak-stack/venv/lib/python3.12/site-packages/airflow/example_dags/example_latest_only.py
[2025-07-18T11:50:20.743-0500] {processor.py:830} INFO - Processing file /home/abhiram/jobtrak-stack/venv/lib/python3.12/site-packages/airflow/example_dags/example_latest_only.py for tasks to queue
[2025-07-18T11:50:20.744-0500] {logging_mixin.py:188} INFO - [2025-07-18T11:50:20.744-0500] {dagbag.py:545} INFO - Filling up the DagBag from /home/abhiram/jobtrak-stack/venv/lib/python3.12/site-packages/airflow/example_dags/example_latest_only.py
[2025-07-18T11:50:20.747-0500] {processor.py:840} INFO - DAG(s) 'latest_only' retrieved from /home/abhiram/jobtrak-stack/venv/lib/python3.12/site-packages/airflow/example_dags/example_latest_only.py
[2025-07-18T11:50:20.765-0500] {logging_mixin.py:188} INFO - [2025-07-18T11:50:20.764-0500] {dag.py:3096} INFO - Sync 1 DAGs
[2025-07-18T11:50:20.781-0500] {logging_mixin.py:188} INFO - [2025-07-18T11:50:20.781-0500] {dag.py:3954} INFO - Setting next_dagrun for latest_only to 2025-07-18 12:00:00+00:00, run_after=2025-07-18 16:00:00+00:00
[2025-07-18T11:50:20.795-0500] {processor.py:183} INFO - Processing /home/abhiram/jobtrak-stack/venv/lib/python3.12/site-packages/airflow/example_dags/example_latest_only.py took 0.058 seconds
[2025-07-18T11:50:50.904-0500] {processor.py:161} INFO - Started process (PID=1180) to work on /home/abhiram/jobtrak-stack/venv/lib/python3.12/site-packages/airflow/example_dags/example_latest_only.py
[2025-07-18T11:50:50.904-0500] {processor.py:830} INFO - Processing file /home/abhiram/jobtrak-stack/venv/lib/python3.12/site-packages/airflow/example_dags/example_latest_only.py for tasks to queue
[2025-07-18T11:50:50.905-0500] {logging_mixin.py:188} INFO - [2025-07-18T11:50:50.905-0500] {dagbag.py:545} INFO - Filling up the DagBag from /home/abhiram/jobtrak-stack/venv/lib/python3.12/site-packages/airflow/example_dags/example_latest_only.py
[2025-07-18T11:50:50.909-0500] {processor.py:840} INFO - DAG(s) 'latest_only' retrieved from /home/abhiram/jobtrak-stack/venv/lib/python3.12/site-packages/airflow/example_dags/example_latest_only.py
[2025-07-18T11:50:50.926-0500] {logging_mixin.py:188} INFO - [2025-07-18T11:50:50.926-0500] {dag.py:3096} INFO - Sync 1 DAGs
[2025-07-18T11:50:50.942-0500] {logging_mixin.py:188} INFO - [2025-07-18T11:50:50.942-0500] {dag.py:3954} INFO - Setting next_dagrun for latest_only to 2025-07-18 12:00:00+00:00, run_after=2025-07-18 16:00:00+00:00
[2025-07-18T11:50:50.955-0500] {processor.py:183} INFO - Processing /home/abhiram/jobtrak-stack/venv/lib/python3.12/site-packages/airflow/example_dags/example_latest_only.py took 0.055 seconds
[2025-07-18T11:51:21.059-0500] {processor.py:161} INFO - Started process (PID=1288) to work on /home/abhiram/jobtrak-stack/venv/lib/python3.12/site-packages/airflow/example_dags/example_latest_only.py
[2025-07-18T11:51:21.060-0500] {processor.py:830} INFO - Processing file /home/abhiram/jobtrak-stack/venv/lib/python3.12/site-packages/airflow/example_dags/example_latest_only.py for tasks to queue
[2025-07-18T11:51:21.061-0500] {logging_mixin.py:188} INFO - [2025-07-18T11:51:21.061-0500] {dagbag.py:545} INFO - Filling up the DagBag from /home/abhiram/jobtrak-stack/venv/lib/python3.12/site-packages/airflow/example_dags/example_latest_only.py
[2025-07-18T11:51:21.064-0500] {processor.py:840} INFO - DAG(s) 'latest_only' retrieved from /home/abhiram/jobtrak-stack/venv/lib/python3.12/site-packages/airflow/example_dags/example_latest_only.py
[2025-07-18T11:51:21.082-0500] {logging_mixin.py:188} INFO - [2025-07-18T11:51:21.082-0500] {dag.py:3096} INFO - Sync 1 DAGs
[2025-07-18T11:51:21.098-0500] {logging_mixin.py:188} INFO - [2025-07-18T11:51:21.098-0500] {dag.py:3954} INFO - Setting next_dagrun for latest_only to 2025-07-18 12:00:00+00:00, run_after=2025-07-18 16:00:00+00:00
[2025-07-18T11:51:21.112-0500] {processor.py:183} INFO - Processing /home/abhiram/jobtrak-stack/venv/lib/python3.12/site-packages/airflow/example_dags/example_latest_only.py took 0.057 seconds
[2025-07-18T11:51:51.416-0500] {processor.py:161} INFO - Started process (PID=1393) to work on /home/abhiram/jobtrak-stack/venv/lib/python3.12/site-packages/airflow/example_dags/example_latest_only.py
[2025-07-18T11:51:51.417-0500] {processor.py:830} INFO - Processing file /home/abhiram/jobtrak-stack/venv/lib/python3.12/site-packages/airflow/example_dags/example_latest_only.py for tasks to queue
[2025-07-18T11:51:51.418-0500] {logging_mixin.py:188} INFO - [2025-07-18T11:51:51.418-0500] {dagbag.py:545} INFO - Filling up the DagBag from /home/abhiram/jobtrak-stack/venv/lib/python3.12/site-packages/airflow/example_dags/example_latest_only.py
[2025-07-18T11:51:51.423-0500] {processor.py:840} INFO - DAG(s) 'latest_only' retrieved from /home/abhiram/jobtrak-stack/venv/lib/python3.12/site-packages/airflow/example_dags/example_latest_only.py
[2025-07-18T11:51:51.441-0500] {logging_mixin.py:188} INFO - [2025-07-18T11:51:51.441-0500] {dag.py:3096} INFO - Sync 1 DAGs
[2025-07-18T11:51:51.457-0500] {logging_mixin.py:188} INFO - [2025-07-18T11:51:51.457-0500] {dag.py:3954} INFO - Setting next_dagrun for latest_only to 2025-07-18 12:00:00+00:00, run_after=2025-07-18 16:00:00+00:00
[2025-07-18T11:51:51.473-0500] {processor.py:183} INFO - Processing /home/abhiram/jobtrak-stack/venv/lib/python3.12/site-packages/airflow/example_dags/example_latest_only.py took 0.061 seconds
[2025-07-18T12:32:15.760-0500] {processor.py:161} INFO - Started process (PID=1934) to work on /home/abhiram/jobtrak-stack/venv/lib/python3.12/site-packages/airflow/example_dags/example_latest_only.py
[2025-07-18T12:32:15.761-0500] {processor.py:830} INFO - Processing file /home/abhiram/jobtrak-stack/venv/lib/python3.12/site-packages/airflow/example_dags/example_latest_only.py for tasks to queue
[2025-07-18T12:32:15.762-0500] {logging_mixin.py:188} INFO - [2025-07-18T12:32:15.762-0500] {dagbag.py:545} INFO - Filling up the DagBag from /home/abhiram/jobtrak-stack/venv/lib/python3.12/site-packages/airflow/example_dags/example_latest_only.py
[2025-07-18T12:32:15.766-0500] {processor.py:840} INFO - DAG(s) 'latest_only' retrieved from /home/abhiram/jobtrak-stack/venv/lib/python3.12/site-packages/airflow/example_dags/example_latest_only.py
[2025-07-18T12:32:15.787-0500] {logging_mixin.py:188} INFO - [2025-07-18T12:32:15.787-0500] {dag.py:3096} INFO - Sync 1 DAGs
[2025-07-18T12:32:15.801-0500] {logging_mixin.py:188} INFO - [2025-07-18T12:32:15.801-0500] {dag.py:3954} INFO - Setting next_dagrun for latest_only to 2025-07-18 12:00:00+00:00, run_after=2025-07-18 16:00:00+00:00
[2025-07-18T12:32:15.814-0500] {processor.py:183} INFO - Processing /home/abhiram/jobtrak-stack/venv/lib/python3.12/site-packages/airflow/example_dags/example_latest_only.py took 0.057 seconds
[2025-07-18T12:32:46.169-0500] {processor.py:161} INFO - Started process (PID=2063) to work on /home/abhiram/jobtrak-stack/venv/lib/python3.12/site-packages/airflow/example_dags/example_latest_only.py
[2025-07-18T12:32:46.169-0500] {processor.py:830} INFO - Processing file /home/abhiram/jobtrak-stack/venv/lib/python3.12/site-packages/airflow/example_dags/example_latest_only.py for tasks to queue
[2025-07-18T12:32:46.170-0500] {logging_mixin.py:188} INFO - [2025-07-18T12:32:46.170-0500] {dagbag.py:545} INFO - Filling up the DagBag from /home/abhiram/jobtrak-stack/venv/lib/python3.12/site-packages/airflow/example_dags/example_latest_only.py
[2025-07-18T12:32:46.174-0500] {processor.py:840} INFO - DAG(s) 'latest_only' retrieved from /home/abhiram/jobtrak-stack/venv/lib/python3.12/site-packages/airflow/example_dags/example_latest_only.py
[2025-07-18T12:32:46.191-0500] {logging_mixin.py:188} INFO - [2025-07-18T12:32:46.191-0500] {dag.py:3096} INFO - Sync 1 DAGs
[2025-07-18T12:32:46.207-0500] {logging_mixin.py:188} INFO - [2025-07-18T12:32:46.206-0500] {dag.py:3954} INFO - Setting next_dagrun for latest_only to 2025-07-18 12:00:00+00:00, run_after=2025-07-18 16:00:00+00:00
[2025-07-18T12:32:46.220-0500] {processor.py:183} INFO - Processing /home/abhiram/jobtrak-stack/venv/lib/python3.12/site-packages/airflow/example_dags/example_latest_only.py took 0.055 seconds
[2025-07-18T12:33:16.317-0500] {processor.py:161} INFO - Started process (PID=2183) to work on /home/abhiram/jobtrak-stack/venv/lib/python3.12/site-packages/airflow/example_dags/example_latest_only.py
[2025-07-18T12:33:16.319-0500] {processor.py:830} INFO - Processing file /home/abhiram/jobtrak-stack/venv/lib/python3.12/site-packages/airflow/example_dags/example_latest_only.py for tasks to queue
[2025-07-18T12:33:16.320-0500] {logging_mixin.py:188} INFO - [2025-07-18T12:33:16.320-0500] {dagbag.py:545} INFO - Filling up the DagBag from /home/abhiram/jobtrak-stack/venv/lib/python3.12/site-packages/airflow/example_dags/example_latest_only.py
[2025-07-18T12:33:16.323-0500] {processor.py:840} INFO - DAG(s) 'latest_only' retrieved from /home/abhiram/jobtrak-stack/venv/lib/python3.12/site-packages/airflow/example_dags/example_latest_only.py
[2025-07-18T12:33:16.339-0500] {logging_mixin.py:188} INFO - [2025-07-18T12:33:16.339-0500] {dag.py:3096} INFO - Sync 1 DAGs
[2025-07-18T12:33:16.352-0500] {logging_mixin.py:188} INFO - [2025-07-18T12:33:16.352-0500] {dag.py:3954} INFO - Setting next_dagrun for latest_only to 2025-07-18 12:00:00+00:00, run_after=2025-07-18 16:00:00+00:00
[2025-07-18T12:33:16.366-0500] {processor.py:183} INFO - Processing /home/abhiram/jobtrak-stack/venv/lib/python3.12/site-packages/airflow/example_dags/example_latest_only.py took 0.053 seconds
[2025-07-18T12:33:46.597-0500] {processor.py:161} INFO - Started process (PID=2296) to work on /home/abhiram/jobtrak-stack/venv/lib/python3.12/site-packages/airflow/example_dags/example_latest_only.py
[2025-07-18T12:33:46.598-0500] {processor.py:830} INFO - Processing file /home/abhiram/jobtrak-stack/venv/lib/python3.12/site-packages/airflow/example_dags/example_latest_only.py for tasks to queue
[2025-07-18T12:33:46.599-0500] {logging_mixin.py:188} INFO - [2025-07-18T12:33:46.599-0500] {dagbag.py:545} INFO - Filling up the DagBag from /home/abhiram/jobtrak-stack/venv/lib/python3.12/site-packages/airflow/example_dags/example_latest_only.py
[2025-07-18T12:33:46.602-0500] {processor.py:840} INFO - DAG(s) 'latest_only' retrieved from /home/abhiram/jobtrak-stack/venv/lib/python3.12/site-packages/airflow/example_dags/example_latest_only.py
[2025-07-18T12:33:46.622-0500] {logging_mixin.py:188} INFO - [2025-07-18T12:33:46.622-0500] {dag.py:3096} INFO - Sync 1 DAGs
[2025-07-18T12:33:46.638-0500] {logging_mixin.py:188} INFO - [2025-07-18T12:33:46.638-0500] {dag.py:3954} INFO - Setting next_dagrun for latest_only to 2025-07-18 12:00:00+00:00, run_after=2025-07-18 16:00:00+00:00
[2025-07-18T12:33:46.653-0500] {processor.py:183} INFO - Processing /home/abhiram/jobtrak-stack/venv/lib/python3.12/site-packages/airflow/example_dags/example_latest_only.py took 0.059 seconds
[2025-07-18T12:34:17.045-0500] {processor.py:161} INFO - Started process (PID=2403) to work on /home/abhiram/jobtrak-stack/venv/lib/python3.12/site-packages/airflow/example_dags/example_latest_only.py
[2025-07-18T12:34:17.046-0500] {processor.py:830} INFO - Processing file /home/abhiram/jobtrak-stack/venv/lib/python3.12/site-packages/airflow/example_dags/example_latest_only.py for tasks to queue
[2025-07-18T12:34:17.048-0500] {logging_mixin.py:188} INFO - [2025-07-18T12:34:17.048-0500] {dagbag.py:545} INFO - Filling up the DagBag from /home/abhiram/jobtrak-stack/venv/lib/python3.12/site-packages/airflow/example_dags/example_latest_only.py
[2025-07-18T12:34:17.051-0500] {processor.py:840} INFO - DAG(s) 'latest_only' retrieved from /home/abhiram/jobtrak-stack/venv/lib/python3.12/site-packages/airflow/example_dags/example_latest_only.py
[2025-07-18T12:34:17.070-0500] {logging_mixin.py:188} INFO - [2025-07-18T12:34:17.069-0500] {dag.py:3096} INFO - Sync 1 DAGs
[2025-07-18T12:34:17.085-0500] {logging_mixin.py:188} INFO - [2025-07-18T12:34:17.084-0500] {dag.py:3954} INFO - Setting next_dagrun for latest_only to 2025-07-18 12:00:00+00:00, run_after=2025-07-18 16:00:00+00:00
[2025-07-18T12:34:17.101-0500] {processor.py:183} INFO - Processing /home/abhiram/jobtrak-stack/venv/lib/python3.12/site-packages/airflow/example_dags/example_latest_only.py took 0.061 seconds
[2025-07-18T12:34:47.537-0500] {processor.py:161} INFO - Started process (PID=2511) to work on /home/abhiram/jobtrak-stack/venv/lib/python3.12/site-packages/airflow/example_dags/example_latest_only.py
[2025-07-18T12:34:47.537-0500] {processor.py:830} INFO - Processing file /home/abhiram/jobtrak-stack/venv/lib/python3.12/site-packages/airflow/example_dags/example_latest_only.py for tasks to queue
[2025-07-18T12:34:47.539-0500] {logging_mixin.py:188} INFO - [2025-07-18T12:34:47.538-0500] {dagbag.py:545} INFO - Filling up the DagBag from /home/abhiram/jobtrak-stack/venv/lib/python3.12/site-packages/airflow/example_dags/example_latest_only.py
[2025-07-18T12:34:47.550-0500] {processor.py:840} INFO - DAG(s) 'latest_only' retrieved from /home/abhiram/jobtrak-stack/venv/lib/python3.12/site-packages/airflow/example_dags/example_latest_only.py
[2025-07-18T12:34:47.585-0500] {logging_mixin.py:188} INFO - [2025-07-18T12:34:47.585-0500] {dag.py:3096} INFO - Sync 1 DAGs
[2025-07-18T12:34:47.610-0500] {logging_mixin.py:188} INFO - [2025-07-18T12:34:47.610-0500] {dag.py:3954} INFO - Setting next_dagrun for latest_only to 2025-07-18 12:00:00+00:00, run_after=2025-07-18 16:00:00+00:00
[2025-07-18T12:34:47.644-0500] {processor.py:183} INFO - Processing /home/abhiram/jobtrak-stack/venv/lib/python3.12/site-packages/airflow/example_dags/example_latest_only.py took 0.112 seconds
[2025-07-18T12:35:18.059-0500] {processor.py:161} INFO - Started process (PID=2621) to work on /home/abhiram/jobtrak-stack/venv/lib/python3.12/site-packages/airflow/example_dags/example_latest_only.py
[2025-07-18T12:35:18.059-0500] {processor.py:830} INFO - Processing file /home/abhiram/jobtrak-stack/venv/lib/python3.12/site-packages/airflow/example_dags/example_latest_only.py for tasks to queue
[2025-07-18T12:35:18.060-0500] {logging_mixin.py:188} INFO - [2025-07-18T12:35:18.060-0500] {dagbag.py:545} INFO - Filling up the DagBag from /home/abhiram/jobtrak-stack/venv/lib/python3.12/site-packages/airflow/example_dags/example_latest_only.py
[2025-07-18T12:35:18.071-0500] {processor.py:840} INFO - DAG(s) 'latest_only' retrieved from /home/abhiram/jobtrak-stack/venv/lib/python3.12/site-packages/airflow/example_dags/example_latest_only.py
[2025-07-18T12:35:18.089-0500] {logging_mixin.py:188} INFO - [2025-07-18T12:35:18.089-0500] {dag.py:3096} INFO - Sync 1 DAGs
[2025-07-18T12:35:18.106-0500] {logging_mixin.py:188} INFO - [2025-07-18T12:35:18.106-0500] {dag.py:3954} INFO - Setting next_dagrun for latest_only to 2025-07-18 12:00:00+00:00, run_after=2025-07-18 16:00:00+00:00
[2025-07-18T12:35:18.122-0500] {processor.py:183} INFO - Processing /home/abhiram/jobtrak-stack/venv/lib/python3.12/site-packages/airflow/example_dags/example_latest_only.py took 0.068 seconds
[2025-07-18T12:35:48.311-0500] {processor.py:161} INFO - Started process (PID=2725) to work on /home/abhiram/jobtrak-stack/venv/lib/python3.12/site-packages/airflow/example_dags/example_latest_only.py
[2025-07-18T12:35:48.312-0500] {processor.py:830} INFO - Processing file /home/abhiram/jobtrak-stack/venv/lib/python3.12/site-packages/airflow/example_dags/example_latest_only.py for tasks to queue
[2025-07-18T12:35:48.313-0500] {logging_mixin.py:188} INFO - [2025-07-18T12:35:48.313-0500] {dagbag.py:545} INFO - Filling up the DagBag from /home/abhiram/jobtrak-stack/venv/lib/python3.12/site-packages/airflow/example_dags/example_latest_only.py
[2025-07-18T12:35:48.317-0500] {processor.py:840} INFO - DAG(s) 'latest_only' retrieved from /home/abhiram/jobtrak-stack/venv/lib/python3.12/site-packages/airflow/example_dags/example_latest_only.py
[2025-07-18T12:35:48.336-0500] {logging_mixin.py:188} INFO - [2025-07-18T12:35:48.336-0500] {dag.py:3096} INFO - Sync 1 DAGs
[2025-07-18T12:35:48.354-0500] {logging_mixin.py:188} INFO - [2025-07-18T12:35:48.354-0500] {dag.py:3954} INFO - Setting next_dagrun for latest_only to 2025-07-18 12:00:00+00:00, run_after=2025-07-18 16:00:00+00:00
[2025-07-18T12:35:48.369-0500] {processor.py:183} INFO - Processing /home/abhiram/jobtrak-stack/venv/lib/python3.12/site-packages/airflow/example_dags/example_latest_only.py took 0.062 seconds
[2025-07-18T12:36:18.855-0500] {processor.py:161} INFO - Started process (PID=2832) to work on /home/abhiram/jobtrak-stack/venv/lib/python3.12/site-packages/airflow/example_dags/example_latest_only.py
[2025-07-18T12:36:18.857-0500] {processor.py:830} INFO - Processing file /home/abhiram/jobtrak-stack/venv/lib/python3.12/site-packages/airflow/example_dags/example_latest_only.py for tasks to queue
[2025-07-18T12:36:18.858-0500] {logging_mixin.py:188} INFO - [2025-07-18T12:36:18.857-0500] {dagbag.py:545} INFO - Filling up the DagBag from /home/abhiram/jobtrak-stack/venv/lib/python3.12/site-packages/airflow/example_dags/example_latest_only.py
[2025-07-18T12:36:18.861-0500] {processor.py:840} INFO - DAG(s) 'latest_only' retrieved from /home/abhiram/jobtrak-stack/venv/lib/python3.12/site-packages/airflow/example_dags/example_latest_only.py
[2025-07-18T12:36:18.881-0500] {logging_mixin.py:188} INFO - [2025-07-18T12:36:18.881-0500] {dag.py:3096} INFO - Sync 1 DAGs
[2025-07-18T12:36:18.896-0500] {logging_mixin.py:188} INFO - [2025-07-18T12:36:18.896-0500] {dag.py:3954} INFO - Setting next_dagrun for latest_only to 2025-07-18 12:00:00+00:00, run_after=2025-07-18 16:00:00+00:00
[2025-07-18T12:36:18.910-0500] {processor.py:183} INFO - Processing /home/abhiram/jobtrak-stack/venv/lib/python3.12/site-packages/airflow/example_dags/example_latest_only.py took 0.060 seconds
[2025-07-18T12:36:49.154-0500] {processor.py:161} INFO - Started process (PID=2948) to work on /home/abhiram/jobtrak-stack/venv/lib/python3.12/site-packages/airflow/example_dags/example_latest_only.py
[2025-07-18T12:36:49.154-0500] {processor.py:830} INFO - Processing file /home/abhiram/jobtrak-stack/venv/lib/python3.12/site-packages/airflow/example_dags/example_latest_only.py for tasks to queue
[2025-07-18T12:36:49.155-0500] {logging_mixin.py:188} INFO - [2025-07-18T12:36:49.155-0500] {dagbag.py:545} INFO - Filling up the DagBag from /home/abhiram/jobtrak-stack/venv/lib/python3.12/site-packages/airflow/example_dags/example_latest_only.py
[2025-07-18T12:36:49.167-0500] {processor.py:840} INFO - DAG(s) 'latest_only' retrieved from /home/abhiram/jobtrak-stack/venv/lib/python3.12/site-packages/airflow/example_dags/example_latest_only.py
[2025-07-18T12:36:49.193-0500] {logging_mixin.py:188} INFO - [2025-07-18T12:36:49.193-0500] {dag.py:3096} INFO - Sync 1 DAGs
[2025-07-18T12:36:49.218-0500] {logging_mixin.py:188} INFO - [2025-07-18T12:36:49.218-0500] {dag.py:3954} INFO - Setting next_dagrun for latest_only to 2025-07-18 12:00:00+00:00, run_after=2025-07-18 16:00:00+00:00
[2025-07-18T12:36:49.247-0500] {processor.py:183} INFO - Processing /home/abhiram/jobtrak-stack/venv/lib/python3.12/site-packages/airflow/example_dags/example_latest_only.py took 0.097 seconds
[2025-07-18T12:37:19.562-0500] {processor.py:161} INFO - Started process (PID=3163) to work on /home/abhiram/jobtrak-stack/venv/lib/python3.12/site-packages/airflow/example_dags/example_latest_only.py
[2025-07-18T12:37:19.563-0500] {processor.py:830} INFO - Processing file /home/abhiram/jobtrak-stack/venv/lib/python3.12/site-packages/airflow/example_dags/example_latest_only.py for tasks to queue
[2025-07-18T12:37:19.564-0500] {logging_mixin.py:188} INFO - [2025-07-18T12:37:19.564-0500] {dagbag.py:545} INFO - Filling up the DagBag from /home/abhiram/jobtrak-stack/venv/lib/python3.12/site-packages/airflow/example_dags/example_latest_only.py
[2025-07-18T12:37:19.567-0500] {processor.py:840} INFO - DAG(s) 'latest_only' retrieved from /home/abhiram/jobtrak-stack/venv/lib/python3.12/site-packages/airflow/example_dags/example_latest_only.py
[2025-07-18T12:37:19.585-0500] {logging_mixin.py:188} INFO - [2025-07-18T12:37:19.585-0500] {dag.py:3096} INFO - Sync 1 DAGs
[2025-07-18T12:37:19.599-0500] {logging_mixin.py:188} INFO - [2025-07-18T12:37:19.599-0500] {dag.py:3954} INFO - Setting next_dagrun for latest_only to 2025-07-18 12:00:00+00:00, run_after=2025-07-18 16:00:00+00:00
[2025-07-18T12:37:19.612-0500] {processor.py:183} INFO - Processing /home/abhiram/jobtrak-stack/venv/lib/python3.12/site-packages/airflow/example_dags/example_latest_only.py took 0.055 seconds
[2025-07-18T12:37:49.919-0500] {processor.py:161} INFO - Started process (PID=3270) to work on /home/abhiram/jobtrak-stack/venv/lib/python3.12/site-packages/airflow/example_dags/example_latest_only.py
[2025-07-18T12:37:49.919-0500] {processor.py:830} INFO - Processing file /home/abhiram/jobtrak-stack/venv/lib/python3.12/site-packages/airflow/example_dags/example_latest_only.py for tasks to queue
[2025-07-18T12:37:49.920-0500] {logging_mixin.py:188} INFO - [2025-07-18T12:37:49.920-0500] {dagbag.py:545} INFO - Filling up the DagBag from /home/abhiram/jobtrak-stack/venv/lib/python3.12/site-packages/airflow/example_dags/example_latest_only.py
[2025-07-18T12:37:49.923-0500] {processor.py:840} INFO - DAG(s) 'latest_only' retrieved from /home/abhiram/jobtrak-stack/venv/lib/python3.12/site-packages/airflow/example_dags/example_latest_only.py
[2025-07-18T12:37:49.941-0500] {logging_mixin.py:188} INFO - [2025-07-18T12:37:49.941-0500] {dag.py:3096} INFO - Sync 1 DAGs
[2025-07-18T12:37:49.954-0500] {logging_mixin.py:188} INFO - [2025-07-18T12:37:49.954-0500] {dag.py:3954} INFO - Setting next_dagrun for latest_only to 2025-07-18 12:00:00+00:00, run_after=2025-07-18 16:00:00+00:00
[2025-07-18T12:37:49.967-0500] {processor.py:183} INFO - Processing /home/abhiram/jobtrak-stack/venv/lib/python3.12/site-packages/airflow/example_dags/example_latest_only.py took 0.052 seconds
[2025-07-18T12:38:20.228-0500] {processor.py:161} INFO - Started process (PID=3379) to work on /home/abhiram/jobtrak-stack/venv/lib/python3.12/site-packages/airflow/example_dags/example_latest_only.py
[2025-07-18T12:38:20.229-0500] {processor.py:830} INFO - Processing file /home/abhiram/jobtrak-stack/venv/lib/python3.12/site-packages/airflow/example_dags/example_latest_only.py for tasks to queue
[2025-07-18T12:38:20.230-0500] {logging_mixin.py:188} INFO - [2025-07-18T12:38:20.229-0500] {dagbag.py:545} INFO - Filling up the DagBag from /home/abhiram/jobtrak-stack/venv/lib/python3.12/site-packages/airflow/example_dags/example_latest_only.py
[2025-07-18T12:38:20.233-0500] {processor.py:840} INFO - DAG(s) 'latest_only' retrieved from /home/abhiram/jobtrak-stack/venv/lib/python3.12/site-packages/airflow/example_dags/example_latest_only.py
[2025-07-18T12:38:20.252-0500] {logging_mixin.py:188} INFO - [2025-07-18T12:38:20.252-0500] {dag.py:3096} INFO - Sync 1 DAGs
[2025-07-18T12:38:20.267-0500] {logging_mixin.py:188} INFO - [2025-07-18T12:38:20.267-0500] {dag.py:3954} INFO - Setting next_dagrun for latest_only to 2025-07-18 12:00:00+00:00, run_after=2025-07-18 16:00:00+00:00
[2025-07-18T12:38:20.282-0500] {processor.py:183} INFO - Processing /home/abhiram/jobtrak-stack/venv/lib/python3.12/site-packages/airflow/example_dags/example_latest_only.py took 0.058 seconds
[2025-07-18T12:38:50.716-0500] {processor.py:161} INFO - Started process (PID=3487) to work on /home/abhiram/jobtrak-stack/venv/lib/python3.12/site-packages/airflow/example_dags/example_latest_only.py
[2025-07-18T12:38:50.717-0500] {processor.py:830} INFO - Processing file /home/abhiram/jobtrak-stack/venv/lib/python3.12/site-packages/airflow/example_dags/example_latest_only.py for tasks to queue
[2025-07-18T12:38:50.718-0500] {logging_mixin.py:188} INFO - [2025-07-18T12:38:50.718-0500] {dagbag.py:545} INFO - Filling up the DagBag from /home/abhiram/jobtrak-stack/venv/lib/python3.12/site-packages/airflow/example_dags/example_latest_only.py
[2025-07-18T12:38:50.724-0500] {processor.py:840} INFO - DAG(s) 'latest_only' retrieved from /home/abhiram/jobtrak-stack/venv/lib/python3.12/site-packages/airflow/example_dags/example_latest_only.py
[2025-07-18T12:38:50.742-0500] {logging_mixin.py:188} INFO - [2025-07-18T12:38:50.742-0500] {dag.py:3096} INFO - Sync 1 DAGs
[2025-07-18T12:38:50.757-0500] {logging_mixin.py:188} INFO - [2025-07-18T12:38:50.757-0500] {dag.py:3954} INFO - Setting next_dagrun for latest_only to 2025-07-18 12:00:00+00:00, run_after=2025-07-18 16:00:00+00:00
[2025-07-18T12:38:50.771-0500] {processor.py:183} INFO - Processing /home/abhiram/jobtrak-stack/venv/lib/python3.12/site-packages/airflow/example_dags/example_latest_only.py took 0.059 seconds
[2025-07-18T12:39:20.977-0500] {processor.py:161} INFO - Started process (PID=3594) to work on /home/abhiram/jobtrak-stack/venv/lib/python3.12/site-packages/airflow/example_dags/example_latest_only.py
[2025-07-18T12:39:20.978-0500] {processor.py:830} INFO - Processing file /home/abhiram/jobtrak-stack/venv/lib/python3.12/site-packages/airflow/example_dags/example_latest_only.py for tasks to queue
[2025-07-18T12:39:20.980-0500] {logging_mixin.py:188} INFO - [2025-07-18T12:39:20.979-0500] {dagbag.py:545} INFO - Filling up the DagBag from /home/abhiram/jobtrak-stack/venv/lib/python3.12/site-packages/airflow/example_dags/example_latest_only.py
[2025-07-18T12:39:20.983-0500] {processor.py:840} INFO - DAG(s) 'latest_only' retrieved from /home/abhiram/jobtrak-stack/venv/lib/python3.12/site-packages/airflow/example_dags/example_latest_only.py
[2025-07-18T12:39:21.001-0500] {logging_mixin.py:188} INFO - [2025-07-18T12:39:21.000-0500] {dag.py:3096} INFO - Sync 1 DAGs
[2025-07-18T12:39:21.015-0500] {logging_mixin.py:188} INFO - [2025-07-18T12:39:21.015-0500] {dag.py:3954} INFO - Setting next_dagrun for latest_only to 2025-07-18 12:00:00+00:00, run_after=2025-07-18 16:00:00+00:00
[2025-07-18T12:39:21.029-0500] {processor.py:183} INFO - Processing /home/abhiram/jobtrak-stack/venv/lib/python3.12/site-packages/airflow/example_dags/example_latest_only.py took 0.056 seconds
[2025-07-18T12:39:51.195-0500] {processor.py:161} INFO - Started process (PID=3700) to work on /home/abhiram/jobtrak-stack/venv/lib/python3.12/site-packages/airflow/example_dags/example_latest_only.py
[2025-07-18T12:39:51.195-0500] {processor.py:830} INFO - Processing file /home/abhiram/jobtrak-stack/venv/lib/python3.12/site-packages/airflow/example_dags/example_latest_only.py for tasks to queue
[2025-07-18T12:39:51.197-0500] {logging_mixin.py:188} INFO - [2025-07-18T12:39:51.196-0500] {dagbag.py:545} INFO - Filling up the DagBag from /home/abhiram/jobtrak-stack/venv/lib/python3.12/site-packages/airflow/example_dags/example_latest_only.py
[2025-07-18T12:39:51.200-0500] {processor.py:840} INFO - DAG(s) 'latest_only' retrieved from /home/abhiram/jobtrak-stack/venv/lib/python3.12/site-packages/airflow/example_dags/example_latest_only.py
[2025-07-18T12:39:51.219-0500] {logging_mixin.py:188} INFO - [2025-07-18T12:39:51.219-0500] {dag.py:3096} INFO - Sync 1 DAGs
[2025-07-18T12:39:51.233-0500] {logging_mixin.py:188} INFO - [2025-07-18T12:39:51.233-0500] {dag.py:3954} INFO - Setting next_dagrun for latest_only to 2025-07-18 12:00:00+00:00, run_after=2025-07-18 16:00:00+00:00
[2025-07-18T12:39:51.250-0500] {processor.py:183} INFO - Processing /home/abhiram/jobtrak-stack/venv/lib/python3.12/site-packages/airflow/example_dags/example_latest_only.py took 0.059 seconds
[2025-07-18T12:40:22.372-0500] {processor.py:161} INFO - Started process (PID=3819) to work on /home/abhiram/jobtrak-stack/venv/lib/python3.12/site-packages/airflow/example_dags/example_latest_only.py
[2025-07-18T12:40:22.373-0500] {processor.py:830} INFO - Processing file /home/abhiram/jobtrak-stack/venv/lib/python3.12/site-packages/airflow/example_dags/example_latest_only.py for tasks to queue
[2025-07-18T12:40:22.374-0500] {logging_mixin.py:188} INFO - [2025-07-18T12:40:22.374-0500] {dagbag.py:545} INFO - Filling up the DagBag from /home/abhiram/jobtrak-stack/venv/lib/python3.12/site-packages/airflow/example_dags/example_latest_only.py
[2025-07-18T12:40:22.377-0500] {processor.py:840} INFO - DAG(s) 'latest_only' retrieved from /home/abhiram/jobtrak-stack/venv/lib/python3.12/site-packages/airflow/example_dags/example_latest_only.py
[2025-07-18T12:40:22.395-0500] {logging_mixin.py:188} INFO - [2025-07-18T12:40:22.394-0500] {dag.py:3096} INFO - Sync 1 DAGs
[2025-07-18T12:40:22.413-0500] {logging_mixin.py:188} INFO - [2025-07-18T12:40:22.413-0500] {dag.py:3954} INFO - Setting next_dagrun for latest_only to 2025-07-18 12:00:00+00:00, run_after=2025-07-18 16:00:00+00:00
[2025-07-18T12:40:22.428-0500] {processor.py:183} INFO - Processing /home/abhiram/jobtrak-stack/venv/lib/python3.12/site-packages/airflow/example_dags/example_latest_only.py took 0.060 seconds
[2025-07-18T12:40:31.534-0500] {processor.py:161} INFO - Started process (PID=3892) to work on /home/abhiram/jobtrak-stack/venv/lib/python3.12/site-packages/airflow/example_dags/example_latest_only.py
[2025-07-18T12:40:31.538-0500] {processor.py:830} INFO - Processing file /home/abhiram/jobtrak-stack/venv/lib/python3.12/site-packages/airflow/example_dags/example_latest_only.py for tasks to queue
[2025-07-18T12:40:31.540-0500] {logging_mixin.py:188} INFO - [2025-07-18T12:40:31.539-0500] {dagbag.py:545} INFO - Filling up the DagBag from /home/abhiram/jobtrak-stack/venv/lib/python3.12/site-packages/airflow/example_dags/example_latest_only.py
[2025-07-18T12:40:31.543-0500] {processor.py:840} INFO - DAG(s) 'latest_only' retrieved from /home/abhiram/jobtrak-stack/venv/lib/python3.12/site-packages/airflow/example_dags/example_latest_only.py
[2025-07-18T12:40:31.567-0500] {logging_mixin.py:188} INFO - [2025-07-18T12:40:31.567-0500] {dag.py:3096} INFO - Sync 1 DAGs
[2025-07-18T12:40:31.588-0500] {logging_mixin.py:188} INFO - [2025-07-18T12:40:31.588-0500] {dag.py:3954} INFO - Setting next_dagrun for latest_only to 2025-07-18 12:00:00+00:00, run_after=2025-07-18 16:00:00+00:00
[2025-07-18T12:40:31.606-0500] {processor.py:183} INFO - Processing /home/abhiram/jobtrak-stack/venv/lib/python3.12/site-packages/airflow/example_dags/example_latest_only.py took 0.080 seconds
[2025-07-18T12:41:02.102-0500] {processor.py:161} INFO - Started process (PID=4016) to work on /home/abhiram/jobtrak-stack/venv/lib/python3.12/site-packages/airflow/example_dags/example_latest_only.py
[2025-07-18T12:41:02.103-0500] {processor.py:830} INFO - Processing file /home/abhiram/jobtrak-stack/venv/lib/python3.12/site-packages/airflow/example_dags/example_latest_only.py for tasks to queue
[2025-07-18T12:41:02.104-0500] {logging_mixin.py:188} INFO - [2025-07-18T12:41:02.104-0500] {dagbag.py:545} INFO - Filling up the DagBag from /home/abhiram/jobtrak-stack/venv/lib/python3.12/site-packages/airflow/example_dags/example_latest_only.py
[2025-07-18T12:41:02.107-0500] {processor.py:840} INFO - DAG(s) 'latest_only' retrieved from /home/abhiram/jobtrak-stack/venv/lib/python3.12/site-packages/airflow/example_dags/example_latest_only.py
[2025-07-18T12:41:02.127-0500] {logging_mixin.py:188} INFO - [2025-07-18T12:41:02.126-0500] {dag.py:3096} INFO - Sync 1 DAGs
[2025-07-18T12:41:02.140-0500] {logging_mixin.py:188} INFO - [2025-07-18T12:41:02.140-0500] {dag.py:3954} INFO - Setting next_dagrun for latest_only to 2025-07-18 12:00:00+00:00, run_after=2025-07-18 16:00:00+00:00
[2025-07-18T12:41:02.155-0500] {processor.py:183} INFO - Processing /home/abhiram/jobtrak-stack/venv/lib/python3.12/site-packages/airflow/example_dags/example_latest_only.py took 0.057 seconds
[2025-07-18T12:41:32.508-0500] {processor.py:161} INFO - Started process (PID=4180) to work on /home/abhiram/jobtrak-stack/venv/lib/python3.12/site-packages/airflow/example_dags/example_latest_only.py
[2025-07-18T12:41:32.508-0500] {processor.py:830} INFO - Processing file /home/abhiram/jobtrak-stack/venv/lib/python3.12/site-packages/airflow/example_dags/example_latest_only.py for tasks to queue
[2025-07-18T12:41:32.510-0500] {logging_mixin.py:188} INFO - [2025-07-18T12:41:32.509-0500] {dagbag.py:545} INFO - Filling up the DagBag from /home/abhiram/jobtrak-stack/venv/lib/python3.12/site-packages/airflow/example_dags/example_latest_only.py
[2025-07-18T12:41:32.514-0500] {processor.py:840} INFO - DAG(s) 'latest_only' retrieved from /home/abhiram/jobtrak-stack/venv/lib/python3.12/site-packages/airflow/example_dags/example_latest_only.py
[2025-07-18T12:41:32.534-0500] {logging_mixin.py:188} INFO - [2025-07-18T12:41:32.534-0500] {dag.py:3096} INFO - Sync 1 DAGs
[2025-07-18T12:41:32.554-0500] {logging_mixin.py:188} INFO - [2025-07-18T12:41:32.554-0500] {dag.py:3954} INFO - Setting next_dagrun for latest_only to 2025-07-18 12:00:00+00:00, run_after=2025-07-18 16:00:00+00:00
[2025-07-18T12:41:32.572-0500] {processor.py:183} INFO - Processing /home/abhiram/jobtrak-stack/venv/lib/python3.12/site-packages/airflow/example_dags/example_latest_only.py took 0.068 seconds
[2025-07-18T12:42:03.106-0500] {processor.py:161} INFO - Started process (PID=4287) to work on /home/abhiram/jobtrak-stack/venv/lib/python3.12/site-packages/airflow/example_dags/example_latest_only.py
[2025-07-18T12:42:03.108-0500] {processor.py:830} INFO - Processing file /home/abhiram/jobtrak-stack/venv/lib/python3.12/site-packages/airflow/example_dags/example_latest_only.py for tasks to queue
[2025-07-18T12:42:03.109-0500] {logging_mixin.py:188} INFO - [2025-07-18T12:42:03.109-0500] {dagbag.py:545} INFO - Filling up the DagBag from /home/abhiram/jobtrak-stack/venv/lib/python3.12/site-packages/airflow/example_dags/example_latest_only.py
[2025-07-18T12:42:03.112-0500] {processor.py:840} INFO - DAG(s) 'latest_only' retrieved from /home/abhiram/jobtrak-stack/venv/lib/python3.12/site-packages/airflow/example_dags/example_latest_only.py
[2025-07-18T12:42:03.131-0500] {logging_mixin.py:188} INFO - [2025-07-18T12:42:03.130-0500] {dag.py:3096} INFO - Sync 1 DAGs
[2025-07-18T12:42:03.150-0500] {logging_mixin.py:188} INFO - [2025-07-18T12:42:03.150-0500] {dag.py:3954} INFO - Setting next_dagrun for latest_only to 2025-07-18 12:00:00+00:00, run_after=2025-07-18 16:00:00+00:00
[2025-07-18T12:42:03.169-0500] {processor.py:183} INFO - Processing /home/abhiram/jobtrak-stack/venv/lib/python3.12/site-packages/airflow/example_dags/example_latest_only.py took 0.069 seconds
[2025-07-18T12:42:33.740-0500] {processor.py:161} INFO - Started process (PID=4397) to work on /home/abhiram/jobtrak-stack/venv/lib/python3.12/site-packages/airflow/example_dags/example_latest_only.py
[2025-07-18T12:42:33.741-0500] {processor.py:830} INFO - Processing file /home/abhiram/jobtrak-stack/venv/lib/python3.12/site-packages/airflow/example_dags/example_latest_only.py for tasks to queue
[2025-07-18T12:42:33.742-0500] {logging_mixin.py:188} INFO - [2025-07-18T12:42:33.742-0500] {dagbag.py:545} INFO - Filling up the DagBag from /home/abhiram/jobtrak-stack/venv/lib/python3.12/site-packages/airflow/example_dags/example_latest_only.py
[2025-07-18T12:42:33.745-0500] {processor.py:840} INFO - DAG(s) 'latest_only' retrieved from /home/abhiram/jobtrak-stack/venv/lib/python3.12/site-packages/airflow/example_dags/example_latest_only.py
[2025-07-18T12:42:33.763-0500] {logging_mixin.py:188} INFO - [2025-07-18T12:42:33.763-0500] {dag.py:3096} INFO - Sync 1 DAGs
[2025-07-18T12:42:33.777-0500] {logging_mixin.py:188} INFO - [2025-07-18T12:42:33.777-0500] {dag.py:3954} INFO - Setting next_dagrun for latest_only to 2025-07-18 12:00:00+00:00, run_after=2025-07-18 16:00:00+00:00
[2025-07-18T12:42:33.791-0500] {processor.py:183} INFO - Processing /home/abhiram/jobtrak-stack/venv/lib/python3.12/site-packages/airflow/example_dags/example_latest_only.py took 0.055 seconds
[2025-07-18T12:43:03.994-0500] {processor.py:161} INFO - Started process (PID=4505) to work on /home/abhiram/jobtrak-stack/venv/lib/python3.12/site-packages/airflow/example_dags/example_latest_only.py
[2025-07-18T12:43:03.995-0500] {processor.py:830} INFO - Processing file /home/abhiram/jobtrak-stack/venv/lib/python3.12/site-packages/airflow/example_dags/example_latest_only.py for tasks to queue
[2025-07-18T12:43:03.996-0500] {logging_mixin.py:188} INFO - [2025-07-18T12:43:03.996-0500] {dagbag.py:545} INFO - Filling up the DagBag from /home/abhiram/jobtrak-stack/venv/lib/python3.12/site-packages/airflow/example_dags/example_latest_only.py
[2025-07-18T12:43:03.999-0500] {processor.py:840} INFO - DAG(s) 'latest_only' retrieved from /home/abhiram/jobtrak-stack/venv/lib/python3.12/site-packages/airflow/example_dags/example_latest_only.py
[2025-07-18T12:43:04.016-0500] {logging_mixin.py:188} INFO - [2025-07-18T12:43:04.016-0500] {dag.py:3096} INFO - Sync 1 DAGs
[2025-07-18T12:43:04.030-0500] {logging_mixin.py:188} INFO - [2025-07-18T12:43:04.030-0500] {dag.py:3954} INFO - Setting next_dagrun for latest_only to 2025-07-18 12:00:00+00:00, run_after=2025-07-18 16:00:00+00:00
[2025-07-18T12:43:04.045-0500] {processor.py:183} INFO - Processing /home/abhiram/jobtrak-stack/venv/lib/python3.12/site-packages/airflow/example_dags/example_latest_only.py took 0.055 seconds
[2025-07-18T12:43:34.379-0500] {processor.py:161} INFO - Started process (PID=4613) to work on /home/abhiram/jobtrak-stack/venv/lib/python3.12/site-packages/airflow/example_dags/example_latest_only.py
[2025-07-18T12:43:34.379-0500] {processor.py:830} INFO - Processing file /home/abhiram/jobtrak-stack/venv/lib/python3.12/site-packages/airflow/example_dags/example_latest_only.py for tasks to queue
[2025-07-18T12:43:34.380-0500] {logging_mixin.py:188} INFO - [2025-07-18T12:43:34.380-0500] {dagbag.py:545} INFO - Filling up the DagBag from /home/abhiram/jobtrak-stack/venv/lib/python3.12/site-packages/airflow/example_dags/example_latest_only.py
[2025-07-18T12:43:34.384-0500] {processor.py:840} INFO - DAG(s) 'latest_only' retrieved from /home/abhiram/jobtrak-stack/venv/lib/python3.12/site-packages/airflow/example_dags/example_latest_only.py
[2025-07-18T12:43:34.402-0500] {logging_mixin.py:188} INFO - [2025-07-18T12:43:34.401-0500] {dag.py:3096} INFO - Sync 1 DAGs
[2025-07-18T12:43:34.417-0500] {logging_mixin.py:188} INFO - [2025-07-18T12:43:34.417-0500] {dag.py:3954} INFO - Setting next_dagrun for latest_only to 2025-07-18 12:00:00+00:00, run_after=2025-07-18 16:00:00+00:00
[2025-07-18T12:43:34.434-0500] {processor.py:183} INFO - Processing /home/abhiram/jobtrak-stack/venv/lib/python3.12/site-packages/airflow/example_dags/example_latest_only.py took 0.060 seconds
[2025-07-18T12:44:05.180-0500] {processor.py:161} INFO - Started process (PID=4723) to work on /home/abhiram/jobtrak-stack/venv/lib/python3.12/site-packages/airflow/example_dags/example_latest_only.py
[2025-07-18T12:44:05.181-0500] {processor.py:830} INFO - Processing file /home/abhiram/jobtrak-stack/venv/lib/python3.12/site-packages/airflow/example_dags/example_latest_only.py for tasks to queue
[2025-07-18T12:44:05.182-0500] {logging_mixin.py:188} INFO - [2025-07-18T12:44:05.182-0500] {dagbag.py:545} INFO - Filling up the DagBag from /home/abhiram/jobtrak-stack/venv/lib/python3.12/site-packages/airflow/example_dags/example_latest_only.py
[2025-07-18T12:44:05.185-0500] {processor.py:840} INFO - DAG(s) 'latest_only' retrieved from /home/abhiram/jobtrak-stack/venv/lib/python3.12/site-packages/airflow/example_dags/example_latest_only.py
[2025-07-18T12:44:05.202-0500] {logging_mixin.py:188} INFO - [2025-07-18T12:44:05.202-0500] {dag.py:3096} INFO - Sync 1 DAGs
[2025-07-18T12:44:05.216-0500] {logging_mixin.py:188} INFO - [2025-07-18T12:44:05.216-0500] {dag.py:3954} INFO - Setting next_dagrun for latest_only to 2025-07-18 12:00:00+00:00, run_after=2025-07-18 16:00:00+00:00
[2025-07-18T12:44:05.228-0500] {processor.py:183} INFO - Processing /home/abhiram/jobtrak-stack/venv/lib/python3.12/site-packages/airflow/example_dags/example_latest_only.py took 0.052 seconds
[2025-07-18T12:44:36.041-0500] {processor.py:161} INFO - Started process (PID=4833) to work on /home/abhiram/jobtrak-stack/venv/lib/python3.12/site-packages/airflow/example_dags/example_latest_only.py
[2025-07-18T12:44:36.073-0500] {processor.py:830} INFO - Processing file /home/abhiram/jobtrak-stack/venv/lib/python3.12/site-packages/airflow/example_dags/example_latest_only.py for tasks to queue
[2025-07-18T12:44:36.075-0500] {logging_mixin.py:188} INFO - [2025-07-18T12:44:36.075-0500] {dagbag.py:545} INFO - Filling up the DagBag from /home/abhiram/jobtrak-stack/venv/lib/python3.12/site-packages/airflow/example_dags/example_latest_only.py
[2025-07-18T12:44:36.081-0500] {processor.py:840} INFO - DAG(s) 'latest_only' retrieved from /home/abhiram/jobtrak-stack/venv/lib/python3.12/site-packages/airflow/example_dags/example_latest_only.py
[2025-07-18T12:44:36.115-0500] {logging_mixin.py:188} INFO - [2025-07-18T12:44:36.115-0500] {dag.py:3096} INFO - Sync 1 DAGs
[2025-07-18T12:44:36.133-0500] {logging_mixin.py:188} INFO - [2025-07-18T12:44:36.133-0500] {dag.py:3954} INFO - Setting next_dagrun for latest_only to 2025-07-18 12:00:00+00:00, run_after=2025-07-18 16:00:00+00:00
[2025-07-18T12:44:36.147-0500] {processor.py:183} INFO - Processing /home/abhiram/jobtrak-stack/venv/lib/python3.12/site-packages/airflow/example_dags/example_latest_only.py took 0.110 seconds
[2025-07-18T12:45:07.524-0500] {processor.py:161} INFO - Started process (PID=4943) to work on /home/abhiram/jobtrak-stack/venv/lib/python3.12/site-packages/airflow/example_dags/example_latest_only.py
[2025-07-18T12:45:07.524-0500] {processor.py:830} INFO - Processing file /home/abhiram/jobtrak-stack/venv/lib/python3.12/site-packages/airflow/example_dags/example_latest_only.py for tasks to queue
[2025-07-18T12:45:07.525-0500] {logging_mixin.py:188} INFO - [2025-07-18T12:45:07.525-0500] {dagbag.py:545} INFO - Filling up the DagBag from /home/abhiram/jobtrak-stack/venv/lib/python3.12/site-packages/airflow/example_dags/example_latest_only.py
[2025-07-18T12:45:07.528-0500] {processor.py:840} INFO - DAG(s) 'latest_only' retrieved from /home/abhiram/jobtrak-stack/venv/lib/python3.12/site-packages/airflow/example_dags/example_latest_only.py
[2025-07-18T12:45:07.548-0500] {logging_mixin.py:188} INFO - [2025-07-18T12:45:07.547-0500] {dag.py:3096} INFO - Sync 1 DAGs
[2025-07-18T12:45:07.565-0500] {logging_mixin.py:188} INFO - [2025-07-18T12:45:07.565-0500] {dag.py:3954} INFO - Setting next_dagrun for latest_only to 2025-07-18 12:00:00+00:00, run_after=2025-07-18 16:00:00+00:00
[2025-07-18T12:45:07.580-0500] {processor.py:183} INFO - Processing /home/abhiram/jobtrak-stack/venv/lib/python3.12/site-packages/airflow/example_dags/example_latest_only.py took 0.061 seconds
[2025-07-18T12:45:37.905-0500] {processor.py:161} INFO - Started process (PID=5048) to work on /home/abhiram/jobtrak-stack/venv/lib/python3.12/site-packages/airflow/example_dags/example_latest_only.py
[2025-07-18T12:45:37.906-0500] {processor.py:830} INFO - Processing file /home/abhiram/jobtrak-stack/venv/lib/python3.12/site-packages/airflow/example_dags/example_latest_only.py for tasks to queue
[2025-07-18T12:45:37.907-0500] {logging_mixin.py:188} INFO - [2025-07-18T12:45:37.907-0500] {dagbag.py:545} INFO - Filling up the DagBag from /home/abhiram/jobtrak-stack/venv/lib/python3.12/site-packages/airflow/example_dags/example_latest_only.py
[2025-07-18T12:45:37.910-0500] {processor.py:840} INFO - DAG(s) 'latest_only' retrieved from /home/abhiram/jobtrak-stack/venv/lib/python3.12/site-packages/airflow/example_dags/example_latest_only.py
[2025-07-18T12:45:37.929-0500] {logging_mixin.py:188} INFO - [2025-07-18T12:45:37.928-0500] {dag.py:3096} INFO - Sync 1 DAGs
[2025-07-18T12:45:37.942-0500] {logging_mixin.py:188} INFO - [2025-07-18T12:45:37.942-0500] {dag.py:3954} INFO - Setting next_dagrun for latest_only to 2025-07-18 12:00:00+00:00, run_after=2025-07-18 16:00:00+00:00
[2025-07-18T12:45:37.959-0500] {processor.py:183} INFO - Processing /home/abhiram/jobtrak-stack/venv/lib/python3.12/site-packages/airflow/example_dags/example_latest_only.py took 0.058 seconds
[2025-07-18T12:46:08.718-0500] {processor.py:161} INFO - Started process (PID=5158) to work on /home/abhiram/jobtrak-stack/venv/lib/python3.12/site-packages/airflow/example_dags/example_latest_only.py
[2025-07-18T12:46:08.719-0500] {processor.py:830} INFO - Processing file /home/abhiram/jobtrak-stack/venv/lib/python3.12/site-packages/airflow/example_dags/example_latest_only.py for tasks to queue
[2025-07-18T12:46:08.719-0500] {logging_mixin.py:188} INFO - [2025-07-18T12:46:08.719-0500] {dagbag.py:545} INFO - Filling up the DagBag from /home/abhiram/jobtrak-stack/venv/lib/python3.12/site-packages/airflow/example_dags/example_latest_only.py
[2025-07-18T12:46:08.723-0500] {processor.py:840} INFO - DAG(s) 'latest_only' retrieved from /home/abhiram/jobtrak-stack/venv/lib/python3.12/site-packages/airflow/example_dags/example_latest_only.py
[2025-07-18T12:46:08.741-0500] {logging_mixin.py:188} INFO - [2025-07-18T12:46:08.741-0500] {dag.py:3096} INFO - Sync 1 DAGs
[2025-07-18T12:46:08.762-0500] {logging_mixin.py:188} INFO - [2025-07-18T12:46:08.762-0500] {dag.py:3954} INFO - Setting next_dagrun for latest_only to 2025-07-18 12:00:00+00:00, run_after=2025-07-18 16:00:00+00:00
[2025-07-18T12:46:08.782-0500] {processor.py:183} INFO - Processing /home/abhiram/jobtrak-stack/venv/lib/python3.12/site-packages/airflow/example_dags/example_latest_only.py took 0.069 seconds
[2025-07-18T12:46:39.337-0500] {processor.py:161} INFO - Started process (PID=5268) to work on /home/abhiram/jobtrak-stack/venv/lib/python3.12/site-packages/airflow/example_dags/example_latest_only.py
[2025-07-18T12:46:39.338-0500] {processor.py:830} INFO - Processing file /home/abhiram/jobtrak-stack/venv/lib/python3.12/site-packages/airflow/example_dags/example_latest_only.py for tasks to queue
[2025-07-18T12:46:39.339-0500] {logging_mixin.py:188} INFO - [2025-07-18T12:46:39.339-0500] {dagbag.py:545} INFO - Filling up the DagBag from /home/abhiram/jobtrak-stack/venv/lib/python3.12/site-packages/airflow/example_dags/example_latest_only.py
[2025-07-18T12:46:39.342-0500] {processor.py:840} INFO - DAG(s) 'latest_only' retrieved from /home/abhiram/jobtrak-stack/venv/lib/python3.12/site-packages/airflow/example_dags/example_latest_only.py
[2025-07-18T12:46:39.367-0500] {logging_mixin.py:188} INFO - [2025-07-18T12:46:39.366-0500] {dag.py:3096} INFO - Sync 1 DAGs
[2025-07-18T12:46:39.385-0500] {logging_mixin.py:188} INFO - [2025-07-18T12:46:39.385-0500] {dag.py:3954} INFO - Setting next_dagrun for latest_only to 2025-07-18 12:00:00+00:00, run_after=2025-07-18 16:00:00+00:00
[2025-07-18T12:46:39.399-0500] {processor.py:183} INFO - Processing /home/abhiram/jobtrak-stack/venv/lib/python3.12/site-packages/airflow/example_dags/example_latest_only.py took 0.066 seconds
[2025-07-18T12:47:10.250-0500] {processor.py:161} INFO - Started process (PID=5376) to work on /home/abhiram/jobtrak-stack/venv/lib/python3.12/site-packages/airflow/example_dags/example_latest_only.py
[2025-07-18T12:47:10.251-0500] {processor.py:830} INFO - Processing file /home/abhiram/jobtrak-stack/venv/lib/python3.12/site-packages/airflow/example_dags/example_latest_only.py for tasks to queue
[2025-07-18T12:47:10.252-0500] {logging_mixin.py:188} INFO - [2025-07-18T12:47:10.252-0500] {dagbag.py:545} INFO - Filling up the DagBag from /home/abhiram/jobtrak-stack/venv/lib/python3.12/site-packages/airflow/example_dags/example_latest_only.py
[2025-07-18T12:47:10.255-0500] {processor.py:840} INFO - DAG(s) 'latest_only' retrieved from /home/abhiram/jobtrak-stack/venv/lib/python3.12/site-packages/airflow/example_dags/example_latest_only.py
[2025-07-18T12:47:10.274-0500] {logging_mixin.py:188} INFO - [2025-07-18T12:47:10.274-0500] {dag.py:3096} INFO - Sync 1 DAGs
[2025-07-18T12:47:10.287-0500] {logging_mixin.py:188} INFO - [2025-07-18T12:47:10.287-0500] {dag.py:3954} INFO - Setting next_dagrun for latest_only to 2025-07-18 12:00:00+00:00, run_after=2025-07-18 16:00:00+00:00
[2025-07-18T12:47:10.301-0500] {processor.py:183} INFO - Processing /home/abhiram/jobtrak-stack/venv/lib/python3.12/site-packages/airflow/example_dags/example_latest_only.py took 0.055 seconds
[2025-07-18T12:47:40.831-0500] {processor.py:161} INFO - Started process (PID=5483) to work on /home/abhiram/jobtrak-stack/venv/lib/python3.12/site-packages/airflow/example_dags/example_latest_only.py
[2025-07-18T12:47:40.834-0500] {processor.py:830} INFO - Processing file /home/abhiram/jobtrak-stack/venv/lib/python3.12/site-packages/airflow/example_dags/example_latest_only.py for tasks to queue
[2025-07-18T12:47:40.837-0500] {logging_mixin.py:188} INFO - [2025-07-18T12:47:40.837-0500] {dagbag.py:545} INFO - Filling up the DagBag from /home/abhiram/jobtrak-stack/venv/lib/python3.12/site-packages/airflow/example_dags/example_latest_only.py
[2025-07-18T12:47:40.841-0500] {processor.py:840} INFO - DAG(s) 'latest_only' retrieved from /home/abhiram/jobtrak-stack/venv/lib/python3.12/site-packages/airflow/example_dags/example_latest_only.py
[2025-07-18T12:47:40.858-0500] {logging_mixin.py:188} INFO - [2025-07-18T12:47:40.858-0500] {dag.py:3096} INFO - Sync 1 DAGs
[2025-07-18T12:47:40.872-0500] {logging_mixin.py:188} INFO - [2025-07-18T12:47:40.872-0500] {dag.py:3954} INFO - Setting next_dagrun for latest_only to 2025-07-18 12:00:00+00:00, run_after=2025-07-18 16:00:00+00:00
[2025-07-18T12:47:40.884-0500] {processor.py:183} INFO - Processing /home/abhiram/jobtrak-stack/venv/lib/python3.12/site-packages/airflow/example_dags/example_latest_only.py took 0.057 seconds
[2025-07-18T12:48:11.485-0500] {processor.py:161} INFO - Started process (PID=5654) to work on /home/abhiram/jobtrak-stack/venv/lib/python3.12/site-packages/airflow/example_dags/example_latest_only.py
[2025-07-18T12:48:11.487-0500] {processor.py:830} INFO - Processing file /home/abhiram/jobtrak-stack/venv/lib/python3.12/site-packages/airflow/example_dags/example_latest_only.py for tasks to queue
[2025-07-18T12:48:11.488-0500] {logging_mixin.py:188} INFO - [2025-07-18T12:48:11.488-0500] {dagbag.py:545} INFO - Filling up the DagBag from /home/abhiram/jobtrak-stack/venv/lib/python3.12/site-packages/airflow/example_dags/example_latest_only.py
[2025-07-18T12:48:11.491-0500] {processor.py:840} INFO - DAG(s) 'latest_only' retrieved from /home/abhiram/jobtrak-stack/venv/lib/python3.12/site-packages/airflow/example_dags/example_latest_only.py
[2025-07-18T12:48:11.510-0500] {logging_mixin.py:188} INFO - [2025-07-18T12:48:11.510-0500] {dag.py:3096} INFO - Sync 1 DAGs
[2025-07-18T12:48:11.524-0500] {logging_mixin.py:188} INFO - [2025-07-18T12:48:11.524-0500] {dag.py:3954} INFO - Setting next_dagrun for latest_only to 2025-07-18 12:00:00+00:00, run_after=2025-07-18 16:00:00+00:00
[2025-07-18T12:48:11.536-0500] {processor.py:183} INFO - Processing /home/abhiram/jobtrak-stack/venv/lib/python3.12/site-packages/airflow/example_dags/example_latest_only.py took 0.055 seconds
[2025-07-18T12:48:42.198-0500] {processor.py:161} INFO - Started process (PID=5774) to work on /home/abhiram/jobtrak-stack/venv/lib/python3.12/site-packages/airflow/example_dags/example_latest_only.py
[2025-07-18T12:48:42.200-0500] {processor.py:830} INFO - Processing file /home/abhiram/jobtrak-stack/venv/lib/python3.12/site-packages/airflow/example_dags/example_latest_only.py for tasks to queue
[2025-07-18T12:48:42.201-0500] {logging_mixin.py:188} INFO - [2025-07-18T12:48:42.200-0500] {dagbag.py:545} INFO - Filling up the DagBag from /home/abhiram/jobtrak-stack/venv/lib/python3.12/site-packages/airflow/example_dags/example_latest_only.py
[2025-07-18T12:48:42.203-0500] {processor.py:840} INFO - DAG(s) 'latest_only' retrieved from /home/abhiram/jobtrak-stack/venv/lib/python3.12/site-packages/airflow/example_dags/example_latest_only.py
[2025-07-18T12:48:42.221-0500] {logging_mixin.py:188} INFO - [2025-07-18T12:48:42.221-0500] {dag.py:3096} INFO - Sync 1 DAGs
[2025-07-18T12:48:42.238-0500] {logging_mixin.py:188} INFO - [2025-07-18T12:48:42.238-0500] {dag.py:3954} INFO - Setting next_dagrun for latest_only to 2025-07-18 12:00:00+00:00, run_after=2025-07-18 16:00:00+00:00
[2025-07-18T12:48:42.256-0500] {processor.py:183} INFO - Processing /home/abhiram/jobtrak-stack/venv/lib/python3.12/site-packages/airflow/example_dags/example_latest_only.py took 0.062 seconds
[2025-07-18T12:49:12.716-0500] {processor.py:161} INFO - Started process (PID=5881) to work on /home/abhiram/jobtrak-stack/venv/lib/python3.12/site-packages/airflow/example_dags/example_latest_only.py
[2025-07-18T12:49:12.717-0500] {processor.py:830} INFO - Processing file /home/abhiram/jobtrak-stack/venv/lib/python3.12/site-packages/airflow/example_dags/example_latest_only.py for tasks to queue
[2025-07-18T12:49:12.719-0500] {logging_mixin.py:188} INFO - [2025-07-18T12:49:12.718-0500] {dagbag.py:545} INFO - Filling up the DagBag from /home/abhiram/jobtrak-stack/venv/lib/python3.12/site-packages/airflow/example_dags/example_latest_only.py
[2025-07-18T12:49:12.722-0500] {processor.py:840} INFO - DAG(s) 'latest_only' retrieved from /home/abhiram/jobtrak-stack/venv/lib/python3.12/site-packages/airflow/example_dags/example_latest_only.py
[2025-07-18T12:49:12.741-0500] {logging_mixin.py:188} INFO - [2025-07-18T12:49:12.741-0500] {dag.py:3096} INFO - Sync 1 DAGs
[2025-07-18T12:49:12.757-0500] {logging_mixin.py:188} INFO - [2025-07-18T12:49:12.756-0500] {dag.py:3954} INFO - Setting next_dagrun for latest_only to 2025-07-18 12:00:00+00:00, run_after=2025-07-18 16:00:00+00:00
[2025-07-18T12:49:12.769-0500] {processor.py:183} INFO - Processing /home/abhiram/jobtrak-stack/venv/lib/python3.12/site-packages/airflow/example_dags/example_latest_only.py took 0.057 seconds
