[2025-07-18T11:49:19.529-0500] {processor.py:161} INFO - Started process (PID=877) to work on /home/abhiram/jobtrak-stack/venv/lib/python3.12/site-packages/airflow/example_dags/example_time_delta_sensor_async.py
[2025-07-18T11:49:19.530-0500] {processor.py:830} INFO - Processing file /home/abhiram/jobtrak-stack/venv/lib/python3.12/site-packages/airflow/example_dags/example_time_delta_sensor_async.py for tasks to queue
[2025-07-18T11:49:19.531-0500] {logging_mixin.py:188} INFO - [2025-07-18T11:49:19.531-0500] {dagbag.py:545} INFO - Filling up the DagBag from /home/abhiram/jobtrak-stack/venv/lib/python3.12/site-packages/airflow/example_dags/example_time_delta_sensor_async.py
[2025-07-18T11:49:19.534-0500] {processor.py:840} INFO - DAG(s) 'example_time_delta_sensor_async' retrieved from /home/abhiram/jobtrak-stack/venv/lib/python3.12/site-packages/airflow/example_dags/example_time_delta_sensor_async.py
[2025-07-18T11:49:19.546-0500] {logging_mixin.py:188} INFO - [2025-07-18T11:49:19.546-0500] {dag.py:3096} INFO - Sync 1 DAGs
[2025-07-18T11:49:19.554-0500] {logging_mixin.py:188} INFO - [2025-07-18T11:49:19.554-0500] {dag.py:3954} INFO - Setting next_dagrun for example_time_delta_sensor_async to None, run_after=None
[2025-07-18T11:49:19.571-0500] {processor.py:183} INFO - Processing /home/abhiram/jobtrak-stack/venv/lib/python3.12/site-packages/airflow/example_dags/example_time_delta_sensor_async.py took 0.045 seconds
[2025-07-18T11:49:51.666-0500] {processor.py:161} INFO - Started process (PID=1003) to work on /home/abhiram/jobtrak-stack/venv/lib/python3.12/site-packages/airflow/example_dags/example_time_delta_sensor_async.py
[2025-07-18T11:49:51.666-0500] {processor.py:830} INFO - Processing file /home/abhiram/jobtrak-stack/venv/lib/python3.12/site-packages/airflow/example_dags/example_time_delta_sensor_async.py for tasks to queue
[2025-07-18T11:49:51.667-0500] {logging_mixin.py:188} INFO - [2025-07-18T11:49:51.667-0500] {dagbag.py:545} INFO - Filling up the DagBag from /home/abhiram/jobtrak-stack/venv/lib/python3.12/site-packages/airflow/example_dags/example_time_delta_sensor_async.py
[2025-07-18T11:49:51.671-0500] {processor.py:840} INFO - DAG(s) 'example_time_delta_sensor_async' retrieved from /home/abhiram/jobtrak-stack/venv/lib/python3.12/site-packages/airflow/example_dags/example_time_delta_sensor_async.py
[2025-07-18T11:49:51.739-0500] {logging_mixin.py:188} INFO - [2025-07-18T11:49:51.739-0500] {dag.py:3096} INFO - Sync 1 DAGs
[2025-07-18T11:49:51.746-0500] {logging_mixin.py:188} INFO - [2025-07-18T11:49:51.745-0500] {dag.py:3954} INFO - Setting next_dagrun for example_time_delta_sensor_async to None, run_after=None
[2025-07-18T11:49:51.763-0500] {processor.py:183} INFO - Processing /home/abhiram/jobtrak-stack/venv/lib/python3.12/site-packages/airflow/example_dags/example_time_delta_sensor_async.py took 0.101 seconds
[2025-07-18T11:50:21.925-0500] {processor.py:161} INFO - Started process (PID=1130) to work on /home/abhiram/jobtrak-stack/venv/lib/python3.12/site-packages/airflow/example_dags/example_time_delta_sensor_async.py
[2025-07-18T11:50:21.926-0500] {processor.py:830} INFO - Processing file /home/abhiram/jobtrak-stack/venv/lib/python3.12/site-packages/airflow/example_dags/example_time_delta_sensor_async.py for tasks to queue
[2025-07-18T11:50:21.928-0500] {logging_mixin.py:188} INFO - [2025-07-18T11:50:21.927-0500] {dagbag.py:545} INFO - Filling up the DagBag from /home/abhiram/jobtrak-stack/venv/lib/python3.12/site-packages/airflow/example_dags/example_time_delta_sensor_async.py
[2025-07-18T11:50:21.931-0500] {processor.py:840} INFO - DAG(s) 'example_time_delta_sensor_async' retrieved from /home/abhiram/jobtrak-stack/venv/lib/python3.12/site-packages/airflow/example_dags/example_time_delta_sensor_async.py
[2025-07-18T11:50:21.949-0500] {logging_mixin.py:188} INFO - [2025-07-18T11:50:21.948-0500] {dag.py:3096} INFO - Sync 1 DAGs
[2025-07-18T11:50:21.958-0500] {logging_mixin.py:188} INFO - [2025-07-18T11:50:21.958-0500] {dag.py:3954} INFO - Setting next_dagrun for example_time_delta_sensor_async to None, run_after=None
[2025-07-18T11:50:21.974-0500] {processor.py:183} INFO - Processing /home/abhiram/jobtrak-stack/venv/lib/python3.12/site-packages/airflow/example_dags/example_time_delta_sensor_async.py took 0.053 seconds
[2025-07-18T11:50:52.061-0500] {processor.py:161} INFO - Started process (PID=1235) to work on /home/abhiram/jobtrak-stack/venv/lib/python3.12/site-packages/airflow/example_dags/example_time_delta_sensor_async.py
[2025-07-18T11:50:52.061-0500] {processor.py:830} INFO - Processing file /home/abhiram/jobtrak-stack/venv/lib/python3.12/site-packages/airflow/example_dags/example_time_delta_sensor_async.py for tasks to queue
[2025-07-18T11:50:52.062-0500] {logging_mixin.py:188} INFO - [2025-07-18T11:50:52.062-0500] {dagbag.py:545} INFO - Filling up the DagBag from /home/abhiram/jobtrak-stack/venv/lib/python3.12/site-packages/airflow/example_dags/example_time_delta_sensor_async.py
[2025-07-18T11:50:52.065-0500] {processor.py:840} INFO - DAG(s) 'example_time_delta_sensor_async' retrieved from /home/abhiram/jobtrak-stack/venv/lib/python3.12/site-packages/airflow/example_dags/example_time_delta_sensor_async.py
[2025-07-18T11:50:52.084-0500] {logging_mixin.py:188} INFO - [2025-07-18T11:50:52.084-0500] {dag.py:3096} INFO - Sync 1 DAGs
[2025-07-18T11:50:52.092-0500] {logging_mixin.py:188} INFO - [2025-07-18T11:50:52.092-0500] {dag.py:3954} INFO - Setting next_dagrun for example_time_delta_sensor_async to None, run_after=None
[2025-07-18T11:50:52.108-0500] {processor.py:183} INFO - Processing /home/abhiram/jobtrak-stack/venv/lib/python3.12/site-packages/airflow/example_dags/example_time_delta_sensor_async.py took 0.051 seconds
[2025-07-18T11:51:22.135-0500] {processor.py:161} INFO - Started process (PID=1343) to work on /home/abhiram/jobtrak-stack/venv/lib/python3.12/site-packages/airflow/example_dags/example_time_delta_sensor_async.py
[2025-07-18T11:51:22.136-0500] {processor.py:830} INFO - Processing file /home/abhiram/jobtrak-stack/venv/lib/python3.12/site-packages/airflow/example_dags/example_time_delta_sensor_async.py for tasks to queue
[2025-07-18T11:51:22.137-0500] {logging_mixin.py:188} INFO - [2025-07-18T11:51:22.136-0500] {dagbag.py:545} INFO - Filling up the DagBag from /home/abhiram/jobtrak-stack/venv/lib/python3.12/site-packages/airflow/example_dags/example_time_delta_sensor_async.py
[2025-07-18T11:51:22.139-0500] {processor.py:840} INFO - DAG(s) 'example_time_delta_sensor_async' retrieved from /home/abhiram/jobtrak-stack/venv/lib/python3.12/site-packages/airflow/example_dags/example_time_delta_sensor_async.py
[2025-07-18T11:51:22.156-0500] {logging_mixin.py:188} INFO - [2025-07-18T11:51:22.156-0500] {dag.py:3096} INFO - Sync 1 DAGs
[2025-07-18T11:51:22.165-0500] {logging_mixin.py:188} INFO - [2025-07-18T11:51:22.164-0500] {dag.py:3954} INFO - Setting next_dagrun for example_time_delta_sensor_async to None, run_after=None
[2025-07-18T11:51:22.179-0500] {processor.py:183} INFO - Processing /home/abhiram/jobtrak-stack/venv/lib/python3.12/site-packages/airflow/example_dags/example_time_delta_sensor_async.py took 0.048 seconds
[2025-07-18T11:51:52.443-0500] {processor.py:161} INFO - Started process (PID=1448) to work on /home/abhiram/jobtrak-stack/venv/lib/python3.12/site-packages/airflow/example_dags/example_time_delta_sensor_async.py
[2025-07-18T11:51:52.444-0500] {processor.py:830} INFO - Processing file /home/abhiram/jobtrak-stack/venv/lib/python3.12/site-packages/airflow/example_dags/example_time_delta_sensor_async.py for tasks to queue
[2025-07-18T11:51:52.445-0500] {logging_mixin.py:188} INFO - [2025-07-18T11:51:52.445-0500] {dagbag.py:545} INFO - Filling up the DagBag from /home/abhiram/jobtrak-stack/venv/lib/python3.12/site-packages/airflow/example_dags/example_time_delta_sensor_async.py
[2025-07-18T11:51:52.448-0500] {processor.py:840} INFO - DAG(s) 'example_time_delta_sensor_async' retrieved from /home/abhiram/jobtrak-stack/venv/lib/python3.12/site-packages/airflow/example_dags/example_time_delta_sensor_async.py
[2025-07-18T11:51:52.465-0500] {logging_mixin.py:188} INFO - [2025-07-18T11:51:52.465-0500] {dag.py:3096} INFO - Sync 1 DAGs
[2025-07-18T11:51:52.474-0500] {logging_mixin.py:188} INFO - [2025-07-18T11:51:52.474-0500] {dag.py:3954} INFO - Setting next_dagrun for example_time_delta_sensor_async to None, run_after=None
[2025-07-18T11:51:52.491-0500] {processor.py:183} INFO - Processing /home/abhiram/jobtrak-stack/venv/lib/python3.12/site-packages/airflow/example_dags/example_time_delta_sensor_async.py took 0.051 seconds
