[2025-07-18T11:49:18.202-0500] {processor.py:161} INFO - Started process (PID=805) to work on /home/abhiram/jobtrak-stack/venv/lib/python3.12/site-packages/airflow/example_dags/example_setup_teardown_taskflow.py
[2025-07-18T11:49:18.203-0500] {processor.py:830} INFO - Processing file /home/abhiram/jobtrak-stack/venv/lib/python3.12/site-packages/airflow/example_dags/example_setup_teardown_taskflow.py for tasks to queue
[2025-07-18T11:49:18.204-0500] {logging_mixin.py:188} INFO - [2025-07-18T11:49:18.204-0500] {dagbag.py:545} INFO - Filling up the DagBag from /home/abhiram/jobtrak-stack/venv/lib/python3.12/site-packages/airflow/example_dags/example_setup_teardown_taskflow.py
[2025-07-18T11:49:18.212-0500] {processor.py:840} INFO - DAG(s) 'example_setup_teardown_taskflow' retrieved from /home/abhiram/jobtrak-stack/venv/lib/python3.12/site-packages/airflow/example_dags/example_setup_teardown_taskflow.py
[2025-07-18T11:49:18.226-0500] {logging_mixin.py:188} INFO - [2025-07-18T11:49:18.226-0500] {dag.py:3096} INFO - Sync 1 DAGs
[2025-07-18T11:49:18.240-0500] {logging_mixin.py:188} INFO - [2025-07-18T11:49:18.240-0500] {dag.py:3954} INFO - Setting next_dagrun for example_setup_teardown_taskflow to 2025-07-17 00:00:00+00:00, run_after=2025-07-18 00:00:00+00:00
[2025-07-18T11:49:18.257-0500] {processor.py:183} INFO - Processing /home/abhiram/jobtrak-stack/venv/lib/python3.12/site-packages/airflow/example_dags/example_setup_teardown_taskflow.py took 0.058 seconds
[2025-07-18T11:49:49.494-0500] {processor.py:161} INFO - Started process (PID=931) to work on /home/abhiram/jobtrak-stack/venv/lib/python3.12/site-packages/airflow/example_dags/example_setup_teardown_taskflow.py
[2025-07-18T11:49:49.494-0500] {processor.py:830} INFO - Processing file /home/abhiram/jobtrak-stack/venv/lib/python3.12/site-packages/airflow/example_dags/example_setup_teardown_taskflow.py for tasks to queue
[2025-07-18T11:49:49.496-0500] {logging_mixin.py:188} INFO - [2025-07-18T11:49:49.495-0500] {dagbag.py:545} INFO - Filling up the DagBag from /home/abhiram/jobtrak-stack/venv/lib/python3.12/site-packages/airflow/example_dags/example_setup_teardown_taskflow.py
[2025-07-18T11:49:49.507-0500] {processor.py:840} INFO - DAG(s) 'example_setup_teardown_taskflow' retrieved from /home/abhiram/jobtrak-stack/venv/lib/python3.12/site-packages/airflow/example_dags/example_setup_teardown_taskflow.py
[2025-07-18T11:49:49.588-0500] {logging_mixin.py:188} INFO - [2025-07-18T11:49:49.587-0500] {dag.py:3096} INFO - Sync 1 DAGs
[2025-07-18T11:49:49.602-0500] {logging_mixin.py:188} INFO - [2025-07-18T11:49:49.602-0500] {dag.py:3954} INFO - Setting next_dagrun for example_setup_teardown_taskflow to 2025-07-17 00:00:00+00:00, run_after=2025-07-18 00:00:00+00:00
[2025-07-18T11:49:49.622-0500] {processor.py:183} INFO - Processing /home/abhiram/jobtrak-stack/venv/lib/python3.12/site-packages/airflow/example_dags/example_setup_teardown_taskflow.py took 0.132 seconds
[2025-07-18T11:50:20.404-0500] {processor.py:161} INFO - Started process (PID=1054) to work on /home/abhiram/jobtrak-stack/venv/lib/python3.12/site-packages/airflow/example_dags/example_setup_teardown_taskflow.py
[2025-07-18T11:50:20.406-0500] {processor.py:830} INFO - Processing file /home/abhiram/jobtrak-stack/venv/lib/python3.12/site-packages/airflow/example_dags/example_setup_teardown_taskflow.py for tasks to queue
[2025-07-18T11:50:20.407-0500] {logging_mixin.py:188} INFO - [2025-07-18T11:50:20.406-0500] {dagbag.py:545} INFO - Filling up the DagBag from /home/abhiram/jobtrak-stack/venv/lib/python3.12/site-packages/airflow/example_dags/example_setup_teardown_taskflow.py
[2025-07-18T11:50:20.412-0500] {processor.py:840} INFO - DAG(s) 'example_setup_teardown_taskflow' retrieved from /home/abhiram/jobtrak-stack/venv/lib/python3.12/site-packages/airflow/example_dags/example_setup_teardown_taskflow.py
[2025-07-18T11:50:20.432-0500] {logging_mixin.py:188} INFO - [2025-07-18T11:50:20.432-0500] {dag.py:3096} INFO - Sync 1 DAGs
[2025-07-18T11:50:20.446-0500] {logging_mixin.py:188} INFO - [2025-07-18T11:50:20.446-0500] {dag.py:3954} INFO - Setting next_dagrun for example_setup_teardown_taskflow to 2025-07-17 00:00:00+00:00, run_after=2025-07-18 00:00:00+00:00
[2025-07-18T11:50:20.461-0500] {processor.py:183} INFO - Processing /home/abhiram/jobtrak-stack/venv/lib/python3.12/site-packages/airflow/example_dags/example_setup_teardown_taskflow.py took 0.061 seconds
[2025-07-18T11:50:50.573-0500] {processor.py:161} INFO - Started process (PID=1163) to work on /home/abhiram/jobtrak-stack/venv/lib/python3.12/site-packages/airflow/example_dags/example_setup_teardown_taskflow.py
[2025-07-18T11:50:50.574-0500] {processor.py:830} INFO - Processing file /home/abhiram/jobtrak-stack/venv/lib/python3.12/site-packages/airflow/example_dags/example_setup_teardown_taskflow.py for tasks to queue
[2025-07-18T11:50:50.574-0500] {logging_mixin.py:188} INFO - [2025-07-18T11:50:50.574-0500] {dagbag.py:545} INFO - Filling up the DagBag from /home/abhiram/jobtrak-stack/venv/lib/python3.12/site-packages/airflow/example_dags/example_setup_teardown_taskflow.py
[2025-07-18T11:50:50.580-0500] {processor.py:840} INFO - DAG(s) 'example_setup_teardown_taskflow' retrieved from /home/abhiram/jobtrak-stack/venv/lib/python3.12/site-packages/airflow/example_dags/example_setup_teardown_taskflow.py
[2025-07-18T11:50:50.599-0500] {logging_mixin.py:188} INFO - [2025-07-18T11:50:50.599-0500] {dag.py:3096} INFO - Sync 1 DAGs
[2025-07-18T11:50:50.615-0500] {logging_mixin.py:188} INFO - [2025-07-18T11:50:50.614-0500] {dag.py:3954} INFO - Setting next_dagrun for example_setup_teardown_taskflow to 2025-07-17 00:00:00+00:00, run_after=2025-07-18 00:00:00+00:00
[2025-07-18T11:50:50.629-0500] {processor.py:183} INFO - Processing /home/abhiram/jobtrak-stack/venv/lib/python3.12/site-packages/airflow/example_dags/example_setup_teardown_taskflow.py took 0.060 seconds
[2025-07-18T11:51:20.723-0500] {processor.py:161} INFO - Started process (PID=1271) to work on /home/abhiram/jobtrak-stack/venv/lib/python3.12/site-packages/airflow/example_dags/example_setup_teardown_taskflow.py
[2025-07-18T11:51:20.724-0500] {processor.py:830} INFO - Processing file /home/abhiram/jobtrak-stack/venv/lib/python3.12/site-packages/airflow/example_dags/example_setup_teardown_taskflow.py for tasks to queue
[2025-07-18T11:51:20.725-0500] {logging_mixin.py:188} INFO - [2025-07-18T11:51:20.725-0500] {dagbag.py:545} INFO - Filling up the DagBag from /home/abhiram/jobtrak-stack/venv/lib/python3.12/site-packages/airflow/example_dags/example_setup_teardown_taskflow.py
[2025-07-18T11:51:20.734-0500] {processor.py:840} INFO - DAG(s) 'example_setup_teardown_taskflow' retrieved from /home/abhiram/jobtrak-stack/venv/lib/python3.12/site-packages/airflow/example_dags/example_setup_teardown_taskflow.py
[2025-07-18T11:51:20.753-0500] {logging_mixin.py:188} INFO - [2025-07-18T11:51:20.752-0500] {dag.py:3096} INFO - Sync 1 DAGs
[2025-07-18T11:51:20.767-0500] {logging_mixin.py:188} INFO - [2025-07-18T11:51:20.767-0500] {dag.py:3954} INFO - Setting next_dagrun for example_setup_teardown_taskflow to 2025-07-17 00:00:00+00:00, run_after=2025-07-18 00:00:00+00:00
[2025-07-18T11:51:20.784-0500] {processor.py:183} INFO - Processing /home/abhiram/jobtrak-stack/venv/lib/python3.12/site-packages/airflow/example_dags/example_setup_teardown_taskflow.py took 0.066 seconds
[2025-07-18T11:51:51.040-0500] {processor.py:161} INFO - Started process (PID=1376) to work on /home/abhiram/jobtrak-stack/venv/lib/python3.12/site-packages/airflow/example_dags/example_setup_teardown_taskflow.py
[2025-07-18T11:51:51.041-0500] {processor.py:830} INFO - Processing file /home/abhiram/jobtrak-stack/venv/lib/python3.12/site-packages/airflow/example_dags/example_setup_teardown_taskflow.py for tasks to queue
[2025-07-18T11:51:51.042-0500] {logging_mixin.py:188} INFO - [2025-07-18T11:51:51.042-0500] {dagbag.py:545} INFO - Filling up the DagBag from /home/abhiram/jobtrak-stack/venv/lib/python3.12/site-packages/airflow/example_dags/example_setup_teardown_taskflow.py
[2025-07-18T11:51:51.050-0500] {processor.py:840} INFO - DAG(s) 'example_setup_teardown_taskflow' retrieved from /home/abhiram/jobtrak-stack/venv/lib/python3.12/site-packages/airflow/example_dags/example_setup_teardown_taskflow.py
[2025-07-18T11:51:51.074-0500] {logging_mixin.py:188} INFO - [2025-07-18T11:51:51.074-0500] {dag.py:3096} INFO - Sync 1 DAGs
[2025-07-18T11:51:51.100-0500] {logging_mixin.py:188} INFO - [2025-07-18T11:51:51.100-0500] {dag.py:3954} INFO - Setting next_dagrun for example_setup_teardown_taskflow to 2025-07-17 00:00:00+00:00, run_after=2025-07-18 00:00:00+00:00
[2025-07-18T11:51:51.120-0500] {processor.py:183} INFO - Processing /home/abhiram/jobtrak-stack/venv/lib/python3.12/site-packages/airflow/example_dags/example_setup_teardown_taskflow.py took 0.086 seconds
