[2025-07-18T11:49:19.311-0500] {processor.py:161} INFO - Started process (PID=861) to work on /home/abhiram/jobtrak-stack/venv/lib/python3.12/site-packages/airflow/example_dags/example_kubernetes_executor.py
[2025-07-18T11:49:19.312-0500] {processor.py:830} INFO - Processing file /home/abhiram/jobtrak-stack/venv/lib/python3.12/site-packages/airflow/example_dags/example_kubernetes_executor.py for tasks to queue
[2025-07-18T11:49:19.312-0500] {logging_mixin.py:188} INFO - [2025-07-18T11:49:19.312-0500] {dagbag.py:545} INFO - Filling up the DagBag from /home/abhiram/jobtrak-stack/venv/lib/python3.12/site-packages/airflow/example_dags/example_kubernetes_executor.py
[2025-07-18T11:49:19.314-0500] {logging_mixin.py:188} INFO - [2025-07-18T11:49:19.314-0500] {example_kubernetes_executor.py:39} WARNING - The example_kubernetes_executor example DAG requires the kubernetes provider. Please install it with: pip install apache-airflow[cncf.kubernetes]
[2025-07-18T11:49:19.314-0500] {processor.py:842} WARNING - No viable dags retrieved from /home/abhiram/jobtrak-stack/venv/lib/python3.12/site-packages/airflow/example_dags/example_kubernetes_executor.py
[2025-07-18T11:49:19.327-0500] {processor.py:183} INFO - Processing /home/abhiram/jobtrak-stack/venv/lib/python3.12/site-packages/airflow/example_dags/example_kubernetes_executor.py took 0.019 seconds
[2025-07-18T11:49:51.284-0500] {processor.py:161} INFO - Started process (PID=987) to work on /home/abhiram/jobtrak-stack/venv/lib/python3.12/site-packages/airflow/example_dags/example_kubernetes_executor.py
[2025-07-18T11:49:51.284-0500] {processor.py:830} INFO - Processing file /home/abhiram/jobtrak-stack/venv/lib/python3.12/site-packages/airflow/example_dags/example_kubernetes_executor.py for tasks to queue
[2025-07-18T11:49:51.285-0500] {logging_mixin.py:188} INFO - [2025-07-18T11:49:51.285-0500] {dagbag.py:545} INFO - Filling up the DagBag from /home/abhiram/jobtrak-stack/venv/lib/python3.12/site-packages/airflow/example_dags/example_kubernetes_executor.py
[2025-07-18T11:49:51.287-0500] {logging_mixin.py:188} INFO - [2025-07-18T11:49:51.286-0500] {example_kubernetes_executor.py:39} WARNING - The example_kubernetes_executor example DAG requires the kubernetes provider. Please install it with: pip install apache-airflow[cncf.kubernetes]
[2025-07-18T11:49:51.287-0500] {processor.py:842} WARNING - No viable dags retrieved from /home/abhiram/jobtrak-stack/venv/lib/python3.12/site-packages/airflow/example_dags/example_kubernetes_executor.py
[2025-07-18T11:49:51.301-0500] {processor.py:183} INFO - Processing /home/abhiram/jobtrak-stack/venv/lib/python3.12/site-packages/airflow/example_dags/example_kubernetes_executor.py took 0.021 seconds
[2025-07-18T11:50:21.512-0500] {processor.py:161} INFO - Started process (PID=1110) to work on /home/abhiram/jobtrak-stack/venv/lib/python3.12/site-packages/airflow/example_dags/example_kubernetes_executor.py
[2025-07-18T11:50:21.513-0500] {processor.py:830} INFO - Processing file /home/abhiram/jobtrak-stack/venv/lib/python3.12/site-packages/airflow/example_dags/example_kubernetes_executor.py for tasks to queue
[2025-07-18T11:50:21.514-0500] {logging_mixin.py:188} INFO - [2025-07-18T11:50:21.514-0500] {dagbag.py:545} INFO - Filling up the DagBag from /home/abhiram/jobtrak-stack/venv/lib/python3.12/site-packages/airflow/example_dags/example_kubernetes_executor.py
[2025-07-18T11:50:21.516-0500] {logging_mixin.py:188} INFO - [2025-07-18T11:50:21.516-0500] {example_kubernetes_executor.py:39} WARNING - The example_kubernetes_executor example DAG requires the kubernetes provider. Please install it with: pip install apache-airflow[cncf.kubernetes]
[2025-07-18T11:50:21.516-0500] {processor.py:842} WARNING - No viable dags retrieved from /home/abhiram/jobtrak-stack/venv/lib/python3.12/site-packages/airflow/example_dags/example_kubernetes_executor.py
[2025-07-18T11:50:21.530-0500] {processor.py:183} INFO - Processing /home/abhiram/jobtrak-stack/venv/lib/python3.12/site-packages/airflow/example_dags/example_kubernetes_executor.py took 0.022 seconds
[2025-07-18T11:50:51.671-0500] {processor.py:161} INFO - Started process (PID=1219) to work on /home/abhiram/jobtrak-stack/venv/lib/python3.12/site-packages/airflow/example_dags/example_kubernetes_executor.py
[2025-07-18T11:50:51.671-0500] {processor.py:830} INFO - Processing file /home/abhiram/jobtrak-stack/venv/lib/python3.12/site-packages/airflow/example_dags/example_kubernetes_executor.py for tasks to queue
[2025-07-18T11:50:51.672-0500] {logging_mixin.py:188} INFO - [2025-07-18T11:50:51.672-0500] {dagbag.py:545} INFO - Filling up the DagBag from /home/abhiram/jobtrak-stack/venv/lib/python3.12/site-packages/airflow/example_dags/example_kubernetes_executor.py
[2025-07-18T11:50:51.674-0500] {logging_mixin.py:188} INFO - [2025-07-18T11:50:51.674-0500] {example_kubernetes_executor.py:39} WARNING - The example_kubernetes_executor example DAG requires the kubernetes provider. Please install it with: pip install apache-airflow[cncf.kubernetes]
[2025-07-18T11:50:51.674-0500] {processor.py:842} WARNING - No viable dags retrieved from /home/abhiram/jobtrak-stack/venv/lib/python3.12/site-packages/airflow/example_dags/example_kubernetes_executor.py
[2025-07-18T11:50:51.687-0500] {processor.py:183} INFO - Processing /home/abhiram/jobtrak-stack/venv/lib/python3.12/site-packages/airflow/example_dags/example_kubernetes_executor.py took 0.020 seconds
[2025-07-18T11:51:21.839-0500] {processor.py:161} INFO - Started process (PID=1327) to work on /home/abhiram/jobtrak-stack/venv/lib/python3.12/site-packages/airflow/example_dags/example_kubernetes_executor.py
[2025-07-18T11:51:21.840-0500] {processor.py:830} INFO - Processing file /home/abhiram/jobtrak-stack/venv/lib/python3.12/site-packages/airflow/example_dags/example_kubernetes_executor.py for tasks to queue
[2025-07-18T11:51:21.841-0500] {logging_mixin.py:188} INFO - [2025-07-18T11:51:21.840-0500] {dagbag.py:545} INFO - Filling up the DagBag from /home/abhiram/jobtrak-stack/venv/lib/python3.12/site-packages/airflow/example_dags/example_kubernetes_executor.py
[2025-07-18T11:51:21.843-0500] {logging_mixin.py:188} INFO - [2025-07-18T11:51:21.843-0500] {example_kubernetes_executor.py:39} WARNING - The example_kubernetes_executor example DAG requires the kubernetes provider. Please install it with: pip install apache-airflow[cncf.kubernetes]
[2025-07-18T11:51:21.844-0500] {processor.py:842} WARNING - No viable dags retrieved from /home/abhiram/jobtrak-stack/venv/lib/python3.12/site-packages/airflow/example_dags/example_kubernetes_executor.py
[2025-07-18T11:51:21.866-0500] {processor.py:183} INFO - Processing /home/abhiram/jobtrak-stack/venv/lib/python3.12/site-packages/airflow/example_dags/example_kubernetes_executor.py took 0.031 seconds
[2025-07-18T11:51:52.175-0500] {processor.py:161} INFO - Started process (PID=1431) to work on /home/abhiram/jobtrak-stack/venv/lib/python3.12/site-packages/airflow/example_dags/example_kubernetes_executor.py
[2025-07-18T11:51:52.176-0500] {processor.py:830} INFO - Processing file /home/abhiram/jobtrak-stack/venv/lib/python3.12/site-packages/airflow/example_dags/example_kubernetes_executor.py for tasks to queue
[2025-07-18T11:51:52.177-0500] {logging_mixin.py:188} INFO - [2025-07-18T11:51:52.176-0500] {dagbag.py:545} INFO - Filling up the DagBag from /home/abhiram/jobtrak-stack/venv/lib/python3.12/site-packages/airflow/example_dags/example_kubernetes_executor.py
[2025-07-18T11:51:52.178-0500] {logging_mixin.py:188} INFO - [2025-07-18T11:51:52.178-0500] {example_kubernetes_executor.py:39} WARNING - The example_kubernetes_executor example DAG requires the kubernetes provider. Please install it with: pip install apache-airflow[cncf.kubernetes]
[2025-07-18T11:51:52.178-0500] {processor.py:842} WARNING - No viable dags retrieved from /home/abhiram/jobtrak-stack/venv/lib/python3.12/site-packages/airflow/example_dags/example_kubernetes_executor.py
[2025-07-18T11:51:52.194-0500] {processor.py:183} INFO - Processing /home/abhiram/jobtrak-stack/venv/lib/python3.12/site-packages/airflow/example_dags/example_kubernetes_executor.py took 0.023 seconds
