[2025-07-18T11:49:18.301-0500] {processor.py:161} INFO - Started process (PID=811) to work on /home/abhiram/jobtrak-stack/venv/lib/python3.12/site-packages/airflow/example_dags/example_subdag_operator.py
[2025-07-18T11:49:18.301-0500] {processor.py:830} INFO - Processing file /home/abhiram/jobtrak-stack/venv/lib/python3.12/site-packages/airflow/example_dags/example_subdag_operator.py for tasks to queue
[2025-07-18T11:49:18.302-0500] {logging_mixin.py:188} INFO - [2025-07-18T11:49:18.302-0500] {dagbag.py:545} INFO - Filling up the DagBag from /home/abhiram/jobtrak-stack/venv/lib/python3.12/site-packages/airflow/example_dags/example_subdag_operator.py
[2025-07-18T11:49:18.323-0500] {processor.py:840} INFO - DAG(s) 'example_subdag_operator.section-1', 'example_subdag_operator.section-2', 'example_subdag_operator' retrieved from /home/abhiram/jobtrak-stack/venv/lib/python3.12/site-packages/airflow/example_dags/example_subdag_operator.py
[2025-07-18T11:49:18.326-0500] {logging_mixin.py:188} INFO - [2025-07-18T11:49:18.325-0500] {dag.py:3096} INFO - Sync 3 DAGs
[2025-07-18T11:49:18.340-0500] {logging_mixin.py:188} INFO - [2025-07-18T11:49:18.340-0500] {dag.py:3954} INFO - Setting next_dagrun for example_subdag_operator to 2022-01-01 00:00:00+00:00, run_after=2022-01-01 00:00:00+00:00
[2025-07-18T11:49:18.342-0500] {logging_mixin.py:188} INFO - [2025-07-18T11:49:18.342-0500] {dag.py:3954} INFO - Setting next_dagrun for example_subdag_operator.section-1 to None, run_after=None
[2025-07-18T11:49:18.343-0500] {logging_mixin.py:188} INFO - [2025-07-18T11:49:18.343-0500] {dag.py:3954} INFO - Setting next_dagrun for example_subdag_operator.section-2 to None, run_after=None
[2025-07-18T11:49:18.348-0500] {logging_mixin.py:188} INFO - [2025-07-18T11:49:18.348-0500] {dag.py:3096} INFO - Sync 2 DAGs
[2025-07-18T11:49:18.351-0500] {logging_mixin.py:188} INFO - [2025-07-18T11:49:18.351-0500] {dag.py:3954} INFO - Setting next_dagrun for example_subdag_operator.section-1 to None, run_after=None
[2025-07-18T11:49:18.351-0500] {logging_mixin.py:188} INFO - [2025-07-18T11:49:18.351-0500] {dag.py:3954} INFO - Setting next_dagrun for example_subdag_operator.section-2 to None, run_after=None
[2025-07-18T11:49:18.359-0500] {processor.py:183} INFO - Processing /home/abhiram/jobtrak-stack/venv/lib/python3.12/site-packages/airflow/example_dags/example_subdag_operator.py took 0.062 seconds
[2025-07-18T11:49:49.669-0500] {processor.py:161} INFO - Started process (PID=937) to work on /home/abhiram/jobtrak-stack/venv/lib/python3.12/site-packages/airflow/example_dags/example_subdag_operator.py
[2025-07-18T11:49:49.670-0500] {processor.py:830} INFO - Processing file /home/abhiram/jobtrak-stack/venv/lib/python3.12/site-packages/airflow/example_dags/example_subdag_operator.py for tasks to queue
[2025-07-18T11:49:49.671-0500] {logging_mixin.py:188} INFO - [2025-07-18T11:49:49.671-0500] {dagbag.py:545} INFO - Filling up the DagBag from /home/abhiram/jobtrak-stack/venv/lib/python3.12/site-packages/airflow/example_dags/example_subdag_operator.py
[2025-07-18T11:49:49.693-0500] {processor.py:840} INFO - DAG(s) 'example_subdag_operator.section-1', 'example_subdag_operator.section-2', 'example_subdag_operator' retrieved from /home/abhiram/jobtrak-stack/venv/lib/python3.12/site-packages/airflow/example_dags/example_subdag_operator.py
[2025-07-18T11:49:49.754-0500] {logging_mixin.py:188} INFO - [2025-07-18T11:49:49.754-0500] {dag.py:3096} INFO - Sync 3 DAGs
[2025-07-18T11:49:49.767-0500] {logging_mixin.py:188} INFO - [2025-07-18T11:49:49.767-0500] {dag.py:3954} INFO - Setting next_dagrun for example_subdag_operator to 2022-01-01 00:00:00+00:00, run_after=2022-01-01 00:00:00+00:00
[2025-07-18T11:49:49.770-0500] {logging_mixin.py:188} INFO - [2025-07-18T11:49:49.769-0500] {dag.py:3954} INFO - Setting next_dagrun for example_subdag_operator.section-1 to None, run_after=None
[2025-07-18T11:49:49.771-0500] {logging_mixin.py:188} INFO - [2025-07-18T11:49:49.770-0500] {dag.py:3954} INFO - Setting next_dagrun for example_subdag_operator.section-2 to None, run_after=None
[2025-07-18T11:49:49.778-0500] {logging_mixin.py:188} INFO - [2025-07-18T11:49:49.778-0500] {dag.py:3096} INFO - Sync 2 DAGs
[2025-07-18T11:49:49.781-0500] {logging_mixin.py:188} INFO - [2025-07-18T11:49:49.781-0500] {dag.py:3954} INFO - Setting next_dagrun for example_subdag_operator.section-1 to None, run_after=None
[2025-07-18T11:49:49.782-0500] {logging_mixin.py:188} INFO - [2025-07-18T11:49:49.782-0500] {dag.py:3954} INFO - Setting next_dagrun for example_subdag_operator.section-2 to None, run_after=None
[2025-07-18T11:49:49.790-0500] {processor.py:183} INFO - Processing /home/abhiram/jobtrak-stack/venv/lib/python3.12/site-packages/airflow/example_dags/example_subdag_operator.py took 0.125 seconds
[2025-07-18T11:50:20.495-0500] {processor.py:161} INFO - Started process (PID=1060) to work on /home/abhiram/jobtrak-stack/venv/lib/python3.12/site-packages/airflow/example_dags/example_subdag_operator.py
[2025-07-18T11:50:20.497-0500] {processor.py:830} INFO - Processing file /home/abhiram/jobtrak-stack/venv/lib/python3.12/site-packages/airflow/example_dags/example_subdag_operator.py for tasks to queue
[2025-07-18T11:50:20.498-0500] {logging_mixin.py:188} INFO - [2025-07-18T11:50:20.497-0500] {dagbag.py:545} INFO - Filling up the DagBag from /home/abhiram/jobtrak-stack/venv/lib/python3.12/site-packages/airflow/example_dags/example_subdag_operator.py
[2025-07-18T11:50:20.518-0500] {processor.py:840} INFO - DAG(s) 'example_subdag_operator.section-1', 'example_subdag_operator.section-2', 'example_subdag_operator' retrieved from /home/abhiram/jobtrak-stack/venv/lib/python3.12/site-packages/airflow/example_dags/example_subdag_operator.py
[2025-07-18T11:50:20.529-0500] {logging_mixin.py:188} INFO - [2025-07-18T11:50:20.529-0500] {dag.py:3096} INFO - Sync 3 DAGs
[2025-07-18T11:50:20.545-0500] {logging_mixin.py:188} INFO - [2025-07-18T11:50:20.544-0500] {dag.py:3954} INFO - Setting next_dagrun for example_subdag_operator to 2022-01-01 00:00:00+00:00, run_after=2022-01-01 00:00:00+00:00
[2025-07-18T11:50:20.547-0500] {logging_mixin.py:188} INFO - [2025-07-18T11:50:20.547-0500] {dag.py:3954} INFO - Setting next_dagrun for example_subdag_operator.section-1 to None, run_after=None
[2025-07-18T11:50:20.548-0500] {logging_mixin.py:188} INFO - [2025-07-18T11:50:20.548-0500] {dag.py:3954} INFO - Setting next_dagrun for example_subdag_operator.section-2 to None, run_after=None
[2025-07-18T11:50:20.553-0500] {logging_mixin.py:188} INFO - [2025-07-18T11:50:20.553-0500] {dag.py:3096} INFO - Sync 2 DAGs
[2025-07-18T11:50:20.556-0500] {logging_mixin.py:188} INFO - [2025-07-18T11:50:20.556-0500] {dag.py:3954} INFO - Setting next_dagrun for example_subdag_operator.section-1 to None, run_after=None
[2025-07-18T11:50:20.556-0500] {logging_mixin.py:188} INFO - [2025-07-18T11:50:20.556-0500] {dag.py:3954} INFO - Setting next_dagrun for example_subdag_operator.section-2 to None, run_after=None
[2025-07-18T11:50:20.566-0500] {processor.py:183} INFO - Processing /home/abhiram/jobtrak-stack/venv/lib/python3.12/site-packages/airflow/example_dags/example_subdag_operator.py took 0.075 seconds
[2025-07-18T11:50:50.702-0500] {processor.py:161} INFO - Started process (PID=1171) to work on /home/abhiram/jobtrak-stack/venv/lib/python3.12/site-packages/airflow/example_dags/example_subdag_operator.py
[2025-07-18T11:50:50.702-0500] {processor.py:830} INFO - Processing file /home/abhiram/jobtrak-stack/venv/lib/python3.12/site-packages/airflow/example_dags/example_subdag_operator.py for tasks to queue
[2025-07-18T11:50:50.703-0500] {logging_mixin.py:188} INFO - [2025-07-18T11:50:50.703-0500] {dagbag.py:545} INFO - Filling up the DagBag from /home/abhiram/jobtrak-stack/venv/lib/python3.12/site-packages/airflow/example_dags/example_subdag_operator.py
[2025-07-18T11:50:50.723-0500] {processor.py:840} INFO - DAG(s) 'example_subdag_operator.section-1', 'example_subdag_operator.section-2', 'example_subdag_operator' retrieved from /home/abhiram/jobtrak-stack/venv/lib/python3.12/site-packages/airflow/example_dags/example_subdag_operator.py
[2025-07-18T11:50:50.734-0500] {logging_mixin.py:188} INFO - [2025-07-18T11:50:50.733-0500] {dag.py:3096} INFO - Sync 3 DAGs
[2025-07-18T11:50:50.748-0500] {logging_mixin.py:188} INFO - [2025-07-18T11:50:50.748-0500] {dag.py:3954} INFO - Setting next_dagrun for example_subdag_operator to 2022-01-01 00:00:00+00:00, run_after=2022-01-01 00:00:00+00:00
[2025-07-18T11:50:50.751-0500] {logging_mixin.py:188} INFO - [2025-07-18T11:50:50.751-0500] {dag.py:3954} INFO - Setting next_dagrun for example_subdag_operator.section-1 to None, run_after=None
[2025-07-18T11:50:50.751-0500] {logging_mixin.py:188} INFO - [2025-07-18T11:50:50.751-0500] {dag.py:3954} INFO - Setting next_dagrun for example_subdag_operator.section-2 to None, run_after=None
[2025-07-18T11:50:50.757-0500] {logging_mixin.py:188} INFO - [2025-07-18T11:50:50.757-0500] {dag.py:3096} INFO - Sync 2 DAGs
[2025-07-18T11:50:50.762-0500] {logging_mixin.py:188} INFO - [2025-07-18T11:50:50.762-0500] {dag.py:3954} INFO - Setting next_dagrun for example_subdag_operator.section-1 to None, run_after=None
[2025-07-18T11:50:50.763-0500] {logging_mixin.py:188} INFO - [2025-07-18T11:50:50.763-0500] {dag.py:3954} INFO - Setting next_dagrun for example_subdag_operator.section-2 to None, run_after=None
[2025-07-18T11:50:50.771-0500] {processor.py:183} INFO - Processing /home/abhiram/jobtrak-stack/venv/lib/python3.12/site-packages/airflow/example_dags/example_subdag_operator.py took 0.073 seconds
[2025-07-18T11:51:20.829-0500] {processor.py:161} INFO - Started process (PID=1279) to work on /home/abhiram/jobtrak-stack/venv/lib/python3.12/site-packages/airflow/example_dags/example_subdag_operator.py
[2025-07-18T11:51:20.831-0500] {processor.py:830} INFO - Processing file /home/abhiram/jobtrak-stack/venv/lib/python3.12/site-packages/airflow/example_dags/example_subdag_operator.py for tasks to queue
[2025-07-18T11:51:20.832-0500] {logging_mixin.py:188} INFO - [2025-07-18T11:51:20.831-0500] {dagbag.py:545} INFO - Filling up the DagBag from /home/abhiram/jobtrak-stack/venv/lib/python3.12/site-packages/airflow/example_dags/example_subdag_operator.py
[2025-07-18T11:51:20.852-0500] {processor.py:840} INFO - DAG(s) 'example_subdag_operator.section-1', 'example_subdag_operator.section-2', 'example_subdag_operator' retrieved from /home/abhiram/jobtrak-stack/venv/lib/python3.12/site-packages/airflow/example_dags/example_subdag_operator.py
[2025-07-18T11:51:20.865-0500] {logging_mixin.py:188} INFO - [2025-07-18T11:51:20.865-0500] {dag.py:3096} INFO - Sync 3 DAGs
[2025-07-18T11:51:20.880-0500] {logging_mixin.py:188} INFO - [2025-07-18T11:51:20.880-0500] {dag.py:3954} INFO - Setting next_dagrun for example_subdag_operator to 2022-01-01 00:00:00+00:00, run_after=2022-01-01 00:00:00+00:00
[2025-07-18T11:51:20.882-0500] {logging_mixin.py:188} INFO - [2025-07-18T11:51:20.882-0500] {dag.py:3954} INFO - Setting next_dagrun for example_subdag_operator.section-1 to None, run_after=None
[2025-07-18T11:51:20.883-0500] {logging_mixin.py:188} INFO - [2025-07-18T11:51:20.883-0500] {dag.py:3954} INFO - Setting next_dagrun for example_subdag_operator.section-2 to None, run_after=None
[2025-07-18T11:51:20.889-0500] {logging_mixin.py:188} INFO - [2025-07-18T11:51:20.889-0500] {dag.py:3096} INFO - Sync 2 DAGs
[2025-07-18T11:51:20.901-0500] {logging_mixin.py:188} INFO - [2025-07-18T11:51:20.901-0500] {dag.py:3954} INFO - Setting next_dagrun for example_subdag_operator.section-1 to None, run_after=None
[2025-07-18T11:51:20.902-0500] {logging_mixin.py:188} INFO - [2025-07-18T11:51:20.902-0500] {dag.py:3954} INFO - Setting next_dagrun for example_subdag_operator.section-2 to None, run_after=None
[2025-07-18T11:51:20.912-0500] {processor.py:183} INFO - Processing /home/abhiram/jobtrak-stack/venv/lib/python3.12/site-packages/airflow/example_dags/example_subdag_operator.py took 0.087 seconds
[2025-07-18T11:51:51.168-0500] {processor.py:161} INFO - Started process (PID=1382) to work on /home/abhiram/jobtrak-stack/venv/lib/python3.12/site-packages/airflow/example_dags/example_subdag_operator.py
[2025-07-18T11:51:51.169-0500] {processor.py:830} INFO - Processing file /home/abhiram/jobtrak-stack/venv/lib/python3.12/site-packages/airflow/example_dags/example_subdag_operator.py for tasks to queue
[2025-07-18T11:51:51.170-0500] {logging_mixin.py:188} INFO - [2025-07-18T11:51:51.170-0500] {dagbag.py:545} INFO - Filling up the DagBag from /home/abhiram/jobtrak-stack/venv/lib/python3.12/site-packages/airflow/example_dags/example_subdag_operator.py
[2025-07-18T11:51:51.194-0500] {processor.py:840} INFO - DAG(s) 'example_subdag_operator.section-1', 'example_subdag_operator.section-2', 'example_subdag_operator' retrieved from /home/abhiram/jobtrak-stack/venv/lib/python3.12/site-packages/airflow/example_dags/example_subdag_operator.py
[2025-07-18T11:51:51.206-0500] {logging_mixin.py:188} INFO - [2025-07-18T11:51:51.206-0500] {dag.py:3096} INFO - Sync 3 DAGs
[2025-07-18T11:51:51.222-0500] {logging_mixin.py:188} INFO - [2025-07-18T11:51:51.222-0500] {dag.py:3954} INFO - Setting next_dagrun for example_subdag_operator to 2022-01-01 00:00:00+00:00, run_after=2022-01-01 00:00:00+00:00
[2025-07-18T11:51:51.225-0500] {logging_mixin.py:188} INFO - [2025-07-18T11:51:51.225-0500] {dag.py:3954} INFO - Setting next_dagrun for example_subdag_operator.section-1 to None, run_after=None
[2025-07-18T11:51:51.226-0500] {logging_mixin.py:188} INFO - [2025-07-18T11:51:51.225-0500] {dag.py:3954} INFO - Setting next_dagrun for example_subdag_operator.section-2 to None, run_after=None
[2025-07-18T11:51:51.232-0500] {logging_mixin.py:188} INFO - [2025-07-18T11:51:51.232-0500] {dag.py:3096} INFO - Sync 2 DAGs
[2025-07-18T11:51:51.236-0500] {logging_mixin.py:188} INFO - [2025-07-18T11:51:51.236-0500] {dag.py:3954} INFO - Setting next_dagrun for example_subdag_operator.section-1 to None, run_after=None
[2025-07-18T11:51:51.236-0500] {logging_mixin.py:188} INFO - [2025-07-18T11:51:51.236-0500] {dag.py:3954} INFO - Setting next_dagrun for example_subdag_operator.section-2 to None, run_after=None
[2025-07-18T11:51:51.245-0500] {processor.py:183} INFO - Processing /home/abhiram/jobtrak-stack/venv/lib/python3.12/site-packages/airflow/example_dags/example_subdag_operator.py took 0.081 seconds
[2025-07-18T12:32:15.513-0500] {processor.py:161} INFO - Started process (PID=1923) to work on /home/abhiram/jobtrak-stack/venv/lib/python3.12/site-packages/airflow/example_dags/example_subdag_operator.py
[2025-07-18T12:32:15.514-0500] {processor.py:830} INFO - Processing file /home/abhiram/jobtrak-stack/venv/lib/python3.12/site-packages/airflow/example_dags/example_subdag_operator.py for tasks to queue
[2025-07-18T12:32:15.515-0500] {logging_mixin.py:188} INFO - [2025-07-18T12:32:15.515-0500] {dagbag.py:545} INFO - Filling up the DagBag from /home/abhiram/jobtrak-stack/venv/lib/python3.12/site-packages/airflow/example_dags/example_subdag_operator.py
[2025-07-18T12:32:15.537-0500] {processor.py:840} INFO - DAG(s) 'example_subdag_operator.section-1', 'example_subdag_operator.section-2', 'example_subdag_operator' retrieved from /home/abhiram/jobtrak-stack/venv/lib/python3.12/site-packages/airflow/example_dags/example_subdag_operator.py
[2025-07-18T12:32:15.551-0500] {logging_mixin.py:188} INFO - [2025-07-18T12:32:15.551-0500] {dag.py:3096} INFO - Sync 3 DAGs
[2025-07-18T12:32:15.564-0500] {logging_mixin.py:188} INFO - [2025-07-18T12:32:15.564-0500] {dag.py:3954} INFO - Setting next_dagrun for example_subdag_operator to 2022-01-01 00:00:00+00:00, run_after=2022-01-01 00:00:00+00:00
[2025-07-18T12:32:15.567-0500] {logging_mixin.py:188} INFO - [2025-07-18T12:32:15.567-0500] {dag.py:3954} INFO - Setting next_dagrun for example_subdag_operator.section-1 to None, run_after=None
[2025-07-18T12:32:15.568-0500] {logging_mixin.py:188} INFO - [2025-07-18T12:32:15.568-0500] {dag.py:3954} INFO - Setting next_dagrun for example_subdag_operator.section-2 to None, run_after=None
[2025-07-18T12:32:15.573-0500] {logging_mixin.py:188} INFO - [2025-07-18T12:32:15.572-0500] {dag.py:3096} INFO - Sync 2 DAGs
[2025-07-18T12:32:15.576-0500] {logging_mixin.py:188} INFO - [2025-07-18T12:32:15.576-0500] {dag.py:3954} INFO - Setting next_dagrun for example_subdag_operator.section-1 to None, run_after=None
[2025-07-18T12:32:15.577-0500] {logging_mixin.py:188} INFO - [2025-07-18T12:32:15.576-0500] {dag.py:3954} INFO - Setting next_dagrun for example_subdag_operator.section-2 to None, run_after=None
[2025-07-18T12:32:15.586-0500] {processor.py:183} INFO - Processing /home/abhiram/jobtrak-stack/venv/lib/python3.12/site-packages/airflow/example_dags/example_subdag_operator.py took 0.077 seconds
[2025-07-18T12:32:45.908-0500] {processor.py:161} INFO - Started process (PID=2051) to work on /home/abhiram/jobtrak-stack/venv/lib/python3.12/site-packages/airflow/example_dags/example_subdag_operator.py
[2025-07-18T12:32:45.909-0500] {processor.py:830} INFO - Processing file /home/abhiram/jobtrak-stack/venv/lib/python3.12/site-packages/airflow/example_dags/example_subdag_operator.py for tasks to queue
[2025-07-18T12:32:45.910-0500] {logging_mixin.py:188} INFO - [2025-07-18T12:32:45.910-0500] {dagbag.py:545} INFO - Filling up the DagBag from /home/abhiram/jobtrak-stack/venv/lib/python3.12/site-packages/airflow/example_dags/example_subdag_operator.py
[2025-07-18T12:32:45.936-0500] {processor.py:840} INFO - DAG(s) 'example_subdag_operator.section-1', 'example_subdag_operator.section-2', 'example_subdag_operator' retrieved from /home/abhiram/jobtrak-stack/venv/lib/python3.12/site-packages/airflow/example_dags/example_subdag_operator.py
[2025-07-18T12:32:45.946-0500] {logging_mixin.py:188} INFO - [2025-07-18T12:32:45.946-0500] {dag.py:3096} INFO - Sync 3 DAGs
[2025-07-18T12:32:45.963-0500] {logging_mixin.py:188} INFO - [2025-07-18T12:32:45.963-0500] {dag.py:3954} INFO - Setting next_dagrun for example_subdag_operator to 2022-01-01 00:00:00+00:00, run_after=2022-01-01 00:00:00+00:00
[2025-07-18T12:32:45.966-0500] {logging_mixin.py:188} INFO - [2025-07-18T12:32:45.965-0500] {dag.py:3954} INFO - Setting next_dagrun for example_subdag_operator.section-1 to None, run_after=None
[2025-07-18T12:32:45.967-0500] {logging_mixin.py:188} INFO - [2025-07-18T12:32:45.967-0500] {dag.py:3954} INFO - Setting next_dagrun for example_subdag_operator.section-2 to None, run_after=None
[2025-07-18T12:32:45.972-0500] {logging_mixin.py:188} INFO - [2025-07-18T12:32:45.972-0500] {dag.py:3096} INFO - Sync 2 DAGs
[2025-07-18T12:32:45.977-0500] {logging_mixin.py:188} INFO - [2025-07-18T12:32:45.977-0500] {dag.py:3954} INFO - Setting next_dagrun for example_subdag_operator.section-1 to None, run_after=None
[2025-07-18T12:32:45.977-0500] {logging_mixin.py:188} INFO - [2025-07-18T12:32:45.977-0500] {dag.py:3954} INFO - Setting next_dagrun for example_subdag_operator.section-2 to None, run_after=None
[2025-07-18T12:32:45.989-0500] {processor.py:183} INFO - Processing /home/abhiram/jobtrak-stack/venv/lib/python3.12/site-packages/airflow/example_dags/example_subdag_operator.py took 0.085 seconds
[2025-07-18T12:33:16.111-0500] {processor.py:161} INFO - Started process (PID=2171) to work on /home/abhiram/jobtrak-stack/venv/lib/python3.12/site-packages/airflow/example_dags/example_subdag_operator.py
[2025-07-18T12:33:16.113-0500] {processor.py:830} INFO - Processing file /home/abhiram/jobtrak-stack/venv/lib/python3.12/site-packages/airflow/example_dags/example_subdag_operator.py for tasks to queue
[2025-07-18T12:33:16.114-0500] {logging_mixin.py:188} INFO - [2025-07-18T12:33:16.114-0500] {dagbag.py:545} INFO - Filling up the DagBag from /home/abhiram/jobtrak-stack/venv/lib/python3.12/site-packages/airflow/example_dags/example_subdag_operator.py
[2025-07-18T12:33:16.134-0500] {processor.py:840} INFO - DAG(s) 'example_subdag_operator.section-1', 'example_subdag_operator.section-2', 'example_subdag_operator' retrieved from /home/abhiram/jobtrak-stack/venv/lib/python3.12/site-packages/airflow/example_dags/example_subdag_operator.py
[2025-07-18T12:33:16.143-0500] {logging_mixin.py:188} INFO - [2025-07-18T12:33:16.143-0500] {dag.py:3096} INFO - Sync 3 DAGs
[2025-07-18T12:33:16.157-0500] {logging_mixin.py:188} INFO - [2025-07-18T12:33:16.157-0500] {dag.py:3954} INFO - Setting next_dagrun for example_subdag_operator to 2022-01-01 00:00:00+00:00, run_after=2022-01-01 00:00:00+00:00
[2025-07-18T12:33:16.159-0500] {logging_mixin.py:188} INFO - [2025-07-18T12:33:16.159-0500] {dag.py:3954} INFO - Setting next_dagrun for example_subdag_operator.section-1 to None, run_after=None
[2025-07-18T12:33:16.160-0500] {logging_mixin.py:188} INFO - [2025-07-18T12:33:16.160-0500] {dag.py:3954} INFO - Setting next_dagrun for example_subdag_operator.section-2 to None, run_after=None
[2025-07-18T12:33:16.165-0500] {logging_mixin.py:188} INFO - [2025-07-18T12:33:16.165-0500] {dag.py:3096} INFO - Sync 2 DAGs
[2025-07-18T12:33:16.168-0500] {logging_mixin.py:188} INFO - [2025-07-18T12:33:16.168-0500] {dag.py:3954} INFO - Setting next_dagrun for example_subdag_operator.section-1 to None, run_after=None
[2025-07-18T12:33:16.169-0500] {logging_mixin.py:188} INFO - [2025-07-18T12:33:16.168-0500] {dag.py:3954} INFO - Setting next_dagrun for example_subdag_operator.section-2 to None, run_after=None
[2025-07-18T12:33:16.177-0500] {processor.py:183} INFO - Processing /home/abhiram/jobtrak-stack/venv/lib/python3.12/site-packages/airflow/example_dags/example_subdag_operator.py took 0.069 seconds
[2025-07-18T12:33:46.359-0500] {processor.py:161} INFO - Started process (PID=2285) to work on /home/abhiram/jobtrak-stack/venv/lib/python3.12/site-packages/airflow/example_dags/example_subdag_operator.py
[2025-07-18T12:33:46.359-0500] {processor.py:830} INFO - Processing file /home/abhiram/jobtrak-stack/venv/lib/python3.12/site-packages/airflow/example_dags/example_subdag_operator.py for tasks to queue
[2025-07-18T12:33:46.360-0500] {logging_mixin.py:188} INFO - [2025-07-18T12:33:46.360-0500] {dagbag.py:545} INFO - Filling up the DagBag from /home/abhiram/jobtrak-stack/venv/lib/python3.12/site-packages/airflow/example_dags/example_subdag_operator.py
[2025-07-18T12:33:46.381-0500] {processor.py:840} INFO - DAG(s) 'example_subdag_operator.section-1', 'example_subdag_operator.section-2', 'example_subdag_operator' retrieved from /home/abhiram/jobtrak-stack/venv/lib/python3.12/site-packages/airflow/example_dags/example_subdag_operator.py
[2025-07-18T12:33:46.391-0500] {logging_mixin.py:188} INFO - [2025-07-18T12:33:46.391-0500] {dag.py:3096} INFO - Sync 3 DAGs
[2025-07-18T12:33:46.406-0500] {logging_mixin.py:188} INFO - [2025-07-18T12:33:46.406-0500] {dag.py:3954} INFO - Setting next_dagrun for example_subdag_operator to 2022-01-01 00:00:00+00:00, run_after=2022-01-01 00:00:00+00:00
[2025-07-18T12:33:46.408-0500] {logging_mixin.py:188} INFO - [2025-07-18T12:33:46.408-0500] {dag.py:3954} INFO - Setting next_dagrun for example_subdag_operator.section-1 to None, run_after=None
[2025-07-18T12:33:46.409-0500] {logging_mixin.py:188} INFO - [2025-07-18T12:33:46.409-0500] {dag.py:3954} INFO - Setting next_dagrun for example_subdag_operator.section-2 to None, run_after=None
[2025-07-18T12:33:46.414-0500] {logging_mixin.py:188} INFO - [2025-07-18T12:33:46.414-0500] {dag.py:3096} INFO - Sync 2 DAGs
[2025-07-18T12:33:46.418-0500] {logging_mixin.py:188} INFO - [2025-07-18T12:33:46.418-0500] {dag.py:3954} INFO - Setting next_dagrun for example_subdag_operator.section-1 to None, run_after=None
[2025-07-18T12:33:46.418-0500] {logging_mixin.py:188} INFO - [2025-07-18T12:33:46.418-0500] {dag.py:3954} INFO - Setting next_dagrun for example_subdag_operator.section-2 to None, run_after=None
[2025-07-18T12:33:46.429-0500] {processor.py:183} INFO - Processing /home/abhiram/jobtrak-stack/venv/lib/python3.12/site-packages/airflow/example_dags/example_subdag_operator.py took 0.074 seconds
[2025-07-18T12:34:16.706-0500] {processor.py:161} INFO - Started process (PID=2391) to work on /home/abhiram/jobtrak-stack/venv/lib/python3.12/site-packages/airflow/example_dags/example_subdag_operator.py
[2025-07-18T12:34:16.707-0500] {processor.py:830} INFO - Processing file /home/abhiram/jobtrak-stack/venv/lib/python3.12/site-packages/airflow/example_dags/example_subdag_operator.py for tasks to queue
[2025-07-18T12:34:16.708-0500] {logging_mixin.py:188} INFO - [2025-07-18T12:34:16.708-0500] {dagbag.py:545} INFO - Filling up the DagBag from /home/abhiram/jobtrak-stack/venv/lib/python3.12/site-packages/airflow/example_dags/example_subdag_operator.py
[2025-07-18T12:34:16.730-0500] {processor.py:840} INFO - DAG(s) 'example_subdag_operator.section-1', 'example_subdag_operator.section-2', 'example_subdag_operator' retrieved from /home/abhiram/jobtrak-stack/venv/lib/python3.12/site-packages/airflow/example_dags/example_subdag_operator.py
[2025-07-18T12:34:16.743-0500] {logging_mixin.py:188} INFO - [2025-07-18T12:34:16.743-0500] {dag.py:3096} INFO - Sync 3 DAGs
[2025-07-18T12:34:16.757-0500] {logging_mixin.py:188} INFO - [2025-07-18T12:34:16.757-0500] {dag.py:3954} INFO - Setting next_dagrun for example_subdag_operator to 2022-01-01 00:00:00+00:00, run_after=2022-01-01 00:00:00+00:00
[2025-07-18T12:34:16.760-0500] {logging_mixin.py:188} INFO - [2025-07-18T12:34:16.760-0500] {dag.py:3954} INFO - Setting next_dagrun for example_subdag_operator.section-1 to None, run_after=None
[2025-07-18T12:34:16.761-0500] {logging_mixin.py:188} INFO - [2025-07-18T12:34:16.761-0500] {dag.py:3954} INFO - Setting next_dagrun for example_subdag_operator.section-2 to None, run_after=None
[2025-07-18T12:34:16.766-0500] {logging_mixin.py:188} INFO - [2025-07-18T12:34:16.766-0500] {dag.py:3096} INFO - Sync 2 DAGs
[2025-07-18T12:34:16.771-0500] {logging_mixin.py:188} INFO - [2025-07-18T12:34:16.771-0500] {dag.py:3954} INFO - Setting next_dagrun for example_subdag_operator.section-1 to None, run_after=None
[2025-07-18T12:34:16.772-0500] {logging_mixin.py:188} INFO - [2025-07-18T12:34:16.772-0500] {dag.py:3954} INFO - Setting next_dagrun for example_subdag_operator.section-2 to None, run_after=None
[2025-07-18T12:34:16.783-0500] {processor.py:183} INFO - Processing /home/abhiram/jobtrak-stack/venv/lib/python3.12/site-packages/airflow/example_dags/example_subdag_operator.py took 0.081 seconds
[2025-07-18T12:34:47.297-0500] {processor.py:161} INFO - Started process (PID=2498) to work on /home/abhiram/jobtrak-stack/venv/lib/python3.12/site-packages/airflow/example_dags/example_subdag_operator.py
[2025-07-18T12:34:47.298-0500] {processor.py:830} INFO - Processing file /home/abhiram/jobtrak-stack/venv/lib/python3.12/site-packages/airflow/example_dags/example_subdag_operator.py for tasks to queue
[2025-07-18T12:34:47.299-0500] {logging_mixin.py:188} INFO - [2025-07-18T12:34:47.298-0500] {dagbag.py:545} INFO - Filling up the DagBag from /home/abhiram/jobtrak-stack/venv/lib/python3.12/site-packages/airflow/example_dags/example_subdag_operator.py
[2025-07-18T12:34:47.319-0500] {processor.py:840} INFO - DAG(s) 'example_subdag_operator.section-1', 'example_subdag_operator.section-2', 'example_subdag_operator' retrieved from /home/abhiram/jobtrak-stack/venv/lib/python3.12/site-packages/airflow/example_dags/example_subdag_operator.py
[2025-07-18T12:34:47.330-0500] {logging_mixin.py:188} INFO - [2025-07-18T12:34:47.330-0500] {dag.py:3096} INFO - Sync 3 DAGs
[2025-07-18T12:34:47.345-0500] {logging_mixin.py:188} INFO - [2025-07-18T12:34:47.345-0500] {dag.py:3954} INFO - Setting next_dagrun for example_subdag_operator to 2022-01-01 00:00:00+00:00, run_after=2022-01-01 00:00:00+00:00
[2025-07-18T12:34:47.347-0500] {logging_mixin.py:188} INFO - [2025-07-18T12:34:47.347-0500] {dag.py:3954} INFO - Setting next_dagrun for example_subdag_operator.section-1 to None, run_after=None
[2025-07-18T12:34:47.348-0500] {logging_mixin.py:188} INFO - [2025-07-18T12:34:47.348-0500] {dag.py:3954} INFO - Setting next_dagrun for example_subdag_operator.section-2 to None, run_after=None
[2025-07-18T12:34:47.353-0500] {logging_mixin.py:188} INFO - [2025-07-18T12:34:47.352-0500] {dag.py:3096} INFO - Sync 2 DAGs
[2025-07-18T12:34:47.356-0500] {logging_mixin.py:188} INFO - [2025-07-18T12:34:47.356-0500] {dag.py:3954} INFO - Setting next_dagrun for example_subdag_operator.section-1 to None, run_after=None
[2025-07-18T12:34:47.356-0500] {logging_mixin.py:188} INFO - [2025-07-18T12:34:47.356-0500] {dag.py:3954} INFO - Setting next_dagrun for example_subdag_operator.section-2 to None, run_after=None
[2025-07-18T12:34:47.366-0500] {processor.py:183} INFO - Processing /home/abhiram/jobtrak-stack/venv/lib/python3.12/site-packages/airflow/example_dags/example_subdag_operator.py took 0.073 seconds
[2025-07-18T12:35:17.751-0500] {processor.py:161} INFO - Started process (PID=2609) to work on /home/abhiram/jobtrak-stack/venv/lib/python3.12/site-packages/airflow/example_dags/example_subdag_operator.py
[2025-07-18T12:35:17.752-0500] {processor.py:830} INFO - Processing file /home/abhiram/jobtrak-stack/venv/lib/python3.12/site-packages/airflow/example_dags/example_subdag_operator.py for tasks to queue
[2025-07-18T12:35:17.753-0500] {logging_mixin.py:188} INFO - [2025-07-18T12:35:17.753-0500] {dagbag.py:545} INFO - Filling up the DagBag from /home/abhiram/jobtrak-stack/venv/lib/python3.12/site-packages/airflow/example_dags/example_subdag_operator.py
[2025-07-18T12:35:17.772-0500] {processor.py:840} INFO - DAG(s) 'example_subdag_operator.section-1', 'example_subdag_operator.section-2', 'example_subdag_operator' retrieved from /home/abhiram/jobtrak-stack/venv/lib/python3.12/site-packages/airflow/example_dags/example_subdag_operator.py
[2025-07-18T12:35:17.782-0500] {logging_mixin.py:188} INFO - [2025-07-18T12:35:17.782-0500] {dag.py:3096} INFO - Sync 3 DAGs
[2025-07-18T12:35:17.796-0500] {logging_mixin.py:188} INFO - [2025-07-18T12:35:17.796-0500] {dag.py:3954} INFO - Setting next_dagrun for example_subdag_operator to 2022-01-01 00:00:00+00:00, run_after=2022-01-01 00:00:00+00:00
[2025-07-18T12:35:17.798-0500] {logging_mixin.py:188} INFO - [2025-07-18T12:35:17.798-0500] {dag.py:3954} INFO - Setting next_dagrun for example_subdag_operator.section-1 to None, run_after=None
[2025-07-18T12:35:17.799-0500] {logging_mixin.py:188} INFO - [2025-07-18T12:35:17.799-0500] {dag.py:3954} INFO - Setting next_dagrun for example_subdag_operator.section-2 to None, run_after=None
[2025-07-18T12:35:17.804-0500] {logging_mixin.py:188} INFO - [2025-07-18T12:35:17.803-0500] {dag.py:3096} INFO - Sync 2 DAGs
[2025-07-18T12:35:17.806-0500] {logging_mixin.py:188} INFO - [2025-07-18T12:35:17.806-0500] {dag.py:3954} INFO - Setting next_dagrun for example_subdag_operator.section-1 to None, run_after=None
[2025-07-18T12:35:17.807-0500] {logging_mixin.py:188} INFO - [2025-07-18T12:35:17.806-0500] {dag.py:3954} INFO - Setting next_dagrun for example_subdag_operator.section-2 to None, run_after=None
[2025-07-18T12:35:17.815-0500] {processor.py:183} INFO - Processing /home/abhiram/jobtrak-stack/venv/lib/python3.12/site-packages/airflow/example_dags/example_subdag_operator.py took 0.069 seconds
[2025-07-18T12:35:48.081-0500] {processor.py:161} INFO - Started process (PID=2714) to work on /home/abhiram/jobtrak-stack/venv/lib/python3.12/site-packages/airflow/example_dags/example_subdag_operator.py
[2025-07-18T12:35:48.081-0500] {processor.py:830} INFO - Processing file /home/abhiram/jobtrak-stack/venv/lib/python3.12/site-packages/airflow/example_dags/example_subdag_operator.py for tasks to queue
[2025-07-18T12:35:48.082-0500] {logging_mixin.py:188} INFO - [2025-07-18T12:35:48.082-0500] {dagbag.py:545} INFO - Filling up the DagBag from /home/abhiram/jobtrak-stack/venv/lib/python3.12/site-packages/airflow/example_dags/example_subdag_operator.py
[2025-07-18T12:35:48.103-0500] {processor.py:840} INFO - DAG(s) 'example_subdag_operator.section-1', 'example_subdag_operator.section-2', 'example_subdag_operator' retrieved from /home/abhiram/jobtrak-stack/venv/lib/python3.12/site-packages/airflow/example_dags/example_subdag_operator.py
[2025-07-18T12:35:48.115-0500] {logging_mixin.py:188} INFO - [2025-07-18T12:35:48.115-0500] {dag.py:3096} INFO - Sync 3 DAGs
[2025-07-18T12:35:48.130-0500] {logging_mixin.py:188} INFO - [2025-07-18T12:35:48.129-0500] {dag.py:3954} INFO - Setting next_dagrun for example_subdag_operator to 2022-01-01 00:00:00+00:00, run_after=2022-01-01 00:00:00+00:00
[2025-07-18T12:35:48.132-0500] {logging_mixin.py:188} INFO - [2025-07-18T12:35:48.132-0500] {dag.py:3954} INFO - Setting next_dagrun for example_subdag_operator.section-1 to None, run_after=None
[2025-07-18T12:35:48.133-0500] {logging_mixin.py:188} INFO - [2025-07-18T12:35:48.133-0500] {dag.py:3954} INFO - Setting next_dagrun for example_subdag_operator.section-2 to None, run_after=None
[2025-07-18T12:35:48.138-0500] {logging_mixin.py:188} INFO - [2025-07-18T12:35:48.138-0500] {dag.py:3096} INFO - Sync 2 DAGs
[2025-07-18T12:35:48.142-0500] {logging_mixin.py:188} INFO - [2025-07-18T12:35:48.142-0500] {dag.py:3954} INFO - Setting next_dagrun for example_subdag_operator.section-1 to None, run_after=None
[2025-07-18T12:35:48.142-0500] {logging_mixin.py:188} INFO - [2025-07-18T12:35:48.142-0500] {dag.py:3954} INFO - Setting next_dagrun for example_subdag_operator.section-2 to None, run_after=None
[2025-07-18T12:35:48.153-0500] {processor.py:183} INFO - Processing /home/abhiram/jobtrak-stack/venv/lib/python3.12/site-packages/airflow/example_dags/example_subdag_operator.py took 0.075 seconds
[2025-07-18T12:36:18.618-0500] {processor.py:161} INFO - Started process (PID=2821) to work on /home/abhiram/jobtrak-stack/venv/lib/python3.12/site-packages/airflow/example_dags/example_subdag_operator.py
[2025-07-18T12:36:18.619-0500] {processor.py:830} INFO - Processing file /home/abhiram/jobtrak-stack/venv/lib/python3.12/site-packages/airflow/example_dags/example_subdag_operator.py for tasks to queue
[2025-07-18T12:36:18.623-0500] {logging_mixin.py:188} INFO - [2025-07-18T12:36:18.622-0500] {dagbag.py:545} INFO - Filling up the DagBag from /home/abhiram/jobtrak-stack/venv/lib/python3.12/site-packages/airflow/example_dags/example_subdag_operator.py
[2025-07-18T12:36:18.651-0500] {processor.py:840} INFO - DAG(s) 'example_subdag_operator.section-1', 'example_subdag_operator.section-2', 'example_subdag_operator' retrieved from /home/abhiram/jobtrak-stack/venv/lib/python3.12/site-packages/airflow/example_dags/example_subdag_operator.py
[2025-07-18T12:36:18.660-0500] {logging_mixin.py:188} INFO - [2025-07-18T12:36:18.660-0500] {dag.py:3096} INFO - Sync 3 DAGs
[2025-07-18T12:36:18.673-0500] {logging_mixin.py:188} INFO - [2025-07-18T12:36:18.673-0500] {dag.py:3954} INFO - Setting next_dagrun for example_subdag_operator to 2022-01-01 00:00:00+00:00, run_after=2022-01-01 00:00:00+00:00
[2025-07-18T12:36:18.676-0500] {logging_mixin.py:188} INFO - [2025-07-18T12:36:18.676-0500] {dag.py:3954} INFO - Setting next_dagrun for example_subdag_operator.section-1 to None, run_after=None
[2025-07-18T12:36:18.677-0500] {logging_mixin.py:188} INFO - [2025-07-18T12:36:18.677-0500] {dag.py:3954} INFO - Setting next_dagrun for example_subdag_operator.section-2 to None, run_after=None
[2025-07-18T12:36:18.681-0500] {logging_mixin.py:188} INFO - [2025-07-18T12:36:18.680-0500] {dag.py:3096} INFO - Sync 2 DAGs
[2025-07-18T12:36:18.683-0500] {logging_mixin.py:188} INFO - [2025-07-18T12:36:18.683-0500] {dag.py:3954} INFO - Setting next_dagrun for example_subdag_operator.section-1 to None, run_after=None
[2025-07-18T12:36:18.683-0500] {logging_mixin.py:188} INFO - [2025-07-18T12:36:18.683-0500] {dag.py:3954} INFO - Setting next_dagrun for example_subdag_operator.section-2 to None, run_after=None
[2025-07-18T12:36:18.693-0500] {processor.py:183} INFO - Processing /home/abhiram/jobtrak-stack/venv/lib/python3.12/site-packages/airflow/example_dags/example_subdag_operator.py took 0.079 seconds
[2025-07-18T12:36:48.951-0500] {processor.py:161} INFO - Started process (PID=2937) to work on /home/abhiram/jobtrak-stack/venv/lib/python3.12/site-packages/airflow/example_dags/example_subdag_operator.py
[2025-07-18T12:36:48.951-0500] {processor.py:830} INFO - Processing file /home/abhiram/jobtrak-stack/venv/lib/python3.12/site-packages/airflow/example_dags/example_subdag_operator.py for tasks to queue
[2025-07-18T12:36:48.952-0500] {logging_mixin.py:188} INFO - [2025-07-18T12:36:48.952-0500] {dagbag.py:545} INFO - Filling up the DagBag from /home/abhiram/jobtrak-stack/venv/lib/python3.12/site-packages/airflow/example_dags/example_subdag_operator.py
[2025-07-18T12:36:48.974-0500] {processor.py:840} INFO - DAG(s) 'example_subdag_operator.section-1', 'example_subdag_operator.section-2', 'example_subdag_operator' retrieved from /home/abhiram/jobtrak-stack/venv/lib/python3.12/site-packages/airflow/example_dags/example_subdag_operator.py
[2025-07-18T12:36:48.983-0500] {logging_mixin.py:188} INFO - [2025-07-18T12:36:48.983-0500] {dag.py:3096} INFO - Sync 3 DAGs
[2025-07-18T12:36:48.996-0500] {logging_mixin.py:188} INFO - [2025-07-18T12:36:48.996-0500] {dag.py:3954} INFO - Setting next_dagrun for example_subdag_operator to 2022-01-01 00:00:00+00:00, run_after=2022-01-01 00:00:00+00:00
[2025-07-18T12:36:48.998-0500] {logging_mixin.py:188} INFO - [2025-07-18T12:36:48.998-0500] {dag.py:3954} INFO - Setting next_dagrun for example_subdag_operator.section-1 to None, run_after=None
[2025-07-18T12:36:48.999-0500] {logging_mixin.py:188} INFO - [2025-07-18T12:36:48.999-0500] {dag.py:3954} INFO - Setting next_dagrun for example_subdag_operator.section-2 to None, run_after=None
[2025-07-18T12:36:49.004-0500] {logging_mixin.py:188} INFO - [2025-07-18T12:36:49.004-0500] {dag.py:3096} INFO - Sync 2 DAGs
[2025-07-18T12:36:49.008-0500] {logging_mixin.py:188} INFO - [2025-07-18T12:36:49.007-0500] {dag.py:3954} INFO - Setting next_dagrun for example_subdag_operator.section-1 to None, run_after=None
[2025-07-18T12:36:49.008-0500] {logging_mixin.py:188} INFO - [2025-07-18T12:36:49.008-0500] {dag.py:3954} INFO - Setting next_dagrun for example_subdag_operator.section-2 to None, run_after=None
[2025-07-18T12:36:49.015-0500] {processor.py:183} INFO - Processing /home/abhiram/jobtrak-stack/venv/lib/python3.12/site-packages/airflow/example_dags/example_subdag_operator.py took 0.069 seconds
[2025-07-18T12:37:19.319-0500] {processor.py:161} INFO - Started process (PID=3153) to work on /home/abhiram/jobtrak-stack/venv/lib/python3.12/site-packages/airflow/example_dags/example_subdag_operator.py
[2025-07-18T12:37:19.321-0500] {processor.py:830} INFO - Processing file /home/abhiram/jobtrak-stack/venv/lib/python3.12/site-packages/airflow/example_dags/example_subdag_operator.py for tasks to queue
[2025-07-18T12:37:19.323-0500] {logging_mixin.py:188} INFO - [2025-07-18T12:37:19.322-0500] {dagbag.py:545} INFO - Filling up the DagBag from /home/abhiram/jobtrak-stack/venv/lib/python3.12/site-packages/airflow/example_dags/example_subdag_operator.py
[2025-07-18T12:37:19.345-0500] {processor.py:840} INFO - DAG(s) 'example_subdag_operator.section-1', 'example_subdag_operator.section-2', 'example_subdag_operator' retrieved from /home/abhiram/jobtrak-stack/venv/lib/python3.12/site-packages/airflow/example_dags/example_subdag_operator.py
[2025-07-18T12:37:19.354-0500] {logging_mixin.py:188} INFO - [2025-07-18T12:37:19.354-0500] {dag.py:3096} INFO - Sync 3 DAGs
[2025-07-18T12:37:19.369-0500] {logging_mixin.py:188} INFO - [2025-07-18T12:37:19.368-0500] {dag.py:3954} INFO - Setting next_dagrun for example_subdag_operator to 2022-01-01 00:00:00+00:00, run_after=2022-01-01 00:00:00+00:00
[2025-07-18T12:37:19.371-0500] {logging_mixin.py:188} INFO - [2025-07-18T12:37:19.371-0500] {dag.py:3954} INFO - Setting next_dagrun for example_subdag_operator.section-1 to None, run_after=None
[2025-07-18T12:37:19.372-0500] {logging_mixin.py:188} INFO - [2025-07-18T12:37:19.372-0500] {dag.py:3954} INFO - Setting next_dagrun for example_subdag_operator.section-2 to None, run_after=None
[2025-07-18T12:37:19.377-0500] {logging_mixin.py:188} INFO - [2025-07-18T12:37:19.377-0500] {dag.py:3096} INFO - Sync 2 DAGs
[2025-07-18T12:37:19.381-0500] {logging_mixin.py:188} INFO - [2025-07-18T12:37:19.381-0500] {dag.py:3954} INFO - Setting next_dagrun for example_subdag_operator.section-1 to None, run_after=None
[2025-07-18T12:37:19.381-0500] {logging_mixin.py:188} INFO - [2025-07-18T12:37:19.381-0500] {dag.py:3954} INFO - Setting next_dagrun for example_subdag_operator.section-2 to None, run_after=None
[2025-07-18T12:37:19.393-0500] {processor.py:183} INFO - Processing /home/abhiram/jobtrak-stack/venv/lib/python3.12/site-packages/airflow/example_dags/example_subdag_operator.py took 0.078 seconds
[2025-07-18T12:37:49.767-0500] {processor.py:161} INFO - Started process (PID=3261) to work on /home/abhiram/jobtrak-stack/venv/lib/python3.12/site-packages/airflow/example_dags/example_subdag_operator.py
[2025-07-18T12:37:49.768-0500] {processor.py:830} INFO - Processing file /home/abhiram/jobtrak-stack/venv/lib/python3.12/site-packages/airflow/example_dags/example_subdag_operator.py for tasks to queue
[2025-07-18T12:37:49.769-0500] {logging_mixin.py:188} INFO - [2025-07-18T12:37:49.769-0500] {dagbag.py:545} INFO - Filling up the DagBag from /home/abhiram/jobtrak-stack/venv/lib/python3.12/site-packages/airflow/example_dags/example_subdag_operator.py
[2025-07-18T12:37:49.789-0500] {processor.py:840} INFO - DAG(s) 'example_subdag_operator.section-1', 'example_subdag_operator.section-2', 'example_subdag_operator' retrieved from /home/abhiram/jobtrak-stack/venv/lib/python3.12/site-packages/airflow/example_dags/example_subdag_operator.py
[2025-07-18T12:37:49.798-0500] {logging_mixin.py:188} INFO - [2025-07-18T12:37:49.798-0500] {dag.py:3096} INFO - Sync 3 DAGs
[2025-07-18T12:37:49.811-0500] {logging_mixin.py:188} INFO - [2025-07-18T12:37:49.811-0500] {dag.py:3954} INFO - Setting next_dagrun for example_subdag_operator to 2022-01-01 00:00:00+00:00, run_after=2022-01-01 00:00:00+00:00
[2025-07-18T12:37:49.814-0500] {logging_mixin.py:188} INFO - [2025-07-18T12:37:49.814-0500] {dag.py:3954} INFO - Setting next_dagrun for example_subdag_operator.section-1 to None, run_after=None
[2025-07-18T12:37:49.815-0500] {logging_mixin.py:188} INFO - [2025-07-18T12:37:49.815-0500] {dag.py:3954} INFO - Setting next_dagrun for example_subdag_operator.section-2 to None, run_after=None
[2025-07-18T12:37:49.819-0500] {logging_mixin.py:188} INFO - [2025-07-18T12:37:49.819-0500] {dag.py:3096} INFO - Sync 2 DAGs
[2025-07-18T12:37:49.823-0500] {logging_mixin.py:188} INFO - [2025-07-18T12:37:49.823-0500] {dag.py:3954} INFO - Setting next_dagrun for example_subdag_operator.section-1 to None, run_after=None
[2025-07-18T12:37:49.823-0500] {logging_mixin.py:188} INFO - [2025-07-18T12:37:49.823-0500] {dag.py:3954} INFO - Setting next_dagrun for example_subdag_operator.section-2 to None, run_after=None
[2025-07-18T12:37:49.831-0500] {processor.py:183} INFO - Processing /home/abhiram/jobtrak-stack/venv/lib/python3.12/site-packages/airflow/example_dags/example_subdag_operator.py took 0.067 seconds
[2025-07-18T12:38:19.977-0500] {processor.py:161} INFO - Started process (PID=3368) to work on /home/abhiram/jobtrak-stack/venv/lib/python3.12/site-packages/airflow/example_dags/example_subdag_operator.py
[2025-07-18T12:38:19.979-0500] {processor.py:830} INFO - Processing file /home/abhiram/jobtrak-stack/venv/lib/python3.12/site-packages/airflow/example_dags/example_subdag_operator.py for tasks to queue
[2025-07-18T12:38:19.980-0500] {logging_mixin.py:188} INFO - [2025-07-18T12:38:19.980-0500] {dagbag.py:545} INFO - Filling up the DagBag from /home/abhiram/jobtrak-stack/venv/lib/python3.12/site-packages/airflow/example_dags/example_subdag_operator.py
[2025-07-18T12:38:20.003-0500] {processor.py:840} INFO - DAG(s) 'example_subdag_operator.section-1', 'example_subdag_operator.section-2', 'example_subdag_operator' retrieved from /home/abhiram/jobtrak-stack/venv/lib/python3.12/site-packages/airflow/example_dags/example_subdag_operator.py
[2025-07-18T12:38:20.013-0500] {logging_mixin.py:188} INFO - [2025-07-18T12:38:20.013-0500] {dag.py:3096} INFO - Sync 3 DAGs
[2025-07-18T12:38:20.030-0500] {logging_mixin.py:188} INFO - [2025-07-18T12:38:20.030-0500] {dag.py:3954} INFO - Setting next_dagrun for example_subdag_operator to 2022-01-01 00:00:00+00:00, run_after=2022-01-01 00:00:00+00:00
[2025-07-18T12:38:20.035-0500] {logging_mixin.py:188} INFO - [2025-07-18T12:38:20.034-0500] {dag.py:3954} INFO - Setting next_dagrun for example_subdag_operator.section-1 to None, run_after=None
[2025-07-18T12:38:20.036-0500] {logging_mixin.py:188} INFO - [2025-07-18T12:38:20.036-0500] {dag.py:3954} INFO - Setting next_dagrun for example_subdag_operator.section-2 to None, run_after=None
[2025-07-18T12:38:20.042-0500] {logging_mixin.py:188} INFO - [2025-07-18T12:38:20.042-0500] {dag.py:3096} INFO - Sync 2 DAGs
[2025-07-18T12:38:20.046-0500] {logging_mixin.py:188} INFO - [2025-07-18T12:38:20.045-0500] {dag.py:3954} INFO - Setting next_dagrun for example_subdag_operator.section-1 to None, run_after=None
[2025-07-18T12:38:20.046-0500] {logging_mixin.py:188} INFO - [2025-07-18T12:38:20.046-0500] {dag.py:3954} INFO - Setting next_dagrun for example_subdag_operator.section-2 to None, run_after=None
[2025-07-18T12:38:20.057-0500] {processor.py:183} INFO - Processing /home/abhiram/jobtrak-stack/venv/lib/python3.12/site-packages/airflow/example_dags/example_subdag_operator.py took 0.083 seconds
[2025-07-18T12:38:50.478-0500] {processor.py:161} INFO - Started process (PID=3476) to work on /home/abhiram/jobtrak-stack/venv/lib/python3.12/site-packages/airflow/example_dags/example_subdag_operator.py
[2025-07-18T12:38:50.479-0500] {processor.py:830} INFO - Processing file /home/abhiram/jobtrak-stack/venv/lib/python3.12/site-packages/airflow/example_dags/example_subdag_operator.py for tasks to queue
[2025-07-18T12:38:50.480-0500] {logging_mixin.py:188} INFO - [2025-07-18T12:38:50.480-0500] {dagbag.py:545} INFO - Filling up the DagBag from /home/abhiram/jobtrak-stack/venv/lib/python3.12/site-packages/airflow/example_dags/example_subdag_operator.py
[2025-07-18T12:38:50.499-0500] {processor.py:840} INFO - DAG(s) 'example_subdag_operator.section-1', 'example_subdag_operator.section-2', 'example_subdag_operator' retrieved from /home/abhiram/jobtrak-stack/venv/lib/python3.12/site-packages/airflow/example_dags/example_subdag_operator.py
[2025-07-18T12:38:50.508-0500] {logging_mixin.py:188} INFO - [2025-07-18T12:38:50.508-0500] {dag.py:3096} INFO - Sync 3 DAGs
[2025-07-18T12:38:50.532-0500] {logging_mixin.py:188} INFO - [2025-07-18T12:38:50.531-0500] {dag.py:3954} INFO - Setting next_dagrun for example_subdag_operator to 2022-01-01 00:00:00+00:00, run_after=2022-01-01 00:00:00+00:00
[2025-07-18T12:38:50.534-0500] {logging_mixin.py:188} INFO - [2025-07-18T12:38:50.534-0500] {dag.py:3954} INFO - Setting next_dagrun for example_subdag_operator.section-1 to None, run_after=None
[2025-07-18T12:38:50.535-0500] {logging_mixin.py:188} INFO - [2025-07-18T12:38:50.535-0500] {dag.py:3954} INFO - Setting next_dagrun for example_subdag_operator.section-2 to None, run_after=None
[2025-07-18T12:38:50.540-0500] {logging_mixin.py:188} INFO - [2025-07-18T12:38:50.540-0500] {dag.py:3096} INFO - Sync 2 DAGs
[2025-07-18T12:38:50.545-0500] {logging_mixin.py:188} INFO - [2025-07-18T12:38:50.545-0500] {dag.py:3954} INFO - Setting next_dagrun for example_subdag_operator.section-1 to None, run_after=None
[2025-07-18T12:38:50.545-0500] {logging_mixin.py:188} INFO - [2025-07-18T12:38:50.545-0500] {dag.py:3954} INFO - Setting next_dagrun for example_subdag_operator.section-2 to None, run_after=None
[2025-07-18T12:38:50.557-0500] {processor.py:183} INFO - Processing /home/abhiram/jobtrak-stack/venv/lib/python3.12/site-packages/airflow/example_dags/example_subdag_operator.py took 0.083 seconds
[2025-07-18T12:39:20.741-0500] {processor.py:161} INFO - Started process (PID=3583) to work on /home/abhiram/jobtrak-stack/venv/lib/python3.12/site-packages/airflow/example_dags/example_subdag_operator.py
[2025-07-18T12:39:20.742-0500] {processor.py:830} INFO - Processing file /home/abhiram/jobtrak-stack/venv/lib/python3.12/site-packages/airflow/example_dags/example_subdag_operator.py for tasks to queue
[2025-07-18T12:39:20.743-0500] {logging_mixin.py:188} INFO - [2025-07-18T12:39:20.743-0500] {dagbag.py:545} INFO - Filling up the DagBag from /home/abhiram/jobtrak-stack/venv/lib/python3.12/site-packages/airflow/example_dags/example_subdag_operator.py
[2025-07-18T12:39:20.763-0500] {processor.py:840} INFO - DAG(s) 'example_subdag_operator.section-1', 'example_subdag_operator.section-2', 'example_subdag_operator' retrieved from /home/abhiram/jobtrak-stack/venv/lib/python3.12/site-packages/airflow/example_dags/example_subdag_operator.py
[2025-07-18T12:39:20.775-0500] {logging_mixin.py:188} INFO - [2025-07-18T12:39:20.775-0500] {dag.py:3096} INFO - Sync 3 DAGs
[2025-07-18T12:39:20.790-0500] {logging_mixin.py:188} INFO - [2025-07-18T12:39:20.790-0500] {dag.py:3954} INFO - Setting next_dagrun for example_subdag_operator to 2022-01-01 00:00:00+00:00, run_after=2022-01-01 00:00:00+00:00
[2025-07-18T12:39:20.792-0500] {logging_mixin.py:188} INFO - [2025-07-18T12:39:20.792-0500] {dag.py:3954} INFO - Setting next_dagrun for example_subdag_operator.section-1 to None, run_after=None
[2025-07-18T12:39:20.793-0500] {logging_mixin.py:188} INFO - [2025-07-18T12:39:20.793-0500] {dag.py:3954} INFO - Setting next_dagrun for example_subdag_operator.section-2 to None, run_after=None
[2025-07-18T12:39:20.798-0500] {logging_mixin.py:188} INFO - [2025-07-18T12:39:20.798-0500] {dag.py:3096} INFO - Sync 2 DAGs
[2025-07-18T12:39:20.801-0500] {logging_mixin.py:188} INFO - [2025-07-18T12:39:20.801-0500] {dag.py:3954} INFO - Setting next_dagrun for example_subdag_operator.section-1 to None, run_after=None
[2025-07-18T12:39:20.801-0500] {logging_mixin.py:188} INFO - [2025-07-18T12:39:20.801-0500] {dag.py:3954} INFO - Setting next_dagrun for example_subdag_operator.section-2 to None, run_after=None
[2025-07-18T12:39:20.817-0500] {processor.py:183} INFO - Processing /home/abhiram/jobtrak-stack/venv/lib/python3.12/site-packages/airflow/example_dags/example_subdag_operator.py took 0.080 seconds
[2025-07-18T12:39:50.988-0500] {processor.py:161} INFO - Started process (PID=3688) to work on /home/abhiram/jobtrak-stack/venv/lib/python3.12/site-packages/airflow/example_dags/example_subdag_operator.py
[2025-07-18T12:39:50.988-0500] {processor.py:830} INFO - Processing file /home/abhiram/jobtrak-stack/venv/lib/python3.12/site-packages/airflow/example_dags/example_subdag_operator.py for tasks to queue
[2025-07-18T12:39:50.989-0500] {logging_mixin.py:188} INFO - [2025-07-18T12:39:50.989-0500] {dagbag.py:545} INFO - Filling up the DagBag from /home/abhiram/jobtrak-stack/venv/lib/python3.12/site-packages/airflow/example_dags/example_subdag_operator.py
[2025-07-18T12:39:51.009-0500] {processor.py:840} INFO - DAG(s) 'example_subdag_operator.section-1', 'example_subdag_operator.section-2', 'example_subdag_operator' retrieved from /home/abhiram/jobtrak-stack/venv/lib/python3.12/site-packages/airflow/example_dags/example_subdag_operator.py
[2025-07-18T12:39:51.018-0500] {logging_mixin.py:188} INFO - [2025-07-18T12:39:51.018-0500] {dag.py:3096} INFO - Sync 3 DAGs
[2025-07-18T12:39:51.031-0500] {logging_mixin.py:188} INFO - [2025-07-18T12:39:51.031-0500] {dag.py:3954} INFO - Setting next_dagrun for example_subdag_operator to 2022-01-01 00:00:00+00:00, run_after=2022-01-01 00:00:00+00:00
[2025-07-18T12:39:51.033-0500] {logging_mixin.py:188} INFO - [2025-07-18T12:39:51.033-0500] {dag.py:3954} INFO - Setting next_dagrun for example_subdag_operator.section-1 to None, run_after=None
[2025-07-18T12:39:51.034-0500] {logging_mixin.py:188} INFO - [2025-07-18T12:39:51.034-0500] {dag.py:3954} INFO - Setting next_dagrun for example_subdag_operator.section-2 to None, run_after=None
[2025-07-18T12:39:51.039-0500] {logging_mixin.py:188} INFO - [2025-07-18T12:39:51.039-0500] {dag.py:3096} INFO - Sync 2 DAGs
[2025-07-18T12:39:51.042-0500] {logging_mixin.py:188} INFO - [2025-07-18T12:39:51.042-0500] {dag.py:3954} INFO - Setting next_dagrun for example_subdag_operator.section-1 to None, run_after=None
[2025-07-18T12:39:51.043-0500] {logging_mixin.py:188} INFO - [2025-07-18T12:39:51.043-0500] {dag.py:3954} INFO - Setting next_dagrun for example_subdag_operator.section-2 to None, run_after=None
[2025-07-18T12:39:51.052-0500] {processor.py:183} INFO - Processing /home/abhiram/jobtrak-stack/venv/lib/python3.12/site-packages/airflow/example_dags/example_subdag_operator.py took 0.069 seconds
[2025-07-18T12:40:22.090-0500] {processor.py:161} INFO - Started process (PID=3808) to work on /home/abhiram/jobtrak-stack/venv/lib/python3.12/site-packages/airflow/example_dags/example_subdag_operator.py
[2025-07-18T12:40:22.092-0500] {processor.py:830} INFO - Processing file /home/abhiram/jobtrak-stack/venv/lib/python3.12/site-packages/airflow/example_dags/example_subdag_operator.py for tasks to queue
[2025-07-18T12:40:22.093-0500] {logging_mixin.py:188} INFO - [2025-07-18T12:40:22.093-0500] {dagbag.py:545} INFO - Filling up the DagBag from /home/abhiram/jobtrak-stack/venv/lib/python3.12/site-packages/airflow/example_dags/example_subdag_operator.py
[2025-07-18T12:40:22.112-0500] {processor.py:840} INFO - DAG(s) 'example_subdag_operator.section-1', 'example_subdag_operator.section-2', 'example_subdag_operator' retrieved from /home/abhiram/jobtrak-stack/venv/lib/python3.12/site-packages/airflow/example_dags/example_subdag_operator.py
[2025-07-18T12:40:22.122-0500] {logging_mixin.py:188} INFO - [2025-07-18T12:40:22.122-0500] {dag.py:3096} INFO - Sync 3 DAGs
[2025-07-18T12:40:22.144-0500] {logging_mixin.py:188} INFO - [2025-07-18T12:40:22.144-0500] {dag.py:3954} INFO - Setting next_dagrun for example_subdag_operator to 2022-01-01 00:00:00+00:00, run_after=2022-01-01 00:00:00+00:00
[2025-07-18T12:40:22.147-0500] {logging_mixin.py:188} INFO - [2025-07-18T12:40:22.147-0500] {dag.py:3954} INFO - Setting next_dagrun for example_subdag_operator.section-1 to None, run_after=None
[2025-07-18T12:40:22.148-0500] {logging_mixin.py:188} INFO - [2025-07-18T12:40:22.148-0500] {dag.py:3954} INFO - Setting next_dagrun for example_subdag_operator.section-2 to None, run_after=None
[2025-07-18T12:40:22.154-0500] {logging_mixin.py:188} INFO - [2025-07-18T12:40:22.154-0500] {dag.py:3096} INFO - Sync 2 DAGs
[2025-07-18T12:40:22.164-0500] {logging_mixin.py:188} INFO - [2025-07-18T12:40:22.164-0500] {dag.py:3954} INFO - Setting next_dagrun for example_subdag_operator.section-1 to None, run_after=None
[2025-07-18T12:40:22.164-0500] {logging_mixin.py:188} INFO - [2025-07-18T12:40:22.164-0500] {dag.py:3954} INFO - Setting next_dagrun for example_subdag_operator.section-2 to None, run_after=None
[2025-07-18T12:40:22.180-0500] {processor.py:183} INFO - Processing /home/abhiram/jobtrak-stack/venv/lib/python3.12/site-packages/airflow/example_dags/example_subdag_operator.py took 0.094 seconds
[2025-07-18T12:40:31.282-0500] {processor.py:161} INFO - Started process (PID=3881) to work on /home/abhiram/jobtrak-stack/venv/lib/python3.12/site-packages/airflow/example_dags/example_subdag_operator.py
[2025-07-18T12:40:31.283-0500] {processor.py:830} INFO - Processing file /home/abhiram/jobtrak-stack/venv/lib/python3.12/site-packages/airflow/example_dags/example_subdag_operator.py for tasks to queue
[2025-07-18T12:40:31.284-0500] {logging_mixin.py:188} INFO - [2025-07-18T12:40:31.284-0500] {dagbag.py:545} INFO - Filling up the DagBag from /home/abhiram/jobtrak-stack/venv/lib/python3.12/site-packages/airflow/example_dags/example_subdag_operator.py
[2025-07-18T12:40:31.306-0500] {processor.py:840} INFO - DAG(s) 'example_subdag_operator.section-1', 'example_subdag_operator.section-2', 'example_subdag_operator' retrieved from /home/abhiram/jobtrak-stack/venv/lib/python3.12/site-packages/airflow/example_dags/example_subdag_operator.py
[2025-07-18T12:40:31.320-0500] {logging_mixin.py:188} INFO - [2025-07-18T12:40:31.320-0500] {dag.py:3096} INFO - Sync 3 DAGs
[2025-07-18T12:40:31.334-0500] {logging_mixin.py:188} INFO - [2025-07-18T12:40:31.334-0500] {dag.py:3954} INFO - Setting next_dagrun for example_subdag_operator to 2022-01-01 00:00:00+00:00, run_after=2022-01-01 00:00:00+00:00
[2025-07-18T12:40:31.337-0500] {logging_mixin.py:188} INFO - [2025-07-18T12:40:31.337-0500] {dag.py:3954} INFO - Setting next_dagrun for example_subdag_operator.section-1 to None, run_after=None
[2025-07-18T12:40:31.338-0500] {logging_mixin.py:188} INFO - [2025-07-18T12:40:31.338-0500] {dag.py:3954} INFO - Setting next_dagrun for example_subdag_operator.section-2 to None, run_after=None
[2025-07-18T12:40:31.343-0500] {logging_mixin.py:188} INFO - [2025-07-18T12:40:31.343-0500] {dag.py:3096} INFO - Sync 2 DAGs
[2025-07-18T12:40:31.347-0500] {logging_mixin.py:188} INFO - [2025-07-18T12:40:31.347-0500] {dag.py:3954} INFO - Setting next_dagrun for example_subdag_operator.section-1 to None, run_after=None
[2025-07-18T12:40:31.347-0500] {logging_mixin.py:188} INFO - [2025-07-18T12:40:31.347-0500] {dag.py:3954} INFO - Setting next_dagrun for example_subdag_operator.section-2 to None, run_after=None
[2025-07-18T12:40:31.362-0500] {processor.py:183} INFO - Processing /home/abhiram/jobtrak-stack/venv/lib/python3.12/site-packages/airflow/example_dags/example_subdag_operator.py took 0.084 seconds
[2025-07-18T12:41:01.790-0500] {processor.py:161} INFO - Started process (PID=4004) to work on /home/abhiram/jobtrak-stack/venv/lib/python3.12/site-packages/airflow/example_dags/example_subdag_operator.py
[2025-07-18T12:41:01.792-0500] {processor.py:830} INFO - Processing file /home/abhiram/jobtrak-stack/venv/lib/python3.12/site-packages/airflow/example_dags/example_subdag_operator.py for tasks to queue
[2025-07-18T12:41:01.793-0500] {logging_mixin.py:188} INFO - [2025-07-18T12:41:01.793-0500] {dagbag.py:545} INFO - Filling up the DagBag from /home/abhiram/jobtrak-stack/venv/lib/python3.12/site-packages/airflow/example_dags/example_subdag_operator.py
[2025-07-18T12:41:01.813-0500] {processor.py:840} INFO - DAG(s) 'example_subdag_operator.section-1', 'example_subdag_operator.section-2', 'example_subdag_operator' retrieved from /home/abhiram/jobtrak-stack/venv/lib/python3.12/site-packages/airflow/example_dags/example_subdag_operator.py
[2025-07-18T12:41:01.823-0500] {logging_mixin.py:188} INFO - [2025-07-18T12:41:01.823-0500] {dag.py:3096} INFO - Sync 3 DAGs
[2025-07-18T12:41:01.837-0500] {logging_mixin.py:188} INFO - [2025-07-18T12:41:01.837-0500] {dag.py:3954} INFO - Setting next_dagrun for example_subdag_operator to 2022-01-01 00:00:00+00:00, run_after=2022-01-01 00:00:00+00:00
[2025-07-18T12:41:01.840-0500] {logging_mixin.py:188} INFO - [2025-07-18T12:41:01.840-0500] {dag.py:3954} INFO - Setting next_dagrun for example_subdag_operator.section-1 to None, run_after=None
[2025-07-18T12:41:01.841-0500] {logging_mixin.py:188} INFO - [2025-07-18T12:41:01.841-0500] {dag.py:3954} INFO - Setting next_dagrun for example_subdag_operator.section-2 to None, run_after=None
[2025-07-18T12:41:01.846-0500] {logging_mixin.py:188} INFO - [2025-07-18T12:41:01.846-0500] {dag.py:3096} INFO - Sync 2 DAGs
[2025-07-18T12:41:01.850-0500] {logging_mixin.py:188} INFO - [2025-07-18T12:41:01.850-0500] {dag.py:3954} INFO - Setting next_dagrun for example_subdag_operator.section-1 to None, run_after=None
[2025-07-18T12:41:01.851-0500] {logging_mixin.py:188} INFO - [2025-07-18T12:41:01.850-0500] {dag.py:3954} INFO - Setting next_dagrun for example_subdag_operator.section-2 to None, run_after=None
[2025-07-18T12:41:01.862-0500] {processor.py:183} INFO - Processing /home/abhiram/jobtrak-stack/venv/lib/python3.12/site-packages/airflow/example_dags/example_subdag_operator.py took 0.075 seconds
[2025-07-18T12:41:32.257-0500] {processor.py:161} INFO - Started process (PID=4169) to work on /home/abhiram/jobtrak-stack/venv/lib/python3.12/site-packages/airflow/example_dags/example_subdag_operator.py
[2025-07-18T12:41:32.258-0500] {processor.py:830} INFO - Processing file /home/abhiram/jobtrak-stack/venv/lib/python3.12/site-packages/airflow/example_dags/example_subdag_operator.py for tasks to queue
[2025-07-18T12:41:32.259-0500] {logging_mixin.py:188} INFO - [2025-07-18T12:41:32.258-0500] {dagbag.py:545} INFO - Filling up the DagBag from /home/abhiram/jobtrak-stack/venv/lib/python3.12/site-packages/airflow/example_dags/example_subdag_operator.py
[2025-07-18T12:41:32.278-0500] {processor.py:840} INFO - DAG(s) 'example_subdag_operator.section-1', 'example_subdag_operator.section-2', 'example_subdag_operator' retrieved from /home/abhiram/jobtrak-stack/venv/lib/python3.12/site-packages/airflow/example_dags/example_subdag_operator.py
[2025-07-18T12:41:32.288-0500] {logging_mixin.py:188} INFO - [2025-07-18T12:41:32.288-0500] {dag.py:3096} INFO - Sync 3 DAGs
[2025-07-18T12:41:32.302-0500] {logging_mixin.py:188} INFO - [2025-07-18T12:41:32.302-0500] {dag.py:3954} INFO - Setting next_dagrun for example_subdag_operator to 2022-01-01 00:00:00+00:00, run_after=2022-01-01 00:00:00+00:00
[2025-07-18T12:41:32.304-0500] {logging_mixin.py:188} INFO - [2025-07-18T12:41:32.304-0500] {dag.py:3954} INFO - Setting next_dagrun for example_subdag_operator.section-1 to None, run_after=None
[2025-07-18T12:41:32.305-0500] {logging_mixin.py:188} INFO - [2025-07-18T12:41:32.305-0500] {dag.py:3954} INFO - Setting next_dagrun for example_subdag_operator.section-2 to None, run_after=None
[2025-07-18T12:41:32.310-0500] {logging_mixin.py:188} INFO - [2025-07-18T12:41:32.310-0500] {dag.py:3096} INFO - Sync 2 DAGs
[2025-07-18T12:41:32.315-0500] {logging_mixin.py:188} INFO - [2025-07-18T12:41:32.315-0500] {dag.py:3954} INFO - Setting next_dagrun for example_subdag_operator.section-1 to None, run_after=None
[2025-07-18T12:41:32.315-0500] {logging_mixin.py:188} INFO - [2025-07-18T12:41:32.315-0500] {dag.py:3954} INFO - Setting next_dagrun for example_subdag_operator.section-2 to None, run_after=None
[2025-07-18T12:41:32.324-0500] {processor.py:183} INFO - Processing /home/abhiram/jobtrak-stack/venv/lib/python3.12/site-packages/airflow/example_dags/example_subdag_operator.py took 0.072 seconds
[2025-07-18T12:42:02.795-0500] {processor.py:161} INFO - Started process (PID=4276) to work on /home/abhiram/jobtrak-stack/venv/lib/python3.12/site-packages/airflow/example_dags/example_subdag_operator.py
[2025-07-18T12:42:02.797-0500] {processor.py:830} INFO - Processing file /home/abhiram/jobtrak-stack/venv/lib/python3.12/site-packages/airflow/example_dags/example_subdag_operator.py for tasks to queue
[2025-07-18T12:42:02.799-0500] {logging_mixin.py:188} INFO - [2025-07-18T12:42:02.798-0500] {dagbag.py:545} INFO - Filling up the DagBag from /home/abhiram/jobtrak-stack/venv/lib/python3.12/site-packages/airflow/example_dags/example_subdag_operator.py
[2025-07-18T12:42:02.822-0500] {processor.py:840} INFO - DAG(s) 'example_subdag_operator.section-1', 'example_subdag_operator.section-2', 'example_subdag_operator' retrieved from /home/abhiram/jobtrak-stack/venv/lib/python3.12/site-packages/airflow/example_dags/example_subdag_operator.py
[2025-07-18T12:42:02.834-0500] {logging_mixin.py:188} INFO - [2025-07-18T12:42:02.834-0500] {dag.py:3096} INFO - Sync 3 DAGs
[2025-07-18T12:42:02.850-0500] {logging_mixin.py:188} INFO - [2025-07-18T12:42:02.849-0500] {dag.py:3954} INFO - Setting next_dagrun for example_subdag_operator to 2022-01-01 00:00:00+00:00, run_after=2022-01-01 00:00:00+00:00
[2025-07-18T12:42:02.853-0500] {logging_mixin.py:188} INFO - [2025-07-18T12:42:02.853-0500] {dag.py:3954} INFO - Setting next_dagrun for example_subdag_operator.section-1 to None, run_after=None
[2025-07-18T12:42:02.854-0500] {logging_mixin.py:188} INFO - [2025-07-18T12:42:02.854-0500] {dag.py:3954} INFO - Setting next_dagrun for example_subdag_operator.section-2 to None, run_after=None
[2025-07-18T12:42:02.859-0500] {logging_mixin.py:188} INFO - [2025-07-18T12:42:02.859-0500] {dag.py:3096} INFO - Sync 2 DAGs
[2025-07-18T12:42:02.862-0500] {logging_mixin.py:188} INFO - [2025-07-18T12:42:02.862-0500] {dag.py:3954} INFO - Setting next_dagrun for example_subdag_operator.section-1 to None, run_after=None
[2025-07-18T12:42:02.863-0500] {logging_mixin.py:188} INFO - [2025-07-18T12:42:02.863-0500] {dag.py:3954} INFO - Setting next_dagrun for example_subdag_operator.section-2 to None, run_after=None
[2025-07-18T12:42:02.878-0500] {processor.py:183} INFO - Processing /home/abhiram/jobtrak-stack/venv/lib/python3.12/site-packages/airflow/example_dags/example_subdag_operator.py took 0.086 seconds
[2025-07-18T12:42:33.517-0500] {processor.py:161} INFO - Started process (PID=4385) to work on /home/abhiram/jobtrak-stack/venv/lib/python3.12/site-packages/airflow/example_dags/example_subdag_operator.py
[2025-07-18T12:42:33.519-0500] {processor.py:830} INFO - Processing file /home/abhiram/jobtrak-stack/venv/lib/python3.12/site-packages/airflow/example_dags/example_subdag_operator.py for tasks to queue
[2025-07-18T12:42:33.520-0500] {logging_mixin.py:188} INFO - [2025-07-18T12:42:33.520-0500] {dagbag.py:545} INFO - Filling up the DagBag from /home/abhiram/jobtrak-stack/venv/lib/python3.12/site-packages/airflow/example_dags/example_subdag_operator.py
[2025-07-18T12:42:33.542-0500] {processor.py:840} INFO - DAG(s) 'example_subdag_operator.section-1', 'example_subdag_operator.section-2', 'example_subdag_operator' retrieved from /home/abhiram/jobtrak-stack/venv/lib/python3.12/site-packages/airflow/example_dags/example_subdag_operator.py
[2025-07-18T12:42:33.553-0500] {logging_mixin.py:188} INFO - [2025-07-18T12:42:33.553-0500] {dag.py:3096} INFO - Sync 3 DAGs
[2025-07-18T12:42:33.569-0500] {logging_mixin.py:188} INFO - [2025-07-18T12:42:33.569-0500] {dag.py:3954} INFO - Setting next_dagrun for example_subdag_operator to 2022-01-01 00:00:00+00:00, run_after=2022-01-01 00:00:00+00:00
[2025-07-18T12:42:33.572-0500] {logging_mixin.py:188} INFO - [2025-07-18T12:42:33.572-0500] {dag.py:3954} INFO - Setting next_dagrun for example_subdag_operator.section-1 to None, run_after=None
[2025-07-18T12:42:33.573-0500] {logging_mixin.py:188} INFO - [2025-07-18T12:42:33.573-0500] {dag.py:3954} INFO - Setting next_dagrun for example_subdag_operator.section-2 to None, run_after=None
[2025-07-18T12:42:33.577-0500] {logging_mixin.py:188} INFO - [2025-07-18T12:42:33.577-0500] {dag.py:3096} INFO - Sync 2 DAGs
[2025-07-18T12:42:33.581-0500] {logging_mixin.py:188} INFO - [2025-07-18T12:42:33.580-0500] {dag.py:3954} INFO - Setting next_dagrun for example_subdag_operator.section-1 to None, run_after=None
[2025-07-18T12:42:33.581-0500] {logging_mixin.py:188} INFO - [2025-07-18T12:42:33.581-0500] {dag.py:3954} INFO - Setting next_dagrun for example_subdag_operator.section-2 to None, run_after=None
[2025-07-18T12:42:33.592-0500] {processor.py:183} INFO - Processing /home/abhiram/jobtrak-stack/venv/lib/python3.12/site-packages/airflow/example_dags/example_subdag_operator.py took 0.078 seconds
[2025-07-18T12:43:03.708-0500] {processor.py:161} INFO - Started process (PID=4494) to work on /home/abhiram/jobtrak-stack/venv/lib/python3.12/site-packages/airflow/example_dags/example_subdag_operator.py
[2025-07-18T12:43:03.710-0500] {processor.py:830} INFO - Processing file /home/abhiram/jobtrak-stack/venv/lib/python3.12/site-packages/airflow/example_dags/example_subdag_operator.py for tasks to queue
[2025-07-18T12:43:03.711-0500] {logging_mixin.py:188} INFO - [2025-07-18T12:43:03.711-0500] {dagbag.py:545} INFO - Filling up the DagBag from /home/abhiram/jobtrak-stack/venv/lib/python3.12/site-packages/airflow/example_dags/example_subdag_operator.py
[2025-07-18T12:43:03.731-0500] {processor.py:840} INFO - DAG(s) 'example_subdag_operator.section-1', 'example_subdag_operator.section-2', 'example_subdag_operator' retrieved from /home/abhiram/jobtrak-stack/venv/lib/python3.12/site-packages/airflow/example_dags/example_subdag_operator.py
[2025-07-18T12:43:03.740-0500] {logging_mixin.py:188} INFO - [2025-07-18T12:43:03.739-0500] {dag.py:3096} INFO - Sync 3 DAGs
[2025-07-18T12:43:03.752-0500] {logging_mixin.py:188} INFO - [2025-07-18T12:43:03.752-0500] {dag.py:3954} INFO - Setting next_dagrun for example_subdag_operator to 2022-01-01 00:00:00+00:00, run_after=2022-01-01 00:00:00+00:00
[2025-07-18T12:43:03.754-0500] {logging_mixin.py:188} INFO - [2025-07-18T12:43:03.754-0500] {dag.py:3954} INFO - Setting next_dagrun for example_subdag_operator.section-1 to None, run_after=None
[2025-07-18T12:43:03.755-0500] {logging_mixin.py:188} INFO - [2025-07-18T12:43:03.755-0500] {dag.py:3954} INFO - Setting next_dagrun for example_subdag_operator.section-2 to None, run_after=None
[2025-07-18T12:43:03.760-0500] {logging_mixin.py:188} INFO - [2025-07-18T12:43:03.759-0500] {dag.py:3096} INFO - Sync 2 DAGs
[2025-07-18T12:43:03.763-0500] {logging_mixin.py:188} INFO - [2025-07-18T12:43:03.763-0500] {dag.py:3954} INFO - Setting next_dagrun for example_subdag_operator.section-1 to None, run_after=None
[2025-07-18T12:43:03.763-0500] {logging_mixin.py:188} INFO - [2025-07-18T12:43:03.763-0500] {dag.py:3954} INFO - Setting next_dagrun for example_subdag_operator.section-2 to None, run_after=None
[2025-07-18T12:43:03.772-0500] {processor.py:183} INFO - Processing /home/abhiram/jobtrak-stack/venv/lib/python3.12/site-packages/airflow/example_dags/example_subdag_operator.py took 0.067 seconds
[2025-07-18T12:43:34.154-0500] {processor.py:161} INFO - Started process (PID=4602) to work on /home/abhiram/jobtrak-stack/venv/lib/python3.12/site-packages/airflow/example_dags/example_subdag_operator.py
[2025-07-18T12:43:34.154-0500] {processor.py:830} INFO - Processing file /home/abhiram/jobtrak-stack/venv/lib/python3.12/site-packages/airflow/example_dags/example_subdag_operator.py for tasks to queue
[2025-07-18T12:43:34.156-0500] {logging_mixin.py:188} INFO - [2025-07-18T12:43:34.155-0500] {dagbag.py:545} INFO - Filling up the DagBag from /home/abhiram/jobtrak-stack/venv/lib/python3.12/site-packages/airflow/example_dags/example_subdag_operator.py
[2025-07-18T12:43:34.174-0500] {processor.py:840} INFO - DAG(s) 'example_subdag_operator.section-1', 'example_subdag_operator.section-2', 'example_subdag_operator' retrieved from /home/abhiram/jobtrak-stack/venv/lib/python3.12/site-packages/airflow/example_dags/example_subdag_operator.py
[2025-07-18T12:43:34.184-0500] {logging_mixin.py:188} INFO - [2025-07-18T12:43:34.184-0500] {dag.py:3096} INFO - Sync 3 DAGs
[2025-07-18T12:43:34.198-0500] {logging_mixin.py:188} INFO - [2025-07-18T12:43:34.198-0500] {dag.py:3954} INFO - Setting next_dagrun for example_subdag_operator to 2022-01-01 00:00:00+00:00, run_after=2022-01-01 00:00:00+00:00
[2025-07-18T12:43:34.201-0500] {logging_mixin.py:188} INFO - [2025-07-18T12:43:34.200-0500] {dag.py:3954} INFO - Setting next_dagrun for example_subdag_operator.section-1 to None, run_after=None
[2025-07-18T12:43:34.201-0500] {logging_mixin.py:188} INFO - [2025-07-18T12:43:34.201-0500] {dag.py:3954} INFO - Setting next_dagrun for example_subdag_operator.section-2 to None, run_after=None
[2025-07-18T12:43:34.206-0500] {logging_mixin.py:188} INFO - [2025-07-18T12:43:34.206-0500] {dag.py:3096} INFO - Sync 2 DAGs
[2025-07-18T12:43:34.210-0500] {logging_mixin.py:188} INFO - [2025-07-18T12:43:34.210-0500] {dag.py:3954} INFO - Setting next_dagrun for example_subdag_operator.section-1 to None, run_after=None
[2025-07-18T12:43:34.210-0500] {logging_mixin.py:188} INFO - [2025-07-18T12:43:34.210-0500] {dag.py:3954} INFO - Setting next_dagrun for example_subdag_operator.section-2 to None, run_after=None
[2025-07-18T12:43:34.220-0500] {processor.py:183} INFO - Processing /home/abhiram/jobtrak-stack/venv/lib/python3.12/site-packages/airflow/example_dags/example_subdag_operator.py took 0.070 seconds
[2025-07-18T12:44:04.932-0500] {processor.py:161} INFO - Started process (PID=4712) to work on /home/abhiram/jobtrak-stack/venv/lib/python3.12/site-packages/airflow/example_dags/example_subdag_operator.py
[2025-07-18T12:44:04.933-0500] {processor.py:830} INFO - Processing file /home/abhiram/jobtrak-stack/venv/lib/python3.12/site-packages/airflow/example_dags/example_subdag_operator.py for tasks to queue
[2025-07-18T12:44:04.934-0500] {logging_mixin.py:188} INFO - [2025-07-18T12:44:04.934-0500] {dagbag.py:545} INFO - Filling up the DagBag from /home/abhiram/jobtrak-stack/venv/lib/python3.12/site-packages/airflow/example_dags/example_subdag_operator.py
[2025-07-18T12:44:04.959-0500] {processor.py:840} INFO - DAG(s) 'example_subdag_operator.section-1', 'example_subdag_operator.section-2', 'example_subdag_operator' retrieved from /home/abhiram/jobtrak-stack/venv/lib/python3.12/site-packages/airflow/example_dags/example_subdag_operator.py
[2025-07-18T12:44:04.970-0500] {logging_mixin.py:188} INFO - [2025-07-18T12:44:04.969-0500] {dag.py:3096} INFO - Sync 3 DAGs
[2025-07-18T12:44:04.984-0500] {logging_mixin.py:188} INFO - [2025-07-18T12:44:04.983-0500] {dag.py:3954} INFO - Setting next_dagrun for example_subdag_operator to 2022-01-01 00:00:00+00:00, run_after=2022-01-01 00:00:00+00:00
[2025-07-18T12:44:04.986-0500] {logging_mixin.py:188} INFO - [2025-07-18T12:44:04.986-0500] {dag.py:3954} INFO - Setting next_dagrun for example_subdag_operator.section-1 to None, run_after=None
[2025-07-18T12:44:04.987-0500] {logging_mixin.py:188} INFO - [2025-07-18T12:44:04.987-0500] {dag.py:3954} INFO - Setting next_dagrun for example_subdag_operator.section-2 to None, run_after=None
[2025-07-18T12:44:04.992-0500] {logging_mixin.py:188} INFO - [2025-07-18T12:44:04.992-0500] {dag.py:3096} INFO - Sync 2 DAGs
[2025-07-18T12:44:04.995-0500] {logging_mixin.py:188} INFO - [2025-07-18T12:44:04.995-0500] {dag.py:3954} INFO - Setting next_dagrun for example_subdag_operator.section-1 to None, run_after=None
[2025-07-18T12:44:04.996-0500] {logging_mixin.py:188} INFO - [2025-07-18T12:44:04.996-0500] {dag.py:3954} INFO - Setting next_dagrun for example_subdag_operator.section-2 to None, run_after=None
[2025-07-18T12:44:05.010-0500] {processor.py:183} INFO - Processing /home/abhiram/jobtrak-stack/venv/lib/python3.12/site-packages/airflow/example_dags/example_subdag_operator.py took 0.082 seconds
[2025-07-18T12:44:35.709-0500] {processor.py:161} INFO - Started process (PID=4821) to work on /home/abhiram/jobtrak-stack/venv/lib/python3.12/site-packages/airflow/example_dags/example_subdag_operator.py
[2025-07-18T12:44:35.710-0500] {processor.py:830} INFO - Processing file /home/abhiram/jobtrak-stack/venv/lib/python3.12/site-packages/airflow/example_dags/example_subdag_operator.py for tasks to queue
[2025-07-18T12:44:35.711-0500] {logging_mixin.py:188} INFO - [2025-07-18T12:44:35.711-0500] {dagbag.py:545} INFO - Filling up the DagBag from /home/abhiram/jobtrak-stack/venv/lib/python3.12/site-packages/airflow/example_dags/example_subdag_operator.py
[2025-07-18T12:44:35.731-0500] {processor.py:840} INFO - DAG(s) 'example_subdag_operator.section-1', 'example_subdag_operator.section-2', 'example_subdag_operator' retrieved from /home/abhiram/jobtrak-stack/venv/lib/python3.12/site-packages/airflow/example_dags/example_subdag_operator.py
[2025-07-18T12:44:35.740-0500] {logging_mixin.py:188} INFO - [2025-07-18T12:44:35.740-0500] {dag.py:3096} INFO - Sync 3 DAGs
[2025-07-18T12:44:35.754-0500] {logging_mixin.py:188} INFO - [2025-07-18T12:44:35.754-0500] {dag.py:3954} INFO - Setting next_dagrun for example_subdag_operator to 2022-01-01 00:00:00+00:00, run_after=2022-01-01 00:00:00+00:00
[2025-07-18T12:44:35.757-0500] {logging_mixin.py:188} INFO - [2025-07-18T12:44:35.757-0500] {dag.py:3954} INFO - Setting next_dagrun for example_subdag_operator.section-1 to None, run_after=None
[2025-07-18T12:44:35.758-0500] {logging_mixin.py:188} INFO - [2025-07-18T12:44:35.758-0500] {dag.py:3954} INFO - Setting next_dagrun for example_subdag_operator.section-2 to None, run_after=None
[2025-07-18T12:44:35.763-0500] {logging_mixin.py:188} INFO - [2025-07-18T12:44:35.762-0500] {dag.py:3096} INFO - Sync 2 DAGs
[2025-07-18T12:44:35.766-0500] {logging_mixin.py:188} INFO - [2025-07-18T12:44:35.765-0500] {dag.py:3954} INFO - Setting next_dagrun for example_subdag_operator.section-1 to None, run_after=None
[2025-07-18T12:44:35.766-0500] {logging_mixin.py:188} INFO - [2025-07-18T12:44:35.766-0500] {dag.py:3954} INFO - Setting next_dagrun for example_subdag_operator.section-2 to None, run_after=None
[2025-07-18T12:44:35.774-0500] {processor.py:183} INFO - Processing /home/abhiram/jobtrak-stack/venv/lib/python3.12/site-packages/airflow/example_dags/example_subdag_operator.py took 0.070 seconds
[2025-07-18T12:45:06.095-0500] {processor.py:161} INFO - Started process (PID=4931) to work on /home/abhiram/jobtrak-stack/venv/lib/python3.12/site-packages/airflow/example_dags/example_subdag_operator.py
[2025-07-18T12:45:06.097-0500] {processor.py:830} INFO - Processing file /home/abhiram/jobtrak-stack/venv/lib/python3.12/site-packages/airflow/example_dags/example_subdag_operator.py for tasks to queue
[2025-07-18T12:45:06.099-0500] {logging_mixin.py:188} INFO - [2025-07-18T12:45:06.099-0500] {dagbag.py:545} INFO - Filling up the DagBag from /home/abhiram/jobtrak-stack/venv/lib/python3.12/site-packages/airflow/example_dags/example_subdag_operator.py
[2025-07-18T12:45:06.125-0500] {processor.py:840} INFO - DAG(s) 'example_subdag_operator.section-1', 'example_subdag_operator.section-2', 'example_subdag_operator' retrieved from /home/abhiram/jobtrak-stack/venv/lib/python3.12/site-packages/airflow/example_dags/example_subdag_operator.py
[2025-07-18T12:45:06.134-0500] {logging_mixin.py:188} INFO - [2025-07-18T12:45:06.134-0500] {dag.py:3096} INFO - Sync 3 DAGs
[2025-07-18T12:45:06.150-0500] {logging_mixin.py:188} INFO - [2025-07-18T12:45:06.149-0500] {dag.py:3954} INFO - Setting next_dagrun for example_subdag_operator to 2022-01-01 00:00:00+00:00, run_after=2022-01-01 00:00:00+00:00
[2025-07-18T12:45:07.324-0500] {logging_mixin.py:188} INFO - [2025-07-18T12:45:06.152-0500] {dag.py:3954} INFO - Setting next_dagrun for example_subdag_operator.section-1 to None, run_after=None
[2025-07-18T12:45:07.326-0500] {logging_mixin.py:188} INFO - [2025-07-18T12:45:07.325-0500] {dag.py:3954} INFO - Setting next_dagrun for example_subdag_operator.section-2 to None, run_after=None
[2025-07-18T12:45:07.330-0500] {logging_mixin.py:188} INFO - [2025-07-18T12:45:07.330-0500] {dag.py:3096} INFO - Sync 2 DAGs
[2025-07-18T12:45:07.334-0500] {logging_mixin.py:188} INFO - [2025-07-18T12:45:07.334-0500] {dag.py:3954} INFO - Setting next_dagrun for example_subdag_operator.section-1 to None, run_after=None
[2025-07-18T12:45:07.334-0500] {logging_mixin.py:188} INFO - [2025-07-18T12:45:07.334-0500] {dag.py:3954} INFO - Setting next_dagrun for example_subdag_operator.section-2 to None, run_after=None
[2025-07-18T12:45:07.347-0500] {processor.py:183} INFO - Processing /home/abhiram/jobtrak-stack/venv/lib/python3.12/site-packages/airflow/example_dags/example_subdag_operator.py took 0.083 seconds
[2025-07-18T12:45:37.663-0500] {processor.py:161} INFO - Started process (PID=5039) to work on /home/abhiram/jobtrak-stack/venv/lib/python3.12/site-packages/airflow/example_dags/example_subdag_operator.py
[2025-07-18T12:45:37.668-0500] {processor.py:830} INFO - Processing file /home/abhiram/jobtrak-stack/venv/lib/python3.12/site-packages/airflow/example_dags/example_subdag_operator.py for tasks to queue
[2025-07-18T12:45:37.670-0500] {logging_mixin.py:188} INFO - [2025-07-18T12:45:37.670-0500] {dagbag.py:545} INFO - Filling up the DagBag from /home/abhiram/jobtrak-stack/venv/lib/python3.12/site-packages/airflow/example_dags/example_subdag_operator.py
[2025-07-18T12:45:37.709-0500] {processor.py:840} INFO - DAG(s) 'example_subdag_operator.section-1', 'example_subdag_operator.section-2', 'example_subdag_operator' retrieved from /home/abhiram/jobtrak-stack/venv/lib/python3.12/site-packages/airflow/example_dags/example_subdag_operator.py
[2025-07-18T12:45:37.727-0500] {logging_mixin.py:188} INFO - [2025-07-18T12:45:37.726-0500] {dag.py:3096} INFO - Sync 3 DAGs
[2025-07-18T12:45:37.751-0500] {logging_mixin.py:188} INFO - [2025-07-18T12:45:37.750-0500] {dag.py:3954} INFO - Setting next_dagrun for example_subdag_operator to 2022-01-01 00:00:00+00:00, run_after=2022-01-01 00:00:00+00:00
[2025-07-18T12:45:37.755-0500] {logging_mixin.py:188} INFO - [2025-07-18T12:45:37.755-0500] {dag.py:3954} INFO - Setting next_dagrun for example_subdag_operator.section-1 to None, run_after=None
[2025-07-18T12:45:37.757-0500] {logging_mixin.py:188} INFO - [2025-07-18T12:45:37.757-0500] {dag.py:3954} INFO - Setting next_dagrun for example_subdag_operator.section-2 to None, run_after=None
[2025-07-18T12:45:37.765-0500] {logging_mixin.py:188} INFO - [2025-07-18T12:45:37.765-0500] {dag.py:3096} INFO - Sync 2 DAGs
[2025-07-18T12:45:37.772-0500] {logging_mixin.py:188} INFO - [2025-07-18T12:45:37.772-0500] {dag.py:3954} INFO - Setting next_dagrun for example_subdag_operator.section-1 to None, run_after=None
[2025-07-18T12:45:37.772-0500] {logging_mixin.py:188} INFO - [2025-07-18T12:45:37.772-0500] {dag.py:3954} INFO - Setting next_dagrun for example_subdag_operator.section-2 to None, run_after=None
[2025-07-18T12:45:37.796-0500] {processor.py:183} INFO - Processing /home/abhiram/jobtrak-stack/venv/lib/python3.12/site-packages/airflow/example_dags/example_subdag_operator.py took 0.139 seconds
[2025-07-18T12:46:08.409-0500] {processor.py:161} INFO - Started process (PID=5147) to work on /home/abhiram/jobtrak-stack/venv/lib/python3.12/site-packages/airflow/example_dags/example_subdag_operator.py
[2025-07-18T12:46:08.433-0500] {processor.py:830} INFO - Processing file /home/abhiram/jobtrak-stack/venv/lib/python3.12/site-packages/airflow/example_dags/example_subdag_operator.py for tasks to queue
[2025-07-18T12:46:08.435-0500] {logging_mixin.py:188} INFO - [2025-07-18T12:46:08.435-0500] {dagbag.py:545} INFO - Filling up the DagBag from /home/abhiram/jobtrak-stack/venv/lib/python3.12/site-packages/airflow/example_dags/example_subdag_operator.py
[2025-07-18T12:46:08.468-0500] {processor.py:840} INFO - DAG(s) 'example_subdag_operator.section-1', 'example_subdag_operator.section-2', 'example_subdag_operator' retrieved from /home/abhiram/jobtrak-stack/venv/lib/python3.12/site-packages/airflow/example_dags/example_subdag_operator.py
[2025-07-18T12:46:08.484-0500] {logging_mixin.py:188} INFO - [2025-07-18T12:46:08.483-0500] {dag.py:3096} INFO - Sync 3 DAGs
[2025-07-18T12:46:08.505-0500] {logging_mixin.py:188} INFO - [2025-07-18T12:46:08.505-0500] {dag.py:3954} INFO - Setting next_dagrun for example_subdag_operator to 2022-01-01 00:00:00+00:00, run_after=2022-01-01 00:00:00+00:00
[2025-07-18T12:46:08.509-0500] {logging_mixin.py:188} INFO - [2025-07-18T12:46:08.508-0500] {dag.py:3954} INFO - Setting next_dagrun for example_subdag_operator.section-1 to None, run_after=None
[2025-07-18T12:46:08.511-0500] {logging_mixin.py:188} INFO - [2025-07-18T12:46:08.510-0500] {dag.py:3954} INFO - Setting next_dagrun for example_subdag_operator.section-2 to None, run_after=None
[2025-07-18T12:46:08.519-0500] {logging_mixin.py:188} INFO - [2025-07-18T12:46:08.519-0500] {dag.py:3096} INFO - Sync 2 DAGs
[2025-07-18T12:46:08.526-0500] {logging_mixin.py:188} INFO - [2025-07-18T12:46:08.526-0500] {dag.py:3954} INFO - Setting next_dagrun for example_subdag_operator.section-1 to None, run_after=None
[2025-07-18T12:46:08.526-0500] {logging_mixin.py:188} INFO - [2025-07-18T12:46:08.526-0500] {dag.py:3954} INFO - Setting next_dagrun for example_subdag_operator.section-2 to None, run_after=None
[2025-07-18T12:46:08.542-0500] {processor.py:183} INFO - Processing /home/abhiram/jobtrak-stack/venv/lib/python3.12/site-packages/airflow/example_dags/example_subdag_operator.py took 0.141 seconds
[2025-07-18T12:46:39.020-0500] {processor.py:161} INFO - Started process (PID=5255) to work on /home/abhiram/jobtrak-stack/venv/lib/python3.12/site-packages/airflow/example_dags/example_subdag_operator.py
[2025-07-18T12:46:39.035-0500] {processor.py:830} INFO - Processing file /home/abhiram/jobtrak-stack/venv/lib/python3.12/site-packages/airflow/example_dags/example_subdag_operator.py for tasks to queue
[2025-07-18T12:46:39.037-0500] {logging_mixin.py:188} INFO - [2025-07-18T12:46:39.036-0500] {dagbag.py:545} INFO - Filling up the DagBag from /home/abhiram/jobtrak-stack/venv/lib/python3.12/site-packages/airflow/example_dags/example_subdag_operator.py
[2025-07-18T12:46:39.066-0500] {processor.py:840} INFO - DAG(s) 'example_subdag_operator.section-1', 'example_subdag_operator.section-2', 'example_subdag_operator' retrieved from /home/abhiram/jobtrak-stack/venv/lib/python3.12/site-packages/airflow/example_dags/example_subdag_operator.py
[2025-07-18T12:46:39.079-0500] {logging_mixin.py:188} INFO - [2025-07-18T12:46:39.079-0500] {dag.py:3096} INFO - Sync 3 DAGs
[2025-07-18T12:46:39.099-0500] {logging_mixin.py:188} INFO - [2025-07-18T12:46:39.099-0500] {dag.py:3954} INFO - Setting next_dagrun for example_subdag_operator to 2022-01-01 00:00:00+00:00, run_after=2022-01-01 00:00:00+00:00
[2025-07-18T12:46:39.102-0500] {logging_mixin.py:188} INFO - [2025-07-18T12:46:39.102-0500] {dag.py:3954} INFO - Setting next_dagrun for example_subdag_operator.section-1 to None, run_after=None
[2025-07-18T12:46:39.104-0500] {logging_mixin.py:188} INFO - [2025-07-18T12:46:39.104-0500] {dag.py:3954} INFO - Setting next_dagrun for example_subdag_operator.section-2 to None, run_after=None
[2025-07-18T12:46:39.112-0500] {logging_mixin.py:188} INFO - [2025-07-18T12:46:39.112-0500] {dag.py:3096} INFO - Sync 2 DAGs
[2025-07-18T12:46:39.118-0500] {logging_mixin.py:188} INFO - [2025-07-18T12:46:39.117-0500] {dag.py:3954} INFO - Setting next_dagrun for example_subdag_operator.section-1 to None, run_after=None
[2025-07-18T12:46:39.118-0500] {logging_mixin.py:188} INFO - [2025-07-18T12:46:39.118-0500] {dag.py:3954} INFO - Setting next_dagrun for example_subdag_operator.section-2 to None, run_after=None
[2025-07-18T12:46:39.135-0500] {processor.py:183} INFO - Processing /home/abhiram/jobtrak-stack/venv/lib/python3.12/site-packages/airflow/example_dags/example_subdag_operator.py took 0.121 seconds
[2025-07-18T12:47:09.900-0500] {processor.py:161} INFO - Started process (PID=5365) to work on /home/abhiram/jobtrak-stack/venv/lib/python3.12/site-packages/airflow/example_dags/example_subdag_operator.py
[2025-07-18T12:47:09.908-0500] {processor.py:830} INFO - Processing file /home/abhiram/jobtrak-stack/venv/lib/python3.12/site-packages/airflow/example_dags/example_subdag_operator.py for tasks to queue
[2025-07-18T12:47:09.910-0500] {logging_mixin.py:188} INFO - [2025-07-18T12:47:09.910-0500] {dagbag.py:545} INFO - Filling up the DagBag from /home/abhiram/jobtrak-stack/venv/lib/python3.12/site-packages/airflow/example_dags/example_subdag_operator.py
[2025-07-18T12:47:09.950-0500] {processor.py:840} INFO - DAG(s) 'example_subdag_operator.section-1', 'example_subdag_operator.section-2', 'example_subdag_operator' retrieved from /home/abhiram/jobtrak-stack/venv/lib/python3.12/site-packages/airflow/example_dags/example_subdag_operator.py
[2025-07-18T12:47:09.963-0500] {logging_mixin.py:188} INFO - [2025-07-18T12:47:09.963-0500] {dag.py:3096} INFO - Sync 3 DAGs
[2025-07-18T12:47:09.982-0500] {logging_mixin.py:188} INFO - [2025-07-18T12:47:09.982-0500] {dag.py:3954} INFO - Setting next_dagrun for example_subdag_operator to 2022-01-01 00:00:00+00:00, run_after=2022-01-01 00:00:00+00:00
[2025-07-18T12:47:09.987-0500] {logging_mixin.py:188} INFO - [2025-07-18T12:47:09.986-0500] {dag.py:3954} INFO - Setting next_dagrun for example_subdag_operator.section-1 to None, run_after=None
[2025-07-18T12:47:09.988-0500] {logging_mixin.py:188} INFO - [2025-07-18T12:47:09.988-0500] {dag.py:3954} INFO - Setting next_dagrun for example_subdag_operator.section-2 to None, run_after=None
[2025-07-18T12:47:09.995-0500] {logging_mixin.py:188} INFO - [2025-07-18T12:47:09.995-0500] {dag.py:3096} INFO - Sync 2 DAGs
[2025-07-18T12:47:10.002-0500] {logging_mixin.py:188} INFO - [2025-07-18T12:47:10.002-0500] {dag.py:3954} INFO - Setting next_dagrun for example_subdag_operator.section-1 to None, run_after=None
[2025-07-18T12:47:10.003-0500] {logging_mixin.py:188} INFO - [2025-07-18T12:47:10.003-0500] {dag.py:3954} INFO - Setting next_dagrun for example_subdag_operator.section-2 to None, run_after=None
[2025-07-18T12:47:10.020-0500] {processor.py:183} INFO - Processing /home/abhiram/jobtrak-stack/venv/lib/python3.12/site-packages/airflow/example_dags/example_subdag_operator.py took 0.136 seconds
[2025-07-18T12:47:40.546-0500] {processor.py:161} INFO - Started process (PID=5472) to work on /home/abhiram/jobtrak-stack/venv/lib/python3.12/site-packages/airflow/example_dags/example_subdag_operator.py
[2025-07-18T12:47:40.549-0500] {processor.py:830} INFO - Processing file /home/abhiram/jobtrak-stack/venv/lib/python3.12/site-packages/airflow/example_dags/example_subdag_operator.py for tasks to queue
[2025-07-18T12:47:40.551-0500] {logging_mixin.py:188} INFO - [2025-07-18T12:47:40.551-0500] {dagbag.py:545} INFO - Filling up the DagBag from /home/abhiram/jobtrak-stack/venv/lib/python3.12/site-packages/airflow/example_dags/example_subdag_operator.py
[2025-07-18T12:47:40.584-0500] {processor.py:840} INFO - DAG(s) 'example_subdag_operator.section-1', 'example_subdag_operator.section-2', 'example_subdag_operator' retrieved from /home/abhiram/jobtrak-stack/venv/lib/python3.12/site-packages/airflow/example_dags/example_subdag_operator.py
[2025-07-18T12:47:40.597-0500] {logging_mixin.py:188} INFO - [2025-07-18T12:47:40.597-0500] {dag.py:3096} INFO - Sync 3 DAGs
[2025-07-18T12:47:40.618-0500] {logging_mixin.py:188} INFO - [2025-07-18T12:47:40.617-0500] {dag.py:3954} INFO - Setting next_dagrun for example_subdag_operator to 2022-01-01 00:00:00+00:00, run_after=2022-01-01 00:00:00+00:00
[2025-07-18T12:47:40.622-0500] {logging_mixin.py:188} INFO - [2025-07-18T12:47:40.622-0500] {dag.py:3954} INFO - Setting next_dagrun for example_subdag_operator.section-1 to None, run_after=None
[2025-07-18T12:47:40.624-0500] {logging_mixin.py:188} INFO - [2025-07-18T12:47:40.623-0500] {dag.py:3954} INFO - Setting next_dagrun for example_subdag_operator.section-2 to None, run_after=None
[2025-07-18T12:47:40.632-0500] {logging_mixin.py:188} INFO - [2025-07-18T12:47:40.631-0500] {dag.py:3096} INFO - Sync 2 DAGs
[2025-07-18T12:47:40.638-0500] {logging_mixin.py:188} INFO - [2025-07-18T12:47:40.638-0500] {dag.py:3954} INFO - Setting next_dagrun for example_subdag_operator.section-1 to None, run_after=None
[2025-07-18T12:47:40.638-0500] {logging_mixin.py:188} INFO - [2025-07-18T12:47:40.638-0500] {dag.py:3954} INFO - Setting next_dagrun for example_subdag_operator.section-2 to None, run_after=None
[2025-07-18T12:47:40.654-0500] {processor.py:183} INFO - Processing /home/abhiram/jobtrak-stack/venv/lib/python3.12/site-packages/airflow/example_dags/example_subdag_operator.py took 0.117 seconds
[2025-07-18T12:48:11.187-0500] {processor.py:161} INFO - Started process (PID=5643) to work on /home/abhiram/jobtrak-stack/venv/lib/python3.12/site-packages/airflow/example_dags/example_subdag_operator.py
[2025-07-18T12:48:11.210-0500] {processor.py:830} INFO - Processing file /home/abhiram/jobtrak-stack/venv/lib/python3.12/site-packages/airflow/example_dags/example_subdag_operator.py for tasks to queue
[2025-07-18T12:48:11.212-0500] {logging_mixin.py:188} INFO - [2025-07-18T12:48:11.211-0500] {dagbag.py:545} INFO - Filling up the DagBag from /home/abhiram/jobtrak-stack/venv/lib/python3.12/site-packages/airflow/example_dags/example_subdag_operator.py
[2025-07-18T12:48:11.262-0500] {processor.py:840} INFO - DAG(s) 'example_subdag_operator.section-1', 'example_subdag_operator.section-2', 'example_subdag_operator' retrieved from /home/abhiram/jobtrak-stack/venv/lib/python3.12/site-packages/airflow/example_dags/example_subdag_operator.py
[2025-07-18T12:48:11.282-0500] {logging_mixin.py:188} INFO - [2025-07-18T12:48:11.282-0500] {dag.py:3096} INFO - Sync 3 DAGs
[2025-07-18T12:48:11.300-0500] {logging_mixin.py:188} INFO - [2025-07-18T12:48:11.300-0500] {dag.py:3954} INFO - Setting next_dagrun for example_subdag_operator to 2022-01-01 00:00:00+00:00, run_after=2022-01-01 00:00:00+00:00
[2025-07-18T12:48:11.303-0500] {logging_mixin.py:188} INFO - [2025-07-18T12:48:11.303-0500] {dag.py:3954} INFO - Setting next_dagrun for example_subdag_operator.section-1 to None, run_after=None
[2025-07-18T12:48:11.304-0500] {logging_mixin.py:188} INFO - [2025-07-18T12:48:11.304-0500] {dag.py:3954} INFO - Setting next_dagrun for example_subdag_operator.section-2 to None, run_after=None
[2025-07-18T12:48:11.310-0500] {logging_mixin.py:188} INFO - [2025-07-18T12:48:11.310-0500] {dag.py:3096} INFO - Sync 2 DAGs
[2025-07-18T12:48:11.318-0500] {logging_mixin.py:188} INFO - [2025-07-18T12:48:11.318-0500] {dag.py:3954} INFO - Setting next_dagrun for example_subdag_operator.section-1 to None, run_after=None
[2025-07-18T12:48:11.318-0500] {logging_mixin.py:188} INFO - [2025-07-18T12:48:11.318-0500] {dag.py:3954} INFO - Setting next_dagrun for example_subdag_operator.section-2 to None, run_after=None
[2025-07-18T12:48:11.333-0500] {processor.py:183} INFO - Processing /home/abhiram/jobtrak-stack/venv/lib/python3.12/site-packages/airflow/example_dags/example_subdag_operator.py took 0.160 seconds
[2025-07-18T12:48:41.850-0500] {processor.py:161} INFO - Started process (PID=5762) to work on /home/abhiram/jobtrak-stack/venv/lib/python3.12/site-packages/airflow/example_dags/example_subdag_operator.py
[2025-07-18T12:48:41.873-0500] {processor.py:830} INFO - Processing file /home/abhiram/jobtrak-stack/venv/lib/python3.12/site-packages/airflow/example_dags/example_subdag_operator.py for tasks to queue
[2025-07-18T12:48:41.874-0500] {logging_mixin.py:188} INFO - [2025-07-18T12:48:41.874-0500] {dagbag.py:545} INFO - Filling up the DagBag from /home/abhiram/jobtrak-stack/venv/lib/python3.12/site-packages/airflow/example_dags/example_subdag_operator.py
[2025-07-18T12:48:41.898-0500] {processor.py:840} INFO - DAG(s) 'example_subdag_operator.section-1', 'example_subdag_operator.section-2', 'example_subdag_operator' retrieved from /home/abhiram/jobtrak-stack/venv/lib/python3.12/site-packages/airflow/example_dags/example_subdag_operator.py
[2025-07-18T12:48:41.909-0500] {logging_mixin.py:188} INFO - [2025-07-18T12:48:41.909-0500] {dag.py:3096} INFO - Sync 3 DAGs
[2025-07-18T12:48:41.923-0500] {logging_mixin.py:188} INFO - [2025-07-18T12:48:41.923-0500] {dag.py:3954} INFO - Setting next_dagrun for example_subdag_operator to 2022-01-01 00:00:00+00:00, run_after=2022-01-01 00:00:00+00:00
[2025-07-18T12:48:41.925-0500] {logging_mixin.py:188} INFO - [2025-07-18T12:48:41.925-0500] {dag.py:3954} INFO - Setting next_dagrun for example_subdag_operator.section-1 to None, run_after=None
[2025-07-18T12:48:41.926-0500] {logging_mixin.py:188} INFO - [2025-07-18T12:48:41.926-0500] {dag.py:3954} INFO - Setting next_dagrun for example_subdag_operator.section-2 to None, run_after=None
[2025-07-18T12:48:41.930-0500] {logging_mixin.py:188} INFO - [2025-07-18T12:48:41.930-0500] {dag.py:3096} INFO - Sync 2 DAGs
[2025-07-18T12:48:41.934-0500] {logging_mixin.py:188} INFO - [2025-07-18T12:48:41.933-0500] {dag.py:3954} INFO - Setting next_dagrun for example_subdag_operator.section-1 to None, run_after=None
[2025-07-18T12:48:41.934-0500] {logging_mixin.py:188} INFO - [2025-07-18T12:48:41.934-0500] {dag.py:3954} INFO - Setting next_dagrun for example_subdag_operator.section-2 to None, run_after=None
[2025-07-18T12:48:41.947-0500] {processor.py:183} INFO - Processing /home/abhiram/jobtrak-stack/venv/lib/python3.12/site-packages/airflow/example_dags/example_subdag_operator.py took 0.100 seconds
[2025-07-18T12:49:12.362-0500] {processor.py:161} INFO - Started process (PID=5870) to work on /home/abhiram/jobtrak-stack/venv/lib/python3.12/site-packages/airflow/example_dags/example_subdag_operator.py
[2025-07-18T12:49:12.385-0500] {processor.py:830} INFO - Processing file /home/abhiram/jobtrak-stack/venv/lib/python3.12/site-packages/airflow/example_dags/example_subdag_operator.py for tasks to queue
[2025-07-18T12:49:12.387-0500] {logging_mixin.py:188} INFO - [2025-07-18T12:49:12.386-0500] {dagbag.py:545} INFO - Filling up the DagBag from /home/abhiram/jobtrak-stack/venv/lib/python3.12/site-packages/airflow/example_dags/example_subdag_operator.py
[2025-07-18T12:49:12.423-0500] {processor.py:840} INFO - DAG(s) 'example_subdag_operator.section-1', 'example_subdag_operator.section-2', 'example_subdag_operator' retrieved from /home/abhiram/jobtrak-stack/venv/lib/python3.12/site-packages/airflow/example_dags/example_subdag_operator.py
[2025-07-18T12:49:12.443-0500] {logging_mixin.py:188} INFO - [2025-07-18T12:49:12.442-0500] {dag.py:3096} INFO - Sync 3 DAGs
[2025-07-18T12:49:12.466-0500] {logging_mixin.py:188} INFO - [2025-07-18T12:49:12.466-0500] {dag.py:3954} INFO - Setting next_dagrun for example_subdag_operator to 2022-01-01 00:00:00+00:00, run_after=2022-01-01 00:00:00+00:00
[2025-07-18T12:49:12.474-0500] {logging_mixin.py:188} INFO - [2025-07-18T12:49:12.474-0500] {dag.py:3954} INFO - Setting next_dagrun for example_subdag_operator.section-1 to None, run_after=None
[2025-07-18T12:49:12.477-0500] {logging_mixin.py:188} INFO - [2025-07-18T12:49:12.477-0500] {dag.py:3954} INFO - Setting next_dagrun for example_subdag_operator.section-2 to None, run_after=None
[2025-07-18T12:49:12.489-0500] {logging_mixin.py:188} INFO - [2025-07-18T12:49:12.489-0500] {dag.py:3096} INFO - Sync 2 DAGs
[2025-07-18T12:49:12.497-0500] {logging_mixin.py:188} INFO - [2025-07-18T12:49:12.496-0500] {dag.py:3954} INFO - Setting next_dagrun for example_subdag_operator.section-1 to None, run_after=None
[2025-07-18T12:49:12.497-0500] {logging_mixin.py:188} INFO - [2025-07-18T12:49:12.497-0500] {dag.py:3954} INFO - Setting next_dagrun for example_subdag_operator.section-2 to None, run_after=None
[2025-07-18T12:49:12.519-0500] {processor.py:183} INFO - Processing /home/abhiram/jobtrak-stack/venv/lib/python3.12/site-packages/airflow/example_dags/example_subdag_operator.py took 0.163 seconds
