[2025-07-18T11:49:18.773-0500] {processor.py:161} INFO - Started process (PID=831) to work on /home/abhiram/jobtrak-stack/venv/lib/python3.12/site-packages/airflow/example_dags/example_branch_day_of_week_operator.py
[2025-07-18T11:49:18.773-0500] {processor.py:830} INFO - Processing file /home/abhiram/jobtrak-stack/venv/lib/python3.12/site-packages/airflow/example_dags/example_branch_day_of_week_operator.py for tasks to queue
[2025-07-18T11:49:18.774-0500] {logging_mixin.py:188} INFO - [2025-07-18T11:49:18.774-0500] {dagbag.py:545} INFO - Filling up the DagBag from /home/abhiram/jobtrak-stack/venv/lib/python3.12/site-packages/airflow/example_dags/example_branch_day_of_week_operator.py
[2025-07-18T11:49:18.780-0500] {processor.py:840} INFO - DAG(s) 'example_weekday_branch_operator' retrieved from /home/abhiram/jobtrak-stack/venv/lib/python3.12/site-packages/airflow/example_dags/example_branch_day_of_week_operator.py
[2025-07-18T11:49:18.792-0500] {logging_mixin.py:188} INFO - [2025-07-18T11:49:18.791-0500] {dag.py:3096} INFO - Sync 1 DAGs
[2025-07-18T11:49:18.807-0500] {logging_mixin.py:188} INFO - [2025-07-18T11:49:18.807-0500] {dag.py:3954} INFO - Setting next_dagrun for example_weekday_branch_operator to 2025-07-17 00:00:00+00:00, run_after=2025-07-18 00:00:00+00:00
[2025-07-18T11:49:18.821-0500] {processor.py:183} INFO - Processing /home/abhiram/jobtrak-stack/venv/lib/python3.12/site-packages/airflow/example_dags/example_branch_day_of_week_operator.py took 0.052 seconds
[2025-07-18T11:49:50.268-0500] {processor.py:161} INFO - Started process (PID=956) to work on /home/abhiram/jobtrak-stack/venv/lib/python3.12/site-packages/airflow/example_dags/example_branch_day_of_week_operator.py
[2025-07-18T11:49:50.269-0500] {processor.py:830} INFO - Processing file /home/abhiram/jobtrak-stack/venv/lib/python3.12/site-packages/airflow/example_dags/example_branch_day_of_week_operator.py for tasks to queue
[2025-07-18T11:49:50.270-0500] {logging_mixin.py:188} INFO - [2025-07-18T11:49:50.270-0500] {dagbag.py:545} INFO - Filling up the DagBag from /home/abhiram/jobtrak-stack/venv/lib/python3.12/site-packages/airflow/example_dags/example_branch_day_of_week_operator.py
[2025-07-18T11:49:50.275-0500] {processor.py:840} INFO - DAG(s) 'example_weekday_branch_operator' retrieved from /home/abhiram/jobtrak-stack/venv/lib/python3.12/site-packages/airflow/example_dags/example_branch_day_of_week_operator.py
[2025-07-18T11:49:50.338-0500] {logging_mixin.py:188} INFO - [2025-07-18T11:49:50.338-0500] {dag.py:3096} INFO - Sync 1 DAGs
[2025-07-18T11:49:50.351-0500] {logging_mixin.py:188} INFO - [2025-07-18T11:49:50.351-0500] {dag.py:3954} INFO - Setting next_dagrun for example_weekday_branch_operator to 2025-07-17 00:00:00+00:00, run_after=2025-07-18 00:00:00+00:00
[2025-07-18T11:49:50.368-0500] {processor.py:183} INFO - Processing /home/abhiram/jobtrak-stack/venv/lib/python3.12/site-packages/airflow/example_dags/example_branch_day_of_week_operator.py took 0.103 seconds
[2025-07-18T11:50:20.937-0500] {processor.py:161} INFO - Started process (PID=1079) to work on /home/abhiram/jobtrak-stack/venv/lib/python3.12/site-packages/airflow/example_dags/example_branch_day_of_week_operator.py
[2025-07-18T11:50:20.938-0500] {processor.py:830} INFO - Processing file /home/abhiram/jobtrak-stack/venv/lib/python3.12/site-packages/airflow/example_dags/example_branch_day_of_week_operator.py for tasks to queue
[2025-07-18T11:50:20.939-0500] {logging_mixin.py:188} INFO - [2025-07-18T11:50:20.939-0500] {dagbag.py:545} INFO - Filling up the DagBag from /home/abhiram/jobtrak-stack/venv/lib/python3.12/site-packages/airflow/example_dags/example_branch_day_of_week_operator.py
[2025-07-18T11:50:20.944-0500] {processor.py:840} INFO - DAG(s) 'example_weekday_branch_operator' retrieved from /home/abhiram/jobtrak-stack/venv/lib/python3.12/site-packages/airflow/example_dags/example_branch_day_of_week_operator.py
[2025-07-18T11:50:20.963-0500] {logging_mixin.py:188} INFO - [2025-07-18T11:50:20.963-0500] {dag.py:3096} INFO - Sync 1 DAGs
[2025-07-18T11:50:20.978-0500] {logging_mixin.py:188} INFO - [2025-07-18T11:50:20.978-0500] {dag.py:3954} INFO - Setting next_dagrun for example_weekday_branch_operator to 2025-07-17 00:00:00+00:00, run_after=2025-07-18 00:00:00+00:00
[2025-07-18T11:50:20.996-0500] {processor.py:183} INFO - Processing /home/abhiram/jobtrak-stack/venv/lib/python3.12/site-packages/airflow/example_dags/example_branch_day_of_week_operator.py took 0.065 seconds
[2025-07-18T11:50:51.052-0500] {processor.py:161} INFO - Started process (PID=1188) to work on /home/abhiram/jobtrak-stack/venv/lib/python3.12/site-packages/airflow/example_dags/example_branch_day_of_week_operator.py
[2025-07-18T11:50:51.052-0500] {processor.py:830} INFO - Processing file /home/abhiram/jobtrak-stack/venv/lib/python3.12/site-packages/airflow/example_dags/example_branch_day_of_week_operator.py for tasks to queue
[2025-07-18T11:50:51.053-0500] {logging_mixin.py:188} INFO - [2025-07-18T11:50:51.053-0500] {dagbag.py:545} INFO - Filling up the DagBag from /home/abhiram/jobtrak-stack/venv/lib/python3.12/site-packages/airflow/example_dags/example_branch_day_of_week_operator.py
[2025-07-18T11:50:51.058-0500] {processor.py:840} INFO - DAG(s) 'example_weekday_branch_operator' retrieved from /home/abhiram/jobtrak-stack/venv/lib/python3.12/site-packages/airflow/example_dags/example_branch_day_of_week_operator.py
[2025-07-18T11:50:51.076-0500] {logging_mixin.py:188} INFO - [2025-07-18T11:50:51.076-0500] {dag.py:3096} INFO - Sync 1 DAGs
[2025-07-18T11:50:51.091-0500] {logging_mixin.py:188} INFO - [2025-07-18T11:50:51.091-0500] {dag.py:3954} INFO - Setting next_dagrun for example_weekday_branch_operator to 2025-07-17 00:00:00+00:00, run_after=2025-07-18 00:00:00+00:00
[2025-07-18T11:50:51.106-0500] {processor.py:183} INFO - Processing /home/abhiram/jobtrak-stack/venv/lib/python3.12/site-packages/airflow/example_dags/example_branch_day_of_week_operator.py took 0.058 seconds
[2025-07-18T11:51:21.215-0500] {processor.py:161} INFO - Started process (PID=1296) to work on /home/abhiram/jobtrak-stack/venv/lib/python3.12/site-packages/airflow/example_dags/example_branch_day_of_week_operator.py
[2025-07-18T11:51:21.226-0500] {processor.py:830} INFO - Processing file /home/abhiram/jobtrak-stack/venv/lib/python3.12/site-packages/airflow/example_dags/example_branch_day_of_week_operator.py for tasks to queue
[2025-07-18T11:51:21.227-0500] {logging_mixin.py:188} INFO - [2025-07-18T11:51:21.227-0500] {dagbag.py:545} INFO - Filling up the DagBag from /home/abhiram/jobtrak-stack/venv/lib/python3.12/site-packages/airflow/example_dags/example_branch_day_of_week_operator.py
[2025-07-18T11:51:21.233-0500] {processor.py:840} INFO - DAG(s) 'example_weekday_branch_operator' retrieved from /home/abhiram/jobtrak-stack/venv/lib/python3.12/site-packages/airflow/example_dags/example_branch_day_of_week_operator.py
[2025-07-18T11:51:21.250-0500] {logging_mixin.py:188} INFO - [2025-07-18T11:51:21.250-0500] {dag.py:3096} INFO - Sync 1 DAGs
[2025-07-18T11:51:21.266-0500] {logging_mixin.py:188} INFO - [2025-07-18T11:51:21.266-0500] {dag.py:3954} INFO - Setting next_dagrun for example_weekday_branch_operator to 2025-07-17 00:00:00+00:00, run_after=2025-07-18 00:00:00+00:00
[2025-07-18T11:51:21.279-0500] {processor.py:183} INFO - Processing /home/abhiram/jobtrak-stack/venv/lib/python3.12/site-packages/airflow/example_dags/example_branch_day_of_week_operator.py took 0.069 seconds
[2025-07-18T11:51:51.608-0500] {processor.py:161} INFO - Started process (PID=1401) to work on /home/abhiram/jobtrak-stack/venv/lib/python3.12/site-packages/airflow/example_dags/example_branch_day_of_week_operator.py
[2025-07-18T11:51:51.608-0500] {processor.py:830} INFO - Processing file /home/abhiram/jobtrak-stack/venv/lib/python3.12/site-packages/airflow/example_dags/example_branch_day_of_week_operator.py for tasks to queue
[2025-07-18T11:51:51.609-0500] {logging_mixin.py:188} INFO - [2025-07-18T11:51:51.609-0500] {dagbag.py:545} INFO - Filling up the DagBag from /home/abhiram/jobtrak-stack/venv/lib/python3.12/site-packages/airflow/example_dags/example_branch_day_of_week_operator.py
[2025-07-18T11:51:51.614-0500] {processor.py:840} INFO - DAG(s) 'example_weekday_branch_operator' retrieved from /home/abhiram/jobtrak-stack/venv/lib/python3.12/site-packages/airflow/example_dags/example_branch_day_of_week_operator.py
[2025-07-18T11:51:51.631-0500] {logging_mixin.py:188} INFO - [2025-07-18T11:51:51.631-0500] {dag.py:3096} INFO - Sync 1 DAGs
[2025-07-18T11:51:51.645-0500] {logging_mixin.py:188} INFO - [2025-07-18T11:51:51.645-0500] {dag.py:3954} INFO - Setting next_dagrun for example_weekday_branch_operator to 2025-07-17 00:00:00+00:00, run_after=2025-07-18 00:00:00+00:00
[2025-07-18T11:51:51.661-0500] {processor.py:183} INFO - Processing /home/abhiram/jobtrak-stack/venv/lib/python3.12/site-packages/airflow/example_dags/example_branch_day_of_week_operator.py took 0.057 seconds
[2025-07-18T12:32:16.024-0500] {processor.py:161} INFO - Started process (PID=1942) to work on /home/abhiram/jobtrak-stack/venv/lib/python3.12/site-packages/airflow/example_dags/example_branch_day_of_week_operator.py
[2025-07-18T12:32:16.025-0500] {processor.py:830} INFO - Processing file /home/abhiram/jobtrak-stack/venv/lib/python3.12/site-packages/airflow/example_dags/example_branch_day_of_week_operator.py for tasks to queue
[2025-07-18T12:32:16.026-0500] {logging_mixin.py:188} INFO - [2025-07-18T12:32:16.025-0500] {dagbag.py:545} INFO - Filling up the DagBag from /home/abhiram/jobtrak-stack/venv/lib/python3.12/site-packages/airflow/example_dags/example_branch_day_of_week_operator.py
[2025-07-18T12:32:16.031-0500] {processor.py:840} INFO - DAG(s) 'example_weekday_branch_operator' retrieved from /home/abhiram/jobtrak-stack/venv/lib/python3.12/site-packages/airflow/example_dags/example_branch_day_of_week_operator.py
[2025-07-18T12:32:16.054-0500] {logging_mixin.py:188} INFO - [2025-07-18T12:32:16.054-0500] {dag.py:3096} INFO - Sync 1 DAGs
[2025-07-18T12:32:16.069-0500] {logging_mixin.py:188} INFO - [2025-07-18T12:32:16.069-0500] {dag.py:3954} INFO - Setting next_dagrun for example_weekday_branch_operator to 2025-07-17 00:00:00+00:00, run_after=2025-07-18 00:00:00+00:00
[2025-07-18T12:32:16.084-0500] {processor.py:183} INFO - Processing /home/abhiram/jobtrak-stack/venv/lib/python3.12/site-packages/airflow/example_dags/example_branch_day_of_week_operator.py took 0.063 seconds
[2025-07-18T12:32:46.351-0500] {processor.py:161} INFO - Started process (PID=2071) to work on /home/abhiram/jobtrak-stack/venv/lib/python3.12/site-packages/airflow/example_dags/example_branch_day_of_week_operator.py
[2025-07-18T12:32:46.351-0500] {processor.py:830} INFO - Processing file /home/abhiram/jobtrak-stack/venv/lib/python3.12/site-packages/airflow/example_dags/example_branch_day_of_week_operator.py for tasks to queue
[2025-07-18T12:32:46.352-0500] {logging_mixin.py:188} INFO - [2025-07-18T12:32:46.352-0500] {dagbag.py:545} INFO - Filling up the DagBag from /home/abhiram/jobtrak-stack/venv/lib/python3.12/site-packages/airflow/example_dags/example_branch_day_of_week_operator.py
[2025-07-18T12:32:46.358-0500] {processor.py:840} INFO - DAG(s) 'example_weekday_branch_operator' retrieved from /home/abhiram/jobtrak-stack/venv/lib/python3.12/site-packages/airflow/example_dags/example_branch_day_of_week_operator.py
[2025-07-18T12:32:46.390-0500] {logging_mixin.py:188} INFO - [2025-07-18T12:32:46.390-0500] {dag.py:3096} INFO - Sync 1 DAGs
[2025-07-18T12:32:46.413-0500] {logging_mixin.py:188} INFO - [2025-07-18T12:32:46.413-0500] {dag.py:3954} INFO - Setting next_dagrun for example_weekday_branch_operator to 2025-07-17 00:00:00+00:00, run_after=2025-07-18 00:00:00+00:00
[2025-07-18T12:32:46.432-0500] {processor.py:183} INFO - Processing /home/abhiram/jobtrak-stack/venv/lib/python3.12/site-packages/airflow/example_dags/example_branch_day_of_week_operator.py took 0.084 seconds
[2025-07-18T12:33:16.497-0500] {processor.py:161} INFO - Started process (PID=2190) to work on /home/abhiram/jobtrak-stack/venv/lib/python3.12/site-packages/airflow/example_dags/example_branch_day_of_week_operator.py
[2025-07-18T12:33:16.499-0500] {processor.py:830} INFO - Processing file /home/abhiram/jobtrak-stack/venv/lib/python3.12/site-packages/airflow/example_dags/example_branch_day_of_week_operator.py for tasks to queue
[2025-07-18T12:33:16.500-0500] {logging_mixin.py:188} INFO - [2025-07-18T12:33:16.499-0500] {dagbag.py:545} INFO - Filling up the DagBag from /home/abhiram/jobtrak-stack/venv/lib/python3.12/site-packages/airflow/example_dags/example_branch_day_of_week_operator.py
[2025-07-18T12:33:16.506-0500] {processor.py:840} INFO - DAG(s) 'example_weekday_branch_operator' retrieved from /home/abhiram/jobtrak-stack/venv/lib/python3.12/site-packages/airflow/example_dags/example_branch_day_of_week_operator.py
[2025-07-18T12:33:16.527-0500] {logging_mixin.py:188} INFO - [2025-07-18T12:33:16.526-0500] {dag.py:3096} INFO - Sync 1 DAGs
[2025-07-18T12:33:16.548-0500] {logging_mixin.py:188} INFO - [2025-07-18T12:33:16.548-0500] {dag.py:3954} INFO - Setting next_dagrun for example_weekday_branch_operator to 2025-07-17 00:00:00+00:00, run_after=2025-07-18 00:00:00+00:00
[2025-07-18T12:33:16.562-0500] {processor.py:183} INFO - Processing /home/abhiram/jobtrak-stack/venv/lib/python3.12/site-packages/airflow/example_dags/example_branch_day_of_week_operator.py took 0.068 seconds
[2025-07-18T12:33:46.775-0500] {processor.py:161} INFO - Started process (PID=2302) to work on /home/abhiram/jobtrak-stack/venv/lib/python3.12/site-packages/airflow/example_dags/example_branch_day_of_week_operator.py
[2025-07-18T12:33:46.775-0500] {processor.py:830} INFO - Processing file /home/abhiram/jobtrak-stack/venv/lib/python3.12/site-packages/airflow/example_dags/example_branch_day_of_week_operator.py for tasks to queue
[2025-07-18T12:33:46.776-0500] {logging_mixin.py:188} INFO - [2025-07-18T12:33:46.776-0500] {dagbag.py:545} INFO - Filling up the DagBag from /home/abhiram/jobtrak-stack/venv/lib/python3.12/site-packages/airflow/example_dags/example_branch_day_of_week_operator.py
[2025-07-18T12:33:46.781-0500] {processor.py:840} INFO - DAG(s) 'example_weekday_branch_operator' retrieved from /home/abhiram/jobtrak-stack/venv/lib/python3.12/site-packages/airflow/example_dags/example_branch_day_of_week_operator.py
[2025-07-18T12:33:46.799-0500] {logging_mixin.py:188} INFO - [2025-07-18T12:33:46.799-0500] {dag.py:3096} INFO - Sync 1 DAGs
[2025-07-18T12:33:46.816-0500] {logging_mixin.py:188} INFO - [2025-07-18T12:33:46.816-0500] {dag.py:3954} INFO - Setting next_dagrun for example_weekday_branch_operator to 2025-07-17 00:00:00+00:00, run_after=2025-07-18 00:00:00+00:00
[2025-07-18T12:33:46.832-0500] {processor.py:183} INFO - Processing /home/abhiram/jobtrak-stack/venv/lib/python3.12/site-packages/airflow/example_dags/example_branch_day_of_week_operator.py took 0.062 seconds
[2025-07-18T12:34:17.254-0500] {processor.py:161} INFO - Started process (PID=2410) to work on /home/abhiram/jobtrak-stack/venv/lib/python3.12/site-packages/airflow/example_dags/example_branch_day_of_week_operator.py
[2025-07-18T12:34:17.255-0500] {processor.py:830} INFO - Processing file /home/abhiram/jobtrak-stack/venv/lib/python3.12/site-packages/airflow/example_dags/example_branch_day_of_week_operator.py for tasks to queue
[2025-07-18T12:34:17.257-0500] {logging_mixin.py:188} INFO - [2025-07-18T12:34:17.257-0500] {dagbag.py:545} INFO - Filling up the DagBag from /home/abhiram/jobtrak-stack/venv/lib/python3.12/site-packages/airflow/example_dags/example_branch_day_of_week_operator.py
[2025-07-18T12:34:17.262-0500] {processor.py:840} INFO - DAG(s) 'example_weekday_branch_operator' retrieved from /home/abhiram/jobtrak-stack/venv/lib/python3.12/site-packages/airflow/example_dags/example_branch_day_of_week_operator.py
[2025-07-18T12:34:17.283-0500] {logging_mixin.py:188} INFO - [2025-07-18T12:34:17.283-0500] {dag.py:3096} INFO - Sync 1 DAGs
[2025-07-18T12:34:17.299-0500] {logging_mixin.py:188} INFO - [2025-07-18T12:34:17.299-0500] {dag.py:3954} INFO - Setting next_dagrun for example_weekday_branch_operator to 2025-07-17 00:00:00+00:00, run_after=2025-07-18 00:00:00+00:00
[2025-07-18T12:34:17.317-0500] {processor.py:183} INFO - Processing /home/abhiram/jobtrak-stack/venv/lib/python3.12/site-packages/airflow/example_dags/example_branch_day_of_week_operator.py took 0.067 seconds
[2025-07-18T12:34:47.813-0500] {processor.py:161} INFO - Started process (PID=2518) to work on /home/abhiram/jobtrak-stack/venv/lib/python3.12/site-packages/airflow/example_dags/example_branch_day_of_week_operator.py
[2025-07-18T12:34:47.814-0500] {processor.py:830} INFO - Processing file /home/abhiram/jobtrak-stack/venv/lib/python3.12/site-packages/airflow/example_dags/example_branch_day_of_week_operator.py for tasks to queue
[2025-07-18T12:34:47.820-0500] {logging_mixin.py:188} INFO - [2025-07-18T12:34:47.815-0500] {dagbag.py:545} INFO - Filling up the DagBag from /home/abhiram/jobtrak-stack/venv/lib/python3.12/site-packages/airflow/example_dags/example_branch_day_of_week_operator.py
[2025-07-18T12:34:47.825-0500] {processor.py:840} INFO - DAG(s) 'example_weekday_branch_operator' retrieved from /home/abhiram/jobtrak-stack/venv/lib/python3.12/site-packages/airflow/example_dags/example_branch_day_of_week_operator.py
[2025-07-18T12:34:47.842-0500] {logging_mixin.py:188} INFO - [2025-07-18T12:34:47.842-0500] {dag.py:3096} INFO - Sync 1 DAGs
[2025-07-18T12:34:47.857-0500] {logging_mixin.py:188} INFO - [2025-07-18T12:34:47.857-0500] {dag.py:3954} INFO - Setting next_dagrun for example_weekday_branch_operator to 2025-07-17 00:00:00+00:00, run_after=2025-07-18 00:00:00+00:00
[2025-07-18T12:34:47.871-0500] {processor.py:183} INFO - Processing /home/abhiram/jobtrak-stack/venv/lib/python3.12/site-packages/airflow/example_dags/example_branch_day_of_week_operator.py took 0.061 seconds
[2025-07-18T12:35:18.401-0500] {processor.py:161} INFO - Started process (PID=2629) to work on /home/abhiram/jobtrak-stack/venv/lib/python3.12/site-packages/airflow/example_dags/example_branch_day_of_week_operator.py
[2025-07-18T12:35:18.404-0500] {processor.py:830} INFO - Processing file /home/abhiram/jobtrak-stack/venv/lib/python3.12/site-packages/airflow/example_dags/example_branch_day_of_week_operator.py for tasks to queue
[2025-07-18T12:35:18.406-0500] {logging_mixin.py:188} INFO - [2025-07-18T12:35:18.406-0500] {dagbag.py:545} INFO - Filling up the DagBag from /home/abhiram/jobtrak-stack/venv/lib/python3.12/site-packages/airflow/example_dags/example_branch_day_of_week_operator.py
[2025-07-18T12:35:18.414-0500] {processor.py:840} INFO - DAG(s) 'example_weekday_branch_operator' retrieved from /home/abhiram/jobtrak-stack/venv/lib/python3.12/site-packages/airflow/example_dags/example_branch_day_of_week_operator.py
[2025-07-18T12:35:18.442-0500] {logging_mixin.py:188} INFO - [2025-07-18T12:35:18.441-0500] {dag.py:3096} INFO - Sync 1 DAGs
[2025-07-18T12:35:18.462-0500] {logging_mixin.py:188} INFO - [2025-07-18T12:35:18.462-0500] {dag.py:3954} INFO - Setting next_dagrun for example_weekday_branch_operator to 2025-07-17 00:00:00+00:00, run_after=2025-07-18 00:00:00+00:00
[2025-07-18T12:35:18.484-0500] {processor.py:183} INFO - Processing /home/abhiram/jobtrak-stack/venv/lib/python3.12/site-packages/airflow/example_dags/example_branch_day_of_week_operator.py took 0.092 seconds
[2025-07-18T12:35:48.572-0500] {processor.py:161} INFO - Started process (PID=2734) to work on /home/abhiram/jobtrak-stack/venv/lib/python3.12/site-packages/airflow/example_dags/example_branch_day_of_week_operator.py
[2025-07-18T12:35:48.572-0500] {processor.py:830} INFO - Processing file /home/abhiram/jobtrak-stack/venv/lib/python3.12/site-packages/airflow/example_dags/example_branch_day_of_week_operator.py for tasks to queue
[2025-07-18T12:35:48.573-0500] {logging_mixin.py:188} INFO - [2025-07-18T12:35:48.573-0500] {dagbag.py:545} INFO - Filling up the DagBag from /home/abhiram/jobtrak-stack/venv/lib/python3.12/site-packages/airflow/example_dags/example_branch_day_of_week_operator.py
[2025-07-18T12:35:48.578-0500] {processor.py:840} INFO - DAG(s) 'example_weekday_branch_operator' retrieved from /home/abhiram/jobtrak-stack/venv/lib/python3.12/site-packages/airflow/example_dags/example_branch_day_of_week_operator.py
[2025-07-18T12:35:48.594-0500] {logging_mixin.py:188} INFO - [2025-07-18T12:35:48.594-0500] {dag.py:3096} INFO - Sync 1 DAGs
[2025-07-18T12:35:48.607-0500] {logging_mixin.py:188} INFO - [2025-07-18T12:35:48.607-0500] {dag.py:3954} INFO - Setting next_dagrun for example_weekday_branch_operator to 2025-07-17 00:00:00+00:00, run_after=2025-07-18 00:00:00+00:00
[2025-07-18T12:35:48.623-0500] {processor.py:183} INFO - Processing /home/abhiram/jobtrak-stack/venv/lib/python3.12/site-packages/airflow/example_dags/example_branch_day_of_week_operator.py took 0.056 seconds
[2025-07-18T12:36:19.100-0500] {processor.py:161} INFO - Started process (PID=2841) to work on /home/abhiram/jobtrak-stack/venv/lib/python3.12/site-packages/airflow/example_dags/example_branch_day_of_week_operator.py
[2025-07-18T12:36:19.101-0500] {processor.py:830} INFO - Processing file /home/abhiram/jobtrak-stack/venv/lib/python3.12/site-packages/airflow/example_dags/example_branch_day_of_week_operator.py for tasks to queue
[2025-07-18T12:36:19.102-0500] {logging_mixin.py:188} INFO - [2025-07-18T12:36:19.102-0500] {dagbag.py:545} INFO - Filling up the DagBag from /home/abhiram/jobtrak-stack/venv/lib/python3.12/site-packages/airflow/example_dags/example_branch_day_of_week_operator.py
[2025-07-18T12:36:19.107-0500] {processor.py:840} INFO - DAG(s) 'example_weekday_branch_operator' retrieved from /home/abhiram/jobtrak-stack/venv/lib/python3.12/site-packages/airflow/example_dags/example_branch_day_of_week_operator.py
[2025-07-18T12:36:19.126-0500] {logging_mixin.py:188} INFO - [2025-07-18T12:36:19.126-0500] {dag.py:3096} INFO - Sync 1 DAGs
[2025-07-18T12:36:19.142-0500] {logging_mixin.py:188} INFO - [2025-07-18T12:36:19.142-0500] {dag.py:3954} INFO - Setting next_dagrun for example_weekday_branch_operator to 2025-07-17 00:00:00+00:00, run_after=2025-07-18 00:00:00+00:00
[2025-07-18T12:36:19.158-0500] {processor.py:183} INFO - Processing /home/abhiram/jobtrak-stack/venv/lib/python3.12/site-packages/airflow/example_dags/example_branch_day_of_week_operator.py took 0.061 seconds
[2025-07-18T12:36:49.515-0500] {processor.py:161} INFO - Started process (PID=2957) to work on /home/abhiram/jobtrak-stack/venv/lib/python3.12/site-packages/airflow/example_dags/example_branch_day_of_week_operator.py
[2025-07-18T12:36:49.515-0500] {processor.py:830} INFO - Processing file /home/abhiram/jobtrak-stack/venv/lib/python3.12/site-packages/airflow/example_dags/example_branch_day_of_week_operator.py for tasks to queue
[2025-07-18T12:36:49.516-0500] {logging_mixin.py:188} INFO - [2025-07-18T12:36:49.516-0500] {dagbag.py:545} INFO - Filling up the DagBag from /home/abhiram/jobtrak-stack/venv/lib/python3.12/site-packages/airflow/example_dags/example_branch_day_of_week_operator.py
[2025-07-18T12:36:49.521-0500] {processor.py:840} INFO - DAG(s) 'example_weekday_branch_operator' retrieved from /home/abhiram/jobtrak-stack/venv/lib/python3.12/site-packages/airflow/example_dags/example_branch_day_of_week_operator.py
[2025-07-18T12:36:49.539-0500] {logging_mixin.py:188} INFO - [2025-07-18T12:36:49.539-0500] {dag.py:3096} INFO - Sync 1 DAGs
[2025-07-18T12:36:49.554-0500] {logging_mixin.py:188} INFO - [2025-07-18T12:36:49.553-0500] {dag.py:3954} INFO - Setting next_dagrun for example_weekday_branch_operator to 2025-07-17 00:00:00+00:00, run_after=2025-07-18 00:00:00+00:00
[2025-07-18T12:36:49.571-0500] {processor.py:183} INFO - Processing /home/abhiram/jobtrak-stack/venv/lib/python3.12/site-packages/airflow/example_dags/example_branch_day_of_week_operator.py took 0.061 seconds
[2025-07-18T12:37:19.790-0500] {processor.py:161} INFO - Started process (PID=3172) to work on /home/abhiram/jobtrak-stack/venv/lib/python3.12/site-packages/airflow/example_dags/example_branch_day_of_week_operator.py
[2025-07-18T12:37:19.792-0500] {processor.py:830} INFO - Processing file /home/abhiram/jobtrak-stack/venv/lib/python3.12/site-packages/airflow/example_dags/example_branch_day_of_week_operator.py for tasks to queue
[2025-07-18T12:37:19.794-0500] {logging_mixin.py:188} INFO - [2025-07-18T12:37:19.794-0500] {dagbag.py:545} INFO - Filling up the DagBag from /home/abhiram/jobtrak-stack/venv/lib/python3.12/site-packages/airflow/example_dags/example_branch_day_of_week_operator.py
[2025-07-18T12:37:19.799-0500] {processor.py:840} INFO - DAG(s) 'example_weekday_branch_operator' retrieved from /home/abhiram/jobtrak-stack/venv/lib/python3.12/site-packages/airflow/example_dags/example_branch_day_of_week_operator.py
[2025-07-18T12:37:19.819-0500] {logging_mixin.py:188} INFO - [2025-07-18T12:37:19.819-0500] {dag.py:3096} INFO - Sync 1 DAGs
[2025-07-18T12:37:19.835-0500] {logging_mixin.py:188} INFO - [2025-07-18T12:37:19.835-0500] {dag.py:3954} INFO - Setting next_dagrun for example_weekday_branch_operator to 2025-07-17 00:00:00+00:00, run_after=2025-07-18 00:00:00+00:00
[2025-07-18T12:37:19.851-0500] {processor.py:183} INFO - Processing /home/abhiram/jobtrak-stack/venv/lib/python3.12/site-packages/airflow/example_dags/example_branch_day_of_week_operator.py took 0.065 seconds
[2025-07-18T12:37:50.164-0500] {processor.py:161} INFO - Started process (PID=3280) to work on /home/abhiram/jobtrak-stack/venv/lib/python3.12/site-packages/airflow/example_dags/example_branch_day_of_week_operator.py
[2025-07-18T12:37:50.165-0500] {processor.py:830} INFO - Processing file /home/abhiram/jobtrak-stack/venv/lib/python3.12/site-packages/airflow/example_dags/example_branch_day_of_week_operator.py for tasks to queue
[2025-07-18T12:37:50.166-0500] {logging_mixin.py:188} INFO - [2025-07-18T12:37:50.166-0500] {dagbag.py:545} INFO - Filling up the DagBag from /home/abhiram/jobtrak-stack/venv/lib/python3.12/site-packages/airflow/example_dags/example_branch_day_of_week_operator.py
[2025-07-18T12:37:50.171-0500] {processor.py:840} INFO - DAG(s) 'example_weekday_branch_operator' retrieved from /home/abhiram/jobtrak-stack/venv/lib/python3.12/site-packages/airflow/example_dags/example_branch_day_of_week_operator.py
[2025-07-18T12:37:50.189-0500] {logging_mixin.py:188} INFO - [2025-07-18T12:37:50.189-0500] {dag.py:3096} INFO - Sync 1 DAGs
[2025-07-18T12:37:50.204-0500] {logging_mixin.py:188} INFO - [2025-07-18T12:37:50.203-0500] {dag.py:3954} INFO - Setting next_dagrun for example_weekday_branch_operator to 2025-07-17 00:00:00+00:00, run_after=2025-07-18 00:00:00+00:00
[2025-07-18T12:37:50.219-0500] {processor.py:183} INFO - Processing /home/abhiram/jobtrak-stack/venv/lib/python3.12/site-packages/airflow/example_dags/example_branch_day_of_week_operator.py took 0.058 seconds
[2025-07-18T12:38:20.482-0500] {processor.py:161} INFO - Started process (PID=3387) to work on /home/abhiram/jobtrak-stack/venv/lib/python3.12/site-packages/airflow/example_dags/example_branch_day_of_week_operator.py
[2025-07-18T12:38:20.483-0500] {processor.py:830} INFO - Processing file /home/abhiram/jobtrak-stack/venv/lib/python3.12/site-packages/airflow/example_dags/example_branch_day_of_week_operator.py for tasks to queue
[2025-07-18T12:38:20.483-0500] {logging_mixin.py:188} INFO - [2025-07-18T12:38:20.483-0500] {dagbag.py:545} INFO - Filling up the DagBag from /home/abhiram/jobtrak-stack/venv/lib/python3.12/site-packages/airflow/example_dags/example_branch_day_of_week_operator.py
[2025-07-18T12:38:20.489-0500] {processor.py:840} INFO - DAG(s) 'example_weekday_branch_operator' retrieved from /home/abhiram/jobtrak-stack/venv/lib/python3.12/site-packages/airflow/example_dags/example_branch_day_of_week_operator.py
[2025-07-18T12:38:20.509-0500] {logging_mixin.py:188} INFO - [2025-07-18T12:38:20.509-0500] {dag.py:3096} INFO - Sync 1 DAGs
[2025-07-18T12:38:20.527-0500] {logging_mixin.py:188} INFO - [2025-07-18T12:38:20.527-0500] {dag.py:3954} INFO - Setting next_dagrun for example_weekday_branch_operator to 2025-07-17 00:00:00+00:00, run_after=2025-07-18 00:00:00+00:00
[2025-07-18T12:38:20.542-0500] {processor.py:183} INFO - Processing /home/abhiram/jobtrak-stack/venv/lib/python3.12/site-packages/airflow/example_dags/example_branch_day_of_week_operator.py took 0.065 seconds
[2025-07-18T12:38:50.908-0500] {processor.py:161} INFO - Started process (PID=3495) to work on /home/abhiram/jobtrak-stack/venv/lib/python3.12/site-packages/airflow/example_dags/example_branch_day_of_week_operator.py
[2025-07-18T12:38:50.910-0500] {processor.py:830} INFO - Processing file /home/abhiram/jobtrak-stack/venv/lib/python3.12/site-packages/airflow/example_dags/example_branch_day_of_week_operator.py for tasks to queue
[2025-07-18T12:38:50.911-0500] {logging_mixin.py:188} INFO - [2025-07-18T12:38:50.911-0500] {dagbag.py:545} INFO - Filling up the DagBag from /home/abhiram/jobtrak-stack/venv/lib/python3.12/site-packages/airflow/example_dags/example_branch_day_of_week_operator.py
[2025-07-18T12:38:50.915-0500] {processor.py:840} INFO - DAG(s) 'example_weekday_branch_operator' retrieved from /home/abhiram/jobtrak-stack/venv/lib/python3.12/site-packages/airflow/example_dags/example_branch_day_of_week_operator.py
[2025-07-18T12:38:50.933-0500] {logging_mixin.py:188} INFO - [2025-07-18T12:38:50.933-0500] {dag.py:3096} INFO - Sync 1 DAGs
[2025-07-18T12:38:50.950-0500] {logging_mixin.py:188} INFO - [2025-07-18T12:38:50.950-0500] {dag.py:3954} INFO - Setting next_dagrun for example_weekday_branch_operator to 2025-07-17 00:00:00+00:00, run_after=2025-07-18 00:00:00+00:00
[2025-07-18T12:38:50.966-0500] {processor.py:183} INFO - Processing /home/abhiram/jobtrak-stack/venv/lib/python3.12/site-packages/airflow/example_dags/example_branch_day_of_week_operator.py took 0.061 seconds
[2025-07-18T12:39:21.169-0500] {processor.py:161} INFO - Started process (PID=3602) to work on /home/abhiram/jobtrak-stack/venv/lib/python3.12/site-packages/airflow/example_dags/example_branch_day_of_week_operator.py
[2025-07-18T12:39:21.170-0500] {processor.py:830} INFO - Processing file /home/abhiram/jobtrak-stack/venv/lib/python3.12/site-packages/airflow/example_dags/example_branch_day_of_week_operator.py for tasks to queue
[2025-07-18T12:39:21.171-0500] {logging_mixin.py:188} INFO - [2025-07-18T12:39:21.171-0500] {dagbag.py:545} INFO - Filling up the DagBag from /home/abhiram/jobtrak-stack/venv/lib/python3.12/site-packages/airflow/example_dags/example_branch_day_of_week_operator.py
[2025-07-18T12:39:21.176-0500] {processor.py:840} INFO - DAG(s) 'example_weekday_branch_operator' retrieved from /home/abhiram/jobtrak-stack/venv/lib/python3.12/site-packages/airflow/example_dags/example_branch_day_of_week_operator.py
[2025-07-18T12:39:21.202-0500] {logging_mixin.py:188} INFO - [2025-07-18T12:39:21.201-0500] {dag.py:3096} INFO - Sync 1 DAGs
[2025-07-18T12:39:21.217-0500] {logging_mixin.py:188} INFO - [2025-07-18T12:39:21.217-0500] {dag.py:3954} INFO - Setting next_dagrun for example_weekday_branch_operator to 2025-07-17 00:00:00+00:00, run_after=2025-07-18 00:00:00+00:00
[2025-07-18T12:39:21.231-0500] {processor.py:183} INFO - Processing /home/abhiram/jobtrak-stack/venv/lib/python3.12/site-packages/airflow/example_dags/example_branch_day_of_week_operator.py took 0.065 seconds
[2025-07-18T12:39:51.380-0500] {processor.py:161} INFO - Started process (PID=3708) to work on /home/abhiram/jobtrak-stack/venv/lib/python3.12/site-packages/airflow/example_dags/example_branch_day_of_week_operator.py
[2025-07-18T12:39:51.380-0500] {processor.py:830} INFO - Processing file /home/abhiram/jobtrak-stack/venv/lib/python3.12/site-packages/airflow/example_dags/example_branch_day_of_week_operator.py for tasks to queue
[2025-07-18T12:39:51.381-0500] {logging_mixin.py:188} INFO - [2025-07-18T12:39:51.381-0500] {dagbag.py:545} INFO - Filling up the DagBag from /home/abhiram/jobtrak-stack/venv/lib/python3.12/site-packages/airflow/example_dags/example_branch_day_of_week_operator.py
[2025-07-18T12:39:51.386-0500] {processor.py:840} INFO - DAG(s) 'example_weekday_branch_operator' retrieved from /home/abhiram/jobtrak-stack/venv/lib/python3.12/site-packages/airflow/example_dags/example_branch_day_of_week_operator.py
[2025-07-18T12:39:51.405-0500] {logging_mixin.py:188} INFO - [2025-07-18T12:39:51.405-0500] {dag.py:3096} INFO - Sync 1 DAGs
[2025-07-18T12:39:51.422-0500] {logging_mixin.py:188} INFO - [2025-07-18T12:39:51.422-0500] {dag.py:3954} INFO - Setting next_dagrun for example_weekday_branch_operator to 2025-07-17 00:00:00+00:00, run_after=2025-07-18 00:00:00+00:00
[2025-07-18T12:39:51.438-0500] {processor.py:183} INFO - Processing /home/abhiram/jobtrak-stack/venv/lib/python3.12/site-packages/airflow/example_dags/example_branch_day_of_week_operator.py took 0.062 seconds
[2025-07-18T12:40:22.553-0500] {processor.py:161} INFO - Started process (PID=3827) to work on /home/abhiram/jobtrak-stack/venv/lib/python3.12/site-packages/airflow/example_dags/example_branch_day_of_week_operator.py
[2025-07-18T12:40:22.555-0500] {processor.py:830} INFO - Processing file /home/abhiram/jobtrak-stack/venv/lib/python3.12/site-packages/airflow/example_dags/example_branch_day_of_week_operator.py for tasks to queue
[2025-07-18T12:40:22.556-0500] {logging_mixin.py:188} INFO - [2025-07-18T12:40:22.556-0500] {dagbag.py:545} INFO - Filling up the DagBag from /home/abhiram/jobtrak-stack/venv/lib/python3.12/site-packages/airflow/example_dags/example_branch_day_of_week_operator.py
[2025-07-18T12:40:22.561-0500] {processor.py:840} INFO - DAG(s) 'example_weekday_branch_operator' retrieved from /home/abhiram/jobtrak-stack/venv/lib/python3.12/site-packages/airflow/example_dags/example_branch_day_of_week_operator.py
[2025-07-18T12:40:22.577-0500] {logging_mixin.py:188} INFO - [2025-07-18T12:40:22.577-0500] {dag.py:3096} INFO - Sync 1 DAGs
[2025-07-18T12:40:22.593-0500] {logging_mixin.py:188} INFO - [2025-07-18T12:40:22.592-0500] {dag.py:3954} INFO - Setting next_dagrun for example_weekday_branch_operator to 2025-07-17 00:00:00+00:00, run_after=2025-07-18 00:00:00+00:00
[2025-07-18T12:40:22.609-0500] {processor.py:183} INFO - Processing /home/abhiram/jobtrak-stack/venv/lib/python3.12/site-packages/airflow/example_dags/example_branch_day_of_week_operator.py took 0.059 seconds
[2025-07-18T12:40:31.850-0500] {processor.py:161} INFO - Started process (PID=3900) to work on /home/abhiram/jobtrak-stack/venv/lib/python3.12/site-packages/airflow/example_dags/example_branch_day_of_week_operator.py
[2025-07-18T12:40:31.851-0500] {processor.py:830} INFO - Processing file /home/abhiram/jobtrak-stack/venv/lib/python3.12/site-packages/airflow/example_dags/example_branch_day_of_week_operator.py for tasks to queue
[2025-07-18T12:40:31.852-0500] {logging_mixin.py:188} INFO - [2025-07-18T12:40:31.851-0500] {dagbag.py:545} INFO - Filling up the DagBag from /home/abhiram/jobtrak-stack/venv/lib/python3.12/site-packages/airflow/example_dags/example_branch_day_of_week_operator.py
[2025-07-18T12:40:31.857-0500] {processor.py:840} INFO - DAG(s) 'example_weekday_branch_operator' retrieved from /home/abhiram/jobtrak-stack/venv/lib/python3.12/site-packages/airflow/example_dags/example_branch_day_of_week_operator.py
[2025-07-18T12:40:31.892-0500] {logging_mixin.py:188} INFO - [2025-07-18T12:40:31.891-0500] {dag.py:3096} INFO - Sync 1 DAGs
[2025-07-18T12:40:31.907-0500] {logging_mixin.py:188} INFO - [2025-07-18T12:40:31.907-0500] {dag.py:3954} INFO - Setting next_dagrun for example_weekday_branch_operator to 2025-07-17 00:00:00+00:00, run_after=2025-07-18 00:00:00+00:00
[2025-07-18T12:40:31.920-0500] {processor.py:183} INFO - Processing /home/abhiram/jobtrak-stack/venv/lib/python3.12/site-packages/airflow/example_dags/example_branch_day_of_week_operator.py took 0.074 seconds
[2025-07-18T12:41:02.300-0500] {processor.py:161} INFO - Started process (PID=4023) to work on /home/abhiram/jobtrak-stack/venv/lib/python3.12/site-packages/airflow/example_dags/example_branch_day_of_week_operator.py
[2025-07-18T12:41:02.301-0500] {processor.py:830} INFO - Processing file /home/abhiram/jobtrak-stack/venv/lib/python3.12/site-packages/airflow/example_dags/example_branch_day_of_week_operator.py for tasks to queue
[2025-07-18T12:41:02.302-0500] {logging_mixin.py:188} INFO - [2025-07-18T12:41:02.302-0500] {dagbag.py:545} INFO - Filling up the DagBag from /home/abhiram/jobtrak-stack/venv/lib/python3.12/site-packages/airflow/example_dags/example_branch_day_of_week_operator.py
[2025-07-18T12:41:02.307-0500] {processor.py:840} INFO - DAG(s) 'example_weekday_branch_operator' retrieved from /home/abhiram/jobtrak-stack/venv/lib/python3.12/site-packages/airflow/example_dags/example_branch_day_of_week_operator.py
[2025-07-18T12:41:02.324-0500] {logging_mixin.py:188} INFO - [2025-07-18T12:41:02.323-0500] {dag.py:3096} INFO - Sync 1 DAGs
[2025-07-18T12:41:02.338-0500] {logging_mixin.py:188} INFO - [2025-07-18T12:41:02.337-0500] {dag.py:3954} INFO - Setting next_dagrun for example_weekday_branch_operator to 2025-07-17 00:00:00+00:00, run_after=2025-07-18 00:00:00+00:00
[2025-07-18T12:41:02.352-0500] {processor.py:183} INFO - Processing /home/abhiram/jobtrak-stack/venv/lib/python3.12/site-packages/airflow/example_dags/example_branch_day_of_week_operator.py took 0.057 seconds
[2025-07-18T12:41:32.793-0500] {processor.py:161} INFO - Started process (PID=4188) to work on /home/abhiram/jobtrak-stack/venv/lib/python3.12/site-packages/airflow/example_dags/example_branch_day_of_week_operator.py
[2025-07-18T12:41:32.793-0500] {processor.py:830} INFO - Processing file /home/abhiram/jobtrak-stack/venv/lib/python3.12/site-packages/airflow/example_dags/example_branch_day_of_week_operator.py for tasks to queue
[2025-07-18T12:41:32.794-0500] {logging_mixin.py:188} INFO - [2025-07-18T12:41:32.794-0500] {dagbag.py:545} INFO - Filling up the DagBag from /home/abhiram/jobtrak-stack/venv/lib/python3.12/site-packages/airflow/example_dags/example_branch_day_of_week_operator.py
[2025-07-18T12:41:32.799-0500] {processor.py:840} INFO - DAG(s) 'example_weekday_branch_operator' retrieved from /home/abhiram/jobtrak-stack/venv/lib/python3.12/site-packages/airflow/example_dags/example_branch_day_of_week_operator.py
[2025-07-18T12:41:32.817-0500] {logging_mixin.py:188} INFO - [2025-07-18T12:41:32.817-0500] {dag.py:3096} INFO - Sync 1 DAGs
[2025-07-18T12:41:32.833-0500] {logging_mixin.py:188} INFO - [2025-07-18T12:41:32.833-0500] {dag.py:3954} INFO - Setting next_dagrun for example_weekday_branch_operator to 2025-07-17 00:00:00+00:00, run_after=2025-07-18 00:00:00+00:00
[2025-07-18T12:41:32.852-0500] {processor.py:183} INFO - Processing /home/abhiram/jobtrak-stack/venv/lib/python3.12/site-packages/airflow/example_dags/example_branch_day_of_week_operator.py took 0.062 seconds
[2025-07-18T12:42:03.402-0500] {processor.py:161} INFO - Started process (PID=4296) to work on /home/abhiram/jobtrak-stack/venv/lib/python3.12/site-packages/airflow/example_dags/example_branch_day_of_week_operator.py
[2025-07-18T12:42:03.404-0500] {processor.py:830} INFO - Processing file /home/abhiram/jobtrak-stack/venv/lib/python3.12/site-packages/airflow/example_dags/example_branch_day_of_week_operator.py for tasks to queue
[2025-07-18T12:42:03.405-0500] {logging_mixin.py:188} INFO - [2025-07-18T12:42:03.405-0500] {dagbag.py:545} INFO - Filling up the DagBag from /home/abhiram/jobtrak-stack/venv/lib/python3.12/site-packages/airflow/example_dags/example_branch_day_of_week_operator.py
[2025-07-18T12:42:03.415-0500] {processor.py:840} INFO - DAG(s) 'example_weekday_branch_operator' retrieved from /home/abhiram/jobtrak-stack/venv/lib/python3.12/site-packages/airflow/example_dags/example_branch_day_of_week_operator.py
[2025-07-18T12:42:03.434-0500] {logging_mixin.py:188} INFO - [2025-07-18T12:42:03.434-0500] {dag.py:3096} INFO - Sync 1 DAGs
[2025-07-18T12:42:03.451-0500] {logging_mixin.py:188} INFO - [2025-07-18T12:42:03.451-0500] {dag.py:3954} INFO - Setting next_dagrun for example_weekday_branch_operator to 2025-07-17 00:00:00+00:00, run_after=2025-07-18 00:00:00+00:00
[2025-07-18T12:42:03.471-0500] {processor.py:183} INFO - Processing /home/abhiram/jobtrak-stack/venv/lib/python3.12/site-packages/airflow/example_dags/example_branch_day_of_week_operator.py took 0.073 seconds
[2025-07-18T12:42:33.869-0500] {processor.py:161} INFO - Started process (PID=4404) to work on /home/abhiram/jobtrak-stack/venv/lib/python3.12/site-packages/airflow/example_dags/example_branch_day_of_week_operator.py
[2025-07-18T12:42:33.870-0500] {processor.py:830} INFO - Processing file /home/abhiram/jobtrak-stack/venv/lib/python3.12/site-packages/airflow/example_dags/example_branch_day_of_week_operator.py for tasks to queue
[2025-07-18T12:42:33.871-0500] {logging_mixin.py:188} INFO - [2025-07-18T12:42:33.871-0500] {dagbag.py:545} INFO - Filling up the DagBag from /home/abhiram/jobtrak-stack/venv/lib/python3.12/site-packages/airflow/example_dags/example_branch_day_of_week_operator.py
[2025-07-18T12:42:33.876-0500] {processor.py:840} INFO - DAG(s) 'example_weekday_branch_operator' retrieved from /home/abhiram/jobtrak-stack/venv/lib/python3.12/site-packages/airflow/example_dags/example_branch_day_of_week_operator.py
[2025-07-18T12:42:33.893-0500] {logging_mixin.py:188} INFO - [2025-07-18T12:42:33.893-0500] {dag.py:3096} INFO - Sync 1 DAGs
[2025-07-18T12:42:33.907-0500] {logging_mixin.py:188} INFO - [2025-07-18T12:42:33.907-0500] {dag.py:3954} INFO - Setting next_dagrun for example_weekday_branch_operator to 2025-07-17 00:00:00+00:00, run_after=2025-07-18 00:00:00+00:00
[2025-07-18T12:42:33.920-0500] {processor.py:183} INFO - Processing /home/abhiram/jobtrak-stack/venv/lib/python3.12/site-packages/airflow/example_dags/example_branch_day_of_week_operator.py took 0.054 seconds
[2025-07-18T12:43:04.160-0500] {processor.py:161} INFO - Started process (PID=4513) to work on /home/abhiram/jobtrak-stack/venv/lib/python3.12/site-packages/airflow/example_dags/example_branch_day_of_week_operator.py
[2025-07-18T12:43:04.162-0500] {processor.py:830} INFO - Processing file /home/abhiram/jobtrak-stack/venv/lib/python3.12/site-packages/airflow/example_dags/example_branch_day_of_week_operator.py for tasks to queue
[2025-07-18T12:43:04.163-0500] {logging_mixin.py:188} INFO - [2025-07-18T12:43:04.163-0500] {dagbag.py:545} INFO - Filling up the DagBag from /home/abhiram/jobtrak-stack/venv/lib/python3.12/site-packages/airflow/example_dags/example_branch_day_of_week_operator.py
[2025-07-18T12:43:04.170-0500] {processor.py:840} INFO - DAG(s) 'example_weekday_branch_operator' retrieved from /home/abhiram/jobtrak-stack/venv/lib/python3.12/site-packages/airflow/example_dags/example_branch_day_of_week_operator.py
[2025-07-18T12:43:04.193-0500] {logging_mixin.py:188} INFO - [2025-07-18T12:43:04.193-0500] {dag.py:3096} INFO - Sync 1 DAGs
[2025-07-18T12:43:04.207-0500] {logging_mixin.py:188} INFO - [2025-07-18T12:43:04.207-0500] {dag.py:3954} INFO - Setting next_dagrun for example_weekday_branch_operator to 2025-07-17 00:00:00+00:00, run_after=2025-07-18 00:00:00+00:00
[2025-07-18T12:43:04.222-0500] {processor.py:183} INFO - Processing /home/abhiram/jobtrak-stack/venv/lib/python3.12/site-packages/airflow/example_dags/example_branch_day_of_week_operator.py took 0.066 seconds
[2025-07-18T12:43:34.634-0500] {processor.py:161} INFO - Started process (PID=4621) to work on /home/abhiram/jobtrak-stack/venv/lib/python3.12/site-packages/airflow/example_dags/example_branch_day_of_week_operator.py
[2025-07-18T12:43:34.635-0500] {processor.py:830} INFO - Processing file /home/abhiram/jobtrak-stack/venv/lib/python3.12/site-packages/airflow/example_dags/example_branch_day_of_week_operator.py for tasks to queue
[2025-07-18T12:43:34.636-0500] {logging_mixin.py:188} INFO - [2025-07-18T12:43:34.636-0500] {dagbag.py:545} INFO - Filling up the DagBag from /home/abhiram/jobtrak-stack/venv/lib/python3.12/site-packages/airflow/example_dags/example_branch_day_of_week_operator.py
[2025-07-18T12:43:34.641-0500] {processor.py:840} INFO - DAG(s) 'example_weekday_branch_operator' retrieved from /home/abhiram/jobtrak-stack/venv/lib/python3.12/site-packages/airflow/example_dags/example_branch_day_of_week_operator.py
[2025-07-18T12:43:34.662-0500] {logging_mixin.py:188} INFO - [2025-07-18T12:43:34.661-0500] {dag.py:3096} INFO - Sync 1 DAGs
[2025-07-18T12:43:34.678-0500] {logging_mixin.py:188} INFO - [2025-07-18T12:43:34.678-0500] {dag.py:3954} INFO - Setting next_dagrun for example_weekday_branch_operator to 2025-07-17 00:00:00+00:00, run_after=2025-07-18 00:00:00+00:00
[2025-07-18T12:43:34.691-0500] {processor.py:183} INFO - Processing /home/abhiram/jobtrak-stack/venv/lib/python3.12/site-packages/airflow/example_dags/example_branch_day_of_week_operator.py took 0.060 seconds
[2025-07-18T12:44:05.362-0500] {processor.py:161} INFO - Started process (PID=4731) to work on /home/abhiram/jobtrak-stack/venv/lib/python3.12/site-packages/airflow/example_dags/example_branch_day_of_week_operator.py
[2025-07-18T12:44:05.363-0500] {processor.py:830} INFO - Processing file /home/abhiram/jobtrak-stack/venv/lib/python3.12/site-packages/airflow/example_dags/example_branch_day_of_week_operator.py for tasks to queue
[2025-07-18T12:44:05.364-0500] {logging_mixin.py:188} INFO - [2025-07-18T12:44:05.364-0500] {dagbag.py:545} INFO - Filling up the DagBag from /home/abhiram/jobtrak-stack/venv/lib/python3.12/site-packages/airflow/example_dags/example_branch_day_of_week_operator.py
[2025-07-18T12:44:05.369-0500] {processor.py:840} INFO - DAG(s) 'example_weekday_branch_operator' retrieved from /home/abhiram/jobtrak-stack/venv/lib/python3.12/site-packages/airflow/example_dags/example_branch_day_of_week_operator.py
[2025-07-18T12:44:05.386-0500] {logging_mixin.py:188} INFO - [2025-07-18T12:44:05.386-0500] {dag.py:3096} INFO - Sync 1 DAGs
[2025-07-18T12:44:05.400-0500] {logging_mixin.py:188} INFO - [2025-07-18T12:44:05.400-0500] {dag.py:3954} INFO - Setting next_dagrun for example_weekday_branch_operator to 2025-07-17 00:00:00+00:00, run_after=2025-07-18 00:00:00+00:00
[2025-07-18T12:44:05.415-0500] {processor.py:183} INFO - Processing /home/abhiram/jobtrak-stack/venv/lib/python3.12/site-packages/airflow/example_dags/example_branch_day_of_week_operator.py took 0.057 seconds
[2025-07-18T12:44:36.232-0500] {processor.py:161} INFO - Started process (PID=4840) to work on /home/abhiram/jobtrak-stack/venv/lib/python3.12/site-packages/airflow/example_dags/example_branch_day_of_week_operator.py
[2025-07-18T12:44:36.233-0500] {processor.py:830} INFO - Processing file /home/abhiram/jobtrak-stack/venv/lib/python3.12/site-packages/airflow/example_dags/example_branch_day_of_week_operator.py for tasks to queue
[2025-07-18T12:44:36.234-0500] {logging_mixin.py:188} INFO - [2025-07-18T12:44:36.234-0500] {dagbag.py:545} INFO - Filling up the DagBag from /home/abhiram/jobtrak-stack/venv/lib/python3.12/site-packages/airflow/example_dags/example_branch_day_of_week_operator.py
[2025-07-18T12:44:36.240-0500] {processor.py:840} INFO - DAG(s) 'example_weekday_branch_operator' retrieved from /home/abhiram/jobtrak-stack/venv/lib/python3.12/site-packages/airflow/example_dags/example_branch_day_of_week_operator.py
[2025-07-18T12:44:36.258-0500] {logging_mixin.py:188} INFO - [2025-07-18T12:44:36.258-0500] {dag.py:3096} INFO - Sync 1 DAGs
[2025-07-18T12:44:36.272-0500] {logging_mixin.py:188} INFO - [2025-07-18T12:44:36.272-0500] {dag.py:3954} INFO - Setting next_dagrun for example_weekday_branch_operator to 2025-07-17 00:00:00+00:00, run_after=2025-07-18 00:00:00+00:00
[2025-07-18T12:44:36.290-0500] {processor.py:183} INFO - Processing /home/abhiram/jobtrak-stack/venv/lib/python3.12/site-packages/airflow/example_dags/example_branch_day_of_week_operator.py took 0.062 seconds
[2025-07-18T12:45:07.795-0500] {processor.py:161} INFO - Started process (PID=4951) to work on /home/abhiram/jobtrak-stack/venv/lib/python3.12/site-packages/airflow/example_dags/example_branch_day_of_week_operator.py
[2025-07-18T12:45:07.797-0500] {processor.py:830} INFO - Processing file /home/abhiram/jobtrak-stack/venv/lib/python3.12/site-packages/airflow/example_dags/example_branch_day_of_week_operator.py for tasks to queue
[2025-07-18T12:45:07.798-0500] {logging_mixin.py:188} INFO - [2025-07-18T12:45:07.798-0500] {dagbag.py:545} INFO - Filling up the DagBag from /home/abhiram/jobtrak-stack/venv/lib/python3.12/site-packages/airflow/example_dags/example_branch_day_of_week_operator.py
[2025-07-18T12:45:07.803-0500] {processor.py:840} INFO - DAG(s) 'example_weekday_branch_operator' retrieved from /home/abhiram/jobtrak-stack/venv/lib/python3.12/site-packages/airflow/example_dags/example_branch_day_of_week_operator.py
[2025-07-18T12:45:07.826-0500] {logging_mixin.py:188} INFO - [2025-07-18T12:45:07.826-0500] {dag.py:3096} INFO - Sync 1 DAGs
[2025-07-18T12:45:07.843-0500] {logging_mixin.py:188} INFO - [2025-07-18T12:45:07.842-0500] {dag.py:3954} INFO - Setting next_dagrun for example_weekday_branch_operator to 2025-07-17 00:00:00+00:00, run_after=2025-07-18 00:00:00+00:00
[2025-07-18T12:45:07.857-0500] {processor.py:183} INFO - Processing /home/abhiram/jobtrak-stack/venv/lib/python3.12/site-packages/airflow/example_dags/example_branch_day_of_week_operator.py took 0.067 seconds
[2025-07-18T12:45:38.134-0500] {processor.py:161} INFO - Started process (PID=5057) to work on /home/abhiram/jobtrak-stack/venv/lib/python3.12/site-packages/airflow/example_dags/example_branch_day_of_week_operator.py
[2025-07-18T12:45:38.136-0500] {processor.py:830} INFO - Processing file /home/abhiram/jobtrak-stack/venv/lib/python3.12/site-packages/airflow/example_dags/example_branch_day_of_week_operator.py for tasks to queue
[2025-07-18T12:45:38.137-0500] {logging_mixin.py:188} INFO - [2025-07-18T12:45:38.137-0500] {dagbag.py:545} INFO - Filling up the DagBag from /home/abhiram/jobtrak-stack/venv/lib/python3.12/site-packages/airflow/example_dags/example_branch_day_of_week_operator.py
[2025-07-18T12:45:38.142-0500] {processor.py:840} INFO - DAG(s) 'example_weekday_branch_operator' retrieved from /home/abhiram/jobtrak-stack/venv/lib/python3.12/site-packages/airflow/example_dags/example_branch_day_of_week_operator.py
[2025-07-18T12:45:38.162-0500] {logging_mixin.py:188} INFO - [2025-07-18T12:45:38.162-0500] {dag.py:3096} INFO - Sync 1 DAGs
[2025-07-18T12:45:38.177-0500] {logging_mixin.py:188} INFO - [2025-07-18T12:45:38.177-0500] {dag.py:3954} INFO - Setting next_dagrun for example_weekday_branch_operator to 2025-07-17 00:00:00+00:00, run_after=2025-07-18 00:00:00+00:00
[2025-07-18T12:45:38.196-0500] {processor.py:183} INFO - Processing /home/abhiram/jobtrak-stack/venv/lib/python3.12/site-packages/airflow/example_dags/example_branch_day_of_week_operator.py took 0.066 seconds
[2025-07-18T12:46:08.994-0500] {processor.py:161} INFO - Started process (PID=5166) to work on /home/abhiram/jobtrak-stack/venv/lib/python3.12/site-packages/airflow/example_dags/example_branch_day_of_week_operator.py
[2025-07-18T12:46:08.995-0500] {processor.py:830} INFO - Processing file /home/abhiram/jobtrak-stack/venv/lib/python3.12/site-packages/airflow/example_dags/example_branch_day_of_week_operator.py for tasks to queue
[2025-07-18T12:46:08.996-0500] {logging_mixin.py:188} INFO - [2025-07-18T12:46:08.996-0500] {dagbag.py:545} INFO - Filling up the DagBag from /home/abhiram/jobtrak-stack/venv/lib/python3.12/site-packages/airflow/example_dags/example_branch_day_of_week_operator.py
[2025-07-18T12:46:09.001-0500] {processor.py:840} INFO - DAG(s) 'example_weekday_branch_operator' retrieved from /home/abhiram/jobtrak-stack/venv/lib/python3.12/site-packages/airflow/example_dags/example_branch_day_of_week_operator.py
[2025-07-18T12:46:09.021-0500] {logging_mixin.py:188} INFO - [2025-07-18T12:46:09.020-0500] {dag.py:3096} INFO - Sync 1 DAGs
[2025-07-18T12:46:09.035-0500] {logging_mixin.py:188} INFO - [2025-07-18T12:46:09.035-0500] {dag.py:3954} INFO - Setting next_dagrun for example_weekday_branch_operator to 2025-07-17 00:00:00+00:00, run_after=2025-07-18 00:00:00+00:00
[2025-07-18T12:46:09.052-0500] {processor.py:183} INFO - Processing /home/abhiram/jobtrak-stack/venv/lib/python3.12/site-packages/airflow/example_dags/example_branch_day_of_week_operator.py took 0.063 seconds
[2025-07-18T12:46:39.790-0500] {processor.py:161} INFO - Started process (PID=5276) to work on /home/abhiram/jobtrak-stack/venv/lib/python3.12/site-packages/airflow/example_dags/example_branch_day_of_week_operator.py
[2025-07-18T12:46:39.791-0500] {processor.py:830} INFO - Processing file /home/abhiram/jobtrak-stack/venv/lib/python3.12/site-packages/airflow/example_dags/example_branch_day_of_week_operator.py for tasks to queue
[2025-07-18T12:46:39.792-0500] {logging_mixin.py:188} INFO - [2025-07-18T12:46:39.792-0500] {dagbag.py:545} INFO - Filling up the DagBag from /home/abhiram/jobtrak-stack/venv/lib/python3.12/site-packages/airflow/example_dags/example_branch_day_of_week_operator.py
[2025-07-18T12:46:39.797-0500] {processor.py:840} INFO - DAG(s) 'example_weekday_branch_operator' retrieved from /home/abhiram/jobtrak-stack/venv/lib/python3.12/site-packages/airflow/example_dags/example_branch_day_of_week_operator.py
[2025-07-18T12:46:39.815-0500] {logging_mixin.py:188} INFO - [2025-07-18T12:46:39.815-0500] {dag.py:3096} INFO - Sync 1 DAGs
[2025-07-18T12:46:39.834-0500] {logging_mixin.py:188} INFO - [2025-07-18T12:46:39.834-0500] {dag.py:3954} INFO - Setting next_dagrun for example_weekday_branch_operator to 2025-07-17 00:00:00+00:00, run_after=2025-07-18 00:00:00+00:00
[2025-07-18T12:46:39.852-0500] {processor.py:183} INFO - Processing /home/abhiram/jobtrak-stack/venv/lib/python3.12/site-packages/airflow/example_dags/example_branch_day_of_week_operator.py took 0.067 seconds
[2025-07-18T12:47:10.409-0500] {processor.py:161} INFO - Started process (PID=5383) to work on /home/abhiram/jobtrak-stack/venv/lib/python3.12/site-packages/airflow/example_dags/example_branch_day_of_week_operator.py
[2025-07-18T12:47:10.411-0500] {processor.py:830} INFO - Processing file /home/abhiram/jobtrak-stack/venv/lib/python3.12/site-packages/airflow/example_dags/example_branch_day_of_week_operator.py for tasks to queue
[2025-07-18T12:47:10.412-0500] {logging_mixin.py:188} INFO - [2025-07-18T12:47:10.412-0500] {dagbag.py:545} INFO - Filling up the DagBag from /home/abhiram/jobtrak-stack/venv/lib/python3.12/site-packages/airflow/example_dags/example_branch_day_of_week_operator.py
[2025-07-18T12:47:10.417-0500] {processor.py:840} INFO - DAG(s) 'example_weekday_branch_operator' retrieved from /home/abhiram/jobtrak-stack/venv/lib/python3.12/site-packages/airflow/example_dags/example_branch_day_of_week_operator.py
[2025-07-18T12:47:10.436-0500] {logging_mixin.py:188} INFO - [2025-07-18T12:47:10.436-0500] {dag.py:3096} INFO - Sync 1 DAGs
[2025-07-18T12:47:10.451-0500] {logging_mixin.py:188} INFO - [2025-07-18T12:47:10.451-0500] {dag.py:3954} INFO - Setting next_dagrun for example_weekday_branch_operator to 2025-07-17 00:00:00+00:00, run_after=2025-07-18 00:00:00+00:00
[2025-07-18T12:47:10.468-0500] {processor.py:183} INFO - Processing /home/abhiram/jobtrak-stack/venv/lib/python3.12/site-packages/airflow/example_dags/example_branch_day_of_week_operator.py took 0.063 seconds
[2025-07-18T12:47:40.963-0500] {processor.py:161} INFO - Started process (PID=5490) to work on /home/abhiram/jobtrak-stack/venv/lib/python3.12/site-packages/airflow/example_dags/example_branch_day_of_week_operator.py
[2025-07-18T12:47:40.965-0500] {processor.py:830} INFO - Processing file /home/abhiram/jobtrak-stack/venv/lib/python3.12/site-packages/airflow/example_dags/example_branch_day_of_week_operator.py for tasks to queue
[2025-07-18T12:47:40.966-0500] {logging_mixin.py:188} INFO - [2025-07-18T12:47:40.966-0500] {dagbag.py:545} INFO - Filling up the DagBag from /home/abhiram/jobtrak-stack/venv/lib/python3.12/site-packages/airflow/example_dags/example_branch_day_of_week_operator.py
[2025-07-18T12:47:40.970-0500] {processor.py:840} INFO - DAG(s) 'example_weekday_branch_operator' retrieved from /home/abhiram/jobtrak-stack/venv/lib/python3.12/site-packages/airflow/example_dags/example_branch_day_of_week_operator.py
[2025-07-18T12:47:40.990-0500] {logging_mixin.py:188} INFO - [2025-07-18T12:47:40.989-0500] {dag.py:3096} INFO - Sync 1 DAGs
[2025-07-18T12:47:41.005-0500] {logging_mixin.py:188} INFO - [2025-07-18T12:47:41.005-0500] {dag.py:3954} INFO - Setting next_dagrun for example_weekday_branch_operator to 2025-07-17 00:00:00+00:00, run_after=2025-07-18 00:00:00+00:00
[2025-07-18T12:47:41.019-0500] {processor.py:183} INFO - Processing /home/abhiram/jobtrak-stack/venv/lib/python3.12/site-packages/airflow/example_dags/example_branch_day_of_week_operator.py took 0.060 seconds
[2025-07-18T12:48:11.755-0500] {processor.py:161} INFO - Started process (PID=5666) to work on /home/abhiram/jobtrak-stack/venv/lib/python3.12/site-packages/airflow/example_dags/example_branch_day_of_week_operator.py
[2025-07-18T12:48:11.757-0500] {processor.py:830} INFO - Processing file /home/abhiram/jobtrak-stack/venv/lib/python3.12/site-packages/airflow/example_dags/example_branch_day_of_week_operator.py for tasks to queue
[2025-07-18T12:48:11.758-0500] {logging_mixin.py:188} INFO - [2025-07-18T12:48:11.758-0500] {dagbag.py:545} INFO - Filling up the DagBag from /home/abhiram/jobtrak-stack/venv/lib/python3.12/site-packages/airflow/example_dags/example_branch_day_of_week_operator.py
[2025-07-18T12:48:11.762-0500] {processor.py:840} INFO - DAG(s) 'example_weekday_branch_operator' retrieved from /home/abhiram/jobtrak-stack/venv/lib/python3.12/site-packages/airflow/example_dags/example_branch_day_of_week_operator.py
[2025-07-18T12:48:11.782-0500] {logging_mixin.py:188} INFO - [2025-07-18T12:48:11.782-0500] {dag.py:3096} INFO - Sync 1 DAGs
[2025-07-18T12:48:11.800-0500] {logging_mixin.py:188} INFO - [2025-07-18T12:48:11.800-0500] {dag.py:3954} INFO - Setting next_dagrun for example_weekday_branch_operator to 2025-07-17 00:00:00+00:00, run_after=2025-07-18 00:00:00+00:00
[2025-07-18T12:48:11.816-0500] {processor.py:183} INFO - Processing /home/abhiram/jobtrak-stack/venv/lib/python3.12/site-packages/airflow/example_dags/example_branch_day_of_week_operator.py took 0.065 seconds
[2025-07-18T12:48:42.313-0500] {processor.py:161} INFO - Started process (PID=5780) to work on /home/abhiram/jobtrak-stack/venv/lib/python3.12/site-packages/airflow/example_dags/example_branch_day_of_week_operator.py
[2025-07-18T12:48:42.315-0500] {processor.py:830} INFO - Processing file /home/abhiram/jobtrak-stack/venv/lib/python3.12/site-packages/airflow/example_dags/example_branch_day_of_week_operator.py for tasks to queue
[2025-07-18T12:48:42.316-0500] {logging_mixin.py:188} INFO - [2025-07-18T12:48:42.316-0500] {dagbag.py:545} INFO - Filling up the DagBag from /home/abhiram/jobtrak-stack/venv/lib/python3.12/site-packages/airflow/example_dags/example_branch_day_of_week_operator.py
[2025-07-18T12:48:42.320-0500] {processor.py:840} INFO - DAG(s) 'example_weekday_branch_operator' retrieved from /home/abhiram/jobtrak-stack/venv/lib/python3.12/site-packages/airflow/example_dags/example_branch_day_of_week_operator.py
[2025-07-18T12:48:42.337-0500] {logging_mixin.py:188} INFO - [2025-07-18T12:48:42.337-0500] {dag.py:3096} INFO - Sync 1 DAGs
[2025-07-18T12:48:42.351-0500] {logging_mixin.py:188} INFO - [2025-07-18T12:48:42.351-0500] {dag.py:3954} INFO - Setting next_dagrun for example_weekday_branch_operator to 2025-07-17 00:00:00+00:00, run_after=2025-07-18 00:00:00+00:00
[2025-07-18T12:48:42.366-0500] {processor.py:183} INFO - Processing /home/abhiram/jobtrak-stack/venv/lib/python3.12/site-packages/airflow/example_dags/example_branch_day_of_week_operator.py took 0.057 seconds
[2025-07-18T12:49:12.922-0500] {processor.py:161} INFO - Started process (PID=5889) to work on /home/abhiram/jobtrak-stack/venv/lib/python3.12/site-packages/airflow/example_dags/example_branch_day_of_week_operator.py
[2025-07-18T12:49:12.923-0500] {processor.py:830} INFO - Processing file /home/abhiram/jobtrak-stack/venv/lib/python3.12/site-packages/airflow/example_dags/example_branch_day_of_week_operator.py for tasks to queue
[2025-07-18T12:49:12.924-0500] {logging_mixin.py:188} INFO - [2025-07-18T12:49:12.923-0500] {dagbag.py:545} INFO - Filling up the DagBag from /home/abhiram/jobtrak-stack/venv/lib/python3.12/site-packages/airflow/example_dags/example_branch_day_of_week_operator.py
[2025-07-18T12:49:12.928-0500] {processor.py:840} INFO - DAG(s) 'example_weekday_branch_operator' retrieved from /home/abhiram/jobtrak-stack/venv/lib/python3.12/site-packages/airflow/example_dags/example_branch_day_of_week_operator.py
[2025-07-18T12:49:12.944-0500] {logging_mixin.py:188} INFO - [2025-07-18T12:49:12.944-0500] {dag.py:3096} INFO - Sync 1 DAGs
[2025-07-18T12:49:12.961-0500] {logging_mixin.py:188} INFO - [2025-07-18T12:49:12.961-0500] {dag.py:3954} INFO - Setting next_dagrun for example_weekday_branch_operator to 2025-07-17 00:00:00+00:00, run_after=2025-07-18 00:00:00+00:00
[2025-07-18T12:49:12.975-0500] {processor.py:183} INFO - Processing /home/abhiram/jobtrak-stack/venv/lib/python3.12/site-packages/airflow/example_dags/example_branch_day_of_week_operator.py took 0.057 seconds
