[2025-07-18T11:49:19.197-0500] {processor.py:161} INFO - Started process (PID=855) to work on /home/abhiram/jobtrak-stack/venv/lib/python3.12/site-packages/airflow/example_dags/example_short_circuit_operator.py
[2025-07-18T11:49:19.198-0500] {processor.py:830} INFO - Processing file /home/abhiram/jobtrak-stack/venv/lib/python3.12/site-packages/airflow/example_dags/example_short_circuit_operator.py for tasks to queue
[2025-07-18T11:49:19.198-0500] {logging_mixin.py:188} INFO - [2025-07-18T11:49:19.198-0500] {dagbag.py:545} INFO - Filling up the DagBag from /home/abhiram/jobtrak-stack/venv/lib/python3.12/site-packages/airflow/example_dags/example_short_circuit_operator.py
[2025-07-18T11:49:19.202-0500] {processor.py:840} INFO - DAG(s) 'example_short_circuit_operator' retrieved from /home/abhiram/jobtrak-stack/venv/lib/python3.12/site-packages/airflow/example_dags/example_short_circuit_operator.py
[2025-07-18T11:49:19.215-0500] {logging_mixin.py:188} INFO - [2025-07-18T11:49:19.215-0500] {dag.py:3096} INFO - Sync 1 DAGs
[2025-07-18T11:49:19.230-0500] {logging_mixin.py:188} INFO - [2025-07-18T11:49:19.230-0500] {dag.py:3954} INFO - Setting next_dagrun for example_short_circuit_operator to 2025-07-17 00:00:00+00:00, run_after=2025-07-18 00:00:00+00:00
[2025-07-18T11:49:19.244-0500] {processor.py:183} INFO - Processing /home/abhiram/jobtrak-stack/venv/lib/python3.12/site-packages/airflow/example_dags/example_short_circuit_operator.py took 0.050 seconds
[2025-07-18T11:49:51.052-0500] {processor.py:161} INFO - Started process (PID=981) to work on /home/abhiram/jobtrak-stack/venv/lib/python3.12/site-packages/airflow/example_dags/example_short_circuit_operator.py
[2025-07-18T11:49:51.053-0500] {processor.py:830} INFO - Processing file /home/abhiram/jobtrak-stack/venv/lib/python3.12/site-packages/airflow/example_dags/example_short_circuit_operator.py for tasks to queue
[2025-07-18T11:49:51.054-0500] {logging_mixin.py:188} INFO - [2025-07-18T11:49:51.053-0500] {dagbag.py:545} INFO - Filling up the DagBag from /home/abhiram/jobtrak-stack/venv/lib/python3.12/site-packages/airflow/example_dags/example_short_circuit_operator.py
[2025-07-18T11:49:51.058-0500] {processor.py:840} INFO - DAG(s) 'example_short_circuit_operator' retrieved from /home/abhiram/jobtrak-stack/venv/lib/python3.12/site-packages/airflow/example_dags/example_short_circuit_operator.py
[2025-07-18T11:49:51.129-0500] {logging_mixin.py:188} INFO - [2025-07-18T11:49:51.128-0500] {dag.py:3096} INFO - Sync 1 DAGs
[2025-07-18T11:49:51.141-0500] {logging_mixin.py:188} INFO - [2025-07-18T11:49:51.140-0500] {dag.py:3954} INFO - Setting next_dagrun for example_short_circuit_operator to 2025-07-17 00:00:00+00:00, run_after=2025-07-18 00:00:00+00:00
[2025-07-18T11:49:51.163-0500] {processor.py:183} INFO - Processing /home/abhiram/jobtrak-stack/venv/lib/python3.12/site-packages/airflow/example_dags/example_short_circuit_operator.py took 0.114 seconds
[2025-07-18T11:50:21.406-0500] {processor.py:161} INFO - Started process (PID=1104) to work on /home/abhiram/jobtrak-stack/venv/lib/python3.12/site-packages/airflow/example_dags/example_short_circuit_operator.py
[2025-07-18T11:50:21.408-0500] {processor.py:830} INFO - Processing file /home/abhiram/jobtrak-stack/venv/lib/python3.12/site-packages/airflow/example_dags/example_short_circuit_operator.py for tasks to queue
[2025-07-18T11:50:21.409-0500] {logging_mixin.py:188} INFO - [2025-07-18T11:50:21.409-0500] {dagbag.py:545} INFO - Filling up the DagBag from /home/abhiram/jobtrak-stack/venv/lib/python3.12/site-packages/airflow/example_dags/example_short_circuit_operator.py
[2025-07-18T11:50:21.413-0500] {processor.py:840} INFO - DAG(s) 'example_short_circuit_operator' retrieved from /home/abhiram/jobtrak-stack/venv/lib/python3.12/site-packages/airflow/example_dags/example_short_circuit_operator.py
[2025-07-18T11:50:21.442-0500] {logging_mixin.py:188} INFO - [2025-07-18T11:50:21.442-0500] {dag.py:3096} INFO - Sync 1 DAGs
[2025-07-18T11:50:21.458-0500] {logging_mixin.py:188} INFO - [2025-07-18T11:50:21.458-0500] {dag.py:3954} INFO - Setting next_dagrun for example_short_circuit_operator to 2025-07-17 00:00:00+00:00, run_after=2025-07-18 00:00:00+00:00
[2025-07-18T11:50:21.480-0500] {processor.py:183} INFO - Processing /home/abhiram/jobtrak-stack/venv/lib/python3.12/site-packages/airflow/example_dags/example_short_circuit_operator.py took 0.078 seconds
[2025-07-18T11:50:51.561-0500] {processor.py:161} INFO - Started process (PID=1213) to work on /home/abhiram/jobtrak-stack/venv/lib/python3.12/site-packages/airflow/example_dags/example_short_circuit_operator.py
[2025-07-18T11:50:51.562-0500] {processor.py:830} INFO - Processing file /home/abhiram/jobtrak-stack/venv/lib/python3.12/site-packages/airflow/example_dags/example_short_circuit_operator.py for tasks to queue
[2025-07-18T11:50:51.563-0500] {logging_mixin.py:188} INFO - [2025-07-18T11:50:51.563-0500] {dagbag.py:545} INFO - Filling up the DagBag from /home/abhiram/jobtrak-stack/venv/lib/python3.12/site-packages/airflow/example_dags/example_short_circuit_operator.py
[2025-07-18T11:50:51.569-0500] {processor.py:840} INFO - DAG(s) 'example_short_circuit_operator' retrieved from /home/abhiram/jobtrak-stack/venv/lib/python3.12/site-packages/airflow/example_dags/example_short_circuit_operator.py
[2025-07-18T11:50:51.592-0500] {logging_mixin.py:188} INFO - [2025-07-18T11:50:51.592-0500] {dag.py:3096} INFO - Sync 1 DAGs
[2025-07-18T11:50:51.609-0500] {logging_mixin.py:188} INFO - [2025-07-18T11:50:51.609-0500] {dag.py:3954} INFO - Setting next_dagrun for example_short_circuit_operator to 2025-07-17 00:00:00+00:00, run_after=2025-07-18 00:00:00+00:00
[2025-07-18T11:50:51.626-0500] {processor.py:183} INFO - Processing /home/abhiram/jobtrak-stack/venv/lib/python3.12/site-packages/airflow/example_dags/example_short_circuit_operator.py took 0.068 seconds
[2025-07-18T11:51:21.720-0500] {processor.py:161} INFO - Started process (PID=1321) to work on /home/abhiram/jobtrak-stack/venv/lib/python3.12/site-packages/airflow/example_dags/example_short_circuit_operator.py
[2025-07-18T11:51:21.722-0500] {processor.py:830} INFO - Processing file /home/abhiram/jobtrak-stack/venv/lib/python3.12/site-packages/airflow/example_dags/example_short_circuit_operator.py for tasks to queue
[2025-07-18T11:51:21.723-0500] {logging_mixin.py:188} INFO - [2025-07-18T11:51:21.723-0500] {dagbag.py:545} INFO - Filling up the DagBag from /home/abhiram/jobtrak-stack/venv/lib/python3.12/site-packages/airflow/example_dags/example_short_circuit_operator.py
[2025-07-18T11:51:21.728-0500] {processor.py:840} INFO - DAG(s) 'example_short_circuit_operator' retrieved from /home/abhiram/jobtrak-stack/venv/lib/python3.12/site-packages/airflow/example_dags/example_short_circuit_operator.py
[2025-07-18T11:51:21.746-0500] {logging_mixin.py:188} INFO - [2025-07-18T11:51:21.746-0500] {dag.py:3096} INFO - Sync 1 DAGs
[2025-07-18T11:51:21.759-0500] {logging_mixin.py:188} INFO - [2025-07-18T11:51:21.759-0500] {dag.py:3954} INFO - Setting next_dagrun for example_short_circuit_operator to 2025-07-17 00:00:00+00:00, run_after=2025-07-18 00:00:00+00:00
[2025-07-18T11:51:21.770-0500] {processor.py:183} INFO - Processing /home/abhiram/jobtrak-stack/venv/lib/python3.12/site-packages/airflow/example_dags/example_short_circuit_operator.py took 0.053 seconds
[2025-07-18T11:51:52.092-0500] {processor.py:161} INFO - Started process (PID=1426) to work on /home/abhiram/jobtrak-stack/venv/lib/python3.12/site-packages/airflow/example_dags/example_short_circuit_operator.py
[2025-07-18T11:51:52.093-0500] {processor.py:830} INFO - Processing file /home/abhiram/jobtrak-stack/venv/lib/python3.12/site-packages/airflow/example_dags/example_short_circuit_operator.py for tasks to queue
[2025-07-18T11:51:52.094-0500] {logging_mixin.py:188} INFO - [2025-07-18T11:51:52.093-0500] {dagbag.py:545} INFO - Filling up the DagBag from /home/abhiram/jobtrak-stack/venv/lib/python3.12/site-packages/airflow/example_dags/example_short_circuit_operator.py
[2025-07-18T11:51:52.099-0500] {processor.py:840} INFO - DAG(s) 'example_short_circuit_operator' retrieved from /home/abhiram/jobtrak-stack/venv/lib/python3.12/site-packages/airflow/example_dags/example_short_circuit_operator.py
[2025-07-18T11:51:52.119-0500] {logging_mixin.py:188} INFO - [2025-07-18T11:51:52.119-0500] {dag.py:3096} INFO - Sync 1 DAGs
[2025-07-18T11:51:52.135-0500] {logging_mixin.py:188} INFO - [2025-07-18T11:51:52.135-0500] {dag.py:3954} INFO - Setting next_dagrun for example_short_circuit_operator to 2025-07-17 00:00:00+00:00, run_after=2025-07-18 00:00:00+00:00
[2025-07-18T11:51:52.150-0500] {processor.py:183} INFO - Processing /home/abhiram/jobtrak-stack/venv/lib/python3.12/site-packages/airflow/example_dags/example_short_circuit_operator.py took 0.062 seconds
[2025-07-18T12:32:16.504-0500] {processor.py:161} INFO - Started process (PID=1967) to work on /home/abhiram/jobtrak-stack/venv/lib/python3.12/site-packages/airflow/example_dags/example_short_circuit_operator.py
[2025-07-18T12:32:16.505-0500] {processor.py:830} INFO - Processing file /home/abhiram/jobtrak-stack/venv/lib/python3.12/site-packages/airflow/example_dags/example_short_circuit_operator.py for tasks to queue
[2025-07-18T12:32:16.506-0500] {logging_mixin.py:188} INFO - [2025-07-18T12:32:16.506-0500] {dagbag.py:545} INFO - Filling up the DagBag from /home/abhiram/jobtrak-stack/venv/lib/python3.12/site-packages/airflow/example_dags/example_short_circuit_operator.py
[2025-07-18T12:32:16.511-0500] {processor.py:840} INFO - DAG(s) 'example_short_circuit_operator' retrieved from /home/abhiram/jobtrak-stack/venv/lib/python3.12/site-packages/airflow/example_dags/example_short_circuit_operator.py
[2025-07-18T12:32:16.533-0500] {logging_mixin.py:188} INFO - [2025-07-18T12:32:16.533-0500] {dag.py:3096} INFO - Sync 1 DAGs
[2025-07-18T12:32:16.548-0500] {logging_mixin.py:188} INFO - [2025-07-18T12:32:16.548-0500] {dag.py:3954} INFO - Setting next_dagrun for example_short_circuit_operator to 2025-07-17 00:00:00+00:00, run_after=2025-07-18 00:00:00+00:00
[2025-07-18T12:32:16.564-0500] {processor.py:183} INFO - Processing /home/abhiram/jobtrak-stack/venv/lib/python3.12/site-packages/airflow/example_dags/example_short_circuit_operator.py took 0.064 seconds
[2025-07-18T12:32:46.873-0500] {processor.py:161} INFO - Started process (PID=2096) to work on /home/abhiram/jobtrak-stack/venv/lib/python3.12/site-packages/airflow/example_dags/example_short_circuit_operator.py
[2025-07-18T12:32:46.874-0500] {processor.py:830} INFO - Processing file /home/abhiram/jobtrak-stack/venv/lib/python3.12/site-packages/airflow/example_dags/example_short_circuit_operator.py for tasks to queue
[2025-07-18T12:32:46.874-0500] {logging_mixin.py:188} INFO - [2025-07-18T12:32:46.874-0500] {dagbag.py:545} INFO - Filling up the DagBag from /home/abhiram/jobtrak-stack/venv/lib/python3.12/site-packages/airflow/example_dags/example_short_circuit_operator.py
[2025-07-18T12:32:46.879-0500] {processor.py:840} INFO - DAG(s) 'example_short_circuit_operator' retrieved from /home/abhiram/jobtrak-stack/venv/lib/python3.12/site-packages/airflow/example_dags/example_short_circuit_operator.py
[2025-07-18T12:32:46.899-0500] {logging_mixin.py:188} INFO - [2025-07-18T12:32:46.898-0500] {dag.py:3096} INFO - Sync 1 DAGs
[2025-07-18T12:32:46.913-0500] {logging_mixin.py:188} INFO - [2025-07-18T12:32:46.913-0500] {dag.py:3954} INFO - Setting next_dagrun for example_short_circuit_operator to 2025-07-17 00:00:00+00:00, run_after=2025-07-18 00:00:00+00:00
[2025-07-18T12:32:46.926-0500] {processor.py:183} INFO - Processing /home/abhiram/jobtrak-stack/venv/lib/python3.12/site-packages/airflow/example_dags/example_short_circuit_operator.py took 0.057 seconds
[2025-07-18T12:33:17.148-0500] {processor.py:161} INFO - Started process (PID=2215) to work on /home/abhiram/jobtrak-stack/venv/lib/python3.12/site-packages/airflow/example_dags/example_short_circuit_operator.py
[2025-07-18T12:33:17.150-0500] {processor.py:830} INFO - Processing file /home/abhiram/jobtrak-stack/venv/lib/python3.12/site-packages/airflow/example_dags/example_short_circuit_operator.py for tasks to queue
[2025-07-18T12:33:17.152-0500] {logging_mixin.py:188} INFO - [2025-07-18T12:33:17.152-0500] {dagbag.py:545} INFO - Filling up the DagBag from /home/abhiram/jobtrak-stack/venv/lib/python3.12/site-packages/airflow/example_dags/example_short_circuit_operator.py
[2025-07-18T12:33:17.157-0500] {processor.py:840} INFO - DAG(s) 'example_short_circuit_operator' retrieved from /home/abhiram/jobtrak-stack/venv/lib/python3.12/site-packages/airflow/example_dags/example_short_circuit_operator.py
[2025-07-18T12:33:17.176-0500] {logging_mixin.py:188} INFO - [2025-07-18T12:33:17.176-0500] {dag.py:3096} INFO - Sync 1 DAGs
[2025-07-18T12:33:17.190-0500] {logging_mixin.py:188} INFO - [2025-07-18T12:33:17.190-0500] {dag.py:3954} INFO - Setting next_dagrun for example_short_circuit_operator to 2025-07-17 00:00:00+00:00, run_after=2025-07-18 00:00:00+00:00
[2025-07-18T12:33:17.205-0500] {processor.py:183} INFO - Processing /home/abhiram/jobtrak-stack/venv/lib/python3.12/site-packages/airflow/example_dags/example_short_circuit_operator.py took 0.062 seconds
[2025-07-18T12:33:47.405-0500] {processor.py:161} INFO - Started process (PID=2329) to work on /home/abhiram/jobtrak-stack/venv/lib/python3.12/site-packages/airflow/example_dags/example_short_circuit_operator.py
[2025-07-18T12:33:47.405-0500] {processor.py:830} INFO - Processing file /home/abhiram/jobtrak-stack/venv/lib/python3.12/site-packages/airflow/example_dags/example_short_circuit_operator.py for tasks to queue
[2025-07-18T12:33:47.406-0500] {logging_mixin.py:188} INFO - [2025-07-18T12:33:47.406-0500] {dagbag.py:545} INFO - Filling up the DagBag from /home/abhiram/jobtrak-stack/venv/lib/python3.12/site-packages/airflow/example_dags/example_short_circuit_operator.py
[2025-07-18T12:33:47.411-0500] {processor.py:840} INFO - DAG(s) 'example_short_circuit_operator' retrieved from /home/abhiram/jobtrak-stack/venv/lib/python3.12/site-packages/airflow/example_dags/example_short_circuit_operator.py
[2025-07-18T12:33:47.431-0500] {logging_mixin.py:188} INFO - [2025-07-18T12:33:47.430-0500] {dag.py:3096} INFO - Sync 1 DAGs
[2025-07-18T12:33:47.447-0500] {logging_mixin.py:188} INFO - [2025-07-18T12:33:47.447-0500] {dag.py:3954} INFO - Setting next_dagrun for example_short_circuit_operator to 2025-07-17 00:00:00+00:00, run_after=2025-07-18 00:00:00+00:00
[2025-07-18T12:33:47.461-0500] {processor.py:183} INFO - Processing /home/abhiram/jobtrak-stack/venv/lib/python3.12/site-packages/airflow/example_dags/example_short_circuit_operator.py took 0.061 seconds
[2025-07-18T12:34:17.914-0500] {processor.py:161} INFO - Started process (PID=2435) to work on /home/abhiram/jobtrak-stack/venv/lib/python3.12/site-packages/airflow/example_dags/example_short_circuit_operator.py
[2025-07-18T12:34:17.915-0500] {processor.py:830} INFO - Processing file /home/abhiram/jobtrak-stack/venv/lib/python3.12/site-packages/airflow/example_dags/example_short_circuit_operator.py for tasks to queue
[2025-07-18T12:34:17.917-0500] {logging_mixin.py:188} INFO - [2025-07-18T12:34:17.916-0500] {dagbag.py:545} INFO - Filling up the DagBag from /home/abhiram/jobtrak-stack/venv/lib/python3.12/site-packages/airflow/example_dags/example_short_circuit_operator.py
[2025-07-18T12:34:17.923-0500] {processor.py:840} INFO - DAG(s) 'example_short_circuit_operator' retrieved from /home/abhiram/jobtrak-stack/venv/lib/python3.12/site-packages/airflow/example_dags/example_short_circuit_operator.py
[2025-07-18T12:34:17.944-0500] {logging_mixin.py:188} INFO - [2025-07-18T12:34:17.944-0500] {dag.py:3096} INFO - Sync 1 DAGs
[2025-07-18T12:34:17.962-0500] {logging_mixin.py:188} INFO - [2025-07-18T12:34:17.962-0500] {dag.py:3954} INFO - Setting next_dagrun for example_short_circuit_operator to 2025-07-17 00:00:00+00:00, run_after=2025-07-18 00:00:00+00:00
[2025-07-18T12:34:17.978-0500] {processor.py:183} INFO - Processing /home/abhiram/jobtrak-stack/venv/lib/python3.12/site-packages/airflow/example_dags/example_short_circuit_operator.py took 0.068 seconds
[2025-07-18T12:34:48.297-0500] {processor.py:161} INFO - Started process (PID=2543) to work on /home/abhiram/jobtrak-stack/venv/lib/python3.12/site-packages/airflow/example_dags/example_short_circuit_operator.py
[2025-07-18T12:34:48.298-0500] {processor.py:830} INFO - Processing file /home/abhiram/jobtrak-stack/venv/lib/python3.12/site-packages/airflow/example_dags/example_short_circuit_operator.py for tasks to queue
[2025-07-18T12:34:48.299-0500] {logging_mixin.py:188} INFO - [2025-07-18T12:34:48.298-0500] {dagbag.py:545} INFO - Filling up the DagBag from /home/abhiram/jobtrak-stack/venv/lib/python3.12/site-packages/airflow/example_dags/example_short_circuit_operator.py
[2025-07-18T12:34:48.303-0500] {processor.py:840} INFO - DAG(s) 'example_short_circuit_operator' retrieved from /home/abhiram/jobtrak-stack/venv/lib/python3.12/site-packages/airflow/example_dags/example_short_circuit_operator.py
[2025-07-18T12:34:48.325-0500] {logging_mixin.py:188} INFO - [2025-07-18T12:34:48.325-0500] {dag.py:3096} INFO - Sync 1 DAGs
[2025-07-18T12:34:48.340-0500] {logging_mixin.py:188} INFO - [2025-07-18T12:34:48.339-0500] {dag.py:3954} INFO - Setting next_dagrun for example_short_circuit_operator to 2025-07-17 00:00:00+00:00, run_after=2025-07-18 00:00:00+00:00
[2025-07-18T12:34:48.365-0500] {processor.py:183} INFO - Processing /home/abhiram/jobtrak-stack/venv/lib/python3.12/site-packages/airflow/example_dags/example_short_circuit_operator.py took 0.072 seconds
[2025-07-18T12:35:19.439-0500] {processor.py:161} INFO - Started process (PID=2653) to work on /home/abhiram/jobtrak-stack/venv/lib/python3.12/site-packages/airflow/example_dags/example_short_circuit_operator.py
[2025-07-18T12:35:19.441-0500] {processor.py:830} INFO - Processing file /home/abhiram/jobtrak-stack/venv/lib/python3.12/site-packages/airflow/example_dags/example_short_circuit_operator.py for tasks to queue
[2025-07-18T12:35:19.442-0500] {logging_mixin.py:188} INFO - [2025-07-18T12:35:19.442-0500] {dagbag.py:545} INFO - Filling up the DagBag from /home/abhiram/jobtrak-stack/venv/lib/python3.12/site-packages/airflow/example_dags/example_short_circuit_operator.py
[2025-07-18T12:35:19.447-0500] {processor.py:840} INFO - DAG(s) 'example_short_circuit_operator' retrieved from /home/abhiram/jobtrak-stack/venv/lib/python3.12/site-packages/airflow/example_dags/example_short_circuit_operator.py
[2025-07-18T12:35:19.469-0500] {logging_mixin.py:188} INFO - [2025-07-18T12:35:19.469-0500] {dag.py:3096} INFO - Sync 1 DAGs
[2025-07-18T12:35:19.483-0500] {logging_mixin.py:188} INFO - [2025-07-18T12:35:19.483-0500] {dag.py:3954} INFO - Setting next_dagrun for example_short_circuit_operator to 2025-07-17 00:00:00+00:00, run_after=2025-07-18 00:00:00+00:00
[2025-07-18T12:35:19.502-0500] {processor.py:183} INFO - Processing /home/abhiram/jobtrak-stack/venv/lib/python3.12/site-packages/airflow/example_dags/example_short_circuit_operator.py took 0.066 seconds
[2025-07-18T12:35:50.035-0500] {processor.py:161} INFO - Started process (PID=2758) to work on /home/abhiram/jobtrak-stack/venv/lib/python3.12/site-packages/airflow/example_dags/example_short_circuit_operator.py
[2025-07-18T12:35:50.035-0500] {processor.py:830} INFO - Processing file /home/abhiram/jobtrak-stack/venv/lib/python3.12/site-packages/airflow/example_dags/example_short_circuit_operator.py for tasks to queue
[2025-07-18T12:35:50.036-0500] {logging_mixin.py:188} INFO - [2025-07-18T12:35:50.036-0500] {dagbag.py:545} INFO - Filling up the DagBag from /home/abhiram/jobtrak-stack/venv/lib/python3.12/site-packages/airflow/example_dags/example_short_circuit_operator.py
[2025-07-18T12:35:50.043-0500] {processor.py:840} INFO - DAG(s) 'example_short_circuit_operator' retrieved from /home/abhiram/jobtrak-stack/venv/lib/python3.12/site-packages/airflow/example_dags/example_short_circuit_operator.py
[2025-07-18T12:35:50.061-0500] {logging_mixin.py:188} INFO - [2025-07-18T12:35:50.061-0500] {dag.py:3096} INFO - Sync 1 DAGs
[2025-07-18T12:35:50.085-0500] {logging_mixin.py:188} INFO - [2025-07-18T12:35:50.085-0500] {dag.py:3954} INFO - Setting next_dagrun for example_short_circuit_operator to 2025-07-17 00:00:00+00:00, run_after=2025-07-18 00:00:00+00:00
[2025-07-18T12:35:50.099-0500] {processor.py:183} INFO - Processing /home/abhiram/jobtrak-stack/venv/lib/python3.12/site-packages/airflow/example_dags/example_short_circuit_operator.py took 0.068 seconds
[2025-07-18T12:36:20.773-0500] {processor.py:161} INFO - Started process (PID=2865) to work on /home/abhiram/jobtrak-stack/venv/lib/python3.12/site-packages/airflow/example_dags/example_short_circuit_operator.py
[2025-07-18T12:36:20.774-0500] {processor.py:830} INFO - Processing file /home/abhiram/jobtrak-stack/venv/lib/python3.12/site-packages/airflow/example_dags/example_short_circuit_operator.py for tasks to queue
[2025-07-18T12:36:20.775-0500] {logging_mixin.py:188} INFO - [2025-07-18T12:36:20.775-0500] {dagbag.py:545} INFO - Filling up the DagBag from /home/abhiram/jobtrak-stack/venv/lib/python3.12/site-packages/airflow/example_dags/example_short_circuit_operator.py
[2025-07-18T12:36:20.780-0500] {processor.py:840} INFO - DAG(s) 'example_short_circuit_operator' retrieved from /home/abhiram/jobtrak-stack/venv/lib/python3.12/site-packages/airflow/example_dags/example_short_circuit_operator.py
[2025-07-18T12:36:20.799-0500] {logging_mixin.py:188} INFO - [2025-07-18T12:36:20.799-0500] {dag.py:3096} INFO - Sync 1 DAGs
[2025-07-18T12:36:20.814-0500] {logging_mixin.py:188} INFO - [2025-07-18T12:36:20.814-0500] {dag.py:3954} INFO - Setting next_dagrun for example_short_circuit_operator to 2025-07-17 00:00:00+00:00, run_after=2025-07-18 00:00:00+00:00
[2025-07-18T12:36:20.836-0500] {processor.py:183} INFO - Processing /home/abhiram/jobtrak-stack/venv/lib/python3.12/site-packages/airflow/example_dags/example_short_circuit_operator.py took 0.067 seconds
[2025-07-18T12:36:50.977-0500] {processor.py:161} INFO - Started process (PID=2979) to work on /home/abhiram/jobtrak-stack/venv/lib/python3.12/site-packages/airflow/example_dags/example_short_circuit_operator.py
[2025-07-18T12:36:50.977-0500] {processor.py:830} INFO - Processing file /home/abhiram/jobtrak-stack/venv/lib/python3.12/site-packages/airflow/example_dags/example_short_circuit_operator.py for tasks to queue
[2025-07-18T12:36:50.978-0500] {logging_mixin.py:188} INFO - [2025-07-18T12:36:50.978-0500] {dagbag.py:545} INFO - Filling up the DagBag from /home/abhiram/jobtrak-stack/venv/lib/python3.12/site-packages/airflow/example_dags/example_short_circuit_operator.py
[2025-07-18T12:36:50.983-0500] {processor.py:840} INFO - DAG(s) 'example_short_circuit_operator' retrieved from /home/abhiram/jobtrak-stack/venv/lib/python3.12/site-packages/airflow/example_dags/example_short_circuit_operator.py
[2025-07-18T12:36:51.003-0500] {logging_mixin.py:188} INFO - [2025-07-18T12:36:51.003-0500] {dag.py:3096} INFO - Sync 1 DAGs
[2025-07-18T12:36:51.017-0500] {logging_mixin.py:188} INFO - [2025-07-18T12:36:51.017-0500] {dag.py:3954} INFO - Setting next_dagrun for example_short_circuit_operator to 2025-07-17 00:00:00+00:00, run_after=2025-07-18 00:00:00+00:00
[2025-07-18T12:36:51.031-0500] {processor.py:183} INFO - Processing /home/abhiram/jobtrak-stack/venv/lib/python3.12/site-packages/airflow/example_dags/example_short_circuit_operator.py took 0.057 seconds
[2025-07-18T12:37:22.464-0500] {processor.py:161} INFO - Started process (PID=3199) to work on /home/abhiram/jobtrak-stack/venv/lib/python3.12/site-packages/airflow/example_dags/example_short_circuit_operator.py
[2025-07-18T12:37:22.466-0500] {processor.py:830} INFO - Processing file /home/abhiram/jobtrak-stack/venv/lib/python3.12/site-packages/airflow/example_dags/example_short_circuit_operator.py for tasks to queue
[2025-07-18T12:37:22.467-0500] {logging_mixin.py:188} INFO - [2025-07-18T12:37:22.467-0500] {dagbag.py:545} INFO - Filling up the DagBag from /home/abhiram/jobtrak-stack/venv/lib/python3.12/site-packages/airflow/example_dags/example_short_circuit_operator.py
[2025-07-18T12:37:22.472-0500] {processor.py:840} INFO - DAG(s) 'example_short_circuit_operator' retrieved from /home/abhiram/jobtrak-stack/venv/lib/python3.12/site-packages/airflow/example_dags/example_short_circuit_operator.py
[2025-07-18T12:37:22.493-0500] {logging_mixin.py:188} INFO - [2025-07-18T12:37:22.493-0500] {dag.py:3096} INFO - Sync 1 DAGs
[2025-07-18T12:37:22.508-0500] {logging_mixin.py:188} INFO - [2025-07-18T12:37:22.507-0500] {dag.py:3954} INFO - Setting next_dagrun for example_short_circuit_operator to 2025-07-17 00:00:00+00:00, run_after=2025-07-18 00:00:00+00:00
[2025-07-18T12:37:22.524-0500] {processor.py:183} INFO - Processing /home/abhiram/jobtrak-stack/venv/lib/python3.12/site-packages/airflow/example_dags/example_short_circuit_operator.py took 0.064 seconds
[2025-07-18T12:37:52.711-0500] {processor.py:161} INFO - Started process (PID=3305) to work on /home/abhiram/jobtrak-stack/venv/lib/python3.12/site-packages/airflow/example_dags/example_short_circuit_operator.py
[2025-07-18T12:37:52.712-0500] {processor.py:830} INFO - Processing file /home/abhiram/jobtrak-stack/venv/lib/python3.12/site-packages/airflow/example_dags/example_short_circuit_operator.py for tasks to queue
[2025-07-18T12:37:52.713-0500] {logging_mixin.py:188} INFO - [2025-07-18T12:37:52.713-0500] {dagbag.py:545} INFO - Filling up the DagBag from /home/abhiram/jobtrak-stack/venv/lib/python3.12/site-packages/airflow/example_dags/example_short_circuit_operator.py
[2025-07-18T12:37:52.717-0500] {processor.py:840} INFO - DAG(s) 'example_short_circuit_operator' retrieved from /home/abhiram/jobtrak-stack/venv/lib/python3.12/site-packages/airflow/example_dags/example_short_circuit_operator.py
[2025-07-18T12:37:52.735-0500] {logging_mixin.py:188} INFO - [2025-07-18T12:37:52.735-0500] {dag.py:3096} INFO - Sync 1 DAGs
[2025-07-18T12:37:52.750-0500] {logging_mixin.py:188} INFO - [2025-07-18T12:37:52.749-0500] {dag.py:3954} INFO - Setting next_dagrun for example_short_circuit_operator to 2025-07-17 00:00:00+00:00, run_after=2025-07-18 00:00:00+00:00
[2025-07-18T12:37:52.764-0500] {processor.py:183} INFO - Processing /home/abhiram/jobtrak-stack/venv/lib/python3.12/site-packages/airflow/example_dags/example_short_circuit_operator.py took 0.057 seconds
[2025-07-18T12:38:23.110-0500] {processor.py:161} INFO - Started process (PID=3412) to work on /home/abhiram/jobtrak-stack/venv/lib/python3.12/site-packages/airflow/example_dags/example_short_circuit_operator.py
[2025-07-18T12:38:23.112-0500] {processor.py:830} INFO - Processing file /home/abhiram/jobtrak-stack/venv/lib/python3.12/site-packages/airflow/example_dags/example_short_circuit_operator.py for tasks to queue
[2025-07-18T12:38:23.113-0500] {logging_mixin.py:188} INFO - [2025-07-18T12:38:23.112-0500] {dagbag.py:545} INFO - Filling up the DagBag from /home/abhiram/jobtrak-stack/venv/lib/python3.12/site-packages/airflow/example_dags/example_short_circuit_operator.py
[2025-07-18T12:38:23.118-0500] {processor.py:840} INFO - DAG(s) 'example_short_circuit_operator' retrieved from /home/abhiram/jobtrak-stack/venv/lib/python3.12/site-packages/airflow/example_dags/example_short_circuit_operator.py
[2025-07-18T12:38:23.141-0500] {logging_mixin.py:188} INFO - [2025-07-18T12:38:23.141-0500] {dag.py:3096} INFO - Sync 1 DAGs
[2025-07-18T12:38:23.158-0500] {logging_mixin.py:188} INFO - [2025-07-18T12:38:23.158-0500] {dag.py:3954} INFO - Setting next_dagrun for example_short_circuit_operator to 2025-07-17 00:00:00+00:00, run_after=2025-07-18 00:00:00+00:00
[2025-07-18T12:38:23.178-0500] {processor.py:183} INFO - Processing /home/abhiram/jobtrak-stack/venv/lib/python3.12/site-packages/airflow/example_dags/example_short_circuit_operator.py took 0.072 seconds
[2025-07-18T12:38:53.554-0500] {processor.py:161} INFO - Started process (PID=3521) to work on /home/abhiram/jobtrak-stack/venv/lib/python3.12/site-packages/airflow/example_dags/example_short_circuit_operator.py
[2025-07-18T12:38:53.555-0500] {processor.py:830} INFO - Processing file /home/abhiram/jobtrak-stack/venv/lib/python3.12/site-packages/airflow/example_dags/example_short_circuit_operator.py for tasks to queue
[2025-07-18T12:38:53.556-0500] {logging_mixin.py:188} INFO - [2025-07-18T12:38:53.556-0500] {dagbag.py:545} INFO - Filling up the DagBag from /home/abhiram/jobtrak-stack/venv/lib/python3.12/site-packages/airflow/example_dags/example_short_circuit_operator.py
[2025-07-18T12:38:53.561-0500] {processor.py:840} INFO - DAG(s) 'example_short_circuit_operator' retrieved from /home/abhiram/jobtrak-stack/venv/lib/python3.12/site-packages/airflow/example_dags/example_short_circuit_operator.py
[2025-07-18T12:38:53.581-0500] {logging_mixin.py:188} INFO - [2025-07-18T12:38:53.581-0500] {dag.py:3096} INFO - Sync 1 DAGs
[2025-07-18T12:38:53.597-0500] {logging_mixin.py:188} INFO - [2025-07-18T12:38:53.597-0500] {dag.py:3954} INFO - Setting next_dagrun for example_short_circuit_operator to 2025-07-17 00:00:00+00:00, run_after=2025-07-18 00:00:00+00:00
[2025-07-18T12:38:53.616-0500] {processor.py:183} INFO - Processing /home/abhiram/jobtrak-stack/venv/lib/python3.12/site-packages/airflow/example_dags/example_short_circuit_operator.py took 0.067 seconds
[2025-07-18T12:39:23.668-0500] {processor.py:161} INFO - Started process (PID=3624) to work on /home/abhiram/jobtrak-stack/venv/lib/python3.12/site-packages/airflow/example_dags/example_short_circuit_operator.py
[2025-07-18T12:39:23.669-0500] {processor.py:830} INFO - Processing file /home/abhiram/jobtrak-stack/venv/lib/python3.12/site-packages/airflow/example_dags/example_short_circuit_operator.py for tasks to queue
[2025-07-18T12:39:23.676-0500] {logging_mixin.py:188} INFO - [2025-07-18T12:39:23.676-0500] {dagbag.py:545} INFO - Filling up the DagBag from /home/abhiram/jobtrak-stack/venv/lib/python3.12/site-packages/airflow/example_dags/example_short_circuit_operator.py
[2025-07-18T12:39:23.681-0500] {processor.py:840} INFO - DAG(s) 'example_short_circuit_operator' retrieved from /home/abhiram/jobtrak-stack/venv/lib/python3.12/site-packages/airflow/example_dags/example_short_circuit_operator.py
[2025-07-18T12:39:23.700-0500] {logging_mixin.py:188} INFO - [2025-07-18T12:39:23.700-0500] {dag.py:3096} INFO - Sync 1 DAGs
[2025-07-18T12:39:23.714-0500] {logging_mixin.py:188} INFO - [2025-07-18T12:39:23.713-0500] {dag.py:3954} INFO - Setting next_dagrun for example_short_circuit_operator to 2025-07-17 00:00:00+00:00, run_after=2025-07-18 00:00:00+00:00
[2025-07-18T12:39:23.736-0500] {processor.py:183} INFO - Processing /home/abhiram/jobtrak-stack/venv/lib/python3.12/site-packages/airflow/example_dags/example_short_circuit_operator.py took 0.072 seconds
[2025-07-18T12:39:53.852-0500] {processor.py:161} INFO - Started process (PID=3732) to work on /home/abhiram/jobtrak-stack/venv/lib/python3.12/site-packages/airflow/example_dags/example_short_circuit_operator.py
[2025-07-18T12:39:53.853-0500] {processor.py:830} INFO - Processing file /home/abhiram/jobtrak-stack/venv/lib/python3.12/site-packages/airflow/example_dags/example_short_circuit_operator.py for tasks to queue
[2025-07-18T12:39:53.854-0500] {logging_mixin.py:188} INFO - [2025-07-18T12:39:53.854-0500] {dagbag.py:545} INFO - Filling up the DagBag from /home/abhiram/jobtrak-stack/venv/lib/python3.12/site-packages/airflow/example_dags/example_short_circuit_operator.py
[2025-07-18T12:39:53.858-0500] {processor.py:840} INFO - DAG(s) 'example_short_circuit_operator' retrieved from /home/abhiram/jobtrak-stack/venv/lib/python3.12/site-packages/airflow/example_dags/example_short_circuit_operator.py
[2025-07-18T12:39:53.877-0500] {logging_mixin.py:188} INFO - [2025-07-18T12:39:53.877-0500] {dag.py:3096} INFO - Sync 1 DAGs
[2025-07-18T12:39:53.892-0500] {logging_mixin.py:188} INFO - [2025-07-18T12:39:53.892-0500] {dag.py:3954} INFO - Setting next_dagrun for example_short_circuit_operator to 2025-07-17 00:00:00+00:00, run_after=2025-07-18 00:00:00+00:00
[2025-07-18T12:39:53.910-0500] {processor.py:183} INFO - Processing /home/abhiram/jobtrak-stack/venv/lib/python3.12/site-packages/airflow/example_dags/example_short_circuit_operator.py took 0.061 seconds
[2025-07-18T12:40:32.378-0500] {processor.py:161} INFO - Started process (PID=3925) to work on /home/abhiram/jobtrak-stack/venv/lib/python3.12/site-packages/airflow/example_dags/example_short_circuit_operator.py
[2025-07-18T12:40:32.379-0500] {processor.py:830} INFO - Processing file /home/abhiram/jobtrak-stack/venv/lib/python3.12/site-packages/airflow/example_dags/example_short_circuit_operator.py for tasks to queue
[2025-07-18T12:40:32.380-0500] {logging_mixin.py:188} INFO - [2025-07-18T12:40:32.380-0500] {dagbag.py:545} INFO - Filling up the DagBag from /home/abhiram/jobtrak-stack/venv/lib/python3.12/site-packages/airflow/example_dags/example_short_circuit_operator.py
[2025-07-18T12:40:32.385-0500] {processor.py:840} INFO - DAG(s) 'example_short_circuit_operator' retrieved from /home/abhiram/jobtrak-stack/venv/lib/python3.12/site-packages/airflow/example_dags/example_short_circuit_operator.py
[2025-07-18T12:40:32.409-0500] {logging_mixin.py:188} INFO - [2025-07-18T12:40:32.409-0500] {dag.py:3096} INFO - Sync 1 DAGs
[2025-07-18T12:40:32.425-0500] {logging_mixin.py:188} INFO - [2025-07-18T12:40:32.425-0500] {dag.py:3954} INFO - Setting next_dagrun for example_short_circuit_operator to 2025-07-17 00:00:00+00:00, run_after=2025-07-18 00:00:00+00:00
[2025-07-18T12:40:32.442-0500] {processor.py:183} INFO - Processing /home/abhiram/jobtrak-stack/venv/lib/python3.12/site-packages/airflow/example_dags/example_short_circuit_operator.py took 0.068 seconds
[2025-07-18T12:41:02.888-0500] {processor.py:161} INFO - Started process (PID=4048) to work on /home/abhiram/jobtrak-stack/venv/lib/python3.12/site-packages/airflow/example_dags/example_short_circuit_operator.py
[2025-07-18T12:41:02.888-0500] {processor.py:830} INFO - Processing file /home/abhiram/jobtrak-stack/venv/lib/python3.12/site-packages/airflow/example_dags/example_short_circuit_operator.py for tasks to queue
[2025-07-18T12:41:02.889-0500] {logging_mixin.py:188} INFO - [2025-07-18T12:41:02.889-0500] {dagbag.py:545} INFO - Filling up the DagBag from /home/abhiram/jobtrak-stack/venv/lib/python3.12/site-packages/airflow/example_dags/example_short_circuit_operator.py
[2025-07-18T12:41:02.894-0500] {processor.py:840} INFO - DAG(s) 'example_short_circuit_operator' retrieved from /home/abhiram/jobtrak-stack/venv/lib/python3.12/site-packages/airflow/example_dags/example_short_circuit_operator.py
[2025-07-18T12:41:02.913-0500] {logging_mixin.py:188} INFO - [2025-07-18T12:41:02.913-0500] {dag.py:3096} INFO - Sync 1 DAGs
[2025-07-18T12:41:02.926-0500] {logging_mixin.py:188} INFO - [2025-07-18T12:41:02.926-0500] {dag.py:3954} INFO - Setting next_dagrun for example_short_circuit_operator to 2025-07-17 00:00:00+00:00, run_after=2025-07-18 00:00:00+00:00
[2025-07-18T12:41:02.941-0500] {processor.py:183} INFO - Processing /home/abhiram/jobtrak-stack/venv/lib/python3.12/site-packages/airflow/example_dags/example_short_circuit_operator.py took 0.056 seconds
[2025-07-18T12:41:33.474-0500] {processor.py:161} INFO - Started process (PID=4213) to work on /home/abhiram/jobtrak-stack/venv/lib/python3.12/site-packages/airflow/example_dags/example_short_circuit_operator.py
[2025-07-18T12:41:33.476-0500] {processor.py:830} INFO - Processing file /home/abhiram/jobtrak-stack/venv/lib/python3.12/site-packages/airflow/example_dags/example_short_circuit_operator.py for tasks to queue
[2025-07-18T12:41:33.477-0500] {logging_mixin.py:188} INFO - [2025-07-18T12:41:33.477-0500] {dagbag.py:545} INFO - Filling up the DagBag from /home/abhiram/jobtrak-stack/venv/lib/python3.12/site-packages/airflow/example_dags/example_short_circuit_operator.py
[2025-07-18T12:41:33.481-0500] {processor.py:840} INFO - DAG(s) 'example_short_circuit_operator' retrieved from /home/abhiram/jobtrak-stack/venv/lib/python3.12/site-packages/airflow/example_dags/example_short_circuit_operator.py
[2025-07-18T12:41:33.500-0500] {logging_mixin.py:188} INFO - [2025-07-18T12:41:33.500-0500] {dag.py:3096} INFO - Sync 1 DAGs
[2025-07-18T12:41:33.515-0500] {logging_mixin.py:188} INFO - [2025-07-18T12:41:33.515-0500] {dag.py:3954} INFO - Setting next_dagrun for example_short_circuit_operator to 2025-07-17 00:00:00+00:00, run_after=2025-07-18 00:00:00+00:00
[2025-07-18T12:41:33.529-0500] {processor.py:183} INFO - Processing /home/abhiram/jobtrak-stack/venv/lib/python3.12/site-packages/airflow/example_dags/example_short_circuit_operator.py took 0.059 seconds
[2025-07-18T12:42:03.961-0500] {processor.py:161} INFO - Started process (PID=4321) to work on /home/abhiram/jobtrak-stack/venv/lib/python3.12/site-packages/airflow/example_dags/example_short_circuit_operator.py
[2025-07-18T12:42:03.962-0500] {processor.py:830} INFO - Processing file /home/abhiram/jobtrak-stack/venv/lib/python3.12/site-packages/airflow/example_dags/example_short_circuit_operator.py for tasks to queue
[2025-07-18T12:42:03.964-0500] {logging_mixin.py:188} INFO - [2025-07-18T12:42:03.963-0500] {dagbag.py:545} INFO - Filling up the DagBag from /home/abhiram/jobtrak-stack/venv/lib/python3.12/site-packages/airflow/example_dags/example_short_circuit_operator.py
[2025-07-18T12:42:03.968-0500] {processor.py:840} INFO - DAG(s) 'example_short_circuit_operator' retrieved from /home/abhiram/jobtrak-stack/venv/lib/python3.12/site-packages/airflow/example_dags/example_short_circuit_operator.py
[2025-07-18T12:42:03.990-0500] {logging_mixin.py:188} INFO - [2025-07-18T12:42:03.990-0500] {dag.py:3096} INFO - Sync 1 DAGs
[2025-07-18T12:42:04.007-0500] {logging_mixin.py:188} INFO - [2025-07-18T12:42:04.007-0500] {dag.py:3954} INFO - Setting next_dagrun for example_short_circuit_operator to 2025-07-17 00:00:00+00:00, run_after=2025-07-18 00:00:00+00:00
[2025-07-18T12:42:04.024-0500] {processor.py:183} INFO - Processing /home/abhiram/jobtrak-stack/venv/lib/python3.12/site-packages/airflow/example_dags/example_short_circuit_operator.py took 0.068 seconds
[2025-07-18T12:42:34.343-0500] {processor.py:161} INFO - Started process (PID=4429) to work on /home/abhiram/jobtrak-stack/venv/lib/python3.12/site-packages/airflow/example_dags/example_short_circuit_operator.py
[2025-07-18T12:42:34.345-0500] {processor.py:830} INFO - Processing file /home/abhiram/jobtrak-stack/venv/lib/python3.12/site-packages/airflow/example_dags/example_short_circuit_operator.py for tasks to queue
[2025-07-18T12:42:34.346-0500] {logging_mixin.py:188} INFO - [2025-07-18T12:42:34.346-0500] {dagbag.py:545} INFO - Filling up the DagBag from /home/abhiram/jobtrak-stack/venv/lib/python3.12/site-packages/airflow/example_dags/example_short_circuit_operator.py
[2025-07-18T12:42:34.351-0500] {processor.py:840} INFO - DAG(s) 'example_short_circuit_operator' retrieved from /home/abhiram/jobtrak-stack/venv/lib/python3.12/site-packages/airflow/example_dags/example_short_circuit_operator.py
[2025-07-18T12:42:34.369-0500] {logging_mixin.py:188} INFO - [2025-07-18T12:42:34.369-0500] {dag.py:3096} INFO - Sync 1 DAGs
[2025-07-18T12:42:34.383-0500] {logging_mixin.py:188} INFO - [2025-07-18T12:42:34.383-0500] {dag.py:3954} INFO - Setting next_dagrun for example_short_circuit_operator to 2025-07-17 00:00:00+00:00, run_after=2025-07-18 00:00:00+00:00
[2025-07-18T12:42:34.396-0500] {processor.py:183} INFO - Processing /home/abhiram/jobtrak-stack/venv/lib/python3.12/site-packages/airflow/example_dags/example_short_circuit_operator.py took 0.057 seconds
[2025-07-18T12:43:04.645-0500] {processor.py:161} INFO - Started process (PID=4538) to work on /home/abhiram/jobtrak-stack/venv/lib/python3.12/site-packages/airflow/example_dags/example_short_circuit_operator.py
[2025-07-18T12:43:04.647-0500] {processor.py:830} INFO - Processing file /home/abhiram/jobtrak-stack/venv/lib/python3.12/site-packages/airflow/example_dags/example_short_circuit_operator.py for tasks to queue
[2025-07-18T12:43:04.648-0500] {logging_mixin.py:188} INFO - [2025-07-18T12:43:04.648-0500] {dagbag.py:545} INFO - Filling up the DagBag from /home/abhiram/jobtrak-stack/venv/lib/python3.12/site-packages/airflow/example_dags/example_short_circuit_operator.py
[2025-07-18T12:43:04.653-0500] {processor.py:840} INFO - DAG(s) 'example_short_circuit_operator' retrieved from /home/abhiram/jobtrak-stack/venv/lib/python3.12/site-packages/airflow/example_dags/example_short_circuit_operator.py
[2025-07-18T12:43:04.672-0500] {logging_mixin.py:188} INFO - [2025-07-18T12:43:04.671-0500] {dag.py:3096} INFO - Sync 1 DAGs
[2025-07-18T12:43:04.690-0500] {logging_mixin.py:188} INFO - [2025-07-18T12:43:04.690-0500] {dag.py:3954} INFO - Setting next_dagrun for example_short_circuit_operator to 2025-07-17 00:00:00+00:00, run_after=2025-07-18 00:00:00+00:00
[2025-07-18T12:43:04.704-0500] {processor.py:183} INFO - Processing /home/abhiram/jobtrak-stack/venv/lib/python3.12/site-packages/airflow/example_dags/example_short_circuit_operator.py took 0.063 seconds
[2025-07-18T12:43:35.145-0500] {processor.py:161} INFO - Started process (PID=4646) to work on /home/abhiram/jobtrak-stack/venv/lib/python3.12/site-packages/airflow/example_dags/example_short_circuit_operator.py
[2025-07-18T12:43:35.146-0500] {processor.py:830} INFO - Processing file /home/abhiram/jobtrak-stack/venv/lib/python3.12/site-packages/airflow/example_dags/example_short_circuit_operator.py for tasks to queue
[2025-07-18T12:43:35.147-0500] {logging_mixin.py:188} INFO - [2025-07-18T12:43:35.147-0500] {dagbag.py:545} INFO - Filling up the DagBag from /home/abhiram/jobtrak-stack/venv/lib/python3.12/site-packages/airflow/example_dags/example_short_circuit_operator.py
[2025-07-18T12:43:35.151-0500] {processor.py:840} INFO - DAG(s) 'example_short_circuit_operator' retrieved from /home/abhiram/jobtrak-stack/venv/lib/python3.12/site-packages/airflow/example_dags/example_short_circuit_operator.py
[2025-07-18T12:43:35.172-0500] {logging_mixin.py:188} INFO - [2025-07-18T12:43:35.172-0500] {dag.py:3096} INFO - Sync 1 DAGs
[2025-07-18T12:43:35.189-0500] {logging_mixin.py:188} INFO - [2025-07-18T12:43:35.189-0500] {dag.py:3954} INFO - Setting next_dagrun for example_short_circuit_operator to 2025-07-17 00:00:00+00:00, run_after=2025-07-18 00:00:00+00:00
[2025-07-18T12:43:35.207-0500] {processor.py:183} INFO - Processing /home/abhiram/jobtrak-stack/venv/lib/python3.12/site-packages/airflow/example_dags/example_short_circuit_operator.py took 0.066 seconds
[2025-07-18T12:44:06.057-0500] {processor.py:161} INFO - Started process (PID=4755) to work on /home/abhiram/jobtrak-stack/venv/lib/python3.12/site-packages/airflow/example_dags/example_short_circuit_operator.py
[2025-07-18T12:44:06.059-0500] {processor.py:830} INFO - Processing file /home/abhiram/jobtrak-stack/venv/lib/python3.12/site-packages/airflow/example_dags/example_short_circuit_operator.py for tasks to queue
[2025-07-18T12:44:06.061-0500] {logging_mixin.py:188} INFO - [2025-07-18T12:44:06.061-0500] {dagbag.py:545} INFO - Filling up the DagBag from /home/abhiram/jobtrak-stack/venv/lib/python3.12/site-packages/airflow/example_dags/example_short_circuit_operator.py
[2025-07-18T12:44:06.069-0500] {processor.py:840} INFO - DAG(s) 'example_short_circuit_operator' retrieved from /home/abhiram/jobtrak-stack/venv/lib/python3.12/site-packages/airflow/example_dags/example_short_circuit_operator.py
[2025-07-18T12:44:06.104-0500] {logging_mixin.py:188} INFO - [2025-07-18T12:44:06.103-0500] {dag.py:3096} INFO - Sync 1 DAGs
[2025-07-18T12:44:06.130-0500] {logging_mixin.py:188} INFO - [2025-07-18T12:44:06.129-0500] {dag.py:3954} INFO - Setting next_dagrun for example_short_circuit_operator to 2025-07-17 00:00:00+00:00, run_after=2025-07-18 00:00:00+00:00
[2025-07-18T12:44:06.161-0500] {processor.py:183} INFO - Processing /home/abhiram/jobtrak-stack/venv/lib/python3.12/site-packages/airflow/example_dags/example_short_circuit_operator.py took 0.114 seconds
[2025-07-18T12:44:36.716-0500] {processor.py:161} INFO - Started process (PID=4865) to work on /home/abhiram/jobtrak-stack/venv/lib/python3.12/site-packages/airflow/example_dags/example_short_circuit_operator.py
[2025-07-18T12:44:36.717-0500] {processor.py:830} INFO - Processing file /home/abhiram/jobtrak-stack/venv/lib/python3.12/site-packages/airflow/example_dags/example_short_circuit_operator.py for tasks to queue
[2025-07-18T12:44:36.718-0500] {logging_mixin.py:188} INFO - [2025-07-18T12:44:36.718-0500] {dagbag.py:545} INFO - Filling up the DagBag from /home/abhiram/jobtrak-stack/venv/lib/python3.12/site-packages/airflow/example_dags/example_short_circuit_operator.py
[2025-07-18T12:44:36.722-0500] {processor.py:840} INFO - DAG(s) 'example_short_circuit_operator' retrieved from /home/abhiram/jobtrak-stack/venv/lib/python3.12/site-packages/airflow/example_dags/example_short_circuit_operator.py
[2025-07-18T12:44:36.742-0500] {logging_mixin.py:188} INFO - [2025-07-18T12:44:36.742-0500] {dag.py:3096} INFO - Sync 1 DAGs
[2025-07-18T12:44:36.756-0500] {logging_mixin.py:188} INFO - [2025-07-18T12:44:36.756-0500] {dag.py:3954} INFO - Setting next_dagrun for example_short_circuit_operator to 2025-07-17 00:00:00+00:00, run_after=2025-07-18 00:00:00+00:00
[2025-07-18T12:44:36.772-0500] {processor.py:183} INFO - Processing /home/abhiram/jobtrak-stack/venv/lib/python3.12/site-packages/airflow/example_dags/example_short_circuit_operator.py took 0.059 seconds
[2025-07-18T12:45:08.339-0500] {processor.py:161} INFO - Started process (PID=4976) to work on /home/abhiram/jobtrak-stack/venv/lib/python3.12/site-packages/airflow/example_dags/example_short_circuit_operator.py
[2025-07-18T12:45:08.340-0500] {processor.py:830} INFO - Processing file /home/abhiram/jobtrak-stack/venv/lib/python3.12/site-packages/airflow/example_dags/example_short_circuit_operator.py for tasks to queue
[2025-07-18T12:45:08.342-0500] {logging_mixin.py:188} INFO - [2025-07-18T12:45:08.341-0500] {dagbag.py:545} INFO - Filling up the DagBag from /home/abhiram/jobtrak-stack/venv/lib/python3.12/site-packages/airflow/example_dags/example_short_circuit_operator.py
[2025-07-18T12:45:08.346-0500] {processor.py:840} INFO - DAG(s) 'example_short_circuit_operator' retrieved from /home/abhiram/jobtrak-stack/venv/lib/python3.12/site-packages/airflow/example_dags/example_short_circuit_operator.py
[2025-07-18T12:45:08.366-0500] {logging_mixin.py:188} INFO - [2025-07-18T12:45:08.366-0500] {dag.py:3096} INFO - Sync 1 DAGs
[2025-07-18T12:45:08.381-0500] {logging_mixin.py:188} INFO - [2025-07-18T12:45:08.381-0500] {dag.py:3954} INFO - Setting next_dagrun for example_short_circuit_operator to 2025-07-17 00:00:00+00:00, run_after=2025-07-18 00:00:00+00:00
[2025-07-18T12:45:08.396-0500] {processor.py:183} INFO - Processing /home/abhiram/jobtrak-stack/venv/lib/python3.12/site-packages/airflow/example_dags/example_short_circuit_operator.py took 0.060 seconds
[2025-07-18T12:45:38.935-0500] {processor.py:161} INFO - Started process (PID=5083) to work on /home/abhiram/jobtrak-stack/venv/lib/python3.12/site-packages/airflow/example_dags/example_short_circuit_operator.py
[2025-07-18T12:45:38.937-0500] {processor.py:830} INFO - Processing file /home/abhiram/jobtrak-stack/venv/lib/python3.12/site-packages/airflow/example_dags/example_short_circuit_operator.py for tasks to queue
[2025-07-18T12:45:38.948-0500] {logging_mixin.py:188} INFO - [2025-07-18T12:45:38.938-0500] {dagbag.py:545} INFO - Filling up the DagBag from /home/abhiram/jobtrak-stack/venv/lib/python3.12/site-packages/airflow/example_dags/example_short_circuit_operator.py
[2025-07-18T12:45:38.952-0500] {processor.py:840} INFO - DAG(s) 'example_short_circuit_operator' retrieved from /home/abhiram/jobtrak-stack/venv/lib/python3.12/site-packages/airflow/example_dags/example_short_circuit_operator.py
[2025-07-18T12:45:38.974-0500] {logging_mixin.py:188} INFO - [2025-07-18T12:45:38.974-0500] {dag.py:3096} INFO - Sync 1 DAGs
[2025-07-18T12:45:38.989-0500] {logging_mixin.py:188} INFO - [2025-07-18T12:45:38.989-0500] {dag.py:3954} INFO - Setting next_dagrun for example_short_circuit_operator to 2025-07-17 00:00:00+00:00, run_after=2025-07-18 00:00:00+00:00
[2025-07-18T12:45:39.008-0500] {processor.py:183} INFO - Processing /home/abhiram/jobtrak-stack/venv/lib/python3.12/site-packages/airflow/example_dags/example_short_circuit_operator.py took 0.079 seconds
[2025-07-18T12:46:09.469-0500] {processor.py:161} INFO - Started process (PID=5191) to work on /home/abhiram/jobtrak-stack/venv/lib/python3.12/site-packages/airflow/example_dags/example_short_circuit_operator.py
[2025-07-18T12:46:09.470-0500] {processor.py:830} INFO - Processing file /home/abhiram/jobtrak-stack/venv/lib/python3.12/site-packages/airflow/example_dags/example_short_circuit_operator.py for tasks to queue
[2025-07-18T12:46:09.471-0500] {logging_mixin.py:188} INFO - [2025-07-18T12:46:09.471-0500] {dagbag.py:545} INFO - Filling up the DagBag from /home/abhiram/jobtrak-stack/venv/lib/python3.12/site-packages/airflow/example_dags/example_short_circuit_operator.py
[2025-07-18T12:46:09.476-0500] {processor.py:840} INFO - DAG(s) 'example_short_circuit_operator' retrieved from /home/abhiram/jobtrak-stack/venv/lib/python3.12/site-packages/airflow/example_dags/example_short_circuit_operator.py
[2025-07-18T12:46:09.495-0500] {logging_mixin.py:188} INFO - [2025-07-18T12:46:09.495-0500] {dag.py:3096} INFO - Sync 1 DAGs
[2025-07-18T12:46:09.510-0500] {logging_mixin.py:188} INFO - [2025-07-18T12:46:09.510-0500] {dag.py:3954} INFO - Setting next_dagrun for example_short_circuit_operator to 2025-07-17 00:00:00+00:00, run_after=2025-07-18 00:00:00+00:00
[2025-07-18T12:46:09.528-0500] {processor.py:183} INFO - Processing /home/abhiram/jobtrak-stack/venv/lib/python3.12/site-packages/airflow/example_dags/example_short_circuit_operator.py took 0.063 seconds
[2025-07-18T12:46:40.278-0500] {processor.py:161} INFO - Started process (PID=5301) to work on /home/abhiram/jobtrak-stack/venv/lib/python3.12/site-packages/airflow/example_dags/example_short_circuit_operator.py
[2025-07-18T12:46:40.279-0500] {processor.py:830} INFO - Processing file /home/abhiram/jobtrak-stack/venv/lib/python3.12/site-packages/airflow/example_dags/example_short_circuit_operator.py for tasks to queue
[2025-07-18T12:46:40.280-0500] {logging_mixin.py:188} INFO - [2025-07-18T12:46:40.280-0500] {dagbag.py:545} INFO - Filling up the DagBag from /home/abhiram/jobtrak-stack/venv/lib/python3.12/site-packages/airflow/example_dags/example_short_circuit_operator.py
[2025-07-18T12:46:40.285-0500] {processor.py:840} INFO - DAG(s) 'example_short_circuit_operator' retrieved from /home/abhiram/jobtrak-stack/venv/lib/python3.12/site-packages/airflow/example_dags/example_short_circuit_operator.py
[2025-07-18T12:46:40.305-0500] {logging_mixin.py:188} INFO - [2025-07-18T12:46:40.304-0500] {dag.py:3096} INFO - Sync 1 DAGs
[2025-07-18T12:46:40.320-0500] {logging_mixin.py:188} INFO - [2025-07-18T12:46:40.320-0500] {dag.py:3954} INFO - Setting next_dagrun for example_short_circuit_operator to 2025-07-17 00:00:00+00:00, run_after=2025-07-18 00:00:00+00:00
[2025-07-18T12:46:40.336-0500] {processor.py:183} INFO - Processing /home/abhiram/jobtrak-stack/venv/lib/python3.12/site-packages/airflow/example_dags/example_short_circuit_operator.py took 0.061 seconds
[2025-07-18T12:47:10.936-0500] {processor.py:161} INFO - Started process (PID=5409) to work on /home/abhiram/jobtrak-stack/venv/lib/python3.12/site-packages/airflow/example_dags/example_short_circuit_operator.py
[2025-07-18T12:47:10.938-0500] {processor.py:830} INFO - Processing file /home/abhiram/jobtrak-stack/venv/lib/python3.12/site-packages/airflow/example_dags/example_short_circuit_operator.py for tasks to queue
[2025-07-18T12:47:10.939-0500] {logging_mixin.py:188} INFO - [2025-07-18T12:47:10.938-0500] {dagbag.py:545} INFO - Filling up the DagBag from /home/abhiram/jobtrak-stack/venv/lib/python3.12/site-packages/airflow/example_dags/example_short_circuit_operator.py
[2025-07-18T12:47:10.944-0500] {processor.py:840} INFO - DAG(s) 'example_short_circuit_operator' retrieved from /home/abhiram/jobtrak-stack/venv/lib/python3.12/site-packages/airflow/example_dags/example_short_circuit_operator.py
[2025-07-18T12:47:10.964-0500] {logging_mixin.py:188} INFO - [2025-07-18T12:47:10.964-0500] {dag.py:3096} INFO - Sync 1 DAGs
[2025-07-18T12:47:10.980-0500] {logging_mixin.py:188} INFO - [2025-07-18T12:47:10.980-0500] {dag.py:3954} INFO - Setting next_dagrun for example_short_circuit_operator to 2025-07-17 00:00:00+00:00, run_after=2025-07-18 00:00:00+00:00
[2025-07-18T12:47:10.999-0500] {processor.py:183} INFO - Processing /home/abhiram/jobtrak-stack/venv/lib/python3.12/site-packages/airflow/example_dags/example_short_circuit_operator.py took 0.067 seconds
[2025-07-18T12:47:41.424-0500] {processor.py:161} INFO - Started process (PID=5516) to work on /home/abhiram/jobtrak-stack/venv/lib/python3.12/site-packages/airflow/example_dags/example_short_circuit_operator.py
[2025-07-18T12:47:41.426-0500] {processor.py:830} INFO - Processing file /home/abhiram/jobtrak-stack/venv/lib/python3.12/site-packages/airflow/example_dags/example_short_circuit_operator.py for tasks to queue
[2025-07-18T12:47:41.427-0500] {logging_mixin.py:188} INFO - [2025-07-18T12:47:41.427-0500] {dagbag.py:545} INFO - Filling up the DagBag from /home/abhiram/jobtrak-stack/venv/lib/python3.12/site-packages/airflow/example_dags/example_short_circuit_operator.py
[2025-07-18T12:47:41.431-0500] {processor.py:840} INFO - DAG(s) 'example_short_circuit_operator' retrieved from /home/abhiram/jobtrak-stack/venv/lib/python3.12/site-packages/airflow/example_dags/example_short_circuit_operator.py
[2025-07-18T12:47:41.450-0500] {logging_mixin.py:188} INFO - [2025-07-18T12:47:41.449-0500] {dag.py:3096} INFO - Sync 1 DAGs
[2025-07-18T12:47:41.462-0500] {logging_mixin.py:188} INFO - [2025-07-18T12:47:41.462-0500] {dag.py:3954} INFO - Setting next_dagrun for example_short_circuit_operator to 2025-07-17 00:00:00+00:00, run_after=2025-07-18 00:00:00+00:00
[2025-07-18T12:47:41.476-0500] {processor.py:183} INFO - Processing /home/abhiram/jobtrak-stack/venv/lib/python3.12/site-packages/airflow/example_dags/example_short_circuit_operator.py took 0.055 seconds
[2025-07-18T12:48:12.294-0500] {processor.py:161} INFO - Started process (PID=5699) to work on /home/abhiram/jobtrak-stack/venv/lib/python3.12/site-packages/airflow/example_dags/example_short_circuit_operator.py
[2025-07-18T12:48:12.296-0500] {processor.py:830} INFO - Processing file /home/abhiram/jobtrak-stack/venv/lib/python3.12/site-packages/airflow/example_dags/example_short_circuit_operator.py for tasks to queue
[2025-07-18T12:48:12.296-0500] {logging_mixin.py:188} INFO - [2025-07-18T12:48:12.296-0500] {dagbag.py:545} INFO - Filling up the DagBag from /home/abhiram/jobtrak-stack/venv/lib/python3.12/site-packages/airflow/example_dags/example_short_circuit_operator.py
[2025-07-18T12:48:12.301-0500] {processor.py:840} INFO - DAG(s) 'example_short_circuit_operator' retrieved from /home/abhiram/jobtrak-stack/venv/lib/python3.12/site-packages/airflow/example_dags/example_short_circuit_operator.py
[2025-07-18T12:48:12.318-0500] {logging_mixin.py:188} INFO - [2025-07-18T12:48:12.318-0500] {dag.py:3096} INFO - Sync 1 DAGs
[2025-07-18T12:48:12.334-0500] {logging_mixin.py:188} INFO - [2025-07-18T12:48:12.334-0500] {dag.py:3954} INFO - Setting next_dagrun for example_short_circuit_operator to 2025-07-17 00:00:00+00:00, run_after=2025-07-18 00:00:00+00:00
[2025-07-18T12:48:12.350-0500] {processor.py:183} INFO - Processing /home/abhiram/jobtrak-stack/venv/lib/python3.12/site-packages/airflow/example_dags/example_short_circuit_operator.py took 0.060 seconds
[2025-07-18T12:48:42.830-0500] {processor.py:161} INFO - Started process (PID=5805) to work on /home/abhiram/jobtrak-stack/venv/lib/python3.12/site-packages/airflow/example_dags/example_short_circuit_operator.py
[2025-07-18T12:48:42.831-0500] {processor.py:830} INFO - Processing file /home/abhiram/jobtrak-stack/venv/lib/python3.12/site-packages/airflow/example_dags/example_short_circuit_operator.py for tasks to queue
[2025-07-18T12:48:42.832-0500] {logging_mixin.py:188} INFO - [2025-07-18T12:48:42.832-0500] {dagbag.py:545} INFO - Filling up the DagBag from /home/abhiram/jobtrak-stack/venv/lib/python3.12/site-packages/airflow/example_dags/example_short_circuit_operator.py
[2025-07-18T12:48:42.836-0500] {processor.py:840} INFO - DAG(s) 'example_short_circuit_operator' retrieved from /home/abhiram/jobtrak-stack/venv/lib/python3.12/site-packages/airflow/example_dags/example_short_circuit_operator.py
[2025-07-18T12:48:42.854-0500] {logging_mixin.py:188} INFO - [2025-07-18T12:48:42.854-0500] {dag.py:3096} INFO - Sync 1 DAGs
[2025-07-18T12:48:42.868-0500] {logging_mixin.py:188} INFO - [2025-07-18T12:48:42.868-0500] {dag.py:3954} INFO - Setting next_dagrun for example_short_circuit_operator to 2025-07-17 00:00:00+00:00, run_after=2025-07-18 00:00:00+00:00
[2025-07-18T12:48:42.882-0500] {processor.py:183} INFO - Processing /home/abhiram/jobtrak-stack/venv/lib/python3.12/site-packages/airflow/example_dags/example_short_circuit_operator.py took 0.055 seconds
[2025-07-18T12:49:13.470-0500] {processor.py:161} INFO - Started process (PID=5913) to work on /home/abhiram/jobtrak-stack/venv/lib/python3.12/site-packages/airflow/example_dags/example_short_circuit_operator.py
[2025-07-18T12:49:13.471-0500] {processor.py:830} INFO - Processing file /home/abhiram/jobtrak-stack/venv/lib/python3.12/site-packages/airflow/example_dags/example_short_circuit_operator.py for tasks to queue
[2025-07-18T12:49:13.472-0500] {logging_mixin.py:188} INFO - [2025-07-18T12:49:13.472-0500] {dagbag.py:545} INFO - Filling up the DagBag from /home/abhiram/jobtrak-stack/venv/lib/python3.12/site-packages/airflow/example_dags/example_short_circuit_operator.py
[2025-07-18T12:49:13.477-0500] {processor.py:840} INFO - DAG(s) 'example_short_circuit_operator' retrieved from /home/abhiram/jobtrak-stack/venv/lib/python3.12/site-packages/airflow/example_dags/example_short_circuit_operator.py
[2025-07-18T12:49:13.497-0500] {logging_mixin.py:188} INFO - [2025-07-18T12:49:13.497-0500] {dag.py:3096} INFO - Sync 1 DAGs
[2025-07-18T12:49:13.511-0500] {logging_mixin.py:188} INFO - [2025-07-18T12:49:13.511-0500] {dag.py:3954} INFO - Setting next_dagrun for example_short_circuit_operator to 2025-07-17 00:00:00+00:00, run_after=2025-07-18 00:00:00+00:00
[2025-07-18T12:49:13.525-0500] {processor.py:183} INFO - Processing /home/abhiram/jobtrak-stack/venv/lib/python3.12/site-packages/airflow/example_dags/example_short_circuit_operator.py took 0.059 seconds
