[2025-07-18T11:49:18.372-0500] {processor.py:161} INFO - Started process (PID=813) to work on /home/abhiram/jobtrak-stack/venv/lib/python3.12/site-packages/airflow/example_dags/example_skip_dag.py
[2025-07-18T11:49:18.373-0500] {processor.py:830} INFO - Processing file /home/abhiram/jobtrak-stack/venv/lib/python3.12/site-packages/airflow/example_dags/example_skip_dag.py for tasks to queue
[2025-07-18T11:49:18.374-0500] {logging_mixin.py:188} INFO - [2025-07-18T11:49:18.374-0500] {dagbag.py:545} INFO - Filling up the DagBag from /home/abhiram/jobtrak-stack/venv/lib/python3.12/site-packages/airflow/example_dags/example_skip_dag.py
[2025-07-18T11:49:18.380-0500] {processor.py:840} INFO - DAG(s) 'example_skip_dag' retrieved from /home/abhiram/jobtrak-stack/venv/lib/python3.12/site-packages/airflow/example_dags/example_skip_dag.py
[2025-07-18T11:49:18.393-0500] {logging_mixin.py:188} INFO - [2025-07-18T11:49:18.393-0500] {dag.py:3096} INFO - Sync 1 DAGs
[2025-07-18T11:49:18.407-0500] {logging_mixin.py:188} INFO - [2025-07-18T11:49:18.407-0500] {dag.py:3954} INFO - Setting next_dagrun for example_skip_dag to 2025-07-17 00:00:00+00:00, run_after=2025-07-18 00:00:00+00:00
[2025-07-18T11:49:18.424-0500] {processor.py:183} INFO - Processing /home/abhiram/jobtrak-stack/venv/lib/python3.12/site-packages/airflow/example_dags/example_skip_dag.py took 0.056 seconds
[2025-07-18T11:49:49.714-0500] {processor.py:161} INFO - Started process (PID=939) to work on /home/abhiram/jobtrak-stack/venv/lib/python3.12/site-packages/airflow/example_dags/example_skip_dag.py
[2025-07-18T11:49:49.714-0500] {processor.py:830} INFO - Processing file /home/abhiram/jobtrak-stack/venv/lib/python3.12/site-packages/airflow/example_dags/example_skip_dag.py for tasks to queue
[2025-07-18T11:49:49.715-0500] {logging_mixin.py:188} INFO - [2025-07-18T11:49:49.715-0500] {dagbag.py:545} INFO - Filling up the DagBag from /home/abhiram/jobtrak-stack/venv/lib/python3.12/site-packages/airflow/example_dags/example_skip_dag.py
[2025-07-18T11:49:49.719-0500] {processor.py:840} INFO - DAG(s) 'example_skip_dag' retrieved from /home/abhiram/jobtrak-stack/venv/lib/python3.12/site-packages/airflow/example_dags/example_skip_dag.py
[2025-07-18T11:49:49.789-0500] {logging_mixin.py:188} INFO - [2025-07-18T11:49:49.788-0500] {dag.py:3096} INFO - Sync 1 DAGs
[2025-07-18T11:49:49.802-0500] {logging_mixin.py:188} INFO - [2025-07-18T11:49:49.802-0500] {dag.py:3954} INFO - Setting next_dagrun for example_skip_dag to 2025-07-17 00:00:00+00:00, run_after=2025-07-18 00:00:00+00:00
[2025-07-18T11:49:49.822-0500] {processor.py:183} INFO - Processing /home/abhiram/jobtrak-stack/venv/lib/python3.12/site-packages/airflow/example_dags/example_skip_dag.py took 0.114 seconds
[2025-07-18T11:50:20.504-0500] {processor.py:161} INFO - Started process (PID=1061) to work on /home/abhiram/jobtrak-stack/venv/lib/python3.12/site-packages/airflow/example_dags/example_skip_dag.py
[2025-07-18T11:50:20.505-0500] {processor.py:830} INFO - Processing file /home/abhiram/jobtrak-stack/venv/lib/python3.12/site-packages/airflow/example_dags/example_skip_dag.py for tasks to queue
[2025-07-18T11:50:20.506-0500] {logging_mixin.py:188} INFO - [2025-07-18T11:50:20.506-0500] {dagbag.py:545} INFO - Filling up the DagBag from /home/abhiram/jobtrak-stack/venv/lib/python3.12/site-packages/airflow/example_dags/example_skip_dag.py
[2025-07-18T11:50:20.510-0500] {processor.py:840} INFO - DAG(s) 'example_skip_dag' retrieved from /home/abhiram/jobtrak-stack/venv/lib/python3.12/site-packages/airflow/example_dags/example_skip_dag.py
[2025-07-18T11:50:20.530-0500] {logging_mixin.py:188} INFO - [2025-07-18T11:50:20.530-0500] {dag.py:3096} INFO - Sync 1 DAGs
[2025-07-18T11:50:20.544-0500] {logging_mixin.py:188} INFO - [2025-07-18T11:50:20.544-0500] {dag.py:3954} INFO - Setting next_dagrun for example_skip_dag to 2025-07-17 00:00:00+00:00, run_after=2025-07-18 00:00:00+00:00
[2025-07-18T11:50:20.559-0500] {processor.py:183} INFO - Processing /home/abhiram/jobtrak-stack/venv/lib/python3.12/site-packages/airflow/example_dags/example_skip_dag.py took 0.059 seconds
[2025-07-18T11:50:50.675-0500] {processor.py:161} INFO - Started process (PID=1169) to work on /home/abhiram/jobtrak-stack/venv/lib/python3.12/site-packages/airflow/example_dags/example_skip_dag.py
[2025-07-18T11:50:50.675-0500] {processor.py:830} INFO - Processing file /home/abhiram/jobtrak-stack/venv/lib/python3.12/site-packages/airflow/example_dags/example_skip_dag.py for tasks to queue
[2025-07-18T11:50:50.676-0500] {logging_mixin.py:188} INFO - [2025-07-18T11:50:50.676-0500] {dagbag.py:545} INFO - Filling up the DagBag from /home/abhiram/jobtrak-stack/venv/lib/python3.12/site-packages/airflow/example_dags/example_skip_dag.py
[2025-07-18T11:50:50.680-0500] {processor.py:840} INFO - DAG(s) 'example_skip_dag' retrieved from /home/abhiram/jobtrak-stack/venv/lib/python3.12/site-packages/airflow/example_dags/example_skip_dag.py
[2025-07-18T11:50:50.701-0500] {logging_mixin.py:188} INFO - [2025-07-18T11:50:50.701-0500] {dag.py:3096} INFO - Sync 1 DAGs
[2025-07-18T11:50:50.716-0500] {logging_mixin.py:188} INFO - [2025-07-18T11:50:50.716-0500] {dag.py:3954} INFO - Setting next_dagrun for example_skip_dag to 2025-07-17 00:00:00+00:00, run_after=2025-07-18 00:00:00+00:00
[2025-07-18T11:50:50.730-0500] {processor.py:183} INFO - Processing /home/abhiram/jobtrak-stack/venv/lib/python3.12/site-packages/airflow/example_dags/example_skip_dag.py took 0.059 seconds
[2025-07-18T11:51:20.811-0500] {processor.py:161} INFO - Started process (PID=1277) to work on /home/abhiram/jobtrak-stack/venv/lib/python3.12/site-packages/airflow/example_dags/example_skip_dag.py
[2025-07-18T11:51:20.813-0500] {processor.py:830} INFO - Processing file /home/abhiram/jobtrak-stack/venv/lib/python3.12/site-packages/airflow/example_dags/example_skip_dag.py for tasks to queue
[2025-07-18T11:51:20.814-0500] {logging_mixin.py:188} INFO - [2025-07-18T11:51:20.814-0500] {dagbag.py:545} INFO - Filling up the DagBag from /home/abhiram/jobtrak-stack/venv/lib/python3.12/site-packages/airflow/example_dags/example_skip_dag.py
[2025-07-18T11:51:20.818-0500] {processor.py:840} INFO - DAG(s) 'example_skip_dag' retrieved from /home/abhiram/jobtrak-stack/venv/lib/python3.12/site-packages/airflow/example_dags/example_skip_dag.py
[2025-07-18T11:51:20.837-0500] {logging_mixin.py:188} INFO - [2025-07-18T11:51:20.837-0500] {dag.py:3096} INFO - Sync 1 DAGs
[2025-07-18T11:51:20.853-0500] {logging_mixin.py:188} INFO - [2025-07-18T11:51:20.853-0500] {dag.py:3954} INFO - Setting next_dagrun for example_skip_dag to 2025-07-17 00:00:00+00:00, run_after=2025-07-18 00:00:00+00:00
[2025-07-18T11:51:20.873-0500] {processor.py:183} INFO - Processing /home/abhiram/jobtrak-stack/venv/lib/python3.12/site-packages/airflow/example_dags/example_skip_dag.py took 0.066 seconds
[2025-07-18T11:51:51.171-0500] {processor.py:161} INFO - Started process (PID=1383) to work on /home/abhiram/jobtrak-stack/venv/lib/python3.12/site-packages/airflow/example_dags/example_skip_dag.py
[2025-07-18T11:51:51.171-0500] {processor.py:830} INFO - Processing file /home/abhiram/jobtrak-stack/venv/lib/python3.12/site-packages/airflow/example_dags/example_skip_dag.py for tasks to queue
[2025-07-18T11:51:51.172-0500] {logging_mixin.py:188} INFO - [2025-07-18T11:51:51.172-0500] {dagbag.py:545} INFO - Filling up the DagBag from /home/abhiram/jobtrak-stack/venv/lib/python3.12/site-packages/airflow/example_dags/example_skip_dag.py
[2025-07-18T11:51:51.177-0500] {processor.py:840} INFO - DAG(s) 'example_skip_dag' retrieved from /home/abhiram/jobtrak-stack/venv/lib/python3.12/site-packages/airflow/example_dags/example_skip_dag.py
[2025-07-18T11:51:51.194-0500] {logging_mixin.py:188} INFO - [2025-07-18T11:51:51.194-0500] {dag.py:3096} INFO - Sync 1 DAGs
[2025-07-18T11:51:51.208-0500] {logging_mixin.py:188} INFO - [2025-07-18T11:51:51.208-0500] {dag.py:3954} INFO - Setting next_dagrun for example_skip_dag to 2025-07-17 00:00:00+00:00, run_after=2025-07-18 00:00:00+00:00
[2025-07-18T11:51:51.225-0500] {processor.py:183} INFO - Processing /home/abhiram/jobtrak-stack/venv/lib/python3.12/site-packages/airflow/example_dags/example_skip_dag.py took 0.059 seconds
