[2025-07-18T11:49:18.492-0500] {processor.py:161} INFO - Started process (PID=819) to work on /home/abhiram/jobtrak-stack/venv/lib/python3.12/site-packages/airflow/example_dags/example_branch_python_dop_operator_3.py
[2025-07-18T11:49:18.492-0500] {processor.py:830} INFO - Processing file /home/abhiram/jobtrak-stack/venv/lib/python3.12/site-packages/airflow/example_dags/example_branch_python_dop_operator_3.py for tasks to queue
[2025-07-18T11:49:18.493-0500] {logging_mixin.py:188} INFO - [2025-07-18T11:49:18.493-0500] {dagbag.py:545} INFO - Filling up the DagBag from /home/abhiram/jobtrak-stack/venv/lib/python3.12/site-packages/airflow/example_dags/example_branch_python_dop_operator_3.py
[2025-07-18T11:49:18.498-0500] {processor.py:840} INFO - DAG(s) 'example_branch_dop_operator_v3' retrieved from /home/abhiram/jobtrak-stack/venv/lib/python3.12/site-packages/airflow/example_dags/example_branch_python_dop_operator_3.py
[2025-07-18T11:49:18.510-0500] {logging_mixin.py:188} INFO - [2025-07-18T11:49:18.510-0500] {dag.py:3096} INFO - Sync 1 DAGs
[2025-07-18T11:49:18.528-0500] {logging_mixin.py:188} INFO - [2025-07-18T11:49:18.528-0500] {dag.py:3954} INFO - Setting next_dagrun for example_branch_dop_operator_v3 to 2025-07-18 16:48:00+00:00, run_after=2025-07-18 16:49:00+00:00
[2025-07-18T11:49:18.542-0500] {processor.py:183} INFO - Processing /home/abhiram/jobtrak-stack/venv/lib/python3.12/site-packages/airflow/example_dags/example_branch_python_dop_operator_3.py took 0.054 seconds
[2025-07-18T11:49:49.939-0500] {processor.py:161} INFO - Started process (PID=945) to work on /home/abhiram/jobtrak-stack/venv/lib/python3.12/site-packages/airflow/example_dags/example_branch_python_dop_operator_3.py
[2025-07-18T11:49:49.940-0500] {processor.py:830} INFO - Processing file /home/abhiram/jobtrak-stack/venv/lib/python3.12/site-packages/airflow/example_dags/example_branch_python_dop_operator_3.py for tasks to queue
[2025-07-18T11:49:49.941-0500] {logging_mixin.py:188} INFO - [2025-07-18T11:49:49.941-0500] {dagbag.py:545} INFO - Filling up the DagBag from /home/abhiram/jobtrak-stack/venv/lib/python3.12/site-packages/airflow/example_dags/example_branch_python_dop_operator_3.py
[2025-07-18T11:49:49.949-0500] {processor.py:840} INFO - DAG(s) 'example_branch_dop_operator_v3' retrieved from /home/abhiram/jobtrak-stack/venv/lib/python3.12/site-packages/airflow/example_dags/example_branch_python_dop_operator_3.py
[2025-07-18T11:49:50.022-0500] {logging_mixin.py:188} INFO - [2025-07-18T11:49:50.022-0500] {dag.py:3096} INFO - Sync 1 DAGs
[2025-07-18T11:49:50.035-0500] {logging_mixin.py:188} INFO - [2025-07-18T11:49:50.035-0500] {dag.py:3954} INFO - Setting next_dagrun for example_branch_dop_operator_v3 to 2025-07-18 16:48:00+00:00, run_after=2025-07-18 16:49:00+00:00
[2025-07-18T11:49:50.048-0500] {processor.py:183} INFO - Processing /home/abhiram/jobtrak-stack/venv/lib/python3.12/site-packages/airflow/example_dags/example_branch_python_dop_operator_3.py took 0.112 seconds
[2025-07-18T11:50:20.662-0500] {processor.py:161} INFO - Started process (PID=1068) to work on /home/abhiram/jobtrak-stack/venv/lib/python3.12/site-packages/airflow/example_dags/example_branch_python_dop_operator_3.py
[2025-07-18T11:50:20.664-0500] {processor.py:830} INFO - Processing file /home/abhiram/jobtrak-stack/venv/lib/python3.12/site-packages/airflow/example_dags/example_branch_python_dop_operator_3.py for tasks to queue
[2025-07-18T11:50:20.665-0500] {logging_mixin.py:188} INFO - [2025-07-18T11:50:20.665-0500] {dagbag.py:545} INFO - Filling up the DagBag from /home/abhiram/jobtrak-stack/venv/lib/python3.12/site-packages/airflow/example_dags/example_branch_python_dop_operator_3.py
[2025-07-18T11:50:20.670-0500] {processor.py:840} INFO - DAG(s) 'example_branch_dop_operator_v3' retrieved from /home/abhiram/jobtrak-stack/venv/lib/python3.12/site-packages/airflow/example_dags/example_branch_python_dop_operator_3.py
[2025-07-18T11:50:20.691-0500] {logging_mixin.py:188} INFO - [2025-07-18T11:50:20.691-0500] {dag.py:3096} INFO - Sync 1 DAGs
[2025-07-18T11:50:20.712-0500] {logging_mixin.py:188} INFO - [2025-07-18T11:50:20.712-0500] {dag.py:3954} INFO - Setting next_dagrun for example_branch_dop_operator_v3 to 2025-07-18 16:49:00+00:00, run_after=2025-07-18 16:50:00+00:00
[2025-07-18T11:50:20.727-0500] {processor.py:183} INFO - Processing /home/abhiram/jobtrak-stack/venv/lib/python3.12/site-packages/airflow/example_dags/example_branch_python_dop_operator_3.py took 0.068 seconds
[2025-07-18T11:50:50.833-0500] {processor.py:161} INFO - Started process (PID=1177) to work on /home/abhiram/jobtrak-stack/venv/lib/python3.12/site-packages/airflow/example_dags/example_branch_python_dop_operator_3.py
[2025-07-18T11:50:50.833-0500] {processor.py:830} INFO - Processing file /home/abhiram/jobtrak-stack/venv/lib/python3.12/site-packages/airflow/example_dags/example_branch_python_dop_operator_3.py for tasks to queue
[2025-07-18T11:50:50.834-0500] {logging_mixin.py:188} INFO - [2025-07-18T11:50:50.834-0500] {dagbag.py:545} INFO - Filling up the DagBag from /home/abhiram/jobtrak-stack/venv/lib/python3.12/site-packages/airflow/example_dags/example_branch_python_dop_operator_3.py
[2025-07-18T11:50:50.840-0500] {processor.py:840} INFO - DAG(s) 'example_branch_dop_operator_v3' retrieved from /home/abhiram/jobtrak-stack/venv/lib/python3.12/site-packages/airflow/example_dags/example_branch_python_dop_operator_3.py
[2025-07-18T11:50:50.859-0500] {logging_mixin.py:188} INFO - [2025-07-18T11:50:50.859-0500] {dag.py:3096} INFO - Sync 1 DAGs
[2025-07-18T11:50:50.875-0500] {logging_mixin.py:188} INFO - [2025-07-18T11:50:50.875-0500] {dag.py:3954} INFO - Setting next_dagrun for example_branch_dop_operator_v3 to 2025-07-18 16:49:00+00:00, run_after=2025-07-18 16:50:00+00:00
[2025-07-18T11:50:50.889-0500] {processor.py:183} INFO - Processing /home/abhiram/jobtrak-stack/venv/lib/python3.12/site-packages/airflow/example_dags/example_branch_python_dop_operator_3.py took 0.062 seconds
[2025-07-18T11:51:20.977-0500] {processor.py:161} INFO - Started process (PID=1285) to work on /home/abhiram/jobtrak-stack/venv/lib/python3.12/site-packages/airflow/example_dags/example_branch_python_dop_operator_3.py
[2025-07-18T11:51:20.979-0500] {processor.py:830} INFO - Processing file /home/abhiram/jobtrak-stack/venv/lib/python3.12/site-packages/airflow/example_dags/example_branch_python_dop_operator_3.py for tasks to queue
[2025-07-18T11:51:20.980-0500] {logging_mixin.py:188} INFO - [2025-07-18T11:51:20.980-0500] {dagbag.py:545} INFO - Filling up the DagBag from /home/abhiram/jobtrak-stack/venv/lib/python3.12/site-packages/airflow/example_dags/example_branch_python_dop_operator_3.py
[2025-07-18T11:51:20.987-0500] {processor.py:840} INFO - DAG(s) 'example_branch_dop_operator_v3' retrieved from /home/abhiram/jobtrak-stack/venv/lib/python3.12/site-packages/airflow/example_dags/example_branch_python_dop_operator_3.py
[2025-07-18T11:51:21.007-0500] {logging_mixin.py:188} INFO - [2025-07-18T11:51:21.007-0500] {dag.py:3096} INFO - Sync 1 DAGs
[2025-07-18T11:51:21.027-0500] {logging_mixin.py:188} INFO - [2025-07-18T11:51:21.026-0500] {dag.py:3954} INFO - Setting next_dagrun for example_branch_dop_operator_v3 to 2025-07-18 16:50:00+00:00, run_after=2025-07-18 16:51:00+00:00
[2025-07-18T11:51:21.043-0500] {processor.py:183} INFO - Processing /home/abhiram/jobtrak-stack/venv/lib/python3.12/site-packages/airflow/example_dags/example_branch_python_dop_operator_3.py took 0.070 seconds
[2025-07-18T11:51:51.331-0500] {processor.py:161} INFO - Started process (PID=1390) to work on /home/abhiram/jobtrak-stack/venv/lib/python3.12/site-packages/airflow/example_dags/example_branch_python_dop_operator_3.py
[2025-07-18T11:51:51.331-0500] {processor.py:830} INFO - Processing file /home/abhiram/jobtrak-stack/venv/lib/python3.12/site-packages/airflow/example_dags/example_branch_python_dop_operator_3.py for tasks to queue
[2025-07-18T11:51:51.333-0500] {logging_mixin.py:188} INFO - [2025-07-18T11:51:51.332-0500] {dagbag.py:545} INFO - Filling up the DagBag from /home/abhiram/jobtrak-stack/venv/lib/python3.12/site-packages/airflow/example_dags/example_branch_python_dop_operator_3.py
[2025-07-18T11:51:51.339-0500] {processor.py:840} INFO - DAG(s) 'example_branch_dop_operator_v3' retrieved from /home/abhiram/jobtrak-stack/venv/lib/python3.12/site-packages/airflow/example_dags/example_branch_python_dop_operator_3.py
[2025-07-18T11:51:51.366-0500] {logging_mixin.py:188} INFO - [2025-07-18T11:51:51.366-0500] {dag.py:3096} INFO - Sync 1 DAGs
[2025-07-18T11:51:51.384-0500] {logging_mixin.py:188} INFO - [2025-07-18T11:51:51.383-0500] {dag.py:3954} INFO - Setting next_dagrun for example_branch_dop_operator_v3 to 2025-07-18 16:50:00+00:00, run_after=2025-07-18 16:51:00+00:00
[2025-07-18T11:51:51.401-0500] {processor.py:183} INFO - Processing /home/abhiram/jobtrak-stack/venv/lib/python3.12/site-packages/airflow/example_dags/example_branch_python_dop_operator_3.py took 0.074 seconds
[2025-07-18T12:32:15.686-0500] {processor.py:161} INFO - Started process (PID=1930) to work on /home/abhiram/jobtrak-stack/venv/lib/python3.12/site-packages/airflow/example_dags/example_branch_python_dop_operator_3.py
[2025-07-18T12:32:15.687-0500] {processor.py:830} INFO - Processing file /home/abhiram/jobtrak-stack/venv/lib/python3.12/site-packages/airflow/example_dags/example_branch_python_dop_operator_3.py for tasks to queue
[2025-07-18T12:32:15.689-0500] {logging_mixin.py:188} INFO - [2025-07-18T12:32:15.688-0500] {dagbag.py:545} INFO - Filling up the DagBag from /home/abhiram/jobtrak-stack/venv/lib/python3.12/site-packages/airflow/example_dags/example_branch_python_dop_operator_3.py
[2025-07-18T12:32:15.694-0500] {processor.py:840} INFO - DAG(s) 'example_branch_dop_operator_v3' retrieved from /home/abhiram/jobtrak-stack/venv/lib/python3.12/site-packages/airflow/example_dags/example_branch_python_dop_operator_3.py
[2025-07-18T12:32:15.714-0500] {logging_mixin.py:188} INFO - [2025-07-18T12:32:15.714-0500] {dag.py:3096} INFO - Sync 1 DAGs
[2025-07-18T12:32:15.730-0500] {logging_mixin.py:188} INFO - [2025-07-18T12:32:15.730-0500] {dag.py:3954} INFO - Setting next_dagrun for example_branch_dop_operator_v3 to 2025-07-18 17:31:00+00:00, run_after=2025-07-18 17:32:00+00:00
[2025-07-18T12:32:15.745-0500] {processor.py:183} INFO - Processing /home/abhiram/jobtrak-stack/venv/lib/python3.12/site-packages/airflow/example_dags/example_branch_python_dop_operator_3.py took 0.062 seconds
[2025-07-18T12:32:46.094-0500] {processor.py:161} INFO - Started process (PID=2059) to work on /home/abhiram/jobtrak-stack/venv/lib/python3.12/site-packages/airflow/example_dags/example_branch_python_dop_operator_3.py
[2025-07-18T12:32:46.095-0500] {processor.py:830} INFO - Processing file /home/abhiram/jobtrak-stack/venv/lib/python3.12/site-packages/airflow/example_dags/example_branch_python_dop_operator_3.py for tasks to queue
[2025-07-18T12:32:46.096-0500] {logging_mixin.py:188} INFO - [2025-07-18T12:32:46.096-0500] {dagbag.py:545} INFO - Filling up the DagBag from /home/abhiram/jobtrak-stack/venv/lib/python3.12/site-packages/airflow/example_dags/example_branch_python_dop_operator_3.py
[2025-07-18T12:32:46.102-0500] {processor.py:840} INFO - DAG(s) 'example_branch_dop_operator_v3' retrieved from /home/abhiram/jobtrak-stack/venv/lib/python3.12/site-packages/airflow/example_dags/example_branch_python_dop_operator_3.py
[2025-07-18T12:32:46.121-0500] {logging_mixin.py:188} INFO - [2025-07-18T12:32:46.121-0500] {dag.py:3096} INFO - Sync 1 DAGs
[2025-07-18T12:32:46.138-0500] {logging_mixin.py:188} INFO - [2025-07-18T12:32:46.138-0500] {dag.py:3954} INFO - Setting next_dagrun for example_branch_dop_operator_v3 to 2025-07-18 17:31:00+00:00, run_after=2025-07-18 17:32:00+00:00
[2025-07-18T12:32:46.155-0500] {processor.py:183} INFO - Processing /home/abhiram/jobtrak-stack/venv/lib/python3.12/site-packages/airflow/example_dags/example_branch_python_dop_operator_3.py took 0.064 seconds
[2025-07-18T12:33:16.252-0500] {processor.py:161} INFO - Started process (PID=2179) to work on /home/abhiram/jobtrak-stack/venv/lib/python3.12/site-packages/airflow/example_dags/example_branch_python_dop_operator_3.py
[2025-07-18T12:33:16.253-0500] {processor.py:830} INFO - Processing file /home/abhiram/jobtrak-stack/venv/lib/python3.12/site-packages/airflow/example_dags/example_branch_python_dop_operator_3.py for tasks to queue
[2025-07-18T12:33:16.254-0500] {logging_mixin.py:188} INFO - [2025-07-18T12:33:16.254-0500] {dagbag.py:545} INFO - Filling up the DagBag from /home/abhiram/jobtrak-stack/venv/lib/python3.12/site-packages/airflow/example_dags/example_branch_python_dop_operator_3.py
[2025-07-18T12:33:16.259-0500] {processor.py:840} INFO - DAG(s) 'example_branch_dop_operator_v3' retrieved from /home/abhiram/jobtrak-stack/venv/lib/python3.12/site-packages/airflow/example_dags/example_branch_python_dop_operator_3.py
[2025-07-18T12:33:16.276-0500] {logging_mixin.py:188} INFO - [2025-07-18T12:33:16.275-0500] {dag.py:3096} INFO - Sync 1 DAGs
[2025-07-18T12:33:16.291-0500] {logging_mixin.py:188} INFO - [2025-07-18T12:33:16.291-0500] {dag.py:3954} INFO - Setting next_dagrun for example_branch_dop_operator_v3 to 2025-07-18 17:32:00+00:00, run_after=2025-07-18 17:33:00+00:00
[2025-07-18T12:33:16.305-0500] {processor.py:183} INFO - Processing /home/abhiram/jobtrak-stack/venv/lib/python3.12/site-packages/airflow/example_dags/example_branch_python_dop_operator_3.py took 0.057 seconds
[2025-07-18T12:33:46.525-0500] {processor.py:161} INFO - Started process (PID=2292) to work on /home/abhiram/jobtrak-stack/venv/lib/python3.12/site-packages/airflow/example_dags/example_branch_python_dop_operator_3.py
[2025-07-18T12:33:46.525-0500] {processor.py:830} INFO - Processing file /home/abhiram/jobtrak-stack/venv/lib/python3.12/site-packages/airflow/example_dags/example_branch_python_dop_operator_3.py for tasks to queue
[2025-07-18T12:33:46.526-0500] {logging_mixin.py:188} INFO - [2025-07-18T12:33:46.526-0500] {dagbag.py:545} INFO - Filling up the DagBag from /home/abhiram/jobtrak-stack/venv/lib/python3.12/site-packages/airflow/example_dags/example_branch_python_dop_operator_3.py
[2025-07-18T12:33:46.531-0500] {processor.py:840} INFO - DAG(s) 'example_branch_dop_operator_v3' retrieved from /home/abhiram/jobtrak-stack/venv/lib/python3.12/site-packages/airflow/example_dags/example_branch_python_dop_operator_3.py
[2025-07-18T12:33:46.549-0500] {logging_mixin.py:188} INFO - [2025-07-18T12:33:46.549-0500] {dag.py:3096} INFO - Sync 1 DAGs
[2025-07-18T12:33:46.564-0500] {logging_mixin.py:188} INFO - [2025-07-18T12:33:46.564-0500] {dag.py:3954} INFO - Setting next_dagrun for example_branch_dop_operator_v3 to 2025-07-18 17:32:00+00:00, run_after=2025-07-18 17:33:00+00:00
[2025-07-18T12:33:46.581-0500] {processor.py:183} INFO - Processing /home/abhiram/jobtrak-stack/venv/lib/python3.12/site-packages/airflow/example_dags/example_branch_python_dop_operator_3.py took 0.060 seconds
[2025-07-18T12:34:16.889-0500] {processor.py:161} INFO - Started process (PID=2398) to work on /home/abhiram/jobtrak-stack/venv/lib/python3.12/site-packages/airflow/example_dags/example_branch_python_dop_operator_3.py
[2025-07-18T12:34:16.890-0500] {processor.py:830} INFO - Processing file /home/abhiram/jobtrak-stack/venv/lib/python3.12/site-packages/airflow/example_dags/example_branch_python_dop_operator_3.py for tasks to queue
[2025-07-18T12:34:16.891-0500] {logging_mixin.py:188} INFO - [2025-07-18T12:34:16.891-0500] {dagbag.py:545} INFO - Filling up the DagBag from /home/abhiram/jobtrak-stack/venv/lib/python3.12/site-packages/airflow/example_dags/example_branch_python_dop_operator_3.py
[2025-07-18T12:34:16.896-0500] {processor.py:840} INFO - DAG(s) 'example_branch_dop_operator_v3' retrieved from /home/abhiram/jobtrak-stack/venv/lib/python3.12/site-packages/airflow/example_dags/example_branch_python_dop_operator_3.py
[2025-07-18T12:34:16.913-0500] {logging_mixin.py:188} INFO - [2025-07-18T12:34:16.913-0500] {dag.py:3096} INFO - Sync 1 DAGs
[2025-07-18T12:34:16.930-0500] {logging_mixin.py:188} INFO - [2025-07-18T12:34:16.929-0500] {dag.py:3954} INFO - Setting next_dagrun for example_branch_dop_operator_v3 to 2025-07-18 17:33:00+00:00, run_after=2025-07-18 17:34:00+00:00
[2025-07-18T12:34:16.944-0500] {processor.py:183} INFO - Processing /home/abhiram/jobtrak-stack/venv/lib/python3.12/site-packages/airflow/example_dags/example_branch_python_dop_operator_3.py took 0.058 seconds
[2025-07-18T12:34:47.460-0500] {processor.py:161} INFO - Started process (PID=2507) to work on /home/abhiram/jobtrak-stack/venv/lib/python3.12/site-packages/airflow/example_dags/example_branch_python_dop_operator_3.py
[2025-07-18T12:34:47.461-0500] {processor.py:830} INFO - Processing file /home/abhiram/jobtrak-stack/venv/lib/python3.12/site-packages/airflow/example_dags/example_branch_python_dop_operator_3.py for tasks to queue
[2025-07-18T12:34:47.462-0500] {logging_mixin.py:188} INFO - [2025-07-18T12:34:47.462-0500] {dagbag.py:545} INFO - Filling up the DagBag from /home/abhiram/jobtrak-stack/venv/lib/python3.12/site-packages/airflow/example_dags/example_branch_python_dop_operator_3.py
[2025-07-18T12:34:47.467-0500] {processor.py:840} INFO - DAG(s) 'example_branch_dop_operator_v3' retrieved from /home/abhiram/jobtrak-stack/venv/lib/python3.12/site-packages/airflow/example_dags/example_branch_python_dop_operator_3.py
[2025-07-18T12:34:47.488-0500] {logging_mixin.py:188} INFO - [2025-07-18T12:34:47.488-0500] {dag.py:3096} INFO - Sync 1 DAGs
[2025-07-18T12:34:47.504-0500] {logging_mixin.py:188} INFO - [2025-07-18T12:34:47.504-0500] {dag.py:3954} INFO - Setting next_dagrun for example_branch_dop_operator_v3 to 2025-07-18 17:33:00+00:00, run_after=2025-07-18 17:34:00+00:00
[2025-07-18T12:34:47.521-0500] {processor.py:183} INFO - Processing /home/abhiram/jobtrak-stack/venv/lib/python3.12/site-packages/airflow/example_dags/example_branch_python_dop_operator_3.py took 0.068 seconds
[2025-07-18T12:35:17.971-0500] {processor.py:161} INFO - Started process (PID=2617) to work on /home/abhiram/jobtrak-stack/venv/lib/python3.12/site-packages/airflow/example_dags/example_branch_python_dop_operator_3.py
[2025-07-18T12:35:17.972-0500] {processor.py:830} INFO - Processing file /home/abhiram/jobtrak-stack/venv/lib/python3.12/site-packages/airflow/example_dags/example_branch_python_dop_operator_3.py for tasks to queue
[2025-07-18T12:35:17.973-0500] {logging_mixin.py:188} INFO - [2025-07-18T12:35:17.973-0500] {dagbag.py:545} INFO - Filling up the DagBag from /home/abhiram/jobtrak-stack/venv/lib/python3.12/site-packages/airflow/example_dags/example_branch_python_dop_operator_3.py
[2025-07-18T12:35:17.978-0500] {processor.py:840} INFO - DAG(s) 'example_branch_dop_operator_v3' retrieved from /home/abhiram/jobtrak-stack/venv/lib/python3.12/site-packages/airflow/example_dags/example_branch_python_dop_operator_3.py
[2025-07-18T12:35:17.999-0500] {logging_mixin.py:188} INFO - [2025-07-18T12:35:17.999-0500] {dag.py:3096} INFO - Sync 1 DAGs
[2025-07-18T12:35:18.029-0500] {logging_mixin.py:188} INFO - [2025-07-18T12:35:18.029-0500] {dag.py:3954} INFO - Setting next_dagrun for example_branch_dop_operator_v3 to 2025-07-18 17:34:00+00:00, run_after=2025-07-18 17:35:00+00:00
[2025-07-18T12:35:18.045-0500] {processor.py:183} INFO - Processing /home/abhiram/jobtrak-stack/venv/lib/python3.12/site-packages/airflow/example_dags/example_branch_python_dop_operator_3.py took 0.079 seconds
[2025-07-18T12:35:48.240-0500] {processor.py:161} INFO - Started process (PID=2721) to work on /home/abhiram/jobtrak-stack/venv/lib/python3.12/site-packages/airflow/example_dags/example_branch_python_dop_operator_3.py
[2025-07-18T12:35:48.240-0500] {processor.py:830} INFO - Processing file /home/abhiram/jobtrak-stack/venv/lib/python3.12/site-packages/airflow/example_dags/example_branch_python_dop_operator_3.py for tasks to queue
[2025-07-18T12:35:48.241-0500] {logging_mixin.py:188} INFO - [2025-07-18T12:35:48.241-0500] {dagbag.py:545} INFO - Filling up the DagBag from /home/abhiram/jobtrak-stack/venv/lib/python3.12/site-packages/airflow/example_dags/example_branch_python_dop_operator_3.py
[2025-07-18T12:35:48.247-0500] {processor.py:840} INFO - DAG(s) 'example_branch_dop_operator_v3' retrieved from /home/abhiram/jobtrak-stack/venv/lib/python3.12/site-packages/airflow/example_dags/example_branch_python_dop_operator_3.py
[2025-07-18T12:35:48.265-0500] {logging_mixin.py:188} INFO - [2025-07-18T12:35:48.265-0500] {dag.py:3096} INFO - Sync 1 DAGs
[2025-07-18T12:35:48.280-0500] {logging_mixin.py:188} INFO - [2025-07-18T12:35:48.280-0500] {dag.py:3954} INFO - Setting next_dagrun for example_branch_dop_operator_v3 to 2025-07-18 17:34:00+00:00, run_after=2025-07-18 17:35:00+00:00
[2025-07-18T12:35:48.297-0500] {processor.py:183} INFO - Processing /home/abhiram/jobtrak-stack/venv/lib/python3.12/site-packages/airflow/example_dags/example_branch_python_dop_operator_3.py took 0.061 seconds
[2025-07-18T12:36:18.786-0500] {processor.py:161} INFO - Started process (PID=2828) to work on /home/abhiram/jobtrak-stack/venv/lib/python3.12/site-packages/airflow/example_dags/example_branch_python_dop_operator_3.py
[2025-07-18T12:36:18.786-0500] {processor.py:830} INFO - Processing file /home/abhiram/jobtrak-stack/venv/lib/python3.12/site-packages/airflow/example_dags/example_branch_python_dop_operator_3.py for tasks to queue
[2025-07-18T12:36:18.787-0500] {logging_mixin.py:188} INFO - [2025-07-18T12:36:18.787-0500] {dagbag.py:545} INFO - Filling up the DagBag from /home/abhiram/jobtrak-stack/venv/lib/python3.12/site-packages/airflow/example_dags/example_branch_python_dop_operator_3.py
[2025-07-18T12:36:18.793-0500] {processor.py:840} INFO - DAG(s) 'example_branch_dop_operator_v3' retrieved from /home/abhiram/jobtrak-stack/venv/lib/python3.12/site-packages/airflow/example_dags/example_branch_python_dop_operator_3.py
[2025-07-18T12:36:18.810-0500] {logging_mixin.py:188} INFO - [2025-07-18T12:36:18.810-0500] {dag.py:3096} INFO - Sync 1 DAGs
[2025-07-18T12:36:18.825-0500] {logging_mixin.py:188} INFO - [2025-07-18T12:36:18.825-0500] {dag.py:3954} INFO - Setting next_dagrun for example_branch_dop_operator_v3 to 2025-07-18 17:35:00+00:00, run_after=2025-07-18 17:36:00+00:00
[2025-07-18T12:36:18.841-0500] {processor.py:183} INFO - Processing /home/abhiram/jobtrak-stack/venv/lib/python3.12/site-packages/airflow/example_dags/example_branch_python_dop_operator_3.py took 0.060 seconds
[2025-07-18T12:36:49.090-0500] {processor.py:161} INFO - Started process (PID=2945) to work on /home/abhiram/jobtrak-stack/venv/lib/python3.12/site-packages/airflow/example_dags/example_branch_python_dop_operator_3.py
[2025-07-18T12:36:49.091-0500] {processor.py:830} INFO - Processing file /home/abhiram/jobtrak-stack/venv/lib/python3.12/site-packages/airflow/example_dags/example_branch_python_dop_operator_3.py for tasks to queue
[2025-07-18T12:36:49.091-0500] {logging_mixin.py:188} INFO - [2025-07-18T12:36:49.091-0500] {dagbag.py:545} INFO - Filling up the DagBag from /home/abhiram/jobtrak-stack/venv/lib/python3.12/site-packages/airflow/example_dags/example_branch_python_dop_operator_3.py
[2025-07-18T12:36:49.096-0500] {processor.py:840} INFO - DAG(s) 'example_branch_dop_operator_v3' retrieved from /home/abhiram/jobtrak-stack/venv/lib/python3.12/site-packages/airflow/example_dags/example_branch_python_dop_operator_3.py
[2025-07-18T12:36:49.112-0500] {logging_mixin.py:188} INFO - [2025-07-18T12:36:49.111-0500] {dag.py:3096} INFO - Sync 1 DAGs
[2025-07-18T12:36:49.126-0500] {logging_mixin.py:188} INFO - [2025-07-18T12:36:49.126-0500] {dag.py:3954} INFO - Setting next_dagrun for example_branch_dop_operator_v3 to 2025-07-18 17:35:00+00:00, run_after=2025-07-18 17:36:00+00:00
[2025-07-18T12:36:49.140-0500] {processor.py:183} INFO - Processing /home/abhiram/jobtrak-stack/venv/lib/python3.12/site-packages/airflow/example_dags/example_branch_python_dop_operator_3.py took 0.053 seconds
[2025-07-18T12:37:19.495-0500] {processor.py:161} INFO - Started process (PID=3160) to work on /home/abhiram/jobtrak-stack/venv/lib/python3.12/site-packages/airflow/example_dags/example_branch_python_dop_operator_3.py
[2025-07-18T12:37:19.496-0500] {processor.py:830} INFO - Processing file /home/abhiram/jobtrak-stack/venv/lib/python3.12/site-packages/airflow/example_dags/example_branch_python_dop_operator_3.py for tasks to queue
[2025-07-18T12:37:19.496-0500] {logging_mixin.py:188} INFO - [2025-07-18T12:37:19.496-0500] {dagbag.py:545} INFO - Filling up the DagBag from /home/abhiram/jobtrak-stack/venv/lib/python3.12/site-packages/airflow/example_dags/example_branch_python_dop_operator_3.py
[2025-07-18T12:37:19.502-0500] {processor.py:840} INFO - DAG(s) 'example_branch_dop_operator_v3' retrieved from /home/abhiram/jobtrak-stack/venv/lib/python3.12/site-packages/airflow/example_dags/example_branch_python_dop_operator_3.py
[2025-07-18T12:37:19.520-0500] {logging_mixin.py:188} INFO - [2025-07-18T12:37:19.520-0500] {dag.py:3096} INFO - Sync 1 DAGs
[2025-07-18T12:37:19.536-0500] {logging_mixin.py:188} INFO - [2025-07-18T12:37:19.536-0500] {dag.py:3954} INFO - Setting next_dagrun for example_branch_dop_operator_v3 to 2025-07-18 17:36:00+00:00, run_after=2025-07-18 17:37:00+00:00
[2025-07-18T12:37:19.552-0500] {processor.py:183} INFO - Processing /home/abhiram/jobtrak-stack/venv/lib/python3.12/site-packages/airflow/example_dags/example_branch_python_dop_operator_3.py took 0.062 seconds
[2025-07-18T12:37:49.910-0500] {processor.py:161} INFO - Started process (PID=3269) to work on /home/abhiram/jobtrak-stack/venv/lib/python3.12/site-packages/airflow/example_dags/example_branch_python_dop_operator_3.py
[2025-07-18T12:37:49.910-0500] {processor.py:830} INFO - Processing file /home/abhiram/jobtrak-stack/venv/lib/python3.12/site-packages/airflow/example_dags/example_branch_python_dop_operator_3.py for tasks to queue
[2025-07-18T12:37:49.912-0500] {logging_mixin.py:188} INFO - [2025-07-18T12:37:49.911-0500] {dagbag.py:545} INFO - Filling up the DagBag from /home/abhiram/jobtrak-stack/venv/lib/python3.12/site-packages/airflow/example_dags/example_branch_python_dop_operator_3.py
[2025-07-18T12:37:49.917-0500] {processor.py:840} INFO - DAG(s) 'example_branch_dop_operator_v3' retrieved from /home/abhiram/jobtrak-stack/venv/lib/python3.12/site-packages/airflow/example_dags/example_branch_python_dop_operator_3.py
[2025-07-18T12:37:49.935-0500] {logging_mixin.py:188} INFO - [2025-07-18T12:37:49.934-0500] {dag.py:3096} INFO - Sync 1 DAGs
[2025-07-18T12:37:49.949-0500] {logging_mixin.py:188} INFO - [2025-07-18T12:37:49.949-0500] {dag.py:3954} INFO - Setting next_dagrun for example_branch_dop_operator_v3 to 2025-07-18 17:36:00+00:00, run_after=2025-07-18 17:37:00+00:00
[2025-07-18T12:37:49.964-0500] {processor.py:183} INFO - Processing /home/abhiram/jobtrak-stack/venv/lib/python3.12/site-packages/airflow/example_dags/example_branch_python_dop_operator_3.py took 0.058 seconds
[2025-07-18T12:38:20.155-0500] {processor.py:161} INFO - Started process (PID=3375) to work on /home/abhiram/jobtrak-stack/venv/lib/python3.12/site-packages/airflow/example_dags/example_branch_python_dop_operator_3.py
[2025-07-18T12:38:20.156-0500] {processor.py:830} INFO - Processing file /home/abhiram/jobtrak-stack/venv/lib/python3.12/site-packages/airflow/example_dags/example_branch_python_dop_operator_3.py for tasks to queue
[2025-07-18T12:38:20.157-0500] {logging_mixin.py:188} INFO - [2025-07-18T12:38:20.157-0500] {dagbag.py:545} INFO - Filling up the DagBag from /home/abhiram/jobtrak-stack/venv/lib/python3.12/site-packages/airflow/example_dags/example_branch_python_dop_operator_3.py
[2025-07-18T12:38:20.162-0500] {processor.py:840} INFO - DAG(s) 'example_branch_dop_operator_v3' retrieved from /home/abhiram/jobtrak-stack/venv/lib/python3.12/site-packages/airflow/example_dags/example_branch_python_dop_operator_3.py
[2025-07-18T12:38:20.181-0500] {logging_mixin.py:188} INFO - [2025-07-18T12:38:20.181-0500] {dag.py:3096} INFO - Sync 1 DAGs
[2025-07-18T12:38:20.198-0500] {logging_mixin.py:188} INFO - [2025-07-18T12:38:20.198-0500] {dag.py:3954} INFO - Setting next_dagrun for example_branch_dop_operator_v3 to 2025-07-18 17:37:00+00:00, run_after=2025-07-18 17:38:00+00:00
[2025-07-18T12:38:20.213-0500] {processor.py:183} INFO - Processing /home/abhiram/jobtrak-stack/venv/lib/python3.12/site-packages/airflow/example_dags/example_branch_python_dop_operator_3.py took 0.063 seconds
[2025-07-18T12:38:50.647-0500] {processor.py:161} INFO - Started process (PID=3483) to work on /home/abhiram/jobtrak-stack/venv/lib/python3.12/site-packages/airflow/example_dags/example_branch_python_dop_operator_3.py
[2025-07-18T12:38:50.648-0500] {processor.py:830} INFO - Processing file /home/abhiram/jobtrak-stack/venv/lib/python3.12/site-packages/airflow/example_dags/example_branch_python_dop_operator_3.py for tasks to queue
[2025-07-18T12:38:50.650-0500] {logging_mixin.py:188} INFO - [2025-07-18T12:38:50.649-0500] {dagbag.py:545} INFO - Filling up the DagBag from /home/abhiram/jobtrak-stack/venv/lib/python3.12/site-packages/airflow/example_dags/example_branch_python_dop_operator_3.py
[2025-07-18T12:38:50.655-0500] {processor.py:840} INFO - DAG(s) 'example_branch_dop_operator_v3' retrieved from /home/abhiram/jobtrak-stack/venv/lib/python3.12/site-packages/airflow/example_dags/example_branch_python_dop_operator_3.py
[2025-07-18T12:38:50.671-0500] {logging_mixin.py:188} INFO - [2025-07-18T12:38:50.671-0500] {dag.py:3096} INFO - Sync 1 DAGs
[2025-07-18T12:38:50.685-0500] {logging_mixin.py:188} INFO - [2025-07-18T12:38:50.685-0500] {dag.py:3954} INFO - Setting next_dagrun for example_branch_dop_operator_v3 to 2025-07-18 17:37:00+00:00, run_after=2025-07-18 17:38:00+00:00
[2025-07-18T12:38:50.700-0500] {processor.py:183} INFO - Processing /home/abhiram/jobtrak-stack/venv/lib/python3.12/site-packages/airflow/example_dags/example_branch_python_dop_operator_3.py took 0.056 seconds
[2025-07-18T12:39:20.908-0500] {processor.py:161} INFO - Started process (PID=3590) to work on /home/abhiram/jobtrak-stack/venv/lib/python3.12/site-packages/airflow/example_dags/example_branch_python_dop_operator_3.py
[2025-07-18T12:39:20.909-0500] {processor.py:830} INFO - Processing file /home/abhiram/jobtrak-stack/venv/lib/python3.12/site-packages/airflow/example_dags/example_branch_python_dop_operator_3.py for tasks to queue
[2025-07-18T12:39:20.910-0500] {logging_mixin.py:188} INFO - [2025-07-18T12:39:20.910-0500] {dagbag.py:545} INFO - Filling up the DagBag from /home/abhiram/jobtrak-stack/venv/lib/python3.12/site-packages/airflow/example_dags/example_branch_python_dop_operator_3.py
[2025-07-18T12:39:20.915-0500] {processor.py:840} INFO - DAG(s) 'example_branch_dop_operator_v3' retrieved from /home/abhiram/jobtrak-stack/venv/lib/python3.12/site-packages/airflow/example_dags/example_branch_python_dop_operator_3.py
[2025-07-18T12:39:20.933-0500] {logging_mixin.py:188} INFO - [2025-07-18T12:39:20.933-0500] {dag.py:3096} INFO - Sync 1 DAGs
[2025-07-18T12:39:20.948-0500] {logging_mixin.py:188} INFO - [2025-07-18T12:39:20.948-0500] {dag.py:3954} INFO - Setting next_dagrun for example_branch_dop_operator_v3 to 2025-07-18 17:38:00+00:00, run_after=2025-07-18 17:39:00+00:00
[2025-07-18T12:39:20.964-0500] {processor.py:183} INFO - Processing /home/abhiram/jobtrak-stack/venv/lib/python3.12/site-packages/airflow/example_dags/example_branch_python_dop_operator_3.py took 0.059 seconds
[2025-07-18T12:39:51.128-0500] {processor.py:161} INFO - Started process (PID=3696) to work on /home/abhiram/jobtrak-stack/venv/lib/python3.12/site-packages/airflow/example_dags/example_branch_python_dop_operator_3.py
[2025-07-18T12:39:51.129-0500] {processor.py:830} INFO - Processing file /home/abhiram/jobtrak-stack/venv/lib/python3.12/site-packages/airflow/example_dags/example_branch_python_dop_operator_3.py for tasks to queue
[2025-07-18T12:39:51.130-0500] {logging_mixin.py:188} INFO - [2025-07-18T12:39:51.129-0500] {dagbag.py:545} INFO - Filling up the DagBag from /home/abhiram/jobtrak-stack/venv/lib/python3.12/site-packages/airflow/example_dags/example_branch_python_dop_operator_3.py
[2025-07-18T12:39:51.135-0500] {processor.py:840} INFO - DAG(s) 'example_branch_dop_operator_v3' retrieved from /home/abhiram/jobtrak-stack/venv/lib/python3.12/site-packages/airflow/example_dags/example_branch_python_dop_operator_3.py
[2025-07-18T12:39:51.152-0500] {logging_mixin.py:188} INFO - [2025-07-18T12:39:51.151-0500] {dag.py:3096} INFO - Sync 1 DAGs
[2025-07-18T12:39:51.166-0500] {logging_mixin.py:188} INFO - [2025-07-18T12:39:51.166-0500] {dag.py:3954} INFO - Setting next_dagrun for example_branch_dop_operator_v3 to 2025-07-18 17:38:00+00:00, run_after=2025-07-18 17:39:00+00:00
[2025-07-18T12:39:51.182-0500] {processor.py:183} INFO - Processing /home/abhiram/jobtrak-stack/venv/lib/python3.12/site-packages/airflow/example_dags/example_branch_python_dop_operator_3.py took 0.058 seconds
[2025-07-18T12:40:22.287-0500] {processor.py:161} INFO - Started process (PID=3815) to work on /home/abhiram/jobtrak-stack/venv/lib/python3.12/site-packages/airflow/example_dags/example_branch_python_dop_operator_3.py
[2025-07-18T12:40:22.288-0500] {processor.py:830} INFO - Processing file /home/abhiram/jobtrak-stack/venv/lib/python3.12/site-packages/airflow/example_dags/example_branch_python_dop_operator_3.py for tasks to queue
[2025-07-18T12:40:22.289-0500] {logging_mixin.py:188} INFO - [2025-07-18T12:40:22.288-0500] {dagbag.py:545} INFO - Filling up the DagBag from /home/abhiram/jobtrak-stack/venv/lib/python3.12/site-packages/airflow/example_dags/example_branch_python_dop_operator_3.py
[2025-07-18T12:40:22.295-0500] {processor.py:840} INFO - DAG(s) 'example_branch_dop_operator_v3' retrieved from /home/abhiram/jobtrak-stack/venv/lib/python3.12/site-packages/airflow/example_dags/example_branch_python_dop_operator_3.py
[2025-07-18T12:40:22.315-0500] {logging_mixin.py:188} INFO - [2025-07-18T12:40:22.315-0500] {dag.py:3096} INFO - Sync 1 DAGs
[2025-07-18T12:40:22.334-0500] {logging_mixin.py:188} INFO - [2025-07-18T12:40:22.334-0500] {dag.py:3954} INFO - Setting next_dagrun for example_branch_dop_operator_v3 to 2025-07-18 17:39:00+00:00, run_after=2025-07-18 17:40:00+00:00
[2025-07-18T12:40:22.352-0500] {processor.py:183} INFO - Processing /home/abhiram/jobtrak-stack/venv/lib/python3.12/site-packages/airflow/example_dags/example_branch_python_dop_operator_3.py took 0.069 seconds
[2025-07-18T12:40:31.447-0500] {processor.py:161} INFO - Started process (PID=3889) to work on /home/abhiram/jobtrak-stack/venv/lib/python3.12/site-packages/airflow/example_dags/example_branch_python_dop_operator_3.py
[2025-07-18T12:40:31.447-0500] {processor.py:830} INFO - Processing file /home/abhiram/jobtrak-stack/venv/lib/python3.12/site-packages/airflow/example_dags/example_branch_python_dop_operator_3.py for tasks to queue
[2025-07-18T12:40:31.448-0500] {logging_mixin.py:188} INFO - [2025-07-18T12:40:31.448-0500] {dagbag.py:545} INFO - Filling up the DagBag from /home/abhiram/jobtrak-stack/venv/lib/python3.12/site-packages/airflow/example_dags/example_branch_python_dop_operator_3.py
[2025-07-18T12:40:31.454-0500] {processor.py:840} INFO - DAG(s) 'example_branch_dop_operator_v3' retrieved from /home/abhiram/jobtrak-stack/venv/lib/python3.12/site-packages/airflow/example_dags/example_branch_python_dop_operator_3.py
[2025-07-18T12:40:31.477-0500] {logging_mixin.py:188} INFO - [2025-07-18T12:40:31.477-0500] {dag.py:3096} INFO - Sync 1 DAGs
[2025-07-18T12:40:31.494-0500] {logging_mixin.py:188} INFO - [2025-07-18T12:40:31.494-0500] {dag.py:3954} INFO - Setting next_dagrun for example_branch_dop_operator_v3 to 2025-07-18 17:39:00+00:00, run_after=2025-07-18 17:40:00+00:00
[2025-07-18T12:40:31.510-0500] {processor.py:183} INFO - Processing /home/abhiram/jobtrak-stack/venv/lib/python3.12/site-packages/airflow/example_dags/example_branch_python_dop_operator_3.py took 0.066 seconds
[2025-07-18T12:41:01.954-0500] {processor.py:161} INFO - Started process (PID=4011) to work on /home/abhiram/jobtrak-stack/venv/lib/python3.12/site-packages/airflow/example_dags/example_branch_python_dop_operator_3.py
[2025-07-18T12:41:01.955-0500] {processor.py:830} INFO - Processing file /home/abhiram/jobtrak-stack/venv/lib/python3.12/site-packages/airflow/example_dags/example_branch_python_dop_operator_3.py for tasks to queue
[2025-07-18T12:41:01.956-0500] {logging_mixin.py:188} INFO - [2025-07-18T12:41:01.956-0500] {dagbag.py:545} INFO - Filling up the DagBag from /home/abhiram/jobtrak-stack/venv/lib/python3.12/site-packages/airflow/example_dags/example_branch_python_dop_operator_3.py
[2025-07-18T12:41:01.961-0500] {processor.py:840} INFO - DAG(s) 'example_branch_dop_operator_v3' retrieved from /home/abhiram/jobtrak-stack/venv/lib/python3.12/site-packages/airflow/example_dags/example_branch_python_dop_operator_3.py
[2025-07-18T12:41:01.976-0500] {logging_mixin.py:188} INFO - [2025-07-18T12:41:01.976-0500] {dag.py:3096} INFO - Sync 1 DAGs
[2025-07-18T12:41:01.992-0500] {logging_mixin.py:188} INFO - [2025-07-18T12:41:01.992-0500] {dag.py:3954} INFO - Setting next_dagrun for example_branch_dop_operator_v3 to 2025-07-18 17:40:00+00:00, run_after=2025-07-18 17:41:00+00:00
[2025-07-18T12:41:02.006-0500] {processor.py:183} INFO - Processing /home/abhiram/jobtrak-stack/venv/lib/python3.12/site-packages/airflow/example_dags/example_branch_python_dop_operator_3.py took 0.056 seconds
[2025-07-18T12:41:32.411-0500] {processor.py:161} INFO - Started process (PID=4177) to work on /home/abhiram/jobtrak-stack/venv/lib/python3.12/site-packages/airflow/example_dags/example_branch_python_dop_operator_3.py
[2025-07-18T12:41:32.412-0500] {processor.py:830} INFO - Processing file /home/abhiram/jobtrak-stack/venv/lib/python3.12/site-packages/airflow/example_dags/example_branch_python_dop_operator_3.py for tasks to queue
[2025-07-18T12:41:32.413-0500] {logging_mixin.py:188} INFO - [2025-07-18T12:41:32.413-0500] {dagbag.py:545} INFO - Filling up the DagBag from /home/abhiram/jobtrak-stack/venv/lib/python3.12/site-packages/airflow/example_dags/example_branch_python_dop_operator_3.py
[2025-07-18T12:41:32.419-0500] {processor.py:840} INFO - DAG(s) 'example_branch_dop_operator_v3' retrieved from /home/abhiram/jobtrak-stack/venv/lib/python3.12/site-packages/airflow/example_dags/example_branch_python_dop_operator_3.py
[2025-07-18T12:41:32.439-0500] {logging_mixin.py:188} INFO - [2025-07-18T12:41:32.439-0500] {dag.py:3096} INFO - Sync 1 DAGs
[2025-07-18T12:41:32.467-0500] {logging_mixin.py:188} INFO - [2025-07-18T12:41:32.467-0500] {dag.py:3954} INFO - Setting next_dagrun for example_branch_dop_operator_v3 to 2025-07-18 17:40:00+00:00, run_after=2025-07-18 17:41:00+00:00
[2025-07-18T12:41:32.490-0500] {processor.py:183} INFO - Processing /home/abhiram/jobtrak-stack/venv/lib/python3.12/site-packages/airflow/example_dags/example_branch_python_dop_operator_3.py took 0.083 seconds
[2025-07-18T12:42:03.025-0500] {processor.py:161} INFO - Started process (PID=4283) to work on /home/abhiram/jobtrak-stack/venv/lib/python3.12/site-packages/airflow/example_dags/example_branch_python_dop_operator_3.py
[2025-07-18T12:42:03.026-0500] {processor.py:830} INFO - Processing file /home/abhiram/jobtrak-stack/venv/lib/python3.12/site-packages/airflow/example_dags/example_branch_python_dop_operator_3.py for tasks to queue
[2025-07-18T12:42:03.027-0500] {logging_mixin.py:188} INFO - [2025-07-18T12:42:03.027-0500] {dagbag.py:545} INFO - Filling up the DagBag from /home/abhiram/jobtrak-stack/venv/lib/python3.12/site-packages/airflow/example_dags/example_branch_python_dop_operator_3.py
[2025-07-18T12:42:03.033-0500] {processor.py:840} INFO - DAG(s) 'example_branch_dop_operator_v3' retrieved from /home/abhiram/jobtrak-stack/venv/lib/python3.12/site-packages/airflow/example_dags/example_branch_python_dop_operator_3.py
[2025-07-18T12:42:03.053-0500] {logging_mixin.py:188} INFO - [2025-07-18T12:42:03.052-0500] {dag.py:3096} INFO - Sync 1 DAGs
[2025-07-18T12:42:03.072-0500] {logging_mixin.py:188} INFO - [2025-07-18T12:42:03.071-0500] {dag.py:3954} INFO - Setting next_dagrun for example_branch_dop_operator_v3 to 2025-07-18 17:41:00+00:00, run_after=2025-07-18 17:42:00+00:00
[2025-07-18T12:42:03.089-0500] {processor.py:183} INFO - Processing /home/abhiram/jobtrak-stack/venv/lib/python3.12/site-packages/airflow/example_dags/example_branch_python_dop_operator_3.py took 0.068 seconds
[2025-07-18T12:42:33.672-0500] {processor.py:161} INFO - Started process (PID=4393) to work on /home/abhiram/jobtrak-stack/venv/lib/python3.12/site-packages/airflow/example_dags/example_branch_python_dop_operator_3.py
[2025-07-18T12:42:33.674-0500] {processor.py:830} INFO - Processing file /home/abhiram/jobtrak-stack/venv/lib/python3.12/site-packages/airflow/example_dags/example_branch_python_dop_operator_3.py for tasks to queue
[2025-07-18T12:42:33.674-0500] {logging_mixin.py:188} INFO - [2025-07-18T12:42:33.674-0500] {dagbag.py:545} INFO - Filling up the DagBag from /home/abhiram/jobtrak-stack/venv/lib/python3.12/site-packages/airflow/example_dags/example_branch_python_dop_operator_3.py
[2025-07-18T12:42:33.680-0500] {processor.py:840} INFO - DAG(s) 'example_branch_dop_operator_v3' retrieved from /home/abhiram/jobtrak-stack/venv/lib/python3.12/site-packages/airflow/example_dags/example_branch_python_dop_operator_3.py
[2025-07-18T12:42:33.698-0500] {logging_mixin.py:188} INFO - [2025-07-18T12:42:33.697-0500] {dag.py:3096} INFO - Sync 1 DAGs
[2025-07-18T12:42:33.713-0500] {logging_mixin.py:188} INFO - [2025-07-18T12:42:33.713-0500] {dag.py:3954} INFO - Setting next_dagrun for example_branch_dop_operator_v3 to 2025-07-18 17:41:00+00:00, run_after=2025-07-18 17:42:00+00:00
[2025-07-18T12:42:33.727-0500] {processor.py:183} INFO - Processing /home/abhiram/jobtrak-stack/venv/lib/python3.12/site-packages/airflow/example_dags/example_branch_python_dop_operator_3.py took 0.058 seconds
[2025-07-18T12:43:03.926-0500] {processor.py:161} INFO - Started process (PID=4502) to work on /home/abhiram/jobtrak-stack/venv/lib/python3.12/site-packages/airflow/example_dags/example_branch_python_dop_operator_3.py
[2025-07-18T12:43:03.927-0500] {processor.py:830} INFO - Processing file /home/abhiram/jobtrak-stack/venv/lib/python3.12/site-packages/airflow/example_dags/example_branch_python_dop_operator_3.py for tasks to queue
[2025-07-18T12:43:03.928-0500] {logging_mixin.py:188} INFO - [2025-07-18T12:43:03.928-0500] {dagbag.py:545} INFO - Filling up the DagBag from /home/abhiram/jobtrak-stack/venv/lib/python3.12/site-packages/airflow/example_dags/example_branch_python_dop_operator_3.py
[2025-07-18T12:43:03.933-0500] {processor.py:840} INFO - DAG(s) 'example_branch_dop_operator_v3' retrieved from /home/abhiram/jobtrak-stack/venv/lib/python3.12/site-packages/airflow/example_dags/example_branch_python_dop_operator_3.py
[2025-07-18T12:43:03.949-0500] {logging_mixin.py:188} INFO - [2025-07-18T12:43:03.949-0500] {dag.py:3096} INFO - Sync 1 DAGs
[2025-07-18T12:43:03.967-0500] {logging_mixin.py:188} INFO - [2025-07-18T12:43:03.967-0500] {dag.py:3954} INFO - Setting next_dagrun for example_branch_dop_operator_v3 to 2025-07-18 17:42:00+00:00, run_after=2025-07-18 17:43:00+00:00
[2025-07-18T12:43:03.981-0500] {processor.py:183} INFO - Processing /home/abhiram/jobtrak-stack/venv/lib/python3.12/site-packages/airflow/example_dags/example_branch_python_dop_operator_3.py took 0.059 seconds
[2025-07-18T12:43:34.309-0500] {processor.py:161} INFO - Started process (PID=4609) to work on /home/abhiram/jobtrak-stack/venv/lib/python3.12/site-packages/airflow/example_dags/example_branch_python_dop_operator_3.py
[2025-07-18T12:43:34.310-0500] {processor.py:830} INFO - Processing file /home/abhiram/jobtrak-stack/venv/lib/python3.12/site-packages/airflow/example_dags/example_branch_python_dop_operator_3.py for tasks to queue
[2025-07-18T12:43:34.310-0500] {logging_mixin.py:188} INFO - [2025-07-18T12:43:34.310-0500] {dagbag.py:545} INFO - Filling up the DagBag from /home/abhiram/jobtrak-stack/venv/lib/python3.12/site-packages/airflow/example_dags/example_branch_python_dop_operator_3.py
[2025-07-18T12:43:34.316-0500] {processor.py:840} INFO - DAG(s) 'example_branch_dop_operator_v3' retrieved from /home/abhiram/jobtrak-stack/venv/lib/python3.12/site-packages/airflow/example_dags/example_branch_python_dop_operator_3.py
[2025-07-18T12:43:34.334-0500] {logging_mixin.py:188} INFO - [2025-07-18T12:43:34.334-0500] {dag.py:3096} INFO - Sync 1 DAGs
[2025-07-18T12:43:34.348-0500] {logging_mixin.py:188} INFO - [2025-07-18T12:43:34.348-0500] {dag.py:3954} INFO - Setting next_dagrun for example_branch_dop_operator_v3 to 2025-07-18 17:42:00+00:00, run_after=2025-07-18 17:43:00+00:00
[2025-07-18T12:43:34.363-0500] {processor.py:183} INFO - Processing /home/abhiram/jobtrak-stack/venv/lib/python3.12/site-packages/airflow/example_dags/example_branch_python_dop_operator_3.py took 0.058 seconds
[2025-07-18T12:44:05.107-0500] {processor.py:161} INFO - Started process (PID=4719) to work on /home/abhiram/jobtrak-stack/venv/lib/python3.12/site-packages/airflow/example_dags/example_branch_python_dop_operator_3.py
[2025-07-18T12:44:05.108-0500] {processor.py:830} INFO - Processing file /home/abhiram/jobtrak-stack/venv/lib/python3.12/site-packages/airflow/example_dags/example_branch_python_dop_operator_3.py for tasks to queue
[2025-07-18T12:44:05.109-0500] {logging_mixin.py:188} INFO - [2025-07-18T12:44:05.109-0500] {dagbag.py:545} INFO - Filling up the DagBag from /home/abhiram/jobtrak-stack/venv/lib/python3.12/site-packages/airflow/example_dags/example_branch_python_dop_operator_3.py
[2025-07-18T12:44:05.114-0500] {processor.py:840} INFO - DAG(s) 'example_branch_dop_operator_v3' retrieved from /home/abhiram/jobtrak-stack/venv/lib/python3.12/site-packages/airflow/example_dags/example_branch_python_dop_operator_3.py
[2025-07-18T12:44:05.135-0500] {logging_mixin.py:188} INFO - [2025-07-18T12:44:05.135-0500] {dag.py:3096} INFO - Sync 1 DAGs
[2025-07-18T12:44:05.150-0500] {logging_mixin.py:188} INFO - [2025-07-18T12:44:05.150-0500] {dag.py:3954} INFO - Setting next_dagrun for example_branch_dop_operator_v3 to 2025-07-18 17:43:00+00:00, run_after=2025-07-18 17:44:00+00:00
[2025-07-18T12:44:05.166-0500] {processor.py:183} INFO - Processing /home/abhiram/jobtrak-stack/venv/lib/python3.12/site-packages/airflow/example_dags/example_branch_python_dop_operator_3.py took 0.064 seconds
[2025-07-18T12:44:35.868-0500] {processor.py:161} INFO - Started process (PID=4828) to work on /home/abhiram/jobtrak-stack/venv/lib/python3.12/site-packages/airflow/example_dags/example_branch_python_dop_operator_3.py
[2025-07-18T12:44:35.869-0500] {processor.py:830} INFO - Processing file /home/abhiram/jobtrak-stack/venv/lib/python3.12/site-packages/airflow/example_dags/example_branch_python_dop_operator_3.py for tasks to queue
[2025-07-18T12:44:35.870-0500] {logging_mixin.py:188} INFO - [2025-07-18T12:44:35.870-0500] {dagbag.py:545} INFO - Filling up the DagBag from /home/abhiram/jobtrak-stack/venv/lib/python3.12/site-packages/airflow/example_dags/example_branch_python_dop_operator_3.py
[2025-07-18T12:44:35.876-0500] {processor.py:840} INFO - DAG(s) 'example_branch_dop_operator_v3' retrieved from /home/abhiram/jobtrak-stack/venv/lib/python3.12/site-packages/airflow/example_dags/example_branch_python_dop_operator_3.py
[2025-07-18T12:44:35.893-0500] {logging_mixin.py:188} INFO - [2025-07-18T12:44:35.893-0500] {dag.py:3096} INFO - Sync 1 DAGs
[2025-07-18T12:44:35.908-0500] {logging_mixin.py:188} INFO - [2025-07-18T12:44:35.908-0500] {dag.py:3954} INFO - Setting next_dagrun for example_branch_dop_operator_v3 to 2025-07-18 17:43:00+00:00, run_after=2025-07-18 17:44:00+00:00
[2025-07-18T12:44:35.922-0500] {processor.py:183} INFO - Processing /home/abhiram/jobtrak-stack/venv/lib/python3.12/site-packages/airflow/example_dags/example_branch_python_dop_operator_3.py took 0.057 seconds
[2025-07-18T12:45:07.437-0500] {processor.py:161} INFO - Started process (PID=4939) to work on /home/abhiram/jobtrak-stack/venv/lib/python3.12/site-packages/airflow/example_dags/example_branch_python_dop_operator_3.py
[2025-07-18T12:45:07.438-0500] {processor.py:830} INFO - Processing file /home/abhiram/jobtrak-stack/venv/lib/python3.12/site-packages/airflow/example_dags/example_branch_python_dop_operator_3.py for tasks to queue
[2025-07-18T12:45:07.440-0500] {logging_mixin.py:188} INFO - [2025-07-18T12:45:07.439-0500] {dagbag.py:545} INFO - Filling up the DagBag from /home/abhiram/jobtrak-stack/venv/lib/python3.12/site-packages/airflow/example_dags/example_branch_python_dop_operator_3.py
[2025-07-18T12:45:07.445-0500] {processor.py:840} INFO - DAG(s) 'example_branch_dop_operator_v3' retrieved from /home/abhiram/jobtrak-stack/venv/lib/python3.12/site-packages/airflow/example_dags/example_branch_python_dop_operator_3.py
[2025-07-18T12:45:07.466-0500] {logging_mixin.py:188} INFO - [2025-07-18T12:45:07.466-0500] {dag.py:3096} INFO - Sync 1 DAGs
[2025-07-18T12:45:07.491-0500] {logging_mixin.py:188} INFO - [2025-07-18T12:45:07.491-0500] {dag.py:3954} INFO - Setting next_dagrun for example_branch_dop_operator_v3 to 2025-07-18 17:44:00+00:00, run_after=2025-07-18 17:45:00+00:00
[2025-07-18T12:45:07.508-0500] {processor.py:183} INFO - Processing /home/abhiram/jobtrak-stack/venv/lib/python3.12/site-packages/airflow/example_dags/example_branch_python_dop_operator_3.py took 0.075 seconds
[2025-07-18T12:45:37.898-0500] {processor.py:161} INFO - Started process (PID=5047) to work on /home/abhiram/jobtrak-stack/venv/lib/python3.12/site-packages/airflow/example_dags/example_branch_python_dop_operator_3.py
[2025-07-18T12:45:37.900-0500] {processor.py:830} INFO - Processing file /home/abhiram/jobtrak-stack/venv/lib/python3.12/site-packages/airflow/example_dags/example_branch_python_dop_operator_3.py for tasks to queue
[2025-07-18T12:45:37.901-0500] {logging_mixin.py:188} INFO - [2025-07-18T12:45:37.901-0500] {dagbag.py:545} INFO - Filling up the DagBag from /home/abhiram/jobtrak-stack/venv/lib/python3.12/site-packages/airflow/example_dags/example_branch_python_dop_operator_3.py
[2025-07-18T12:45:37.906-0500] {processor.py:840} INFO - DAG(s) 'example_branch_dop_operator_v3' retrieved from /home/abhiram/jobtrak-stack/venv/lib/python3.12/site-packages/airflow/example_dags/example_branch_python_dop_operator_3.py
[2025-07-18T12:45:37.925-0500] {logging_mixin.py:188} INFO - [2025-07-18T12:45:37.925-0500] {dag.py:3096} INFO - Sync 1 DAGs
[2025-07-18T12:45:37.940-0500] {logging_mixin.py:188} INFO - [2025-07-18T12:45:37.940-0500] {dag.py:3954} INFO - Setting next_dagrun for example_branch_dop_operator_v3 to 2025-07-18 17:44:00+00:00, run_after=2025-07-18 17:45:00+00:00
[2025-07-18T12:45:37.958-0500] {processor.py:183} INFO - Processing /home/abhiram/jobtrak-stack/venv/lib/python3.12/site-packages/airflow/example_dags/example_branch_python_dop_operator_3.py took 0.064 seconds
[2025-07-18T12:46:08.641-0500] {processor.py:161} INFO - Started process (PID=5155) to work on /home/abhiram/jobtrak-stack/venv/lib/python3.12/site-packages/airflow/example_dags/example_branch_python_dop_operator_3.py
[2025-07-18T12:46:08.643-0500] {processor.py:830} INFO - Processing file /home/abhiram/jobtrak-stack/venv/lib/python3.12/site-packages/airflow/example_dags/example_branch_python_dop_operator_3.py for tasks to queue
[2025-07-18T12:46:08.644-0500] {logging_mixin.py:188} INFO - [2025-07-18T12:46:08.644-0500] {dagbag.py:545} INFO - Filling up the DagBag from /home/abhiram/jobtrak-stack/venv/lib/python3.12/site-packages/airflow/example_dags/example_branch_python_dop_operator_3.py
[2025-07-18T12:46:08.649-0500] {processor.py:840} INFO - DAG(s) 'example_branch_dop_operator_v3' retrieved from /home/abhiram/jobtrak-stack/venv/lib/python3.12/site-packages/airflow/example_dags/example_branch_python_dop_operator_3.py
[2025-07-18T12:46:08.671-0500] {logging_mixin.py:188} INFO - [2025-07-18T12:46:08.671-0500] {dag.py:3096} INFO - Sync 1 DAGs
[2025-07-18T12:46:08.687-0500] {logging_mixin.py:188} INFO - [2025-07-18T12:46:08.686-0500] {dag.py:3954} INFO - Setting next_dagrun for example_branch_dop_operator_v3 to 2025-07-18 17:45:00+00:00, run_after=2025-07-18 17:46:00+00:00
[2025-07-18T12:46:08.702-0500] {processor.py:183} INFO - Processing /home/abhiram/jobtrak-stack/venv/lib/python3.12/site-packages/airflow/example_dags/example_branch_python_dop_operator_3.py took 0.065 seconds
[2025-07-18T12:46:39.261-0500] {processor.py:161} INFO - Started process (PID=5265) to work on /home/abhiram/jobtrak-stack/venv/lib/python3.12/site-packages/airflow/example_dags/example_branch_python_dop_operator_3.py
[2025-07-18T12:46:39.262-0500] {processor.py:830} INFO - Processing file /home/abhiram/jobtrak-stack/venv/lib/python3.12/site-packages/airflow/example_dags/example_branch_python_dop_operator_3.py for tasks to queue
[2025-07-18T12:46:39.263-0500] {logging_mixin.py:188} INFO - [2025-07-18T12:46:39.263-0500] {dagbag.py:545} INFO - Filling up the DagBag from /home/abhiram/jobtrak-stack/venv/lib/python3.12/site-packages/airflow/example_dags/example_branch_python_dop_operator_3.py
[2025-07-18T12:46:39.269-0500] {processor.py:840} INFO - DAG(s) 'example_branch_dop_operator_v3' retrieved from /home/abhiram/jobtrak-stack/venv/lib/python3.12/site-packages/airflow/example_dags/example_branch_python_dop_operator_3.py
[2025-07-18T12:46:39.290-0500] {logging_mixin.py:188} INFO - [2025-07-18T12:46:39.290-0500] {dag.py:3096} INFO - Sync 1 DAGs
[2025-07-18T12:46:39.305-0500] {logging_mixin.py:188} INFO - [2025-07-18T12:46:39.305-0500] {dag.py:3954} INFO - Setting next_dagrun for example_branch_dop_operator_v3 to 2025-07-18 17:45:00+00:00, run_after=2025-07-18 17:46:00+00:00
[2025-07-18T12:46:39.322-0500] {processor.py:183} INFO - Processing /home/abhiram/jobtrak-stack/venv/lib/python3.12/site-packages/airflow/example_dags/example_branch_python_dop_operator_3.py took 0.065 seconds
[2025-07-18T12:47:10.132-0500] {processor.py:161} INFO - Started process (PID=5373) to work on /home/abhiram/jobtrak-stack/venv/lib/python3.12/site-packages/airflow/example_dags/example_branch_python_dop_operator_3.py
[2025-07-18T12:47:10.135-0500] {processor.py:830} INFO - Processing file /home/abhiram/jobtrak-stack/venv/lib/python3.12/site-packages/airflow/example_dags/example_branch_python_dop_operator_3.py for tasks to queue
[2025-07-18T12:47:10.136-0500] {logging_mixin.py:188} INFO - [2025-07-18T12:47:10.136-0500] {dagbag.py:545} INFO - Filling up the DagBag from /home/abhiram/jobtrak-stack/venv/lib/python3.12/site-packages/airflow/example_dags/example_branch_python_dop_operator_3.py
[2025-07-18T12:47:10.142-0500] {processor.py:840} INFO - DAG(s) 'example_branch_dop_operator_v3' retrieved from /home/abhiram/jobtrak-stack/venv/lib/python3.12/site-packages/airflow/example_dags/example_branch_python_dop_operator_3.py
[2025-07-18T12:47:10.180-0500] {logging_mixin.py:188} INFO - [2025-07-18T12:47:10.180-0500] {dag.py:3096} INFO - Sync 1 DAGs
[2025-07-18T12:47:10.215-0500] {logging_mixin.py:188} INFO - [2025-07-18T12:47:10.215-0500] {dag.py:3954} INFO - Setting next_dagrun for example_branch_dop_operator_v3 to 2025-07-18 17:46:00+00:00, run_after=2025-07-18 17:47:00+00:00
[2025-07-18T12:47:10.234-0500] {processor.py:183} INFO - Processing /home/abhiram/jobtrak-stack/venv/lib/python3.12/site-packages/airflow/example_dags/example_branch_python_dop_operator_3.py took 0.106 seconds
[2025-07-18T12:47:40.736-0500] {processor.py:161} INFO - Started process (PID=5480) to work on /home/abhiram/jobtrak-stack/venv/lib/python3.12/site-packages/airflow/example_dags/example_branch_python_dop_operator_3.py
[2025-07-18T12:47:40.738-0500] {processor.py:830} INFO - Processing file /home/abhiram/jobtrak-stack/venv/lib/python3.12/site-packages/airflow/example_dags/example_branch_python_dop_operator_3.py for tasks to queue
[2025-07-18T12:47:40.739-0500] {logging_mixin.py:188} INFO - [2025-07-18T12:47:40.738-0500] {dagbag.py:545} INFO - Filling up the DagBag from /home/abhiram/jobtrak-stack/venv/lib/python3.12/site-packages/airflow/example_dags/example_branch_python_dop_operator_3.py
[2025-07-18T12:47:40.746-0500] {processor.py:840} INFO - DAG(s) 'example_branch_dop_operator_v3' retrieved from /home/abhiram/jobtrak-stack/venv/lib/python3.12/site-packages/airflow/example_dags/example_branch_python_dop_operator_3.py
[2025-07-18T12:47:40.765-0500] {logging_mixin.py:188} INFO - [2025-07-18T12:47:40.765-0500] {dag.py:3096} INFO - Sync 1 DAGs
[2025-07-18T12:47:40.788-0500] {logging_mixin.py:188} INFO - [2025-07-18T12:47:40.787-0500] {dag.py:3954} INFO - Setting next_dagrun for example_branch_dop_operator_v3 to 2025-07-18 17:46:00+00:00, run_after=2025-07-18 17:47:00+00:00
[2025-07-18T12:47:40.813-0500] {processor.py:183} INFO - Processing /home/abhiram/jobtrak-stack/venv/lib/python3.12/site-packages/airflow/example_dags/example_branch_python_dop_operator_3.py took 0.080 seconds
[2025-07-18T12:48:11.412-0500] {processor.py:161} INFO - Started process (PID=5651) to work on /home/abhiram/jobtrak-stack/venv/lib/python3.12/site-packages/airflow/example_dags/example_branch_python_dop_operator_3.py
[2025-07-18T12:48:11.413-0500] {processor.py:830} INFO - Processing file /home/abhiram/jobtrak-stack/venv/lib/python3.12/site-packages/airflow/example_dags/example_branch_python_dop_operator_3.py for tasks to queue
[2025-07-18T12:48:11.414-0500] {logging_mixin.py:188} INFO - [2025-07-18T12:48:11.414-0500] {dagbag.py:545} INFO - Filling up the DagBag from /home/abhiram/jobtrak-stack/venv/lib/python3.12/site-packages/airflow/example_dags/example_branch_python_dop_operator_3.py
[2025-07-18T12:48:11.420-0500] {processor.py:840} INFO - DAG(s) 'example_branch_dop_operator_v3' retrieved from /home/abhiram/jobtrak-stack/venv/lib/python3.12/site-packages/airflow/example_dags/example_branch_python_dop_operator_3.py
[2025-07-18T12:48:11.440-0500] {logging_mixin.py:188} INFO - [2025-07-18T12:48:11.440-0500] {dag.py:3096} INFO - Sync 1 DAGs
[2025-07-18T12:48:11.455-0500] {logging_mixin.py:188} INFO - [2025-07-18T12:48:11.455-0500] {dag.py:3954} INFO - Setting next_dagrun for example_branch_dop_operator_v3 to 2025-07-18 17:47:00+00:00, run_after=2025-07-18 17:48:00+00:00
[2025-07-18T12:48:11.470-0500] {processor.py:183} INFO - Processing /home/abhiram/jobtrak-stack/venv/lib/python3.12/site-packages/airflow/example_dags/example_branch_python_dop_operator_3.py took 0.062 seconds
[2025-07-18T12:48:42.043-0500] {processor.py:161} INFO - Started process (PID=5769) to work on /home/abhiram/jobtrak-stack/venv/lib/python3.12/site-packages/airflow/example_dags/example_branch_python_dop_operator_3.py
[2025-07-18T12:48:42.046-0500] {processor.py:830} INFO - Processing file /home/abhiram/jobtrak-stack/venv/lib/python3.12/site-packages/airflow/example_dags/example_branch_python_dop_operator_3.py for tasks to queue
[2025-07-18T12:48:42.047-0500] {logging_mixin.py:188} INFO - [2025-07-18T12:48:42.046-0500] {dagbag.py:545} INFO - Filling up the DagBag from /home/abhiram/jobtrak-stack/venv/lib/python3.12/site-packages/airflow/example_dags/example_branch_python_dop_operator_3.py
[2025-07-18T12:48:42.052-0500] {processor.py:840} INFO - DAG(s) 'example_branch_dop_operator_v3' retrieved from /home/abhiram/jobtrak-stack/venv/lib/python3.12/site-packages/airflow/example_dags/example_branch_python_dop_operator_3.py
[2025-07-18T12:48:42.068-0500] {logging_mixin.py:188} INFO - [2025-07-18T12:48:42.068-0500] {dag.py:3096} INFO - Sync 1 DAGs
[2025-07-18T12:48:42.083-0500] {logging_mixin.py:188} INFO - [2025-07-18T12:48:42.083-0500] {dag.py:3954} INFO - Setting next_dagrun for example_branch_dop_operator_v3 to 2025-07-18 17:47:00+00:00, run_after=2025-07-18 17:48:00+00:00
[2025-07-18T12:48:42.102-0500] {processor.py:183} INFO - Processing /home/abhiram/jobtrak-stack/venv/lib/python3.12/site-packages/airflow/example_dags/example_branch_python_dop_operator_3.py took 0.063 seconds
[2025-07-18T12:49:12.630-0500] {processor.py:161} INFO - Started process (PID=5878) to work on /home/abhiram/jobtrak-stack/venv/lib/python3.12/site-packages/airflow/example_dags/example_branch_python_dop_operator_3.py
[2025-07-18T12:49:12.631-0500] {processor.py:830} INFO - Processing file /home/abhiram/jobtrak-stack/venv/lib/python3.12/site-packages/airflow/example_dags/example_branch_python_dop_operator_3.py for tasks to queue
[2025-07-18T12:49:12.632-0500] {logging_mixin.py:188} INFO - [2025-07-18T12:49:12.632-0500] {dagbag.py:545} INFO - Filling up the DagBag from /home/abhiram/jobtrak-stack/venv/lib/python3.12/site-packages/airflow/example_dags/example_branch_python_dop_operator_3.py
[2025-07-18T12:49:12.638-0500] {processor.py:840} INFO - DAG(s) 'example_branch_dop_operator_v3' retrieved from /home/abhiram/jobtrak-stack/venv/lib/python3.12/site-packages/airflow/example_dags/example_branch_python_dop_operator_3.py
[2025-07-18T12:49:12.660-0500] {logging_mixin.py:188} INFO - [2025-07-18T12:49:12.659-0500] {dag.py:3096} INFO - Sync 1 DAGs
[2025-07-18T12:49:12.682-0500] {logging_mixin.py:188} INFO - [2025-07-18T12:49:12.681-0500] {dag.py:3954} INFO - Setting next_dagrun for example_branch_dop_operator_v3 to 2025-07-18 17:48:00+00:00, run_after=2025-07-18 17:49:00+00:00
[2025-07-18T12:49:12.700-0500] {processor.py:183} INFO - Processing /home/abhiram/jobtrak-stack/venv/lib/python3.12/site-packages/airflow/example_dags/example_branch_python_dop_operator_3.py took 0.074 seconds
