[2025-07-18T11:49:18.032-0500] {processor.py:161} INFO - Started process (PID=795) to work on /home/abhiram/jobtrak-stack/venv/lib/python3.12/site-packages/airflow/example_dags/example_datasets.py
[2025-07-18T11:49:18.032-0500] {processor.py:830} INFO - Processing file /home/abhiram/jobtrak-stack/venv/lib/python3.12/site-packages/airflow/example_dags/example_datasets.py for tasks to queue
[2025-07-18T11:49:18.034-0500] {logging_mixin.py:188} INFO - [2025-07-18T11:49:18.034-0500] {dagbag.py:545} INFO - Filling up the DagBag from /home/abhiram/jobtrak-stack/venv/lib/python3.12/site-packages/airflow/example_dags/example_datasets.py
[2025-07-18T11:49:18.043-0500] {processor.py:840} INFO - DAG(s) 'consume_1_and_2_with_dataset_expressions', 'consume_1_or_2_with_dataset_expressions', 'dataset_consumes_unknown_never_scheduled', 'dataset_produces_2', 'consume_1_or_both_2_and_3_with_dataset_expressions', 'dataset_consumes_1_never_scheduled', 'dataset_produces_1', 'dataset_consumes_1_and_2', 'conditional_dataset_and_time_based_timetable', 'dataset_consumes_1' retrieved from /home/abhiram/jobtrak-stack/venv/lib/python3.12/site-packages/airflow/example_dags/example_datasets.py
[2025-07-18T11:49:18.061-0500] {logging_mixin.py:188} INFO - [2025-07-18T11:49:18.061-0500] {dag.py:3096} INFO - Sync 10 DAGs
[2025-07-18T11:49:18.078-0500] {logging_mixin.py:188} INFO - [2025-07-18T11:49:18.077-0500] {dag.py:3954} INFO - Setting next_dagrun for conditional_dataset_and_time_based_timetable to 2025-07-16 01:00:00+00:00, run_after=2025-07-16 01:00:00+00:00
[2025-07-18T11:49:18.081-0500] {logging_mixin.py:188} INFO - [2025-07-18T11:49:18.081-0500] {dag.py:3954} INFO - Setting next_dagrun for consume_1_and_2_with_dataset_expressions to None, run_after=None
[2025-07-18T11:49:18.082-0500] {logging_mixin.py:188} INFO - [2025-07-18T11:49:18.082-0500] {dag.py:3954} INFO - Setting next_dagrun for consume_1_or_2_with_dataset_expressions to None, run_after=None
[2025-07-18T11:49:18.083-0500] {logging_mixin.py:188} INFO - [2025-07-18T11:49:18.083-0500] {dag.py:3954} INFO - Setting next_dagrun for consume_1_or_both_2_and_3_with_dataset_expressions to None, run_after=None
[2025-07-18T11:49:18.084-0500] {logging_mixin.py:188} INFO - [2025-07-18T11:49:18.084-0500] {dag.py:3954} INFO - Setting next_dagrun for dataset_consumes_1 to None, run_after=None
[2025-07-18T11:49:18.085-0500] {logging_mixin.py:188} INFO - [2025-07-18T11:49:18.085-0500] {dag.py:3954} INFO - Setting next_dagrun for dataset_consumes_1_and_2 to None, run_after=None
[2025-07-18T11:49:18.087-0500] {logging_mixin.py:188} INFO - [2025-07-18T11:49:18.086-0500] {dag.py:3954} INFO - Setting next_dagrun for dataset_consumes_1_never_scheduled to None, run_after=None
[2025-07-18T11:49:18.088-0500] {logging_mixin.py:188} INFO - [2025-07-18T11:49:18.087-0500] {dag.py:3954} INFO - Setting next_dagrun for dataset_consumes_unknown_never_scheduled to None, run_after=None
[2025-07-18T11:49:18.089-0500] {logging_mixin.py:188} INFO - [2025-07-18T11:49:18.089-0500] {dag.py:3954} INFO - Setting next_dagrun for dataset_produces_1 to 2025-07-17 00:00:00+00:00, run_after=2025-07-18 00:00:00+00:00
[2025-07-18T11:49:18.091-0500] {logging_mixin.py:188} INFO - [2025-07-18T11:49:18.091-0500] {dag.py:3954} INFO - Setting next_dagrun for dataset_produces_2 to None, run_after=None
[2025-07-18T11:49:18.123-0500] {processor.py:183} INFO - Processing /home/abhiram/jobtrak-stack/venv/lib/python3.12/site-packages/airflow/example_dags/example_datasets.py took 0.099 seconds
[2025-07-18T11:49:49.057-0500] {processor.py:161} INFO - Started process (PID=920) to work on /home/abhiram/jobtrak-stack/venv/lib/python3.12/site-packages/airflow/example_dags/example_datasets.py
[2025-07-18T11:49:49.057-0500] {processor.py:830} INFO - Processing file /home/abhiram/jobtrak-stack/venv/lib/python3.12/site-packages/airflow/example_dags/example_datasets.py for tasks to queue
[2025-07-18T11:49:49.058-0500] {logging_mixin.py:188} INFO - [2025-07-18T11:49:49.058-0500] {dagbag.py:545} INFO - Filling up the DagBag from /home/abhiram/jobtrak-stack/venv/lib/python3.12/site-packages/airflow/example_dags/example_datasets.py
[2025-07-18T11:49:49.068-0500] {processor.py:840} INFO - DAG(s) 'dataset_consumes_unknown_never_scheduled', 'consume_1_or_2_with_dataset_expressions', 'conditional_dataset_and_time_based_timetable', 'consume_1_and_2_with_dataset_expressions', 'dataset_produces_2', 'dataset_produces_1', 'dataset_consumes_1', 'dataset_consumes_1_and_2', 'dataset_consumes_1_never_scheduled', 'consume_1_or_both_2_and_3_with_dataset_expressions' retrieved from /home/abhiram/jobtrak-stack/venv/lib/python3.12/site-packages/airflow/example_dags/example_datasets.py
[2025-07-18T11:49:49.279-0500] {logging_mixin.py:188} INFO - [2025-07-18T11:49:49.279-0500] {dag.py:3096} INFO - Sync 10 DAGs
[2025-07-18T11:49:49.293-0500] {logging_mixin.py:188} INFO - [2025-07-18T11:49:49.293-0500] {dag.py:3954} INFO - Setting next_dagrun for conditional_dataset_and_time_based_timetable to 2025-07-16 01:00:00+00:00, run_after=2025-07-16 01:00:00+00:00
[2025-07-18T11:49:49.296-0500] {logging_mixin.py:188} INFO - [2025-07-18T11:49:49.295-0500] {dag.py:3954} INFO - Setting next_dagrun for consume_1_and_2_with_dataset_expressions to None, run_after=None
[2025-07-18T11:49:49.298-0500] {logging_mixin.py:188} INFO - [2025-07-18T11:49:49.297-0500] {dag.py:3954} INFO - Setting next_dagrun for consume_1_or_2_with_dataset_expressions to None, run_after=None
[2025-07-18T11:49:49.298-0500] {logging_mixin.py:188} INFO - [2025-07-18T11:49:49.298-0500] {dag.py:3954} INFO - Setting next_dagrun for consume_1_or_both_2_and_3_with_dataset_expressions to None, run_after=None
[2025-07-18T11:49:49.299-0500] {logging_mixin.py:188} INFO - [2025-07-18T11:49:49.299-0500] {dag.py:3954} INFO - Setting next_dagrun for dataset_consumes_1 to None, run_after=None
[2025-07-18T11:49:49.300-0500] {logging_mixin.py:188} INFO - [2025-07-18T11:49:49.300-0500] {dag.py:3954} INFO - Setting next_dagrun for dataset_consumes_1_and_2 to None, run_after=None
[2025-07-18T11:49:49.300-0500] {logging_mixin.py:188} INFO - [2025-07-18T11:49:49.300-0500] {dag.py:3954} INFO - Setting next_dagrun for dataset_consumes_1_never_scheduled to None, run_after=None
[2025-07-18T11:49:49.301-0500] {logging_mixin.py:188} INFO - [2025-07-18T11:49:49.301-0500] {dag.py:3954} INFO - Setting next_dagrun for dataset_consumes_unknown_never_scheduled to None, run_after=None
[2025-07-18T11:49:49.302-0500] {logging_mixin.py:188} INFO - [2025-07-18T11:49:49.302-0500] {dag.py:3954} INFO - Setting next_dagrun for dataset_produces_1 to 2025-07-17 00:00:00+00:00, run_after=2025-07-18 00:00:00+00:00
[2025-07-18T11:49:49.303-0500] {logging_mixin.py:188} INFO - [2025-07-18T11:49:49.303-0500] {dag.py:3954} INFO - Setting next_dagrun for dataset_produces_2 to None, run_after=None
[2025-07-18T11:49:49.334-0500] {processor.py:183} INFO - Processing /home/abhiram/jobtrak-stack/venv/lib/python3.12/site-packages/airflow/example_dags/example_datasets.py took 0.281 seconds
[2025-07-18T11:50:20.165-0500] {processor.py:161} INFO - Started process (PID=1043) to work on /home/abhiram/jobtrak-stack/venv/lib/python3.12/site-packages/airflow/example_dags/example_datasets.py
[2025-07-18T11:50:20.167-0500] {processor.py:830} INFO - Processing file /home/abhiram/jobtrak-stack/venv/lib/python3.12/site-packages/airflow/example_dags/example_datasets.py for tasks to queue
[2025-07-18T11:50:20.168-0500] {logging_mixin.py:188} INFO - [2025-07-18T11:50:20.168-0500] {dagbag.py:545} INFO - Filling up the DagBag from /home/abhiram/jobtrak-stack/venv/lib/python3.12/site-packages/airflow/example_dags/example_datasets.py
[2025-07-18T11:50:20.177-0500] {processor.py:840} INFO - DAG(s) 'consume_1_and_2_with_dataset_expressions', 'dataset_produces_2', 'dataset_consumes_unknown_never_scheduled', 'consume_1_or_2_with_dataset_expressions', 'dataset_consumes_1_and_2', 'dataset_consumes_1', 'dataset_produces_1', 'consume_1_or_both_2_and_3_with_dataset_expressions', 'conditional_dataset_and_time_based_timetable', 'dataset_consumes_1_never_scheduled' retrieved from /home/abhiram/jobtrak-stack/venv/lib/python3.12/site-packages/airflow/example_dags/example_datasets.py
[2025-07-18T11:50:20.217-0500] {logging_mixin.py:188} INFO - [2025-07-18T11:50:20.217-0500] {dag.py:3096} INFO - Sync 10 DAGs
[2025-07-18T11:50:20.236-0500] {logging_mixin.py:188} INFO - [2025-07-18T11:50:20.236-0500] {dag.py:3954} INFO - Setting next_dagrun for conditional_dataset_and_time_based_timetable to 2025-07-16 01:00:00+00:00, run_after=2025-07-16 01:00:00+00:00
[2025-07-18T11:50:20.239-0500] {logging_mixin.py:188} INFO - [2025-07-18T11:50:20.239-0500] {dag.py:3954} INFO - Setting next_dagrun for consume_1_and_2_with_dataset_expressions to None, run_after=None
[2025-07-18T11:50:20.240-0500] {logging_mixin.py:188} INFO - [2025-07-18T11:50:20.239-0500] {dag.py:3954} INFO - Setting next_dagrun for consume_1_or_2_with_dataset_expressions to None, run_after=None
[2025-07-18T11:50:20.240-0500] {logging_mixin.py:188} INFO - [2025-07-18T11:50:20.240-0500] {dag.py:3954} INFO - Setting next_dagrun for consume_1_or_both_2_and_3_with_dataset_expressions to None, run_after=None
[2025-07-18T11:50:20.241-0500] {logging_mixin.py:188} INFO - [2025-07-18T11:50:20.241-0500] {dag.py:3954} INFO - Setting next_dagrun for dataset_consumes_1 to None, run_after=None
[2025-07-18T11:50:20.242-0500] {logging_mixin.py:188} INFO - [2025-07-18T11:50:20.242-0500] {dag.py:3954} INFO - Setting next_dagrun for dataset_consumes_1_and_2 to None, run_after=None
[2025-07-18T11:50:20.243-0500] {logging_mixin.py:188} INFO - [2025-07-18T11:50:20.243-0500] {dag.py:3954} INFO - Setting next_dagrun for dataset_consumes_1_never_scheduled to None, run_after=None
[2025-07-18T11:50:20.244-0500] {logging_mixin.py:188} INFO - [2025-07-18T11:50:20.244-0500] {dag.py:3954} INFO - Setting next_dagrun for dataset_consumes_unknown_never_scheduled to None, run_after=None
[2025-07-18T11:50:20.245-0500] {logging_mixin.py:188} INFO - [2025-07-18T11:50:20.245-0500] {dag.py:3954} INFO - Setting next_dagrun for dataset_produces_1 to 2025-07-17 00:00:00+00:00, run_after=2025-07-18 00:00:00+00:00
[2025-07-18T11:50:20.246-0500] {logging_mixin.py:188} INFO - [2025-07-18T11:50:20.246-0500] {dag.py:3954} INFO - Setting next_dagrun for dataset_produces_2 to None, run_after=None
[2025-07-18T11:50:20.284-0500] {processor.py:183} INFO - Processing /home/abhiram/jobtrak-stack/venv/lib/python3.12/site-packages/airflow/example_dags/example_datasets.py took 0.125 seconds
[2025-07-18T11:50:50.331-0500] {processor.py:161} INFO - Started process (PID=1153) to work on /home/abhiram/jobtrak-stack/venv/lib/python3.12/site-packages/airflow/example_dags/example_datasets.py
[2025-07-18T11:50:50.332-0500] {processor.py:830} INFO - Processing file /home/abhiram/jobtrak-stack/venv/lib/python3.12/site-packages/airflow/example_dags/example_datasets.py for tasks to queue
[2025-07-18T11:50:50.332-0500] {logging_mixin.py:188} INFO - [2025-07-18T11:50:50.332-0500] {dagbag.py:545} INFO - Filling up the DagBag from /home/abhiram/jobtrak-stack/venv/lib/python3.12/site-packages/airflow/example_dags/example_datasets.py
[2025-07-18T11:50:50.341-0500] {processor.py:840} INFO - DAG(s) 'consume_1_and_2_with_dataset_expressions', 'consume_1_or_both_2_and_3_with_dataset_expressions', 'dataset_consumes_unknown_never_scheduled', 'dataset_produces_1', 'conditional_dataset_and_time_based_timetable', 'dataset_produces_2', 'dataset_consumes_1_and_2', 'dataset_consumes_1_never_scheduled', 'consume_1_or_2_with_dataset_expressions', 'dataset_consumes_1' retrieved from /home/abhiram/jobtrak-stack/venv/lib/python3.12/site-packages/airflow/example_dags/example_datasets.py
[2025-07-18T11:50:50.374-0500] {logging_mixin.py:188} INFO - [2025-07-18T11:50:50.373-0500] {dag.py:3096} INFO - Sync 10 DAGs
[2025-07-18T11:50:50.392-0500] {logging_mixin.py:188} INFO - [2025-07-18T11:50:50.392-0500] {dag.py:3954} INFO - Setting next_dagrun for conditional_dataset_and_time_based_timetable to 2025-07-16 01:00:00+00:00, run_after=2025-07-16 01:00:00+00:00
[2025-07-18T11:50:50.395-0500] {logging_mixin.py:188} INFO - [2025-07-18T11:50:50.395-0500] {dag.py:3954} INFO - Setting next_dagrun for consume_1_and_2_with_dataset_expressions to None, run_after=None
[2025-07-18T11:50:50.396-0500] {logging_mixin.py:188} INFO - [2025-07-18T11:50:50.396-0500] {dag.py:3954} INFO - Setting next_dagrun for consume_1_or_2_with_dataset_expressions to None, run_after=None
[2025-07-18T11:50:50.397-0500] {logging_mixin.py:188} INFO - [2025-07-18T11:50:50.397-0500] {dag.py:3954} INFO - Setting next_dagrun for consume_1_or_both_2_and_3_with_dataset_expressions to None, run_after=None
[2025-07-18T11:50:50.397-0500] {logging_mixin.py:188} INFO - [2025-07-18T11:50:50.397-0500] {dag.py:3954} INFO - Setting next_dagrun for dataset_consumes_1 to None, run_after=None
[2025-07-18T11:50:50.398-0500] {logging_mixin.py:188} INFO - [2025-07-18T11:50:50.398-0500] {dag.py:3954} INFO - Setting next_dagrun for dataset_consumes_1_and_2 to None, run_after=None
[2025-07-18T11:50:50.399-0500] {logging_mixin.py:188} INFO - [2025-07-18T11:50:50.399-0500] {dag.py:3954} INFO - Setting next_dagrun for dataset_consumes_1_never_scheduled to None, run_after=None
[2025-07-18T11:50:50.400-0500] {logging_mixin.py:188} INFO - [2025-07-18T11:50:50.400-0500] {dag.py:3954} INFO - Setting next_dagrun for dataset_consumes_unknown_never_scheduled to None, run_after=None
[2025-07-18T11:50:50.401-0500] {logging_mixin.py:188} INFO - [2025-07-18T11:50:50.401-0500] {dag.py:3954} INFO - Setting next_dagrun for dataset_produces_1 to 2025-07-17 00:00:00+00:00, run_after=2025-07-18 00:00:00+00:00
[2025-07-18T11:50:50.402-0500] {logging_mixin.py:188} INFO - [2025-07-18T11:50:50.402-0500] {dag.py:3954} INFO - Setting next_dagrun for dataset_produces_2 to None, run_after=None
[2025-07-18T11:50:50.426-0500] {processor.py:183} INFO - Processing /home/abhiram/jobtrak-stack/venv/lib/python3.12/site-packages/airflow/example_dags/example_datasets.py took 0.099 seconds
[2025-07-18T11:51:20.441-0500] {processor.py:161} INFO - Started process (PID=1261) to work on /home/abhiram/jobtrak-stack/venv/lib/python3.12/site-packages/airflow/example_dags/example_datasets.py
[2025-07-18T11:51:20.442-0500] {processor.py:830} INFO - Processing file /home/abhiram/jobtrak-stack/venv/lib/python3.12/site-packages/airflow/example_dags/example_datasets.py for tasks to queue
[2025-07-18T11:51:20.443-0500] {logging_mixin.py:188} INFO - [2025-07-18T11:51:20.443-0500] {dagbag.py:545} INFO - Filling up the DagBag from /home/abhiram/jobtrak-stack/venv/lib/python3.12/site-packages/airflow/example_dags/example_datasets.py
[2025-07-18T11:51:20.458-0500] {processor.py:840} INFO - DAG(s) 'dataset_produces_1', 'conditional_dataset_and_time_based_timetable', 'dataset_consumes_1', 'dataset_produces_2', 'consume_1_or_both_2_and_3_with_dataset_expressions', 'consume_1_and_2_with_dataset_expressions', 'dataset_consumes_1_never_scheduled', 'consume_1_or_2_with_dataset_expressions', 'dataset_consumes_1_and_2', 'dataset_consumes_unknown_never_scheduled' retrieved from /home/abhiram/jobtrak-stack/venv/lib/python3.12/site-packages/airflow/example_dags/example_datasets.py
[2025-07-18T11:51:20.496-0500] {logging_mixin.py:188} INFO - [2025-07-18T11:51:20.496-0500] {dag.py:3096} INFO - Sync 10 DAGs
[2025-07-18T11:51:20.514-0500] {logging_mixin.py:188} INFO - [2025-07-18T11:51:20.514-0500] {dag.py:3954} INFO - Setting next_dagrun for conditional_dataset_and_time_based_timetable to 2025-07-16 01:00:00+00:00, run_after=2025-07-16 01:00:00+00:00
[2025-07-18T11:51:20.517-0500] {logging_mixin.py:188} INFO - [2025-07-18T11:51:20.517-0500] {dag.py:3954} INFO - Setting next_dagrun for consume_1_and_2_with_dataset_expressions to None, run_after=None
[2025-07-18T11:51:20.518-0500] {logging_mixin.py:188} INFO - [2025-07-18T11:51:20.518-0500] {dag.py:3954} INFO - Setting next_dagrun for consume_1_or_2_with_dataset_expressions to None, run_after=None
[2025-07-18T11:51:20.519-0500] {logging_mixin.py:188} INFO - [2025-07-18T11:51:20.519-0500] {dag.py:3954} INFO - Setting next_dagrun for consume_1_or_both_2_and_3_with_dataset_expressions to None, run_after=None
[2025-07-18T11:51:20.520-0500] {logging_mixin.py:188} INFO - [2025-07-18T11:51:20.520-0500] {dag.py:3954} INFO - Setting next_dagrun for dataset_consumes_1 to None, run_after=None
[2025-07-18T11:51:20.521-0500] {logging_mixin.py:188} INFO - [2025-07-18T11:51:20.521-0500] {dag.py:3954} INFO - Setting next_dagrun for dataset_consumes_1_and_2 to None, run_after=None
[2025-07-18T11:51:20.522-0500] {logging_mixin.py:188} INFO - [2025-07-18T11:51:20.522-0500] {dag.py:3954} INFO - Setting next_dagrun for dataset_consumes_1_never_scheduled to None, run_after=None
[2025-07-18T11:51:20.523-0500] {logging_mixin.py:188} INFO - [2025-07-18T11:51:20.523-0500] {dag.py:3954} INFO - Setting next_dagrun for dataset_consumes_unknown_never_scheduled to None, run_after=None
[2025-07-18T11:51:20.525-0500] {logging_mixin.py:188} INFO - [2025-07-18T11:51:20.524-0500] {dag.py:3954} INFO - Setting next_dagrun for dataset_produces_1 to 2025-07-17 00:00:00+00:00, run_after=2025-07-18 00:00:00+00:00
[2025-07-18T11:51:20.526-0500] {logging_mixin.py:188} INFO - [2025-07-18T11:51:20.526-0500] {dag.py:3954} INFO - Setting next_dagrun for dataset_produces_2 to None, run_after=None
[2025-07-18T11:51:20.560-0500] {processor.py:183} INFO - Processing /home/abhiram/jobtrak-stack/venv/lib/python3.12/site-packages/airflow/example_dags/example_datasets.py took 0.123 seconds
[2025-07-18T11:51:50.615-0500] {processor.py:161} INFO - Started process (PID=1366) to work on /home/abhiram/jobtrak-stack/venv/lib/python3.12/site-packages/airflow/example_dags/example_datasets.py
[2025-07-18T11:51:50.616-0500] {processor.py:830} INFO - Processing file /home/abhiram/jobtrak-stack/venv/lib/python3.12/site-packages/airflow/example_dags/example_datasets.py for tasks to queue
[2025-07-18T11:51:50.618-0500] {logging_mixin.py:188} INFO - [2025-07-18T11:51:50.618-0500] {dagbag.py:545} INFO - Filling up the DagBag from /home/abhiram/jobtrak-stack/venv/lib/python3.12/site-packages/airflow/example_dags/example_datasets.py
[2025-07-18T11:51:50.637-0500] {processor.py:840} INFO - DAG(s) 'conditional_dataset_and_time_based_timetable', 'dataset_consumes_1_and_2', 'consume_1_and_2_with_dataset_expressions', 'dataset_produces_1', 'dataset_consumes_1', 'dataset_consumes_1_never_scheduled', 'dataset_consumes_unknown_never_scheduled', 'dataset_produces_2', 'consume_1_or_2_with_dataset_expressions', 'consume_1_or_both_2_and_3_with_dataset_expressions' retrieved from /home/abhiram/jobtrak-stack/venv/lib/python3.12/site-packages/airflow/example_dags/example_datasets.py
[2025-07-18T11:51:50.701-0500] {logging_mixin.py:188} INFO - [2025-07-18T11:51:50.700-0500] {dag.py:3096} INFO - Sync 10 DAGs
[2025-07-18T11:51:50.716-0500] {logging_mixin.py:188} INFO - [2025-07-18T11:51:50.716-0500] {dag.py:3954} INFO - Setting next_dagrun for conditional_dataset_and_time_based_timetable to 2025-07-16 01:00:00+00:00, run_after=2025-07-16 01:00:00+00:00
[2025-07-18T11:51:50.719-0500] {logging_mixin.py:188} INFO - [2025-07-18T11:51:50.719-0500] {dag.py:3954} INFO - Setting next_dagrun for consume_1_and_2_with_dataset_expressions to None, run_after=None
[2025-07-18T11:51:50.721-0500] {logging_mixin.py:188} INFO - [2025-07-18T11:51:50.721-0500] {dag.py:3954} INFO - Setting next_dagrun for consume_1_or_2_with_dataset_expressions to None, run_after=None
[2025-07-18T11:51:50.722-0500] {logging_mixin.py:188} INFO - [2025-07-18T11:51:50.721-0500] {dag.py:3954} INFO - Setting next_dagrun for consume_1_or_both_2_and_3_with_dataset_expressions to None, run_after=None
[2025-07-18T11:51:50.723-0500] {logging_mixin.py:188} INFO - [2025-07-18T11:51:50.722-0500] {dag.py:3954} INFO - Setting next_dagrun for dataset_consumes_1 to None, run_after=None
[2025-07-18T11:51:50.723-0500] {logging_mixin.py:188} INFO - [2025-07-18T11:51:50.723-0500] {dag.py:3954} INFO - Setting next_dagrun for dataset_consumes_1_and_2 to None, run_after=None
[2025-07-18T11:51:50.725-0500] {logging_mixin.py:188} INFO - [2025-07-18T11:51:50.725-0500] {dag.py:3954} INFO - Setting next_dagrun for dataset_consumes_1_never_scheduled to None, run_after=None
[2025-07-18T11:51:50.726-0500] {logging_mixin.py:188} INFO - [2025-07-18T11:51:50.726-0500] {dag.py:3954} INFO - Setting next_dagrun for dataset_consumes_unknown_never_scheduled to None, run_after=None
[2025-07-18T11:51:50.728-0500] {logging_mixin.py:188} INFO - [2025-07-18T11:51:50.727-0500] {dag.py:3954} INFO - Setting next_dagrun for dataset_produces_1 to 2025-07-17 00:00:00+00:00, run_after=2025-07-18 00:00:00+00:00
[2025-07-18T11:51:50.729-0500] {logging_mixin.py:188} INFO - [2025-07-18T11:51:50.728-0500] {dag.py:3954} INFO - Setting next_dagrun for dataset_produces_2 to None, run_after=None
[2025-07-18T11:51:50.825-0500] {processor.py:183} INFO - Processing /home/abhiram/jobtrak-stack/venv/lib/python3.12/site-packages/airflow/example_dags/example_datasets.py took 0.219 seconds
