[2025-07-18T11:49:19.124-0500] {processor.py:161} INFO - Started process (PID=851) to work on /home/abhiram/jobtrak-stack/venv/lib/python3.12/site-packages/airflow/example_dags/example_dag_decorator.py
[2025-07-18T11:49:19.125-0500] {processor.py:830} INFO - Processing file /home/abhiram/jobtrak-stack/venv/lib/python3.12/site-packages/airflow/example_dags/example_dag_decorator.py for tasks to queue
[2025-07-18T11:49:19.126-0500] {logging_mixin.py:188} INFO - [2025-07-18T11:49:19.126-0500] {dagbag.py:545} INFO - Filling up the DagBag from /home/abhiram/jobtrak-stack/venv/lib/python3.12/site-packages/airflow/example_dags/example_dag_decorator.py
[2025-07-18T11:49:19.147-0500] {processor.py:840} INFO - DAG(s) 'example_dag_decorator' retrieved from /home/abhiram/jobtrak-stack/venv/lib/python3.12/site-packages/airflow/example_dags/example_dag_decorator.py
[2025-07-18T11:49:19.158-0500] {logging_mixin.py:188} INFO - [2025-07-18T11:49:19.158-0500] {dag.py:3096} INFO - Sync 1 DAGs
[2025-07-18T11:49:19.168-0500] {logging_mixin.py:188} INFO - [2025-07-18T11:49:19.168-0500] {dag.py:3954} INFO - Setting next_dagrun for example_dag_decorator to None, run_after=None
[2025-07-18T11:49:19.185-0500] {processor.py:183} INFO - Processing /home/abhiram/jobtrak-stack/venv/lib/python3.12/site-packages/airflow/example_dags/example_dag_decorator.py took 0.065 seconds
[2025-07-18T11:49:50.915-0500] {processor.py:161} INFO - Started process (PID=977) to work on /home/abhiram/jobtrak-stack/venv/lib/python3.12/site-packages/airflow/example_dags/example_dag_decorator.py
[2025-07-18T11:49:50.915-0500] {processor.py:830} INFO - Processing file /home/abhiram/jobtrak-stack/venv/lib/python3.12/site-packages/airflow/example_dags/example_dag_decorator.py for tasks to queue
[2025-07-18T11:49:50.916-0500] {logging_mixin.py:188} INFO - [2025-07-18T11:49:50.916-0500] {dagbag.py:545} INFO - Filling up the DagBag from /home/abhiram/jobtrak-stack/venv/lib/python3.12/site-packages/airflow/example_dags/example_dag_decorator.py
[2025-07-18T11:49:50.938-0500] {processor.py:840} INFO - DAG(s) 'example_dag_decorator' retrieved from /home/abhiram/jobtrak-stack/venv/lib/python3.12/site-packages/airflow/example_dags/example_dag_decorator.py
[2025-07-18T11:49:51.012-0500] {logging_mixin.py:188} INFO - [2025-07-18T11:49:51.012-0500] {dag.py:3096} INFO - Sync 1 DAGs
[2025-07-18T11:49:51.018-0500] {logging_mixin.py:188} INFO - [2025-07-18T11:49:51.018-0500] {dag.py:3954} INFO - Setting next_dagrun for example_dag_decorator to None, run_after=None
[2025-07-18T11:49:51.039-0500] {processor.py:183} INFO - Processing /home/abhiram/jobtrak-stack/venv/lib/python3.12/site-packages/airflow/example_dags/example_dag_decorator.py took 0.128 seconds
[2025-07-18T11:50:21.327-0500] {processor.py:161} INFO - Started process (PID=1100) to work on /home/abhiram/jobtrak-stack/venv/lib/python3.12/site-packages/airflow/example_dags/example_dag_decorator.py
[2025-07-18T11:50:21.329-0500] {processor.py:830} INFO - Processing file /home/abhiram/jobtrak-stack/venv/lib/python3.12/site-packages/airflow/example_dags/example_dag_decorator.py for tasks to queue
[2025-07-18T11:50:21.330-0500] {logging_mixin.py:188} INFO - [2025-07-18T11:50:21.330-0500] {dagbag.py:545} INFO - Filling up the DagBag from /home/abhiram/jobtrak-stack/venv/lib/python3.12/site-packages/airflow/example_dags/example_dag_decorator.py
[2025-07-18T11:50:21.352-0500] {processor.py:840} INFO - DAG(s) 'example_dag_decorator' retrieved from /home/abhiram/jobtrak-stack/venv/lib/python3.12/site-packages/airflow/example_dags/example_dag_decorator.py
[2025-07-18T11:50:21.369-0500] {logging_mixin.py:188} INFO - [2025-07-18T11:50:21.369-0500] {dag.py:3096} INFO - Sync 1 DAGs
[2025-07-18T11:50:21.379-0500] {logging_mixin.py:188} INFO - [2025-07-18T11:50:21.379-0500] {dag.py:3954} INFO - Setting next_dagrun for example_dag_decorator to None, run_after=None
[2025-07-18T11:50:21.393-0500] {processor.py:183} INFO - Processing /home/abhiram/jobtrak-stack/venv/lib/python3.12/site-packages/airflow/example_dags/example_dag_decorator.py took 0.070 seconds
[2025-07-18T11:50:51.441-0500] {processor.py:161} INFO - Started process (PID=1209) to work on /home/abhiram/jobtrak-stack/venv/lib/python3.12/site-packages/airflow/example_dags/example_dag_decorator.py
[2025-07-18T11:50:51.441-0500] {processor.py:830} INFO - Processing file /home/abhiram/jobtrak-stack/venv/lib/python3.12/site-packages/airflow/example_dags/example_dag_decorator.py for tasks to queue
[2025-07-18T11:50:51.442-0500] {logging_mixin.py:188} INFO - [2025-07-18T11:50:51.442-0500] {dagbag.py:545} INFO - Filling up the DagBag from /home/abhiram/jobtrak-stack/venv/lib/python3.12/site-packages/airflow/example_dags/example_dag_decorator.py
[2025-07-18T11:50:51.466-0500] {processor.py:840} INFO - DAG(s) 'example_dag_decorator' retrieved from /home/abhiram/jobtrak-stack/venv/lib/python3.12/site-packages/airflow/example_dags/example_dag_decorator.py
[2025-07-18T11:50:51.544-0500] {logging_mixin.py:188} INFO - [2025-07-18T11:50:51.543-0500] {dag.py:3096} INFO - Sync 1 DAGs
[2025-07-18T11:50:51.552-0500] {logging_mixin.py:188} INFO - [2025-07-18T11:50:51.552-0500] {dag.py:3954} INFO - Setting next_dagrun for example_dag_decorator to None, run_after=None
[2025-07-18T11:50:51.567-0500] {processor.py:183} INFO - Processing /home/abhiram/jobtrak-stack/venv/lib/python3.12/site-packages/airflow/example_dags/example_dag_decorator.py took 0.130 seconds
[2025-07-18T11:51:21.627-0500] {processor.py:161} INFO - Started process (PID=1317) to work on /home/abhiram/jobtrak-stack/venv/lib/python3.12/site-packages/airflow/example_dags/example_dag_decorator.py
[2025-07-18T11:51:21.628-0500] {processor.py:830} INFO - Processing file /home/abhiram/jobtrak-stack/venv/lib/python3.12/site-packages/airflow/example_dags/example_dag_decorator.py for tasks to queue
[2025-07-18T11:51:21.629-0500] {logging_mixin.py:188} INFO - [2025-07-18T11:51:21.629-0500] {dagbag.py:545} INFO - Filling up the DagBag from /home/abhiram/jobtrak-stack/venv/lib/python3.12/site-packages/airflow/example_dags/example_dag_decorator.py
[2025-07-18T11:51:21.662-0500] {processor.py:840} INFO - DAG(s) 'example_dag_decorator' retrieved from /home/abhiram/jobtrak-stack/venv/lib/python3.12/site-packages/airflow/example_dags/example_dag_decorator.py
[2025-07-18T11:51:21.684-0500] {logging_mixin.py:188} INFO - [2025-07-18T11:51:21.683-0500] {dag.py:3096} INFO - Sync 1 DAGs
[2025-07-18T11:51:21.692-0500] {logging_mixin.py:188} INFO - [2025-07-18T11:51:21.691-0500] {dag.py:3954} INFO - Setting next_dagrun for example_dag_decorator to None, run_after=None
[2025-07-18T11:51:21.708-0500] {processor.py:183} INFO - Processing /home/abhiram/jobtrak-stack/venv/lib/python3.12/site-packages/airflow/example_dags/example_dag_decorator.py took 0.084 seconds
[2025-07-18T11:51:52.014-0500] {processor.py:161} INFO - Started process (PID=1422) to work on /home/abhiram/jobtrak-stack/venv/lib/python3.12/site-packages/airflow/example_dags/example_dag_decorator.py
[2025-07-18T11:51:52.015-0500] {processor.py:830} INFO - Processing file /home/abhiram/jobtrak-stack/venv/lib/python3.12/site-packages/airflow/example_dags/example_dag_decorator.py for tasks to queue
[2025-07-18T11:51:52.016-0500] {logging_mixin.py:188} INFO - [2025-07-18T11:51:52.015-0500] {dagbag.py:545} INFO - Filling up the DagBag from /home/abhiram/jobtrak-stack/venv/lib/python3.12/site-packages/airflow/example_dags/example_dag_decorator.py
[2025-07-18T11:51:52.040-0500] {processor.py:840} INFO - DAG(s) 'example_dag_decorator' retrieved from /home/abhiram/jobtrak-stack/venv/lib/python3.12/site-packages/airflow/example_dags/example_dag_decorator.py
[2025-07-18T11:51:52.059-0500] {logging_mixin.py:188} INFO - [2025-07-18T11:51:52.059-0500] {dag.py:3096} INFO - Sync 1 DAGs
[2025-07-18T11:51:52.068-0500] {logging_mixin.py:188} INFO - [2025-07-18T11:51:52.068-0500] {dag.py:3954} INFO - Setting next_dagrun for example_dag_decorator to None, run_after=None
[2025-07-18T11:51:52.086-0500] {processor.py:183} INFO - Processing /home/abhiram/jobtrak-stack/venv/lib/python3.12/site-packages/airflow/example_dags/example_dag_decorator.py took 0.077 seconds
