[2025-07-18T11:49:19.467-0500] {processor.py:161} INFO - Started process (PID=873) to work on /home/abhiram/jobtrak-stack/venv/lib/python3.12/site-packages/airflow/example_dags/example_dynamic_task_mapping.py
[2025-07-18T11:49:19.468-0500] {processor.py:830} INFO - Processing file /home/abhiram/jobtrak-stack/venv/lib/python3.12/site-packages/airflow/example_dags/example_dynamic_task_mapping.py for tasks to queue
[2025-07-18T11:49:19.469-0500] {logging_mixin.py:188} INFO - [2025-07-18T11:49:19.468-0500] {dagbag.py:545} INFO - Filling up the DagBag from /home/abhiram/jobtrak-stack/venv/lib/python3.12/site-packages/airflow/example_dags/example_dynamic_task_mapping.py
[2025-07-18T11:49:19.473-0500] {processor.py:840} INFO - DAG(s) 'example_dynamic_task_mapping' retrieved from /home/abhiram/jobtrak-stack/venv/lib/python3.12/site-packages/airflow/example_dags/example_dynamic_task_mapping.py
[2025-07-18T11:49:19.486-0500] {logging_mixin.py:188} INFO - [2025-07-18T11:49:19.486-0500] {dag.py:3096} INFO - Sync 1 DAGs
[2025-07-18T11:49:19.500-0500] {logging_mixin.py:188} INFO - [2025-07-18T11:49:19.500-0500] {dag.py:3954} INFO - Setting next_dagrun for example_dynamic_task_mapping to 2022-03-04 00:00:00+00:00, run_after=2022-03-05 00:00:00+00:00
[2025-07-18T11:49:19.516-0500] {processor.py:183} INFO - Processing /home/abhiram/jobtrak-stack/venv/lib/python3.12/site-packages/airflow/example_dags/example_dynamic_task_mapping.py took 0.053 seconds
[2025-07-18T11:49:51.549-0500] {processor.py:161} INFO - Started process (PID=999) to work on /home/abhiram/jobtrak-stack/venv/lib/python3.12/site-packages/airflow/example_dags/example_dynamic_task_mapping.py
[2025-07-18T11:49:51.549-0500] {processor.py:830} INFO - Processing file /home/abhiram/jobtrak-stack/venv/lib/python3.12/site-packages/airflow/example_dags/example_dynamic_task_mapping.py for tasks to queue
[2025-07-18T11:49:51.550-0500] {logging_mixin.py:188} INFO - [2025-07-18T11:49:51.550-0500] {dagbag.py:545} INFO - Filling up the DagBag from /home/abhiram/jobtrak-stack/venv/lib/python3.12/site-packages/airflow/example_dags/example_dynamic_task_mapping.py
[2025-07-18T11:49:51.554-0500] {processor.py:840} INFO - DAG(s) 'example_dynamic_task_mapping' retrieved from /home/abhiram/jobtrak-stack/venv/lib/python3.12/site-packages/airflow/example_dags/example_dynamic_task_mapping.py
[2025-07-18T11:49:51.623-0500] {logging_mixin.py:188} INFO - [2025-07-18T11:49:51.622-0500] {dag.py:3096} INFO - Sync 1 DAGs
[2025-07-18T11:49:51.638-0500] {logging_mixin.py:188} INFO - [2025-07-18T11:49:51.638-0500] {dag.py:3954} INFO - Setting next_dagrun for example_dynamic_task_mapping to 2022-03-04 00:00:00+00:00, run_after=2022-03-05 00:00:00+00:00
[2025-07-18T11:49:51.652-0500] {processor.py:183} INFO - Processing /home/abhiram/jobtrak-stack/venv/lib/python3.12/site-packages/airflow/example_dags/example_dynamic_task_mapping.py took 0.107 seconds
[2025-07-18T11:50:21.786-0500] {processor.py:161} INFO - Started process (PID=1125) to work on /home/abhiram/jobtrak-stack/venv/lib/python3.12/site-packages/airflow/example_dags/example_dynamic_task_mapping.py
[2025-07-18T11:50:21.787-0500] {processor.py:830} INFO - Processing file /home/abhiram/jobtrak-stack/venv/lib/python3.12/site-packages/airflow/example_dags/example_dynamic_task_mapping.py for tasks to queue
[2025-07-18T11:50:21.788-0500] {logging_mixin.py:188} INFO - [2025-07-18T11:50:21.788-0500] {dagbag.py:545} INFO - Filling up the DagBag from /home/abhiram/jobtrak-stack/venv/lib/python3.12/site-packages/airflow/example_dags/example_dynamic_task_mapping.py
[2025-07-18T11:50:21.793-0500] {processor.py:840} INFO - DAG(s) 'example_dynamic_task_mapping' retrieved from /home/abhiram/jobtrak-stack/venv/lib/python3.12/site-packages/airflow/example_dags/example_dynamic_task_mapping.py
[2025-07-18T11:50:21.811-0500] {logging_mixin.py:188} INFO - [2025-07-18T11:50:21.811-0500] {dag.py:3096} INFO - Sync 1 DAGs
[2025-07-18T11:50:21.826-0500] {logging_mixin.py:188} INFO - [2025-07-18T11:50:21.826-0500] {dag.py:3954} INFO - Setting next_dagrun for example_dynamic_task_mapping to 2022-03-04 00:00:00+00:00, run_after=2022-03-05 00:00:00+00:00
[2025-07-18T11:50:21.842-0500] {processor.py:183} INFO - Processing /home/abhiram/jobtrak-stack/venv/lib/python3.12/site-packages/airflow/example_dags/example_dynamic_task_mapping.py took 0.060 seconds
[2025-07-18T11:50:51.864-0500] {processor.py:161} INFO - Started process (PID=1228) to work on /home/abhiram/jobtrak-stack/venv/lib/python3.12/site-packages/airflow/example_dags/example_dynamic_task_mapping.py
[2025-07-18T11:50:51.865-0500] {processor.py:830} INFO - Processing file /home/abhiram/jobtrak-stack/venv/lib/python3.12/site-packages/airflow/example_dags/example_dynamic_task_mapping.py for tasks to queue
[2025-07-18T11:50:51.866-0500] {logging_mixin.py:188} INFO - [2025-07-18T11:50:51.865-0500] {dagbag.py:545} INFO - Filling up the DagBag from /home/abhiram/jobtrak-stack/venv/lib/python3.12/site-packages/airflow/example_dags/example_dynamic_task_mapping.py
[2025-07-18T11:50:51.870-0500] {processor.py:840} INFO - DAG(s) 'example_dynamic_task_mapping' retrieved from /home/abhiram/jobtrak-stack/venv/lib/python3.12/site-packages/airflow/example_dags/example_dynamic_task_mapping.py
[2025-07-18T11:50:51.886-0500] {logging_mixin.py:188} INFO - [2025-07-18T11:50:51.886-0500] {dag.py:3096} INFO - Sync 1 DAGs
[2025-07-18T11:50:51.900-0500] {logging_mixin.py:188} INFO - [2025-07-18T11:50:51.900-0500] {dag.py:3954} INFO - Setting next_dagrun for example_dynamic_task_mapping to 2022-03-04 00:00:00+00:00, run_after=2022-03-05 00:00:00+00:00
[2025-07-18T11:50:51.913-0500] {processor.py:183} INFO - Processing /home/abhiram/jobtrak-stack/venv/lib/python3.12/site-packages/airflow/example_dags/example_dynamic_task_mapping.py took 0.053 seconds
[2025-07-18T11:51:22.073-0500] {processor.py:161} INFO - Started process (PID=1339) to work on /home/abhiram/jobtrak-stack/venv/lib/python3.12/site-packages/airflow/example_dags/example_dynamic_task_mapping.py
[2025-07-18T11:51:22.074-0500] {processor.py:830} INFO - Processing file /home/abhiram/jobtrak-stack/venv/lib/python3.12/site-packages/airflow/example_dags/example_dynamic_task_mapping.py for tasks to queue
[2025-07-18T11:51:22.075-0500] {logging_mixin.py:188} INFO - [2025-07-18T11:51:22.075-0500] {dagbag.py:545} INFO - Filling up the DagBag from /home/abhiram/jobtrak-stack/venv/lib/python3.12/site-packages/airflow/example_dags/example_dynamic_task_mapping.py
[2025-07-18T11:51:22.079-0500] {processor.py:840} INFO - DAG(s) 'example_dynamic_task_mapping' retrieved from /home/abhiram/jobtrak-stack/venv/lib/python3.12/site-packages/airflow/example_dags/example_dynamic_task_mapping.py
[2025-07-18T11:51:22.096-0500] {logging_mixin.py:188} INFO - [2025-07-18T11:51:22.096-0500] {dag.py:3096} INFO - Sync 1 DAGs
[2025-07-18T11:51:22.110-0500] {logging_mixin.py:188} INFO - [2025-07-18T11:51:22.110-0500] {dag.py:3954} INFO - Setting next_dagrun for example_dynamic_task_mapping to 2022-03-04 00:00:00+00:00, run_after=2022-03-05 00:00:00+00:00
[2025-07-18T11:51:22.123-0500] {processor.py:183} INFO - Processing /home/abhiram/jobtrak-stack/venv/lib/python3.12/site-packages/airflow/example_dags/example_dynamic_task_mapping.py took 0.053 seconds
[2025-07-18T11:51:52.375-0500] {processor.py:161} INFO - Started process (PID=1444) to work on /home/abhiram/jobtrak-stack/venv/lib/python3.12/site-packages/airflow/example_dags/example_dynamic_task_mapping.py
[2025-07-18T11:51:52.376-0500] {processor.py:830} INFO - Processing file /home/abhiram/jobtrak-stack/venv/lib/python3.12/site-packages/airflow/example_dags/example_dynamic_task_mapping.py for tasks to queue
[2025-07-18T11:51:52.377-0500] {logging_mixin.py:188} INFO - [2025-07-18T11:51:52.377-0500] {dagbag.py:545} INFO - Filling up the DagBag from /home/abhiram/jobtrak-stack/venv/lib/python3.12/site-packages/airflow/example_dags/example_dynamic_task_mapping.py
[2025-07-18T11:51:52.382-0500] {processor.py:840} INFO - DAG(s) 'example_dynamic_task_mapping' retrieved from /home/abhiram/jobtrak-stack/venv/lib/python3.12/site-packages/airflow/example_dags/example_dynamic_task_mapping.py
[2025-07-18T11:51:52.400-0500] {logging_mixin.py:188} INFO - [2025-07-18T11:51:52.400-0500] {dag.py:3096} INFO - Sync 1 DAGs
[2025-07-18T11:51:52.417-0500] {logging_mixin.py:188} INFO - [2025-07-18T11:51:52.416-0500] {dag.py:3954} INFO - Setting next_dagrun for example_dynamic_task_mapping to 2022-03-04 00:00:00+00:00, run_after=2022-03-05 00:00:00+00:00
[2025-07-18T11:51:52.430-0500] {processor.py:183} INFO - Processing /home/abhiram/jobtrak-stack/venv/lib/python3.12/site-packages/airflow/example_dags/example_dynamic_task_mapping.py took 0.059 seconds
