[2025-07-18T11:49:18.245-0500] {processor.py:161} INFO - Started process (PID=807) to work on /home/abhiram/jobtrak-stack/venv/lib/python3.12/site-packages/airflow/example_dags/tutorial_objectstorage.py
[2025-07-18T11:49:18.245-0500] {processor.py:830} INFO - Processing file /home/abhiram/jobtrak-stack/venv/lib/python3.12/site-packages/airflow/example_dags/tutorial_objectstorage.py for tasks to queue
[2025-07-18T11:49:18.246-0500] {logging_mixin.py:188} INFO - [2025-07-18T11:49:18.246-0500] {dagbag.py:545} INFO - Filling up the DagBag from /home/abhiram/jobtrak-stack/venv/lib/python3.12/site-packages/airflow/example_dags/tutorial_objectstorage.py
[2025-07-18T11:49:18.254-0500] {processor.py:840} INFO - DAG(s) 'tutorial_objectstorage' retrieved from /home/abhiram/jobtrak-stack/venv/lib/python3.12/site-packages/airflow/example_dags/tutorial_objectstorage.py
[2025-07-18T11:49:18.267-0500] {logging_mixin.py:188} INFO - [2025-07-18T11:49:18.267-0500] {dag.py:3096} INFO - Sync 1 DAGs
[2025-07-18T11:49:18.276-0500] {logging_mixin.py:188} INFO - [2025-07-18T11:49:18.275-0500] {dag.py:3954} INFO - Setting next_dagrun for tutorial_objectstorage to None, run_after=None
[2025-07-18T11:49:18.291-0500] {processor.py:183} INFO - Processing /home/abhiram/jobtrak-stack/venv/lib/python3.12/site-packages/airflow/example_dags/tutorial_objectstorage.py took 0.050 seconds
[2025-07-18T11:49:49.587-0500] {processor.py:161} INFO - Started process (PID=933) to work on /home/abhiram/jobtrak-stack/venv/lib/python3.12/site-packages/airflow/example_dags/tutorial_objectstorage.py
[2025-07-18T11:49:49.587-0500] {processor.py:830} INFO - Processing file /home/abhiram/jobtrak-stack/venv/lib/python3.12/site-packages/airflow/example_dags/tutorial_objectstorage.py for tasks to queue
[2025-07-18T11:49:49.588-0500] {logging_mixin.py:188} INFO - [2025-07-18T11:49:49.588-0500] {dagbag.py:545} INFO - Filling up the DagBag from /home/abhiram/jobtrak-stack/venv/lib/python3.12/site-packages/airflow/example_dags/tutorial_objectstorage.py
[2025-07-18T11:49:49.594-0500] {processor.py:840} INFO - DAG(s) 'tutorial_objectstorage' retrieved from /home/abhiram/jobtrak-stack/venv/lib/python3.12/site-packages/airflow/example_dags/tutorial_objectstorage.py
[2025-07-18T11:49:49.674-0500] {logging_mixin.py:188} INFO - [2025-07-18T11:49:49.674-0500] {dag.py:3096} INFO - Sync 1 DAGs
[2025-07-18T11:49:49.682-0500] {logging_mixin.py:188} INFO - [2025-07-18T11:49:49.681-0500] {dag.py:3954} INFO - Setting next_dagrun for tutorial_objectstorage to None, run_after=None
[2025-07-18T11:49:49.699-0500] {processor.py:183} INFO - Processing /home/abhiram/jobtrak-stack/venv/lib/python3.12/site-packages/airflow/example_dags/tutorial_objectstorage.py took 0.116 seconds
[2025-07-18T11:50:20.431-0500] {processor.py:161} INFO - Started process (PID=1056) to work on /home/abhiram/jobtrak-stack/venv/lib/python3.12/site-packages/airflow/example_dags/tutorial_objectstorage.py
[2025-07-18T11:50:20.433-0500] {processor.py:830} INFO - Processing file /home/abhiram/jobtrak-stack/venv/lib/python3.12/site-packages/airflow/example_dags/tutorial_objectstorage.py for tasks to queue
[2025-07-18T11:50:20.434-0500] {logging_mixin.py:188} INFO - [2025-07-18T11:50:20.434-0500] {dagbag.py:545} INFO - Filling up the DagBag from /home/abhiram/jobtrak-stack/venv/lib/python3.12/site-packages/airflow/example_dags/tutorial_objectstorage.py
[2025-07-18T11:50:20.439-0500] {processor.py:840} INFO - DAG(s) 'tutorial_objectstorage' retrieved from /home/abhiram/jobtrak-stack/venv/lib/python3.12/site-packages/airflow/example_dags/tutorial_objectstorage.py
[2025-07-18T11:50:20.457-0500] {logging_mixin.py:188} INFO - [2025-07-18T11:50:20.457-0500] {dag.py:3096} INFO - Sync 1 DAGs
[2025-07-18T11:50:20.466-0500] {logging_mixin.py:188} INFO - [2025-07-18T11:50:20.466-0500] {dag.py:3954} INFO - Setting next_dagrun for tutorial_objectstorage to None, run_after=None
[2025-07-18T11:50:20.482-0500] {processor.py:183} INFO - Processing /home/abhiram/jobtrak-stack/venv/lib/python3.12/site-packages/airflow/example_dags/tutorial_objectstorage.py took 0.056 seconds
[2025-07-18T11:50:50.641-0500] {processor.py:161} INFO - Started process (PID=1165) to work on /home/abhiram/jobtrak-stack/venv/lib/python3.12/site-packages/airflow/example_dags/tutorial_objectstorage.py
[2025-07-18T11:50:50.642-0500] {processor.py:830} INFO - Processing file /home/abhiram/jobtrak-stack/venv/lib/python3.12/site-packages/airflow/example_dags/tutorial_objectstorage.py for tasks to queue
[2025-07-18T11:50:50.643-0500] {logging_mixin.py:188} INFO - [2025-07-18T11:50:50.643-0500] {dagbag.py:545} INFO - Filling up the DagBag from /home/abhiram/jobtrak-stack/venv/lib/python3.12/site-packages/airflow/example_dags/tutorial_objectstorage.py
[2025-07-18T11:50:50.648-0500] {processor.py:840} INFO - DAG(s) 'tutorial_objectstorage' retrieved from /home/abhiram/jobtrak-stack/venv/lib/python3.12/site-packages/airflow/example_dags/tutorial_objectstorage.py
[2025-07-18T11:50:50.665-0500] {logging_mixin.py:188} INFO - [2025-07-18T11:50:50.665-0500] {dag.py:3096} INFO - Sync 1 DAGs
[2025-07-18T11:50:50.674-0500] {logging_mixin.py:188} INFO - [2025-07-18T11:50:50.674-0500] {dag.py:3954} INFO - Setting next_dagrun for tutorial_objectstorage to None, run_after=None
[2025-07-18T11:50:50.689-0500] {processor.py:183} INFO - Processing /home/abhiram/jobtrak-stack/venv/lib/python3.12/site-packages/airflow/example_dags/tutorial_objectstorage.py took 0.051 seconds
[2025-07-18T11:51:20.744-0500] {processor.py:161} INFO - Started process (PID=1273) to work on /home/abhiram/jobtrak-stack/venv/lib/python3.12/site-packages/airflow/example_dags/tutorial_objectstorage.py
[2025-07-18T11:51:20.746-0500] {processor.py:830} INFO - Processing file /home/abhiram/jobtrak-stack/venv/lib/python3.12/site-packages/airflow/example_dags/tutorial_objectstorage.py for tasks to queue
[2025-07-18T11:51:20.747-0500] {logging_mixin.py:188} INFO - [2025-07-18T11:51:20.747-0500] {dagbag.py:545} INFO - Filling up the DagBag from /home/abhiram/jobtrak-stack/venv/lib/python3.12/site-packages/airflow/example_dags/tutorial_objectstorage.py
[2025-07-18T11:51:20.752-0500] {processor.py:840} INFO - DAG(s) 'tutorial_objectstorage' retrieved from /home/abhiram/jobtrak-stack/venv/lib/python3.12/site-packages/airflow/example_dags/tutorial_objectstorage.py
[2025-07-18T11:51:20.769-0500] {logging_mixin.py:188} INFO - [2025-07-18T11:51:20.769-0500] {dag.py:3096} INFO - Sync 1 DAGs
[2025-07-18T11:51:20.781-0500] {logging_mixin.py:188} INFO - [2025-07-18T11:51:20.781-0500] {dag.py:3954} INFO - Setting next_dagrun for tutorial_objectstorage to None, run_after=None
[2025-07-18T11:51:20.798-0500] {processor.py:183} INFO - Processing /home/abhiram/jobtrak-stack/venv/lib/python3.12/site-packages/airflow/example_dags/tutorial_objectstorage.py took 0.058 seconds
[2025-07-18T11:51:51.051-0500] {processor.py:161} INFO - Started process (PID=1377) to work on /home/abhiram/jobtrak-stack/venv/lib/python3.12/site-packages/airflow/example_dags/tutorial_objectstorage.py
[2025-07-18T11:51:51.052-0500] {processor.py:830} INFO - Processing file /home/abhiram/jobtrak-stack/venv/lib/python3.12/site-packages/airflow/example_dags/tutorial_objectstorage.py for tasks to queue
[2025-07-18T11:51:51.053-0500] {logging_mixin.py:188} INFO - [2025-07-18T11:51:51.053-0500] {dagbag.py:545} INFO - Filling up the DagBag from /home/abhiram/jobtrak-stack/venv/lib/python3.12/site-packages/airflow/example_dags/tutorial_objectstorage.py
[2025-07-18T11:51:51.059-0500] {processor.py:840} INFO - DAG(s) 'tutorial_objectstorage' retrieved from /home/abhiram/jobtrak-stack/venv/lib/python3.12/site-packages/airflow/example_dags/tutorial_objectstorage.py
[2025-07-18T11:51:51.081-0500] {logging_mixin.py:188} INFO - [2025-07-18T11:51:51.081-0500] {dag.py:3096} INFO - Sync 1 DAGs
[2025-07-18T11:51:51.098-0500] {logging_mixin.py:188} INFO - [2025-07-18T11:51:51.097-0500] {dag.py:3954} INFO - Setting next_dagrun for tutorial_objectstorage to None, run_after=None
[2025-07-18T11:51:51.118-0500] {processor.py:183} INFO - Processing /home/abhiram/jobtrak-stack/venv/lib/python3.12/site-packages/airflow/example_dags/tutorial_objectstorage.py took 0.072 seconds
[2025-07-18T12:32:15.465-0500] {processor.py:161} INFO - Started process (PID=1919) to work on /home/abhiram/jobtrak-stack/venv/lib/python3.12/site-packages/airflow/example_dags/tutorial_objectstorage.py
[2025-07-18T12:32:15.466-0500] {processor.py:830} INFO - Processing file /home/abhiram/jobtrak-stack/venv/lib/python3.12/site-packages/airflow/example_dags/tutorial_objectstorage.py for tasks to queue
[2025-07-18T12:32:15.467-0500] {logging_mixin.py:188} INFO - [2025-07-18T12:32:15.467-0500] {dagbag.py:545} INFO - Filling up the DagBag from /home/abhiram/jobtrak-stack/venv/lib/python3.12/site-packages/airflow/example_dags/tutorial_objectstorage.py
[2025-07-18T12:32:15.474-0500] {processor.py:840} INFO - DAG(s) 'tutorial_objectstorage' retrieved from /home/abhiram/jobtrak-stack/venv/lib/python3.12/site-packages/airflow/example_dags/tutorial_objectstorage.py
[2025-07-18T12:32:15.496-0500] {logging_mixin.py:188} INFO - [2025-07-18T12:32:15.495-0500] {dag.py:3096} INFO - Sync 1 DAGs
[2025-07-18T12:32:15.504-0500] {logging_mixin.py:188} INFO - [2025-07-18T12:32:15.504-0500] {dag.py:3954} INFO - Setting next_dagrun for tutorial_objectstorage to None, run_after=None
[2025-07-18T12:32:15.521-0500] {processor.py:183} INFO - Processing /home/abhiram/jobtrak-stack/venv/lib/python3.12/site-packages/airflow/example_dags/tutorial_objectstorage.py took 0.060 seconds
[2025-07-18T12:32:45.838-0500] {processor.py:161} INFO - Started process (PID=2048) to work on /home/abhiram/jobtrak-stack/venv/lib/python3.12/site-packages/airflow/example_dags/tutorial_objectstorage.py
[2025-07-18T12:32:45.839-0500] {processor.py:830} INFO - Processing file /home/abhiram/jobtrak-stack/venv/lib/python3.12/site-packages/airflow/example_dags/tutorial_objectstorage.py for tasks to queue
[2025-07-18T12:32:45.840-0500] {logging_mixin.py:188} INFO - [2025-07-18T12:32:45.840-0500] {dagbag.py:545} INFO - Filling up the DagBag from /home/abhiram/jobtrak-stack/venv/lib/python3.12/site-packages/airflow/example_dags/tutorial_objectstorage.py
[2025-07-18T12:32:45.845-0500] {processor.py:840} INFO - DAG(s) 'tutorial_objectstorage' retrieved from /home/abhiram/jobtrak-stack/venv/lib/python3.12/site-packages/airflow/example_dags/tutorial_objectstorage.py
[2025-07-18T12:32:45.866-0500] {logging_mixin.py:188} INFO - [2025-07-18T12:32:45.866-0500] {dag.py:3096} INFO - Sync 1 DAGs
[2025-07-18T12:32:45.875-0500] {logging_mixin.py:188} INFO - [2025-07-18T12:32:45.875-0500] {dag.py:3954} INFO - Setting next_dagrun for tutorial_objectstorage to None, run_after=None
[2025-07-18T12:32:45.893-0500] {processor.py:183} INFO - Processing /home/abhiram/jobtrak-stack/venv/lib/python3.12/site-packages/airflow/example_dags/tutorial_objectstorage.py took 0.058 seconds
[2025-07-18T12:33:16.038-0500] {processor.py:161} INFO - Started process (PID=2167) to work on /home/abhiram/jobtrak-stack/venv/lib/python3.12/site-packages/airflow/example_dags/tutorial_objectstorage.py
[2025-07-18T12:33:16.040-0500] {processor.py:830} INFO - Processing file /home/abhiram/jobtrak-stack/venv/lib/python3.12/site-packages/airflow/example_dags/tutorial_objectstorage.py for tasks to queue
[2025-07-18T12:33:16.041-0500] {logging_mixin.py:188} INFO - [2025-07-18T12:33:16.041-0500] {dagbag.py:545} INFO - Filling up the DagBag from /home/abhiram/jobtrak-stack/venv/lib/python3.12/site-packages/airflow/example_dags/tutorial_objectstorage.py
[2025-07-18T12:33:16.054-0500] {processor.py:840} INFO - DAG(s) 'tutorial_objectstorage' retrieved from /home/abhiram/jobtrak-stack/venv/lib/python3.12/site-packages/airflow/example_dags/tutorial_objectstorage.py
[2025-07-18T12:33:16.077-0500] {logging_mixin.py:188} INFO - [2025-07-18T12:33:16.077-0500] {dag.py:3096} INFO - Sync 1 DAGs
[2025-07-18T12:33:16.086-0500] {logging_mixin.py:188} INFO - [2025-07-18T12:33:16.085-0500] {dag.py:3954} INFO - Setting next_dagrun for tutorial_objectstorage to None, run_after=None
[2025-07-18T12:33:16.104-0500] {processor.py:183} INFO - Processing /home/abhiram/jobtrak-stack/venv/lib/python3.12/site-packages/airflow/example_dags/tutorial_objectstorage.py took 0.077 seconds
[2025-07-18T12:33:46.292-0500] {processor.py:161} INFO - Started process (PID=2281) to work on /home/abhiram/jobtrak-stack/venv/lib/python3.12/site-packages/airflow/example_dags/tutorial_objectstorage.py
[2025-07-18T12:33:46.292-0500] {processor.py:830} INFO - Processing file /home/abhiram/jobtrak-stack/venv/lib/python3.12/site-packages/airflow/example_dags/tutorial_objectstorage.py for tasks to queue
[2025-07-18T12:33:46.293-0500] {logging_mixin.py:188} INFO - [2025-07-18T12:33:46.293-0500] {dagbag.py:545} INFO - Filling up the DagBag from /home/abhiram/jobtrak-stack/venv/lib/python3.12/site-packages/airflow/example_dags/tutorial_objectstorage.py
[2025-07-18T12:33:46.299-0500] {processor.py:840} INFO - DAG(s) 'tutorial_objectstorage' retrieved from /home/abhiram/jobtrak-stack/venv/lib/python3.12/site-packages/airflow/example_dags/tutorial_objectstorage.py
[2025-07-18T12:33:46.317-0500] {logging_mixin.py:188} INFO - [2025-07-18T12:33:46.316-0500] {dag.py:3096} INFO - Sync 1 DAGs
[2025-07-18T12:33:46.329-0500] {logging_mixin.py:188} INFO - [2025-07-18T12:33:46.328-0500] {dag.py:3954} INFO - Setting next_dagrun for tutorial_objectstorage to None, run_after=None
[2025-07-18T12:33:46.345-0500] {processor.py:183} INFO - Processing /home/abhiram/jobtrak-stack/venv/lib/python3.12/site-packages/airflow/example_dags/tutorial_objectstorage.py took 0.058 seconds
[2025-07-18T12:34:16.649-0500] {processor.py:161} INFO - Started process (PID=2387) to work on /home/abhiram/jobtrak-stack/venv/lib/python3.12/site-packages/airflow/example_dags/tutorial_objectstorage.py
[2025-07-18T12:34:16.651-0500] {processor.py:830} INFO - Processing file /home/abhiram/jobtrak-stack/venv/lib/python3.12/site-packages/airflow/example_dags/tutorial_objectstorage.py for tasks to queue
[2025-07-18T12:34:16.652-0500] {logging_mixin.py:188} INFO - [2025-07-18T12:34:16.651-0500] {dagbag.py:545} INFO - Filling up the DagBag from /home/abhiram/jobtrak-stack/venv/lib/python3.12/site-packages/airflow/example_dags/tutorial_objectstorage.py
[2025-07-18T12:34:16.657-0500] {processor.py:840} INFO - DAG(s) 'tutorial_objectstorage' retrieved from /home/abhiram/jobtrak-stack/venv/lib/python3.12/site-packages/airflow/example_dags/tutorial_objectstorage.py
[2025-07-18T12:34:16.681-0500] {logging_mixin.py:188} INFO - [2025-07-18T12:34:16.681-0500] {dag.py:3096} INFO - Sync 1 DAGs
[2025-07-18T12:34:16.689-0500] {logging_mixin.py:188} INFO - [2025-07-18T12:34:16.689-0500] {dag.py:3954} INFO - Setting next_dagrun for tutorial_objectstorage to None, run_after=None
[2025-07-18T12:34:16.709-0500] {processor.py:183} INFO - Processing /home/abhiram/jobtrak-stack/venv/lib/python3.12/site-packages/airflow/example_dags/tutorial_objectstorage.py took 0.064 seconds
[2025-07-18T12:34:47.233-0500] {processor.py:161} INFO - Started process (PID=2495) to work on /home/abhiram/jobtrak-stack/venv/lib/python3.12/site-packages/airflow/example_dags/tutorial_objectstorage.py
[2025-07-18T12:34:47.234-0500] {processor.py:830} INFO - Processing file /home/abhiram/jobtrak-stack/venv/lib/python3.12/site-packages/airflow/example_dags/tutorial_objectstorage.py for tasks to queue
[2025-07-18T12:34:47.235-0500] {logging_mixin.py:188} INFO - [2025-07-18T12:34:47.235-0500] {dagbag.py:545} INFO - Filling up the DagBag from /home/abhiram/jobtrak-stack/venv/lib/python3.12/site-packages/airflow/example_dags/tutorial_objectstorage.py
[2025-07-18T12:34:47.239-0500] {processor.py:840} INFO - DAG(s) 'tutorial_objectstorage' retrieved from /home/abhiram/jobtrak-stack/venv/lib/python3.12/site-packages/airflow/example_dags/tutorial_objectstorage.py
[2025-07-18T12:34:47.261-0500] {logging_mixin.py:188} INFO - [2025-07-18T12:34:47.261-0500] {dag.py:3096} INFO - Sync 1 DAGs
[2025-07-18T12:34:47.270-0500] {logging_mixin.py:188} INFO - [2025-07-18T12:34:47.270-0500] {dag.py:3954} INFO - Setting next_dagrun for tutorial_objectstorage to None, run_after=None
[2025-07-18T12:34:47.283-0500] {processor.py:183} INFO - Processing /home/abhiram/jobtrak-stack/venv/lib/python3.12/site-packages/airflow/example_dags/tutorial_objectstorage.py took 0.054 seconds
[2025-07-18T12:35:17.687-0500] {processor.py:161} INFO - Started process (PID=2605) to work on /home/abhiram/jobtrak-stack/venv/lib/python3.12/site-packages/airflow/example_dags/tutorial_objectstorage.py
[2025-07-18T12:35:17.689-0500] {processor.py:830} INFO - Processing file /home/abhiram/jobtrak-stack/venv/lib/python3.12/site-packages/airflow/example_dags/tutorial_objectstorage.py for tasks to queue
[2025-07-18T12:35:17.690-0500] {logging_mixin.py:188} INFO - [2025-07-18T12:35:17.689-0500] {dagbag.py:545} INFO - Filling up the DagBag from /home/abhiram/jobtrak-stack/venv/lib/python3.12/site-packages/airflow/example_dags/tutorial_objectstorage.py
[2025-07-18T12:35:17.695-0500] {processor.py:840} INFO - DAG(s) 'tutorial_objectstorage' retrieved from /home/abhiram/jobtrak-stack/venv/lib/python3.12/site-packages/airflow/example_dags/tutorial_objectstorage.py
[2025-07-18T12:35:17.712-0500] {logging_mixin.py:188} INFO - [2025-07-18T12:35:17.712-0500] {dag.py:3096} INFO - Sync 1 DAGs
[2025-07-18T12:35:17.722-0500] {logging_mixin.py:188} INFO - [2025-07-18T12:35:17.722-0500] {dag.py:3954} INFO - Setting next_dagrun for tutorial_objectstorage to None, run_after=None
[2025-07-18T12:35:17.737-0500] {processor.py:183} INFO - Processing /home/abhiram/jobtrak-stack/venv/lib/python3.12/site-packages/airflow/example_dags/tutorial_objectstorage.py took 0.055 seconds
[2025-07-18T12:35:48.020-0500] {processor.py:161} INFO - Started process (PID=2710) to work on /home/abhiram/jobtrak-stack/venv/lib/python3.12/site-packages/airflow/example_dags/tutorial_objectstorage.py
[2025-07-18T12:35:48.021-0500] {processor.py:830} INFO - Processing file /home/abhiram/jobtrak-stack/venv/lib/python3.12/site-packages/airflow/example_dags/tutorial_objectstorage.py for tasks to queue
[2025-07-18T12:35:48.022-0500] {logging_mixin.py:188} INFO - [2025-07-18T12:35:48.022-0500] {dagbag.py:545} INFO - Filling up the DagBag from /home/abhiram/jobtrak-stack/venv/lib/python3.12/site-packages/airflow/example_dags/tutorial_objectstorage.py
[2025-07-18T12:35:48.027-0500] {processor.py:840} INFO - DAG(s) 'tutorial_objectstorage' retrieved from /home/abhiram/jobtrak-stack/venv/lib/python3.12/site-packages/airflow/example_dags/tutorial_objectstorage.py
[2025-07-18T12:35:48.047-0500] {logging_mixin.py:188} INFO - [2025-07-18T12:35:48.047-0500] {dag.py:3096} INFO - Sync 1 DAGs
[2025-07-18T12:35:48.059-0500] {logging_mixin.py:188} INFO - [2025-07-18T12:35:48.059-0500] {dag.py:3954} INFO - Setting next_dagrun for tutorial_objectstorage to None, run_after=None
[2025-07-18T12:35:48.077-0500] {processor.py:183} INFO - Processing /home/abhiram/jobtrak-stack/venv/lib/python3.12/site-packages/airflow/example_dags/tutorial_objectstorage.py took 0.061 seconds
[2025-07-18T12:36:18.551-0500] {processor.py:161} INFO - Started process (PID=2817) to work on /home/abhiram/jobtrak-stack/venv/lib/python3.12/site-packages/airflow/example_dags/tutorial_objectstorage.py
[2025-07-18T12:36:18.553-0500] {processor.py:830} INFO - Processing file /home/abhiram/jobtrak-stack/venv/lib/python3.12/site-packages/airflow/example_dags/tutorial_objectstorage.py for tasks to queue
[2025-07-18T12:36:18.554-0500] {logging_mixin.py:188} INFO - [2025-07-18T12:36:18.554-0500] {dagbag.py:545} INFO - Filling up the DagBag from /home/abhiram/jobtrak-stack/venv/lib/python3.12/site-packages/airflow/example_dags/tutorial_objectstorage.py
[2025-07-18T12:36:18.562-0500] {processor.py:840} INFO - DAG(s) 'tutorial_objectstorage' retrieved from /home/abhiram/jobtrak-stack/venv/lib/python3.12/site-packages/airflow/example_dags/tutorial_objectstorage.py
[2025-07-18T12:36:18.581-0500] {logging_mixin.py:188} INFO - [2025-07-18T12:36:18.581-0500] {dag.py:3096} INFO - Sync 1 DAGs
[2025-07-18T12:36:18.590-0500] {logging_mixin.py:188} INFO - [2025-07-18T12:36:18.590-0500] {dag.py:3954} INFO - Setting next_dagrun for tutorial_objectstorage to None, run_after=None
[2025-07-18T12:36:18.605-0500] {processor.py:183} INFO - Processing /home/abhiram/jobtrak-stack/venv/lib/python3.12/site-packages/airflow/example_dags/tutorial_objectstorage.py took 0.058 seconds
[2025-07-18T12:36:48.891-0500] {processor.py:161} INFO - Started process (PID=2933) to work on /home/abhiram/jobtrak-stack/venv/lib/python3.12/site-packages/airflow/example_dags/tutorial_objectstorage.py
[2025-07-18T12:36:48.892-0500] {processor.py:830} INFO - Processing file /home/abhiram/jobtrak-stack/venv/lib/python3.12/site-packages/airflow/example_dags/tutorial_objectstorage.py for tasks to queue
[2025-07-18T12:36:48.893-0500] {logging_mixin.py:188} INFO - [2025-07-18T12:36:48.892-0500] {dagbag.py:545} INFO - Filling up the DagBag from /home/abhiram/jobtrak-stack/venv/lib/python3.12/site-packages/airflow/example_dags/tutorial_objectstorage.py
[2025-07-18T12:36:48.897-0500] {processor.py:840} INFO - DAG(s) 'tutorial_objectstorage' retrieved from /home/abhiram/jobtrak-stack/venv/lib/python3.12/site-packages/airflow/example_dags/tutorial_objectstorage.py
[2025-07-18T12:36:48.917-0500] {logging_mixin.py:188} INFO - [2025-07-18T12:36:48.917-0500] {dag.py:3096} INFO - Sync 1 DAGs
[2025-07-18T12:36:48.928-0500] {logging_mixin.py:188} INFO - [2025-07-18T12:36:48.927-0500] {dag.py:3954} INFO - Setting next_dagrun for tutorial_objectstorage to None, run_after=None
[2025-07-18T12:36:48.943-0500] {processor.py:183} INFO - Processing /home/abhiram/jobtrak-stack/venv/lib/python3.12/site-packages/airflow/example_dags/tutorial_objectstorage.py took 0.056 seconds
[2025-07-18T12:37:19.248-0500] {processor.py:161} INFO - Started process (PID=3149) to work on /home/abhiram/jobtrak-stack/venv/lib/python3.12/site-packages/airflow/example_dags/tutorial_objectstorage.py
[2025-07-18T12:37:19.249-0500] {processor.py:830} INFO - Processing file /home/abhiram/jobtrak-stack/venv/lib/python3.12/site-packages/airflow/example_dags/tutorial_objectstorage.py for tasks to queue
[2025-07-18T12:37:19.250-0500] {logging_mixin.py:188} INFO - [2025-07-18T12:37:19.250-0500] {dagbag.py:545} INFO - Filling up the DagBag from /home/abhiram/jobtrak-stack/venv/lib/python3.12/site-packages/airflow/example_dags/tutorial_objectstorage.py
[2025-07-18T12:37:19.255-0500] {processor.py:840} INFO - DAG(s) 'tutorial_objectstorage' retrieved from /home/abhiram/jobtrak-stack/venv/lib/python3.12/site-packages/airflow/example_dags/tutorial_objectstorage.py
[2025-07-18T12:37:19.274-0500] {logging_mixin.py:188} INFO - [2025-07-18T12:37:19.274-0500] {dag.py:3096} INFO - Sync 1 DAGs
[2025-07-18T12:37:19.283-0500] {logging_mixin.py:188} INFO - [2025-07-18T12:37:19.283-0500] {dag.py:3954} INFO - Setting next_dagrun for tutorial_objectstorage to None, run_after=None
[2025-07-18T12:37:19.303-0500] {processor.py:183} INFO - Processing /home/abhiram/jobtrak-stack/venv/lib/python3.12/site-packages/airflow/example_dags/tutorial_objectstorage.py took 0.059 seconds
[2025-07-18T12:37:49.713-0500] {processor.py:161} INFO - Started process (PID=3257) to work on /home/abhiram/jobtrak-stack/venv/lib/python3.12/site-packages/airflow/example_dags/tutorial_objectstorage.py
[2025-07-18T12:37:49.714-0500] {processor.py:830} INFO - Processing file /home/abhiram/jobtrak-stack/venv/lib/python3.12/site-packages/airflow/example_dags/tutorial_objectstorage.py for tasks to queue
[2025-07-18T12:37:49.715-0500] {logging_mixin.py:188} INFO - [2025-07-18T12:37:49.714-0500] {dagbag.py:545} INFO - Filling up the DagBag from /home/abhiram/jobtrak-stack/venv/lib/python3.12/site-packages/airflow/example_dags/tutorial_objectstorage.py
[2025-07-18T12:37:49.720-0500] {processor.py:840} INFO - DAG(s) 'tutorial_objectstorage' retrieved from /home/abhiram/jobtrak-stack/venv/lib/python3.12/site-packages/airflow/example_dags/tutorial_objectstorage.py
[2025-07-18T12:37:49.743-0500] {logging_mixin.py:188} INFO - [2025-07-18T12:37:49.743-0500] {dag.py:3096} INFO - Sync 1 DAGs
[2025-07-18T12:37:49.751-0500] {logging_mixin.py:188} INFO - [2025-07-18T12:37:49.751-0500] {dag.py:3954} INFO - Setting next_dagrun for tutorial_objectstorage to None, run_after=None
[2025-07-18T12:37:49.766-0500] {processor.py:183} INFO - Processing /home/abhiram/jobtrak-stack/venv/lib/python3.12/site-packages/airflow/example_dags/tutorial_objectstorage.py took 0.057 seconds
[2025-07-18T12:38:19.915-0500] {processor.py:161} INFO - Started process (PID=3364) to work on /home/abhiram/jobtrak-stack/venv/lib/python3.12/site-packages/airflow/example_dags/tutorial_objectstorage.py
[2025-07-18T12:38:19.917-0500] {processor.py:830} INFO - Processing file /home/abhiram/jobtrak-stack/venv/lib/python3.12/site-packages/airflow/example_dags/tutorial_objectstorage.py for tasks to queue
[2025-07-18T12:38:19.918-0500] {logging_mixin.py:188} INFO - [2025-07-18T12:38:19.918-0500] {dagbag.py:545} INFO - Filling up the DagBag from /home/abhiram/jobtrak-stack/venv/lib/python3.12/site-packages/airflow/example_dags/tutorial_objectstorage.py
[2025-07-18T12:38:19.923-0500] {processor.py:840} INFO - DAG(s) 'tutorial_objectstorage' retrieved from /home/abhiram/jobtrak-stack/venv/lib/python3.12/site-packages/airflow/example_dags/tutorial_objectstorage.py
[2025-07-18T12:38:19.941-0500] {logging_mixin.py:188} INFO - [2025-07-18T12:38:19.940-0500] {dag.py:3096} INFO - Sync 1 DAGs
[2025-07-18T12:38:19.949-0500] {logging_mixin.py:188} INFO - [2025-07-18T12:38:19.949-0500] {dag.py:3954} INFO - Setting next_dagrun for tutorial_objectstorage to None, run_after=None
[2025-07-18T12:38:19.965-0500] {processor.py:183} INFO - Processing /home/abhiram/jobtrak-stack/venv/lib/python3.12/site-packages/airflow/example_dags/tutorial_objectstorage.py took 0.054 seconds
[2025-07-18T12:38:50.413-0500] {processor.py:161} INFO - Started process (PID=3472) to work on /home/abhiram/jobtrak-stack/venv/lib/python3.12/site-packages/airflow/example_dags/tutorial_objectstorage.py
[2025-07-18T12:38:50.415-0500] {processor.py:830} INFO - Processing file /home/abhiram/jobtrak-stack/venv/lib/python3.12/site-packages/airflow/example_dags/tutorial_objectstorage.py for tasks to queue
[2025-07-18T12:38:50.416-0500] {logging_mixin.py:188} INFO - [2025-07-18T12:38:50.415-0500] {dagbag.py:545} INFO - Filling up the DagBag from /home/abhiram/jobtrak-stack/venv/lib/python3.12/site-packages/airflow/example_dags/tutorial_objectstorage.py
[2025-07-18T12:38:50.421-0500] {processor.py:840} INFO - DAG(s) 'tutorial_objectstorage' retrieved from /home/abhiram/jobtrak-stack/venv/lib/python3.12/site-packages/airflow/example_dags/tutorial_objectstorage.py
[2025-07-18T12:38:50.439-0500] {logging_mixin.py:188} INFO - [2025-07-18T12:38:50.439-0500] {dag.py:3096} INFO - Sync 1 DAGs
[2025-07-18T12:38:50.447-0500] {logging_mixin.py:188} INFO - [2025-07-18T12:38:50.447-0500] {dag.py:3954} INFO - Setting next_dagrun for tutorial_objectstorage to None, run_after=None
[2025-07-18T12:38:50.464-0500] {processor.py:183} INFO - Processing /home/abhiram/jobtrak-stack/venv/lib/python3.12/site-packages/airflow/example_dags/tutorial_objectstorage.py took 0.056 seconds
[2025-07-18T12:39:20.676-0500] {processor.py:161} INFO - Started process (PID=3579) to work on /home/abhiram/jobtrak-stack/venv/lib/python3.12/site-packages/airflow/example_dags/tutorial_objectstorage.py
[2025-07-18T12:39:20.677-0500] {processor.py:830} INFO - Processing file /home/abhiram/jobtrak-stack/venv/lib/python3.12/site-packages/airflow/example_dags/tutorial_objectstorage.py for tasks to queue
[2025-07-18T12:39:20.678-0500] {logging_mixin.py:188} INFO - [2025-07-18T12:39:20.678-0500] {dagbag.py:545} INFO - Filling up the DagBag from /home/abhiram/jobtrak-stack/venv/lib/python3.12/site-packages/airflow/example_dags/tutorial_objectstorage.py
[2025-07-18T12:39:20.683-0500] {processor.py:840} INFO - DAG(s) 'tutorial_objectstorage' retrieved from /home/abhiram/jobtrak-stack/venv/lib/python3.12/site-packages/airflow/example_dags/tutorial_objectstorage.py
[2025-07-18T12:39:20.705-0500] {logging_mixin.py:188} INFO - [2025-07-18T12:39:20.705-0500] {dag.py:3096} INFO - Sync 1 DAGs
[2025-07-18T12:39:20.713-0500] {logging_mixin.py:188} INFO - [2025-07-18T12:39:20.713-0500] {dag.py:3954} INFO - Setting next_dagrun for tutorial_objectstorage to None, run_after=None
[2025-07-18T12:39:20.729-0500] {processor.py:183} INFO - Processing /home/abhiram/jobtrak-stack/venv/lib/python3.12/site-packages/airflow/example_dags/tutorial_objectstorage.py took 0.057 seconds
[2025-07-18T12:39:50.927-0500] {processor.py:161} INFO - Started process (PID=3684) to work on /home/abhiram/jobtrak-stack/venv/lib/python3.12/site-packages/airflow/example_dags/tutorial_objectstorage.py
[2025-07-18T12:39:50.928-0500] {processor.py:830} INFO - Processing file /home/abhiram/jobtrak-stack/venv/lib/python3.12/site-packages/airflow/example_dags/tutorial_objectstorage.py for tasks to queue
[2025-07-18T12:39:50.929-0500] {logging_mixin.py:188} INFO - [2025-07-18T12:39:50.929-0500] {dagbag.py:545} INFO - Filling up the DagBag from /home/abhiram/jobtrak-stack/venv/lib/python3.12/site-packages/airflow/example_dags/tutorial_objectstorage.py
[2025-07-18T12:39:50.934-0500] {processor.py:840} INFO - DAG(s) 'tutorial_objectstorage' retrieved from /home/abhiram/jobtrak-stack/venv/lib/python3.12/site-packages/airflow/example_dags/tutorial_objectstorage.py
[2025-07-18T12:39:50.951-0500] {logging_mixin.py:188} INFO - [2025-07-18T12:39:50.951-0500] {dag.py:3096} INFO - Sync 1 DAGs
[2025-07-18T12:39:50.960-0500] {logging_mixin.py:188} INFO - [2025-07-18T12:39:50.960-0500] {dag.py:3954} INFO - Setting next_dagrun for tutorial_objectstorage to None, run_after=None
[2025-07-18T12:39:50.974-0500] {processor.py:183} INFO - Processing /home/abhiram/jobtrak-stack/venv/lib/python3.12/site-packages/airflow/example_dags/tutorial_objectstorage.py took 0.051 seconds
[2025-07-18T12:40:22.028-0500] {processor.py:161} INFO - Started process (PID=3804) to work on /home/abhiram/jobtrak-stack/venv/lib/python3.12/site-packages/airflow/example_dags/tutorial_objectstorage.py
[2025-07-18T12:40:22.030-0500] {processor.py:830} INFO - Processing file /home/abhiram/jobtrak-stack/venv/lib/python3.12/site-packages/airflow/example_dags/tutorial_objectstorage.py for tasks to queue
[2025-07-18T12:40:22.031-0500] {logging_mixin.py:188} INFO - [2025-07-18T12:40:22.030-0500] {dagbag.py:545} INFO - Filling up the DagBag from /home/abhiram/jobtrak-stack/venv/lib/python3.12/site-packages/airflow/example_dags/tutorial_objectstorage.py
[2025-07-18T12:40:22.036-0500] {processor.py:840} INFO - DAG(s) 'tutorial_objectstorage' retrieved from /home/abhiram/jobtrak-stack/venv/lib/python3.12/site-packages/airflow/example_dags/tutorial_objectstorage.py
[2025-07-18T12:40:22.053-0500] {logging_mixin.py:188} INFO - [2025-07-18T12:40:22.053-0500] {dag.py:3096} INFO - Sync 1 DAGs
[2025-07-18T12:40:22.061-0500] {logging_mixin.py:188} INFO - [2025-07-18T12:40:22.061-0500] {dag.py:3954} INFO - Setting next_dagrun for tutorial_objectstorage to None, run_after=None
[2025-07-18T12:40:22.077-0500] {processor.py:183} INFO - Processing /home/abhiram/jobtrak-stack/venv/lib/python3.12/site-packages/airflow/example_dags/tutorial_objectstorage.py took 0.055 seconds
[2025-07-18T12:40:31.217-0500] {processor.py:161} INFO - Started process (PID=3877) to work on /home/abhiram/jobtrak-stack/venv/lib/python3.12/site-packages/airflow/example_dags/tutorial_objectstorage.py
[2025-07-18T12:40:31.218-0500] {processor.py:830} INFO - Processing file /home/abhiram/jobtrak-stack/venv/lib/python3.12/site-packages/airflow/example_dags/tutorial_objectstorage.py for tasks to queue
[2025-07-18T12:40:31.219-0500] {logging_mixin.py:188} INFO - [2025-07-18T12:40:31.219-0500] {dagbag.py:545} INFO - Filling up the DagBag from /home/abhiram/jobtrak-stack/venv/lib/python3.12/site-packages/airflow/example_dags/tutorial_objectstorage.py
[2025-07-18T12:40:31.227-0500] {processor.py:840} INFO - DAG(s) 'tutorial_objectstorage' retrieved from /home/abhiram/jobtrak-stack/venv/lib/python3.12/site-packages/airflow/example_dags/tutorial_objectstorage.py
[2025-07-18T12:40:31.249-0500] {logging_mixin.py:188} INFO - [2025-07-18T12:40:31.249-0500] {dag.py:3096} INFO - Sync 1 DAGs
[2025-07-18T12:40:31.257-0500] {logging_mixin.py:188} INFO - [2025-07-18T12:40:31.257-0500] {dag.py:3954} INFO - Setting next_dagrun for tutorial_objectstorage to None, run_after=None
[2025-07-18T12:40:31.273-0500] {processor.py:183} INFO - Processing /home/abhiram/jobtrak-stack/venv/lib/python3.12/site-packages/airflow/example_dags/tutorial_objectstorage.py took 0.059 seconds
[2025-07-18T12:41:01.725-0500] {processor.py:161} INFO - Started process (PID=4000) to work on /home/abhiram/jobtrak-stack/venv/lib/python3.12/site-packages/airflow/example_dags/tutorial_objectstorage.py
[2025-07-18T12:41:01.727-0500] {processor.py:830} INFO - Processing file /home/abhiram/jobtrak-stack/venv/lib/python3.12/site-packages/airflow/example_dags/tutorial_objectstorage.py for tasks to queue
[2025-07-18T12:41:01.728-0500] {logging_mixin.py:188} INFO - [2025-07-18T12:41:01.728-0500] {dagbag.py:545} INFO - Filling up the DagBag from /home/abhiram/jobtrak-stack/venv/lib/python3.12/site-packages/airflow/example_dags/tutorial_objectstorage.py
[2025-07-18T12:41:01.734-0500] {processor.py:840} INFO - DAG(s) 'tutorial_objectstorage' retrieved from /home/abhiram/jobtrak-stack/venv/lib/python3.12/site-packages/airflow/example_dags/tutorial_objectstorage.py
[2025-07-18T12:41:01.752-0500] {logging_mixin.py:188} INFO - [2025-07-18T12:41:01.751-0500] {dag.py:3096} INFO - Sync 1 DAGs
[2025-07-18T12:41:01.760-0500] {logging_mixin.py:188} INFO - [2025-07-18T12:41:01.760-0500] {dag.py:3954} INFO - Setting next_dagrun for tutorial_objectstorage to None, run_after=None
[2025-07-18T12:41:01.777-0500] {processor.py:183} INFO - Processing /home/abhiram/jobtrak-stack/venv/lib/python3.12/site-packages/airflow/example_dags/tutorial_objectstorage.py took 0.056 seconds
[2025-07-18T12:41:32.152-0500] {processor.py:161} INFO - Started process (PID=4164) to work on /home/abhiram/jobtrak-stack/venv/lib/python3.12/site-packages/airflow/example_dags/tutorial_objectstorage.py
[2025-07-18T12:41:32.152-0500] {processor.py:830} INFO - Processing file /home/abhiram/jobtrak-stack/venv/lib/python3.12/site-packages/airflow/example_dags/tutorial_objectstorage.py for tasks to queue
[2025-07-18T12:41:32.153-0500] {logging_mixin.py:188} INFO - [2025-07-18T12:41:32.153-0500] {dagbag.py:545} INFO - Filling up the DagBag from /home/abhiram/jobtrak-stack/venv/lib/python3.12/site-packages/airflow/example_dags/tutorial_objectstorage.py
[2025-07-18T12:41:32.163-0500] {processor.py:840} INFO - DAG(s) 'tutorial_objectstorage' retrieved from /home/abhiram/jobtrak-stack/venv/lib/python3.12/site-packages/airflow/example_dags/tutorial_objectstorage.py
[2025-07-18T12:41:32.182-0500] {logging_mixin.py:188} INFO - [2025-07-18T12:41:32.182-0500] {dag.py:3096} INFO - Sync 1 DAGs
[2025-07-18T12:41:32.193-0500] {logging_mixin.py:188} INFO - [2025-07-18T12:41:32.193-0500] {dag.py:3954} INFO - Setting next_dagrun for tutorial_objectstorage to None, run_after=None
[2025-07-18T12:41:32.213-0500] {processor.py:183} INFO - Processing /home/abhiram/jobtrak-stack/venv/lib/python3.12/site-packages/airflow/example_dags/tutorial_objectstorage.py took 0.065 seconds
[2025-07-18T12:42:02.717-0500] {processor.py:161} INFO - Started process (PID=4272) to work on /home/abhiram/jobtrak-stack/venv/lib/python3.12/site-packages/airflow/example_dags/tutorial_objectstorage.py
[2025-07-18T12:42:02.720-0500] {processor.py:830} INFO - Processing file /home/abhiram/jobtrak-stack/venv/lib/python3.12/site-packages/airflow/example_dags/tutorial_objectstorage.py for tasks to queue
[2025-07-18T12:42:02.721-0500] {logging_mixin.py:188} INFO - [2025-07-18T12:42:02.721-0500] {dagbag.py:545} INFO - Filling up the DagBag from /home/abhiram/jobtrak-stack/venv/lib/python3.12/site-packages/airflow/example_dags/tutorial_objectstorage.py
[2025-07-18T12:42:02.726-0500] {processor.py:840} INFO - DAG(s) 'tutorial_objectstorage' retrieved from /home/abhiram/jobtrak-stack/venv/lib/python3.12/site-packages/airflow/example_dags/tutorial_objectstorage.py
[2025-07-18T12:42:02.744-0500] {logging_mixin.py:188} INFO - [2025-07-18T12:42:02.744-0500] {dag.py:3096} INFO - Sync 1 DAGs
[2025-07-18T12:42:02.758-0500] {logging_mixin.py:188} INFO - [2025-07-18T12:42:02.758-0500] {dag.py:3954} INFO - Setting next_dagrun for tutorial_objectstorage to None, run_after=None
[2025-07-18T12:42:02.780-0500] {processor.py:183} INFO - Processing /home/abhiram/jobtrak-stack/venv/lib/python3.12/site-packages/airflow/example_dags/tutorial_objectstorage.py took 0.068 seconds
[2025-07-18T12:42:33.447-0500] {processor.py:161} INFO - Started process (PID=4381) to work on /home/abhiram/jobtrak-stack/venv/lib/python3.12/site-packages/airflow/example_dags/tutorial_objectstorage.py
[2025-07-18T12:42:33.449-0500] {processor.py:830} INFO - Processing file /home/abhiram/jobtrak-stack/venv/lib/python3.12/site-packages/airflow/example_dags/tutorial_objectstorage.py for tasks to queue
[2025-07-18T12:42:33.450-0500] {logging_mixin.py:188} INFO - [2025-07-18T12:42:33.449-0500] {dagbag.py:545} INFO - Filling up the DagBag from /home/abhiram/jobtrak-stack/venv/lib/python3.12/site-packages/airflow/example_dags/tutorial_objectstorage.py
[2025-07-18T12:42:33.456-0500] {processor.py:840} INFO - DAG(s) 'tutorial_objectstorage' retrieved from /home/abhiram/jobtrak-stack/venv/lib/python3.12/site-packages/airflow/example_dags/tutorial_objectstorage.py
[2025-07-18T12:42:33.477-0500] {logging_mixin.py:188} INFO - [2025-07-18T12:42:33.477-0500] {dag.py:3096} INFO - Sync 1 DAGs
[2025-07-18T12:42:33.485-0500] {logging_mixin.py:188} INFO - [2025-07-18T12:42:33.485-0500] {dag.py:3954} INFO - Setting next_dagrun for tutorial_objectstorage to None, run_after=None
[2025-07-18T12:42:33.503-0500] {processor.py:183} INFO - Processing /home/abhiram/jobtrak-stack/venv/lib/python3.12/site-packages/airflow/example_dags/tutorial_objectstorage.py took 0.060 seconds
[2025-07-18T12:43:03.650-0500] {processor.py:161} INFO - Started process (PID=4490) to work on /home/abhiram/jobtrak-stack/venv/lib/python3.12/site-packages/airflow/example_dags/tutorial_objectstorage.py
[2025-07-18T12:43:03.651-0500] {processor.py:830} INFO - Processing file /home/abhiram/jobtrak-stack/venv/lib/python3.12/site-packages/airflow/example_dags/tutorial_objectstorage.py for tasks to queue
[2025-07-18T12:43:03.652-0500] {logging_mixin.py:188} INFO - [2025-07-18T12:43:03.652-0500] {dagbag.py:545} INFO - Filling up the DagBag from /home/abhiram/jobtrak-stack/venv/lib/python3.12/site-packages/airflow/example_dags/tutorial_objectstorage.py
[2025-07-18T12:43:03.657-0500] {processor.py:840} INFO - DAG(s) 'tutorial_objectstorage' retrieved from /home/abhiram/jobtrak-stack/venv/lib/python3.12/site-packages/airflow/example_dags/tutorial_objectstorage.py
[2025-07-18T12:43:03.675-0500] {logging_mixin.py:188} INFO - [2025-07-18T12:43:03.675-0500] {dag.py:3096} INFO - Sync 1 DAGs
[2025-07-18T12:43:03.682-0500] {logging_mixin.py:188} INFO - [2025-07-18T12:43:03.682-0500] {dag.py:3954} INFO - Setting next_dagrun for tutorial_objectstorage to None, run_after=None
[2025-07-18T12:43:03.696-0500] {processor.py:183} INFO - Processing /home/abhiram/jobtrak-stack/venv/lib/python3.12/site-packages/airflow/example_dags/tutorial_objectstorage.py took 0.050 seconds
[2025-07-18T12:43:34.094-0500] {processor.py:161} INFO - Started process (PID=4598) to work on /home/abhiram/jobtrak-stack/venv/lib/python3.12/site-packages/airflow/example_dags/tutorial_objectstorage.py
[2025-07-18T12:43:34.095-0500] {processor.py:830} INFO - Processing file /home/abhiram/jobtrak-stack/venv/lib/python3.12/site-packages/airflow/example_dags/tutorial_objectstorage.py for tasks to queue
[2025-07-18T12:43:34.096-0500] {logging_mixin.py:188} INFO - [2025-07-18T12:43:34.096-0500] {dagbag.py:545} INFO - Filling up the DagBag from /home/abhiram/jobtrak-stack/venv/lib/python3.12/site-packages/airflow/example_dags/tutorial_objectstorage.py
[2025-07-18T12:43:34.101-0500] {processor.py:840} INFO - DAG(s) 'tutorial_objectstorage' retrieved from /home/abhiram/jobtrak-stack/venv/lib/python3.12/site-packages/airflow/example_dags/tutorial_objectstorage.py
[2025-07-18T12:43:34.118-0500] {logging_mixin.py:188} INFO - [2025-07-18T12:43:34.118-0500] {dag.py:3096} INFO - Sync 1 DAGs
[2025-07-18T12:43:34.126-0500] {logging_mixin.py:188} INFO - [2025-07-18T12:43:34.126-0500] {dag.py:3954} INFO - Setting next_dagrun for tutorial_objectstorage to None, run_after=None
[2025-07-18T12:43:34.140-0500] {processor.py:183} INFO - Processing /home/abhiram/jobtrak-stack/venv/lib/python3.12/site-packages/airflow/example_dags/tutorial_objectstorage.py took 0.050 seconds
[2025-07-18T12:44:04.864-0500] {processor.py:161} INFO - Started process (PID=4708) to work on /home/abhiram/jobtrak-stack/venv/lib/python3.12/site-packages/airflow/example_dags/tutorial_objectstorage.py
[2025-07-18T12:44:04.865-0500] {processor.py:830} INFO - Processing file /home/abhiram/jobtrak-stack/venv/lib/python3.12/site-packages/airflow/example_dags/tutorial_objectstorage.py for tasks to queue
[2025-07-18T12:44:04.866-0500] {logging_mixin.py:188} INFO - [2025-07-18T12:44:04.866-0500] {dagbag.py:545} INFO - Filling up the DagBag from /home/abhiram/jobtrak-stack/venv/lib/python3.12/site-packages/airflow/example_dags/tutorial_objectstorage.py
[2025-07-18T12:44:04.872-0500] {processor.py:840} INFO - DAG(s) 'tutorial_objectstorage' retrieved from /home/abhiram/jobtrak-stack/venv/lib/python3.12/site-packages/airflow/example_dags/tutorial_objectstorage.py
[2025-07-18T12:44:04.892-0500] {logging_mixin.py:188} INFO - [2025-07-18T12:44:04.892-0500] {dag.py:3096} INFO - Sync 1 DAGs
[2025-07-18T12:44:04.900-0500] {logging_mixin.py:188} INFO - [2025-07-18T12:44:04.900-0500] {dag.py:3954} INFO - Setting next_dagrun for tutorial_objectstorage to None, run_after=None
[2025-07-18T12:44:04.918-0500] {processor.py:183} INFO - Processing /home/abhiram/jobtrak-stack/venv/lib/python3.12/site-packages/airflow/example_dags/tutorial_objectstorage.py took 0.058 seconds
[2025-07-18T12:44:35.648-0500] {processor.py:161} INFO - Started process (PID=4817) to work on /home/abhiram/jobtrak-stack/venv/lib/python3.12/site-packages/airflow/example_dags/tutorial_objectstorage.py
[2025-07-18T12:44:35.650-0500] {processor.py:830} INFO - Processing file /home/abhiram/jobtrak-stack/venv/lib/python3.12/site-packages/airflow/example_dags/tutorial_objectstorage.py for tasks to queue
[2025-07-18T12:44:35.651-0500] {logging_mixin.py:188} INFO - [2025-07-18T12:44:35.651-0500] {dagbag.py:545} INFO - Filling up the DagBag from /home/abhiram/jobtrak-stack/venv/lib/python3.12/site-packages/airflow/example_dags/tutorial_objectstorage.py
[2025-07-18T12:44:35.656-0500] {processor.py:840} INFO - DAG(s) 'tutorial_objectstorage' retrieved from /home/abhiram/jobtrak-stack/venv/lib/python3.12/site-packages/airflow/example_dags/tutorial_objectstorage.py
[2025-07-18T12:44:35.673-0500] {logging_mixin.py:188} INFO - [2025-07-18T12:44:35.673-0500] {dag.py:3096} INFO - Sync 1 DAGs
[2025-07-18T12:44:35.682-0500] {logging_mixin.py:188} INFO - [2025-07-18T12:44:35.682-0500] {dag.py:3954} INFO - Setting next_dagrun for tutorial_objectstorage to None, run_after=None
[2025-07-18T12:44:35.695-0500] {processor.py:183} INFO - Processing /home/abhiram/jobtrak-stack/venv/lib/python3.12/site-packages/airflow/example_dags/tutorial_objectstorage.py took 0.051 seconds
[2025-07-18T12:45:06.027-0500] {processor.py:161} INFO - Started process (PID=4927) to work on /home/abhiram/jobtrak-stack/venv/lib/python3.12/site-packages/airflow/example_dags/tutorial_objectstorage.py
[2025-07-18T12:45:06.029-0500] {processor.py:830} INFO - Processing file /home/abhiram/jobtrak-stack/venv/lib/python3.12/site-packages/airflow/example_dags/tutorial_objectstorage.py for tasks to queue
[2025-07-18T12:45:06.030-0500] {logging_mixin.py:188} INFO - [2025-07-18T12:45:06.030-0500] {dagbag.py:545} INFO - Filling up the DagBag from /home/abhiram/jobtrak-stack/venv/lib/python3.12/site-packages/airflow/example_dags/tutorial_objectstorage.py
[2025-07-18T12:45:06.034-0500] {processor.py:840} INFO - DAG(s) 'tutorial_objectstorage' retrieved from /home/abhiram/jobtrak-stack/venv/lib/python3.12/site-packages/airflow/example_dags/tutorial_objectstorage.py
[2025-07-18T12:45:06.053-0500] {logging_mixin.py:188} INFO - [2025-07-18T12:45:06.053-0500] {dag.py:3096} INFO - Sync 1 DAGs
[2025-07-18T12:45:06.061-0500] {logging_mixin.py:188} INFO - [2025-07-18T12:45:06.061-0500] {dag.py:3954} INFO - Setting next_dagrun for tutorial_objectstorage to None, run_after=None
[2025-07-18T12:45:06.080-0500] {processor.py:183} INFO - Processing /home/abhiram/jobtrak-stack/venv/lib/python3.12/site-packages/airflow/example_dags/tutorial_objectstorage.py took 0.056 seconds
[2025-07-18T12:45:36.625-0500] {processor.py:161} INFO - Started process (PID=5035) to work on /home/abhiram/jobtrak-stack/venv/lib/python3.12/site-packages/airflow/example_dags/tutorial_objectstorage.py
[2025-07-18T12:45:36.626-0500] {processor.py:830} INFO - Processing file /home/abhiram/jobtrak-stack/venv/lib/python3.12/site-packages/airflow/example_dags/tutorial_objectstorage.py for tasks to queue
[2025-07-18T12:45:36.627-0500] {logging_mixin.py:188} INFO - [2025-07-18T12:45:36.627-0500] {dagbag.py:545} INFO - Filling up the DagBag from /home/abhiram/jobtrak-stack/venv/lib/python3.12/site-packages/airflow/example_dags/tutorial_objectstorage.py
[2025-07-18T12:45:36.633-0500] {processor.py:840} INFO - DAG(s) 'tutorial_objectstorage' retrieved from /home/abhiram/jobtrak-stack/venv/lib/python3.12/site-packages/airflow/example_dags/tutorial_objectstorage.py
[2025-07-18T12:45:36.650-0500] {logging_mixin.py:188} INFO - [2025-07-18T12:45:36.649-0500] {dag.py:3096} INFO - Sync 1 DAGs
[2025-07-18T12:45:36.658-0500] {logging_mixin.py:188} INFO - [2025-07-18T12:45:36.658-0500] {dag.py:3954} INFO - Setting next_dagrun for tutorial_objectstorage to None, run_after=None
[2025-07-18T12:45:36.674-0500] {processor.py:183} INFO - Processing /home/abhiram/jobtrak-stack/venv/lib/python3.12/site-packages/airflow/example_dags/tutorial_objectstorage.py took 0.053 seconds
[2025-07-18T12:46:07.333-0500] {processor.py:161} INFO - Started process (PID=5143) to work on /home/abhiram/jobtrak-stack/venv/lib/python3.12/site-packages/airflow/example_dags/tutorial_objectstorage.py
[2025-07-18T12:46:07.335-0500] {processor.py:830} INFO - Processing file /home/abhiram/jobtrak-stack/venv/lib/python3.12/site-packages/airflow/example_dags/tutorial_objectstorage.py for tasks to queue
[2025-07-18T12:46:07.336-0500] {logging_mixin.py:188} INFO - [2025-07-18T12:46:07.336-0500] {dagbag.py:545} INFO - Filling up the DagBag from /home/abhiram/jobtrak-stack/venv/lib/python3.12/site-packages/airflow/example_dags/tutorial_objectstorage.py
[2025-07-18T12:46:07.341-0500] {processor.py:840} INFO - DAG(s) 'tutorial_objectstorage' retrieved from /home/abhiram/jobtrak-stack/venv/lib/python3.12/site-packages/airflow/example_dags/tutorial_objectstorage.py
[2025-07-18T12:46:07.357-0500] {logging_mixin.py:188} INFO - [2025-07-18T12:46:07.357-0500] {dag.py:3096} INFO - Sync 1 DAGs
[2025-07-18T12:46:07.366-0500] {logging_mixin.py:188} INFO - [2025-07-18T12:46:07.366-0500] {dag.py:3954} INFO - Setting next_dagrun for tutorial_objectstorage to None, run_after=None
[2025-07-18T12:46:07.380-0500] {processor.py:183} INFO - Processing /home/abhiram/jobtrak-stack/venv/lib/python3.12/site-packages/airflow/example_dags/tutorial_objectstorage.py took 0.050 seconds
[2025-07-18T12:46:37.948-0500] {processor.py:161} INFO - Started process (PID=5251) to work on /home/abhiram/jobtrak-stack/venv/lib/python3.12/site-packages/airflow/example_dags/tutorial_objectstorage.py
[2025-07-18T12:46:37.950-0500] {processor.py:830} INFO - Processing file /home/abhiram/jobtrak-stack/venv/lib/python3.12/site-packages/airflow/example_dags/tutorial_objectstorage.py for tasks to queue
[2025-07-18T12:46:37.951-0500] {logging_mixin.py:188} INFO - [2025-07-18T12:46:37.950-0500] {dagbag.py:545} INFO - Filling up the DagBag from /home/abhiram/jobtrak-stack/venv/lib/python3.12/site-packages/airflow/example_dags/tutorial_objectstorage.py
[2025-07-18T12:46:37.955-0500] {processor.py:840} INFO - DAG(s) 'tutorial_objectstorage' retrieved from /home/abhiram/jobtrak-stack/venv/lib/python3.12/site-packages/airflow/example_dags/tutorial_objectstorage.py
[2025-07-18T12:46:37.973-0500] {logging_mixin.py:188} INFO - [2025-07-18T12:46:37.973-0500] {dag.py:3096} INFO - Sync 1 DAGs
[2025-07-18T12:46:37.981-0500] {logging_mixin.py:188} INFO - [2025-07-18T12:46:37.981-0500] {dag.py:3954} INFO - Setting next_dagrun for tutorial_objectstorage to None, run_after=None
[2025-07-18T12:46:37.998-0500] {processor.py:183} INFO - Processing /home/abhiram/jobtrak-stack/venv/lib/python3.12/site-packages/airflow/example_dags/tutorial_objectstorage.py took 0.054 seconds
[2025-07-18T12:47:08.818-0500] {processor.py:161} INFO - Started process (PID=5361) to work on /home/abhiram/jobtrak-stack/venv/lib/python3.12/site-packages/airflow/example_dags/tutorial_objectstorage.py
[2025-07-18T12:47:08.819-0500] {processor.py:830} INFO - Processing file /home/abhiram/jobtrak-stack/venv/lib/python3.12/site-packages/airflow/example_dags/tutorial_objectstorage.py for tasks to queue
[2025-07-18T12:47:08.820-0500] {logging_mixin.py:188} INFO - [2025-07-18T12:47:08.820-0500] {dagbag.py:545} INFO - Filling up the DagBag from /home/abhiram/jobtrak-stack/venv/lib/python3.12/site-packages/airflow/example_dags/tutorial_objectstorage.py
[2025-07-18T12:47:08.825-0500] {processor.py:840} INFO - DAG(s) 'tutorial_objectstorage' retrieved from /home/abhiram/jobtrak-stack/venv/lib/python3.12/site-packages/airflow/example_dags/tutorial_objectstorage.py
[2025-07-18T12:47:08.841-0500] {logging_mixin.py:188} INFO - [2025-07-18T12:47:08.841-0500] {dag.py:3096} INFO - Sync 1 DAGs
[2025-07-18T12:47:08.849-0500] {logging_mixin.py:188} INFO - [2025-07-18T12:47:08.849-0500] {dag.py:3954} INFO - Setting next_dagrun for tutorial_objectstorage to None, run_after=None
[2025-07-18T12:47:08.863-0500] {processor.py:183} INFO - Processing /home/abhiram/jobtrak-stack/venv/lib/python3.12/site-packages/airflow/example_dags/tutorial_objectstorage.py took 0.049 seconds
[2025-07-18T12:47:39.443-0500] {processor.py:161} INFO - Started process (PID=5468) to work on /home/abhiram/jobtrak-stack/venv/lib/python3.12/site-packages/airflow/example_dags/tutorial_objectstorage.py
[2025-07-18T12:47:39.444-0500] {processor.py:830} INFO - Processing file /home/abhiram/jobtrak-stack/venv/lib/python3.12/site-packages/airflow/example_dags/tutorial_objectstorage.py for tasks to queue
[2025-07-18T12:47:39.445-0500] {logging_mixin.py:188} INFO - [2025-07-18T12:47:39.444-0500] {dagbag.py:545} INFO - Filling up the DagBag from /home/abhiram/jobtrak-stack/venv/lib/python3.12/site-packages/airflow/example_dags/tutorial_objectstorage.py
[2025-07-18T12:47:39.449-0500] {processor.py:840} INFO - DAG(s) 'tutorial_objectstorage' retrieved from /home/abhiram/jobtrak-stack/venv/lib/python3.12/site-packages/airflow/example_dags/tutorial_objectstorage.py
[2025-07-18T12:47:39.473-0500] {logging_mixin.py:188} INFO - [2025-07-18T12:47:39.473-0500] {dag.py:3096} INFO - Sync 1 DAGs
[2025-07-18T12:47:39.491-0500] {logging_mixin.py:188} INFO - [2025-07-18T12:47:39.491-0500] {dag.py:3954} INFO - Setting next_dagrun for tutorial_objectstorage to None, run_after=None
[2025-07-18T12:47:39.514-0500] {processor.py:183} INFO - Processing /home/abhiram/jobtrak-stack/venv/lib/python3.12/site-packages/airflow/example_dags/tutorial_objectstorage.py took 0.075 seconds
[2025-07-18T12:48:10.120-0500] {processor.py:161} INFO - Started process (PID=5639) to work on /home/abhiram/jobtrak-stack/venv/lib/python3.12/site-packages/airflow/example_dags/tutorial_objectstorage.py
[2025-07-18T12:48:10.121-0500] {processor.py:830} INFO - Processing file /home/abhiram/jobtrak-stack/venv/lib/python3.12/site-packages/airflow/example_dags/tutorial_objectstorage.py for tasks to queue
[2025-07-18T12:48:10.122-0500] {logging_mixin.py:188} INFO - [2025-07-18T12:48:10.122-0500] {dagbag.py:545} INFO - Filling up the DagBag from /home/abhiram/jobtrak-stack/venv/lib/python3.12/site-packages/airflow/example_dags/tutorial_objectstorage.py
[2025-07-18T12:48:10.126-0500] {processor.py:840} INFO - DAG(s) 'tutorial_objectstorage' retrieved from /home/abhiram/jobtrak-stack/venv/lib/python3.12/site-packages/airflow/example_dags/tutorial_objectstorage.py
[2025-07-18T12:48:10.145-0500] {logging_mixin.py:188} INFO - [2025-07-18T12:48:10.145-0500] {dag.py:3096} INFO - Sync 1 DAGs
[2025-07-18T12:48:10.152-0500] {logging_mixin.py:188} INFO - [2025-07-18T12:48:10.152-0500] {dag.py:3954} INFO - Setting next_dagrun for tutorial_objectstorage to None, run_after=None
[2025-07-18T12:48:10.168-0500] {processor.py:183} INFO - Processing /home/abhiram/jobtrak-stack/venv/lib/python3.12/site-packages/airflow/example_dags/tutorial_objectstorage.py took 0.052 seconds
[2025-07-18T12:48:40.808-0500] {processor.py:161} INFO - Started process (PID=5758) to work on /home/abhiram/jobtrak-stack/venv/lib/python3.12/site-packages/airflow/example_dags/tutorial_objectstorage.py
[2025-07-18T12:48:40.808-0500] {processor.py:830} INFO - Processing file /home/abhiram/jobtrak-stack/venv/lib/python3.12/site-packages/airflow/example_dags/tutorial_objectstorage.py for tasks to queue
[2025-07-18T12:48:40.810-0500] {logging_mixin.py:188} INFO - [2025-07-18T12:48:40.809-0500] {dagbag.py:545} INFO - Filling up the DagBag from /home/abhiram/jobtrak-stack/venv/lib/python3.12/site-packages/airflow/example_dags/tutorial_objectstorage.py
[2025-07-18T12:48:40.814-0500] {processor.py:840} INFO - DAG(s) 'tutorial_objectstorage' retrieved from /home/abhiram/jobtrak-stack/venv/lib/python3.12/site-packages/airflow/example_dags/tutorial_objectstorage.py
[2025-07-18T12:48:40.839-0500] {logging_mixin.py:188} INFO - [2025-07-18T12:48:40.839-0500] {dag.py:3096} INFO - Sync 1 DAGs
[2025-07-18T12:48:40.848-0500] {logging_mixin.py:188} INFO - [2025-07-18T12:48:40.848-0500] {dag.py:3954} INFO - Setting next_dagrun for tutorial_objectstorage to None, run_after=None
[2025-07-18T12:48:40.863-0500] {processor.py:183} INFO - Processing /home/abhiram/jobtrak-stack/venv/lib/python3.12/site-packages/airflow/example_dags/tutorial_objectstorage.py took 0.060 seconds
[2025-07-18T12:49:11.284-0500] {processor.py:161} INFO - Started process (PID=5866) to work on /home/abhiram/jobtrak-stack/venv/lib/python3.12/site-packages/airflow/example_dags/tutorial_objectstorage.py
[2025-07-18T12:49:11.286-0500] {processor.py:830} INFO - Processing file /home/abhiram/jobtrak-stack/venv/lib/python3.12/site-packages/airflow/example_dags/tutorial_objectstorage.py for tasks to queue
[2025-07-18T12:49:11.287-0500] {logging_mixin.py:188} INFO - [2025-07-18T12:49:11.287-0500] {dagbag.py:545} INFO - Filling up the DagBag from /home/abhiram/jobtrak-stack/venv/lib/python3.12/site-packages/airflow/example_dags/tutorial_objectstorage.py
[2025-07-18T12:49:11.294-0500] {processor.py:840} INFO - DAG(s) 'tutorial_objectstorage' retrieved from /home/abhiram/jobtrak-stack/venv/lib/python3.12/site-packages/airflow/example_dags/tutorial_objectstorage.py
[2025-07-18T12:49:11.314-0500] {logging_mixin.py:188} INFO - [2025-07-18T12:49:11.313-0500] {dag.py:3096} INFO - Sync 1 DAGs
[2025-07-18T12:49:11.322-0500] {logging_mixin.py:188} INFO - [2025-07-18T12:49:11.322-0500] {dag.py:3954} INFO - Setting next_dagrun for tutorial_objectstorage to None, run_after=None
[2025-07-18T12:49:11.341-0500] {processor.py:183} INFO - Processing /home/abhiram/jobtrak-stack/venv/lib/python3.12/site-packages/airflow/example_dags/tutorial_objectstorage.py took 0.060 seconds
