[2025-07-18T11:49:18.102-0500] {processor.py:161} INFO - Started process (PID=799) to work on /home/abhiram/jobtrak-stack/venv/lib/python3.12/site-packages/airflow/example_dags/tutorial_taskflow_api.py
[2025-07-18T11:49:18.103-0500] {processor.py:830} INFO - Processing file /home/abhiram/jobtrak-stack/venv/lib/python3.12/site-packages/airflow/example_dags/tutorial_taskflow_api.py for tasks to queue
[2025-07-18T11:49:18.104-0500] {logging_mixin.py:188} INFO - [2025-07-18T11:49:18.104-0500] {dagbag.py:545} INFO - Filling up the DagBag from /home/abhiram/jobtrak-stack/venv/lib/python3.12/site-packages/airflow/example_dags/tutorial_taskflow_api.py
[2025-07-18T11:49:18.109-0500] {processor.py:840} INFO - DAG(s) 'tutorial_taskflow_api' retrieved from /home/abhiram/jobtrak-stack/venv/lib/python3.12/site-packages/airflow/example_dags/tutorial_taskflow_api.py
[2025-07-18T11:49:18.122-0500] {logging_mixin.py:188} INFO - [2025-07-18T11:49:18.122-0500] {dag.py:3096} INFO - Sync 1 DAGs
[2025-07-18T11:49:18.133-0500] {logging_mixin.py:188} INFO - [2025-07-18T11:49:18.133-0500] {dag.py:3954} INFO - Setting next_dagrun for tutorial_taskflow_api to None, run_after=None
[2025-07-18T11:49:18.151-0500] {processor.py:183} INFO - Processing /home/abhiram/jobtrak-stack/venv/lib/python3.12/site-packages/airflow/example_dags/tutorial_taskflow_api.py took 0.053 seconds
[2025-07-18T11:49:49.347-0500] {processor.py:161} INFO - Started process (PID=925) to work on /home/abhiram/jobtrak-stack/venv/lib/python3.12/site-packages/airflow/example_dags/tutorial_taskflow_api.py
[2025-07-18T11:49:49.348-0500] {processor.py:830} INFO - Processing file /home/abhiram/jobtrak-stack/venv/lib/python3.12/site-packages/airflow/example_dags/tutorial_taskflow_api.py for tasks to queue
[2025-07-18T11:49:49.349-0500] {logging_mixin.py:188} INFO - [2025-07-18T11:49:49.348-0500] {dagbag.py:545} INFO - Filling up the DagBag from /home/abhiram/jobtrak-stack/venv/lib/python3.12/site-packages/airflow/example_dags/tutorial_taskflow_api.py
[2025-07-18T11:49:49.353-0500] {processor.py:840} INFO - DAG(s) 'tutorial_taskflow_api' retrieved from /home/abhiram/jobtrak-stack/venv/lib/python3.12/site-packages/airflow/example_dags/tutorial_taskflow_api.py
[2025-07-18T11:49:49.420-0500] {logging_mixin.py:188} INFO - [2025-07-18T11:49:49.420-0500] {dag.py:3096} INFO - Sync 1 DAGs
[2025-07-18T11:49:49.427-0500] {logging_mixin.py:188} INFO - [2025-07-18T11:49:49.427-0500] {dag.py:3954} INFO - Setting next_dagrun for tutorial_taskflow_api to None, run_after=None
[2025-07-18T11:49:49.452-0500] {processor.py:183} INFO - Processing /home/abhiram/jobtrak-stack/venv/lib/python3.12/site-packages/airflow/example_dags/tutorial_taskflow_api.py took 0.109 seconds
[2025-07-18T11:50:20.303-0500] {processor.py:161} INFO - Started process (PID=1048) to work on /home/abhiram/jobtrak-stack/venv/lib/python3.12/site-packages/airflow/example_dags/tutorial_taskflow_api.py
[2025-07-18T11:50:20.304-0500] {processor.py:830} INFO - Processing file /home/abhiram/jobtrak-stack/venv/lib/python3.12/site-packages/airflow/example_dags/tutorial_taskflow_api.py for tasks to queue
[2025-07-18T11:50:20.306-0500] {logging_mixin.py:188} INFO - [2025-07-18T11:50:20.305-0500] {dagbag.py:545} INFO - Filling up the DagBag from /home/abhiram/jobtrak-stack/venv/lib/python3.12/site-packages/airflow/example_dags/tutorial_taskflow_api.py
[2025-07-18T11:50:20.310-0500] {processor.py:840} INFO - DAG(s) 'tutorial_taskflow_api' retrieved from /home/abhiram/jobtrak-stack/venv/lib/python3.12/site-packages/airflow/example_dags/tutorial_taskflow_api.py
[2025-07-18T11:50:20.329-0500] {logging_mixin.py:188} INFO - [2025-07-18T11:50:20.329-0500] {dag.py:3096} INFO - Sync 1 DAGs
[2025-07-18T11:50:20.339-0500] {logging_mixin.py:188} INFO - [2025-07-18T11:50:20.339-0500] {dag.py:3954} INFO - Setting next_dagrun for tutorial_taskflow_api to None, run_after=None
[2025-07-18T11:50:20.355-0500] {processor.py:183} INFO - Processing /home/abhiram/jobtrak-stack/venv/lib/python3.12/site-packages/airflow/example_dags/tutorial_taskflow_api.py took 0.057 seconds
[2025-07-18T11:50:50.441-0500] {processor.py:161} INFO - Started process (PID=1156) to work on /home/abhiram/jobtrak-stack/venv/lib/python3.12/site-packages/airflow/example_dags/tutorial_taskflow_api.py
[2025-07-18T11:50:50.442-0500] {processor.py:830} INFO - Processing file /home/abhiram/jobtrak-stack/venv/lib/python3.12/site-packages/airflow/example_dags/tutorial_taskflow_api.py for tasks to queue
[2025-07-18T11:50:50.443-0500] {logging_mixin.py:188} INFO - [2025-07-18T11:50:50.442-0500] {dagbag.py:545} INFO - Filling up the DagBag from /home/abhiram/jobtrak-stack/venv/lib/python3.12/site-packages/airflow/example_dags/tutorial_taskflow_api.py
[2025-07-18T11:50:50.446-0500] {processor.py:840} INFO - DAG(s) 'tutorial_taskflow_api' retrieved from /home/abhiram/jobtrak-stack/venv/lib/python3.12/site-packages/airflow/example_dags/tutorial_taskflow_api.py
[2025-07-18T11:50:50.466-0500] {logging_mixin.py:188} INFO - [2025-07-18T11:50:50.466-0500] {dag.py:3096} INFO - Sync 1 DAGs
[2025-07-18T11:50:50.475-0500] {logging_mixin.py:188} INFO - [2025-07-18T11:50:50.475-0500] {dag.py:3954} INFO - Setting next_dagrun for tutorial_taskflow_api to None, run_after=None
[2025-07-18T11:50:50.492-0500] {processor.py:183} INFO - Processing /home/abhiram/jobtrak-stack/venv/lib/python3.12/site-packages/airflow/example_dags/tutorial_taskflow_api.py took 0.054 seconds
[2025-07-18T11:51:20.577-0500] {processor.py:161} INFO - Started process (PID=1264) to work on /home/abhiram/jobtrak-stack/venv/lib/python3.12/site-packages/airflow/example_dags/tutorial_taskflow_api.py
[2025-07-18T11:51:20.578-0500] {processor.py:830} INFO - Processing file /home/abhiram/jobtrak-stack/venv/lib/python3.12/site-packages/airflow/example_dags/tutorial_taskflow_api.py for tasks to queue
[2025-07-18T11:51:20.579-0500] {logging_mixin.py:188} INFO - [2025-07-18T11:51:20.579-0500] {dagbag.py:545} INFO - Filling up the DagBag from /home/abhiram/jobtrak-stack/venv/lib/python3.12/site-packages/airflow/example_dags/tutorial_taskflow_api.py
[2025-07-18T11:51:20.583-0500] {processor.py:840} INFO - DAG(s) 'tutorial_taskflow_api' retrieved from /home/abhiram/jobtrak-stack/venv/lib/python3.12/site-packages/airflow/example_dags/tutorial_taskflow_api.py
[2025-07-18T11:51:20.603-0500] {logging_mixin.py:188} INFO - [2025-07-18T11:51:20.603-0500] {dag.py:3096} INFO - Sync 1 DAGs
[2025-07-18T11:51:20.614-0500] {logging_mixin.py:188} INFO - [2025-07-18T11:51:20.614-0500] {dag.py:3954} INFO - Setting next_dagrun for tutorial_taskflow_api to None, run_after=None
[2025-07-18T11:51:20.631-0500] {processor.py:183} INFO - Processing /home/abhiram/jobtrak-stack/venv/lib/python3.12/site-packages/airflow/example_dags/tutorial_taskflow_api.py took 0.058 seconds
[2025-07-18T11:51:50.857-0500] {processor.py:161} INFO - Started process (PID=1369) to work on /home/abhiram/jobtrak-stack/venv/lib/python3.12/site-packages/airflow/example_dags/tutorial_taskflow_api.py
[2025-07-18T11:51:50.857-0500] {processor.py:830} INFO - Processing file /home/abhiram/jobtrak-stack/venv/lib/python3.12/site-packages/airflow/example_dags/tutorial_taskflow_api.py for tasks to queue
[2025-07-18T11:51:50.859-0500] {logging_mixin.py:188} INFO - [2025-07-18T11:51:50.858-0500] {dagbag.py:545} INFO - Filling up the DagBag from /home/abhiram/jobtrak-stack/venv/lib/python3.12/site-packages/airflow/example_dags/tutorial_taskflow_api.py
[2025-07-18T11:51:50.863-0500] {processor.py:840} INFO - DAG(s) 'tutorial_taskflow_api' retrieved from /home/abhiram/jobtrak-stack/venv/lib/python3.12/site-packages/airflow/example_dags/tutorial_taskflow_api.py
[2025-07-18T11:51:50.888-0500] {logging_mixin.py:188} INFO - [2025-07-18T11:51:50.888-0500] {dag.py:3096} INFO - Sync 1 DAGs
[2025-07-18T11:51:50.899-0500] {logging_mixin.py:188} INFO - [2025-07-18T11:51:50.898-0500] {dag.py:3954} INFO - Setting next_dagrun for tutorial_taskflow_api to None, run_after=None
[2025-07-18T11:51:50.925-0500] {processor.py:183} INFO - Processing /home/abhiram/jobtrak-stack/venv/lib/python3.12/site-packages/airflow/example_dags/tutorial_taskflow_api.py took 0.074 seconds
[2025-07-18T12:32:15.297-0500] {processor.py:161} INFO - Started process (PID=1911) to work on /home/abhiram/jobtrak-stack/venv/lib/python3.12/site-packages/airflow/example_dags/tutorial_taskflow_api.py
[2025-07-18T12:32:15.298-0500] {processor.py:830} INFO - Processing file /home/abhiram/jobtrak-stack/venv/lib/python3.12/site-packages/airflow/example_dags/tutorial_taskflow_api.py for tasks to queue
[2025-07-18T12:32:15.299-0500] {logging_mixin.py:188} INFO - [2025-07-18T12:32:15.299-0500] {dagbag.py:545} INFO - Filling up the DagBag from /home/abhiram/jobtrak-stack/venv/lib/python3.12/site-packages/airflow/example_dags/tutorial_taskflow_api.py
[2025-07-18T12:32:15.305-0500] {processor.py:840} INFO - DAG(s) 'tutorial_taskflow_api' retrieved from /home/abhiram/jobtrak-stack/venv/lib/python3.12/site-packages/airflow/example_dags/tutorial_taskflow_api.py
[2025-07-18T12:32:15.326-0500] {logging_mixin.py:188} INFO - [2025-07-18T12:32:15.326-0500] {dag.py:3096} INFO - Sync 1 DAGs
[2025-07-18T12:32:15.335-0500] {logging_mixin.py:188} INFO - [2025-07-18T12:32:15.334-0500] {dag.py:3954} INFO - Setting next_dagrun for tutorial_taskflow_api to None, run_after=None
[2025-07-18T12:32:15.350-0500] {processor.py:183} INFO - Processing /home/abhiram/jobtrak-stack/venv/lib/python3.12/site-packages/airflow/example_dags/tutorial_taskflow_api.py took 0.056 seconds
[2025-07-18T12:32:45.709-0500] {processor.py:161} INFO - Started process (PID=2040) to work on /home/abhiram/jobtrak-stack/venv/lib/python3.12/site-packages/airflow/example_dags/tutorial_taskflow_api.py
[2025-07-18T12:32:45.709-0500] {processor.py:830} INFO - Processing file /home/abhiram/jobtrak-stack/venv/lib/python3.12/site-packages/airflow/example_dags/tutorial_taskflow_api.py for tasks to queue
[2025-07-18T12:32:45.710-0500] {logging_mixin.py:188} INFO - [2025-07-18T12:32:45.710-0500] {dagbag.py:545} INFO - Filling up the DagBag from /home/abhiram/jobtrak-stack/venv/lib/python3.12/site-packages/airflow/example_dags/tutorial_taskflow_api.py
[2025-07-18T12:32:45.714-0500] {processor.py:840} INFO - DAG(s) 'tutorial_taskflow_api' retrieved from /home/abhiram/jobtrak-stack/venv/lib/python3.12/site-packages/airflow/example_dags/tutorial_taskflow_api.py
[2025-07-18T12:32:45.734-0500] {logging_mixin.py:188} INFO - [2025-07-18T12:32:45.733-0500] {dag.py:3096} INFO - Sync 1 DAGs
[2025-07-18T12:32:45.743-0500] {logging_mixin.py:188} INFO - [2025-07-18T12:32:45.743-0500] {dag.py:3954} INFO - Setting next_dagrun for tutorial_taskflow_api to None, run_after=None
[2025-07-18T12:32:45.760-0500] {processor.py:183} INFO - Processing /home/abhiram/jobtrak-stack/venv/lib/python3.12/site-packages/airflow/example_dags/tutorial_taskflow_api.py took 0.056 seconds
[2025-07-18T12:33:15.835-0500] {processor.py:161} INFO - Started process (PID=2158) to work on /home/abhiram/jobtrak-stack/venv/lib/python3.12/site-packages/airflow/example_dags/tutorial_taskflow_api.py
[2025-07-18T12:33:15.838-0500] {processor.py:830} INFO - Processing file /home/abhiram/jobtrak-stack/venv/lib/python3.12/site-packages/airflow/example_dags/tutorial_taskflow_api.py for tasks to queue
[2025-07-18T12:33:15.839-0500] {logging_mixin.py:188} INFO - [2025-07-18T12:33:15.839-0500] {dagbag.py:545} INFO - Filling up the DagBag from /home/abhiram/jobtrak-stack/venv/lib/python3.12/site-packages/airflow/example_dags/tutorial_taskflow_api.py
[2025-07-18T12:33:15.844-0500] {processor.py:840} INFO - DAG(s) 'tutorial_taskflow_api' retrieved from /home/abhiram/jobtrak-stack/venv/lib/python3.12/site-packages/airflow/example_dags/tutorial_taskflow_api.py
[2025-07-18T12:33:15.876-0500] {logging_mixin.py:188} INFO - [2025-07-18T12:33:15.875-0500] {dag.py:3096} INFO - Sync 1 DAGs
[2025-07-18T12:33:15.889-0500] {logging_mixin.py:188} INFO - [2025-07-18T12:33:15.889-0500] {dag.py:3954} INFO - Setting next_dagrun for tutorial_taskflow_api to None, run_after=None
[2025-07-18T12:33:15.906-0500] {processor.py:183} INFO - Processing /home/abhiram/jobtrak-stack/venv/lib/python3.12/site-packages/airflow/example_dags/tutorial_taskflow_api.py took 0.076 seconds
[2025-07-18T12:33:46.139-0500] {processor.py:161} INFO - Started process (PID=2273) to work on /home/abhiram/jobtrak-stack/venv/lib/python3.12/site-packages/airflow/example_dags/tutorial_taskflow_api.py
[2025-07-18T12:33:46.140-0500] {processor.py:830} INFO - Processing file /home/abhiram/jobtrak-stack/venv/lib/python3.12/site-packages/airflow/example_dags/tutorial_taskflow_api.py for tasks to queue
[2025-07-18T12:33:46.141-0500] {logging_mixin.py:188} INFO - [2025-07-18T12:33:46.141-0500] {dagbag.py:545} INFO - Filling up the DagBag from /home/abhiram/jobtrak-stack/venv/lib/python3.12/site-packages/airflow/example_dags/tutorial_taskflow_api.py
[2025-07-18T12:33:46.145-0500] {processor.py:840} INFO - DAG(s) 'tutorial_taskflow_api' retrieved from /home/abhiram/jobtrak-stack/venv/lib/python3.12/site-packages/airflow/example_dags/tutorial_taskflow_api.py
[2025-07-18T12:33:46.161-0500] {logging_mixin.py:188} INFO - [2025-07-18T12:33:46.161-0500] {dag.py:3096} INFO - Sync 1 DAGs
[2025-07-18T12:33:46.169-0500] {logging_mixin.py:188} INFO - [2025-07-18T12:33:46.169-0500] {dag.py:3954} INFO - Setting next_dagrun for tutorial_taskflow_api to None, run_after=None
[2025-07-18T12:33:46.186-0500] {processor.py:183} INFO - Processing /home/abhiram/jobtrak-stack/venv/lib/python3.12/site-packages/airflow/example_dags/tutorial_taskflow_api.py took 0.050 seconds
[2025-07-18T12:34:16.433-0500] {processor.py:161} INFO - Started process (PID=2378) to work on /home/abhiram/jobtrak-stack/venv/lib/python3.12/site-packages/airflow/example_dags/tutorial_taskflow_api.py
[2025-07-18T12:34:16.434-0500] {processor.py:830} INFO - Processing file /home/abhiram/jobtrak-stack/venv/lib/python3.12/site-packages/airflow/example_dags/tutorial_taskflow_api.py for tasks to queue
[2025-07-18T12:34:16.438-0500] {logging_mixin.py:188} INFO - [2025-07-18T12:34:16.438-0500] {dagbag.py:545} INFO - Filling up the DagBag from /home/abhiram/jobtrak-stack/venv/lib/python3.12/site-packages/airflow/example_dags/tutorial_taskflow_api.py
[2025-07-18T12:34:16.443-0500] {processor.py:840} INFO - DAG(s) 'tutorial_taskflow_api' retrieved from /home/abhiram/jobtrak-stack/venv/lib/python3.12/site-packages/airflow/example_dags/tutorial_taskflow_api.py
[2025-07-18T12:34:16.467-0500] {logging_mixin.py:188} INFO - [2025-07-18T12:34:16.467-0500] {dag.py:3096} INFO - Sync 1 DAGs
[2025-07-18T12:34:16.478-0500] {logging_mixin.py:188} INFO - [2025-07-18T12:34:16.478-0500] {dag.py:3954} INFO - Setting next_dagrun for tutorial_taskflow_api to None, run_after=None
[2025-07-18T12:34:16.495-0500] {processor.py:183} INFO - Processing /home/abhiram/jobtrak-stack/venv/lib/python3.12/site-packages/airflow/example_dags/tutorial_taskflow_api.py took 0.066 seconds
[2025-07-18T12:34:47.112-0500] {processor.py:161} INFO - Started process (PID=2487) to work on /home/abhiram/jobtrak-stack/venv/lib/python3.12/site-packages/airflow/example_dags/tutorial_taskflow_api.py
[2025-07-18T12:34:47.113-0500] {processor.py:830} INFO - Processing file /home/abhiram/jobtrak-stack/venv/lib/python3.12/site-packages/airflow/example_dags/tutorial_taskflow_api.py for tasks to queue
[2025-07-18T12:34:47.114-0500] {logging_mixin.py:188} INFO - [2025-07-18T12:34:47.113-0500] {dagbag.py:545} INFO - Filling up the DagBag from /home/abhiram/jobtrak-stack/venv/lib/python3.12/site-packages/airflow/example_dags/tutorial_taskflow_api.py
[2025-07-18T12:34:47.118-0500] {processor.py:840} INFO - DAG(s) 'tutorial_taskflow_api' retrieved from /home/abhiram/jobtrak-stack/venv/lib/python3.12/site-packages/airflow/example_dags/tutorial_taskflow_api.py
[2025-07-18T12:34:47.134-0500] {logging_mixin.py:188} INFO - [2025-07-18T12:34:47.134-0500] {dag.py:3096} INFO - Sync 1 DAGs
[2025-07-18T12:34:47.143-0500] {logging_mixin.py:188} INFO - [2025-07-18T12:34:47.142-0500] {dag.py:3954} INFO - Setting next_dagrun for tutorial_taskflow_api to None, run_after=None
[2025-07-18T12:34:47.157-0500] {processor.py:183} INFO - Processing /home/abhiram/jobtrak-stack/venv/lib/python3.12/site-packages/airflow/example_dags/tutorial_taskflow_api.py took 0.048 seconds
[2025-07-18T12:35:17.557-0500] {processor.py:161} INFO - Started process (PID=2597) to work on /home/abhiram/jobtrak-stack/venv/lib/python3.12/site-packages/airflow/example_dags/tutorial_taskflow_api.py
[2025-07-18T12:35:17.558-0500] {processor.py:830} INFO - Processing file /home/abhiram/jobtrak-stack/venv/lib/python3.12/site-packages/airflow/example_dags/tutorial_taskflow_api.py for tasks to queue
[2025-07-18T12:35:17.559-0500] {logging_mixin.py:188} INFO - [2025-07-18T12:35:17.558-0500] {dagbag.py:545} INFO - Filling up the DagBag from /home/abhiram/jobtrak-stack/venv/lib/python3.12/site-packages/airflow/example_dags/tutorial_taskflow_api.py
[2025-07-18T12:35:17.563-0500] {processor.py:840} INFO - DAG(s) 'tutorial_taskflow_api' retrieved from /home/abhiram/jobtrak-stack/venv/lib/python3.12/site-packages/airflow/example_dags/tutorial_taskflow_api.py
[2025-07-18T12:35:17.582-0500] {logging_mixin.py:188} INFO - [2025-07-18T12:35:17.581-0500] {dag.py:3096} INFO - Sync 1 DAGs
[2025-07-18T12:35:17.591-0500] {logging_mixin.py:188} INFO - [2025-07-18T12:35:17.591-0500] {dag.py:3954} INFO - Setting next_dagrun for tutorial_taskflow_api to None, run_after=None
[2025-07-18T12:35:17.606-0500] {processor.py:183} INFO - Processing /home/abhiram/jobtrak-stack/venv/lib/python3.12/site-packages/airflow/example_dags/tutorial_taskflow_api.py took 0.054 seconds
[2025-07-18T12:35:47.884-0500] {processor.py:161} INFO - Started process (PID=2702) to work on /home/abhiram/jobtrak-stack/venv/lib/python3.12/site-packages/airflow/example_dags/tutorial_taskflow_api.py
[2025-07-18T12:35:47.884-0500] {processor.py:830} INFO - Processing file /home/abhiram/jobtrak-stack/venv/lib/python3.12/site-packages/airflow/example_dags/tutorial_taskflow_api.py for tasks to queue
[2025-07-18T12:35:47.886-0500] {logging_mixin.py:188} INFO - [2025-07-18T12:35:47.885-0500] {dagbag.py:545} INFO - Filling up the DagBag from /home/abhiram/jobtrak-stack/venv/lib/python3.12/site-packages/airflow/example_dags/tutorial_taskflow_api.py
[2025-07-18T12:35:47.890-0500] {processor.py:840} INFO - DAG(s) 'tutorial_taskflow_api' retrieved from /home/abhiram/jobtrak-stack/venv/lib/python3.12/site-packages/airflow/example_dags/tutorial_taskflow_api.py
[2025-07-18T12:35:47.911-0500] {logging_mixin.py:188} INFO - [2025-07-18T12:35:47.911-0500] {dag.py:3096} INFO - Sync 1 DAGs
[2025-07-18T12:35:47.919-0500] {logging_mixin.py:188} INFO - [2025-07-18T12:35:47.919-0500] {dag.py:3954} INFO - Setting next_dagrun for tutorial_taskflow_api to None, run_after=None
[2025-07-18T12:35:47.937-0500] {processor.py:183} INFO - Processing /home/abhiram/jobtrak-stack/venv/lib/python3.12/site-packages/airflow/example_dags/tutorial_taskflow_api.py took 0.057 seconds
[2025-07-18T12:36:18.418-0500] {processor.py:161} INFO - Started process (PID=2809) to work on /home/abhiram/jobtrak-stack/venv/lib/python3.12/site-packages/airflow/example_dags/tutorial_taskflow_api.py
[2025-07-18T12:36:18.419-0500] {processor.py:830} INFO - Processing file /home/abhiram/jobtrak-stack/venv/lib/python3.12/site-packages/airflow/example_dags/tutorial_taskflow_api.py for tasks to queue
[2025-07-18T12:36:18.420-0500] {logging_mixin.py:188} INFO - [2025-07-18T12:36:18.420-0500] {dagbag.py:545} INFO - Filling up the DagBag from /home/abhiram/jobtrak-stack/venv/lib/python3.12/site-packages/airflow/example_dags/tutorial_taskflow_api.py
[2025-07-18T12:36:18.425-0500] {processor.py:840} INFO - DAG(s) 'tutorial_taskflow_api' retrieved from /home/abhiram/jobtrak-stack/venv/lib/python3.12/site-packages/airflow/example_dags/tutorial_taskflow_api.py
[2025-07-18T12:36:18.449-0500] {logging_mixin.py:188} INFO - [2025-07-18T12:36:18.447-0500] {dag.py:3096} INFO - Sync 1 DAGs
[2025-07-18T12:36:18.457-0500] {logging_mixin.py:188} INFO - [2025-07-18T12:36:18.457-0500] {dag.py:3954} INFO - Setting next_dagrun for tutorial_taskflow_api to None, run_after=None
[2025-07-18T12:36:18.474-0500] {processor.py:183} INFO - Processing /home/abhiram/jobtrak-stack/venv/lib/python3.12/site-packages/airflow/example_dags/tutorial_taskflow_api.py took 0.060 seconds
[2025-07-18T12:36:48.763-0500] {processor.py:161} INFO - Started process (PID=2925) to work on /home/abhiram/jobtrak-stack/venv/lib/python3.12/site-packages/airflow/example_dags/tutorial_taskflow_api.py
[2025-07-18T12:36:48.763-0500] {processor.py:830} INFO - Processing file /home/abhiram/jobtrak-stack/venv/lib/python3.12/site-packages/airflow/example_dags/tutorial_taskflow_api.py for tasks to queue
[2025-07-18T12:36:48.764-0500] {logging_mixin.py:188} INFO - [2025-07-18T12:36:48.764-0500] {dagbag.py:545} INFO - Filling up the DagBag from /home/abhiram/jobtrak-stack/venv/lib/python3.12/site-packages/airflow/example_dags/tutorial_taskflow_api.py
[2025-07-18T12:36:48.768-0500] {processor.py:840} INFO - DAG(s) 'tutorial_taskflow_api' retrieved from /home/abhiram/jobtrak-stack/venv/lib/python3.12/site-packages/airflow/example_dags/tutorial_taskflow_api.py
[2025-07-18T12:36:48.787-0500] {logging_mixin.py:188} INFO - [2025-07-18T12:36:48.787-0500] {dag.py:3096} INFO - Sync 1 DAGs
[2025-07-18T12:36:48.795-0500] {logging_mixin.py:188} INFO - [2025-07-18T12:36:48.795-0500] {dag.py:3954} INFO - Setting next_dagrun for tutorial_taskflow_api to None, run_after=None
[2025-07-18T12:36:48.814-0500] {processor.py:183} INFO - Processing /home/abhiram/jobtrak-stack/venv/lib/python3.12/site-packages/airflow/example_dags/tutorial_taskflow_api.py took 0.055 seconds
[2025-07-18T12:37:19.105-0500] {processor.py:161} INFO - Started process (PID=3141) to work on /home/abhiram/jobtrak-stack/venv/lib/python3.12/site-packages/airflow/example_dags/tutorial_taskflow_api.py
[2025-07-18T12:37:19.107-0500] {processor.py:830} INFO - Processing file /home/abhiram/jobtrak-stack/venv/lib/python3.12/site-packages/airflow/example_dags/tutorial_taskflow_api.py for tasks to queue
[2025-07-18T12:37:19.108-0500] {logging_mixin.py:188} INFO - [2025-07-18T12:37:19.108-0500] {dagbag.py:545} INFO - Filling up the DagBag from /home/abhiram/jobtrak-stack/venv/lib/python3.12/site-packages/airflow/example_dags/tutorial_taskflow_api.py
[2025-07-18T12:37:19.112-0500] {processor.py:840} INFO - DAG(s) 'tutorial_taskflow_api' retrieved from /home/abhiram/jobtrak-stack/venv/lib/python3.12/site-packages/airflow/example_dags/tutorial_taskflow_api.py
[2025-07-18T12:37:19.133-0500] {logging_mixin.py:188} INFO - [2025-07-18T12:37:19.132-0500] {dag.py:3096} INFO - Sync 1 DAGs
[2025-07-18T12:37:19.141-0500] {logging_mixin.py:188} INFO - [2025-07-18T12:37:19.141-0500] {dag.py:3954} INFO - Setting next_dagrun for tutorial_taskflow_api to None, run_after=None
[2025-07-18T12:37:19.160-0500] {processor.py:183} INFO - Processing /home/abhiram/jobtrak-stack/venv/lib/python3.12/site-packages/airflow/example_dags/tutorial_taskflow_api.py took 0.058 seconds
[2025-07-18T12:37:49.572-0500] {processor.py:161} INFO - Started process (PID=3249) to work on /home/abhiram/jobtrak-stack/venv/lib/python3.12/site-packages/airflow/example_dags/tutorial_taskflow_api.py
[2025-07-18T12:37:49.573-0500] {processor.py:830} INFO - Processing file /home/abhiram/jobtrak-stack/venv/lib/python3.12/site-packages/airflow/example_dags/tutorial_taskflow_api.py for tasks to queue
[2025-07-18T12:37:49.574-0500] {logging_mixin.py:188} INFO - [2025-07-18T12:37:49.574-0500] {dagbag.py:545} INFO - Filling up the DagBag from /home/abhiram/jobtrak-stack/venv/lib/python3.12/site-packages/airflow/example_dags/tutorial_taskflow_api.py
[2025-07-18T12:37:49.578-0500] {processor.py:840} INFO - DAG(s) 'tutorial_taskflow_api' retrieved from /home/abhiram/jobtrak-stack/venv/lib/python3.12/site-packages/airflow/example_dags/tutorial_taskflow_api.py
[2025-07-18T12:37:49.598-0500] {logging_mixin.py:188} INFO - [2025-07-18T12:37:49.597-0500] {dag.py:3096} INFO - Sync 1 DAGs
[2025-07-18T12:37:49.605-0500] {logging_mixin.py:188} INFO - [2025-07-18T12:37:49.605-0500] {dag.py:3954} INFO - Setting next_dagrun for tutorial_taskflow_api to None, run_after=None
[2025-07-18T12:37:49.623-0500] {processor.py:183} INFO - Processing /home/abhiram/jobtrak-stack/venv/lib/python3.12/site-packages/airflow/example_dags/tutorial_taskflow_api.py took 0.055 seconds
[2025-07-18T12:38:19.788-0500] {processor.py:161} INFO - Started process (PID=3356) to work on /home/abhiram/jobtrak-stack/venv/lib/python3.12/site-packages/airflow/example_dags/tutorial_taskflow_api.py
[2025-07-18T12:38:19.789-0500] {processor.py:830} INFO - Processing file /home/abhiram/jobtrak-stack/venv/lib/python3.12/site-packages/airflow/example_dags/tutorial_taskflow_api.py for tasks to queue
[2025-07-18T12:38:19.790-0500] {logging_mixin.py:188} INFO - [2025-07-18T12:38:19.790-0500] {dagbag.py:545} INFO - Filling up the DagBag from /home/abhiram/jobtrak-stack/venv/lib/python3.12/site-packages/airflow/example_dags/tutorial_taskflow_api.py
[2025-07-18T12:38:19.794-0500] {processor.py:840} INFO - DAG(s) 'tutorial_taskflow_api' retrieved from /home/abhiram/jobtrak-stack/venv/lib/python3.12/site-packages/airflow/example_dags/tutorial_taskflow_api.py
[2025-07-18T12:38:19.815-0500] {logging_mixin.py:188} INFO - [2025-07-18T12:38:19.814-0500] {dag.py:3096} INFO - Sync 1 DAGs
[2025-07-18T12:38:19.823-0500] {logging_mixin.py:188} INFO - [2025-07-18T12:38:19.823-0500] {dag.py:3954} INFO - Setting next_dagrun for tutorial_taskflow_api to None, run_after=None
[2025-07-18T12:38:19.841-0500] {processor.py:183} INFO - Processing /home/abhiram/jobtrak-stack/venv/lib/python3.12/site-packages/airflow/example_dags/tutorial_taskflow_api.py took 0.057 seconds
[2025-07-18T12:38:50.282-0500] {processor.py:161} INFO - Started process (PID=3464) to work on /home/abhiram/jobtrak-stack/venv/lib/python3.12/site-packages/airflow/example_dags/tutorial_taskflow_api.py
[2025-07-18T12:38:50.283-0500] {processor.py:830} INFO - Processing file /home/abhiram/jobtrak-stack/venv/lib/python3.12/site-packages/airflow/example_dags/tutorial_taskflow_api.py for tasks to queue
[2025-07-18T12:38:50.284-0500] {logging_mixin.py:188} INFO - [2025-07-18T12:38:50.284-0500] {dagbag.py:545} INFO - Filling up the DagBag from /home/abhiram/jobtrak-stack/venv/lib/python3.12/site-packages/airflow/example_dags/tutorial_taskflow_api.py
[2025-07-18T12:38:50.288-0500] {processor.py:840} INFO - DAG(s) 'tutorial_taskflow_api' retrieved from /home/abhiram/jobtrak-stack/venv/lib/python3.12/site-packages/airflow/example_dags/tutorial_taskflow_api.py
[2025-07-18T12:38:50.307-0500] {logging_mixin.py:188} INFO - [2025-07-18T12:38:50.307-0500] {dag.py:3096} INFO - Sync 1 DAGs
[2025-07-18T12:38:50.317-0500] {logging_mixin.py:188} INFO - [2025-07-18T12:38:50.317-0500] {dag.py:3954} INFO - Setting next_dagrun for tutorial_taskflow_api to None, run_after=None
[2025-07-18T12:38:50.334-0500] {processor.py:183} INFO - Processing /home/abhiram/jobtrak-stack/venv/lib/python3.12/site-packages/airflow/example_dags/tutorial_taskflow_api.py took 0.056 seconds
[2025-07-18T12:39:20.552-0500] {processor.py:161} INFO - Started process (PID=3571) to work on /home/abhiram/jobtrak-stack/venv/lib/python3.12/site-packages/airflow/example_dags/tutorial_taskflow_api.py
[2025-07-18T12:39:20.553-0500] {processor.py:830} INFO - Processing file /home/abhiram/jobtrak-stack/venv/lib/python3.12/site-packages/airflow/example_dags/tutorial_taskflow_api.py for tasks to queue
[2025-07-18T12:39:20.554-0500] {logging_mixin.py:188} INFO - [2025-07-18T12:39:20.554-0500] {dagbag.py:545} INFO - Filling up the DagBag from /home/abhiram/jobtrak-stack/venv/lib/python3.12/site-packages/airflow/example_dags/tutorial_taskflow_api.py
[2025-07-18T12:39:20.557-0500] {processor.py:840} INFO - DAG(s) 'tutorial_taskflow_api' retrieved from /home/abhiram/jobtrak-stack/venv/lib/python3.12/site-packages/airflow/example_dags/tutorial_taskflow_api.py
[2025-07-18T12:39:20.577-0500] {logging_mixin.py:188} INFO - [2025-07-18T12:39:20.576-0500] {dag.py:3096} INFO - Sync 1 DAGs
[2025-07-18T12:39:20.584-0500] {logging_mixin.py:188} INFO - [2025-07-18T12:39:20.584-0500] {dag.py:3954} INFO - Setting next_dagrun for tutorial_taskflow_api to None, run_after=None
[2025-07-18T12:39:20.601-0500] {processor.py:183} INFO - Processing /home/abhiram/jobtrak-stack/venv/lib/python3.12/site-packages/airflow/example_dags/tutorial_taskflow_api.py took 0.053 seconds
[2025-07-18T12:39:50.793-0500] {processor.py:161} INFO - Started process (PID=3676) to work on /home/abhiram/jobtrak-stack/venv/lib/python3.12/site-packages/airflow/example_dags/tutorial_taskflow_api.py
[2025-07-18T12:39:50.794-0500] {processor.py:830} INFO - Processing file /home/abhiram/jobtrak-stack/venv/lib/python3.12/site-packages/airflow/example_dags/tutorial_taskflow_api.py for tasks to queue
[2025-07-18T12:39:50.796-0500] {logging_mixin.py:188} INFO - [2025-07-18T12:39:50.795-0500] {dagbag.py:545} INFO - Filling up the DagBag from /home/abhiram/jobtrak-stack/venv/lib/python3.12/site-packages/airflow/example_dags/tutorial_taskflow_api.py
[2025-07-18T12:39:50.802-0500] {processor.py:840} INFO - DAG(s) 'tutorial_taskflow_api' retrieved from /home/abhiram/jobtrak-stack/venv/lib/python3.12/site-packages/airflow/example_dags/tutorial_taskflow_api.py
[2025-07-18T12:39:50.825-0500] {logging_mixin.py:188} INFO - [2025-07-18T12:39:50.824-0500] {dag.py:3096} INFO - Sync 1 DAGs
[2025-07-18T12:39:50.833-0500] {logging_mixin.py:188} INFO - [2025-07-18T12:39:50.833-0500] {dag.py:3954} INFO - Setting next_dagrun for tutorial_taskflow_api to None, run_after=None
[2025-07-18T12:39:50.852-0500] {processor.py:183} INFO - Processing /home/abhiram/jobtrak-stack/venv/lib/python3.12/site-packages/airflow/example_dags/tutorial_taskflow_api.py took 0.068 seconds
[2025-07-18T12:40:21.877-0500] {processor.py:161} INFO - Started process (PID=3796) to work on /home/abhiram/jobtrak-stack/venv/lib/python3.12/site-packages/airflow/example_dags/tutorial_taskflow_api.py
[2025-07-18T12:40:21.878-0500] {processor.py:830} INFO - Processing file /home/abhiram/jobtrak-stack/venv/lib/python3.12/site-packages/airflow/example_dags/tutorial_taskflow_api.py for tasks to queue
[2025-07-18T12:40:21.879-0500] {logging_mixin.py:188} INFO - [2025-07-18T12:40:21.879-0500] {dagbag.py:545} INFO - Filling up the DagBag from /home/abhiram/jobtrak-stack/venv/lib/python3.12/site-packages/airflow/example_dags/tutorial_taskflow_api.py
[2025-07-18T12:40:21.883-0500] {processor.py:840} INFO - DAG(s) 'tutorial_taskflow_api' retrieved from /home/abhiram/jobtrak-stack/venv/lib/python3.12/site-packages/airflow/example_dags/tutorial_taskflow_api.py
[2025-07-18T12:40:21.901-0500] {logging_mixin.py:188} INFO - [2025-07-18T12:40:21.901-0500] {dag.py:3096} INFO - Sync 1 DAGs
[2025-07-18T12:40:21.910-0500] {logging_mixin.py:188} INFO - [2025-07-18T12:40:21.909-0500] {dag.py:3954} INFO - Setting next_dagrun for tutorial_taskflow_api to None, run_after=None
[2025-07-18T12:40:21.938-0500] {processor.py:183} INFO - Processing /home/abhiram/jobtrak-stack/venv/lib/python3.12/site-packages/airflow/example_dags/tutorial_taskflow_api.py took 0.066 seconds
[2025-07-18T12:40:31.052-0500] {processor.py:161} INFO - Started process (PID=3869) to work on /home/abhiram/jobtrak-stack/venv/lib/python3.12/site-packages/airflow/example_dags/tutorial_taskflow_api.py
[2025-07-18T12:40:31.052-0500] {processor.py:830} INFO - Processing file /home/abhiram/jobtrak-stack/venv/lib/python3.12/site-packages/airflow/example_dags/tutorial_taskflow_api.py for tasks to queue
[2025-07-18T12:40:31.053-0500] {logging_mixin.py:188} INFO - [2025-07-18T12:40:31.053-0500] {dagbag.py:545} INFO - Filling up the DagBag from /home/abhiram/jobtrak-stack/venv/lib/python3.12/site-packages/airflow/example_dags/tutorial_taskflow_api.py
[2025-07-18T12:40:31.059-0500] {processor.py:840} INFO - DAG(s) 'tutorial_taskflow_api' retrieved from /home/abhiram/jobtrak-stack/venv/lib/python3.12/site-packages/airflow/example_dags/tutorial_taskflow_api.py
[2025-07-18T12:40:31.084-0500] {logging_mixin.py:188} INFO - [2025-07-18T12:40:31.084-0500] {dag.py:3096} INFO - Sync 1 DAGs
[2025-07-18T12:40:31.093-0500] {logging_mixin.py:188} INFO - [2025-07-18T12:40:31.092-0500] {dag.py:3954} INFO - Setting next_dagrun for tutorial_taskflow_api to None, run_after=None
[2025-07-18T12:40:31.109-0500] {processor.py:183} INFO - Processing /home/abhiram/jobtrak-stack/venv/lib/python3.12/site-packages/airflow/example_dags/tutorial_taskflow_api.py took 0.061 seconds
[2025-07-18T12:41:01.596-0500] {processor.py:161} INFO - Started process (PID=3992) to work on /home/abhiram/jobtrak-stack/venv/lib/python3.12/site-packages/airflow/example_dags/tutorial_taskflow_api.py
[2025-07-18T12:41:01.597-0500] {processor.py:830} INFO - Processing file /home/abhiram/jobtrak-stack/venv/lib/python3.12/site-packages/airflow/example_dags/tutorial_taskflow_api.py for tasks to queue
[2025-07-18T12:41:01.598-0500] {logging_mixin.py:188} INFO - [2025-07-18T12:41:01.598-0500] {dagbag.py:545} INFO - Filling up the DagBag from /home/abhiram/jobtrak-stack/venv/lib/python3.12/site-packages/airflow/example_dags/tutorial_taskflow_api.py
[2025-07-18T12:41:01.603-0500] {processor.py:840} INFO - DAG(s) 'tutorial_taskflow_api' retrieved from /home/abhiram/jobtrak-stack/venv/lib/python3.12/site-packages/airflow/example_dags/tutorial_taskflow_api.py
[2025-07-18T12:41:01.621-0500] {logging_mixin.py:188} INFO - [2025-07-18T12:41:01.621-0500] {dag.py:3096} INFO - Sync 1 DAGs
[2025-07-18T12:41:01.630-0500] {logging_mixin.py:188} INFO - [2025-07-18T12:41:01.630-0500] {dag.py:3954} INFO - Setting next_dagrun for tutorial_taskflow_api to None, run_after=None
[2025-07-18T12:41:01.646-0500] {processor.py:183} INFO - Processing /home/abhiram/jobtrak-stack/venv/lib/python3.12/site-packages/airflow/example_dags/tutorial_taskflow_api.py took 0.054 seconds
[2025-07-18T12:41:32.015-0500] {processor.py:161} INFO - Started process (PID=4157) to work on /home/abhiram/jobtrak-stack/venv/lib/python3.12/site-packages/airflow/example_dags/tutorial_taskflow_api.py
[2025-07-18T12:41:32.015-0500] {processor.py:830} INFO - Processing file /home/abhiram/jobtrak-stack/venv/lib/python3.12/site-packages/airflow/example_dags/tutorial_taskflow_api.py for tasks to queue
[2025-07-18T12:41:32.016-0500] {logging_mixin.py:188} INFO - [2025-07-18T12:41:32.016-0500] {dagbag.py:545} INFO - Filling up the DagBag from /home/abhiram/jobtrak-stack/venv/lib/python3.12/site-packages/airflow/example_dags/tutorial_taskflow_api.py
[2025-07-18T12:41:32.020-0500] {processor.py:840} INFO - DAG(s) 'tutorial_taskflow_api' retrieved from /home/abhiram/jobtrak-stack/venv/lib/python3.12/site-packages/airflow/example_dags/tutorial_taskflow_api.py
[2025-07-18T12:41:32.039-0500] {logging_mixin.py:188} INFO - [2025-07-18T12:41:32.039-0500] {dag.py:3096} INFO - Sync 1 DAGs
[2025-07-18T12:41:32.049-0500] {logging_mixin.py:188} INFO - [2025-07-18T12:41:32.049-0500] {dag.py:3954} INFO - Setting next_dagrun for tutorial_taskflow_api to None, run_after=None
[2025-07-18T12:41:32.065-0500] {processor.py:183} INFO - Processing /home/abhiram/jobtrak-stack/venv/lib/python3.12/site-packages/airflow/example_dags/tutorial_taskflow_api.py took 0.055 seconds
[2025-07-18T12:42:02.563-0500] {processor.py:161} INFO - Started process (PID=4264) to work on /home/abhiram/jobtrak-stack/venv/lib/python3.12/site-packages/airflow/example_dags/tutorial_taskflow_api.py
[2025-07-18T12:42:02.565-0500] {processor.py:830} INFO - Processing file /home/abhiram/jobtrak-stack/venv/lib/python3.12/site-packages/airflow/example_dags/tutorial_taskflow_api.py for tasks to queue
[2025-07-18T12:42:02.566-0500] {logging_mixin.py:188} INFO - [2025-07-18T12:42:02.566-0500] {dagbag.py:545} INFO - Filling up the DagBag from /home/abhiram/jobtrak-stack/venv/lib/python3.12/site-packages/airflow/example_dags/tutorial_taskflow_api.py
[2025-07-18T12:42:02.576-0500] {processor.py:840} INFO - DAG(s) 'tutorial_taskflow_api' retrieved from /home/abhiram/jobtrak-stack/venv/lib/python3.12/site-packages/airflow/example_dags/tutorial_taskflow_api.py
[2025-07-18T12:42:02.595-0500] {logging_mixin.py:188} INFO - [2025-07-18T12:42:02.595-0500] {dag.py:3096} INFO - Sync 1 DAGs
[2025-07-18T12:42:02.606-0500] {logging_mixin.py:188} INFO - [2025-07-18T12:42:02.605-0500] {dag.py:3954} INFO - Setting next_dagrun for tutorial_taskflow_api to None, run_after=None
[2025-07-18T12:42:02.625-0500] {processor.py:183} INFO - Processing /home/abhiram/jobtrak-stack/venv/lib/python3.12/site-packages/airflow/example_dags/tutorial_taskflow_api.py took 0.066 seconds
[2025-07-18T12:42:33.287-0500] {processor.py:161} INFO - Started process (PID=4373) to work on /home/abhiram/jobtrak-stack/venv/lib/python3.12/site-packages/airflow/example_dags/tutorial_taskflow_api.py
[2025-07-18T12:42:33.289-0500] {processor.py:830} INFO - Processing file /home/abhiram/jobtrak-stack/venv/lib/python3.12/site-packages/airflow/example_dags/tutorial_taskflow_api.py for tasks to queue
[2025-07-18T12:42:33.290-0500] {logging_mixin.py:188} INFO - [2025-07-18T12:42:33.289-0500] {dagbag.py:545} INFO - Filling up the DagBag from /home/abhiram/jobtrak-stack/venv/lib/python3.12/site-packages/airflow/example_dags/tutorial_taskflow_api.py
[2025-07-18T12:42:33.293-0500] {processor.py:840} INFO - DAG(s) 'tutorial_taskflow_api' retrieved from /home/abhiram/jobtrak-stack/venv/lib/python3.12/site-packages/airflow/example_dags/tutorial_taskflow_api.py
[2025-07-18T12:42:33.318-0500] {logging_mixin.py:188} INFO - [2025-07-18T12:42:33.318-0500] {dag.py:3096} INFO - Sync 1 DAGs
[2025-07-18T12:42:33.326-0500] {logging_mixin.py:188} INFO - [2025-07-18T12:42:33.326-0500] {dag.py:3954} INFO - Setting next_dagrun for tutorial_taskflow_api to None, run_after=None
[2025-07-18T12:42:33.349-0500] {processor.py:183} INFO - Processing /home/abhiram/jobtrak-stack/venv/lib/python3.12/site-packages/airflow/example_dags/tutorial_taskflow_api.py took 0.066 seconds
[2025-07-18T12:43:03.529-0500] {processor.py:161} INFO - Started process (PID=4482) to work on /home/abhiram/jobtrak-stack/venv/lib/python3.12/site-packages/airflow/example_dags/tutorial_taskflow_api.py
[2025-07-18T12:43:03.531-0500] {processor.py:830} INFO - Processing file /home/abhiram/jobtrak-stack/venv/lib/python3.12/site-packages/airflow/example_dags/tutorial_taskflow_api.py for tasks to queue
[2025-07-18T12:43:03.532-0500] {logging_mixin.py:188} INFO - [2025-07-18T12:43:03.532-0500] {dagbag.py:545} INFO - Filling up the DagBag from /home/abhiram/jobtrak-stack/venv/lib/python3.12/site-packages/airflow/example_dags/tutorial_taskflow_api.py
[2025-07-18T12:43:03.536-0500] {processor.py:840} INFO - DAG(s) 'tutorial_taskflow_api' retrieved from /home/abhiram/jobtrak-stack/venv/lib/python3.12/site-packages/airflow/example_dags/tutorial_taskflow_api.py
[2025-07-18T12:43:03.553-0500] {logging_mixin.py:188} INFO - [2025-07-18T12:43:03.553-0500] {dag.py:3096} INFO - Sync 1 DAGs
[2025-07-18T12:43:03.562-0500] {logging_mixin.py:188} INFO - [2025-07-18T12:43:03.562-0500] {dag.py:3954} INFO - Setting next_dagrun for tutorial_taskflow_api to None, run_after=None
[2025-07-18T12:43:03.577-0500] {processor.py:183} INFO - Processing /home/abhiram/jobtrak-stack/venv/lib/python3.12/site-packages/airflow/example_dags/tutorial_taskflow_api.py took 0.052 seconds
[2025-07-18T12:43:33.979-0500] {processor.py:161} INFO - Started process (PID=4590) to work on /home/abhiram/jobtrak-stack/venv/lib/python3.12/site-packages/airflow/example_dags/tutorial_taskflow_api.py
[2025-07-18T12:43:33.980-0500] {processor.py:830} INFO - Processing file /home/abhiram/jobtrak-stack/venv/lib/python3.12/site-packages/airflow/example_dags/tutorial_taskflow_api.py for tasks to queue
[2025-07-18T12:43:33.981-0500] {logging_mixin.py:188} INFO - [2025-07-18T12:43:33.981-0500] {dagbag.py:545} INFO - Filling up the DagBag from /home/abhiram/jobtrak-stack/venv/lib/python3.12/site-packages/airflow/example_dags/tutorial_taskflow_api.py
[2025-07-18T12:43:33.985-0500] {processor.py:840} INFO - DAG(s) 'tutorial_taskflow_api' retrieved from /home/abhiram/jobtrak-stack/venv/lib/python3.12/site-packages/airflow/example_dags/tutorial_taskflow_api.py
[2025-07-18T12:43:34.002-0500] {logging_mixin.py:188} INFO - [2025-07-18T12:43:34.002-0500] {dag.py:3096} INFO - Sync 1 DAGs
[2025-07-18T12:43:34.010-0500] {logging_mixin.py:188} INFO - [2025-07-18T12:43:34.010-0500] {dag.py:3954} INFO - Setting next_dagrun for tutorial_taskflow_api to None, run_after=None
[2025-07-18T12:43:34.023-0500] {processor.py:183} INFO - Processing /home/abhiram/jobtrak-stack/venv/lib/python3.12/site-packages/airflow/example_dags/tutorial_taskflow_api.py took 0.048 seconds
[2025-07-18T12:44:04.724-0500] {processor.py:161} INFO - Started process (PID=4700) to work on /home/abhiram/jobtrak-stack/venv/lib/python3.12/site-packages/airflow/example_dags/tutorial_taskflow_api.py
[2025-07-18T12:44:04.727-0500] {processor.py:830} INFO - Processing file /home/abhiram/jobtrak-stack/venv/lib/python3.12/site-packages/airflow/example_dags/tutorial_taskflow_api.py for tasks to queue
[2025-07-18T12:44:04.729-0500] {logging_mixin.py:188} INFO - [2025-07-18T12:44:04.729-0500] {dagbag.py:545} INFO - Filling up the DagBag from /home/abhiram/jobtrak-stack/venv/lib/python3.12/site-packages/airflow/example_dags/tutorial_taskflow_api.py
[2025-07-18T12:44:04.735-0500] {processor.py:840} INFO - DAG(s) 'tutorial_taskflow_api' retrieved from /home/abhiram/jobtrak-stack/venv/lib/python3.12/site-packages/airflow/example_dags/tutorial_taskflow_api.py
[2025-07-18T12:44:04.756-0500] {logging_mixin.py:188} INFO - [2025-07-18T12:44:04.755-0500] {dag.py:3096} INFO - Sync 1 DAGs
[2025-07-18T12:44:04.764-0500] {logging_mixin.py:188} INFO - [2025-07-18T12:44:04.764-0500] {dag.py:3954} INFO - Setting next_dagrun for tutorial_taskflow_api to None, run_after=None
[2025-07-18T12:44:04.782-0500] {processor.py:183} INFO - Processing /home/abhiram/jobtrak-stack/venv/lib/python3.12/site-packages/airflow/example_dags/tutorial_taskflow_api.py took 0.064 seconds
[2025-07-18T12:44:35.521-0500] {processor.py:161} INFO - Started process (PID=4809) to work on /home/abhiram/jobtrak-stack/venv/lib/python3.12/site-packages/airflow/example_dags/tutorial_taskflow_api.py
[2025-07-18T12:44:35.523-0500] {processor.py:830} INFO - Processing file /home/abhiram/jobtrak-stack/venv/lib/python3.12/site-packages/airflow/example_dags/tutorial_taskflow_api.py for tasks to queue
[2025-07-18T12:44:35.524-0500] {logging_mixin.py:188} INFO - [2025-07-18T12:44:35.524-0500] {dagbag.py:545} INFO - Filling up the DagBag from /home/abhiram/jobtrak-stack/venv/lib/python3.12/site-packages/airflow/example_dags/tutorial_taskflow_api.py
[2025-07-18T12:44:35.528-0500] {processor.py:840} INFO - DAG(s) 'tutorial_taskflow_api' retrieved from /home/abhiram/jobtrak-stack/venv/lib/python3.12/site-packages/airflow/example_dags/tutorial_taskflow_api.py
[2025-07-18T12:44:35.546-0500] {logging_mixin.py:188} INFO - [2025-07-18T12:44:35.546-0500] {dag.py:3096} INFO - Sync 1 DAGs
[2025-07-18T12:44:35.555-0500] {logging_mixin.py:188} INFO - [2025-07-18T12:44:35.555-0500] {dag.py:3954} INFO - Setting next_dagrun for tutorial_taskflow_api to None, run_after=None
[2025-07-18T12:44:35.571-0500] {processor.py:183} INFO - Processing /home/abhiram/jobtrak-stack/venv/lib/python3.12/site-packages/airflow/example_dags/tutorial_taskflow_api.py took 0.054 seconds
[2025-07-18T12:45:05.892-0500] {processor.py:161} INFO - Started process (PID=4919) to work on /home/abhiram/jobtrak-stack/venv/lib/python3.12/site-packages/airflow/example_dags/tutorial_taskflow_api.py
[2025-07-18T12:45:05.895-0500] {processor.py:830} INFO - Processing file /home/abhiram/jobtrak-stack/venv/lib/python3.12/site-packages/airflow/example_dags/tutorial_taskflow_api.py for tasks to queue
[2025-07-18T12:45:05.896-0500] {logging_mixin.py:188} INFO - [2025-07-18T12:45:05.895-0500] {dagbag.py:545} INFO - Filling up the DagBag from /home/abhiram/jobtrak-stack/venv/lib/python3.12/site-packages/airflow/example_dags/tutorial_taskflow_api.py
[2025-07-18T12:45:05.900-0500] {processor.py:840} INFO - DAG(s) 'tutorial_taskflow_api' retrieved from /home/abhiram/jobtrak-stack/venv/lib/python3.12/site-packages/airflow/example_dags/tutorial_taskflow_api.py
[2025-07-18T12:45:05.919-0500] {logging_mixin.py:188} INFO - [2025-07-18T12:45:05.919-0500] {dag.py:3096} INFO - Sync 1 DAGs
[2025-07-18T12:45:05.927-0500] {logging_mixin.py:188} INFO - [2025-07-18T12:45:05.926-0500] {dag.py:3954} INFO - Setting next_dagrun for tutorial_taskflow_api to None, run_after=None
[2025-07-18T12:45:05.942-0500] {processor.py:183} INFO - Processing /home/abhiram/jobtrak-stack/venv/lib/python3.12/site-packages/airflow/example_dags/tutorial_taskflow_api.py took 0.053 seconds
[2025-07-18T12:45:36.491-0500] {processor.py:161} INFO - Started process (PID=5027) to work on /home/abhiram/jobtrak-stack/venv/lib/python3.12/site-packages/airflow/example_dags/tutorial_taskflow_api.py
[2025-07-18T12:45:36.492-0500] {processor.py:830} INFO - Processing file /home/abhiram/jobtrak-stack/venv/lib/python3.12/site-packages/airflow/example_dags/tutorial_taskflow_api.py for tasks to queue
[2025-07-18T12:45:36.493-0500] {logging_mixin.py:188} INFO - [2025-07-18T12:45:36.493-0500] {dagbag.py:545} INFO - Filling up the DagBag from /home/abhiram/jobtrak-stack/venv/lib/python3.12/site-packages/airflow/example_dags/tutorial_taskflow_api.py
[2025-07-18T12:45:36.498-0500] {processor.py:840} INFO - DAG(s) 'tutorial_taskflow_api' retrieved from /home/abhiram/jobtrak-stack/venv/lib/python3.12/site-packages/airflow/example_dags/tutorial_taskflow_api.py
[2025-07-18T12:45:36.520-0500] {logging_mixin.py:188} INFO - [2025-07-18T12:45:36.520-0500] {dag.py:3096} INFO - Sync 1 DAGs
[2025-07-18T12:45:36.528-0500] {logging_mixin.py:188} INFO - [2025-07-18T12:45:36.528-0500] {dag.py:3954} INFO - Setting next_dagrun for tutorial_taskflow_api to None, run_after=None
[2025-07-18T12:45:36.545-0500] {processor.py:183} INFO - Processing /home/abhiram/jobtrak-stack/venv/lib/python3.12/site-packages/airflow/example_dags/tutorial_taskflow_api.py took 0.060 seconds
[2025-07-18T12:46:07.217-0500] {processor.py:161} INFO - Started process (PID=5135) to work on /home/abhiram/jobtrak-stack/venv/lib/python3.12/site-packages/airflow/example_dags/tutorial_taskflow_api.py
[2025-07-18T12:46:07.218-0500] {processor.py:830} INFO - Processing file /home/abhiram/jobtrak-stack/venv/lib/python3.12/site-packages/airflow/example_dags/tutorial_taskflow_api.py for tasks to queue
[2025-07-18T12:46:07.219-0500] {logging_mixin.py:188} INFO - [2025-07-18T12:46:07.219-0500] {dagbag.py:545} INFO - Filling up the DagBag from /home/abhiram/jobtrak-stack/venv/lib/python3.12/site-packages/airflow/example_dags/tutorial_taskflow_api.py
[2025-07-18T12:46:07.223-0500] {processor.py:840} INFO - DAG(s) 'tutorial_taskflow_api' retrieved from /home/abhiram/jobtrak-stack/venv/lib/python3.12/site-packages/airflow/example_dags/tutorial_taskflow_api.py
[2025-07-18T12:46:07.240-0500] {logging_mixin.py:188} INFO - [2025-07-18T12:46:07.240-0500] {dag.py:3096} INFO - Sync 1 DAGs
[2025-07-18T12:46:07.248-0500] {logging_mixin.py:188} INFO - [2025-07-18T12:46:07.248-0500] {dag.py:3954} INFO - Setting next_dagrun for tutorial_taskflow_api to None, run_after=None
[2025-07-18T12:46:07.262-0500] {processor.py:183} INFO - Processing /home/abhiram/jobtrak-stack/venv/lib/python3.12/site-packages/airflow/example_dags/tutorial_taskflow_api.py took 0.049 seconds
[2025-07-18T12:46:37.821-0500] {processor.py:161} INFO - Started process (PID=5243) to work on /home/abhiram/jobtrak-stack/venv/lib/python3.12/site-packages/airflow/example_dags/tutorial_taskflow_api.py
[2025-07-18T12:46:37.823-0500] {processor.py:830} INFO - Processing file /home/abhiram/jobtrak-stack/venv/lib/python3.12/site-packages/airflow/example_dags/tutorial_taskflow_api.py for tasks to queue
[2025-07-18T12:46:37.824-0500] {logging_mixin.py:188} INFO - [2025-07-18T12:46:37.824-0500] {dagbag.py:545} INFO - Filling up the DagBag from /home/abhiram/jobtrak-stack/venv/lib/python3.12/site-packages/airflow/example_dags/tutorial_taskflow_api.py
[2025-07-18T12:46:37.828-0500] {processor.py:840} INFO - DAG(s) 'tutorial_taskflow_api' retrieved from /home/abhiram/jobtrak-stack/venv/lib/python3.12/site-packages/airflow/example_dags/tutorial_taskflow_api.py
[2025-07-18T12:46:37.845-0500] {logging_mixin.py:188} INFO - [2025-07-18T12:46:37.845-0500] {dag.py:3096} INFO - Sync 1 DAGs
[2025-07-18T12:46:37.854-0500] {logging_mixin.py:188} INFO - [2025-07-18T12:46:37.854-0500] {dag.py:3954} INFO - Setting next_dagrun for tutorial_taskflow_api to None, run_after=None
[2025-07-18T12:46:37.868-0500] {processor.py:183} INFO - Processing /home/abhiram/jobtrak-stack/venv/lib/python3.12/site-packages/airflow/example_dags/tutorial_taskflow_api.py took 0.051 seconds
[2025-07-18T12:47:08.696-0500] {processor.py:161} INFO - Started process (PID=5353) to work on /home/abhiram/jobtrak-stack/venv/lib/python3.12/site-packages/airflow/example_dags/tutorial_taskflow_api.py
[2025-07-18T12:47:08.697-0500] {processor.py:830} INFO - Processing file /home/abhiram/jobtrak-stack/venv/lib/python3.12/site-packages/airflow/example_dags/tutorial_taskflow_api.py for tasks to queue
[2025-07-18T12:47:08.698-0500] {logging_mixin.py:188} INFO - [2025-07-18T12:47:08.698-0500] {dagbag.py:545} INFO - Filling up the DagBag from /home/abhiram/jobtrak-stack/venv/lib/python3.12/site-packages/airflow/example_dags/tutorial_taskflow_api.py
[2025-07-18T12:47:08.702-0500] {processor.py:840} INFO - DAG(s) 'tutorial_taskflow_api' retrieved from /home/abhiram/jobtrak-stack/venv/lib/python3.12/site-packages/airflow/example_dags/tutorial_taskflow_api.py
[2025-07-18T12:47:08.720-0500] {logging_mixin.py:188} INFO - [2025-07-18T12:47:08.720-0500] {dag.py:3096} INFO - Sync 1 DAGs
[2025-07-18T12:47:08.728-0500] {logging_mixin.py:188} INFO - [2025-07-18T12:47:08.728-0500] {dag.py:3954} INFO - Setting next_dagrun for tutorial_taskflow_api to None, run_after=None
[2025-07-18T12:47:08.743-0500] {processor.py:183} INFO - Processing /home/abhiram/jobtrak-stack/venv/lib/python3.12/site-packages/airflow/example_dags/tutorial_taskflow_api.py took 0.051 seconds
[2025-07-18T12:47:39.330-0500] {processor.py:161} INFO - Started process (PID=5460) to work on /home/abhiram/jobtrak-stack/venv/lib/python3.12/site-packages/airflow/example_dags/tutorial_taskflow_api.py
[2025-07-18T12:47:39.332-0500] {processor.py:830} INFO - Processing file /home/abhiram/jobtrak-stack/venv/lib/python3.12/site-packages/airflow/example_dags/tutorial_taskflow_api.py for tasks to queue
[2025-07-18T12:47:39.333-0500] {logging_mixin.py:188} INFO - [2025-07-18T12:47:39.332-0500] {dagbag.py:545} INFO - Filling up the DagBag from /home/abhiram/jobtrak-stack/venv/lib/python3.12/site-packages/airflow/example_dags/tutorial_taskflow_api.py
[2025-07-18T12:47:39.336-0500] {processor.py:840} INFO - DAG(s) 'tutorial_taskflow_api' retrieved from /home/abhiram/jobtrak-stack/venv/lib/python3.12/site-packages/airflow/example_dags/tutorial_taskflow_api.py
[2025-07-18T12:47:39.352-0500] {logging_mixin.py:188} INFO - [2025-07-18T12:47:39.352-0500] {dag.py:3096} INFO - Sync 1 DAGs
[2025-07-18T12:47:39.360-0500] {logging_mixin.py:188} INFO - [2025-07-18T12:47:39.360-0500] {dag.py:3954} INFO - Setting next_dagrun for tutorial_taskflow_api to None, run_after=None
[2025-07-18T12:47:39.374-0500] {processor.py:183} INFO - Processing /home/abhiram/jobtrak-stack/venv/lib/python3.12/site-packages/airflow/example_dags/tutorial_taskflow_api.py took 0.048 seconds
[2025-07-18T12:48:09.975-0500] {processor.py:161} INFO - Started process (PID=5631) to work on /home/abhiram/jobtrak-stack/venv/lib/python3.12/site-packages/airflow/example_dags/tutorial_taskflow_api.py
[2025-07-18T12:48:09.977-0500] {processor.py:830} INFO - Processing file /home/abhiram/jobtrak-stack/venv/lib/python3.12/site-packages/airflow/example_dags/tutorial_taskflow_api.py for tasks to queue
[2025-07-18T12:48:09.979-0500] {logging_mixin.py:188} INFO - [2025-07-18T12:48:09.978-0500] {dagbag.py:545} INFO - Filling up the DagBag from /home/abhiram/jobtrak-stack/venv/lib/python3.12/site-packages/airflow/example_dags/tutorial_taskflow_api.py
[2025-07-18T12:48:09.984-0500] {processor.py:840} INFO - DAG(s) 'tutorial_taskflow_api' retrieved from /home/abhiram/jobtrak-stack/venv/lib/python3.12/site-packages/airflow/example_dags/tutorial_taskflow_api.py
[2025-07-18T12:48:10.014-0500] {logging_mixin.py:188} INFO - [2025-07-18T12:48:10.014-0500] {dag.py:3096} INFO - Sync 1 DAGs
[2025-07-18T12:48:10.022-0500] {logging_mixin.py:188} INFO - [2025-07-18T12:48:10.022-0500] {dag.py:3954} INFO - Setting next_dagrun for tutorial_taskflow_api to None, run_after=None
[2025-07-18T12:48:10.040-0500] {processor.py:183} INFO - Processing /home/abhiram/jobtrak-stack/venv/lib/python3.12/site-packages/airflow/example_dags/tutorial_taskflow_api.py took 0.070 seconds
[2025-07-18T12:48:40.585-0500] {processor.py:161} INFO - Started process (PID=5749) to work on /home/abhiram/jobtrak-stack/venv/lib/python3.12/site-packages/airflow/example_dags/tutorial_taskflow_api.py
[2025-07-18T12:48:40.593-0500] {processor.py:830} INFO - Processing file /home/abhiram/jobtrak-stack/venv/lib/python3.12/site-packages/airflow/example_dags/tutorial_taskflow_api.py for tasks to queue
[2025-07-18T12:48:40.595-0500] {logging_mixin.py:188} INFO - [2025-07-18T12:48:40.594-0500] {dagbag.py:545} INFO - Filling up the DagBag from /home/abhiram/jobtrak-stack/venv/lib/python3.12/site-packages/airflow/example_dags/tutorial_taskflow_api.py
[2025-07-18T12:48:40.598-0500] {processor.py:840} INFO - DAG(s) 'tutorial_taskflow_api' retrieved from /home/abhiram/jobtrak-stack/venv/lib/python3.12/site-packages/airflow/example_dags/tutorial_taskflow_api.py
[2025-07-18T12:48:40.620-0500] {logging_mixin.py:188} INFO - [2025-07-18T12:48:40.620-0500] {dag.py:3096} INFO - Sync 1 DAGs
[2025-07-18T12:48:40.629-0500] {logging_mixin.py:188} INFO - [2025-07-18T12:48:40.629-0500] {dag.py:3954} INFO - Setting next_dagrun for tutorial_taskflow_api to None, run_after=None
[2025-07-18T12:48:40.644-0500] {processor.py:183} INFO - Processing /home/abhiram/jobtrak-stack/venv/lib/python3.12/site-packages/airflow/example_dags/tutorial_taskflow_api.py took 0.063 seconds
[2025-07-18T12:49:11.152-0500] {processor.py:161} INFO - Started process (PID=5858) to work on /home/abhiram/jobtrak-stack/venv/lib/python3.12/site-packages/airflow/example_dags/tutorial_taskflow_api.py
[2025-07-18T12:49:11.154-0500] {processor.py:830} INFO - Processing file /home/abhiram/jobtrak-stack/venv/lib/python3.12/site-packages/airflow/example_dags/tutorial_taskflow_api.py for tasks to queue
[2025-07-18T12:49:11.155-0500] {logging_mixin.py:188} INFO - [2025-07-18T12:49:11.154-0500] {dagbag.py:545} INFO - Filling up the DagBag from /home/abhiram/jobtrak-stack/venv/lib/python3.12/site-packages/airflow/example_dags/tutorial_taskflow_api.py
[2025-07-18T12:49:11.159-0500] {processor.py:840} INFO - DAG(s) 'tutorial_taskflow_api' retrieved from /home/abhiram/jobtrak-stack/venv/lib/python3.12/site-packages/airflow/example_dags/tutorial_taskflow_api.py
[2025-07-18T12:49:11.177-0500] {logging_mixin.py:188} INFO - [2025-07-18T12:49:11.177-0500] {dag.py:3096} INFO - Sync 1 DAGs
[2025-07-18T12:49:11.185-0500] {logging_mixin.py:188} INFO - [2025-07-18T12:49:11.185-0500] {dag.py:3954} INFO - Setting next_dagrun for tutorial_taskflow_api to None, run_after=None
[2025-07-18T12:49:11.203-0500] {processor.py:183} INFO - Processing /home/abhiram/jobtrak-stack/venv/lib/python3.12/site-packages/airflow/example_dags/tutorial_taskflow_api.py took 0.054 seconds
