[2025-07-18T12:40:30.735-0500] {processor.py:161} INFO - Started process (PID=3857) to work on /home/abhiram/jobtrak-stack/airflow/dags/jobtrak_fetch_jobs_dag.py
[2025-07-18T12:40:30.736-0500] {processor.py:830} INFO - Processing file /home/abhiram/jobtrak-stack/airflow/dags/jobtrak_fetch_jobs_dag.py for tasks to queue
[2025-07-18T12:40:30.737-0500] {logging_mixin.py:188} INFO - [2025-07-18T12:40:30.736-0500] {dagbag.py:545} INFO - Filling up the DagBag from /home/abhiram/jobtrak-stack/airflow/dags/jobtrak_fetch_jobs_dag.py
[2025-07-18T12:40:30.744-0500] {processor.py:840} INFO - DAG(s) 'jobtrak_fetch_jobs_dag' retrieved from /home/abhiram/jobtrak-stack/airflow/dags/jobtrak_fetch_jobs_dag.py
[2025-07-18T12:40:30.826-0500] {logging_mixin.py:188} INFO - [2025-07-18T12:40:30.826-0500] {override.py:1930} INFO - Created Permission View: can read on DAG:jobtrak_fetch_jobs_dag
[2025-07-18T12:40:30.834-0500] {logging_mixin.py:188} INFO - [2025-07-18T12:40:30.833-0500] {override.py:1930} INFO - Created Permission View: can delete on DAG:jobtrak_fetch_jobs_dag
[2025-07-18T12:40:30.839-0500] {logging_mixin.py:188} INFO - [2025-07-18T12:40:30.838-0500] {override.py:1930} INFO - Created Permission View: can edit on DAG:jobtrak_fetch_jobs_dag
[2025-07-18T12:40:30.839-0500] {logging_mixin.py:188} INFO - [2025-07-18T12:40:30.839-0500] {dag.py:3096} INFO - Sync 1 DAGs
[2025-07-18T12:40:30.845-0500] {logging_mixin.py:188} INFO - [2025-07-18T12:40:30.845-0500] {dag.py:3118} INFO - Creating ORM DAG for jobtrak_fetch_jobs_dag
[2025-07-18T12:40:30.853-0500] {logging_mixin.py:188} INFO - [2025-07-18T12:40:30.853-0500] {dag.py:3954} INFO - Setting next_dagrun for jobtrak_fetch_jobs_dag to 2025-07-17 00:00:00+00:00, run_after=2025-07-18 00:00:00+00:00
[2025-07-18T12:40:30.867-0500] {processor.py:183} INFO - Processing /home/abhiram/jobtrak-stack/airflow/dags/jobtrak_fetch_jobs_dag.py took 0.136 seconds
[2025-07-18T12:41:01.212-0500] {processor.py:161} INFO - Started process (PID=3980) to work on /home/abhiram/jobtrak-stack/airflow/dags/jobtrak_fetch_jobs_dag.py
[2025-07-18T12:41:01.213-0500] {processor.py:830} INFO - Processing file /home/abhiram/jobtrak-stack/airflow/dags/jobtrak_fetch_jobs_dag.py for tasks to queue
[2025-07-18T12:41:01.215-0500] {logging_mixin.py:188} INFO - [2025-07-18T12:41:01.214-0500] {dagbag.py:545} INFO - Filling up the DagBag from /home/abhiram/jobtrak-stack/airflow/dags/jobtrak_fetch_jobs_dag.py
[2025-07-18T12:41:01.225-0500] {processor.py:840} INFO - DAG(s) 'jobtrak_fetch_jobs_dag' retrieved from /home/abhiram/jobtrak-stack/airflow/dags/jobtrak_fetch_jobs_dag.py
[2025-07-18T12:41:01.265-0500] {logging_mixin.py:188} INFO - [2025-07-18T12:41:01.264-0500] {dag.py:3096} INFO - Sync 1 DAGs
[2025-07-18T12:41:01.293-0500] {logging_mixin.py:188} INFO - [2025-07-18T12:41:01.292-0500] {dag.py:3954} INFO - Setting next_dagrun for jobtrak_fetch_jobs_dag to 2025-07-17 00:00:00+00:00, run_after=2025-07-18 00:00:00+00:00
[2025-07-18T12:41:01.326-0500] {processor.py:183} INFO - Processing /home/abhiram/jobtrak-stack/airflow/dags/jobtrak_fetch_jobs_dag.py took 0.124 seconds
[2025-07-18T12:41:31.637-0500] {processor.py:161} INFO - Started process (PID=4145) to work on /home/abhiram/jobtrak-stack/airflow/dags/jobtrak_fetch_jobs_dag.py
[2025-07-18T12:41:31.666-0500] {processor.py:830} INFO - Processing file /home/abhiram/jobtrak-stack/airflow/dags/jobtrak_fetch_jobs_dag.py for tasks to queue
[2025-07-18T12:41:31.667-0500] {logging_mixin.py:188} INFO - [2025-07-18T12:41:31.667-0500] {dagbag.py:545} INFO - Filling up the DagBag from /home/abhiram/jobtrak-stack/airflow/dags/jobtrak_fetch_jobs_dag.py
[2025-07-18T12:41:31.671-0500] {processor.py:840} INFO - DAG(s) 'jobtrak_fetch_jobs_dag' retrieved from /home/abhiram/jobtrak-stack/airflow/dags/jobtrak_fetch_jobs_dag.py
[2025-07-18T12:41:31.689-0500] {logging_mixin.py:188} INFO - [2025-07-18T12:41:31.689-0500] {dag.py:3096} INFO - Sync 1 DAGs
[2025-07-18T12:41:31.705-0500] {logging_mixin.py:188} INFO - [2025-07-18T12:41:31.705-0500] {dag.py:3954} INFO - Setting next_dagrun for jobtrak_fetch_jobs_dag to 2025-07-18 00:00:00+00:00, run_after=2025-07-19 00:00:00+00:00
[2025-07-18T12:41:31.724-0500] {processor.py:183} INFO - Processing /home/abhiram/jobtrak-stack/airflow/dags/jobtrak_fetch_jobs_dag.py took 0.090 seconds
[2025-07-18T12:42:02.245-0500] {processor.py:161} INFO - Started process (PID=4252) to work on /home/abhiram/jobtrak-stack/airflow/dags/jobtrak_fetch_jobs_dag.py
[2025-07-18T12:42:02.247-0500] {processor.py:830} INFO - Processing file /home/abhiram/jobtrak-stack/airflow/dags/jobtrak_fetch_jobs_dag.py for tasks to queue
[2025-07-18T12:42:02.249-0500] {logging_mixin.py:188} INFO - [2025-07-18T12:42:02.249-0500] {dagbag.py:545} INFO - Filling up the DagBag from /home/abhiram/jobtrak-stack/airflow/dags/jobtrak_fetch_jobs_dag.py
[2025-07-18T12:42:02.256-0500] {processor.py:840} INFO - DAG(s) 'jobtrak_fetch_jobs_dag' retrieved from /home/abhiram/jobtrak-stack/airflow/dags/jobtrak_fetch_jobs_dag.py
[2025-07-18T12:42:02.285-0500] {logging_mixin.py:188} INFO - [2025-07-18T12:42:02.285-0500] {dag.py:3096} INFO - Sync 1 DAGs
[2025-07-18T12:42:02.301-0500] {logging_mixin.py:188} INFO - [2025-07-18T12:42:02.301-0500] {dag.py:3954} INFO - Setting next_dagrun for jobtrak_fetch_jobs_dag to 2025-07-18 00:00:00+00:00, run_after=2025-07-19 00:00:00+00:00
[2025-07-18T12:42:02.323-0500] {processor.py:183} INFO - Processing /home/abhiram/jobtrak-stack/airflow/dags/jobtrak_fetch_jobs_dag.py took 0.084 seconds
[2025-07-18T12:42:32.936-0500] {processor.py:161} INFO - Started process (PID=4361) to work on /home/abhiram/jobtrak-stack/airflow/dags/jobtrak_fetch_jobs_dag.py
[2025-07-18T12:42:32.939-0500] {processor.py:830} INFO - Processing file /home/abhiram/jobtrak-stack/airflow/dags/jobtrak_fetch_jobs_dag.py for tasks to queue
[2025-07-18T12:42:32.941-0500] {logging_mixin.py:188} INFO - [2025-07-18T12:42:32.940-0500] {dagbag.py:545} INFO - Filling up the DagBag from /home/abhiram/jobtrak-stack/airflow/dags/jobtrak_fetch_jobs_dag.py
[2025-07-18T12:42:32.947-0500] {processor.py:840} INFO - DAG(s) 'jobtrak_fetch_jobs_dag' retrieved from /home/abhiram/jobtrak-stack/airflow/dags/jobtrak_fetch_jobs_dag.py
[2025-07-18T12:42:32.978-0500] {logging_mixin.py:188} INFO - [2025-07-18T12:42:32.977-0500] {dag.py:3096} INFO - Sync 1 DAGs
[2025-07-18T12:42:32.999-0500] {logging_mixin.py:188} INFO - [2025-07-18T12:42:32.999-0500] {dag.py:3954} INFO - Setting next_dagrun for jobtrak_fetch_jobs_dag to 2025-07-18 00:00:00+00:00, run_after=2025-07-19 00:00:00+00:00
[2025-07-18T12:42:33.024-0500] {processor.py:183} INFO - Processing /home/abhiram/jobtrak-stack/airflow/dags/jobtrak_fetch_jobs_dag.py took 0.103 seconds
[2025-07-18T12:43:03.233-0500] {processor.py:161} INFO - Started process (PID=4470) to work on /home/abhiram/jobtrak-stack/airflow/dags/jobtrak_fetch_jobs_dag.py
[2025-07-18T12:43:03.255-0500] {processor.py:830} INFO - Processing file /home/abhiram/jobtrak-stack/airflow/dags/jobtrak_fetch_jobs_dag.py for tasks to queue
[2025-07-18T12:43:03.256-0500] {logging_mixin.py:188} INFO - [2025-07-18T12:43:03.256-0500] {dagbag.py:545} INFO - Filling up the DagBag from /home/abhiram/jobtrak-stack/airflow/dags/jobtrak_fetch_jobs_dag.py
[2025-07-18T12:43:03.261-0500] {processor.py:840} INFO - DAG(s) 'jobtrak_fetch_jobs_dag' retrieved from /home/abhiram/jobtrak-stack/airflow/dags/jobtrak_fetch_jobs_dag.py
[2025-07-18T12:43:03.278-0500] {logging_mixin.py:188} INFO - [2025-07-18T12:43:03.278-0500] {dag.py:3096} INFO - Sync 1 DAGs
[2025-07-18T12:43:03.293-0500] {logging_mixin.py:188} INFO - [2025-07-18T12:43:03.293-0500] {dag.py:3954} INFO - Setting next_dagrun for jobtrak_fetch_jobs_dag to 2025-07-18 00:00:00+00:00, run_after=2025-07-19 00:00:00+00:00
[2025-07-18T12:43:03.311-0500] {processor.py:183} INFO - Processing /home/abhiram/jobtrak-stack/airflow/dags/jobtrak_fetch_jobs_dag.py took 0.082 seconds
[2025-07-18T12:43:33.528-0500] {processor.py:161} INFO - Started process (PID=4578) to work on /home/abhiram/jobtrak-stack/airflow/dags/jobtrak_fetch_jobs_dag.py
[2025-07-18T12:43:33.553-0500] {processor.py:830} INFO - Processing file /home/abhiram/jobtrak-stack/airflow/dags/jobtrak_fetch_jobs_dag.py for tasks to queue
[2025-07-18T12:43:33.555-0500] {logging_mixin.py:188} INFO - [2025-07-18T12:43:33.555-0500] {dagbag.py:545} INFO - Filling up the DagBag from /home/abhiram/jobtrak-stack/airflow/dags/jobtrak_fetch_jobs_dag.py
[2025-07-18T12:43:33.566-0500] {processor.py:840} INFO - DAG(s) 'jobtrak_fetch_jobs_dag' retrieved from /home/abhiram/jobtrak-stack/airflow/dags/jobtrak_fetch_jobs_dag.py
[2025-07-18T12:43:33.598-0500] {logging_mixin.py:188} INFO - [2025-07-18T12:43:33.598-0500] {dag.py:3096} INFO - Sync 1 DAGs
[2025-07-18T12:43:33.618-0500] {logging_mixin.py:188} INFO - [2025-07-18T12:43:33.618-0500] {dag.py:3954} INFO - Setting next_dagrun for jobtrak_fetch_jobs_dag to 2025-07-18 00:00:00+00:00, run_after=2025-07-19 00:00:00+00:00
[2025-07-18T12:43:33.709-0500] {processor.py:183} INFO - Processing /home/abhiram/jobtrak-stack/airflow/dags/jobtrak_fetch_jobs_dag.py took 0.190 seconds
[2025-07-18T12:44:04.176-0500] {processor.py:161} INFO - Started process (PID=4688) to work on /home/abhiram/jobtrak-stack/airflow/dags/jobtrak_fetch_jobs_dag.py
[2025-07-18T12:44:04.186-0500] {processor.py:830} INFO - Processing file /home/abhiram/jobtrak-stack/airflow/dags/jobtrak_fetch_jobs_dag.py for tasks to queue
[2025-07-18T12:44:04.188-0500] {logging_mixin.py:188} INFO - [2025-07-18T12:44:04.187-0500] {dagbag.py:545} INFO - Filling up the DagBag from /home/abhiram/jobtrak-stack/airflow/dags/jobtrak_fetch_jobs_dag.py
[2025-07-18T12:44:04.202-0500] {processor.py:840} INFO - DAG(s) 'jobtrak_fetch_jobs_dag' retrieved from /home/abhiram/jobtrak-stack/airflow/dags/jobtrak_fetch_jobs_dag.py
[2025-07-18T12:44:04.236-0500] {logging_mixin.py:188} INFO - [2025-07-18T12:44:04.236-0500] {dag.py:3096} INFO - Sync 1 DAGs
[2025-07-18T12:44:04.260-0500] {logging_mixin.py:188} INFO - [2025-07-18T12:44:04.259-0500] {dag.py:3954} INFO - Setting next_dagrun for jobtrak_fetch_jobs_dag to 2025-07-18 00:00:00+00:00, run_after=2025-07-19 00:00:00+00:00
[2025-07-18T12:44:04.284-0500] {processor.py:183} INFO - Processing /home/abhiram/jobtrak-stack/airflow/dags/jobtrak_fetch_jobs_dag.py took 0.113 seconds
[2025-07-18T12:44:35.137-0500] {processor.py:161} INFO - Started process (PID=4797) to work on /home/abhiram/jobtrak-stack/airflow/dags/jobtrak_fetch_jobs_dag.py
[2025-07-18T12:44:35.162-0500] {processor.py:830} INFO - Processing file /home/abhiram/jobtrak-stack/airflow/dags/jobtrak_fetch_jobs_dag.py for tasks to queue
[2025-07-18T12:44:35.164-0500] {logging_mixin.py:188} INFO - [2025-07-18T12:44:35.164-0500] {dagbag.py:545} INFO - Filling up the DagBag from /home/abhiram/jobtrak-stack/airflow/dags/jobtrak_fetch_jobs_dag.py
[2025-07-18T12:44:35.175-0500] {processor.py:840} INFO - DAG(s) 'jobtrak_fetch_jobs_dag' retrieved from /home/abhiram/jobtrak-stack/airflow/dags/jobtrak_fetch_jobs_dag.py
[2025-07-18T12:44:35.210-0500] {logging_mixin.py:188} INFO - [2025-07-18T12:44:35.209-0500] {dag.py:3096} INFO - Sync 1 DAGs
[2025-07-18T12:44:35.231-0500] {logging_mixin.py:188} INFO - [2025-07-18T12:44:35.231-0500] {dag.py:3954} INFO - Setting next_dagrun for jobtrak_fetch_jobs_dag to 2025-07-18 00:00:00+00:00, run_after=2025-07-19 00:00:00+00:00
[2025-07-18T12:44:35.258-0500] {processor.py:183} INFO - Processing /home/abhiram/jobtrak-stack/airflow/dags/jobtrak_fetch_jobs_dag.py took 0.130 seconds
[2025-07-18T12:45:05.537-0500] {processor.py:161} INFO - Started process (PID=4907) to work on /home/abhiram/jobtrak-stack/airflow/dags/jobtrak_fetch_jobs_dag.py
[2025-07-18T12:45:05.539-0500] {processor.py:830} INFO - Processing file /home/abhiram/jobtrak-stack/airflow/dags/jobtrak_fetch_jobs_dag.py for tasks to queue
[2025-07-18T12:45:05.541-0500] {logging_mixin.py:188} INFO - [2025-07-18T12:45:05.540-0500] {dagbag.py:545} INFO - Filling up the DagBag from /home/abhiram/jobtrak-stack/airflow/dags/jobtrak_fetch_jobs_dag.py
[2025-07-18T12:45:05.554-0500] {processor.py:840} INFO - DAG(s) 'jobtrak_fetch_jobs_dag' retrieved from /home/abhiram/jobtrak-stack/airflow/dags/jobtrak_fetch_jobs_dag.py
[2025-07-18T12:45:05.590-0500] {logging_mixin.py:188} INFO - [2025-07-18T12:45:05.589-0500] {dag.py:3096} INFO - Sync 1 DAGs
[2025-07-18T12:45:05.613-0500] {logging_mixin.py:188} INFO - [2025-07-18T12:45:05.613-0500] {dag.py:3954} INFO - Setting next_dagrun for jobtrak_fetch_jobs_dag to 2025-07-18 00:00:00+00:00, run_after=2025-07-19 00:00:00+00:00
[2025-07-18T12:45:05.646-0500] {processor.py:183} INFO - Processing /home/abhiram/jobtrak-stack/airflow/dags/jobtrak_fetch_jobs_dag.py took 0.115 seconds
[2025-07-18T12:45:36.104-0500] {processor.py:161} INFO - Started process (PID=5015) to work on /home/abhiram/jobtrak-stack/airflow/dags/jobtrak_fetch_jobs_dag.py
[2025-07-18T12:45:36.128-0500] {processor.py:830} INFO - Processing file /home/abhiram/jobtrak-stack/airflow/dags/jobtrak_fetch_jobs_dag.py for tasks to queue
[2025-07-18T12:45:36.130-0500] {logging_mixin.py:188} INFO - [2025-07-18T12:45:36.129-0500] {dagbag.py:545} INFO - Filling up the DagBag from /home/abhiram/jobtrak-stack/airflow/dags/jobtrak_fetch_jobs_dag.py
[2025-07-18T12:45:36.137-0500] {processor.py:840} INFO - DAG(s) 'jobtrak_fetch_jobs_dag' retrieved from /home/abhiram/jobtrak-stack/airflow/dags/jobtrak_fetch_jobs_dag.py
[2025-07-18T12:45:36.163-0500] {logging_mixin.py:188} INFO - [2025-07-18T12:45:36.163-0500] {dag.py:3096} INFO - Sync 1 DAGs
[2025-07-18T12:45:36.183-0500] {logging_mixin.py:188} INFO - [2025-07-18T12:45:36.183-0500] {dag.py:3954} INFO - Setting next_dagrun for jobtrak_fetch_jobs_dag to 2025-07-18 00:00:00+00:00, run_after=2025-07-19 00:00:00+00:00
[2025-07-18T12:45:36.209-0500] {processor.py:183} INFO - Processing /home/abhiram/jobtrak-stack/airflow/dags/jobtrak_fetch_jobs_dag.py took 0.111 seconds
[2025-07-18T12:46:06.842-0500] {processor.py:161} INFO - Started process (PID=5123) to work on /home/abhiram/jobtrak-stack/airflow/dags/jobtrak_fetch_jobs_dag.py
[2025-07-18T12:46:06.867-0500] {processor.py:830} INFO - Processing file /home/abhiram/jobtrak-stack/airflow/dags/jobtrak_fetch_jobs_dag.py for tasks to queue
[2025-07-18T12:46:06.869-0500] {logging_mixin.py:188} INFO - [2025-07-18T12:46:06.869-0500] {dagbag.py:545} INFO - Filling up the DagBag from /home/abhiram/jobtrak-stack/airflow/dags/jobtrak_fetch_jobs_dag.py
[2025-07-18T12:46:06.880-0500] {processor.py:840} INFO - DAG(s) 'jobtrak_fetch_jobs_dag' retrieved from /home/abhiram/jobtrak-stack/airflow/dags/jobtrak_fetch_jobs_dag.py
[2025-07-18T12:46:06.914-0500] {logging_mixin.py:188} INFO - [2025-07-18T12:46:06.914-0500] {dag.py:3096} INFO - Sync 1 DAGs
[2025-07-18T12:46:06.934-0500] {logging_mixin.py:188} INFO - [2025-07-18T12:46:06.934-0500] {dag.py:3954} INFO - Setting next_dagrun for jobtrak_fetch_jobs_dag to 2025-07-18 00:00:00+00:00, run_after=2025-07-19 00:00:00+00:00
[2025-07-18T12:46:06.957-0500] {processor.py:183} INFO - Processing /home/abhiram/jobtrak-stack/airflow/dags/jobtrak_fetch_jobs_dag.py took 0.127 seconds
[2025-07-18T12:46:37.440-0500] {processor.py:161} INFO - Started process (PID=5231) to work on /home/abhiram/jobtrak-stack/airflow/dags/jobtrak_fetch_jobs_dag.py
[2025-07-18T12:46:37.465-0500] {processor.py:830} INFO - Processing file /home/abhiram/jobtrak-stack/airflow/dags/jobtrak_fetch_jobs_dag.py for tasks to queue
[2025-07-18T12:46:37.467-0500] {logging_mixin.py:188} INFO - [2025-07-18T12:46:37.467-0500] {dagbag.py:545} INFO - Filling up the DagBag from /home/abhiram/jobtrak-stack/airflow/dags/jobtrak_fetch_jobs_dag.py
[2025-07-18T12:46:37.480-0500] {processor.py:840} INFO - DAG(s) 'jobtrak_fetch_jobs_dag' retrieved from /home/abhiram/jobtrak-stack/airflow/dags/jobtrak_fetch_jobs_dag.py
[2025-07-18T12:46:37.507-0500] {logging_mixin.py:188} INFO - [2025-07-18T12:46:37.507-0500] {dag.py:3096} INFO - Sync 1 DAGs
[2025-07-18T12:46:37.530-0500] {logging_mixin.py:188} INFO - [2025-07-18T12:46:37.530-0500] {dag.py:3954} INFO - Setting next_dagrun for jobtrak_fetch_jobs_dag to 2025-07-18 00:00:00+00:00, run_after=2025-07-19 00:00:00+00:00
[2025-07-18T12:46:37.554-0500] {processor.py:183} INFO - Processing /home/abhiram/jobtrak-stack/airflow/dags/jobtrak_fetch_jobs_dag.py took 0.123 seconds
[2025-07-18T12:47:08.284-0500] {processor.py:161} INFO - Started process (PID=5341) to work on /home/abhiram/jobtrak-stack/airflow/dags/jobtrak_fetch_jobs_dag.py
[2025-07-18T12:47:08.307-0500] {processor.py:830} INFO - Processing file /home/abhiram/jobtrak-stack/airflow/dags/jobtrak_fetch_jobs_dag.py for tasks to queue
[2025-07-18T12:47:08.309-0500] {logging_mixin.py:188} INFO - [2025-07-18T12:47:08.309-0500] {dagbag.py:545} INFO - Filling up the DagBag from /home/abhiram/jobtrak-stack/airflow/dags/jobtrak_fetch_jobs_dag.py
[2025-07-18T12:47:08.315-0500] {processor.py:840} INFO - DAG(s) 'jobtrak_fetch_jobs_dag' retrieved from /home/abhiram/jobtrak-stack/airflow/dags/jobtrak_fetch_jobs_dag.py
[2025-07-18T12:47:08.338-0500] {logging_mixin.py:188} INFO - [2025-07-18T12:47:08.338-0500] {dag.py:3096} INFO - Sync 1 DAGs
[2025-07-18T12:47:08.358-0500] {logging_mixin.py:188} INFO - [2025-07-18T12:47:08.358-0500] {dag.py:3954} INFO - Setting next_dagrun for jobtrak_fetch_jobs_dag to 2025-07-18 00:00:00+00:00, run_after=2025-07-19 00:00:00+00:00
[2025-07-18T12:47:08.380-0500] {processor.py:183} INFO - Processing /home/abhiram/jobtrak-stack/airflow/dags/jobtrak_fetch_jobs_dag.py took 0.102 seconds
[2025-07-18T12:47:38.990-0500] {processor.py:161} INFO - Started process (PID=5448) to work on /home/abhiram/jobtrak-stack/airflow/dags/jobtrak_fetch_jobs_dag.py
[2025-07-18T12:47:38.992-0500] {processor.py:830} INFO - Processing file /home/abhiram/jobtrak-stack/airflow/dags/jobtrak_fetch_jobs_dag.py for tasks to queue
[2025-07-18T12:47:38.993-0500] {logging_mixin.py:188} INFO - [2025-07-18T12:47:38.993-0500] {dagbag.py:545} INFO - Filling up the DagBag from /home/abhiram/jobtrak-stack/airflow/dags/jobtrak_fetch_jobs_dag.py
[2025-07-18T12:47:38.999-0500] {processor.py:840} INFO - DAG(s) 'jobtrak_fetch_jobs_dag' retrieved from /home/abhiram/jobtrak-stack/airflow/dags/jobtrak_fetch_jobs_dag.py
[2025-07-18T12:47:39.029-0500] {logging_mixin.py:188} INFO - [2025-07-18T12:47:39.028-0500] {dag.py:3096} INFO - Sync 1 DAGs
[2025-07-18T12:47:39.053-0500] {logging_mixin.py:188} INFO - [2025-07-18T12:47:39.052-0500] {dag.py:3954} INFO - Setting next_dagrun for jobtrak_fetch_jobs_dag to 2025-07-18 00:00:00+00:00, run_after=2025-07-19 00:00:00+00:00
[2025-07-18T12:47:39.085-0500] {processor.py:183} INFO - Processing /home/abhiram/jobtrak-stack/airflow/dags/jobtrak_fetch_jobs_dag.py took 0.106 seconds
[2025-07-18T12:48:09.374-0500] {processor.py:161} INFO - Started process (PID=5619) to work on /home/abhiram/jobtrak-stack/airflow/dags/jobtrak_fetch_jobs_dag.py
[2025-07-18T12:48:09.376-0500] {processor.py:830} INFO - Processing file /home/abhiram/jobtrak-stack/airflow/dags/jobtrak_fetch_jobs_dag.py for tasks to queue
[2025-07-18T12:48:09.378-0500] {logging_mixin.py:188} INFO - [2025-07-18T12:48:09.378-0500] {dagbag.py:545} INFO - Filling up the DagBag from /home/abhiram/jobtrak-stack/airflow/dags/jobtrak_fetch_jobs_dag.py
[2025-07-18T12:48:09.404-0500] {processor.py:840} INFO - DAG(s) 'jobtrak_fetch_jobs_dag' retrieved from /home/abhiram/jobtrak-stack/airflow/dags/jobtrak_fetch_jobs_dag.py
[2025-07-18T12:48:09.455-0500] {logging_mixin.py:188} INFO - [2025-07-18T12:48:09.455-0500] {dag.py:3096} INFO - Sync 1 DAGs
[2025-07-18T12:48:09.498-0500] {logging_mixin.py:188} INFO - [2025-07-18T12:48:09.497-0500] {dag.py:3954} INFO - Setting next_dagrun for jobtrak_fetch_jobs_dag to 2025-07-18 00:00:00+00:00, run_after=2025-07-19 00:00:00+00:00
[2025-07-18T12:48:09.520-0500] {processor.py:183} INFO - Processing /home/abhiram/jobtrak-stack/airflow/dags/jobtrak_fetch_jobs_dag.py took 0.163 seconds
[2025-07-18T12:48:40.193-0500] {processor.py:161} INFO - Started process (PID=5738) to work on /home/abhiram/jobtrak-stack/airflow/dags/jobtrak_fetch_jobs_dag.py
[2025-07-18T12:48:40.195-0500] {processor.py:830} INFO - Processing file /home/abhiram/jobtrak-stack/airflow/dags/jobtrak_fetch_jobs_dag.py for tasks to queue
[2025-07-18T12:48:40.197-0500] {logging_mixin.py:188} INFO - [2025-07-18T12:48:40.197-0500] {dagbag.py:545} INFO - Filling up the DagBag from /home/abhiram/jobtrak-stack/airflow/dags/jobtrak_fetch_jobs_dag.py
[2025-07-18T12:48:40.204-0500] {processor.py:840} INFO - DAG(s) 'jobtrak_fetch_jobs_dag' retrieved from /home/abhiram/jobtrak-stack/airflow/dags/jobtrak_fetch_jobs_dag.py
[2025-07-18T12:48:40.230-0500] {logging_mixin.py:188} INFO - [2025-07-18T12:48:40.230-0500] {dag.py:3096} INFO - Sync 1 DAGs
[2025-07-18T12:48:40.251-0500] {logging_mixin.py:188} INFO - [2025-07-18T12:48:40.251-0500] {dag.py:3954} INFO - Setting next_dagrun for jobtrak_fetch_jobs_dag to 2025-07-18 00:00:00+00:00, run_after=2025-07-19 00:00:00+00:00
[2025-07-18T12:48:40.273-0500] {processor.py:183} INFO - Processing /home/abhiram/jobtrak-stack/airflow/dags/jobtrak_fetch_jobs_dag.py took 0.087 seconds
[2025-07-18T12:49:10.773-0500] {processor.py:161} INFO - Started process (PID=5846) to work on /home/abhiram/jobtrak-stack/airflow/dags/jobtrak_fetch_jobs_dag.py
[2025-07-18T12:49:10.806-0500] {processor.py:830} INFO - Processing file /home/abhiram/jobtrak-stack/airflow/dags/jobtrak_fetch_jobs_dag.py for tasks to queue
[2025-07-18T12:49:10.808-0500] {logging_mixin.py:188} INFO - [2025-07-18T12:49:10.808-0500] {dagbag.py:545} INFO - Filling up the DagBag from /home/abhiram/jobtrak-stack/airflow/dags/jobtrak_fetch_jobs_dag.py
[2025-07-18T12:49:10.816-0500] {processor.py:840} INFO - DAG(s) 'jobtrak_fetch_jobs_dag' retrieved from /home/abhiram/jobtrak-stack/airflow/dags/jobtrak_fetch_jobs_dag.py
[2025-07-18T12:49:10.840-0500] {logging_mixin.py:188} INFO - [2025-07-18T12:49:10.840-0500] {dag.py:3096} INFO - Sync 1 DAGs
[2025-07-18T12:49:10.861-0500] {logging_mixin.py:188} INFO - [2025-07-18T12:49:10.860-0500] {dag.py:3954} INFO - Setting next_dagrun for jobtrak_fetch_jobs_dag to 2025-07-18 00:00:00+00:00, run_after=2025-07-19 00:00:00+00:00
[2025-07-18T12:49:10.883-0500] {processor.py:183} INFO - Processing /home/abhiram/jobtrak-stack/airflow/dags/jobtrak_fetch_jobs_dag.py took 0.123 seconds
